MPASM  5.37                           PWM.ASM   12-28-2010  15:07:16         PAGE  1


LOC  OBJECT CODE     LINE SOURCE TEXT
  VALUE

Warning[205]: Found directive in column 1. (LIST)
                      00001 LIST P=16F877
Warning[205]: Found directive in column 1. (INCLUDE)
                      00002 INCLUDE "P16F877.INC"
                      00001         LIST
                      00002 ; P16F877.INC  Standard Header File, Version 1.00    Microchip Technology, Inc.
                      00373         LIST
                      00003 
  00000020            00004 PWM_DEGER equ 0x20
  00000021            00005 SAY_0 equ 0x21
  00000022            00006 SAY_1 equ 0x22
  00000023            00007 TEMP equ 0x23
                      00008 
Warning[205]: Found directive in column 1. (org)
0000                  00009 org 0x000
                      00010 
0000   1683 1303      00011         BANKSEL ADCON1
0002   3006           00012         MOVLW 0X06
Message[302]: Register in operand not in bank 0.  Ensure that bank bits are correct.
0003   009F           00013         MOVWF ADCON1
                      00014 
0004   1283 1303      00015         banksel PORTA
0006   0185           00016         clrf PORTA
                      00017 
0007   1683 1303      00018         banksel TRISC
Message[302]: Register in operand not in bank 0.  Ensure that bank bits are correct.
0009   1107           00019         bcf TRISC,2
                      00020 
000A   1683 1303      00021         banksel TRISA
000C   30FF           00022         movlw b'11111111'
Message[302]: Register in operand not in bank 0.  Ensure that bank bits are correct.
000D   0085           00023         movwf TRISA
                      00024 
000E   1283 1303      00025         banksel CCP1CON
0010   300C           00026         movlw b'00001100'
0011   0097           00027         movwf CCP1CON
                      00028         
0012   1283 1303      00029         banksel CCPR1L
0014   0195           00030         clrf CCPR1L
                      00031 
0015   1683 1303      00032         banksel PR2
0017   3018           00033         movlw d'24'
Message[302]: Register in operand not in bank 0.  Ensure that bank bits are correct.
0018   0092           00034         movwf PR2
                      00035         
0019   1283 1303      00036         banksel PWM_DEGER
001B   3032           00037         movlw d'50'
001C   00A0           00038         movwf PWM_DEGER
                      00039 
001D   1283 1303      00040         banksel T2CON
001F   3006           00041         movlw b'00000110'
0020   0092           00042         movwf T2CON
0021   203B           00043         call AYARLA
MPASM  5.37                           PWM.ASM   12-28-2010  15:07:16         PAGE  2


LOC  OBJECT CODE     LINE SOURCE TEXT
  VALUE

                      00044 
0022                  00045 TUS_KONTROL
0022   1283 1303      00046         banksel PORTA
                      00047 
0024   1805           00048         btfsc PORTA,0
0025   2029           00049         call HIZLAN
                      00050 
0026   1885           00051         btfsc PORTA,1
0027   2032           00052         call YAVASLA
                      00053         
0028   2822           00054         goto TUS_KONTROL
                      00055 
0029                  00056 HIZLAN
0029   1283 1303      00057         banksel PWM_DEGER
002B   3064           00058         movlw d'100'
002C   0220           00059         subwf PWM_DEGER,W
                      00060 
002D   1C03           00061         btfss STATUS,C
002E   0AA0           00062         incf PWM_DEGER,F
002F   203B           00063         call AYARLA
                      00064 
0030   2051           00065         call BEKLE
0031   0008           00066         return
                      00067 
0032                  00068 YAVASLA
0032   1283 1303      00069         banksel PWM_DEGER
0034   0820           00070         movf PWM_DEGER,W
0035   3C00           00071         sublw b'00000000'
                      00072 
0036   1C03           00073         btfss STATUS,C
0037   03A0           00074         decf PWM_DEGER,F
0038   203B           00075         call AYARLA
                      00076 
0039   2051           00077         call BEKLE
003A   0008           00078         return
                      00079 
003B                  00080 AYARLA
003B   1283 1303      00081         banksel PWM_DEGER
003D   0820           00082         movf PWM_DEGER,W
                      00083 
003E   1283 1303      00084         banksel TEMP
0040   3903           00085         andlw b'00000011'
0041   00A3           00086         movwf TEMP
0042   0E23           00087         swapf TEMP,W
0043   39F0           00088         andlw b'11110000'
0044   380C           00089         iorlw b'00001100'
                      00090         
0045   1283 1303      00091         banksel CCP1CON
0047   0097           00092         movwf CCP1CON
                      00093         
0048   1283 1303      00094         banksel PWM_DEGER
004A   0820           00095         movf PWM_DEGER,W
004B   00A3           00096         movwf TEMP
MPASM  5.37                           PWM.ASM   12-28-2010  15:07:16         PAGE  3


LOC  OBJECT CODE     LINE SOURCE TEXT
  VALUE

004C   0CA3           00097         rrf TEMP,F
004D   0C23           00098         rrf TEMP,W
004E   393F           00099         andlw b'00111111'
004F   0095           00100         movwf CCPR1L
0050   0008           00101         return
                      00102 
0051                  00103 BEKLE
0051   1283 1303      00104         banksel SAY_0
0053   30FF           00105         movlw 0xFF
0054   00A2           00106         movwf SAY_1
                      00107 
0055   0BA1           00108         decfsz SAY_0,1
0056   285A           00109         goto BEKLE_SUB
                      00110         
0057   30FF           00111         movlw 0xFF
0058   00A1           00112         movwf SAY_0
                      00113 
0059   0008           00114         return
                      00115 
005A                  00116 BEKLE_SUB
005A   0BA2           00117         decfsz SAY_1,1
005B   285A           00118         goto BEKLE_SUB
005C   2851           00119         goto BEKLE
                      00120 
Warning[205]: Found directive in column 1. (end)
                      00121 end
MPASM  5.37                           PWM.ASM   12-28-2010  15:07:16         PAGE  4


SYMBOL TABLE
  LABEL                             VALUE 

ACKDT                             00000005
ACKEN                             00000004
ACKSTAT                           00000006
ADCON0                            0000001F
ADCON1                            0000009F
ADCS0                             00000006
ADCS1                             00000007
ADDEN                             00000003
ADFM                              00000007
ADIE                              00000006
ADIF                              00000006
ADON                              00000000
ADRESH                            0000001E
ADRESL                            0000009E
AYARLA                            0000003B
BCLIE                             00000003
BCLIF                             00000003
BEKLE                             00000051
BEKLE_SUB                         0000005A
BF                                00000000
BRGH                              00000002
C                                 00000000
CCP1CON                           00000017
CCP1IE                            00000002
CCP1IF                            00000002
CCP1M0                            00000000
CCP1M1                            00000001
CCP1M2                            00000002
CCP1M3                            00000003
CCP1X                             00000005
CCP1Y                             00000004
CCP2CON                           0000001D
CCP2IE                            00000000
CCP2IF                            00000000
CCP2M0                            00000000
CCP2M1                            00000001
CCP2M2                            00000002
CCP2M3                            00000003
CCP2X                             00000005
CCP2Y                             00000004
CCPR1H                            00000016
CCPR1L                            00000015
CCPR2H                            0000001C
CCPR2L                            0000001B
CHS0                              00000003
CHS1                              00000004
CHS2                              00000005
CKE                               00000006
CKP                               00000004
CREN                              00000004
CSRC                              00000007
D                                 00000005
DATA_ADDRESS                      00000005
MPASM  5.37                           PWM.ASM   12-28-2010  15:07:16         PAGE  5


SYMBOL TABLE
  LABEL                             VALUE 

DC                                00000001
D_A                               00000005
EEADR                             0000010D
EEADRH                            0000010F
EECON1                            0000018C
EECON2                            0000018D
EEDATA                            0000010C
EEDATH                            0000010E
EEIE                              00000004
EEIF                              00000004
EEPGD                             00000007
F                                 00000001
FERR                              00000002
FSR                               00000004
GCEN                              00000007
GIE                               00000007
GO                                00000002
GO_DONE                           00000002
HIZLAN                            00000029
I2C_DATA                          00000005
I2C_READ                          00000002
I2C_START                         00000003
I2C_STOP                          00000004
IBF                               00000007
IBOV                              00000005
INDF                              00000000
INTCON                            0000000B
INTE                              00000004
INTEDG                            00000006
INTF                              00000001
IRP                               00000007
NOT_A                             00000005
NOT_ADDRESS                       00000005
NOT_BO                            00000000
NOT_BOR                           00000000
NOT_DONE                          00000002
NOT_PD                            00000003
NOT_POR                           00000001
NOT_RBPU                          00000007
NOT_RC8                           00000006
NOT_T1SYNC                        00000002
NOT_TO                            00000004
NOT_TX8                           00000006
NOT_W                             00000002
NOT_WRITE                         00000002
OBF                               00000006
OERR                              00000001
OPTION_REG                        00000081
P                                 00000004
PCFG0                             00000000
PCFG1                             00000001
PCFG2                             00000002
PCFG3                             00000003
MPASM  5.37                           PWM.ASM   12-28-2010  15:07:16         PAGE  6


SYMBOL TABLE
  LABEL                             VALUE 

PCL                               00000002
PCLATH                            0000000A
PCON                              0000008E
PEIE                              00000006
PEN                               00000002
PIE1                              0000008C
PIE2                              0000008D
PIR1                              0000000C
PIR2                              0000000D
PORTA                             00000005
PORTB                             00000006
PORTC                             00000007
PORTD                             00000008
PORTE                             00000009
PR2                               00000092
PS0                               00000000
PS1                               00000001
PS2                               00000002
PSA                               00000003
PSPIE                             00000007
PSPIF                             00000007
PSPMODE                           00000004
PWM_DEGER                         00000020
R                                 00000002
RBIE                              00000003
RBIF                              00000000
RC8_9                             00000006
RC9                               00000006
RCD8                              00000000
RCEN                              00000003
RCIE                              00000005
RCIF                              00000005
RCREG                             0000001A
RCSTA                             00000018
RD                                00000000
READ_WRITE                        00000002
RP0                               00000005
RP1                               00000006
RSEN                              00000001
RX9                               00000006
RX9D                              00000000
R_W                               00000002
S                                 00000003
SAY_0                             00000021
SAY_1                             00000022
SEN                               00000000
SMP                               00000007
SPBRG                             00000099
SPEN                              00000007
SREN                              00000005
SSPADD                            00000093
SSPBUF                            00000013
SSPCON                            00000014
MPASM  5.37                           PWM.ASM   12-28-2010  15:07:16         PAGE  7


SYMBOL TABLE
  LABEL                             VALUE 

SSPCON2                           00000091
SSPEN                             00000005
SSPIE                             00000003
SSPIF                             00000003
SSPM0                             00000000
SSPM1                             00000001
SSPM2                             00000002
SSPM3                             00000003
SSPOV                             00000006
SSPSTAT                           00000094
STATUS                            00000003
SYNC                              00000004
T0CS                              00000005
T0IE                              00000005
T0IF                              00000002
T0SE                              00000004
T1CKPS0                           00000004
T1CKPS1                           00000005
T1CON                             00000010
T1INSYNC                          00000002
T1OSCEN                           00000003
T1SYNC                            00000002
T2CKPS0                           00000000
T2CKPS1                           00000001
T2CON                             00000012
TEMP                              00000023
TMR0                              00000001
TMR1CS                            00000001
TMR1H                             0000000F
TMR1IE                            00000000
TMR1IF                            00000000
TMR1L                             0000000E
TMR1ON                            00000000
TMR2                              00000011
TMR2IE                            00000001
TMR2IF                            00000001
TMR2ON                            00000002
TOUTPS0                           00000003
TOUTPS1                           00000004
TOUTPS2                           00000005
TOUTPS3                           00000006
TRISA                             00000085
TRISB                             00000086
TRISC                             00000087
TRISD                             00000088
TRISE                             00000089
TRISE0                            00000000
TRISE1                            00000001
TRISE2                            00000002
TRMT                              00000001
TUS_KONTROL                       00000022
TX8_9                             00000006
TX9                               00000006
MPASM  5.37                           PWM.ASM   12-28-2010  15:07:16         PAGE  8


SYMBOL TABLE
  LABEL                             VALUE 

TX9D                              00000000
TXD8                              00000000
TXEN                              00000005
TXIE                              00000004
TXIF                              00000004
TXREG                             00000019
TXSTA                             00000098
UA                                00000001
W                                 00000000
WCOL                              00000007
WR                                00000001
WREN                              00000002
WRERR                             00000003
YAVASLA                           00000032
Z                                 00000002
_BODEN_OFF                        00003FBF
_BODEN_ON                         00003FFF
_CPD_OFF                          00003FFF
_CPD_ON                           00003EFF
_CP_ALL                           00000FCF
_CP_HALF                          00001FDF
_CP_OFF                           00003FFF
_CP_UPPER_256                     00002FEF
_DEBUG_OFF                        00003FFF
_DEBUG_ON                         000037FF
_HS_OSC                           00003FFE
_LP_OSC                           00003FFC
_LVP_OFF                          00003F7F
_LVP_ON                           00003FFF
_PWRTE_OFF                        00003FFF
_PWRTE_ON                         00003FF7
_RC_OSC                           00003FFF
_WDT_OFF                          00003FFB
_WDT_ON                           00003FFF
_WRT_ENABLE_OFF                   00003DFF
_WRT_ENABLE_ON                    00003FFF
_XT_OSC                           00003FFD
__16F877                          00000001
__DEBUG                           1


MEMORY USAGE MAP ('X' = Used,  '-' = Unused)

0000 : XXXXXXXXXXXXXXXX XXXXXXXXXXXXXXXX XXXXXXXXXXXXXXXX XXXXXXXXXXXXXXXX
0040 : XXXXXXXXXXXXXXXX XXXXXXXXXXXXX--- ---------------- ----------------

All other memory blocks unused.

Program Memory Words Used:    93
Program Memory Words Free:  8099

MPASM  5.37                           PWM.ASM   12-28-2010  15:07:16         PAGE  9






Errors   :     0
Warnings :     4 reported,     0 suppressed
Messages :     4 reported,     0 suppressed

