MPASM  5.42                      RBCHANGE.ASM   1-25-2012  2:20:58         PAGE  1


LOC  OBJECT CODE     LINE SOURCE TEXT
  VALUE

Warning[205]: Found directive in column 1. (list)
                      00001 list p=16f877a
Warning[205]: Found directive in column 1. (include)
                      00002 include "p16f877a.inc"
                      00001         LIST
                      00002 
                      00003 ;==========================================================================
                      00004 ;  MPASM PIC16F877A processor include
                      00005 ; 
                      00006 ;  (c) Copyright 1999-2011 Microchip Technology, All rights reserved
                      00007 ;==========================================================================
                      00008 
                      00555         LIST
  00000022            00003 SAYAC1 EQU 0x22
  00000023            00004 SAYAC2 EQU 0x23
  00000024            00005 SAY1 EQU 0x24
  00000025            00006 SAY2 EQU 0x25
  00000026            00007 SAY3 EQU 0x26
  00000027            00008 SAY4 EQU 0x27
                      00009 
                      00010 
Warning[205]: Found directive in column 1. (org)
0000                  00011 org 0
Warning[203]: Found opcode in column 1. (goto)
0000   2848           00012 goto ANA 
Warning[205]: Found directive in column 1. (ORG)
0004                  00013 ORG 4
0004                  00014 KESME
Warning[203]: Found opcode in column 1. (BTFSS)
0004   1C0B           00015 BTFSS INTCON,0
Warning[203]: Found opcode in column 1. (RETFIE)
0005   0009           00016 RETFIE
0006                  00017 DORT 
Warning[203]: Found opcode in column 1. (BTFSC)
0006   1A06           00018 BTFSC PORTB,4
Warning[203]: Found opcode in column 1. (GOTO)
0007   2811           00019 GOTO BES
Warning[205]: Found directive in column 1. (BANKSEL)
0008   1283 1303      00020 BANKSEL SAY1
Warning[203]: Found opcode in column 1. (INCF)
000A   0AA4           00021 INCF SAY1,F
Warning[203]: Found opcode in column 1. (MOVF)
000B   0824           00022 MOVF SAY1,W
Warning[203]: Found opcode in column 1. (XORLW)
000C   3A0A           00023 XORLW D'10'
Warning[203]: Found opcode in column 1. (BTFSS)
000D   1D03           00024 BTFSS STATUS,2
Warning[203]: Found opcode in column 1. (GOTO)
000E   2832           00025 GOTO SON
Warning[203]: Found opcode in column 1. (CLRF)
000F   01A4           00026 CLRF SAY1
Warning[203]: Found opcode in column 1. (GOTO)
0010   2832           00027 GOTO SON
MPASM  5.42                      RBCHANGE.ASM   1-25-2012  2:20:58         PAGE  2


LOC  OBJECT CODE     LINE SOURCE TEXT
  VALUE

0011                  00028 BES 
Warning[203]: Found opcode in column 1. (BTFSC)
0011   1A86           00029 BTFSC PORTB,5
Warning[203]: Found opcode in column 1. (GOTO)
0012   281C           00030 GOTO ALTI
Warning[205]: Found directive in column 1. (BANKSEL)
0013   1283 1303      00031 BANKSEL SAY2
Warning[203]: Found opcode in column 1. (INCF)
0015   0AA5           00032 INCF SAY2,F
Warning[203]: Found opcode in column 1. (MOVF)
0016   0825           00033 MOVF SAY2,W
Warning[203]: Found opcode in column 1. (XORLW)
0017   3A0A           00034 XORLW D'10'
Warning[203]: Found opcode in column 1. (BTFSS)
0018   1D03           00035 BTFSS STATUS,2
Warning[203]: Found opcode in column 1. (GOTO)
0019   2832           00036 GOTO SON
Warning[203]: Found opcode in column 1. (CLRF)
001A   01A5           00037 CLRF SAY2
Warning[203]: Found opcode in column 1. (GOTO)
001B   2832           00038 GOTO SON
001C                  00039 ALTI
Warning[203]: Found opcode in column 1. (BTFSC)
001C   1B06           00040 BTFSC PORTB,6
Warning[203]: Found opcode in column 1. (GOTO)
001D   2827           00041 GOTO YEDI
Warning[205]: Found directive in column 1. (BANKSEL)
001E   1283 1303      00042 BANKSEL SAY3
Warning[203]: Found opcode in column 1. (INCF)
0020   0AA6           00043 INCF SAY3,F
Warning[203]: Found opcode in column 1. (MOVF)
0021   0826           00044 MOVF SAY3,W
Warning[203]: Found opcode in column 1. (XORLW)
0022   3A0A           00045 XORLW D'10'
Warning[203]: Found opcode in column 1. (BTFSS)
0023   1D03           00046 BTFSS STATUS,2
Warning[203]: Found opcode in column 1. (GOTO)
0024   2832           00047 GOTO SON
Warning[203]: Found opcode in column 1. (CLRF)
0025   01A6           00048 CLRF SAY3
Warning[203]: Found opcode in column 1. (GOTO)
0026   2832           00049 GOTO SON
                      00050 
0027                  00051 YEDI
Warning[203]: Found opcode in column 1. (BTFSC)
0027   1B86           00052 BTFSC PORTB,7
Warning[203]: Found opcode in column 1. (GOTO)
0028   2832           00053 GOTO SON
Warning[205]: Found directive in column 1. (BANKSEL)
0029   1283 1303      00054 BANKSEL SAY4
Warning[203]: Found opcode in column 1. (INCF)
002B   0AA7           00055 INCF SAY4,F
Warning[203]: Found opcode in column 1. (MOVF)
MPASM  5.42                      RBCHANGE.ASM   1-25-2012  2:20:58         PAGE  3


LOC  OBJECT CODE     LINE SOURCE TEXT
  VALUE

002C   0827           00056 MOVF SAY4,W
Warning[203]: Found opcode in column 1. (XORLW)
002D   3A0A           00057 XORLW D'10'
Warning[203]: Found opcode in column 1. (BTFSS)
002E   1D03           00058 BTFSS STATUS,2
Warning[203]: Found opcode in column 1. (GOTO)
002F   2832           00059 GOTO SON
Warning[203]: Found opcode in column 1. (CLRF)
0030   01A7           00060 CLRF SAY4
Warning[203]: Found opcode in column 1. (GOTO)
0031   2832           00061 GOTO SON
                      00062 
0032                  00063 SON
Warning[203]: Found opcode in column 1. (BCF)
0032   100B           00064 BCF INTCON,0
Warning[203]: Found opcode in column 1. (RETFIE)
0033   0009           00065 RETFIE
0034                  00066 TABLO 
Warning[203]: Found opcode in column 1. (ADDWF)
0034   0782           00067 ADDWF PCL,F
Warning[203]: Found opcode in column 1. (RETLW)
0035   343F           00068 RETLW H'3F'
Warning[203]: Found opcode in column 1. (RETLW)
0036   3406           00069 RETLW H'06'
Warning[203]: Found opcode in column 1. (RETLW)
0037   345B           00070 RETLW H'5B'
Warning[203]: Found opcode in column 1. (RETLW)
0038   344F           00071 RETLW H'4F'
Warning[203]: Found opcode in column 1. (RETLW)
0039   3466           00072 RETLW H'66'
Warning[203]: Found opcode in column 1. (RETLW)
003A   346D           00073 RETLW H'6D'
Warning[203]: Found opcode in column 1. (RETLW)
003B   347D           00074 RETLW H'7D'
Warning[203]: Found opcode in column 1. (RETLW)
003C   3407           00075 RETLW H'07'
Warning[203]: Found opcode in column 1. (RETLW)
003D   347F           00076 RETLW H'7F'
Warning[203]: Found opcode in column 1. (RETLW)
003E   346F           00077 RETLW H'6F'
003F                  00078 GECIK
Warning[203]: Found opcode in column 1. (MOVLW)
003F   3008           00079 MOVLW H'08'
Warning[203]: Found opcode in column 1. (MOVWF)
0040   00A2           00080 MOVWF SAYAC1
0041                  00081 DON
                      00082 
Warning[203]: Found opcode in column 1. (MOVLW)
0041   3008           00083 MOVLW H'08'
Warning[203]: Found opcode in column 1. (MOVWF)
0042   00A3           00084 MOVWF SAYAC2
0043                  00085 DON1
Warning[203]: Found opcode in column 1. (DECFSZ)
MPASM  5.42                      RBCHANGE.ASM   1-25-2012  2:20:58         PAGE  4


LOC  OBJECT CODE     LINE SOURCE TEXT
  VALUE

0043   0BA3           00086 DECFSZ SAYAC2,F
Warning[203]: Found opcode in column 1. (GOTO)
0044   2843           00087 GOTO DON1
Warning[203]: Found opcode in column 1. (DECFSZ)
0045   0BA2           00088 DECFSZ SAYAC1,F
Warning[203]: Found opcode in column 1. (GOTO)
0046   2841           00089 GOTO DON
Warning[203]: Found opcode in column 1. (RETURN)
0047   0008           00090 RETURN
                      00091 
                      00092 
                      00093 
                      00094 
                      00095 
                      00096 
                      00097 
0048                  00098 ANA 
Warning[205]: Found directive in column 1. (BANKSEL)
0048   1683 1303      00099 BANKSEL TRISA
Warning[203]: Found opcode in column 1. (CLRF)
Message[302]: Register in operand not in bank 0.  Ensure that bank bits are correct.
004A   0185           00100 CLRF TRISA
Warning[205]: Found directive in column 1. (BANKSEL)
004B   1283 1303      00101 BANKSEL PORTA
Warning[203]: Found opcode in column 1. (CLRF)
004D   0185           00102 CLRF PORTA
Warning[203]: Found opcode in column 1. (MOVLW)
004E   300F           00103 MOVLW H'0F'
Warning[203]: Found opcode in column 1. (MOVWF)
004F   0085           00104 MOVWF PORTA
Warning[205]: Found directive in column 1. (BANKSEL)
0050   1683 1303      00105 BANKSEL TRISD 
Warning[203]: Found opcode in column 1. (CLRF)
Message[302]: Register in operand not in bank 0.  Ensure that bank bits are correct.
0052   0188           00106 CLRF TRISD
Warning[205]: Found directive in column 1. (BANKSEL)
0053   1283 1303      00107 BANKSEL PORTD
0055   0188           00108  CLRF PORTD
Warning[205]: Found directive in column 1. (BANKSEL)
0056   1683 1303      00109 BANKSEL TRISB
Warning[203]: Found opcode in column 1. (MOVLW)
0058   30F0           00110 MOVLW H'F0'
Warning[203]: Found opcode in column 1. (MOVWF)
Message[302]: Register in operand not in bank 0.  Ensure that bank bits are correct.
0059   0086           00111 MOVWF TRISB
Warning[205]: Found directive in column 1. (BANKSEL)
005A   1283 1303      00112 BANKSEL PORTB
Warning[203]: Found opcode in column 1. (CLRF)
005C   0186           00113 CLRF PORTB
Warning[205]: Found directive in column 1. (BANKSEL)
005D   1283 1303      00114 BANKSEL INTCON
Warning[203]: Found opcode in column 1. (MOVLW)
005F   3088           00115 MOVLW B'10001000'
MPASM  5.42                      RBCHANGE.ASM   1-25-2012  2:20:58         PAGE  5


LOC  OBJECT CODE     LINE SOURCE TEXT
  VALUE

Warning[203]: Found opcode in column 1. (MOVWF)
0060   008B           00116 MOVWF INTCON
Warning[205]: Found directive in column 1. (BANKSEL)
0061   1283 1303      00117 BANKSEL SAY1
Warning[203]: Found opcode in column 1. (CLRF)
0063   01A4           00118 CLRF SAY1
Warning[203]: Found opcode in column 1. (CLRF)
0064   01A5           00119 CLRF SAY2
Warning[203]: Found opcode in column 1. (CLRF)
0065   01A6           00120 CLRF SAY3
Warning[203]: Found opcode in column 1. (CLRF)
0066   01A7           00121 CLRF SAY4
Warning[203]: Found opcode in column 1. (CLRF)
0067   01A2           00122 CLRF SAYAC1
Warning[203]: Found opcode in column 1. (CLRF)
0068   01A3           00123 CLRF SAYAC2
0069                  00124 DONGU 
Warning[203]: Found opcode in column 1. (CALL)
0069   203F           00125 CALL GECIK
Warning[205]: Found directive in column 1. (BANKSEL)
006A   1283 1303      00126 BANKSEL PORTA
Warning[203]: Found opcode in column 1. (MOVLW)
006C   3001           00127 MOVLW H'01'
Warning[203]: Found opcode in column 1. (MOVWF)
006D   0085           00128 MOVWF PORTA
Warning[205]: Found directive in column 1. (BANKSEL)
006E   1283 1303      00129 BANKSEL SAY1
Warning[203]: Found opcode in column 1. (MOVF)
0070   0824           00130 MOVF SAY1,W
Warning[203]: Found opcode in column 1. (CALL)
0071   2034           00131 CALL TABLO
Warning[203]: Found opcode in column 1. (MOVWF)
0072   0088           00132 MOVWF PORTD
Warning[203]: Found opcode in column 1. (CALL)
0073   203F           00133 CALL GECIK
Warning[205]: Found directive in column 1. (BANKSEL)
0074   1283 1303      00134 BANKSEL PORTA
Warning[203]: Found opcode in column 1. (MOVLW)
0076   3002           00135 MOVLW H'02'
Warning[203]: Found opcode in column 1. (MOVWF)
0077   0085           00136 MOVWF PORTA
Warning[205]: Found directive in column 1. (BANKSEL)
0078   1283 1303      00137 BANKSEL SAY2
Warning[203]: Found opcode in column 1. (MOVF)
007A   0825           00138 MOVF SAY2,W
Warning[203]: Found opcode in column 1. (CALL)
007B   2034           00139 CALL TABLO
Warning[203]: Found opcode in column 1. (MOVWF)
007C   0088           00140 MOVWF PORTD
Warning[203]: Found opcode in column 1. (CALL)
007D   203F           00141 CALL GECIK
Warning[205]: Found directive in column 1. (BANKSEL)
007E   1283 1303      00142 BANKSEL PORTA
MPASM  5.42                      RBCHANGE.ASM   1-25-2012  2:20:58         PAGE  6


LOC  OBJECT CODE     LINE SOURCE TEXT
  VALUE

Warning[203]: Found opcode in column 1. (MOVLW)
0080   3004           00143 MOVLW H'04'
Warning[203]: Found opcode in column 1. (MOVWF)
0081   0085           00144 MOVWF PORTA
Warning[205]: Found directive in column 1. (BANKSEL)
0082   1283 1303      00145 BANKSEL SAY3
Warning[203]: Found opcode in column 1. (MOVF)
0084   0826           00146 MOVF SAY3,W
Warning[203]: Found opcode in column 1. (CALL)
0085   2034           00147 CALL TABLO
Warning[203]: Found opcode in column 1. (MOVWF)
0086   0088           00148 MOVWF PORTD
Warning[203]: Found opcode in column 1. (CALL)
0087   203F           00149 CALL GECIK
Warning[205]: Found directive in column 1. (BANKSEL)
0088   1283 1303      00150 BANKSEL PORTA
Warning[203]: Found opcode in column 1. (MOVLW)
008A   3008           00151 MOVLW H'08'
Warning[203]: Found opcode in column 1. (MOVWF)
008B   0085           00152 MOVWF PORTA
Warning[205]: Found directive in column 1. (BANKSEL)
008C   1283 1303      00153 BANKSEL SAY4
Warning[203]: Found opcode in column 1. (MOVF)
008E   0827           00154 MOVF SAY4,W
Warning[203]: Found opcode in column 1. (CALL)
008F   2034           00155 CALL TABLO
Warning[203]: Found opcode in column 1. (MOVWF)
0090   0088           00156 MOVWF PORTD
                      00157 
                      00158 
                      00159 
                      00160 
Warning[203]: Found opcode in column 1. (GOTO)
0091   2869           00161 GOTO DONGU
Warning[205]: Found directive in column 1. (END)
                      00162 END
MPASM  5.42                      RBCHANGE.ASM   1-25-2012  2:20:58         PAGE  7


SYMBOL TABLE
  LABEL                             VALUE 

ACKDT                             00000005
ACKEN                             00000004
ACKSTAT                           00000006
ADCON0                            0000001F
ADCON1                            0000009F
ADCS0                             00000006
ADCS1                             00000007
ADCS2                             00000006
ADDEN                             00000003
ADFM                              00000007
ADIE                              00000006
ADIF                              00000006
ADON                              00000000
ADRESH                            0000001E
ADRESL                            0000009E
ALTI                              0000001C
ANA                               00000048
BCLIE                             00000003
BCLIF                             00000003
BES                               00000011
BF                                00000000
BRGH                              00000002
C                                 00000000
C1INV                             00000004
C1OUT                             00000006
C2INV                             00000005
C2OUT                             00000007
CCP1CON                           00000017
CCP1IE                            00000002
CCP1IF                            00000002
CCP1M0                            00000000
CCP1M1                            00000001
CCP1M2                            00000002
CCP1M3                            00000003
CCP1X                             00000005
CCP1Y                             00000004
CCP2CON                           0000001D
CCP2IE                            00000000
CCP2IF                            00000000
CCP2M0                            00000000
CCP2M1                            00000001
CCP2M2                            00000002
CCP2M3                            00000003
CCP2X                             00000005
CCP2Y                             00000004
CCPR1                             00000015
CCPR1H                            00000016
CCPR1L                            00000015
CCPR2                             0000001B
CCPR2H                            0000001C
CCPR2L                            0000001B
CHS0                              00000003
CHS1                              00000004
MPASM  5.42                      RBCHANGE.ASM   1-25-2012  2:20:58         PAGE  8


SYMBOL TABLE
  LABEL                             VALUE 

CHS2                              00000005
CIS                               00000003
CKE                               00000006
CKP                               00000004
CM0                               00000000
CM1                               00000001
CM2                               00000002
CMCON                             0000009C
CMIE                              00000006
CMIF                              00000006
CREN                              00000004
CSRC                              00000007
CVR0                              00000000
CVR1                              00000001
CVR2                              00000002
CVR3                              00000003
CVRCON                            0000009D
CVREN                             00000007
CVROE                             00000006
CVRR                              00000005
D                                 00000005
DATA_ADDRESS                      00000005
DC                                00000001
DON                               00000041
DON1                              00000043
DONGU                             00000069
DORT                              00000006
D_A                               00000005
D_NOT_A                           00000005
EEADR                             0000010D
EEADRH                            0000010F
EECON1                            0000018C
EECON2                            0000018D
EEDATA                            0000010C
EEDATH                            0000010E
EEIE                              00000004
EEIF                              00000004
EEPGD                             00000007
F                                 00000001
FERR                              00000002
FSR                               00000004
GCEN                              00000007
GECIK                             0000003F
GIE                               00000007
GO                                00000002
GO_DONE                           00000002
GO_NOT_DONE                       00000002
I2C_DATA                          00000005
I2C_READ                          00000002
I2C_START                         00000003
I2C_STOP                          00000004
IBF                               00000007
IBOV                              00000005
MPASM  5.42                      RBCHANGE.ASM   1-25-2012  2:20:58         PAGE  9


SYMBOL TABLE
  LABEL                             VALUE 

INDF                              00000000
INTCON                            0000000B
INTE                              00000004
INTEDG                            00000006
INTF                              00000001
IRP                               00000007
KESME                             00000004
NOT_A                             00000005
NOT_ADDRESS                       00000005
NOT_BO                            00000000
NOT_BOR                           00000000
NOT_DONE                          00000002
NOT_PD                            00000003
NOT_POR                           00000001
NOT_RBPU                          00000007
NOT_RC8                           00000006
NOT_T1SYNC                        00000002
NOT_TO                            00000004
NOT_TX8                           00000006
NOT_W                             00000002
NOT_WRITE                         00000002
OBF                               00000006
OERR                              00000001
OPTION_REG                        00000081
P                                 00000004
PCFG0                             00000000
PCFG1                             00000001
PCFG2                             00000002
PCFG3                             00000003
PCL                               00000002
PCLATH                            0000000A
PCON                              0000008E
PEIE                              00000006
PEN                               00000002
PIE1                              0000008C
PIE2                              0000008D
PIR1                              0000000C
PIR2                              0000000D
PORTA                             00000005
PORTB                             00000006
PORTC                             00000007
PORTD                             00000008
PORTE                             00000009
PR2                               00000092
PS0                               00000000
PS1                               00000001
PS2                               00000002
PSA                               00000003
PSPIE                             00000007
PSPIF                             00000007
PSPMODE                           00000004
R                                 00000002
RA0                               00000000
MPASM  5.42                      RBCHANGE.ASM   1-25-2012  2:20:58         PAGE 10


SYMBOL TABLE
  LABEL                             VALUE 

RA1                               00000001
RA2                               00000002
RA3                               00000003
RA4                               00000004
RA5                               00000005
RB0                               00000000
RB1                               00000001
RB2                               00000002
RB3                               00000003
RB4                               00000004
RB5                               00000005
RB6                               00000006
RB7                               00000007
RBIE                              00000003
RBIF                              00000000
RC0                               00000000
RC1                               00000001
RC2                               00000002
RC3                               00000003
RC4                               00000004
RC5                               00000005
RC6                               00000006
RC7                               00000007
RC8_9                             00000006
RC9                               00000006
RCD8                              00000000
RCEN                              00000003
RCIE                              00000005
RCIF                              00000005
RCREG                             0000001A
RCSTA                             00000018
RD                                00000000
RD0                               00000000
RD1                               00000001
RD2                               00000002
RD3                               00000003
RD4                               00000004
RD5                               00000005
RD6                               00000006
RD7                               00000007
RE0                               00000000
RE1                               00000001
RE2                               00000002
READ_WRITE                        00000002
RP0                               00000005
RP1                               00000006
RSEN                              00000001
RX9                               00000006
RX9D                              00000000
R_NOT_W                           00000002
R_W                               00000002
S                                 00000003
SAY1                              00000024
MPASM  5.42                      RBCHANGE.ASM   1-25-2012  2:20:58         PAGE 11


SYMBOL TABLE
  LABEL                             VALUE 

SAY2                              00000025
SAY3                              00000026
SAY4                              00000027
SAYAC1                            00000022
SAYAC2                            00000023
SEN                               00000000
SMP                               00000007
SON                               00000032
SPBRG                             00000099
SPEN                              00000007
SREN                              00000005
SSPADD                            00000093
SSPBUF                            00000013
SSPCON                            00000014
SSPCON2                           00000091
SSPEN                             00000005
SSPIE                             00000003
SSPIF                             00000003
SSPM0                             00000000
SSPM1                             00000001
SSPM2                             00000002
SSPM3                             00000003
SSPOV                             00000006
SSPSTAT                           00000094
STATUS                            00000003
SYNC                              00000004
T0CS                              00000005
T0IE                              00000005
T0IF                              00000002
T0SE                              00000004
T1CKPS0                           00000004
T1CKPS1                           00000005
T1CON                             00000010
T1INSYNC                          00000002
T1OSCEN                           00000003
T1SYNC                            00000002
T2CKPS0                           00000000
T2CKPS1                           00000001
T2CON                             00000012
TABLO                             00000034
TMR0                              00000001
TMR0IE                            00000005
TMR0IF                            00000002
TMR1CS                            00000001
TMR1H                             0000000F
TMR1IE                            00000000
TMR1IF                            00000000
TMR1L                             0000000E
TMR1ON                            00000000
TMR2                              00000011
TMR2IE                            00000001
TMR2IF                            00000001
TMR2ON                            00000002
MPASM  5.42                      RBCHANGE.ASM   1-25-2012  2:20:58         PAGE 12


SYMBOL TABLE
  LABEL                             VALUE 

TOUTPS0                           00000003
TOUTPS1                           00000004
TOUTPS2                           00000005
TOUTPS3                           00000006
TRISA                             00000085
TRISA0                            00000000
TRISA1                            00000001
TRISA2                            00000002
TRISA3                            00000003
TRISA4                            00000004
TRISA5                            00000005
TRISB                             00000086
TRISB0                            00000000
TRISB1                            00000001
TRISB2                            00000002
TRISB3                            00000003
TRISB4                            00000004
TRISB5                            00000005
TRISB6                            00000006
TRISB7                            00000007
TRISC                             00000087
TRISC0                            00000000
TRISC1                            00000001
TRISC2                            00000002
TRISC3                            00000003
TRISC4                            00000004
TRISC5                            00000005
TRISC6                            00000006
TRISC7                            00000007
TRISD                             00000088
TRISD0                            00000000
TRISD1                            00000001
TRISD2                            00000002
TRISD3                            00000003
TRISD4                            00000004
TRISD5                            00000005
TRISD6                            00000006
TRISD7                            00000007
TRISE                             00000089
TRISE0                            00000000
TRISE1                            00000001
TRISE2                            00000002
TRMT                              00000001
TX8_9                             00000006
TX9                               00000006
TX9D                              00000000
TXD8                              00000000
TXEN                              00000005
TXIE                              00000004
TXIF                              00000004
TXREG                             00000019
TXSTA                             00000098
UA                                00000001
MPASM  5.42                      RBCHANGE.ASM   1-25-2012  2:20:58         PAGE 13


SYMBOL TABLE
  LABEL                             VALUE 

W                                 00000000
WCOL                              00000007
WR                                00000001
WREN                              00000002
WRERR                             00000003
YEDI                              00000027
Z                                 00000002
_BODEN_OFF                        00003FBF
_BODEN_ON                         00003FFF
_CONFIG                           00002007
_CPD_OFF                          00003FFF
_CPD_ON                           00003EFF
_CP_ALL                           00001FFF
_CP_OFF                           00003FFF
_DEBUG_OFF                        00003FFF
_DEBUG_ON                         000037FF
_DEVID1                           00002006
_HS_OSC                           00003FFE
_IDLOC0                           00002000
_IDLOC1                           00002001
_IDLOC2                           00002002
_IDLOC3                           00002003
_LP_OSC                           00003FFC
_LVP_OFF                          00003F7F
_LVP_ON                           00003FFF
_PWRTE_OFF                        00003FFF
_PWRTE_ON                         00003FF7
_RC_OSC                           00003FFF
_WDT_OFF                          00003FFB
_WDT_ON                           00003FFF
_WRT_1FOURTH                      00003BFF
_WRT_256                          00003DFF
_WRT_HALF                         000039FF
_WRT_OFF                          00003FFF
_XT_OSC                           00003FFD
__16F877A                         00000001
__DEBUG                           1


MEMORY USAGE MAP ('X' = Used,  '-' = Unused)

0000 : X---XXXXXXXXXXXX XXXXXXXXXXXXXXXX XXXXXXXXXXXXXXXX XXXXXXXXXXXXXXXX
0040 : XXXXXXXXXXXXXXXX XXXXXXXXXXXXXXXX XXXXXXXXXXXXXXXX XXXXXXXXXXXXXXXX
0080 : XXXXXXXXXXXXXXXX XX-------------- ---------------- ----------------

All other memory blocks unused.

Program Memory Words Used:   143
Program Memory Words Free:  8049


MPASM  5.42                      RBCHANGE.ASM   1-25-2012  2:20:58         PAGE 14





Errors   :     0
Warnings :   127 reported,     0 suppressed
Messages :     3 reported,     0 suppressed

