Warning[205] C:\USERS\HP\DESKTOP\BUT\RBCHANGE\RBCHANGE.ASM 1 : Found directive in column 1. (list)
Warning[205] C:\USERS\HP\DESKTOP\BUT\RBCHANGE\RBCHANGE.ASM 2 : Found directive in column 1. (include)
Warning[205] C:\USERS\HP\DESKTOP\BUT\RBCHANGE\RBCHANGE.ASM 11 : Found directive in column 1. (org)
Warning[203] C:\USERS\HP\DESKTOP\BUT\RBCHANGE\RBCHANGE.ASM 12 : Found opcode in column 1. (goto)
Warning[205] C:\USERS\HP\DESKTOP\BUT\RBCHANGE\RBCHANGE.ASM 13 : Found directive in column 1. (ORG)
Warning[203] C:\USERS\HP\DESKTOP\BUT\RBCHANGE\RBCHANGE.ASM 15 : Found opcode in column 1. (BTFSS)
Warning[203] C:\USERS\HP\DESKTOP\BUT\RBCHANGE\RBCHANGE.ASM 16 : Found opcode in column 1. (RETFIE)
Warning[203] C:\USERS\HP\DESKTOP\BUT\RBCHANGE\RBCHANGE.ASM 18 : Found opcode in column 1. (BTFSC)
Warning[203] C:\USERS\HP\DESKTOP\BUT\RBCHANGE\RBCHANGE.ASM 19 : Found opcode in column 1. (GOTO)
Warning[205] C:\USERS\HP\DESKTOP\BUT\RBCHANGE\RBCHANGE.ASM 20 : Found directive in column 1. (BANKSEL)
Warning[203] C:\USERS\HP\DESKTOP\BUT\RBCHANGE\RBCHANGE.ASM 21 : Found opcode in column 1. (INCF)
Warning[203] C:\USERS\HP\DESKTOP\BUT\RBCHANGE\RBCHANGE.ASM 22 : Found opcode in column 1. (MOVF)
Warning[203] C:\USERS\HP\DESKTOP\BUT\RBCHANGE\RBCHANGE.ASM 23 : Found opcode in column 1. (XORLW)
Warning[203] C:\USERS\HP\DESKTOP\BUT\RBCHANGE\RBCHANGE.ASM 24 : Found opcode in column 1. (BTFSS)
Warning[203] C:\USERS\HP\DESKTOP\BUT\RBCHANGE\RBCHANGE.ASM 25 : Found opcode in column 1. (GOTO)
Warning[203] C:\USERS\HP\DESKTOP\BUT\RBCHANGE\RBCHANGE.ASM 26 : Found opcode in column 1. (CLRF)
Warning[203] C:\USERS\HP\DESKTOP\BUT\RBCHANGE\RBCHANGE.ASM 27 : Found opcode in column 1. (GOTO)
Warning[203] C:\USERS\HP\DESKTOP\BUT\RBCHANGE\RBCHANGE.ASM 29 : Found opcode in column 1. (BTFSC)
Warning[203] C:\USERS\HP\DESKTOP\BUT\RBCHANGE\RBCHANGE.ASM 30 : Found opcode in column 1. (GOTO)
Warning[205] C:\USERS\HP\DESKTOP\BUT\RBCHANGE\RBCHANGE.ASM 31 : Found directive in column 1. (BANKSEL)
Warning[203] C:\USERS\HP\DESKTOP\BUT\RBCHANGE\RBCHANGE.ASM 32 : Found opcode in column 1. (INCF)
Warning[203] C:\USERS\HP\DESKTOP\BUT\RBCHANGE\RBCHANGE.ASM 33 : Found opcode in column 1. (MOVF)
Warning[203] C:\USERS\HP\DESKTOP\BUT\RBCHANGE\RBCHANGE.ASM 34 : Found opcode in column 1. (XORLW)
Warning[203] C:\USERS\HP\DESKTOP\BUT\RBCHANGE\RBCHANGE.ASM 35 : Found opcode in column 1. (BTFSS)
Warning[203] C:\USERS\HP\DESKTOP\BUT\RBCHANGE\RBCHANGE.ASM 36 : Found opcode in column 1. (GOTO)
Warning[203] C:\USERS\HP\DESKTOP\BUT\RBCHANGE\RBCHANGE.ASM 37 : Found opcode in column 1. (CLRF)
Warning[203] C:\USERS\HP\DESKTOP\BUT\RBCHANGE\RBCHANGE.ASM 38 : Found opcode in column 1. (GOTO)
Warning[203] C:\USERS\HP\DESKTOP\BUT\RBCHANGE\RBCHANGE.ASM 40 : Found opcode in column 1. (BTFSC)
Warning[203] C:\USERS\HP\DESKTOP\BUT\RBCHANGE\RBCHANGE.ASM 41 : Found opcode in column 1. (GOTO)
Warning[205] C:\USERS\HP\DESKTOP\BUT\RBCHANGE\RBCHANGE.ASM 42 : Found directive in column 1. (BANKSEL)
Warning[203] C:\USERS\HP\DESKTOP\BUT\RBCHANGE\RBCHANGE.ASM 43 : Found opcode in column 1. (INCF)
Warning[203] C:\USERS\HP\DESKTOP\BUT\RBCHANGE\RBCHANGE.ASM 44 : Found opcode in column 1. (MOVF)
Warning[203] C:\USERS\HP\DESKTOP\BUT\RBCHANGE\RBCHANGE.ASM 45 : Found opcode in column 1. (XORLW)
Warning[203] C:\USERS\HP\DESKTOP\BUT\RBCHANGE\RBCHANGE.ASM 46 : Found opcode in column 1. (BTFSS)
Warning[203] C:\USERS\HP\DESKTOP\BUT\RBCHANGE\RBCHANGE.ASM 47 : Found opcode in column 1. (GOTO)
Warning[203] C:\USERS\HP\DESKTOP\BUT\RBCHANGE\RBCHANGE.ASM 48 : Found opcode in column 1. (CLRF)
Warning[203] C:\USERS\HP\DESKTOP\BUT\RBCHANGE\RBCHANGE.ASM 49 : Found opcode in column 1. (GOTO)
Warning[203] C:\USERS\HP\DESKTOP\BUT\RBCHANGE\RBCHANGE.ASM 52 : Found opcode in column 1. (BTFSC)
Warning[203] C:\USERS\HP\DESKTOP\BUT\RBCHANGE\RBCHANGE.ASM 53 : Found opcode in column 1. (GOTO)
Warning[205] C:\USERS\HP\DESKTOP\BUT\RBCHANGE\RBCHANGE.ASM 54 : Found directive in column 1. (BANKSEL)
Warning[203] C:\USERS\HP\DESKTOP\BUT\RBCHANGE\RBCHANGE.ASM 55 : Found opcode in column 1. (INCF)
Warning[203] C:\USERS\HP\DESKTOP\BUT\RBCHANGE\RBCHANGE.ASM 56 : Found opcode in column 1. (MOVF)
Warning[203] C:\USERS\HP\DESKTOP\BUT\RBCHANGE\RBCHANGE.ASM 57 : Found opcode in column 1. (XORLW)
Warning[203] C:\USERS\HP\DESKTOP\BUT\RBCHANGE\RBCHANGE.ASM 58 : Found opcode in column 1. (BTFSS)
Warning[203] C:\USERS\HP\DESKTOP\BUT\RBCHANGE\RBCHANGE.ASM 59 : Found opcode in column 1. (GOTO)
Warning[203] C:\USERS\HP\DESKTOP\BUT\RBCHANGE\RBCHANGE.ASM 60 : Found opcode in column 1. (CLRF)
Warning[203] C:\USERS\HP\DESKTOP\BUT\RBCHANGE\RBCHANGE.ASM 61 : Found opcode in column 1. (GOTO)
Warning[203] C:\USERS\HP\DESKTOP\BUT\RBCHANGE\RBCHANGE.ASM 64 : Found opcode in column 1. (BCF)
Warning[203] C:\USERS\HP\DESKTOP\BUT\RBCHANGE\RBCHANGE.ASM 65 : Found opcode in column 1. (RETFIE)
Warning[203] C:\USERS\HP\DESKTOP\BUT\RBCHANGE\RBCHANGE.ASM 67 : Found opcode in column 1. (ADDWF)
Warning[203] C:\USERS\HP\DESKTOP\BUT\RBCHANGE\RBCHANGE.ASM 68 : Found opcode in column 1. (RETLW)
Warning[203] C:\USERS\HP\DESKTOP\BUT\RBCHANGE\RBCHANGE.ASM 69 : Found opcode in column 1. (RETLW)
Warning[203] C:\USERS\HP\DESKTOP\BUT\RBCHANGE\RBCHANGE.ASM 70 : Found opcode in column 1. (RETLW)
Warning[203] C:\USERS\HP\DESKTOP\BUT\RBCHANGE\RBCHANGE.ASM 71 : Found opcode in column 1. (RETLW)
Warning[203] C:\USERS\HP\DESKTOP\BUT\RBCHANGE\RBCHANGE.ASM 72 : Found opcode in column 1. (RETLW)
Warning[203] C:\USERS\HP\DESKTOP\BUT\RBCHANGE\RBCHANGE.ASM 73 : Found opcode in column 1. (RETLW)
Warning[203] C:\USERS\HP\DESKTOP\BUT\RBCHANGE\RBCHANGE.ASM 74 : Found opcode in column 1. (RETLW)
Warning[203] C:\USERS\HP\DESKTOP\BUT\RBCHANGE\RBCHANGE.ASM 75 : Found opcode in column 1. (RETLW)
Warning[203] C:\USERS\HP\DESKTOP\BUT\RBCHANGE\RBCHANGE.ASM 76 : Found opcode in column 1. (RETLW)
Warning[203] C:\USERS\HP\DESKTOP\BUT\RBCHANGE\RBCHANGE.ASM 77 : Found opcode in column 1. (RETLW)
Warning[203] C:\USERS\HP\DESKTOP\BUT\RBCHANGE\RBCHANGE.ASM 79 : Found opcode in column 1. (MOVLW)
Warning[203] C:\USERS\HP\DESKTOP\BUT\RBCHANGE\RBCHANGE.ASM 80 : Found opcode in column 1. (MOVWF)
Warning[203] C:\USERS\HP\DESKTOP\BUT\RBCHANGE\RBCHANGE.ASM 83 : Found opcode in column 1. (MOVLW)
Warning[203] C:\USERS\HP\DESKTOP\BUT\RBCHANGE\RBCHANGE.ASM 84 : Found opcode in column 1. (MOVWF)
Warning[203] C:\USERS\HP\DESKTOP\BUT\RBCHANGE\RBCHANGE.ASM 86 : Found opcode in column 1. (DECFSZ)
Warning[203] C:\USERS\HP\DESKTOP\BUT\RBCHANGE\RBCHANGE.ASM 87 : Found opcode in column 1. (GOTO)
Warning[203] C:\USERS\HP\DESKTOP\BUT\RBCHANGE\RBCHANGE.ASM 88 : Found opcode in column 1. (DECFSZ)
Warning[203] C:\USERS\HP\DESKTOP\BUT\RBCHANGE\RBCHANGE.ASM 89 : Found opcode in column 1. (GOTO)
Warning[203] C:\USERS\HP\DESKTOP\BUT\RBCHANGE\RBCHANGE.ASM 90 : Found opcode in column 1. (RETURN)
Warning[205] C:\USERS\HP\DESKTOP\BUT\RBCHANGE\RBCHANGE.ASM 99 : Found directive in column 1. (BANKSEL)
Warning[203] C:\USERS\HP\DESKTOP\BUT\RBCHANGE\RBCHANGE.ASM 100 : Found opcode in column 1. (CLRF)
Message[302] C:\USERS\HP\DESKTOP\BUT\RBCHANGE\RBCHANGE.ASM 100 : Register in operand not in bank 0.  Ensure that bank bits are correct.
Warning[205] C:\USERS\HP\DESKTOP\BUT\RBCHANGE\RBCHANGE.ASM 101 : Found directive in column 1. (BANKSEL)
Warning[203] C:\USERS\HP\DESKTOP\BUT\RBCHANGE\RBCHANGE.ASM 102 : Found opcode in column 1. (CLRF)
Warning[203] C:\USERS\HP\DESKTOP\BUT\RBCHANGE\RBCHANGE.ASM 103 : Found opcode in column 1. (MOVLW)
Warning[203] C:\USERS\HP\DESKTOP\BUT\RBCHANGE\RBCHANGE.ASM 104 : Found opcode in column 1. (MOVWF)
Warning[205] C:\USERS\HP\DESKTOP\BUT\RBCHANGE\RBCHANGE.ASM 105 : Found directive in column 1. (BANKSEL)
Warning[203] C:\USERS\HP\DESKTOP\BUT\RBCHANGE\RBCHANGE.ASM 106 : Found opcode in column 1. (CLRF)
Message[302] C:\USERS\HP\DESKTOP\BUT\RBCHANGE\RBCHANGE.ASM 106 : Register in operand not in bank 0.  Ensure that bank bits are correct.
Warning[205] C:\USERS\HP\DESKTOP\BUT\RBCHANGE\RBCHANGE.ASM 107 : Found directive in column 1. (BANKSEL)
Warning[205] C:\USERS\HP\DESKTOP\BUT\RBCHANGE\RBCHANGE.ASM 109 : Found directive in column 1. (BANKSEL)
Warning[203] C:\USERS\HP\DESKTOP\BUT\RBCHANGE\RBCHANGE.ASM 110 : Found opcode in column 1. (MOVLW)
Warning[203] C:\USERS\HP\DESKTOP\BUT\RBCHANGE\RBCHANGE.ASM 111 : Found opcode in column 1. (MOVWF)
Message[302] C:\USERS\HP\DESKTOP\BUT\RBCHANGE\RBCHANGE.ASM 111 : Register in operand not in bank 0.  Ensure that bank bits are correct.
Warning[205] C:\USERS\HP\DESKTOP\BUT\RBCHANGE\RBCHANGE.ASM 112 : Found directive in column 1. (BANKSEL)
Warning[203] C:\USERS\HP\DESKTOP\BUT\RBCHANGE\RBCHANGE.ASM 113 : Found opcode in column 1. (CLRF)
Warning[205] C:\USERS\HP\DESKTOP\BUT\RBCHANGE\RBCHANGE.ASM 114 : Found directive in column 1. (BANKSEL)
Warning[203] C:\USERS\HP\DESKTOP\BUT\RBCHANGE\RBCHANGE.ASM 115 : Found opcode in column 1. (MOVLW)
Warning[203] C:\USERS\HP\DESKTOP\BUT\RBCHANGE\RBCHANGE.ASM 116 : Found opcode in column 1. (MOVWF)
Warning[205] C:\USERS\HP\DESKTOP\BUT\RBCHANGE\RBCHANGE.ASM 117 : Found directive in column 1. (BANKSEL)
Warning[203] C:\USERS\HP\DESKTOP\BUT\RBCHANGE\RBCHANGE.ASM 118 : Found opcode in column 1. (CLRF)
Warning[203] C:\USERS\HP\DESKTOP\BUT\RBCHANGE\RBCHANGE.ASM 119 : Found opcode in column 1. (CLRF)
Warning[203] C:\USERS\HP\DESKTOP\BUT\RBCHANGE\RBCHANGE.ASM 120 : Found opcode in column 1. (CLRF)
Warning[203] C:\USERS\HP\DESKTOP\BUT\RBCHANGE\RBCHANGE.ASM 121 : Found opcode in column 1. (CLRF)
Warning[203] C:\USERS\HP\DESKTOP\BUT\RBCHANGE\RBCHANGE.ASM 122 : Found opcode in column 1. (CLRF)
Warning[203] C:\USERS\HP\DESKTOP\BUT\RBCHANGE\RBCHANGE.ASM 123 : Found opcode in column 1. (CLRF)
Warning[203] C:\USERS\HP\DESKTOP\BUT\RBCHANGE\RBCHANGE.ASM 125 : Found opcode in column 1. (CALL)
Warning[205] C:\USERS\HP\DESKTOP\BUT\RBCHANGE\RBCHANGE.ASM 126 : Found directive in column 1. (BANKSEL)
Warning[203] C:\USERS\HP\DESKTOP\BUT\RBCHANGE\RBCHANGE.ASM 127 : Found opcode in column 1. (MOVLW)
Warning[203] C:\USERS\HP\DESKTOP\BUT\RBCHANGE\RBCHANGE.ASM 128 : Found opcode in column 1. (MOVWF)
Warning[205] C:\USERS\HP\DESKTOP\BUT\RBCHANGE\RBCHANGE.ASM 129 : Found directive in column 1. (BANKSEL)
Warning[203] C:\USERS\HP\DESKTOP\BUT\RBCHANGE\RBCHANGE.ASM 130 : Found opcode in column 1. (MOVF)
Warning[203] C:\USERS\HP\DESKTOP\BUT\RBCHANGE\RBCHANGE.ASM 131 : Found opcode in column 1. (CALL)
Warning[203] C:\USERS\HP\DESKTOP\BUT\RBCHANGE\RBCHANGE.ASM 132 : Found opcode in column 1. (MOVWF)
Warning[203] C:\USERS\HP\DESKTOP\BUT\RBCHANGE\RBCHANGE.ASM 133 : Found opcode in column 1. (CALL)
Warning[205] C:\USERS\HP\DESKTOP\BUT\RBCHANGE\RBCHANGE.ASM 134 : Found directive in column 1. (BANKSEL)
Warning[203] C:\USERS\HP\DESKTOP\BUT\RBCHANGE\RBCHANGE.ASM 135 : Found opcode in column 1. (MOVLW)
Warning[203] C:\USERS\HP\DESKTOP\BUT\RBCHANGE\RBCHANGE.ASM 136 : Found opcode in column 1. (MOVWF)
Warning[205] C:\USERS\HP\DESKTOP\BUT\RBCHANGE\RBCHANGE.ASM 137 : Found directive in column 1. (BANKSEL)
Warning[203] C:\USERS\HP\DESKTOP\BUT\RBCHANGE\RBCHANGE.ASM 138 : Found opcode in column 1. (MOVF)
Warning[203] C:\USERS\HP\DESKTOP\BUT\RBCHANGE\RBCHANGE.ASM 139 : Found opcode in column 1. (CALL)
Warning[203] C:\USERS\HP\DESKTOP\BUT\RBCHANGE\RBCHANGE.ASM 140 : Found opcode in column 1. (MOVWF)
Warning[203] C:\USERS\HP\DESKTOP\BUT\RBCHANGE\RBCHANGE.ASM 141 : Found opcode in column 1. (CALL)
Warning[205] C:\USERS\HP\DESKTOP\BUT\RBCHANGE\RBCHANGE.ASM 142 : Found directive in column 1. (BANKSEL)
Warning[203] C:\USERS\HP\DESKTOP\BUT\RBCHANGE\RBCHANGE.ASM 143 : Found opcode in column 1. (MOVLW)
Warning[203] C:\USERS\HP\DESKTOP\BUT\RBCHANGE\RBCHANGE.ASM 144 : Found opcode in column 1. (MOVWF)
Warning[205] C:\USERS\HP\DESKTOP\BUT\RBCHANGE\RBCHANGE.ASM 145 : Found directive in column 1. (BANKSEL)
Warning[203] C:\USERS\HP\DESKTOP\BUT\RBCHANGE\RBCHANGE.ASM 146 : Found opcode in column 1. (MOVF)
Warning[203] C:\USERS\HP\DESKTOP\BUT\RBCHANGE\RBCHANGE.ASM 147 : Found opcode in column 1. (CALL)
Warning[203] C:\USERS\HP\DESKTOP\BUT\RBCHANGE\RBCHANGE.ASM 148 : Found opcode in column 1. (MOVWF)
Warning[203] C:\USERS\HP\DESKTOP\BUT\RBCHANGE\RBCHANGE.ASM 149 : Found opcode in column 1. (CALL)
Warning[205] C:\USERS\HP\DESKTOP\BUT\RBCHANGE\RBCHANGE.ASM 150 : Found directive in column 1. (BANKSEL)
Warning[203] C:\USERS\HP\DESKTOP\BUT\RBCHANGE\RBCHANGE.ASM 151 : Found opcode in column 1. (MOVLW)
Warning[203] C:\USERS\HP\DESKTOP\BUT\RBCHANGE\RBCHANGE.ASM 152 : Found opcode in column 1. (MOVWF)
Warning[205] C:\USERS\HP\DESKTOP\BUT\RBCHANGE\RBCHANGE.ASM 153 : Found directive in column 1. (BANKSEL)
Warning[203] C:\USERS\HP\DESKTOP\BUT\RBCHANGE\RBCHANGE.ASM 154 : Found opcode in column 1. (MOVF)
Warning[203] C:\USERS\HP\DESKTOP\BUT\RBCHANGE\RBCHANGE.ASM 155 : Found opcode in column 1. (CALL)
Warning[203] C:\USERS\HP\DESKTOP\BUT\RBCHANGE\RBCHANGE.ASM 156 : Found opcode in column 1. (MOVWF)
Warning[203] C:\USERS\HP\DESKTOP\BUT\RBCHANGE\RBCHANGE.ASM 161 : Found opcode in column 1. (GOTO)
Warning[205] C:\USERS\HP\DESKTOP\BUT\RBCHANGE\RBCHANGE.ASM 162 : Found directive in column 1. (END)
