MPASM  4.02 Released                            PROG_12_2.ASM   8-11-2006  12:02:26         PAGE  1


LOC  OBJECT CODE     LINE SOURCE TEXT
  VALUE

                      00001 ;*******************************************************************
                      00002 ;       Dosya Adý               : 12_2.asm
                      00003 ;       Programýn Amacý         : Seri LCD kullanýmý
                      00004 ;       Notlar                  : Proteus programý simülasyonu
                      00005 ;                               : XT ==> 4Mhz
                      00006 ;*******************************************************************
                      00007 
                      00008            LIST    p=16F877A
                      00009            #include "P16F877A.INC"
                      00001         LIST
                      00002 ; P16F877A.INC  Standard Header File, Version 1.00    Microchip Technology, Inc.
                      00398         LIST
                      00010 ;-------------------------------------------------------------------
                      00011 ; Deðiþken tanýmlarý.
                      00012 ;-------------------------------------------------------------------
                      00013         cblock 0x20
  00000020            00014                 char, cmd, lc1, lc2;
  00000024            00015                 sLCD_line, sLCD_pos;
                      00016         endc
                      00017 
0000                  00018                 org     0
0000   2855           00019                 goto    ana_program
                      00020                 
0004                  00021                 org     4
0004   2805           00022                 goto    kesme
                      00023 ;-------------------------------------------------------------------
                      00024 ; Kesme alt programý.
                      00025 ;-------------------------------------------------------------------
0005                  00026 kesme
0005   0009           00027         retfie                     
                      00028 ;-------------------------------------------------------------------
                      00029 ; LCD'ye gönderilecek mesajlar buraya yazýlýyor.
                      00030 ;-------------------------------------------------------------------
0006                  00031 mesajlar                                
0006   0782           00032         addwf  PCL, F               ; mesajlar kýsmý
0007   344D 3445 3452 00033 msg0    dt      "MERHABA DUNYA!... ", 0
       3448 3441 3442 
       3441 3420 3444 
       3455 344E 3459 
       3441 3421 342E 
       342E 342E 3420 
       3400 
                      00034 ;-------------------------------------------------------------------
                      00035 ; Delay alt programý (W = gecikme zamaný).
                      00036 ;-------------------------------------------------------------------
001A                  00037 delay
001A   00A3           00038         movwf   lc2
001B                  00039 delay_1
001B   30FF           00040         movlw   0xFF
001C   00A2           00041         movwf   lc1
001D                  00042 delay_2
001D   0000           00043         nop
001E   0BA2           00044         decfsz  lc1, F
MPASM  4.02 Released                            PROG_12_2.ASM   8-11-2006  12:02:26         PAGE  2


LOC  OBJECT CODE     LINE SOURCE TEXT
  VALUE

001F   281D           00045         goto    delay_2
0020   0BA3           00046         decfsz  lc2, F
0021   281B           00047         goto    delay_1
0022   0008           00048         return
                      00049 ;-------------------------------------------------------------------
                      00050 ; Seri porttan 1 byte alana kadar bekler, alýnan karakter W'de.
                      00051 ;-------------------------------------------------------------------
0023                  00052 getc    
0023   1283           00053         bcf     STATUS, RP0             ;Bank0 seçildi.
0024                  00054 getc_1
0024   1E8C           00055         btfss   PIR1, RCIF              ;RCIF bayraðý set ise komut atla 
                      00056                                         ;(karakter alýnana kadar bekle).
0025   2824           00057         goto    getc_1                  ;Tekrar dene.
0026   081A           00058         movf    RCREG, W                ;Alýnan karakteri W'ye al.
0027   128C           00059         bcf     PIR1, RCIF              ;RCIF bayraðýný sil.
0028   0008           00060         return
                      00061 ;-------------------------------------------------------------------
                      00062 ; Seri porta ( burada seri LCD  baðlý )bir byte gönderir, gönderme 
                      00063 ; iþlemi tamamlanana kadar bekler. Bu alt program gönderilecek 
                      00064 ; karakter W'ye yüklendikten sonra çaðrýlmalýdýr.
                      00065 ;-------------------------------------------------------------------
0029                  00066 sLCD_SendCHAR
0029   1283           00067         bcf     STATUS, RP0             ;Bank0 seçildi.
002A   0099           00068         movwf   TXREG                   ;Gönderilecek karakteri TXREG 
                      00069                                         ;kaydedicisine al.
002B   1683           00070         bsf     STATUS, RP0             ;Bank1 seçildi.
Message[302]: Register in operand not in bank 0.  Ensure that bank bits are correct.
002C   0818           00071         movf    TXSTA, W                ;Gönderme durum bilgisini W’ al.
002D                  00072 sLCD_SendCHAR_1
Message[302]: Register in operand not in bank 0.  Ensure that bank bits are correct.
002D   1C98           00073         btfss   TXSTA, 1                ;TXbuffer boþ ise komut atla.
002E   282D           00074         goto    sLCD_SendCHAR_1         ;Tekrar dene.
002F   1283           00075         bcf     STATUS, RP0             ;Bank0 seçildi.
0030   0008           00076         return
                      00077 ;-------------------------------------------------------------------
                      00078 ; Seri LCD birimine 1 byte komut gönderir.
                      00079 ;-------------------------------------------------------------------
0031                  00080 sLCD_SendCmd
0031   00A1           00081         movwf   cmd                     ;Komutu sakla.
0032   30FE           00082         movlw   0xFE                    ;Komut göndermek istediðimizi seri 
0033   2029           00083         call    sLCD_SendCHAR           ;LCD'ye bildir.
0034   0821           00084         movf    cmd, W                  ;Komut kodunu yaz.
0035   2829           00085         goto    sLCD_SendCHAR
0036   0008           00086         return
                      00087 ;-------------------------------------------------------------------
                      00088 ; Kursörü LCD'de istenilen satýr ve sütuna konumlandýrýr. Text'in 
                      00089 ; nereye yazýlacaðýný belirler. 1 - 2 satýr olan LCD'ler için 
                      00090 ; yazýldýðýna dikkat ediniz. 4 satýr LCD'ler için LCD_line deðerinin
                      00091 ; 0, 1, 2 veya 3 olmasý durumuna göre DDRAM baþlangýç adresleri 
                      00092 ; tespit edilmelidir.
                      00093 ;-------------------------------------------------------------------
0037                  00094 sLCD_SetPos
0037   3080           00095         movlw   0x80                    ;0. satýr için DDRAM adres 
MPASM  4.02 Released                            PROG_12_2.ASM   8-11-2006  12:02:26         PAGE  3


LOC  OBJECT CODE     LINE SOURCE TEXT
  VALUE

0038   08A4           00096         movf    sLCD_line, F            ;baþlangýç deðeri.
0039   1D03           00097         btfss   STATUS, Z               ;0. satýr ise bir komut atla.
003A   30C0           00098         movlw   0xC0                    ;1. satýr için 0x80 adresine ilave 
                      00099                                         ;edilecek deðer.
003B   0725           00100         addwf   sLCD_pos, W             ;Kursör pozisyonu da ilave edilerek 
Warning[203]: Found opcode in column 1. (call)
003C   2031           00101 call    sLCD_SendCmd                    ;DDRAM'deki adres bulunuyor.
003D   0008           00102         return
                      00103 
                      00104 sLCD_Locate     macro   line, pos
                      00105         movlw   line                    ;Satýr bilgisini yükle.
                      00106         movwf   sLCD_line       
                      00107         movlw   pos                     ;Sütun bilgisini yükle.
                      00108         movwf   sLCD_pos                                
                      00109         call    sLCD_SetPos             ;Kursörü konumlandýr.
                      00110         endm
                      00111 
                      00112 ;-------------------------------------------------------------------
                      00113 ; Mesaj etiketi (adresi) W'ye yüklenen mesajý LCD ekranda görüntüler                       
                      00114 ;-------------------------------------------------------------------
003E                  00115 sLCD_SendMessage
003E   3C07           00116         sublw   .7              ;Mesaj adresine giderken araya giren ilave 
                      00117                                 ;komutlarý bertaraf eder.
003F   0084           00118         movwf   FSR             ;Ýlk karaktere iþaret et (onun adresini 
                      00119                                 ;tut).
0040                  00120 sLCD_SMsg:
0040   0804           00121         movf    FSR, W          ;Ýþaret edilen karakter sýrasýný W'ye al.
0041   0A84           00122         incf    FSR, F          ;Bir sonraki karaktere konumlan.
0042   2006           00123         call    mesajlar        ;Mesajlardan ilgili karakteri al.
0043   3800           00124         iorlw   0               ;Mesaj sonu mu? 0 bilgisi alýndý ise mesaj 
                      00125 ;sonu demektir.
0044   1903           00126         btfsc   STATUS, Z       ;Mesaj sonu deðil ise bir komut atla.
0045   0008           00127         return                  ;Mesaj sonu ise alt programdan çýk.
0046   2029           00128         call    sLCD_SendCHAR   ;Karakteri LCD'ye yazdýr.
0047   2840           00129         goto    sLCD_SMsg       ;Bir sonraki karakter için 
                      00130                                 ;iþlemleri tekrarla.
                      00131 ;-------------------------------------------------------------------
                      00132 ; Display'de imleci görüntüle.
                      00133 ;-------------------------------------------------------------------
0048                  00134 sLCD_CursorON
0048   300D           00135         movlw   0x0D                    ;Kursörü göster.
0049   2031           00136         call    sLCD_SendCmd
004A   0008           00137         return
                      00138 ;-------------------------------------------------------------------
                      00139 ; LCD'yi siler.
                      00140 ;-------------------------------------------------------------------
004B                  00141 sLCD_Clear
004B   3001           00142         movlw   0x01                    ;Silme komutunu yaz.
004C   2031           00143         call    sLCD_SendCmd
004D   0008           00144         return        
                      00145 ;-------------------------------------------------------------------
                      00146 ; LCD üzerinde imleci bir geriye alýr ve oradaki karakteri siler.
                      00147 ;-------------------------------------------------------------------
MPASM  4.02 Released                            PROG_12_2.ASM   8-11-2006  12:02:26         PAGE  4


LOC  OBJECT CODE     LINE SOURCE TEXT
  VALUE

004E                  00148 sLCD_BSpace
004E   3010           00149         movlw   0x10                    ;backspace komutunu yaz.
004F   2031           00150         call    sLCD_SendCmd
0050   0103           00151         clrw 
0051   2029           00152         call    sLCD_SendCHAR
0052   3010           00153         movlw   0x10                    ;backspace komutunu yaz.
0053   2031           00154         call    sLCD_SendCmd
0054   0008           00155         return
                      00156 ;-------------------------------------------------------------------
                      00157 ; Ana program: Usart biriminden aldýðý karakterleri 2. satýrda seri 
                      00158 ; LCD üzerinde görüntüler.
                      00159 ;-------------------------------------------------------------------
0055                  00160 ana_program
                      00161 ;Seri iletiþim ayarlarý yapýlýyor.
0055   1283           00162         bcf     STATUS, RP0             ;Bank0 seçildi.
0056   1798           00163         bsf     RCSTA, SPEN             ;USART etkinleþtirildi.
0057   1618           00164         bsf     RCSTA, CREN             ;USART biriminden veri alma 
                      00165                                         ;etkinleþtirildi.
0058   1683           00166         bsf     STATUS, RP0             ;Bank1 seçildi.
0059   3067           00167         movlw   .103                    ;Fosc 4MHz ve 2400 baud rate için 
                      00168                                         ;BRG deðeri W'ye yüklendi.
Message[302]: Register in operand not in bank 0.  Ensure that bank bits are correct.
005A   0099           00169         movwf   SPBRG                   ;Baud rate deðeri SPBRG 
                      00170                                         ;kaydedicisinde.
005B   30A4           00171         movlw   0xA4                    ;CSRC/TXEN (dahili clock, 8-bit 
                      00172                                         ;mod, Async iletiþim, High Speed 
                      00173                                         ;iletiþim).
Message[302]: Register in operand not in bank 0.  Ensure that bank bits are correct.
005C   0098           00174         movwf   TXSTA                   ;TX kontrol kaydedicisine yükle.
                      00175 
Warning[202]: Argument out of range.  Least significant bits used.
005D   3055           00176         movlw   255                     ;Güç verildikten sonra LCD hazýr
                      00177                                         ;olana kadar bekle (ortalama 500ms 
Warning[203]: Found opcode in column 1. (call)
005E   201A           00178 call    delay                           ;kadar).
Warning[202]: Argument out of range.  Least significant bits used.
005F   3055           00179         movlw   255
0060   201A           00180         call    delay
Warning[202]: Argument out of range.  Least significant bits used.
0061   3055           00181         movlw   255                     
0062   201A           00182         call    delay
Warning[202]: Argument out of range.  Least significant bits used.
0063   3055           00183         movlw   255
0064   201A           00184         call    delay
                      00185 
                      00186         sLCD_Locate     0, 0            ;0. satýr, 0. sütuna konumlan.
0065   3000               M         movlw   0                       ;Satýr bilgisini yükle.
0066   00A4               M         movwf   sLCD_line       
0067   3000               M         movlw   0                       ;Sütun bilgisini yükle.
0068   00A5               M         movwf   sLCD_pos                                
0069   2037               M         call    sLCD_SetPos             ;Kursörü konumlandýr.
006A   3007           00187         movlw   msg0                    ;mesaj0 yaz.
Warning[203]: Found opcode in column 1. (call)
MPASM  4.02 Released                            PROG_12_2.ASM   8-11-2006  12:02:26         PAGE  5


LOC  OBJECT CODE     LINE SOURCE TEXT
  VALUE

006B   203E           00188 call    sLCD_SendMessage
                      00189 
                      00190         sLCD_Locate     1, 0            ;1. satýr, 0. sütuna konumlan.
006C   3001               M         movlw   1                       ;Satýr bilgisini yükle.
006D   00A4               M         movwf   sLCD_line       
006E   3000               M         movlw   0                       ;Sütun bilgisini yükle.
006F   00A5               M         movwf   sLCD_pos                                
0070   2037               M         call    sLCD_SetPos             ;Kursörü konumlandýr.
0071   2048           00191         call    sLCD_CursorON           ;Seri LCD'de imleci göster.
                      00192 
0072                  00193 tekrar
0072   2023           00194         call    getc                                  
0073   00A0           00195         movwf   char           
0074   3C1B           00196         sublw   .27                     ;ESC ise LCD'yi sil ve 0’ýncý satýr
                      00197                                         ;0’ýncý sütuna git.
0075   1D03           00198         btfss   STATUS, Z
0076   2879           00199         goto    ana_1
0077   204B           00200         call    sLCD_Clear
0078   2872           00201         goto    tekrar
0079                  00202 ana_1
0079   0820           00203         movf    char, W
007A   3C08           00204         sublw   .8                      ;BACKSPACE ise bir karakter geriye sil
007B   1D03           00205         btfss   STATUS, Z
007C   287F           00206         goto    ana_2
007D   204E           00207         call    sLCD_BSpace
007E   2872           00208         goto    tekrar
007F                  00209 ana_2
007F   0820           00210         movf    char, W
0080   3C0D           00211         sublw   .13                     ;ENTER ise üst satýrda ise alt 
0081   1D03           00212         btfss   STATUS, Z               ;satýra geç.
0082   2889           00213         goto    ana_3
                      00214         sLCD_Locate     1, 0            ;1. satýr, 0. sütuna konumlan.
0083   3001               M         movlw   1                       ;Satýr bilgisini yükle.
0084   00A4               M         movwf   sLCD_line       
0085   3000               M         movlw   0                       ;Sütun bilgisini yükle.
0086   00A5               M         movwf   sLCD_pos                                
0087   2037               M         call    sLCD_SetPos             ;Kursörü konumlandýr.
0088   2872           00215         goto    tekrar
0089                  00216 ana_3
0089   0820           00217         movf    char, W
008A   2029           00218         call    sLCD_SendCHAR           ;ASCII karakteri LCD'ye gönder.
008B   2872           00219         goto    tekrar
                      00220 
                      00221         END
MPASM  4.02 Released                            PROG_12_2.ASM   8-11-2006  12:02:26         PAGE  6


SYMBOL TABLE
  LABEL                             VALUE 

ACKDT                             00000005
ACKEN                             00000004
ACKSTAT                           00000006
ADCON0                            0000001F
ADCON1                            0000009F
ADCS0                             00000006
ADCS1                             00000007
ADDEN                             00000003
ADFM                              00000007
ADIE                              00000006
ADIF                              00000006
ADON                              00000000
ADRESH                            0000001E
ADRESL                            0000009E
BCLIE                             00000003
BCLIF                             00000003
BF                                00000000
BRGH                              00000002
C                                 00000000
C1INV                             00000004
C1OUT                             00000006
C2INV                             00000005
C2OUT                             00000007
CCP1CON                           00000017
CCP1IE                            00000002
CCP1IF                            00000002
CCP1M0                            00000000
CCP1M1                            00000001
CCP1M2                            00000002
CCP1M3                            00000003
CCP1X                             00000005
CCP1Y                             00000004
CCP2CON                           0000001D
CCP2IE                            00000000
CCP2IF                            00000000
CCP2M0                            00000000
CCP2M1                            00000001
CCP2M2                            00000002
CCP2M3                            00000003
CCP2X                             00000005
CCP2Y                             00000004
CCPR1H                            00000016
CCPR1L                            00000015
CCPR2H                            0000001C
CCPR2L                            0000001B
CHS0                              00000003
CHS1                              00000004
CHS2                              00000005
CIS                               00000003
CKE                               00000006
CKP                               00000004
CM0                               00000000
CM1                               00000001
MPASM  4.02 Released                            PROG_12_2.ASM   8-11-2006  12:02:26         PAGE  7


SYMBOL TABLE
  LABEL                             VALUE 

CM2                               00000002
CMCON                             0000009C
CMIE                              00000006
CMIF                              00000006
CREN                              00000004
CSRC                              00000007
CVR0                              00000000
CVR1                              00000001
CVR2                              00000002
CVR3                              00000003
CVRCON                            0000009D
CVREN                             00000007
CVROE                             00000006
CVRR                              00000005
D                                 00000005
DATA_ADDRESS                      00000005
DC                                00000001
D_A                               00000005
EEADR                             0000010D
EEADRH                            0000010F
EECON1                            0000018C
EECON2                            0000018D
EEDATA                            0000010C
EEDATH                            0000010E
EEIE                              00000004
EEIF                              00000004
EEPGD                             00000007
F                                 00000001
FERR                              00000002
FSR                               00000004
GCEN                              00000007
GIE                               00000007
GO                                00000002
GO_DONE                           00000002
I2C_DATA                          00000005
I2C_READ                          00000002
I2C_START                         00000003
I2C_STOP                          00000004
IBF                               00000007
IBOV                              00000005
INDF                              00000000
INTCON                            0000000B
INTE                              00000004
INTEDG                            00000006
INTF                              00000001
IRP                               00000007
NOT_A                             00000005
NOT_ADDRESS                       00000005
NOT_BO                            00000000
NOT_BOR                           00000000
NOT_DONE                          00000002
NOT_PD                            00000003
NOT_POR                           00000001
MPASM  4.02 Released                            PROG_12_2.ASM   8-11-2006  12:02:26         PAGE  8


SYMBOL TABLE
  LABEL                             VALUE 

NOT_RBPU                          00000007
NOT_RC8                           00000006
NOT_T1SYNC                        00000002
NOT_TO                            00000004
NOT_TX8                           00000006
NOT_W                             00000002
NOT_WRITE                         00000002
OBF                               00000006
OERR                              00000001
OPTION_REG                        00000081
P                                 00000004
PCFG0                             00000000
PCFG1                             00000001
PCFG2                             00000002
PCFG3                             00000003
PCL                               00000002
PCLATH                            0000000A
PCON                              0000008E
PEIE                              00000006
PEN                               00000002
PIE1                              0000008C
PIE2                              0000008D
PIR1                              0000000C
PIR2                              0000000D
PORTA                             00000005
PORTB                             00000006
PORTC                             00000007
PORTD                             00000008
PORTE                             00000009
PR2                               00000092
PS0                               00000000
PS1                               00000001
PS2                               00000002
PSA                               00000003
PSPIE                             00000007
PSPIF                             00000007
PSPMODE                           00000004
R                                 00000002
RBIE                              00000003
RBIF                              00000000
RC8_9                             00000006
RC9                               00000006
RCD8                              00000000
RCEN                              00000003
RCIE                              00000005
RCIF                              00000005
RCREG                             0000001A
RCSTA                             00000018
RD                                00000000
READ_WRITE                        00000002
RP0                               00000005
RP1                               00000006
RSEN                              00000001
MPASM  4.02 Released                            PROG_12_2.ASM   8-11-2006  12:02:26         PAGE  9


SYMBOL TABLE
  LABEL                             VALUE 

RX9                               00000006
RX9D                              00000000
R_W                               00000002
S                                 00000003
SEN                               00000000
SMP                               00000007
SPBRG                             00000099
SPEN                              00000007
SREN                              00000005
SSPADD                            00000093
SSPBUF                            00000013
SSPCON                            00000014
SSPCON2                           00000091
SSPEN                             00000005
SSPIE                             00000003
SSPIF                             00000003
SSPM0                             00000000
SSPM1                             00000001
SSPM2                             00000002
SSPM3                             00000003
SSPOV                             00000006
SSPSTAT                           00000094
STATUS                            00000003
SYNC                              00000004
T0CS                              00000005
T0IE                              00000005
T0IF                              00000002
T0SE                              00000004
T1CKPS0                           00000004
T1CKPS1                           00000005
T1CON                             00000010
T1INSYNC                          00000002
T1OSCEN                           00000003
T1SYNC                            00000002
T2CKPS0                           00000000
T2CKPS1                           00000001
T2CON                             00000012
TMR0                              00000001
TMR0IE                            00000005
TMR0IF                            00000002
TMR1CS                            00000001
TMR1H                             0000000F
TMR1IE                            00000000
TMR1IF                            00000000
TMR1L                             0000000E
TMR1ON                            00000000
TMR2                              00000011
TMR2IE                            00000001
TMR2IF                            00000001
TMR2ON                            00000002
TOUTPS0                           00000003
TOUTPS1                           00000004
TOUTPS2                           00000005
MPASM  4.02 Released                            PROG_12_2.ASM   8-11-2006  12:02:26         PAGE 10


SYMBOL TABLE
  LABEL                             VALUE 

TOUTPS3                           00000006
TRISA                             00000085
TRISB                             00000086
TRISC                             00000087
TRISD                             00000088
TRISE                             00000089
TRISE0                            00000000
TRISE1                            00000001
TRISE2                            00000002
TRMT                              00000001
TX8_9                             00000006
TX9                               00000006
TX9D                              00000000
TXD8                              00000000
TXEN                              00000005
TXIE                              00000004
TXIF                              00000004
TXREG                             00000019
TXSTA                             00000098
UA                                00000001
W                                 00000000
WCOL                              00000007
WR                                00000001
WREN                              00000002
WRERR                             00000003
Z                                 00000002
_BODEN_OFF                        00003FBF
_BODEN_ON                         00003FFF
_CPD_OFF                          00003FFF
_CPD_ON                           00003EFF
_CP_ALL                           00001FFF
_CP_OFF                           00003FFF
_DEBUG_OFF                        00003FFF
_DEBUG_ON                         000037FF
_HS_OSC                           00003FFE
_LP_OSC                           00003FFC
_LVP_OFF                          00003F7F
_LVP_ON                           00003FFF
_PWRTE_OFF                        00003FFF
_PWRTE_ON                         00003FF7
_RC_OSC                           00003FFF
_WDT_OFF                          00003FFB
_WDT_ON                           00003FFF
_WRT_1FOURTH                      00003BFF
_WRT_256                          00003DFF
_WRT_HALF                         000039FF
_WRT_OFF                          00003FFF
_XT_OSC                           00003FFD
__16F877A                         00000001
ana_1                             00000079
ana_2                             0000007F
ana_3                             00000089
ana_program                       00000055
MPASM  4.02 Released                            PROG_12_2.ASM   8-11-2006  12:02:26         PAGE 11


SYMBOL TABLE
  LABEL                             VALUE 

char                              00000020
cmd                               00000021
delay                             0000001A
delay_1                           0000001B
delay_2                           0000001D
getc                              00000023
getc_1                            00000024
kesme                             00000005
lc1                               00000022
lc2                               00000023
mesajlar                          00000006
msg0                              00000007
sLCD_BSpace                       0000004E
sLCD_Clear                        0000004B
sLCD_CursorON                     00000048
sLCD_Locate                       
sLCD_SMsg                         00000040
sLCD_SendCHAR                     00000029
sLCD_SendCHAR_1                   0000002D
sLCD_SendCmd                      00000031
sLCD_SendMessage                  0000003E
sLCD_SetPos                       00000037
sLCD_line                         00000024
sLCD_pos                          00000025
tekrar                            00000072


MEMORY USAGE MAP ('X' = Used,  '-' = Unused)

0000 : X---XXXXXXXXXXXX XXXXXXXXXXXXXXXX XXXXXXXXXXXXXXXX XXXXXXXXXXXXXXXX
0040 : XXXXXXXXXXXXXXXX XXXXXXXXXXXXXXXX XXXXXXXXXXXXXXXX XXXXXXXXXXXXXXXX
0080 : XXXXXXXXXXXX---- ---------------- ---------------- ----------------

All other memory blocks unused.

Program Memory Words Used:   137
Program Memory Words Free:  8055


Errors   :     0
Warnings :     7 reported,     0 suppressed
Messages :     4 reported,     0 suppressed

