MPASM  4.02 Released                             PROG_4_2.ASM   8-9-2006  18:18:33         PAGE  1


LOC  OBJECT CODE     LINE SOURCE TEXT
  VALUE

                      00001 ;*******************************************************************
                      00002 ;       Dosya Adý               : 4_2.asm
                      00003 ;       Programýn Amacý         : Timer0’ýn Harici Tetikleme (RB0/INT) Ýle
                      00004 ;                                 Sayýcý Olarak Kullanýlmasý.
                      00005 ;       PIC DK2.1a              : PORTB<0:3> Çýkýþ ==> LED
                      00006 ;                               : PORTA<4> Dijital Giriþ ==> BUTON
                      00007 ;                               : XT ==> 4Mhz
                      00008 ;******************************************************************* 
                      00009         list p=16F877A
                      00010         include "p16F877A.inc"  ;PIC16F877A genel tanýmlamalarý 
                      00001         LIST
                      00002 ; P16F877A.INC  Standard Header File, Version 1.00    Microchip Technology, Inc.
                      00398         LIST
                      00011                                 ;programa katýlýyor.
2007   3F31           00012         __config H'3F31'        ;PWRT on, diðerleri kapalý, 
                      00013                                 ;Osilatör XT ve 4Mhz
                      00014 ;-------------------------------------------------------------------
                      00015 ; Sayaç tanýmlamalarý
                      00016 ;-------------------------------------------------------------------
  00000025            00017 Counter equ 0x25
0000                  00018         ORG 0                           ;Reset vektör adresi. Program bu 
                      00019                                         ;adresten baþlar.
0000   018A           00020         clrf    PCLATH                  ;0. Program sayfasý seçildi.
0001   2823           00021         goto    ana_program             ;Ana program bloðuna git.
0004                  00022         ORG 4
                      00023 ;-------------------------------------------------------------------
                      00024 ; Kesme alt program bloðu
                      00025 ;-------------------------------------------------------------------
0004                  00026 interrupt
0004   1E8B           00027         btfss   INTCON, 5       ;TMR0 kesmesine izin verilmiþ mi? 
                      00028                                 ;( TOIE = 1 mi? )
0005   2812           00029         goto    int_j1          ;HAYIR ise interrupt sonu.
0006   1D0B           00030         btfss   INTCON, 2       ;TMR0 kesmesi oluþtu mu? ( TOIF = 1 mi? )
0007   2812           00031         goto    int_j1          ;HAYIR ise interrupt sonu.
0008   30FF           00032         movlw   0xFF            ;TMR0'a ilk deðer yükleniyor.
0009   0081           00033         movwf   TMR0
000A   110B           00034         bcf     INTCON, 2       ;TMR0 taþma kesme bayraðý siliniyor.
000B   0AA5           00035         incf    Counter, F      ;Kesme sayacý artýrýlýyor.
000C   0825           00036         movf    Counter, W      ;Sayaç W register’ine aktarýlýyor.
000D   3C0F           00037         sublw   D'15'           ;W içeriði dolayýsýyle sayaç 15'ten büyük 
                      00038                                 ;ise sayacý sýfýrla.
000E   1C03           00039         btfss   STATUS, C
000F   01A5           00040         clrf    Counter
0010   0825           00041         movf    Counter, W      ;Sayaç içeriðini W'ye aktar.
0011   0086           00042         movwf   PORTB           ;Sayaç içeriðini LED’lerde göster.
0012                  00043 int_j1
0012   0009           00044         retfie
                      00045 ;-------------------------------------------------------------------
                      00046 ; Ýlk iþlemler bloðu:
                      00047 ; Port yönlendirmeleri, ilk durum atamalarý yapýlýyor. Kesmeler 
                      00048 ; aktif hale getiriliyor.
                      00049 ;-------------------------------------------------------------------
0013                  00050 ilk_islemler
MPASM  4.02 Released                             PROG_4_2.ASM   8-9-2006  18:18:33         PAGE  2


LOC  OBJECT CODE     LINE SOURCE TEXT
  VALUE

0013   30E1           00051         movlw   b'11100001'
0014   1683 1303      00052         banksel OPTION_REG
Message[302]: Register in operand not in bank 0.  Ensure that bank bits are correct.
0016   0081           00053         movwf   OPTION_REG
0017   30FF           00054         movlw   0xFF
Message[302]: Register in operand not in bank 0.  Ensure that bank bits are correct.
0018   0085           00055         movwf   TRISA
0019   0186           00056         clrf    PORTB
001A   1283           00057         bcf     STATUS, RP0
001B   0186           00058         clrf    PORTB
001C   30FF           00059         movlw   0xFF
001D   0081           00060         movwf   TMR0
001E   01A5           00061         clrf    Counter
001F   168B           00062         bsf     INTCON, TMR0IE
0020   170B           00063         bsf     INTCON, PEIE
0021   178B           00064         bsf     INTCON, GIE
0022   0008           00065         return
                      00066 ;-------------------------------------------------------------------
                      00067 ; Ana program bloðu: 
                      00068 ; Ýlk iþlemler yapýldýktan sonra boþ döngü. Yalnýzca kesmeler 
                      00069 ; iþleniyor.
                      00070 ;-------------------------------------------------------------------
0023                  00071 ana_program
0023   2013           00072         call    ilk_islemler    ;Port yönlendirme, ilk çýkýþlar, ilk 
                      00073                                 ;zamanlama, kesme ayar ve baþlatma
                      00074                                 ;iþlemleri alt programý çaðrýlýyor.
0024                  00075 ana_j1
0024   2824           00076         goto    ana_j1          ;Sonsuz boþ döngü iþletiliyor.
                      00077 
                      00078         END                     ;Assembly programý sonu.
MPASM  4.02 Released                             PROG_4_2.ASM   8-9-2006  18:18:33         PAGE  3


SYMBOL TABLE
  LABEL                             VALUE 

ACKDT                             00000005
ACKEN                             00000004
ACKSTAT                           00000006
ADCON0                            0000001F
ADCON1                            0000009F
ADCS0                             00000006
ADCS1                             00000007
ADDEN                             00000003
ADFM                              00000007
ADIE                              00000006
ADIF                              00000006
ADON                              00000000
ADRESH                            0000001E
ADRESL                            0000009E
BCLIE                             00000003
BCLIF                             00000003
BF                                00000000
BRGH                              00000002
C                                 00000000
C1INV                             00000004
C1OUT                             00000006
C2INV                             00000005
C2OUT                             00000007
CCP1CON                           00000017
CCP1IE                            00000002
CCP1IF                            00000002
CCP1M0                            00000000
CCP1M1                            00000001
CCP1M2                            00000002
CCP1M3                            00000003
CCP1X                             00000005
CCP1Y                             00000004
CCP2CON                           0000001D
CCP2IE                            00000000
CCP2IF                            00000000
CCP2M0                            00000000
CCP2M1                            00000001
CCP2M2                            00000002
CCP2M3                            00000003
CCP2X                             00000005
CCP2Y                             00000004
CCPR1H                            00000016
CCPR1L                            00000015
CCPR2H                            0000001C
CCPR2L                            0000001B
CHS0                              00000003
CHS1                              00000004
CHS2                              00000005
CIS                               00000003
CKE                               00000006
CKP                               00000004
CM0                               00000000
CM1                               00000001
MPASM  4.02 Released                             PROG_4_2.ASM   8-9-2006  18:18:33         PAGE  4


SYMBOL TABLE
  LABEL                             VALUE 

CM2                               00000002
CMCON                             0000009C
CMIE                              00000006
CMIF                              00000006
CREN                              00000004
CSRC                              00000007
CVR0                              00000000
CVR1                              00000001
CVR2                              00000002
CVR3                              00000003
CVRCON                            0000009D
CVREN                             00000007
CVROE                             00000006
CVRR                              00000005
Counter                           00000025
D                                 00000005
DATA_ADDRESS                      00000005
DC                                00000001
D_A                               00000005
EEADR                             0000010D
EEADRH                            0000010F
EECON1                            0000018C
EECON2                            0000018D
EEDATA                            0000010C
EEDATH                            0000010E
EEIE                              00000004
EEIF                              00000004
EEPGD                             00000007
F                                 00000001
FERR                              00000002
FSR                               00000004
GCEN                              00000007
GIE                               00000007
GO                                00000002
GO_DONE                           00000002
I2C_DATA                          00000005
I2C_READ                          00000002
I2C_START                         00000003
I2C_STOP                          00000004
IBF                               00000007
IBOV                              00000005
INDF                              00000000
INTCON                            0000000B
INTE                              00000004
INTEDG                            00000006
INTF                              00000001
IRP                               00000007
NOT_A                             00000005
NOT_ADDRESS                       00000005
NOT_BO                            00000000
NOT_BOR                           00000000
NOT_DONE                          00000002
NOT_PD                            00000003
MPASM  4.02 Released                             PROG_4_2.ASM   8-9-2006  18:18:33         PAGE  5


SYMBOL TABLE
  LABEL                             VALUE 

NOT_POR                           00000001
NOT_RBPU                          00000007
NOT_RC8                           00000006
NOT_T1SYNC                        00000002
NOT_TO                            00000004
NOT_TX8                           00000006
NOT_W                             00000002
NOT_WRITE                         00000002
OBF                               00000006
OERR                              00000001
OPTION_REG                        00000081
P                                 00000004
PCFG0                             00000000
PCFG1                             00000001
PCFG2                             00000002
PCFG3                             00000003
PCL                               00000002
PCLATH                            0000000A
PCON                              0000008E
PEIE                              00000006
PEN                               00000002
PIE1                              0000008C
PIE2                              0000008D
PIR1                              0000000C
PIR2                              0000000D
PORTA                             00000005
PORTB                             00000006
PORTC                             00000007
PORTD                             00000008
PORTE                             00000009
PR2                               00000092
PS0                               00000000
PS1                               00000001
PS2                               00000002
PSA                               00000003
PSPIE                             00000007
PSPIF                             00000007
PSPMODE                           00000004
R                                 00000002
RBIE                              00000003
RBIF                              00000000
RC8_9                             00000006
RC9                               00000006
RCD8                              00000000
RCEN                              00000003
RCIE                              00000005
RCIF                              00000005
RCREG                             0000001A
RCSTA                             00000018
RD                                00000000
READ_WRITE                        00000002
RP0                               00000005
RP1                               00000006
MPASM  4.02 Released                             PROG_4_2.ASM   8-9-2006  18:18:33         PAGE  6


SYMBOL TABLE
  LABEL                             VALUE 

RSEN                              00000001
RX9                               00000006
RX9D                              00000000
R_W                               00000002
S                                 00000003
SEN                               00000000
SMP                               00000007
SPBRG                             00000099
SPEN                              00000007
SREN                              00000005
SSPADD                            00000093
SSPBUF                            00000013
SSPCON                            00000014
SSPCON2                           00000091
SSPEN                             00000005
SSPIE                             00000003
SSPIF                             00000003
SSPM0                             00000000
SSPM1                             00000001
SSPM2                             00000002
SSPM3                             00000003
SSPOV                             00000006
SSPSTAT                           00000094
STATUS                            00000003
SYNC                              00000004
T0CS                              00000005
T0IE                              00000005
T0IF                              00000002
T0SE                              00000004
T1CKPS0                           00000004
T1CKPS1                           00000005
T1CON                             00000010
T1INSYNC                          00000002
T1OSCEN                           00000003
T1SYNC                            00000002
T2CKPS0                           00000000
T2CKPS1                           00000001
T2CON                             00000012
TMR0                              00000001
TMR0IE                            00000005
TMR0IF                            00000002
TMR1CS                            00000001
TMR1H                             0000000F
TMR1IE                            00000000
TMR1IF                            00000000
TMR1L                             0000000E
TMR1ON                            00000000
TMR2                              00000011
TMR2IE                            00000001
TMR2IF                            00000001
TMR2ON                            00000002
TOUTPS0                           00000003
TOUTPS1                           00000004
MPASM  4.02 Released                             PROG_4_2.ASM   8-9-2006  18:18:33         PAGE  7


SYMBOL TABLE
  LABEL                             VALUE 

TOUTPS2                           00000005
TOUTPS3                           00000006
TRISA                             00000085
TRISB                             00000086
TRISC                             00000087
TRISD                             00000088
TRISE                             00000089
TRISE0                            00000000
TRISE1                            00000001
TRISE2                            00000002
TRMT                              00000001
TX8_9                             00000006
TX9                               00000006
TX9D                              00000000
TXD8                              00000000
TXEN                              00000005
TXIE                              00000004
TXIF                              00000004
TXREG                             00000019
TXSTA                             00000098
UA                                00000001
W                                 00000000
WCOL                              00000007
WR                                00000001
WREN                              00000002
WRERR                             00000003
Z                                 00000002
_BODEN_OFF                        00003FBF
_BODEN_ON                         00003FFF
_CPD_OFF                          00003FFF
_CPD_ON                           00003EFF
_CP_ALL                           00001FFF
_CP_OFF                           00003FFF
_DEBUG_OFF                        00003FFF
_DEBUG_ON                         000037FF
_HS_OSC                           00003FFE
_LP_OSC                           00003FFC
_LVP_OFF                          00003F7F
_LVP_ON                           00003FFF
_PWRTE_OFF                        00003FFF
_PWRTE_ON                         00003FF7
_RC_OSC                           00003FFF
_WDT_OFF                          00003FFB
_WDT_ON                           00003FFF
_WRT_1FOURTH                      00003BFF
_WRT_256                          00003DFF
_WRT_HALF                         000039FF
_WRT_OFF                          00003FFF
_XT_OSC                           00003FFD
__16F877A                         00000001
ana_j1                            00000024
ana_program                       00000023
ilk_islemler                      00000013
MPASM  4.02 Released                             PROG_4_2.ASM   8-9-2006  18:18:33         PAGE  8


SYMBOL TABLE
  LABEL                             VALUE 

int_j1                            00000012
interrupt                         00000004


MEMORY USAGE MAP ('X' = Used,  '-' = Unused)

0000 : XX--XXXXXXXXXXXX XXXXXXXXXXXXXXXX XXXXX----------- ----------------
2000 : -------X-------- ---------------- ---------------- ----------------

All other memory blocks unused.

Program Memory Words Used:    35
Program Memory Words Free:  8157


Errors   :     0
Warnings :     0 reported,     0 suppressed
Messages :     2 reported,     0 suppressed

