MPASM  4.02 Released                             PROG_6_9.ASM   8-10-2006  15:46:24         PAGE  1


LOC  OBJECT CODE     LINE SOURCE TEXT
  VALUE

                      00001 ;*****************************************************************
                      00002 ;       Dosya Adý               : 6_9.asm
                      00003 ;       Programýn Amacý         : USART Modülü Ýle Senkron Master Mod Veri
                      00004 ;                                 Ýletiþimi (74HC165 kullanarak).
                      00005 ;       Notlar                  : XT ==> 4Mhz
                      00006 ;******************************************************************* 
                      00007         list p=16F877A          
                      00008         include "p16F877A.inc"  
                      00001         LIST
                      00002 ; P16F877A.INC  Standard Header File, Version 1.00    Microchip Technology, Inc.
                      00398         LIST
2007   3F31           00009         __config H'3F31'                ;PWRT on, diðerler sigortalarý 
                      00010                                         ;kapalý, Osilatör XT ve 4 Mhz.
                      00011 ;-------------------------------------------------------------------
                      00012 ; Deðiþkenler tanýmlanýyor ve derleyici direktifleri veriliyor.
                      00013 ; Kodun anlaþýlmasýný kolaylaþtýrmak için sembolik adlar kullanýldý.
                      00014 ;-------------------------------------------------------------------
                      00015 #define hc165_SHLD      PORTC, 0        ;74HC165 entegresinin SH/LD' giriþi 
                      00016                                         ;RC0'a baðlý.
                      00017 #define OKU_BUTONU      PORTB, 0        ;OKU butonu için pin tanýmý yapýldý.
  00000020            00018 hc165_data      equ     0x20            ;hc165_Veri_Oku alt program 
                      00019                                         ;deðiþkeni.
0000                  00020         ORG     0
0000   018A           00021         clrf    PCLATH                  ;0. program sayfasý kullanýlýyor.
0001   2816           00022         goto    Ana_program             ;Ana programa git.
                      00023 ;-------------------------------------------------------------------
                      00024 ; 74HC165, USART modülü senkron master modda iletiþim için hazýrlanýyor.
                      00025 ;-------------------------------------------------------------------
0002                  00026 hc165_Ilk_islemler
0002   3009           00027         movlw   0x09            ;(Synchronous) Baud Rate = Fosc/(4(X+1))
                      00028                                 ;Baud Rate      = 4.000.000/(4*(9+1))
                      00029                                 ;       = 4.000.000/40 = 100.000 Hz.
0003   1683 1303      00030         banksel SPBRG
Message[302]: Register in operand not in bank 0.  Ensure that bank bits are correct.
0005   0099           00031         movwf   SPBRG           ;Baud Rate deðeri SPBRG kaydedicisine 
                      00032                                 ;yüklendi.
Message[302]: Register in operand not in bank 0.  Ensure that bank bits are correct.
0006   1618           00033         bsf     TXSTA, SYNC     ;Senkron iletiþim seçildi.              
Message[302]: Register in operand not in bank 0.  Ensure that bank bits are correct.
0007   1798           00034         bsf     TXSTA, CSRC     ;Clock kaynaðý seçme bit’i set 
                      00035                                 ;edildi. Kaynak: BRG kaydedicisi.
0008   1283           00036         bcf     STATUS, RP0     ;BANK0'a geç. RCSTA bu bankta.
0009   1218           00037         bcf     RCSTA, CREN     ;Sürekli okuma modu kapatýldý.
000A   1318           00038         bcf     RCSTA, RX9      ;RX9 kullanýlmýyor, 8 bit veri iletiþimi.
000B   1798           00039         bsf     RCSTA, SPEN     ;Senkron master seri port aktif hale 
                      00040                                 ;getirildi.
000C   0008           00041         return
                      00042 ;-------------------------------------------------------------------
                      00043 ; USART modülü Senkron master mod kullanarak veri 74HC165'ten 
                      00044 ; iþlemciye transfer ediliyor.
                      00045 ;-------------------------------------------------------------------
000D                  00046 hc165_Veri_Oku
000D   1283           00047         bcf     STATUS,RP0              ;BANK0'a geç, RCSTA ve 74HC165'in 
MPASM  4.02 Released                             PROG_6_9.ASM   8-10-2006  15:46:24         PAGE  2


LOC  OBJECT CODE     LINE SOURCE TEXT
  VALUE

                      00048                                         ;SH/LD' ayaðýnýn baðlý olduðu port 
                      00049                                         ;bu bankta.
000E   1007           00050         bcf     hc165_SHLD              ;Entegre giriþlerden veri 
                      00051                                         ;alabilmesi için LOAD yükleme 
                      00052                                         ;moduna alýnýyor.
000F   1407           00053         bsf     hc165_SHLD              ;74HC165 Shift moduna alýnýyor. 
                      00054                                         ;(Veri transferi için.)
0010   1698           00055         bsf     RCSTA,SREN              ;Tek byte veri oku.
0011                  00056 hc165_j1
0011   1A98           00057         btfsc   RCSTA, SREN             ;Reset ise veri okumuþ demektir, 
                      00058                                         ;bir komut atla.
0012   2811           00059         goto    hc165_j1                ;Bir geriye git. Tekrar kontrol et. 
                      00060                                         ;(goto $-1 ;kullanýlabilir)     
                      00061                                         ;Alma iþlemi tamamlandýðýnda SREN 
                      00062                                         ;reset olur.
0013   081A           00063         movf    RCREG, W                ;Okunan deðer W'ye alýnýyor
0014   00A0           00064         movwf   hc165_data              ;ve hc165_data deðiþkenine transfer 
                      00065                                         ;ediliyor.
0015   0008           00066         return 
                      00067 ;-------------------------------------------------------------------
                      00068 ; Ana program USART modülü senkron master modu kullanarak
                      00069 ; 74HC165’ten iþlemciye veri transferini gösteriyor.
                      00070 ;-------------------------------------------------------------------
0016                  00071 Ana_program
0016   1683 1303      00072         banksel TRISB           ;TRISB ve TRISC'nin bulunduðu bank seçildi
Message[302]: Register in operand not in bank 0.  Ensure that bank bits are correct.
0018   1406           00073         bsf     TRISB,0         ;RB0 giriþe yönlendirildi.
0019   3080           00074         movlw   0x80            ;W = 0x80
Message[302]: Register in operand not in bank 0.  Ensure that bank bits are correct.
001A   0087           00075         movwf   TRISC           ;RC7/RX/DT pini giriþ diðerleri çýkýþ.  
Message[302]: Register in operand not in bank 0.  Ensure that bank bits are correct.
001B   0188           00076         clrf    TRISD           
                      00077                                 ;PORTD sonuçlarý görüntülemek için çýkýþa 
                      00078                                 ;yönlendirildi.
001C   1283           00079         bcf     STATUS, RP0     ;BANK0'a geç.
001D   0187           00080         clrf    PORTC           ;PORTC'nin ilk durumda tüm pinleri LOW. 
001E   0188           00081         clrf    PORTD
Warning[203]: Found opcode in column 1. (call)
001F   2002           00082 call    hc165_Ilk_islemler      ;74HC165 için USART modülü Senkron 
                      00083                                 ;Master moda alýndý.
0020                  00084 Ana_j1
0020   1806           00085         btfsc   OKU_BUTONU      ;Oku butonuna basýldý mý? Evet ise 
                      00086                                 ;bir komut atla.
0021   2820           00087         goto    Ana_j1          ;Bir komut geriye, kontrole devam.
0022   200D           00088         call    hc165_Veri_Oku  ;74HC165 kaydedicisinden veri oku
0023   0820           00089         movf    hc165_data, W   ;Okunan veriyi W'ye yükle.
0024   0088           00090         movwf   PORTD           ;Anahtar konumlarýný PORTD'de 
                      00091                                 ;görüntüle.
0025   2820           00092         goto    Ana_j1          ;Ýþlemi sürekli yap.
                      00093 
                      00094         END
MPASM  4.02 Released                             PROG_6_9.ASM   8-10-2006  15:46:24         PAGE  3


SYMBOL TABLE
  LABEL                             VALUE 

ACKDT                             00000005
ACKEN                             00000004
ACKSTAT                           00000006
ADCON0                            0000001F
ADCON1                            0000009F
ADCS0                             00000006
ADCS1                             00000007
ADDEN                             00000003
ADFM                              00000007
ADIE                              00000006
ADIF                              00000006
ADON                              00000000
ADRESH                            0000001E
ADRESL                            0000009E
Ana_j1                            00000020
Ana_program                       00000016
BCLIE                             00000003
BCLIF                             00000003
BF                                00000000
BRGH                              00000002
C                                 00000000
C1INV                             00000004
C1OUT                             00000006
C2INV                             00000005
C2OUT                             00000007
CCP1CON                           00000017
CCP1IE                            00000002
CCP1IF                            00000002
CCP1M0                            00000000
CCP1M1                            00000001
CCP1M2                            00000002
CCP1M3                            00000003
CCP1X                             00000005
CCP1Y                             00000004
CCP2CON                           0000001D
CCP2IE                            00000000
CCP2IF                            00000000
CCP2M0                            00000000
CCP2M1                            00000001
CCP2M2                            00000002
CCP2M3                            00000003
CCP2X                             00000005
CCP2Y                             00000004
CCPR1H                            00000016
CCPR1L                            00000015
CCPR2H                            0000001C
CCPR2L                            0000001B
CHS0                              00000003
CHS1                              00000004
CHS2                              00000005
CIS                               00000003
CKE                               00000006
CKP                               00000004
MPASM  4.02 Released                             PROG_6_9.ASM   8-10-2006  15:46:24         PAGE  4


SYMBOL TABLE
  LABEL                             VALUE 

CM0                               00000000
CM1                               00000001
CM2                               00000002
CMCON                             0000009C
CMIE                              00000006
CMIF                              00000006
CREN                              00000004
CSRC                              00000007
CVR0                              00000000
CVR1                              00000001
CVR2                              00000002
CVR3                              00000003
CVRCON                            0000009D
CVREN                             00000007
CVROE                             00000006
CVRR                              00000005
D                                 00000005
DATA_ADDRESS                      00000005
DC                                00000001
D_A                               00000005
EEADR                             0000010D
EEADRH                            0000010F
EECON1                            0000018C
EECON2                            0000018D
EEDATA                            0000010C
EEDATH                            0000010E
EEIE                              00000004
EEIF                              00000004
EEPGD                             00000007
F                                 00000001
FERR                              00000002
FSR                               00000004
GCEN                              00000007
GIE                               00000007
GO                                00000002
GO_DONE                           00000002
I2C_DATA                          00000005
I2C_READ                          00000002
I2C_START                         00000003
I2C_STOP                          00000004
IBF                               00000007
IBOV                              00000005
INDF                              00000000
INTCON                            0000000B
INTE                              00000004
INTEDG                            00000006
INTF                              00000001
IRP                               00000007
NOT_A                             00000005
NOT_ADDRESS                       00000005
NOT_BO                            00000000
NOT_BOR                           00000000
NOT_DONE                          00000002
MPASM  4.02 Released                             PROG_6_9.ASM   8-10-2006  15:46:24         PAGE  5


SYMBOL TABLE
  LABEL                             VALUE 

NOT_PD                            00000003
NOT_POR                           00000001
NOT_RBPU                          00000007
NOT_RC8                           00000006
NOT_T1SYNC                        00000002
NOT_TO                            00000004
NOT_TX8                           00000006
NOT_W                             00000002
NOT_WRITE                         00000002
OBF                               00000006
OERR                              00000001
OKU_BUTONU                        PORTB, 0
OPTION_REG                        00000081
P                                 00000004
PCFG0                             00000000
PCFG1                             00000001
PCFG2                             00000002
PCFG3                             00000003
PCL                               00000002
PCLATH                            0000000A
PCON                              0000008E
PEIE                              00000006
PEN                               00000002
PIE1                              0000008C
PIE2                              0000008D
PIR1                              0000000C
PIR2                              0000000D
PORTA                             00000005
PORTB                             00000006
PORTC                             00000007
PORTD                             00000008
PORTE                             00000009
PR2                               00000092
PS0                               00000000
PS1                               00000001
PS2                               00000002
PSA                               00000003
PSPIE                             00000007
PSPIF                             00000007
PSPMODE                           00000004
R                                 00000002
RBIE                              00000003
RBIF                              00000000
RC8_9                             00000006
RC9                               00000006
RCD8                              00000000
RCEN                              00000003
RCIE                              00000005
RCIF                              00000005
RCREG                             0000001A
RCSTA                             00000018
RD                                00000000
READ_WRITE                        00000002
MPASM  4.02 Released                             PROG_6_9.ASM   8-10-2006  15:46:24         PAGE  6


SYMBOL TABLE
  LABEL                             VALUE 

RP0                               00000005
RP1                               00000006
RSEN                              00000001
RX9                               00000006
RX9D                              00000000
R_W                               00000002
S                                 00000003
SEN                               00000000
SMP                               00000007
SPBRG                             00000099
SPEN                              00000007
SREN                              00000005
SSPADD                            00000093
SSPBUF                            00000013
SSPCON                            00000014
SSPCON2                           00000091
SSPEN                             00000005
SSPIE                             00000003
SSPIF                             00000003
SSPM0                             00000000
SSPM1                             00000001
SSPM2                             00000002
SSPM3                             00000003
SSPOV                             00000006
SSPSTAT                           00000094
STATUS                            00000003
SYNC                              00000004
T0CS                              00000005
T0IE                              00000005
T0IF                              00000002
T0SE                              00000004
T1CKPS0                           00000004
T1CKPS1                           00000005
T1CON                             00000010
T1INSYNC                          00000002
T1OSCEN                           00000003
T1SYNC                            00000002
T2CKPS0                           00000000
T2CKPS1                           00000001
T2CON                             00000012
TMR0                              00000001
TMR0IE                            00000005
TMR0IF                            00000002
TMR1CS                            00000001
TMR1H                             0000000F
TMR1IE                            00000000
TMR1IF                            00000000
TMR1L                             0000000E
TMR1ON                            00000000
TMR2                              00000011
TMR2IE                            00000001
TMR2IF                            00000001
TMR2ON                            00000002
MPASM  4.02 Released                             PROG_6_9.ASM   8-10-2006  15:46:24         PAGE  7


SYMBOL TABLE
  LABEL                             VALUE 

TOUTPS0                           00000003
TOUTPS1                           00000004
TOUTPS2                           00000005
TOUTPS3                           00000006
TRISA                             00000085
TRISB                             00000086
TRISC                             00000087
TRISD                             00000088
TRISE                             00000089
TRISE0                            00000000
TRISE1                            00000001
TRISE2                            00000002
TRMT                              00000001
TX8_9                             00000006
TX9                               00000006
TX9D                              00000000
TXD8                              00000000
TXEN                              00000005
TXIE                              00000004
TXIF                              00000004
TXREG                             00000019
TXSTA                             00000098
UA                                00000001
W                                 00000000
WCOL                              00000007
WR                                00000001
WREN                              00000002
WRERR                             00000003
Z                                 00000002
_BODEN_OFF                        00003FBF
_BODEN_ON                         00003FFF
_CPD_OFF                          00003FFF
_CPD_ON                           00003EFF
_CP_ALL                           00001FFF
_CP_OFF                           00003FFF
_DEBUG_OFF                        00003FFF
_DEBUG_ON                         000037FF
_HS_OSC                           00003FFE
_LP_OSC                           00003FFC
_LVP_OFF                          00003F7F
_LVP_ON                           00003FFF
_PWRTE_OFF                        00003FFF
_PWRTE_ON                         00003FF7
_RC_OSC                           00003FFF
_WDT_OFF                          00003FFB
_WDT_ON                           00003FFF
_WRT_1FOURTH                      00003BFF
_WRT_256                          00003DFF
_WRT_HALF                         000039FF
_WRT_OFF                          00003FFF
_XT_OSC                           00003FFD
__16F877A                         00000001
hc165_Ilk_islemler                00000002
MPASM  4.02 Released                             PROG_6_9.ASM   8-10-2006  15:46:24         PAGE  8


SYMBOL TABLE
  LABEL                             VALUE 

hc165_SHLD                        PORTC, 0
hc165_Veri_Oku                    0000000D
hc165_data                        00000020
hc165_j1                          00000011


MEMORY USAGE MAP ('X' = Used,  '-' = Unused)

0000 : XXXXXXXXXXXXXXXX XXXXXXXXXXXXXXXX XXXXXX---------- ----------------
2000 : -------X-------- ---------------- ---------------- ----------------

All other memory blocks unused.

Program Memory Words Used:    38
Program Memory Words Free:  8154


Errors   :     0
Warnings :     1 reported,     0 suppressed
Messages :     6 reported,     0 suppressed

