MPASM  4.02 Released                            PROG_11_1.ASM   8-10-2006  18:01:17         PAGE  1


LOC  OBJECT CODE     LINE SOURCE TEXT
  VALUE

                      00001 ;*****************************************************************
                      00002 ;       Dosya Adý               : 11_1.asm
                      00003 ;       Programýn Amacý         : 7 segment display uygulamasý
                      00004 ;       Notlar                  : Proteus programý simülasyonu
                      00005 ;                               : XT ==> 4Mhz
                      00006 ;*******************************************************************
                      00007         list p=16F877A          
                      00008         include "p16F877A.inc"  
                      00001         LIST
                      00002 ; P16F877A.INC  Standard Header File, Version 1.00    Microchip Technology, Inc.
                      00398         LIST
2007   3F31           00009         __config H'3F31'                ;PWRT on, diðerleri kapalý, 
                      00010                                         ;Osilatör XT ve 4Mhz
                      00011 ;-------------------------------------------------------------------
                      00012 ; Genel deðiþken tanýmlamalarý.
                      00013 ;-------------------------------------------------------------------
                      00014 #define DISPLAY1        PORTB
                      00015 #define DISPLAY2        PORTD
                      00016 #define         BUTON           PORTA, 1        ; RA1'e baðlý buton.
  00000020            00017 sayac           equ             0x20            ; Sayaç deðiþkeni için 
                      00018                                                 ; RAM'de yer ayrýlýyor.
0000                  00019         org     0
0000   281B           00020         goto    ana_program
0004                  00021         org     4
0004                  00022 kesme
0004   0009           00023         retfie
                      00024 ;-------------------------------------------------------------------
                      00025 ; Ortak anot display için rakamlarýn segment bilgileri.
                      00026 ;-------------------------------------------------------------------
0005                  00027 ortak_anot
0005   0782           00028         addwf   PCL, F
0006   3440           00029         retlw   0x40            ; 0 rakamý için segment deðeri.
0007   3479           00030         retlw   0x79            ; 1 rakamý için segment deðeri.
0008   3424           00031         retlw   0x24            ; 2 rakamý için segment deðeri.
0009   3430           00032         retlw   0x30            ; 3 rakamý için segment deðeri.
000A   3419           00033         retlw   0x19            ; 4 rakamý için segment deðeri.
000B   3412           00034         retlw   0x12            ; 5 rakamý için segment deðeri.
000C   3402           00035         retlw   0x02            ; 6 rakamý için segment deðeri.
000D   3478           00036         retlw   0x78            ; 7 rakamý için segment deðeri.
000E   3400           00037         retlw   0x00            ; 8 rakamý için segment deðeri.
000F   3410           00038         retlw   0x10            ; 9 rakamý için segment deðeri.
                      00039 ;-------------------------------------------------------------------
                      00040 ; Ortak katot display için rakamlarýn segment bilgileri.
                      00041 ;-------------------------------------------------------------------
0010                  00042 ortak_katot
0010   0782           00043         addwf   PCL, F
0011   343F           00044         retlw   0x3F            ; 0 rakamý için segment deðeri.
0012   3406           00045         retlw   0x06            ; 1 rakamý için segment deðeri.
0013   345B           00046         retlw   0x5B            ; 2 rakamý için segment deðeri.
0014   344F           00047         retlw   0x4F            ; 3 rakamý için segment deðeri.
0015   3466           00048         retlw   0x66            ; 4 rakamý için segment deðeri.
0016   346D           00049         retlw   0x6D            ; 5 rakamý için segment deðeri.
0017   347D           00050         retlw   0x7D            ; 6 rakamý için segment deðeri.
MPASM  4.02 Released                            PROG_11_1.ASM   8-10-2006  18:01:17         PAGE  2


LOC  OBJECT CODE     LINE SOURCE TEXT
  VALUE

0018   3407           00051         retlw   0x07            ; 7 rakamý için segment deðeri.
0019   347F           00052         retlw   0x7F            ; 8 rakamý için segment deðeri.
001A   346F           00053         retlw   0x6F            ; 9 rakamý için segment deðeri.
                      00054 ;-------------------------------------------------------------------
                      00055 ; Ana program
                      00056 ;-------------------------------------------------------------------
001B                  00057 ana_program
001B   1683 1303      00058         banksel TRISB           ; BANK1 seçildi.
001D   3006           00059         movlw   0x06            ;
Message[302]: Register in operand not in bank 0.  Ensure that bank bits are correct.
001E   009F           00060         movwf   ADCON1          ; Analog giriþler kapatýldý.
Message[302]: Register in operand not in bank 0.  Ensure that bank bits are correct.
001F   0085           00061         movwf   TRISA           ; RA1 ve RA2 giriþe ayarlandý, diðerleri 
                      00062                                 ; çýkýþ.
Message[302]: Register in operand not in bank 0.  Ensure that bank bits are correct.
0020   0186           00063         clrf    TRISB           ; PORTB çýkýþa yönlendirildi.
Message[302]: Register in operand not in bank 0.  Ensure that bank bits are correct.
0021   0188           00064         clrf    TRISD           ; PORTD çýkýþ yapýldý.
0022   1283 1303      00065         banksel PORTB           ; BANK0 seçildi.
0024   01A0           00066         clrf    sayac           ; Sayaç sýfýrlandý.
0025                  00067 dongu
0025   0820           00068         movf    sayac, W        ; Sayaç deðeri alýnýyor.
0026   2005           00069         call    ortak_anot      ; Sayaçtaki rakamýn ortak anot display 
                      00070                                 ; için segment bilgisi alýnýyor.
0027   0086           00071         movwf   DISPLAY1        ; Elde edilen segment deðerini DISPLAY1'de 
                      00072                                 ; görüntüle.
0028   0820           00073         movf    sayac, W        ; Sayaç deðeri alýnýyor.
0029   2010           00074         call    ortak_katot     ; Sayaçtaki rakamýn ortak katot display 
                      00075                                 ; için segment bilgisi alýnýyor.
002A   0088           00076         movwf   DISPLAY2        ; Elde edilen segment deðerini DISPLAY2'de 
                      00077                                 ; görüntüle.
002B   1885           00078         btfsc   BUTON           ; BUTON basýlana kadar bekle.
002C   282B           00079         goto    $-1
002D   1C85           00080         btfss   BUTON           ; BUTON býrakýlana kadar bekle.
002E   282D           00081         goto    $-1
Message[305]: Using default destination of 1 (file).
002F   0AA0           00082         incf    sayac           ; Sayacý bir artýr.
0030   300A           00083         movlw   .10
0031   0220           00084         subwf   sayac ,W
0032   1903           00085         btfsc   STATUS, Z       ; Sayacý 10 ile karþýlaþtýr. Farklý ise 
                      00086                                 ; bir komut atla.
0033   01A0           00087         clrf    sayac           ; sayaç = 10 ise sayacý sýfýrla, deðilse 
                      00088                                 ; bir þey yapmadan geri dön.
0034   2825           00089         goto    dongu
                      00090 
                      00091         end
MPASM  4.02 Released                            PROG_11_1.ASM   8-10-2006  18:01:17         PAGE  3


SYMBOL TABLE
  LABEL                             VALUE 

ACKDT                             00000005
ACKEN                             00000004
ACKSTAT                           00000006
ADCON0                            0000001F
ADCON1                            0000009F
ADCS0                             00000006
ADCS1                             00000007
ADDEN                             00000003
ADFM                              00000007
ADIE                              00000006
ADIF                              00000006
ADON                              00000000
ADRESH                            0000001E
ADRESL                            0000009E
BCLIE                             00000003
BCLIF                             00000003
BF                                00000000
BRGH                              00000002
BUTON                             PORTA, 1
C                                 00000000
C1INV                             00000004
C1OUT                             00000006
C2INV                             00000005
C2OUT                             00000007
CCP1CON                           00000017
CCP1IE                            00000002
CCP1IF                            00000002
CCP1M0                            00000000
CCP1M1                            00000001
CCP1M2                            00000002
CCP1M3                            00000003
CCP1X                             00000005
CCP1Y                             00000004
CCP2CON                           0000001D
CCP2IE                            00000000
CCP2IF                            00000000
CCP2M0                            00000000
CCP2M1                            00000001
CCP2M2                            00000002
CCP2M3                            00000003
CCP2X                             00000005
CCP2Y                             00000004
CCPR1H                            00000016
CCPR1L                            00000015
CCPR2H                            0000001C
CCPR2L                            0000001B
CHS0                              00000003
CHS1                              00000004
CHS2                              00000005
CIS                               00000003
CKE                               00000006
CKP                               00000004
CM0                               00000000
MPASM  4.02 Released                            PROG_11_1.ASM   8-10-2006  18:01:17         PAGE  4


SYMBOL TABLE
  LABEL                             VALUE 

CM1                               00000001
CM2                               00000002
CMCON                             0000009C
CMIE                              00000006
CMIF                              00000006
CREN                              00000004
CSRC                              00000007
CVR0                              00000000
CVR1                              00000001
CVR2                              00000002
CVR3                              00000003
CVRCON                            0000009D
CVREN                             00000007
CVROE                             00000006
CVRR                              00000005
D                                 00000005
DATA_ADDRESS                      00000005
DC                                00000001
DISPLAY1                          PORTB
DISPLAY2                          PORTD
D_A                               00000005
EEADR                             0000010D
EEADRH                            0000010F
EECON1                            0000018C
EECON2                            0000018D
EEDATA                            0000010C
EEDATH                            0000010E
EEIE                              00000004
EEIF                              00000004
EEPGD                             00000007
F                                 00000001
FERR                              00000002
FSR                               00000004
GCEN                              00000007
GIE                               00000007
GO                                00000002
GO_DONE                           00000002
I2C_DATA                          00000005
I2C_READ                          00000002
I2C_START                         00000003
I2C_STOP                          00000004
IBF                               00000007
IBOV                              00000005
INDF                              00000000
INTCON                            0000000B
INTE                              00000004
INTEDG                            00000006
INTF                              00000001
IRP                               00000007
NOT_A                             00000005
NOT_ADDRESS                       00000005
NOT_BO                            00000000
NOT_BOR                           00000000
MPASM  4.02 Released                            PROG_11_1.ASM   8-10-2006  18:01:17         PAGE  5


SYMBOL TABLE
  LABEL                             VALUE 

NOT_DONE                          00000002
NOT_PD                            00000003
NOT_POR                           00000001
NOT_RBPU                          00000007
NOT_RC8                           00000006
NOT_T1SYNC                        00000002
NOT_TO                            00000004
NOT_TX8                           00000006
NOT_W                             00000002
NOT_WRITE                         00000002
OBF                               00000006
OERR                              00000001
OPTION_REG                        00000081
P                                 00000004
PCFG0                             00000000
PCFG1                             00000001
PCFG2                             00000002
PCFG3                             00000003
PCL                               00000002
PCLATH                            0000000A
PCON                              0000008E
PEIE                              00000006
PEN                               00000002
PIE1                              0000008C
PIE2                              0000008D
PIR1                              0000000C
PIR2                              0000000D
PORTA                             00000005
PORTB                             00000006
PORTC                             00000007
PORTD                             00000008
PORTE                             00000009
PR2                               00000092
PS0                               00000000
PS1                               00000001
PS2                               00000002
PSA                               00000003
PSPIE                             00000007
PSPIF                             00000007
PSPMODE                           00000004
R                                 00000002
RBIE                              00000003
RBIF                              00000000
RC8_9                             00000006
RC9                               00000006
RCD8                              00000000
RCEN                              00000003
RCIE                              00000005
RCIF                              00000005
RCREG                             0000001A
RCSTA                             00000018
RD                                00000000
READ_WRITE                        00000002
MPASM  4.02 Released                            PROG_11_1.ASM   8-10-2006  18:01:17         PAGE  6


SYMBOL TABLE
  LABEL                             VALUE 

RP0                               00000005
RP1                               00000006
RSEN                              00000001
RX9                               00000006
RX9D                              00000000
R_W                               00000002
S                                 00000003
SEN                               00000000
SMP                               00000007
SPBRG                             00000099
SPEN                              00000007
SREN                              00000005
SSPADD                            00000093
SSPBUF                            00000013
SSPCON                            00000014
SSPCON2                           00000091
SSPEN                             00000005
SSPIE                             00000003
SSPIF                             00000003
SSPM0                             00000000
SSPM1                             00000001
SSPM2                             00000002
SSPM3                             00000003
SSPOV                             00000006
SSPSTAT                           00000094
STATUS                            00000003
SYNC                              00000004
T0CS                              00000005
T0IE                              00000005
T0IF                              00000002
T0SE                              00000004
T1CKPS0                           00000004
T1CKPS1                           00000005
T1CON                             00000010
T1INSYNC                          00000002
T1OSCEN                           00000003
T1SYNC                            00000002
T2CKPS0                           00000000
T2CKPS1                           00000001
T2CON                             00000012
TMR0                              00000001
TMR0IE                            00000005
TMR0IF                            00000002
TMR1CS                            00000001
TMR1H                             0000000F
TMR1IE                            00000000
TMR1IF                            00000000
TMR1L                             0000000E
TMR1ON                            00000000
TMR2                              00000011
TMR2IE                            00000001
TMR2IF                            00000001
TMR2ON                            00000002
MPASM  4.02 Released                            PROG_11_1.ASM   8-10-2006  18:01:17         PAGE  7


SYMBOL TABLE
  LABEL                             VALUE 

TOUTPS0                           00000003
TOUTPS1                           00000004
TOUTPS2                           00000005
TOUTPS3                           00000006
TRISA                             00000085
TRISB                             00000086
TRISC                             00000087
TRISD                             00000088
TRISE                             00000089
TRISE0                            00000000
TRISE1                            00000001
TRISE2                            00000002
TRMT                              00000001
TX8_9                             00000006
TX9                               00000006
TX9D                              00000000
TXD8                              00000000
TXEN                              00000005
TXIE                              00000004
TXIF                              00000004
TXREG                             00000019
TXSTA                             00000098
UA                                00000001
W                                 00000000
WCOL                              00000007
WR                                00000001
WREN                              00000002
WRERR                             00000003
Z                                 00000002
_BODEN_OFF                        00003FBF
_BODEN_ON                         00003FFF
_CPD_OFF                          00003FFF
_CPD_ON                           00003EFF
_CP_ALL                           00001FFF
_CP_OFF                           00003FFF
_DEBUG_OFF                        00003FFF
_DEBUG_ON                         000037FF
_HS_OSC                           00003FFE
_LP_OSC                           00003FFC
_LVP_OFF                          00003F7F
_LVP_ON                           00003FFF
_PWRTE_OFF                        00003FFF
_PWRTE_ON                         00003FF7
_RC_OSC                           00003FFF
_WDT_OFF                          00003FFB
_WDT_ON                           00003FFF
_WRT_1FOURTH                      00003BFF
_WRT_256                          00003DFF
_WRT_HALF                         000039FF
_WRT_OFF                          00003FFF
_XT_OSC                           00003FFD
__16F877A                         00000001
ana_program                       0000001B
MPASM  4.02 Released                            PROG_11_1.ASM   8-10-2006  18:01:17         PAGE  8


SYMBOL TABLE
  LABEL                             VALUE 

dongu                             00000025
kesme                             00000004
ortak_anot                        00000005
ortak_katot                       00000010
sayac                             00000020


MEMORY USAGE MAP ('X' = Used,  '-' = Unused)

0000 : X---XXXXXXXXXXXX XXXXXXXXXXXXXXXX XXXXXXXXXXXXXXXX XXXXX-----------
2000 : -------X-------- ---------------- ---------------- ----------------

All other memory blocks unused.

Program Memory Words Used:    50
Program Memory Words Free:  8142


Errors   :     0
Warnings :     0 reported,     0 suppressed
Messages :     5 reported,     0 suppressed

