MPASM  4.02 Released                             PROG_7_1.ASM   8-10-2006  16:02:03         PAGE  1


LOC  OBJECT CODE     LINE SOURCE TEXT
  VALUE

                      00001 ;*******************************************************************
                      00002 ;       Dosya Adý               : 7_1.asm
                      00003 ;       Programýn Amacý         : A/D dönüþtürücü uygulamasý.
                      00004 ;       Notlar                  : PORTB Çýkýþ ==> LED
                      00005 ;                               : XT ==> 4Mhz
                      00006 ;*******************************************************************
Warning[215]: Processor superseded by command line.  Verify processor symbol.
                      00007         list p=16F877A
                      00008         include "p16F877A.inc"  
                      00001         LIST
                      00002 ; P16F877A.INC  Standard Header File, Version 1.00    Microchip Technology, Inc.
Message[301]: MESSAGE: (Processor-header file mismatch.  Verify selected processor.)
                      00398         LIST
2007   3F31           00009         __config H'3F31'                ;PWRT on, diðerler sigortalarý 
                      00010                                         ;kapalý, Osilatör XT ve 4Mhz
                      00011 ;-------------------------------------------------------------------
                      00012 ; Deðiþkenler tanýmlamalarý.    
                      00013 ;-------------------------------------------------------------------
  00000070            00014 ADC_Oku_kanalno         equ 0x70        ;Analog giriþ kanal no, ADC_Oku 
                      00015                                         ;giriþ parametresi.
  00000071            00016 ADC_Oku_sonucbyte       equ 0x71        ;Sonuc byte'ý seçme, ADC_Oku giriþ 
                      00017                                         ;parametresi.
0000                  00018         ORG     0                       
0000   018A           00019         clrf    PCLATH                  
0001   2818           00020         goto    ana_program             
0004                  00021         ORG     4                       ;Kesme vektör adresi.
0004                  00022 Kesme                                   ;Kesme alt programý gerekiyorsa bu adresten 
                      00023                                         ;itibaren yazýlacak ya da goto ile buradan 
                      00024                                         ;yönlendirilecek.
0004   0009           00025         Retfie
                      00026 ;-------------------------------------------------------------------
                      00027 ; ADC okuma alt programýnda parametre olarak verilen kanaldan analog 
                      00028 ; bilgi dijitale dönüþtürülerek sonuç byte parametresi 0 ise ADRESL, 
                      00029 ; deðilse ADRESH W klaydedicisine aktarýlarak alt program dýþýna 
                      00030 ; taþýnýyor.
                      00031 ;-------------------------------------------------------------------
0005                  00032 ADC_Oku
0005   0DF0           00033         rlf     ADC_Oku_kanalno, F      ;3 bit’lik kanal bilgisini byte 
0006   0DF0           00034         rlf     ADC_Oku_kanalno, F      ;içerisindeki yerine yaz.
0007   0D70           00035         rlf     ADC_Oku_kanalno, W       
0008   3E41           00036         addlw   0x41                    ;ADCON0 kaydedicisinin önceki ayar 
                      00037                                         ;deðeri ile birleþtir.
0009   1283 1303      00038         Banksel ADCON0                  ;ADCON0 için BANK0'a geç.
000B   009F           00039         movwf   ADCON0
000C   151F           00040         bsf     ADCON0, 2               ;Dönüþümü baþlat.
000D                  00041 ADC_j1
000D   191F           00042         btfsc   ADCON0, 2               ;Dönüþtürme tamamlanana kadar bekle
000E   280D           00043         goto    ADC_j1
                      00044 
000F   08F1           00045         movf    ADC_Oku_sonucbyte, F
0010   1D03           00046         btfss   STATUS, Z               ;ADRESL okunmak isteniyorsa 1 komut 
                      00047                                         ;atla (Zero Flag=set).
0011   2815           00048         goto    ADC_j2                  ;ADRESH kaydedicisini alt program 
MPASM  4.02 Released                             PROG_7_1.ASM   8-10-2006  16:02:03         PAGE  2


LOC  OBJECT CODE     LINE SOURCE TEXT
  VALUE

                      00049                                         ;dýþýna taþýmak için git.
0012   1683           00050         bsf     STATUS, RP0             ;ADRESL için BANK1'e geç.
Message[302]: Register in operand not in bank 0.  Ensure that bank bits are correct.
0013   081E           00051         movf    ADRESL, W
0014   0008           00052         return
0015                  00053 ADC_j2
0015   1283           00054         bcf     STATUS, RP0             ;ADRESH için BANK0'a geç.
0016   081E           00055         movf    ADRESH, W
0017   0008           00056         return
                      00057 ;-------------------------------------------------------------------
                      00058 ; Ana programda analog giriþlerin tümü aktif hale getiriliyor ve AD0
                      00059 ; kanalýndan gelen bilgi dijitale dönüþtürülerek en deðersiz byte'ý 
                      00060 ; PORTB'den LED'lere aktarýlýyor.
                      00061 ;-------------------------------------------------------------------
0018                  00062 ana_program
0018   30FF           00063         movlw   D'255'                  ;TRISA için yönlendirme bilgisi 
                      00064                                         ;W'ye yükleniyor.
0019   1683 1303      00065         Banksel TRISA                   ;BANK1 seçildi.
Message[302]: Register in operand not in bank 0.  Ensure that bank bits are correct.
001B   0085           00066         movwf   TRISA                   ;PORTA giriþe yönlendirildi.
Message[302]: Register in operand not in bank 0.  Ensure that bank bits are correct.
001C   0186           00067         clrf    TRISB                   ;PORTB çýkýþa yönlendirildi.
001D   1283           00068         bcf     STATUS, RP0             ;BANK0 seçildi.
001E   0186           00069         clrf    PORTB                   ;PORTB'nin ilk durumu sýfýrlandý.
001F   3041           00070         movlw   0x41
0020   009F           00071         movwf   ADCON0                  ;ADC çevrim süresi Fosc/8, ADON=ON
0021   3080           00072         movlw   0x80
0022   1683           00073         bsf     STATUS, RP0             ;ADCON1'e eriþim için BANK1 seçildi
Message[302]: Register in operand not in bank 0.  Ensure that bank bits are correct.
0023   009F           00074         movwf   ADCON1                  ;Sonuç saða dayalý, Vref+=Vdd, 
                      00075                                         ;Vref-=Vss, Analog giriþler aktif
0024   01F0           00076         clrf    ADC_Oku_kanalno         ;0. kanal seçildi.
0025   01F1           00077         clrf    ADC_Oku_sonucbyte       ;ADRESL sonucun en düþük byte'ý 
                      00078                                         ;seçildi.
0026                  00079 ana_j1
0026   2005           00080         call    ADC_Oku                 ;Giriþ parametreleri verilen 
                      00081                                         ;ADC_Oku alt programý çaðrýldý.
0027   1283 1303      00082         Banksel PORTB                   ;BANK0 seçildi.
0029   0086           00083         movwf   PORTB                   ;ADC_Oku alt programýndan elde 
                      00084                                         ;edilen sonuç W kaydedicisinde geri 
                      00085                                         ;dönüyor. W kaydedicisi deðeri 
                      00086                                         ;PORTB'ye aktarýlýyor.
002A   2826           00087         goto ana_j1                     ;Okuma ve görüntüleme iþlemine 
                      00088                                         ;devam et.
                      00089         END
MPASM  4.02 Released                             PROG_7_1.ASM   8-10-2006  16:02:03         PAGE  3


SYMBOL TABLE
  LABEL                             VALUE 

ACKDT                             00000005
ACKEN                             00000004
ACKSTAT                           00000006
ADCON0                            0000001F
ADCON1                            0000009F
ADCS0                             00000006
ADCS1                             00000007
ADC_Oku                           00000005
ADC_Oku_kanalno                   00000070
ADC_Oku_sonucbyte                 00000071
ADC_j1                            0000000D
ADC_j2                            00000015
ADDEN                             00000003
ADFM                              00000007
ADIE                              00000006
ADIF                              00000006
ADON                              00000000
ADRESH                            0000001E
ADRESL                            0000009E
BCLIE                             00000003
BCLIF                             00000003
BF                                00000000
BRGH                              00000002
C                                 00000000
C1INV                             00000004
C1OUT                             00000006
C2INV                             00000005
C2OUT                             00000007
CCP1CON                           00000017
CCP1IE                            00000002
CCP1IF                            00000002
CCP1M0                            00000000
CCP1M1                            00000001
CCP1M2                            00000002
CCP1M3                            00000003
CCP1X                             00000005
CCP1Y                             00000004
CCP2CON                           0000001D
CCP2IE                            00000000
CCP2IF                            00000000
CCP2M0                            00000000
CCP2M1                            00000001
CCP2M2                            00000002
CCP2M3                            00000003
CCP2X                             00000005
CCP2Y                             00000004
CCPR1H                            00000016
CCPR1L                            00000015
CCPR2H                            0000001C
CCPR2L                            0000001B
CHS0                              00000003
CHS1                              00000004
CHS2                              00000005
MPASM  4.02 Released                             PROG_7_1.ASM   8-10-2006  16:02:03         PAGE  4


SYMBOL TABLE
  LABEL                             VALUE 

CIS                               00000003
CKE                               00000006
CKP                               00000004
CM0                               00000000
CM1                               00000001
CM2                               00000002
CMCON                             0000009C
CMIE                              00000006
CMIF                              00000006
CREN                              00000004
CSRC                              00000007
CVR0                              00000000
CVR1                              00000001
CVR2                              00000002
CVR3                              00000003
CVRCON                            0000009D
CVREN                             00000007
CVROE                             00000006
CVRR                              00000005
D                                 00000005
DATA_ADDRESS                      00000005
DC                                00000001
D_A                               00000005
EEADR                             0000010D
EEADRH                            0000010F
EECON1                            0000018C
EECON2                            0000018D
EEDATA                            0000010C
EEDATH                            0000010E
EEIE                              00000004
EEIF                              00000004
EEPGD                             00000007
F                                 00000001
FERR                              00000002
FSR                               00000004
GCEN                              00000007
GIE                               00000007
GO                                00000002
GO_DONE                           00000002
I2C_DATA                          00000005
I2C_READ                          00000002
I2C_START                         00000003
I2C_STOP                          00000004
IBF                               00000007
IBOV                              00000005
INDF                              00000000
INTCON                            0000000B
INTE                              00000004
INTEDG                            00000006
INTF                              00000001
IRP                               00000007
Kesme                             00000004
NOT_A                             00000005
MPASM  4.02 Released                             PROG_7_1.ASM   8-10-2006  16:02:03         PAGE  5


SYMBOL TABLE
  LABEL                             VALUE 

NOT_ADDRESS                       00000005
NOT_BO                            00000000
NOT_BOR                           00000000
NOT_DONE                          00000002
NOT_PD                            00000003
NOT_POR                           00000001
NOT_RBPU                          00000007
NOT_RC8                           00000006
NOT_T1SYNC                        00000002
NOT_TO                            00000004
NOT_TX8                           00000006
NOT_W                             00000002
NOT_WRITE                         00000002
OBF                               00000006
OERR                              00000001
OPTION_REG                        00000081
P                                 00000004
PCFG0                             00000000
PCFG1                             00000001
PCFG2                             00000002
PCFG3                             00000003
PCL                               00000002
PCLATH                            0000000A
PCON                              0000008E
PEIE                              00000006
PEN                               00000002
PIE1                              0000008C
PIE2                              0000008D
PIR1                              0000000C
PIR2                              0000000D
PORTA                             00000005
PORTB                             00000006
PORTC                             00000007
PORTD                             00000008
PORTE                             00000009
PR2                               00000092
PS0                               00000000
PS1                               00000001
PS2                               00000002
PSA                               00000003
PSPIE                             00000007
PSPIF                             00000007
PSPMODE                           00000004
R                                 00000002
RBIE                              00000003
RBIF                              00000000
RC8_9                             00000006
RC9                               00000006
RCD8                              00000000
RCEN                              00000003
RCIE                              00000005
RCIF                              00000005
RCREG                             0000001A
MPASM  4.02 Released                             PROG_7_1.ASM   8-10-2006  16:02:03         PAGE  6


SYMBOL TABLE
  LABEL                             VALUE 

RCSTA                             00000018
RD                                00000000
READ_WRITE                        00000002
RP0                               00000005
RP1                               00000006
RSEN                              00000001
RX9                               00000006
RX9D                              00000000
R_W                               00000002
S                                 00000003
SEN                               00000000
SMP                               00000007
SPBRG                             00000099
SPEN                              00000007
SREN                              00000005
SSPADD                            00000093
SSPBUF                            00000013
SSPCON                            00000014
SSPCON2                           00000091
SSPEN                             00000005
SSPIE                             00000003
SSPIF                             00000003
SSPM0                             00000000
SSPM1                             00000001
SSPM2                             00000002
SSPM3                             00000003
SSPOV                             00000006
SSPSTAT                           00000094
STATUS                            00000003
SYNC                              00000004
T0CS                              00000005
T0IE                              00000005
T0IF                              00000002
T0SE                              00000004
T1CKPS0                           00000004
T1CKPS1                           00000005
T1CON                             00000010
T1INSYNC                          00000002
T1OSCEN                           00000003
T1SYNC                            00000002
T2CKPS0                           00000000
T2CKPS1                           00000001
T2CON                             00000012
TMR0                              00000001
TMR0IE                            00000005
TMR0IF                            00000002
TMR1CS                            00000001
TMR1H                             0000000F
TMR1IE                            00000000
TMR1IF                            00000000
TMR1L                             0000000E
TMR1ON                            00000000
TMR2                              00000011
MPASM  4.02 Released                             PROG_7_1.ASM   8-10-2006  16:02:03         PAGE  7


SYMBOL TABLE
  LABEL                             VALUE 

TMR2IE                            00000001
TMR2IF                            00000001
TMR2ON                            00000002
TOUTPS0                           00000003
TOUTPS1                           00000004
TOUTPS2                           00000005
TOUTPS3                           00000006
TRISA                             00000085
TRISB                             00000086
TRISC                             00000087
TRISD                             00000088
TRISE                             00000089
TRISE0                            00000000
TRISE1                            00000001
TRISE2                            00000002
TRMT                              00000001
TX8_9                             00000006
TX9                               00000006
TX9D                              00000000
TXD8                              00000000
TXEN                              00000005
TXIE                              00000004
TXIF                              00000004
TXREG                             00000019
TXSTA                             00000098
UA                                00000001
W                                 00000000
WCOL                              00000007
WR                                00000001
WREN                              00000002
WRERR                             00000003
Z                                 00000002
_BODEN_OFF                        00003FBF
_BODEN_ON                         00003FFF
_CPD_OFF                          00003FFF
_CPD_ON                           00003EFF
_CP_ALL                           00001FFF
_CP_OFF                           00003FFF
_DEBUG_OFF                        00003FFF
_DEBUG_ON                         000037FF
_HS_OSC                           00003FFE
_LP_OSC                           00003FFC
_LVP_OFF                          00003F7F
_LVP_ON                           00003FFF
_PWRTE_OFF                        00003FFF
_PWRTE_ON                         00003FF7
_RC_OSC                           00003FFF
_WDT_OFF                          00003FFB
_WDT_ON                           00003FFF
_WRT_1FOURTH                      00003BFF
_WRT_256                          00003DFF
_WRT_HALF                         000039FF
_WRT_OFF                          00003FFF
MPASM  4.02 Released                             PROG_7_1.ASM   8-10-2006  16:02:03         PAGE  8


SYMBOL TABLE
  LABEL                             VALUE 

_XT_OSC                           00003FFD
__16F628A                         00000001
ana_j1                            00000026
ana_program                       00000018


MEMORY USAGE MAP ('X' = Used,  '-' = Unused)

0000 : XX--XXXXXXXXXXXX XXXXXXXXXXXXXXXX XXXXXXXXXXX----- ----------------
2000 : -------X-------- ---------------- ---------------- ----------------

All other memory blocks unused.

Program Memory Words Used:    41
Program Memory Words Free:  2007


Errors   :     0
Warnings :     1 reported,     0 suppressed
Messages :     5 reported,     0 suppressed

