MPASM  4.02 Released                            PROG_11_3.ASM   8-11-2006  10:51:16         PAGE  1


LOC  OBJECT CODE     LINE SOURCE TEXT
  VALUE

                      00001 ;*******************************************************************
                      00002 ;       Dosya Adý               : 11_3.asm
                      00003 ;       Programýn Amacý         : Buton kontrolü
                      00004 ;       PIC DK2.1a              : PORTB<0:1> Çýkýþ ==> LED
                      00005 ;                               : A/D seçim anahtarý RA1 ve RA2 D konumunda
                      00006 ;                               : XT ==> 4Mhz
                      00007 ;*******************************************************************
                      00008         list p=16F877A
                      00009         include "p16F877A.inc" 
                      00001         LIST
                      00002 ; P16F877A.INC  Standard Header File, Version 1.00    Microchip Technology, Inc.
                      00398         LIST
2007   3F31           00010         __config H'3F31'                ;PWRT on, diðerleri kapalý, 
                      00011                                         ;Osilatör XT ve 4Mhz.
                      00012 ;-------------------------------------------------------------------
                      00013 ; Deðiþken tanýmlarý yapýlýyor.
                      00014 ;-------------------------------------------------------------------
                      00015 #define LED1    PORTB, 0        ;RB0'a baðlý LED.
                      00016 #define LED2    PORTB, 1        ;RB1'a baðlý LED.
                      00017 #define BUTON1  PORTA, 1        ;RA1'e baðlý buton.
                      00018 #define BUTON2  PORTA, 2        ;RA2'ye baðlý buton.
0000                  00019         org     0 
0000   2805           00020         goto    ana_program
0004                  00021         org     4
                      00022 
0004                  00023 kesme
0004   0009           00024         retfie
                      00025 ;-------------------------------------------------------------------
                      00026 ; Ana program
                      00027 ;-------------------------------------------------------------------
0005                  00028 ana_program
Warning[205]: Found directive in column 1. (banksel)
0005   1683 1303      00029 banksel TRISA                           ;BANK1 seçildi.
0007   3006           00030         movlw   0x06                    ;RA0, RA1 giriþ, diðerleri çýkýþ.
Message[302]: Register in operand not in bank 0.  Ensure that bank bits are correct.
0008   009F           00031         movwf   ADCON1                  ;0x06 deðeri yüklenerek ayný 
                      00032                                         ;zamanda analog giriþler kapatýldý.
Message[302]: Register in operand not in bank 0.  Ensure that bank bits are correct.
0009   0085           00033         movwf   TRISA                   ;PORTA'nýn yönlendirildi.
Message[302]: Register in operand not in bank 0.  Ensure that bank bits are correct.
000A   0186           00034         clrf    TRISB                   ;PORTB çýkýþa yönlendirildi.
000B   1283 1303      00035         banksel PORTB                   ;BANK0 seçildi.
000D   0186           00036         clrf    PORTB                   ;LED'ler söndürüldü     .       
000E                  00037 dongu
000E   1C85           00038         btfss   BUTON1                  ;BT1'e basýldý ise bir komut atla. 
000F   2812           00039         goto    bt1basilidegil
0010   1406           00040         bsf     LED1                    ;BT1'e basýlý ise LED1'i yak.
0011   2813           00041         goto    buton2kont
0012                  00042 bt1basilidegil
0012   1006           00043         bcf     LED1                    ;BT1 basýlý deðilse LED1'i söndür.
0013                  00044 buton2kont
0013   1905           00045         btfsc   BUTON2                  ;BT2'e basýldý ise bir komut atla.
0014   2817           00046         goto    bt2basilidegil
MPASM  4.02 Released                            PROG_11_3.ASM   8-11-2006  10:51:16         PAGE  2


LOC  OBJECT CODE     LINE SOURCE TEXT
  VALUE

0015   1486           00047         bsf     LED2                    ;BT2'e basýlý ise LED2'i yak.
0016   280E           00048         goto    dongu
0017                  00049 bt2basilidegil
0017   1086           00050         bcf     LED2                    ;BT2 basýlý deðilse LED2'i söndür.
0018   280E           00051         goto    dongu
                      00052 
                      00053         end
MPASM  4.02 Released                            PROG_11_3.ASM   8-11-2006  10:51:16         PAGE  3


SYMBOL TABLE
  LABEL                             VALUE 

ACKDT                             00000005
ACKEN                             00000004
ACKSTAT                           00000006
ADCON0                            0000001F
ADCON1                            0000009F
ADCS0                             00000006
ADCS1                             00000007
ADDEN                             00000003
ADFM                              00000007
ADIE                              00000006
ADIF                              00000006
ADON                              00000000
ADRESH                            0000001E
ADRESL                            0000009E
BCLIE                             00000003
BCLIF                             00000003
BF                                00000000
BRGH                              00000002
BUTON1                            PORTA, 1
BUTON2                            PORTA, 2
C                                 00000000
C1INV                             00000004
C1OUT                             00000006
C2INV                             00000005
C2OUT                             00000007
CCP1CON                           00000017
CCP1IE                            00000002
CCP1IF                            00000002
CCP1M0                            00000000
CCP1M1                            00000001
CCP1M2                            00000002
CCP1M3                            00000003
CCP1X                             00000005
CCP1Y                             00000004
CCP2CON                           0000001D
CCP2IE                            00000000
CCP2IF                            00000000
CCP2M0                            00000000
CCP2M1                            00000001
CCP2M2                            00000002
CCP2M3                            00000003
CCP2X                             00000005
CCP2Y                             00000004
CCPR1H                            00000016
CCPR1L                            00000015
CCPR2H                            0000001C
CCPR2L                            0000001B
CHS0                              00000003
CHS1                              00000004
CHS2                              00000005
CIS                               00000003
CKE                               00000006
CKP                               00000004
MPASM  4.02 Released                            PROG_11_3.ASM   8-11-2006  10:51:16         PAGE  4


SYMBOL TABLE
  LABEL                             VALUE 

CM0                               00000000
CM1                               00000001
CM2                               00000002
CMCON                             0000009C
CMIE                              00000006
CMIF                              00000006
CREN                              00000004
CSRC                              00000007
CVR0                              00000000
CVR1                              00000001
CVR2                              00000002
CVR3                              00000003
CVRCON                            0000009D
CVREN                             00000007
CVROE                             00000006
CVRR                              00000005
D                                 00000005
DATA_ADDRESS                      00000005
DC                                00000001
D_A                               00000005
EEADR                             0000010D
EEADRH                            0000010F
EECON1                            0000018C
EECON2                            0000018D
EEDATA                            0000010C
EEDATH                            0000010E
EEIE                              00000004
EEIF                              00000004
EEPGD                             00000007
F                                 00000001
FERR                              00000002
FSR                               00000004
GCEN                              00000007
GIE                               00000007
GO                                00000002
GO_DONE                           00000002
I2C_DATA                          00000005
I2C_READ                          00000002
I2C_START                         00000003
I2C_STOP                          00000004
IBF                               00000007
IBOV                              00000005
INDF                              00000000
INTCON                            0000000B
INTE                              00000004
INTEDG                            00000006
INTF                              00000001
IRP                               00000007
LED1                              PORTB, 0
LED2                              PORTB, 1
NOT_A                             00000005
NOT_ADDRESS                       00000005
NOT_BO                            00000000
MPASM  4.02 Released                            PROG_11_3.ASM   8-11-2006  10:51:16         PAGE  5


SYMBOL TABLE
  LABEL                             VALUE 

NOT_BOR                           00000000
NOT_DONE                          00000002
NOT_PD                            00000003
NOT_POR                           00000001
NOT_RBPU                          00000007
NOT_RC8                           00000006
NOT_T1SYNC                        00000002
NOT_TO                            00000004
NOT_TX8                           00000006
NOT_W                             00000002
NOT_WRITE                         00000002
OBF                               00000006
OERR                              00000001
OPTION_REG                        00000081
P                                 00000004
PCFG0                             00000000
PCFG1                             00000001
PCFG2                             00000002
PCFG3                             00000003
PCL                               00000002
PCLATH                            0000000A
PCON                              0000008E
PEIE                              00000006
PEN                               00000002
PIE1                              0000008C
PIE2                              0000008D
PIR1                              0000000C
PIR2                              0000000D
PORTA                             00000005
PORTB                             00000006
PORTC                             00000007
PORTD                             00000008
PORTE                             00000009
PR2                               00000092
PS0                               00000000
PS1                               00000001
PS2                               00000002
PSA                               00000003
PSPIE                             00000007
PSPIF                             00000007
PSPMODE                           00000004
R                                 00000002
RBIE                              00000003
RBIF                              00000000
RC8_9                             00000006
RC9                               00000006
RCD8                              00000000
RCEN                              00000003
RCIE                              00000005
RCIF                              00000005
RCREG                             0000001A
RCSTA                             00000018
RD                                00000000
MPASM  4.02 Released                            PROG_11_3.ASM   8-11-2006  10:51:16         PAGE  6


SYMBOL TABLE
  LABEL                             VALUE 

READ_WRITE                        00000002
RP0                               00000005
RP1                               00000006
RSEN                              00000001
RX9                               00000006
RX9D                              00000000
R_W                               00000002
S                                 00000003
SEN                               00000000
SMP                               00000007
SPBRG                             00000099
SPEN                              00000007
SREN                              00000005
SSPADD                            00000093
SSPBUF                            00000013
SSPCON                            00000014
SSPCON2                           00000091
SSPEN                             00000005
SSPIE                             00000003
SSPIF                             00000003
SSPM0                             00000000
SSPM1                             00000001
SSPM2                             00000002
SSPM3                             00000003
SSPOV                             00000006
SSPSTAT                           00000094
STATUS                            00000003
SYNC                              00000004
T0CS                              00000005
T0IE                              00000005
T0IF                              00000002
T0SE                              00000004
T1CKPS0                           00000004
T1CKPS1                           00000005
T1CON                             00000010
T1INSYNC                          00000002
T1OSCEN                           00000003
T1SYNC                            00000002
T2CKPS0                           00000000
T2CKPS1                           00000001
T2CON                             00000012
TMR0                              00000001
TMR0IE                            00000005
TMR0IF                            00000002
TMR1CS                            00000001
TMR1H                             0000000F
TMR1IE                            00000000
TMR1IF                            00000000
TMR1L                             0000000E
TMR1ON                            00000000
TMR2                              00000011
TMR2IE                            00000001
TMR2IF                            00000001
MPASM  4.02 Released                            PROG_11_3.ASM   8-11-2006  10:51:16         PAGE  7


SYMBOL TABLE
  LABEL                             VALUE 

TMR2ON                            00000002
TOUTPS0                           00000003
TOUTPS1                           00000004
TOUTPS2                           00000005
TOUTPS3                           00000006
TRISA                             00000085
TRISB                             00000086
TRISC                             00000087
TRISD                             00000088
TRISE                             00000089
TRISE0                            00000000
TRISE1                            00000001
TRISE2                            00000002
TRMT                              00000001
TX8_9                             00000006
TX9                               00000006
TX9D                              00000000
TXD8                              00000000
TXEN                              00000005
TXIE                              00000004
TXIF                              00000004
TXREG                             00000019
TXSTA                             00000098
UA                                00000001
W                                 00000000
WCOL                              00000007
WR                                00000001
WREN                              00000002
WRERR                             00000003
Z                                 00000002
_BODEN_OFF                        00003FBF
_BODEN_ON                         00003FFF
_CPD_OFF                          00003FFF
_CPD_ON                           00003EFF
_CP_ALL                           00001FFF
_CP_OFF                           00003FFF
_DEBUG_OFF                        00003FFF
_DEBUG_ON                         000037FF
_HS_OSC                           00003FFE
_LP_OSC                           00003FFC
_LVP_OFF                          00003F7F
_LVP_ON                           00003FFF
_PWRTE_OFF                        00003FFF
_PWRTE_ON                         00003FF7
_RC_OSC                           00003FFF
_WDT_OFF                          00003FFB
_WDT_ON                           00003FFF
_WRT_1FOURTH                      00003BFF
_WRT_256                          00003DFF
_WRT_HALF                         000039FF
_WRT_OFF                          00003FFF
_XT_OSC                           00003FFD
__16F877A                         00000001
MPASM  4.02 Released                            PROG_11_3.ASM   8-11-2006  10:51:16         PAGE  8


SYMBOL TABLE
  LABEL                             VALUE 

ana_program                       00000005
bt1basilidegil                    00000012
bt2basilidegil                    00000017
buton2kont                        00000013
dongu                             0000000E
kesme                             00000004


MEMORY USAGE MAP ('X' = Used,  '-' = Unused)

0000 : X---XXXXXXXXXXXX XXXXXXXXX------- ---------------- ----------------
2000 : -------X-------- ---------------- ---------------- ----------------

All other memory blocks unused.

Program Memory Words Used:    22
Program Memory Words Free:  8170


Errors   :     0
Warnings :     1 reported,     0 suppressed
Messages :     3 reported,     0 suppressed

