MPASM  4.02 Released                           PROG_6_8_1.ASM   8-10-2006  15:43:29         PAGE  1


LOC  OBJECT CODE     LINE SOURCE TEXT
  VALUE

                      00001 ;*******************************************************************
                      00002 ;       Dosya Adý               : 6_8_1.asm
                      00003 ;       Programýn Amacý         : USART Modülü Ýle Asenkron Seri Veri
                      00004 ;                                 Ýletiþimi (PIC16F877A ile PIC 16F628A 
                      00005 ;                                 kullanýlarak).
                      00006 ;       Notlar                  : XT ==> 20 Mhz
                      00007 ;******************************************************************* 
                      00008         list p=16F877A  
                      00009         include "p16F877A.inc"  
                      00001         LIST
                      00002 ; P16F877A.INC  Standard Header File, Version 1.00    Microchip Technology, Inc.
                      00398         LIST
2007   3F3A           00010         __config H'3F3A'                ;Tüm program sigortalarý kapalý, 
                      00011                                         ;Osilatör HS ve 20 Mhz.
                      00012 ;-------------------------------------------------------------------
                      00013 ; Genel tanýmlar
                      00014 ;-------------------------------------------------------------------
  00000020            00015 F628_Data       equ     0x20            ;16F628A'ya gönderilecek veri 
                      00016                                         ;deðiþkeni tanýmlandý.
0000                  00017         org     0                
0000   018A           00018         clrf    PCLATH                  ;0. program sayfasý seçildi.
0001   2832           00019         goto    Ana_program             ;Ana programa git.
0004                  00020         org     4                       ;Kesme vektör adresi. Kesme alt programý 
                      00021                                         ;buradan baþlar.
                      00022 ;-------------------------------------------------------------------
                      00023 ; Kesme alt programý: Varsa istenen kesmelerin iþlenmesinde 
                      00024 ; kullanýlabilir.
                      00025 ;-------------------------------------------------------------------
0004                  00026 interrupt
0004   1283 1303      00027         banksel PIR1            ;PIR1'in bulunduðu bank seçildi.
0006   1E8C           00028         btfss   PIR1, RCIF      ;Veri alýndý ise bir komut atla.
0007   280D           00029         goto    int_sonu        ;Kesme programý sonuna git.
0008   181A           00030         btfsc   RCREG, 0        ;SÖNDÜR bilgisi geldi ise bir komut atla.
0009   280C           00031         goto    LED_YAK
000A   1388           00032         bcf     PORTD, 7        ;LED söndür.
000B   280D           00033         goto    int_sonu
000C                  00034 LED_YAK
000C   1788           00035         bsf     PORTD, 7        ;LED yak.
000D                  00036 int_sonu
000D   128C           00037         bcf     PIR1, RCIF      ;RCIF seri iletiþim veri alma durumunu 
                      00038                                 ;bildiren kesme bayraðý
                      00039                                 ;yeni veri alýmlarý için sýfýrlanmalý.
000E   0009           00040         retfie                  ;Kesmeden çýkýþ.
                      00041 ;-------------------------------------------------------------------
                      00042 ; 16F628A kýsmýna usart modülü ile  asenkron mod kullanarak 1 byte 
                      00043 ; veri yazar. Yazýlacak veri F628_Data deðiþkenine yüklenmelidir.
                      00044 ;-------------------------------------------------------------------
000F                  00045 Karakter_Gonder
000F   1283 1303      00046         banksel PIR1            ;PIR1'in bulunduðu banka geç.
0011   1E0C           00047         btfss   PIR1, TXIF              
0012   2811           00048         goto    $ - 1           ;Daha önceden bir veri gönderilmiþ ise 
                      00049                                 ;aktarýlana kadar bekle.
0013   120C           00050         bcf     PIR1, TXIF      ;Veri gönderme kesme bayraðýný sil.
MPASM  4.02 Released                           PROG_6_8_1.ASM   8-10-2006  15:43:29         PAGE  2


LOC  OBJECT CODE     LINE SOURCE TEXT
  VALUE

0014   0820           00051         movf    F628_Data, W    
0015   1283 1303      00052         banksel TXREG
0017   0099           00053         movwf   TXREG           ;F628_Data deðiþkenindeki veriyi TXREG 
                      00054                                 ;kaydedicisine yükle.
                      00055                                 ;Böylece veri çýkýþ buffer'ýna yazýlmýþ olur    
0018   0008           00056         return                  ;Karakter_Gonder alt programýndan çýkýþ.
                      00057 ;-------------------------------------------------------------------
                      00058 ; Usart modülünün asenkron iletiþimi için ilk ayarlarý 
                      00059 ; gerçekleþtirir.
                      00060 ;-------------------------------------------------------------------
0019                  00061 RcTx_ilk_islemler
0019   1683 1303      00062         banksel TRISC           ;BANK1 seçildi. TRISC bu bankta.
Message[302]: Register in operand not in bank 0.  Ensure that bank bits are correct.
001B   1307           00063         bcf     TRISC, 6        ;TX çýkýþa
Message[302]: Register in operand not in bank 0.  Ensure that bank bits are correct.
001C   1787           00064         bsf     TRISC, 7        ;RX giriþe yönlendirildi.
001D   3081           00065         movlw   0x81            ;SPBRG = 129 Fosc = 20 MHz'de (9600 baud 
                      00066                                 ;hýz için).
Message[302]: Register in operand not in bank 0.  Ensure that bank bits are correct.
001E   0099           00067         movwf   SPBRG
001F   3026           00068         movlw   0x26
Message[302]: Register in operand not in bank 0.  Ensure that bank bits are correct.
0020   0098           00069         movwf   TXSTA           ;USART mod: asenkron, high speed, 8 bit 
                      00070                                 ;iletiþim, TXEN set edildi.
0021   3090           00071         movlw   0x90
0022   1283           00072         bcf     STATUS, RP0             ;BANK0 seçildi RCSTA için.
0023   0098           00073         movwf   RCSTA                   ;Seri port etkin, 8 bit veri alýþ, 
                      00074                                         ;CREN set: sürekli alýþ. 
0024   1683           00075         bsf     STATUS, RP0
Message[302]: Register in operand not in bank 0.  Ensure that bank bits are correct.
0025   120C           00076         bcf     PIE1, TXIE              ;TXIE set edildi.
Message[302]: Register in operand not in bank 0.  Ensure that bank bits are correct.
0026   168C           00077         bsf     PIE1, RCIE              ;RCIE set edildi.
0027   170B           00078         bsf     INTCON, PEIE            ;Çevresel kesmelere izin verildi.
0028   0008           00079         return                          ;Alt programdan geri dön.
                      00080 ;-------------------------------------------------------------------
                      00081 ; Ýlk iþlemleri gerçekleþtirir. Portlar yönlendiriliyor..
                      00082 ;-------------------------------------------------------------------
0029                  00083 Ilk_islemler
0029   1683 1303      00084         banksel TRISB           ;BANK1'e geç. TRISB bu bankta.
002B   3003           00085         movlw   0x03
Message[302]: Register in operand not in bank 0.  Ensure that bank bits are correct.
002C   0086           00086         movwf   TRISB           ;RB0 ve RB1 butonlar için giriþe, 
                      00087                                 ;diðerleri çýkýþa yönlendirildi.
Message[302]: Register in operand not in bank 0.  Ensure that bank bits are correct.
002D   0188           00088         clrf    TRISD           ;LED için PORTB çýkýþa yönlendirildi.
002E   1283 1303      00089         banksel PORTD           ;BANK0'a geç. PORTD bu bankta.
0030   0188           00090         clrf    PORTD           ;LED ilk durumda sönük.
0031   0008           00091         return                  ;Alt programdan geri dön.
                      00092 ;-------------------------------------------------------------------
                      00093 ; Ana program: 16F877A ve 16F628A iþlemcileri arasýnda usart modülü 
                      00094 ; ile asenkron veri iletiþimi ve buna baðlý LED’lerin kontrolünü 
                      00095 ; gerçekleþtirir.
MPASM  4.02 Released                           PROG_6_8_1.ASM   8-10-2006  15:43:29         PAGE  3


LOC  OBJECT CODE     LINE SOURCE TEXT
  VALUE

                      00096 ;-------------------------------------------------------------------
0032                  00097 Ana_program
0032   2029           00098         call    Ilk_islemler            ;Ýlk iþlemler alt programý 
                      00099                                         ;çaðrýlýyor.
0033   2019           00100         call    RcTx_ilk_islemler       ;Seri iletiþim için ilk iþlemler.
0034   178B           00101         bsf     INTCON, GIE             ;Kesme alt programý kullanýlmadýðý 
                      00102                                         ;için GIE = 0 yap.
0035                  00103 YAK_KONTROL
0035   1283 1303      00104         banksel PORTB
0037   1806           00105         btfsc   PORTB, 0                ;YAK butonuna basýldý ise 16F628'e 
                      00106                                         ;LED'i yak bilgisi gönder.
0038   283C           00107         goto    SONDUR_KONTROL          ;YAK butonuna Basýlmadý ise SÖNDÜR 
                      00108                                         ;butonunu kontrol et.
0039   3001           00109         movlw   0x01                    ;LED’i yak bilgisi yükleniyor.
003A   00A0           00110         movwf   F628_Data
003B   200F           00111         call    Karakter_Gonder         ;16F628A'ya LED'i yakmasý için 1 
                      00112                                         ;bilgisi gönder.
003C                  00113 SONDUR_KONTROL
003C   1886           00114         btfsc   PORTB, 1                ;SÖNDÜR butonuna basýldý ise 
                      00115                                         ;16F628'e LED'i söndür bilgisi 
                      00116                                         ;gönder.
003D   2835           00117         goto    YAK_KONTROL             ;YAK butonunu kontrol et.
003E   01A0           00118         clrf    F628_Data
003F   200F           00119         call    Karakter_Gonder         ;LED'i söndürmek için 0 bilgisi 
                      00120                                         ;gönder.
0040   2835           00121         goto    YAK_KONTROL             ;YAK butonunu kontrol et.
                      00122 
                      00123         END
MPASM  4.02 Released                           PROG_6_8_1.ASM   8-10-2006  15:43:29         PAGE  4


SYMBOL TABLE
  LABEL                             VALUE 

ACKDT                             00000005
ACKEN                             00000004
ACKSTAT                           00000006
ADCON0                            0000001F
ADCON1                            0000009F
ADCS0                             00000006
ADCS1                             00000007
ADDEN                             00000003
ADFM                              00000007
ADIE                              00000006
ADIF                              00000006
ADON                              00000000
ADRESH                            0000001E
ADRESL                            0000009E
Ana_program                       00000032
BCLIE                             00000003
BCLIF                             00000003
BF                                00000000
BRGH                              00000002
C                                 00000000
C1INV                             00000004
C1OUT                             00000006
C2INV                             00000005
C2OUT                             00000007
CCP1CON                           00000017
CCP1IE                            00000002
CCP1IF                            00000002
CCP1M0                            00000000
CCP1M1                            00000001
CCP1M2                            00000002
CCP1M3                            00000003
CCP1X                             00000005
CCP1Y                             00000004
CCP2CON                           0000001D
CCP2IE                            00000000
CCP2IF                            00000000
CCP2M0                            00000000
CCP2M1                            00000001
CCP2M2                            00000002
CCP2M3                            00000003
CCP2X                             00000005
CCP2Y                             00000004
CCPR1H                            00000016
CCPR1L                            00000015
CCPR2H                            0000001C
CCPR2L                            0000001B
CHS0                              00000003
CHS1                              00000004
CHS2                              00000005
CIS                               00000003
CKE                               00000006
CKP                               00000004
CM0                               00000000
MPASM  4.02 Released                           PROG_6_8_1.ASM   8-10-2006  15:43:29         PAGE  5


SYMBOL TABLE
  LABEL                             VALUE 

CM1                               00000001
CM2                               00000002
CMCON                             0000009C
CMIE                              00000006
CMIF                              00000006
CREN                              00000004
CSRC                              00000007
CVR0                              00000000
CVR1                              00000001
CVR2                              00000002
CVR3                              00000003
CVRCON                            0000009D
CVREN                             00000007
CVROE                             00000006
CVRR                              00000005
D                                 00000005
DATA_ADDRESS                      00000005
DC                                00000001
D_A                               00000005
EEADR                             0000010D
EEADRH                            0000010F
EECON1                            0000018C
EECON2                            0000018D
EEDATA                            0000010C
EEDATH                            0000010E
EEIE                              00000004
EEIF                              00000004
EEPGD                             00000007
F                                 00000001
F628_Data                         00000020
FERR                              00000002
FSR                               00000004
GCEN                              00000007
GIE                               00000007
GO                                00000002
GO_DONE                           00000002
I2C_DATA                          00000005
I2C_READ                          00000002
I2C_START                         00000003
I2C_STOP                          00000004
IBF                               00000007
IBOV                              00000005
INDF                              00000000
INTCON                            0000000B
INTE                              00000004
INTEDG                            00000006
INTF                              00000001
IRP                               00000007
Ilk_islemler                      00000029
Karakter_Gonder                   0000000F
LED_YAK                           0000000C
NOT_A                             00000005
NOT_ADDRESS                       00000005
MPASM  4.02 Released                           PROG_6_8_1.ASM   8-10-2006  15:43:29         PAGE  6


SYMBOL TABLE
  LABEL                             VALUE 

NOT_BO                            00000000
NOT_BOR                           00000000
NOT_DONE                          00000002
NOT_PD                            00000003
NOT_POR                           00000001
NOT_RBPU                          00000007
NOT_RC8                           00000006
NOT_T1SYNC                        00000002
NOT_TO                            00000004
NOT_TX8                           00000006
NOT_W                             00000002
NOT_WRITE                         00000002
OBF                               00000006
OERR                              00000001
OPTION_REG                        00000081
P                                 00000004
PCFG0                             00000000
PCFG1                             00000001
PCFG2                             00000002
PCFG3                             00000003
PCL                               00000002
PCLATH                            0000000A
PCON                              0000008E
PEIE                              00000006
PEN                               00000002
PIE1                              0000008C
PIE2                              0000008D
PIR1                              0000000C
PIR2                              0000000D
PORTA                             00000005
PORTB                             00000006
PORTC                             00000007
PORTD                             00000008
PORTE                             00000009
PR2                               00000092
PS0                               00000000
PS1                               00000001
PS2                               00000002
PSA                               00000003
PSPIE                             00000007
PSPIF                             00000007
PSPMODE                           00000004
R                                 00000002
RBIE                              00000003
RBIF                              00000000
RC8_9                             00000006
RC9                               00000006
RCD8                              00000000
RCEN                              00000003
RCIE                              00000005
RCIF                              00000005
RCREG                             0000001A
RCSTA                             00000018
MPASM  4.02 Released                           PROG_6_8_1.ASM   8-10-2006  15:43:29         PAGE  7


SYMBOL TABLE
  LABEL                             VALUE 

RD                                00000000
READ_WRITE                        00000002
RP0                               00000005
RP1                               00000006
RSEN                              00000001
RX9                               00000006
RX9D                              00000000
R_W                               00000002
RcTx_ilk_islemler                 00000019
S                                 00000003
SEN                               00000000
SMP                               00000007
SONDUR_KONTROL                    0000003C
SPBRG                             00000099
SPEN                              00000007
SREN                              00000005
SSPADD                            00000093
SSPBUF                            00000013
SSPCON                            00000014
SSPCON2                           00000091
SSPEN                             00000005
SSPIE                             00000003
SSPIF                             00000003
SSPM0                             00000000
SSPM1                             00000001
SSPM2                             00000002
SSPM3                             00000003
SSPOV                             00000006
SSPSTAT                           00000094
STATUS                            00000003
SYNC                              00000004
T0CS                              00000005
T0IE                              00000005
T0IF                              00000002
T0SE                              00000004
T1CKPS0                           00000004
T1CKPS1                           00000005
T1CON                             00000010
T1INSYNC                          00000002
T1OSCEN                           00000003
T1SYNC                            00000002
T2CKPS0                           00000000
T2CKPS1                           00000001
T2CON                             00000012
TMR0                              00000001
TMR0IE                            00000005
TMR0IF                            00000002
TMR1CS                            00000001
TMR1H                             0000000F
TMR1IE                            00000000
TMR1IF                            00000000
TMR1L                             0000000E
TMR1ON                            00000000
MPASM  4.02 Released                           PROG_6_8_1.ASM   8-10-2006  15:43:29         PAGE  8


SYMBOL TABLE
  LABEL                             VALUE 

TMR2                              00000011
TMR2IE                            00000001
TMR2IF                            00000001
TMR2ON                            00000002
TOUTPS0                           00000003
TOUTPS1                           00000004
TOUTPS2                           00000005
TOUTPS3                           00000006
TRISA                             00000085
TRISB                             00000086
TRISC                             00000087
TRISD                             00000088
TRISE                             00000089
TRISE0                            00000000
TRISE1                            00000001
TRISE2                            00000002
TRMT                              00000001
TX8_9                             00000006
TX9                               00000006
TX9D                              00000000
TXD8                              00000000
TXEN                              00000005
TXIE                              00000004
TXIF                              00000004
TXREG                             00000019
TXSTA                             00000098
UA                                00000001
W                                 00000000
WCOL                              00000007
WR                                00000001
WREN                              00000002
WRERR                             00000003
YAK_KONTROL                       00000035
Z                                 00000002
_BODEN_OFF                        00003FBF
_BODEN_ON                         00003FFF
_CPD_OFF                          00003FFF
_CPD_ON                           00003EFF
_CP_ALL                           00001FFF
_CP_OFF                           00003FFF
_DEBUG_OFF                        00003FFF
_DEBUG_ON                         000037FF
_HS_OSC                           00003FFE
_LP_OSC                           00003FFC
_LVP_OFF                          00003F7F
_LVP_ON                           00003FFF
_PWRTE_OFF                        00003FFF
_PWRTE_ON                         00003FF7
_RC_OSC                           00003FFF
_WDT_OFF                          00003FFB
_WDT_ON                           00003FFF
_WRT_1FOURTH                      00003BFF
_WRT_256                          00003DFF
MPASM  4.02 Released                           PROG_6_8_1.ASM   8-10-2006  15:43:29         PAGE  9


SYMBOL TABLE
  LABEL                             VALUE 

_WRT_HALF                         000039FF
_WRT_OFF                          00003FFF
_XT_OSC                           00003FFD
__16F877A                         00000001
int_sonu                          0000000D
interrupt                         00000004


MEMORY USAGE MAP ('X' = Used,  '-' = Unused)

0000 : XX--XXXXXXXXXXXX XXXXXXXXXXXXXXXX XXXXXXXXXXXXXXXX XXXXXXXXXXXXXXXX
0040 : X--------------- ---------------- ---------------- ----------------
2000 : -------X-------- ---------------- ---------------- ----------------

All other memory blocks unused.

Program Memory Words Used:    63
Program Memory Words Free:  8129


Errors   :     0
Warnings :     0 reported,     0 suppressed
Messages :     8 reported,     0 suppressed

