MPASM  4.02 Released                             PROG_6_3.ASM   8-10-2006  15:12:38         PAGE  1


LOC  OBJECT CODE     LINE SOURCE TEXT
  VALUE

                      00001 ;*******************************************************************
                      00002 ;       Dosya Adý               : 6_3.asm
                      00003 ;       Programýn Amacý         : SFR’siz senkron seri veri iletiþimi
                      00004 ;                                (74HC597 kullanýlarak).
                      00005 ;       PIC DK 2.1              : PORTB<0:4> Çýkýþ ==> LED
                      00006 ;                               : XT ==> 4Mhz
                      00007 ;*******************************************************************
                      00008         list p=16F877A
                      00009         include "p16F877A.inc"  
                      00001         LIST
                      00002 ; P16F877A.INC  Standard Header File, Version 1.00    Microchip Technology, Inc.
                      00398         LIST
2007   3F31           00010         __config H'3F31'        ;PWRT on, diðerleri kapalý, 
                      00011                                 ;Osilatör XT ve 4Mhz.
                      00012 ;-------------------------------------------------------------------
                      00013 ; Genel tanýmlamalar ve deðiþken tanýmlamalarý yapýlýyor.
                      00014 ;-------------------------------------------------------------------
                      00015 #define hc597_port      PORTB           ;74HC597’ün baðlý olduðu 
                      00016                                         ;port tanýmý yapýlýyor.
                      00017 #define LOAD_Pin        0               ;Load pininin iþlemciye baðlý 
                      00018                                         ;olduðu pin tanýmlanýyor.
                      00019 #define DATA_Pin        1               ;Data pininin iþlemciye baðlý 
                      00020                                         ;olduðu pin tanýmlanýyor.
                      00021 #define CLK_Pin 2                       ;Clock pininin iþlemciye baðlý 
                      00022                                         ;olduðu pin tanýmlanýyor.
                      00023 #define LATCH_Pin       3               ;Latch pininin iþlemciye baðlý 
                      00024                                         ;olduðu pin tanýmlanýyor.
                      00025 
  00000020            00026 delay_ms_data           equ 0x20        ;delay_ms için 2 byte'lýk deðiþken 
                      00027                                         ;tanýmý yapýlýyor.
  00000022            00028 i                       equ 0x22        ;Transfer edilecek verinin bit 
                      00029                                         ;sýrasýný tespit deðiþkeni.
  00000023            00030 hc597_data              equ 0x23        ;Okunacak veriyi tutan deðiþken.
                      00031 
0000                  00032         ORG     0                       ;Reset vektör adresi burasý. 
0000   118A 120A      00033         pagesel Ana_program             ;Ana programýn bulunduðu program 
                      00034                                         ;sayfasý seçildi.
0002   2831           00035         goto    Ana_program             ;Ana programa git.
                      00036 
0004                  00037         ORG     4
                      00038 ;-------------------------------------------------------------------
                      00039 ; hc597_Oku alt programý, 1 byte veriyi donaným modüllerini
                      00040 ; kullanmadan yalnýzca yazýlým ile 74HC597 entegresinden okuyup 
                      00041 ; iþlemciye transfer eder.
                      00042 ;-------------------------------------------------------------------
0004                  00043 hc597_Oku
0004   1283 1303      00044         Banksel hc597_port              ;hc597_port'nin bulunduðu 
                      00045                                         ;bank seçildi.
0006   1586           00046         bsf     hc597_port, LATCH_Pin   ;Anahtarlardan bilgi Latch'a 
                      00047                                         ;alýnýyor.
0007   0000           00048         nop
0008   1186           00049         bcf     hc597_port, LATCH_Pin
0009   1006           00050         bcf     hc597_port, LOAD_Pin    ;Latch'taki bilgi kaydýrmalý 
MPASM  4.02 Released                             PROG_6_3.ASM   8-10-2006  15:12:38         PAGE  2


LOC  OBJECT CODE     LINE SOURCE TEXT
  VALUE

                      00051                                         ;kaydediciye aktarýlýyor.
000A   0000           00052         nop
000B   1406           00053         bsf     hc597_port, LOAD_Pin
                      00054 
000C   3008           00055         movlw   8                       ;i deðiþkenine 8 bilgisi yüklendi.
000D   00A2           00056         movwf   i                       ;i, 8 bit’in de alýndýðýný kontrol 
                      00057                                         ;etmek için kullanýlýyor.
000E                  00058 hc597_j0
000E   0DA3           00059         rlf     hc597_data, F
000F   1C86           00060         btfss   hc597_port, DATA_Pin    ;Data pininden gelen veri 1 
                      00061                                         ;ise bir komut atla.
0010   2813           00062         goto    hc597_j1                ;Gelen veri 0, o halde 
                      00063                                         ;hc597_j1'e git.
0011   1423           00064         bsf     hc597_data, 0           ;hc597_data deðiþkeninin 0.
                      00065                                         ;bit’ini set et.
0012   2814           00066         goto    hc597_j2                ;Clock palsi için devam.
0013                  00067 hc597_j1
0013   1023           00068         bcf     hc597_data, 0           ;hc597_data deðiþkeninin 0. 
                      00069                                         ;bit’ini reset et.
0014                  00070 hc597_j2
0014   1506           00071         bsf     hc597_port, CLK_Pin     ;74HC597'in CLK pinine inen 
                      00072                                         ;darbe kenarý uygulanýyor.
0015   0000           00073         nop
0016   1106           00074         bcf     hc597_port, CLK_Pin
0017   0BA2           00075         decfsz  i, F                    ; i sayacýný bir azalt ve 8 bit’in
                      00076                                         ;tamamý okundu ise bir komut atla.
0018   280E           00077         goto    hc597_j0
0019   0008           00078         return
                      00079 ;-------------------------------------------------------------------
                      00080 ; delay_ms alt programý 1-255 ms arasýnda deðiþken bekleme süresi 
                      00081 ; saðlar delay_ms_data yüksek byte deðiþkenine yüklenecek deðer 
                      00082 ; kadar ms olarak gecikme saðlar.
                      00083 ;-------------------------------------------------------------------
001A                  00084 delay_ms
001A                  00085 delay_j0
001A   308E           00086         movlw   D'142'                  ;1 ms gecikme için taban deðer.
001B   00A1           00087         movwf   delay_ms_data+1         ;delay parametresinin düþük 
                      00088                                         ;byte'ýna yüklendi.
001C   0000           00089         nop                             ;2 us bekle.
001D   0000           00090         nop
001E                  00091 delay_j1
001E   0000           00092         nop                             ;4 us gecikme.
001F   0000           00093         nop
0020   0000           00094         nop
0021   0000           00095         nop
0022   0BA1           00096         decfsz  delay_ms_data+1, F      ;delay parametresinin düþük 
                      00097                                         ;byte'ýný azalt sýfýrsa komut atla.
0023   281E           00098         goto    delay_j1                ;Henüz 1 ms gecikme saðlanamadý, 
                      00099                                         ;düþük byte'ý azaltmaya devam et
0024   0000           00100         nop                             ;1 us bekle.
0025   0BA0           00101         decfsz  delay_ms_data, F        ;delay parametresinin yüksek 
                      00102                                         ;byte'ýný azalt sýfýrsa komut atla.
0026   281A           00103         goto    delay_j0                ;1 ms beklemeyi tekrarla.
MPASM  4.02 Released                             PROG_6_3.ASM   8-10-2006  15:12:38         PAGE  3


LOC  OBJECT CODE     LINE SOURCE TEXT
  VALUE

0027   0000           00104         nop                             ;1 us bekle.
0028   0008           00105         return                          ;Alt programdan çýkýþ.
                      00106 ;-------------------------------------------------------------------
                      00107 ; delay_5s alt programý 5 saniye gecikme için 20 kez 250 ms gecikme 
                      00108 ; iþlemi gerçekleþtirir. Delay sonucunda 5 saniyeye çok yakýn bir 
                      00109 ; gecikme saðlanýr.
                      00110 ;-------------------------------------------------------------------
0029                  00111 delay_5s
0029   3014           00112         movlw   0x14                    ;20 * 250ms = 5000ms 
002A   00A2           00113         movwf   i
002B                  00114 delay_5s_j0     
002B   30FA           00115         movlw   D'250'                  ;250 ms deðerini delay_ms_data 
                      00116                                         ;deðiþkenine yaz.
002C   00A0           00117         movwf   delay_ms_data   
002D   201A           00118         call    delay_ms                ;250 ms bekle.
002E   0BA2           00119         decfsz  i, F
002F   282B           00120         goto    delay_5s_j0
0030   0008           00121         return
                      00122 ;-------------------------------------------------------------------
                      00123 ; Ana program 74HC597 entegresine baðlý anahtarlardan alýnan 
                      00124 ; bilginin donaným modülleri kullanýlmadan yalnýzca yazýlým ile 
                      00125 ; okunarak PORTB’nin en deðerli 4 çýkýþýnda (RB7 - RB4) 5 sn 
                      00126 ; aralýklarla görüntülenmesini saðlar.
                      00127 ;-------------------------------------------------------------------
0031                  00128 Ana_program
0031   1683 1303      00129         banksel TRISB                   ;TRISB’nin bulunduðu banka geç.
0033   3002           00130         movlw   2
Message[302]: Register in operand not in bank 0.  Ensure that bank bits are correct.
0034   0086           00131         movwf   TRISB                   ;PORTB’nin RB1 pini giriþ, diðer 
                      00132                                         ;pinleri çýkýþ yapýldý.
0035   1283 1303      00133         Banksel PORTB                   ;PORTB’nin bulunduðu banka geç.
0037   0186           00134         clrf    PORTB                   ;PORTB'nin pinlerinin ilk andaki 
                      00135                                         ;çýkýþlarý sýfýr.
0038                  00136 Ana_j0
0038   2004           00137         call    hc597_Oku               ;hc597_data deðiþkenindeki deðeri 
                      00138                                         ;74HC597’e yaz.
0039   0823           00139         movf    hc597_data, W           ;hc597_data deðiþkeninde bulunan 
                      00140                                         ;veriyi W’ye aktar.
003A   39F0           00141         andlw   0xF0                    ;Verinin en deðerli 4 bit’ini al.
003B   0086           00142         movwf   PORTB                   ;En deðerli 4 anahtarýn konumlarýný 
                      00143                                         ;PORTB’nin RB7-RB4 çýkýþlarýnda 
                      00144                                         ;göster.
003C   2029           00145         call    delay_5s                ;5 saniye bekle.
003D   0E23           00146         swapf   hc597_data, W           ;hc597_data deðiþkeninde bulunan 
                      00147                                         ;verinin en deðerli ve en deðersiz 
                      00148                                         ;4 bit’ini yer deðiþtirerek W’ye 
                      00149                                         ;aktar.
003E   39F0           00150         andlw   0xF0                    ;Verinin en deðersiz 4 bit’i artýk 
                      00151                                         ;W’nin en deðerli 4 bit’i durumunda
003F   0086           00152         movwf   PORTB                   ;En deðersiz 4 anahtarýn 
                      00153                                         ;konumlarýný PORTB’nin RB7-RB4 
                      00154                                         ;çýkýþlarýnda göster.
0040   2029           00155         call    delay_5s                ;5 sn bekle.
MPASM  4.02 Released                             PROG_6_3.ASM   8-10-2006  15:12:38         PAGE  4


LOC  OBJECT CODE     LINE SOURCE TEXT
  VALUE

0041   2838           00156         goto    Ana_j0                  ;Ana_j0 etiketine git.
                      00157 
                      00158         END
MPASM  4.02 Released                             PROG_6_3.ASM   8-10-2006  15:12:38         PAGE  5


SYMBOL TABLE
  LABEL                             VALUE 

ACKDT                             00000005
ACKEN                             00000004
ACKSTAT                           00000006
ADCON0                            0000001F
ADCON1                            0000009F
ADCS0                             00000006
ADCS1                             00000007
ADDEN                             00000003
ADFM                              00000007
ADIE                              00000006
ADIF                              00000006
ADON                              00000000
ADRESH                            0000001E
ADRESL                            0000009E
Ana_j0                            00000038
Ana_program                       00000031
BCLIE                             00000003
BCLIF                             00000003
BF                                00000000
BRGH                              00000002
C                                 00000000
C1INV                             00000004
C1OUT                             00000006
C2INV                             00000005
C2OUT                             00000007
CCP1CON                           00000017
CCP1IE                            00000002
CCP1IF                            00000002
CCP1M0                            00000000
CCP1M1                            00000001
CCP1M2                            00000002
CCP1M3                            00000003
CCP1X                             00000005
CCP1Y                             00000004
CCP2CON                           0000001D
CCP2IE                            00000000
CCP2IF                            00000000
CCP2M0                            00000000
CCP2M1                            00000001
CCP2M2                            00000002
CCP2M3                            00000003
CCP2X                             00000005
CCP2Y                             00000004
CCPR1H                            00000016
CCPR1L                            00000015
CCPR2H                            0000001C
CCPR2L                            0000001B
CHS0                              00000003
CHS1                              00000004
CHS2                              00000005
CIS                               00000003
CKE                               00000006
CKP                               00000004
MPASM  4.02 Released                             PROG_6_3.ASM   8-10-2006  15:12:38         PAGE  6


SYMBOL TABLE
  LABEL                             VALUE 

CLK_Pin                           2
CM0                               00000000
CM1                               00000001
CM2                               00000002
CMCON                             0000009C
CMIE                              00000006
CMIF                              00000006
CREN                              00000004
CSRC                              00000007
CVR0                              00000000
CVR1                              00000001
CVR2                              00000002
CVR3                              00000003
CVRCON                            0000009D
CVREN                             00000007
CVROE                             00000006
CVRR                              00000005
D                                 00000005
DATA_ADDRESS                      00000005
DATA_Pin                          1
DC                                00000001
D_A                               00000005
EEADR                             0000010D
EEADRH                            0000010F
EECON1                            0000018C
EECON2                            0000018D
EEDATA                            0000010C
EEDATH                            0000010E
EEIE                              00000004
EEIF                              00000004
EEPGD                             00000007
F                                 00000001
FERR                              00000002
FSR                               00000004
GCEN                              00000007
GIE                               00000007
GO                                00000002
GO_DONE                           00000002
I2C_DATA                          00000005
I2C_READ                          00000002
I2C_START                         00000003
I2C_STOP                          00000004
IBF                               00000007
IBOV                              00000005
INDF                              00000000
INTCON                            0000000B
INTE                              00000004
INTEDG                            00000006
INTF                              00000001
IRP                               00000007
LATCH_Pin                         3
LOAD_Pin                          0
NOT_A                             00000005
MPASM  4.02 Released                             PROG_6_3.ASM   8-10-2006  15:12:38         PAGE  7


SYMBOL TABLE
  LABEL                             VALUE 

NOT_ADDRESS                       00000005
NOT_BO                            00000000
NOT_BOR                           00000000
NOT_DONE                          00000002
NOT_PD                            00000003
NOT_POR                           00000001
NOT_RBPU                          00000007
NOT_RC8                           00000006
NOT_T1SYNC                        00000002
NOT_TO                            00000004
NOT_TX8                           00000006
NOT_W                             00000002
NOT_WRITE                         00000002
OBF                               00000006
OERR                              00000001
OPTION_REG                        00000081
P                                 00000004
PCFG0                             00000000
PCFG1                             00000001
PCFG2                             00000002
PCFG3                             00000003
PCL                               00000002
PCLATH                            0000000A
PCON                              0000008E
PEIE                              00000006
PEN                               00000002
PIE1                              0000008C
PIE2                              0000008D
PIR1                              0000000C
PIR2                              0000000D
PORTA                             00000005
PORTB                             00000006
PORTC                             00000007
PORTD                             00000008
PORTE                             00000009
PR2                               00000092
PS0                               00000000
PS1                               00000001
PS2                               00000002
PSA                               00000003
PSPIE                             00000007
PSPIF                             00000007
PSPMODE                           00000004
R                                 00000002
RBIE                              00000003
RBIF                              00000000
RC8_9                             00000006
RC9                               00000006
RCD8                              00000000
RCEN                              00000003
RCIE                              00000005
RCIF                              00000005
RCREG                             0000001A
MPASM  4.02 Released                             PROG_6_3.ASM   8-10-2006  15:12:38         PAGE  8


SYMBOL TABLE
  LABEL                             VALUE 

RCSTA                             00000018
RD                                00000000
READ_WRITE                        00000002
RP0                               00000005
RP1                               00000006
RSEN                              00000001
RX9                               00000006
RX9D                              00000000
R_W                               00000002
S                                 00000003
SEN                               00000000
SMP                               00000007
SPBRG                             00000099
SPEN                              00000007
SREN                              00000005
SSPADD                            00000093
SSPBUF                            00000013
SSPCON                            00000014
SSPCON2                           00000091
SSPEN                             00000005
SSPIE                             00000003
SSPIF                             00000003
SSPM0                             00000000
SSPM1                             00000001
SSPM2                             00000002
SSPM3                             00000003
SSPOV                             00000006
SSPSTAT                           00000094
STATUS                            00000003
SYNC                              00000004
T0CS                              00000005
T0IE                              00000005
T0IF                              00000002
T0SE                              00000004
T1CKPS0                           00000004
T1CKPS1                           00000005
T1CON                             00000010
T1INSYNC                          00000002
T1OSCEN                           00000003
T1SYNC                            00000002
T2CKPS0                           00000000
T2CKPS1                           00000001
T2CON                             00000012
TMR0                              00000001
TMR0IE                            00000005
TMR0IF                            00000002
TMR1CS                            00000001
TMR1H                             0000000F
TMR1IE                            00000000
TMR1IF                            00000000
TMR1L                             0000000E
TMR1ON                            00000000
TMR2                              00000011
MPASM  4.02 Released                             PROG_6_3.ASM   8-10-2006  15:12:38         PAGE  9


SYMBOL TABLE
  LABEL                             VALUE 

TMR2IE                            00000001
TMR2IF                            00000001
TMR2ON                            00000002
TOUTPS0                           00000003
TOUTPS1                           00000004
TOUTPS2                           00000005
TOUTPS3                           00000006
TRISA                             00000085
TRISB                             00000086
TRISC                             00000087
TRISD                             00000088
TRISE                             00000089
TRISE0                            00000000
TRISE1                            00000001
TRISE2                            00000002
TRMT                              00000001
TX8_9                             00000006
TX9                               00000006
TX9D                              00000000
TXD8                              00000000
TXEN                              00000005
TXIE                              00000004
TXIF                              00000004
TXREG                             00000019
TXSTA                             00000098
UA                                00000001
W                                 00000000
WCOL                              00000007
WR                                00000001
WREN                              00000002
WRERR                             00000003
Z                                 00000002
_BODEN_OFF                        00003FBF
_BODEN_ON                         00003FFF
_CPD_OFF                          00003FFF
_CPD_ON                           00003EFF
_CP_ALL                           00001FFF
_CP_OFF                           00003FFF
_DEBUG_OFF                        00003FFF
_DEBUG_ON                         000037FF
_HS_OSC                           00003FFE
_LP_OSC                           00003FFC
_LVP_OFF                          00003F7F
_LVP_ON                           00003FFF
_PWRTE_OFF                        00003FFF
_PWRTE_ON                         00003FF7
_RC_OSC                           00003FFF
_WDT_OFF                          00003FFB
_WDT_ON                           00003FFF
_WRT_1FOURTH                      00003BFF
_WRT_256                          00003DFF
_WRT_HALF                         000039FF
_WRT_OFF                          00003FFF
MPASM  4.02 Released                             PROG_6_3.ASM   8-10-2006  15:12:38         PAGE 10


SYMBOL TABLE
  LABEL                             VALUE 

_XT_OSC                           00003FFD
__16F877A                         00000001
delay_5s                          00000029
delay_5s_j0                       0000002B
delay_j0                          0000001A
delay_j1                          0000001E
delay_ms                          0000001A
delay_ms_data                     00000020
hc597_Oku                         00000004
hc597_data                        00000023
hc597_j0                          0000000E
hc597_j1                          00000013
hc597_j2                          00000014
hc597_port                        PORTB
i                                 00000022


MEMORY USAGE MAP ('X' = Used,  '-' = Unused)

0000 : XXX-XXXXXXXXXXXX XXXXXXXXXXXXXXXX XXXXXXXXXXXXXXXX XXXXXXXXXXXXXXXX
0040 : XX-------------- ---------------- ---------------- ----------------
2000 : -------X-------- ---------------- ---------------- ----------------

All other memory blocks unused.

Program Memory Words Used:    65
Program Memory Words Free:  8127


Errors   :     0
Warnings :     0 reported,     0 suppressed
Messages :     1 reported,     0 suppressed

