MPASM  4.02 Released                          PROG_6_11_1.ASM   8-10-2006  15:57:23         PAGE  1


LOC  OBJECT CODE     LINE SOURCE TEXT
  VALUE

                      00001 ;*****************************************************************
                      00002 ;       Dosya Adý               : 6_11_1.asm
                      00003 ;       Programýn Amacý         : USART Modülü Ýle Ýki Mikrodenetleyici
                      00004 ;                               Arasýnda Master/Slave Senkron Seri Veri Ýletiþimi
                      00005 ;       Notlar                  : XT ==> 4Mhz
                      00006 ;******************************************************************* 
Warning[205]: Found directive in column 1. (list)
Warning[215]: Processor superseded by command line.  Verify processor symbol.
                      00007 list      p=16f877A
                      00008         #include <p16F877A.inc>
                      00001         LIST
                      00002 ; P16F877A.INC  Standard Header File, Version 1.00    Microchip Technology, Inc.
Message[301]: MESSAGE: (Processor-header file mismatch.  Verify selected processor.)
                      00398         LIST
2007   3F31           00009         __config H'3F31'                ;PWRT on, diðerleri kapalý, 
                      00010                                         ;Osilatör XT ve 4 Mhz.
                      00011 ;-------------------------------------------------------------------
                      00012 ; Deðiþken tanýmlama
                      00013 ;-------------------------------------------------------------------
  00000020            00014 delay_ms_data    equ 0x20       ;delay_ms için 2 byte'lýk deðiþken 
                      00015                                 ;tanýmý yapýlýyor.
  00000022            00016 sayac            equ 0x22
                      00017 
0000                  00018         ORG    0x000
0000   2801           00019         goto    main
                      00020 ;-------------------------------------------------------------------
                      00021 ; Ana program
                      00022 ;-------------------------------------------------------------------
0001                  00023 main
0001   2009           00024         call    initial                 ;PIC 16F877A’nýn portlarýný ayarla.
0002                  00025 tekrar          
Message[305]: Using default destination of 1 (file).
0002   0AA2           00026         incf    sayac                   ;sayac deðerini bir artýr.
0003   0822           00027         movf    sayac, W                ;sayac deðeri W'de.
0004   202B           00028         call    snkMasterWrite          ;RC7, RC6'den senkron seri olarak
                      00029                                         ;gönder.
0005   30FA           00030         movlw   D'250'                  ;250 ms deðerini delay_ms_data
                      00031                                         ;deðiþkenine yaz.
0006   00A0           00032         movwf   delay_ms_data   ;
0007   201C           00033         call    delay_ms                ;250 ms bekle.
0008   2802           00034         goto    tekrar
                      00035 ;-------------------------------------------------------------------
                      00036 ; Ýlk iþlemler bölümü.
                      00037 ;-------------------------------------------------------------------
0009                  00038 initial
0009   1683           00039         bsf     STATUS,RP0              ;BANK1 seçildi.
Message[302]: Register in operand not in bank 0.  Ensure that bank bits are correct.
000A   0187           00040         clrf    TRISC                   ;PORTC çýkýþ yapýldý.
000B   3009           00041         movlw   0x09                    ;Baud Rate = Fosc/(4(X+1))
                      00042                                         ;Baud Rate = 4.000.000/(4*(9+1))
                      00043                                         ; = 4.000.000/40 =100.000 Hz.
000C   1683 1303      00044         banksel SPBRG
Message[302]: Register in operand not in bank 0.  Ensure that bank bits are correct.
MPASM  4.02 Released                          PROG_6_11_1.ASM   8-10-2006  15:57:23         PAGE  2


LOC  OBJECT CODE     LINE SOURCE TEXT
  VALUE

000E   0099           00045         movwf   SPBRG                   ;Baud Rate deðeri SPBRG 
                      00046                                         ;kaydedicisine yüklendi.
000F   1683 1303      00047         banksel TXSTA
Message[302]: Register in operand not in bank 0.  Ensure that bank bits are correct.
0011   1618           00048         bsf     TXSTA, SYNC             ;Senkron iletiþim seçildi.      
Message[302]: Register in operand not in bank 0.  Ensure that bank bits are correct.
0012   1798           00049         bsf     TXSTA, CSRC             ;Clock kaynaðý seçme bit’i set 
                      00050                                         ;edildi.Kaynak: BRG kaydedicisi.
Message[302]: Register in operand not in bank 0.  Ensure that bank bits are correct.
0013   160C           00051         bsf     PIE1, TXIE              ;Veri gönderme kesmesi 
                      00052                                         ;etkinleþtirildi
Message[302]: Register in operand not in bank 0.  Ensure that bank bits are correct.
0014   1318           00053         bcf     TXSTA, TX9              ;TX9 kullanýlmýyor, 8 bit veri 
                      00054                                         ;iletiþimi.
Message[302]: Register in operand not in bank 0.  Ensure that bank bits are correct.
0015   1698           00055         bsf     TXSTA, TXEN             ;Veri gönderme etkinleþtirildi.
0016   1283 1303      00056         banksel RCSTA                   ;BANK0 seçildi.
0018   1298           00057         bcf     RCSTA, SREN             ;Veri okuma olayý yok.
0019   1798           00058         bsf     RCSTA, SPEN             ;Senkron master seri port aktif 
                      00059                                         ;hale getirildi.
001A   01A2           00060         clrf    sayac
001B   0008           00061         return
                      00062 ;-------------------------------------------------------------------
                      00063 ; delay_ms alt programý 1-255 ms arasýnda deðiþken bekleme süresi 
                      00064 ; saðlar. delay_ms_data yüksek byte deðiþkenine yüklenecek deðer 
                      00065 ; kadar ms olarak gecikme saðlar
                      00066 ;-------------------------------------------------------------------
001C                  00067 delay_ms
001C                  00068 delay_j0
001C   308E           00069         movlw   D'142'                  ;1 ms gecikme için taban deðer.
001D   00A1           00070         movwf   delay_ms_data+1         ;delay parametresinin düþük
                      00071                                         ;byte'ýna yüklendi.
001E   0000           00072         nop                             ;2 us bekle.
001F   0000           00073         nop
0020                  00074 delay_j1
0020   0000           00075         nop                             ;4 us gecikme.
0021   0000           00076         nop
0022   0000           00077         nop
0023   0000           00078         nop
0024   0BA1           00079         decfsz  delay_ms_data+1, F      ;delay parametresinin düþük 
                      00080                                         ;byte'ýný azalt sýfýrsa bir komut 
                      00081                                         ;atla.
0025   2820           00082         goto    delay_j1                ;Henüz 1 ms gecikme saðlanamadý, 
                      00083                                         ;düþük byte'ý azaltmaya devam et.
0026   0000           00084         nop                             ;1 us bekle.
0027   0BA0           00085         decfsz  delay_ms_data, F        ;delay parametresinin yüksek 
                      00086                                         ;byte'ýný azalt sýfýrsa bir komut 
                      00087                                         ;atla.
0028   281C           00088         goto    delay_j0                ;1 ms beklemeyi tekrarla.
0029   0000           00089         nop                             ;1 us bekle.
002A   0008           00090         return                          ;Alt programdan çýkýþ.
                      00091 
002B                  00092 snkMasterWrite
MPASM  4.02 Released                          PROG_6_11_1.ASM   8-10-2006  15:57:23         PAGE  3


LOC  OBJECT CODE     LINE SOURCE TEXT
  VALUE

002B   1283 1303      00093         banksel TXREG                   ;TXREG kaydedicisinin bulunduðu 
                      00094                                         ;bank seçildi.
002D   0099           00095         movwf   TXREG
002E   1283 1303      00096         banksel PIR1                    ;PIR1 kaydedicisinin bulunduðu bank 
                      00097                                         ;seçildi.
0030   1E0C           00098         btfss   PIR1, TXIF              ;set ise veri transfer edilmiþ 
                      00099                                         ;demektir, bir komut atla.
0031   2830           00100         goto    $-1                     ;Bir geriye git, tekrar kontrol et.
0032   120C           00101         bcf     PIR1, TXIF              ;Veri gönderme kesme bayraðýný sil.
0033   0008           00102         return
                      00103 
                      00104         END
MPASM  4.02 Released                          PROG_6_11_1.ASM   8-10-2006  15:57:23         PAGE  4


SYMBOL TABLE
  LABEL                             VALUE 

ACKDT                             00000005
ACKEN                             00000004
ACKSTAT                           00000006
ADCON0                            0000001F
ADCON1                            0000009F
ADCS0                             00000006
ADCS1                             00000007
ADDEN                             00000003
ADFM                              00000007
ADIE                              00000006
ADIF                              00000006
ADON                              00000000
ADRESH                            0000001E
ADRESL                            0000009E
BCLIE                             00000003
BCLIF                             00000003
BF                                00000000
BRGH                              00000002
C                                 00000000
C1INV                             00000004
C1OUT                             00000006
C2INV                             00000005
C2OUT                             00000007
CCP1CON                           00000017
CCP1IE                            00000002
CCP1IF                            00000002
CCP1M0                            00000000
CCP1M1                            00000001
CCP1M2                            00000002
CCP1M3                            00000003
CCP1X                             00000005
CCP1Y                             00000004
CCP2CON                           0000001D
CCP2IE                            00000000
CCP2IF                            00000000
CCP2M0                            00000000
CCP2M1                            00000001
CCP2M2                            00000002
CCP2M3                            00000003
CCP2X                             00000005
CCP2Y                             00000004
CCPR1H                            00000016
CCPR1L                            00000015
CCPR2H                            0000001C
CCPR2L                            0000001B
CHS0                              00000003
CHS1                              00000004
CHS2                              00000005
CIS                               00000003
CKE                               00000006
CKP                               00000004
CM0                               00000000
CM1                               00000001
MPASM  4.02 Released                          PROG_6_11_1.ASM   8-10-2006  15:57:23         PAGE  5


SYMBOL TABLE
  LABEL                             VALUE 

CM2                               00000002
CMCON                             0000009C
CMIE                              00000006
CMIF                              00000006
CREN                              00000004
CSRC                              00000007
CVR0                              00000000
CVR1                              00000001
CVR2                              00000002
CVR3                              00000003
CVRCON                            0000009D
CVREN                             00000007
CVROE                             00000006
CVRR                              00000005
D                                 00000005
DATA_ADDRESS                      00000005
DC                                00000001
D_A                               00000005
EEADR                             0000010D
EEADRH                            0000010F
EECON1                            0000018C
EECON2                            0000018D
EEDATA                            0000010C
EEDATH                            0000010E
EEIE                              00000004
EEIF                              00000004
EEPGD                             00000007
F                                 00000001
FERR                              00000002
FSR                               00000004
GCEN                              00000007
GIE                               00000007
GO                                00000002
GO_DONE                           00000002
I2C_DATA                          00000005
I2C_READ                          00000002
I2C_START                         00000003
I2C_STOP                          00000004
IBF                               00000007
IBOV                              00000005
INDF                              00000000
INTCON                            0000000B
INTE                              00000004
INTEDG                            00000006
INTF                              00000001
IRP                               00000007
NOT_A                             00000005
NOT_ADDRESS                       00000005
NOT_BO                            00000000
NOT_BOR                           00000000
NOT_DONE                          00000002
NOT_PD                            00000003
NOT_POR                           00000001
MPASM  4.02 Released                          PROG_6_11_1.ASM   8-10-2006  15:57:23         PAGE  6


SYMBOL TABLE
  LABEL                             VALUE 

NOT_RBPU                          00000007
NOT_RC8                           00000006
NOT_T1SYNC                        00000002
NOT_TO                            00000004
NOT_TX8                           00000006
NOT_W                             00000002
NOT_WRITE                         00000002
OBF                               00000006
OERR                              00000001
OPTION_REG                        00000081
P                                 00000004
PCFG0                             00000000
PCFG1                             00000001
PCFG2                             00000002
PCFG3                             00000003
PCL                               00000002
PCLATH                            0000000A
PCON                              0000008E
PEIE                              00000006
PEN                               00000002
PIE1                              0000008C
PIE2                              0000008D
PIR1                              0000000C
PIR2                              0000000D
PORTA                             00000005
PORTB                             00000006
PORTC                             00000007
PORTD                             00000008
PORTE                             00000009
PR2                               00000092
PS0                               00000000
PS1                               00000001
PS2                               00000002
PSA                               00000003
PSPIE                             00000007
PSPIF                             00000007
PSPMODE                           00000004
R                                 00000002
RBIE                              00000003
RBIF                              00000000
RC8_9                             00000006
RC9                               00000006
RCD8                              00000000
RCEN                              00000003
RCIE                              00000005
RCIF                              00000005
RCREG                             0000001A
RCSTA                             00000018
RD                                00000000
READ_WRITE                        00000002
RP0                               00000005
RP1                               00000006
RSEN                              00000001
MPASM  4.02 Released                          PROG_6_11_1.ASM   8-10-2006  15:57:23         PAGE  7


SYMBOL TABLE
  LABEL                             VALUE 

RX9                               00000006
RX9D                              00000000
R_W                               00000002
S                                 00000003
SEN                               00000000
SMP                               00000007
SPBRG                             00000099
SPEN                              00000007
SREN                              00000005
SSPADD                            00000093
SSPBUF                            00000013
SSPCON                            00000014
SSPCON2                           00000091
SSPEN                             00000005
SSPIE                             00000003
SSPIF                             00000003
SSPM0                             00000000
SSPM1                             00000001
SSPM2                             00000002
SSPM3                             00000003
SSPOV                             00000006
SSPSTAT                           00000094
STATUS                            00000003
SYNC                              00000004
T0CS                              00000005
T0IE                              00000005
T0IF                              00000002
T0SE                              00000004
T1CKPS0                           00000004
T1CKPS1                           00000005
T1CON                             00000010
T1INSYNC                          00000002
T1OSCEN                           00000003
T1SYNC                            00000002
T2CKPS0                           00000000
T2CKPS1                           00000001
T2CON                             00000012
TMR0                              00000001
TMR0IE                            00000005
TMR0IF                            00000002
TMR1CS                            00000001
TMR1H                             0000000F
TMR1IE                            00000000
TMR1IF                            00000000
TMR1L                             0000000E
TMR1ON                            00000000
TMR2                              00000011
TMR2IE                            00000001
TMR2IF                            00000001
TMR2ON                            00000002
TOUTPS0                           00000003
TOUTPS1                           00000004
TOUTPS2                           00000005
MPASM  4.02 Released                          PROG_6_11_1.ASM   8-10-2006  15:57:23         PAGE  8


SYMBOL TABLE
  LABEL                             VALUE 

TOUTPS3                           00000006
TRISA                             00000085
TRISB                             00000086
TRISC                             00000087
TRISD                             00000088
TRISE                             00000089
TRISE0                            00000000
TRISE1                            00000001
TRISE2                            00000002
TRMT                              00000001
TX8_9                             00000006
TX9                               00000006
TX9D                              00000000
TXD8                              00000000
TXEN                              00000005
TXIE                              00000004
TXIF                              00000004
TXREG                             00000019
TXSTA                             00000098
UA                                00000001
W                                 00000000
WCOL                              00000007
WR                                00000001
WREN                              00000002
WRERR                             00000003
Z                                 00000002
_BODEN_OFF                        00003FBF
_BODEN_ON                         00003FFF
_CPD_OFF                          00003FFF
_CPD_ON                           00003EFF
_CP_ALL                           00001FFF
_CP_OFF                           00003FFF
_DEBUG_OFF                        00003FFF
_DEBUG_ON                         000037FF
_HS_OSC                           00003FFE
_LP_OSC                           00003FFC
_LVP_OFF                          00003F7F
_LVP_ON                           00003FFF
_PWRTE_OFF                        00003FFF
_PWRTE_ON                         00003FF7
_RC_OSC                           00003FFF
_WDT_OFF                          00003FFB
_WDT_ON                           00003FFF
_WRT_1FOURTH                      00003BFF
_WRT_256                          00003DFF
_WRT_HALF                         000039FF
_WRT_OFF                          00003FFF
_XT_OSC                           00003FFD
__16F628A                         00000001
delay_j0                          0000001C
delay_j1                          00000020
delay_ms                          0000001C
delay_ms_data                     00000020
MPASM  4.02 Released                          PROG_6_11_1.ASM   8-10-2006  15:57:23         PAGE  9


SYMBOL TABLE
  LABEL                             VALUE 

initial                           00000009
main                              00000001
sayac                             00000022
snkMasterWrite                    0000002B
tekrar                            00000002


MEMORY USAGE MAP ('X' = Used,  '-' = Unused)

0000 : XXXXXXXXXXXXXXXX XXXXXXXXXXXXXXXX XXXXXXXXXXXXXXXX XXXX------------
2000 : -------X-------- ---------------- ---------------- ----------------

All other memory blocks unused.

Program Memory Words Used:    52
Program Memory Words Free:  1996


Errors   :     0
Warnings :     2 reported,     0 suppressed
Messages :     9 reported,     0 suppressed

