MPASM  4.02 Released                             PROG_5_2.ASM   8-10-2006  17:32:52         PAGE  1


LOC  OBJECT CODE     LINE SOURCE TEXT
  VALUE

                      00001 ;*******************************************************************
                      00002 ;       Dosya Adý               : 5_2.asm
                      00003 ;       Programýn Amacý         : CCP1 compare modunun kullanýlmasý.
                      00004 ;       Notlar                  : PORTB<0> Çýkýþ ==> LED
                      00005 ;                               : XT ==> 4Mhz
                      00006 ;*******************************************************************
                      00007         list p=16F877A
                      00008         include "p16F877A.inc" 
                      00001         LIST
                      00002 ; P16F877A.INC  Standard Header File, Version 1.00    Microchip Technology, Inc.
                      00398         LIST
2007   3F31           00009         __config H'3F31'                ;PWRT on, diðerleri kapalý. 
0000                  00010         ORG     0 
0000   118A 120A      00011         pagesel Ana_program             ;Ana programýn bulunduðu program 
                      00012                                         ;sayfasý seçildi.
0002   2828           00013         goto    Ana_program
0004                  00014         ORG     4
                      00015 ;-------------------------------------------------------------------
                      00016 ; Kesme alt programý CCP1IF kesmesini iþleyerek RB0'a baðlý LED
                      00017 ; üzerinde durumun gözlenmesini saðlar.
                      00018 ;-------------------------------------------------------------------
0004                  00019 interrupt
0004   118A 120A      00020         pagesel 0               ;0. program sayfasý seçildi.
0006   1283 1303      00021         banksel PIR1            ;BANK0 seçildi. PIR1 bu bankta.
0008   1D0C           00022         btfss   PIR1, 2         ;CCP1IF set ise bir komut atla.
0009   2810           00023         goto    Kesme_sonu      ;Kesme sonuna git.
000A   110C           00024         bcf     PIR1, 2         ;CCP1IF kesme bayraðýný sil.
000B   1C06           00025         btfss   PORTB, 0        ;LED yanýyormu? evet ise 1 komut atla
000C   280F           00026         goto    Led_yak         ;LED'i yakma kýsmýna git.
000D   1006           00027         bcf     PORTB, 0        ;LED'i söndür.
000E   2810           00028         goto    Kesme_sonu      ;Kesme sonuna git.
000F                  00029 Led_yak
000F   1406           00030         bsf     PORTB, 0        ;LED'i yak.
0010                  00031 Kesme_sonu
0010   0009           00032         retfie                  ;Kesmeden çýkýþ.
                      00033 
                      00034 ;-------------------------------------------------------------------
                      00035 ; Compare alt programý: Timer1'i 1:8 prescaler deðerde RC0'dan gelen 
                      00036 ; senkronizeli yükselen kenar tetiklemesinde artacak þekilde 
                      00037 ; ayarlýyor. Ayrýca CCP1 modülünü özel olay tetiklemeli compare moda 
                      00038 ; ayarlýyor.
                      00039 ;-------------------------------------------------------------------
0011                  00040 Compare_Ilk_Islemler
0011   1283 1303      00041         Banksel T1CON           ;BANK0 seçildi T1CON bu bankta.
0013   1010           00042         bcf     T1CON, 0        ;Timer1 modülü ilk anda kapalý tutuluyor.
0014   018E           00043         clrf    TMR1L           ;Timer1'in düþük byte'ý sýfýrlandý.
0015   018F           00044         clrf    TMR1H           ;Timer1'in yüksek byte'ý sýfýrlandý.
0016   3033           00045         movlw   0x33            ;TMR1 1:8 prescaler deðere ve 
                      00046                                 ;RC0/T1OSO/T1CKI giriþinden 
0017   0090           00047         movwf   T1CON           ;gelen yükselen 8.darbe kenarýnda artacak 
                      00048                                 ;þekilde ayarlandý.
0018   1110           00049         bcf     T1CON, 2        ;Senkronize external clock giriþi seçildi.
0019   1190           00050         bcf     T1CON, 3        ;Osilatör kapatýldý (extenal clock 
MPASM  4.02 Released                             PROG_5_2.ASM   8-10-2006  17:32:52         PAGE  2


LOC  OBJECT CODE     LINE SOURCE TEXT
  VALUE

                      00051                                 ;seçildiði için).
001A   0196           00052         clrf    CCPR1H
001B   3004           00053         movlw   0x04
001C   0095           00054         movwf   CCPR1L          ;Karþýlaþtýrma deðeri yükleniyor. 
                      00055                                 ;Gözlemlemede kolaylýk için 
                      00056                                 ;küçük deðer seçildi.
001D   300B           00057         movlw   0x0B            ;Karþýlaþtýrma sonucu eþit ise yazýlým 
                      00058                                 ;kesmesi oluþtur. (CCP1IF set)
001E   0097           00059         movwf   CCP1CON         ;Ayrýca Timer1 resetlenir. Özel olay 
                      00060                                 ;tetiklemeli mod.
001F   1683           00061         bsf     STATUS, RP0     ;BANK1 seçildi.
Message[302]: Register in operand not in bank 0.  Ensure that bank bits are correct.
0020   150C           00062         bsf     PIE1, 2         ;CCP1 modülü kesmesi CCP1IE set edildi.
0021   0008           00063         return
                      00064 ;-------------------------------------------------------------------
                      00065 ; Ýlk iþlemler alt programý: PORTB'nin çýkýþa yönlendirilmesinde 
                      00066 ; kullanýlýyor.
                      00067 ;-------------------------------------------------------------------
0022                  00068 Ilk_islemler
0022   1683 1303      00069         banksel TRISB           ;BANK1 seçildi.
Message[302]: Register in operand not in bank 0.  Ensure that bank bits are correct.
0024   0186           00070         clrf    TRISB           ;PORTB çýkýþa yönlendirildi.
0025   1283           00071         bcf     STATUS, RP0     ;BANK0 seçildi.
0026   0186           00072         clrf    PORTB           ;Ýlk durumda LED sönük.
0027   0008           00073         return
                      00074 ;-------------------------------------------------------------------
                      00075 ; Ana program bloðu: Ýlk iþlemler için alt programlarý çaðýrma ve 
                      00076 ; sonsuz boþ döngüden oluþuyor.
                      00077 ;-------------------------------------------------------------------
0028                  00078 Ana_program
0028   2022           00079         call    Ilk_islemler            ;Ýlk iþlemler alt programý 
                      00080                                         ;çaðrýlýyor.
0029   2011           00081         call    Compare_Ilk_Islemler    ;Compare ile ilgili ilk 
                      00082                                         ;iþlemler gerçekleþtiriliyor
002A   170B           00083         bsf     INTCON, PEIE            ;PEIE set edildi, Çevresel birim 
                      00084                                         ;kesmeleri aktif.
002B   178B           00085         bsf     INTCON, GIE             ;Etkinleþtirilen kesmelere genel 
                      00086                                         ;izin verildi.
002C   1283           00087         bcf     STATUS, RP0             ;BANK0 seçildi.
002D   1410           00088         bsf     T1CON, 0                ;Timer1 modülü çalýþmaya baþladý.
002E                  00089 Ana_j1
002E   282E           00090         goto    Ana_j1                  ;Sistem kapatýlana kadar ya da 
                      00091                                         ;resetlenene kadar boþ döngü.
                      00092         END                             ;Program sonu.
MPASM  4.02 Released                             PROG_5_2.ASM   8-10-2006  17:32:52         PAGE  3


SYMBOL TABLE
  LABEL                             VALUE 

ACKDT                             00000005
ACKEN                             00000004
ACKSTAT                           00000006
ADCON0                            0000001F
ADCON1                            0000009F
ADCS0                             00000006
ADCS1                             00000007
ADDEN                             00000003
ADFM                              00000007
ADIE                              00000006
ADIF                              00000006
ADON                              00000000
ADRESH                            0000001E
ADRESL                            0000009E
Ana_j1                            0000002E
Ana_program                       00000028
BCLIE                             00000003
BCLIF                             00000003
BF                                00000000
BRGH                              00000002
C                                 00000000
C1INV                             00000004
C1OUT                             00000006
C2INV                             00000005
C2OUT                             00000007
CCP1CON                           00000017
CCP1IE                            00000002
CCP1IF                            00000002
CCP1M0                            00000000
CCP1M1                            00000001
CCP1M2                            00000002
CCP1M3                            00000003
CCP1X                             00000005
CCP1Y                             00000004
CCP2CON                           0000001D
CCP2IE                            00000000
CCP2IF                            00000000
CCP2M0                            00000000
CCP2M1                            00000001
CCP2M2                            00000002
CCP2M3                            00000003
CCP2X                             00000005
CCP2Y                             00000004
CCPR1H                            00000016
CCPR1L                            00000015
CCPR2H                            0000001C
CCPR2L                            0000001B
CHS0                              00000003
CHS1                              00000004
CHS2                              00000005
CIS                               00000003
CKE                               00000006
CKP                               00000004
MPASM  4.02 Released                             PROG_5_2.ASM   8-10-2006  17:32:52         PAGE  4


SYMBOL TABLE
  LABEL                             VALUE 

CM0                               00000000
CM1                               00000001
CM2                               00000002
CMCON                             0000009C
CMIE                              00000006
CMIF                              00000006
CREN                              00000004
CSRC                              00000007
CVR0                              00000000
CVR1                              00000001
CVR2                              00000002
CVR3                              00000003
CVRCON                            0000009D
CVREN                             00000007
CVROE                             00000006
CVRR                              00000005
Compare_Ilk_Islemler              00000011
D                                 00000005
DATA_ADDRESS                      00000005
DC                                00000001
D_A                               00000005
EEADR                             0000010D
EEADRH                            0000010F
EECON1                            0000018C
EECON2                            0000018D
EEDATA                            0000010C
EEDATH                            0000010E
EEIE                              00000004
EEIF                              00000004
EEPGD                             00000007
F                                 00000001
FERR                              00000002
FSR                               00000004
GCEN                              00000007
GIE                               00000007
GO                                00000002
GO_DONE                           00000002
I2C_DATA                          00000005
I2C_READ                          00000002
I2C_START                         00000003
I2C_STOP                          00000004
IBF                               00000007
IBOV                              00000005
INDF                              00000000
INTCON                            0000000B
INTE                              00000004
INTEDG                            00000006
INTF                              00000001
IRP                               00000007
Ilk_islemler                      00000022
Kesme_sonu                        00000010
Led_yak                           0000000F
NOT_A                             00000005
MPASM  4.02 Released                             PROG_5_2.ASM   8-10-2006  17:32:52         PAGE  5


SYMBOL TABLE
  LABEL                             VALUE 

NOT_ADDRESS                       00000005
NOT_BO                            00000000
NOT_BOR                           00000000
NOT_DONE                          00000002
NOT_PD                            00000003
NOT_POR                           00000001
NOT_RBPU                          00000007
NOT_RC8                           00000006
NOT_T1SYNC                        00000002
NOT_TO                            00000004
NOT_TX8                           00000006
NOT_W                             00000002
NOT_WRITE                         00000002
OBF                               00000006
OERR                              00000001
OPTION_REG                        00000081
P                                 00000004
PCFG0                             00000000
PCFG1                             00000001
PCFG2                             00000002
PCFG3                             00000003
PCL                               00000002
PCLATH                            0000000A
PCON                              0000008E
PEIE                              00000006
PEN                               00000002
PIE1                              0000008C
PIE2                              0000008D
PIR1                              0000000C
PIR2                              0000000D
PORTA                             00000005
PORTB                             00000006
PORTC                             00000007
PORTD                             00000008
PORTE                             00000009
PR2                               00000092
PS0                               00000000
PS1                               00000001
PS2                               00000002
PSA                               00000003
PSPIE                             00000007
PSPIF                             00000007
PSPMODE                           00000004
R                                 00000002
RBIE                              00000003
RBIF                              00000000
RC8_9                             00000006
RC9                               00000006
RCD8                              00000000
RCEN                              00000003
RCIE                              00000005
RCIF                              00000005
RCREG                             0000001A
MPASM  4.02 Released                             PROG_5_2.ASM   8-10-2006  17:32:52         PAGE  6


SYMBOL TABLE
  LABEL                             VALUE 

RCSTA                             00000018
RD                                00000000
READ_WRITE                        00000002
RP0                               00000005
RP1                               00000006
RSEN                              00000001
RX9                               00000006
RX9D                              00000000
R_W                               00000002
S                                 00000003
SEN                               00000000
SMP                               00000007
SPBRG                             00000099
SPEN                              00000007
SREN                              00000005
SSPADD                            00000093
SSPBUF                            00000013
SSPCON                            00000014
SSPCON2                           00000091
SSPEN                             00000005
SSPIE                             00000003
SSPIF                             00000003
SSPM0                             00000000
SSPM1                             00000001
SSPM2                             00000002
SSPM3                             00000003
SSPOV                             00000006
SSPSTAT                           00000094
STATUS                            00000003
SYNC                              00000004
T0CS                              00000005
T0IE                              00000005
T0IF                              00000002
T0SE                              00000004
T1CKPS0                           00000004
T1CKPS1                           00000005
T1CON                             00000010
T1INSYNC                          00000002
T1OSCEN                           00000003
T1SYNC                            00000002
T2CKPS0                           00000000
T2CKPS1                           00000001
T2CON                             00000012
TMR0                              00000001
TMR0IE                            00000005
TMR0IF                            00000002
TMR1CS                            00000001
TMR1H                             0000000F
TMR1IE                            00000000
TMR1IF                            00000000
TMR1L                             0000000E
TMR1ON                            00000000
TMR2                              00000011
MPASM  4.02 Released                             PROG_5_2.ASM   8-10-2006  17:32:52         PAGE  7


SYMBOL TABLE
  LABEL                             VALUE 

TMR2IE                            00000001
TMR2IF                            00000001
TMR2ON                            00000002
TOUTPS0                           00000003
TOUTPS1                           00000004
TOUTPS2                           00000005
TOUTPS3                           00000006
TRISA                             00000085
TRISB                             00000086
TRISC                             00000087
TRISD                             00000088
TRISE                             00000089
TRISE0                            00000000
TRISE1                            00000001
TRISE2                            00000002
TRMT                              00000001
TX8_9                             00000006
TX9                               00000006
TX9D                              00000000
TXD8                              00000000
TXEN                              00000005
TXIE                              00000004
TXIF                              00000004
TXREG                             00000019
TXSTA                             00000098
UA                                00000001
W                                 00000000
WCOL                              00000007
WR                                00000001
WREN                              00000002
WRERR                             00000003
Z                                 00000002
_BODEN_OFF                        00003FBF
_BODEN_ON                         00003FFF
_CPD_OFF                          00003FFF
_CPD_ON                           00003EFF
_CP_ALL                           00001FFF
_CP_OFF                           00003FFF
_DEBUG_OFF                        00003FFF
_DEBUG_ON                         000037FF
_HS_OSC                           00003FFE
_LP_OSC                           00003FFC
_LVP_OFF                          00003F7F
_LVP_ON                           00003FFF
_PWRTE_OFF                        00003FFF
_PWRTE_ON                         00003FF7
_RC_OSC                           00003FFF
_WDT_OFF                          00003FFB
_WDT_ON                           00003FFF
_WRT_1FOURTH                      00003BFF
_WRT_256                          00003DFF
_WRT_HALF                         000039FF
_WRT_OFF                          00003FFF
MPASM  4.02 Released                             PROG_5_2.ASM   8-10-2006  17:32:52         PAGE  8


SYMBOL TABLE
  LABEL                             VALUE 

_XT_OSC                           00003FFD
__16F877A                         00000001
interrupt                         00000004


MEMORY USAGE MAP ('X' = Used,  '-' = Unused)

0000 : XXX-XXXXXXXXXXXX XXXXXXXXXXXXXXXX XXXXXXXXXXXXXXX- ----------------
2000 : -------X-------- ---------------- ---------------- ----------------

All other memory blocks unused.

Program Memory Words Used:    46
Program Memory Words Free:  8146


Errors   :     0
Warnings :     0 reported,     0 suppressed
Messages :     2 reported,     0 suppressed

