MPASM  4.02 Released                           PROG_6_8_2.ASM   8-10-2006  15:45:35         PAGE  1


LOC  OBJECT CODE     LINE SOURCE TEXT
  VALUE

                      00001 ;*****************************************************************
                      00002 ;       Dosya Adý               : 6_8_2.asm
                      00003 ;       Programýn Amacý         : USART Modülü Ýle Asenkron Seri Veri
                      00004 ;                                 Ýletiþimi (PIC16F877A ile PIC 16F628A 
                      00005 ;                                 kullanýlarak)
                      00006 ;       Notlar                  : XT ==> 4Mhz
                      00007 ;******************************************************************* 
Warning[215]: Processor superseded by command line.  Verify processor symbol.
                      00008         list p=16F628A          
                      00009         include "p16F628A.inc"  
                      00001         LIST
                      00002 ; P16F628A.INC  Standard Header File, Version 1.10    Microchip Technology, Inc.
Message[301]: MESSAGE: (Processor-header file mismatch.  Verify selected processor.)
                      00265         LIST
                      00266 
2007   3F3A           00010         __config H'3F3A'                ;Tüm program sigortalarý kapalý, 
                      00011                                         ;Osilatör HS ve 20 Mhz.
                      00012 ;-------------------------------------------------------------------
                      00013 ; Genel deðiþken tanýmlamalarý yapýlýyor.
                      00014 ;-------------------------------------------------------------------
  00000020            00015 F877_Data       equ     0x20            ;16F877A iþlemcisine gönderilecek 
                      00016                                         ;veri deðiþkeni.
                      00017 
0000                  00018         org     0                       ;Reset vektör adresi.
0000   018A           00019         clrf    PCLATH                  ;0. program sayfasý seçildi.
0001   2834           00020         goto    Ana_program             ;Ana programa git.
                      00021 
0004                  00022         org     4                       ;Kesme alt programý buradan baþlar.
                      00023 
                      00024 ;-------------------------------------------------------------------
                      00025 ; Kesme alt programý: Varsa istenen kesmelerin iþlenmesinde 
                      00026 ; kullanýlabilir.
                      00027 ;-------------------------------------------------------------------
0004                  00028 interrupt
0004   1283 1303      00029         banksel PIR1
0006   1E8C           00030         btfss   PIR1, RCIF      ;Veri alýndý ise bir komut atla.
0007   280D           00031         goto    int_sonu
0008   181A           00032         btfsc   RCREG, 0        ;SÖNDÜR bilgisi geldi ise bir komut atla.
0009   280C           00033         goto    LED_YAK
000A   1386           00034         bcf     PORTB, 7        ;LED söndür.
000B   280D           00035         goto    int_sonu
000C                  00036 LED_YAK
000C   1786           00037         bsf     PORTB, 7        ;LED yak.
000D                  00038 int_sonu
000D   128C           00039         bcf     PIR1, RCIF      
000E   0009           00040         retfie                  ;Kesmeden çýkýþ.
                      00041 ;-------------------------------------------------------------------
                      00042 ; 16F877A kýsmýna usart modülü ile asenkron mod kullanarak 1 byte 
                      00043 ; veri yazar. Yazýlacak veri F877_Data deðiþkenine yüklenmelidir.
                      00044 ;-------------------------------------------------------------------
000F                  00045 Karakter_Gonder
000F   1283 1303      00046         Banksel PIR1
0011   1E0C           00047         btfss   PIR1, TXIF
MPASM  4.02 Released                           PROG_6_8_2.ASM   8-10-2006  15:45:35         PAGE  2


LOC  OBJECT CODE     LINE SOURCE TEXT
  VALUE

0012   2811           00048         goto    $ - 1                   ;Daha önceden bir veri gönderilmiþ 
                      00049                                         ;ise aktarýlana kadar bekle.
0013   120C           00050         bcf     PIR1, TXIF              ;Veri gönderme kesme bayraðýný sil.
0014   0820           00051         movf    F877_Data, W    
0015   1283 1303      00052         banksel TXREG
0017   0099           00053         movwf   TXREG                   ;F877_Data deðiþkenindeki veriyi TXREG 
                      00054                                         ;kaydedicisine yükle. Böylece veri çýkýþ 
                      00055                                         ;buffer'ýna yazýlmýþ olur.      
0018   0008           00056         return                          ;Karakter_Gonder alt programýndan çýkýþ.
                      00057 ;-------------------------------------------------------------------
                      00058 ; Usart modülünün asenkron iletiþimi için ilk ayarlarý yapar.
                      00059 ;-------------------------------------------------------------------
0019                  00060 RcTx_ilk_islemler
0019   1683 1303      00061         Banksel TRISB                   ;BANK1 seçildi. TRISC bu bankta.
Message[302]: Register in operand not in bank 0.  Ensure that bank bits are correct.
001B   1106           00062         bcf     TRISB, 2                ;TX çýkýþa
Message[302]: Register in operand not in bank 0.  Ensure that bank bits are correct.
001C   1486           00063         bsf     TRISB, 1                ;RX giriþe yönlendirildi
001D   3081           00064         movlw   0x81                    ;SPBRG = 129 Fosc = 20 MHz'de (9600 
                      00065                                         ;baud hýz için).
Message[302]: Register in operand not in bank 0.  Ensure that bank bits are correct.
001E   0099           00066         movwf   SPBRG
001F   3026           00067         movlw   0x26
Message[302]: Register in operand not in bank 0.  Ensure that bank bits are correct.
0020   0098           00068         movwf   TXSTA                   ;USART mod: asenkron, high speed, 8 
                      00069                                         ;bit iletiþim, TXEN set edildi.
0021   3090           00070         movlw   0x90
0022   1283           00071         bcf     STATUS, RP0             ;BANK0 seçildi RCSTA için.
0023   0098           00072         movwf   RCSTA                   ;Seri port etkin, 8 bit veri alýþ,
                      00073                                         ;CREN set: sürekli alýþ. 
0024   1683           00074         bsf     STATUS, RP0
Message[302]: Register in operand not in bank 0.  Ensure that bank bits are correct.
0025   120C           00075         bcf     PIE1, TXIE              ;TXIE set edildi.
Message[302]: Register in operand not in bank 0.  Ensure that bank bits are correct.
0026   168C           00076         bsf     PIE1, RCIE              ;RCIE set edildi.
0027   170B           00077         bsf     INTCON, PEIE            ;Çevresel kesmelere izin verildi.
0028   0008           00078         return                          ;Alt programdan çýkýþ.
                      00079 
                      00080 ;-------------------------------------------------------------------
                      00081 ; Ýlk iþlemleri gerçekleþtirir. Port yönlendirme, Karþýlaþtýrma 
                      00082 ; iþlevini kapatma gibi.
                      00083 ;-------------------------------------------------------------------
0029                  00084 Ilk_islemler
0029   1683 1303      00085         banksel TRISA           ;BANK1'e geç. TRISA ve TRISB bu bankta
002B   3003           00086         movlw   0x03            ;RA0 ve RA1 giriþ, diðerleri çýkýþ yapýldý
Message[302]: Register in operand not in bank 0.  Ensure that bank bits are correct.
002C   0085           00087         movwf   TRISA
Message[302]: Register in operand not in bank 0.  Ensure that bank bits are correct.
002D   1386           00088         bcf     TRISB, 7        ;RB7 LED için çýkýþ yapýldý.
002E   1283 1303      00089         banksel PORTB           ;PORTB ve CMCON BANK0'da.
0030   0186           00090         clrf    PORTB           ;Ýlk anda LED sönük.
0031   3007           00091         movlw   0x07            
0032   009F           00092         movwf   CMCON           ;PORTA'nýn comparator iþlevi kapatýldý.
MPASM  4.02 Released                           PROG_6_8_2.ASM   8-10-2006  15:45:35         PAGE  3


LOC  OBJECT CODE     LINE SOURCE TEXT
  VALUE

0033   0008           00093         return
                      00094 ;-------------------------------------------------------------------
                      00095 ; Ana program: 16F877A ve 16F628A iþlemcileri arasýnda usart modülü 
                      00096 ; ile asenkron veri iletiþimi ve buna baðlý LED’lerin kontrolünü 
                      00097 ; gerçekleþtirir.
                      00098 ;-------------------------------------------------------------------
0034                  00099 Ana_program
0034   2029           00100         call    Ilk_islemler            ;Ana programa ait ilk iþlemler 
                      00101                                         ;yapýlýyor.
0035   2019           00102         call    RcTx_ilk_islemler       ;Seri iletiþim için ilk iþlemler.
0036   178B           00103         bsf     INTCON, GIE             ;Genel kesme denetimini etkinleþtir
                      00104 
0037                  00105 YAK_KONTROL
0037   1283 1303      00106         banksel PORTA
0039   1805           00107         btfsc   PORTA, 0                ;YAK butonuna basýldý ise 16F877A
                      00108                                         ;ya LED'i yak bilgisi gönder.
003A   283E           00109         goto    SONDUR_KONTROL          ;YAK butonuna Basýlmadý ise SÖNDÜR 
                      00110                                         ;butonunu kontrol et.
003B   3001           00111         movlw   0x01                    ;LED'i yak bilgisi yükleniyor.
003C   00A0           00112         movwf   F877_Data
003D   200F           00113         call    Karakter_Gonder         ;16F877A'ya LED'i yakmasý için 
                      00114                                         ;bilgi gönder.
003E                  00115 SONDUR_KONTROL
003E   1283 1303      00116         banksel PORTA
0040   1885           00117         btfsc   PORTA, 1                ;SÖNDÜR butonuna basýldý ise 
                      00118                                         ;16F877A’ya LED'i söndür bilgisi 
                      00119                                         ;gönder.
0041   2837           00120         goto    YAK_KONTROL             ;YAK butonunu kontrol et.
0042   01A0           00121         clrf    F877_Data
0043   200F           00122         call    Karakter_Gonder         ;LED’i söndürmek için 0 bilgisi gönder.
0044   2837           00123         goto    YAK_KONTROL             ;YAK butonunu kontrol et.
                      00124         END
MPASM  4.02 Released                           PROG_6_8_2.ASM   8-10-2006  15:45:35         PAGE  4


SYMBOL TABLE
  LABEL                             VALUE 

ADEN                              00000003
Ana_program                       00000034
BRGH                              00000002
C                                 00000000
C1INV                             00000004
C1OUT                             00000006
C2INV                             00000005
C2OUT                             00000007
CCP1CON                           00000017
CCP1IE                            00000002
CCP1IF                            00000002
CCP1M0                            00000000
CCP1M1                            00000001
CCP1M2                            00000002
CCP1M3                            00000003
CCP1X                             00000005
CCP1Y                             00000004
CCPR1H                            00000016
CCPR1L                            00000015
CIS                               00000003
CM0                               00000000
CM1                               00000001
CM2                               00000002
CMCON                             0000001F
CMIE                              00000006
CMIF                              00000006
CREN                              00000004
CSRC                              00000007
DC                                00000001
EEADR                             0000009B
EECON1                            0000009C
EECON2                            0000009D
EEDATA                            0000009A
EEIE                              00000007
EEIF                              00000007
F                                 00000001
F877_Data                         00000020
FERR                              00000002
FSR                               00000004
GIE                               00000007
INDF                              00000000
INTCON                            0000000B
INTE                              00000004
INTEDG                            00000006
INTF                              00000001
IRP                               00000007
Ilk_islemler                      00000029
Karakter_Gonder                   0000000F
LED_YAK                           0000000C
NOT_BO                            00000000
NOT_BOD                           00000000
NOT_BOR                           00000000
NOT_PD                            00000003
MPASM  4.02 Released                           PROG_6_8_2.ASM   8-10-2006  15:45:35         PAGE  5


SYMBOL TABLE
  LABEL                             VALUE 

NOT_POR                           00000001
NOT_RBPU                          00000007
NOT_T1SYNC                        00000002
NOT_TO                            00000004
OERR                              00000001
OPTION_REG                        00000081
OSCF                              00000003
PCL                               00000002
PCLATH                            0000000A
PCON                              0000008E
PEIE                              00000006
PIE1                              0000008C
PIR1                              0000000C
PORTA                             00000005
PORTB                             00000006
PR2                               00000092
PS0                               00000000
PS1                               00000001
PS2                               00000002
PSA                               00000003
RBIE                              00000003
RBIF                              00000000
RCIE                              00000005
RCIF                              00000005
RCREG                             0000001A
RCSTA                             00000018
RD                                00000000
RP0                               00000005
RP1                               00000006
RX9                               00000006
RX9D                              00000000
RcTx_ilk_islemler                 00000019
SONDUR_KONTROL                    0000003E
SPBRG                             00000099
SPEN                              00000007
SREN                              00000005
STATUS                            00000003
SYNC                              00000004
T0CS                              00000005
T0IE                              00000005
T0IF                              00000002
T0SE                              00000004
T1CKPS0                           00000004
T1CKPS1                           00000005
T1CON                             00000010
T1OSCEN                           00000003
T2CKPS0                           00000000
T2CKPS1                           00000001
T2CON                             00000012
TMR0                              00000001
TMR1CS                            00000001
TMR1H                             0000000F
TMR1IE                            00000000
MPASM  4.02 Released                           PROG_6_8_2.ASM   8-10-2006  15:45:35         PAGE  6


SYMBOL TABLE
  LABEL                             VALUE 

TMR1IF                            00000000
TMR1L                             0000000E
TMR1ON                            00000000
TMR2                              00000011
TMR2IE                            00000001
TMR2IF                            00000001
TMR2ON                            00000002
TOUTPS0                           00000003
TOUTPS1                           00000004
TOUTPS2                           00000005
TOUTPS3                           00000006
TRISA                             00000085
TRISB                             00000086
TRMT                              00000001
TX9                               00000006
TX9D                              00000000
TXEN                              00000005
TXIE                              00000004
TXIF                              00000004
TXREG                             00000019
TXSTA                             00000098
VR0                               00000000
VR1                               00000001
VR2                               00000002
VR3                               00000003
VRCON                             0000009F
VREN                              00000007
VROE                              00000006
VRR                               00000005
W                                 00000000
WR                                00000001
WREN                              00000002
WRERR                             00000003
YAK_KONTROL                       00000037
Z                                 00000002
_BODEN_OFF                        00003FBF
_BODEN_ON                         00003FFF
_BOREN_OFF                        00003FBF
_BOREN_ON                         00003FFF
_CP_OFF                           00003FFF
_CP_ON                            00001FFF
_DATA_CP_OFF                      00003FFF
_DATA_CP_ON                       00003EFF
_ER_OSC_CLKOUT                    00003FFF
_ER_OSC_NOCLKOUT                  00003FFE
_EXTCLK_OSC                       00003FEF
_HS_OSC                           00003FEE
_INTOSC_OSC_CLKOUT                00003FFD
_INTOSC_OSC_NOCLKOUT              00003FFC
_INTRC_OSC_CLKOUT                 00003FFD
_INTRC_OSC_NOCLKOUT               00003FFC
_LP_OSC                           00003FEC
_LVP_OFF                          00003F7F
MPASM  4.02 Released                           PROG_6_8_2.ASM   8-10-2006  15:45:35         PAGE  7


SYMBOL TABLE
  LABEL                             VALUE 

_LVP_ON                           00003FFF
_MCLRE_OFF                        00003FDF
_MCLRE_ON                         00003FFF
_PWRTE_OFF                        00003FFF
_PWRTE_ON                         00003FF7
_RC_OSC_CLKOUT                    00003FFF
_RC_OSC_NOCLKOUT                  00003FFE
_WDT_OFF                          00003FFB
_WDT_ON                           00003FFF
_XT_OSC                           00003FED
__16F877A                         00000001
int_sonu                          0000000D
interrupt                         00000004


MEMORY USAGE MAP ('X' = Used,  '-' = Unused)

0000 : XX--XXXXXXXXXXXX XXXXXXXXXXXXXXXX XXXXXXXXXXXXXXXX XXXXXXXXXXXXXXXX
0040 : XXXXX----------- ---------------- ---------------- ----------------
2000 : -------X-------- ---------------- ---------------- ----------------

All other memory blocks unused.

Program Memory Words Used:    67
Program Memory Words Free:  8125


Errors   :     0
Warnings :     1 reported,     0 suppressed
Messages :     9 reported,     0 suppressed

