MPASM  4.02 Released                             PROG_6_5.ASM   8-10-2006  15:34:52         PAGE  1


LOC  OBJECT CODE     LINE SOURCE TEXT
  VALUE

                      00001 ;*******************************************************************
                      00002 ;       Dosya Adý               : 6_5.asm
                      00003 ;       Programýn Amacý         : MSSP modülü SPI master iletiþim 
                      00004 ;                                 (MAX7219 kullanarak).
                      00005 ;       Notlar                  : XT ==> 4Mhz
                      00006 ;******************************************************************* 
                      00007         list p=16F877A          
                      00008         include "p16F877A.inc"  
                      00001         LIST
                      00002 ; P16F877A.INC  Standard Header File, Version 1.00    Microchip Technology, Inc.
                      00398         LIST
2007   3F31           00009         __config H'3F31'                ;PWRT on, diðerler sigortalarý 
                      00010                                         ;kapalý, Osilatör XT ve 4Mhz.
                      00011 
                      00012 
                      00013 ;-------------------------------------------------------------------
                      00014 ; Deðiþken tanýmlamalarý 
                      00015 ;-------------------------------------------------------------------
  00000020            00016 MSpi_Veri       equ 0x20        ;Master SPI iletiþimde veriyi tutan 
                      00017                                 ;deðiþken.
  00000021            00018 Max7219_Data1   equ 0x21        ;MAX7219'a ait kaydedici adres 
                      00019                                 ;byte'ý.
  00000022            00020 Max7219_Data2   equ 0x22        ;MAX7219'a ait seçilen kaydediciye 
                      00021                                 ;yüklenen veri.
  00000023            00022 i               equ 0x23        ;Geçici sayaç deðiþkeni.
                      00023 
0000                  00024         ORG     0                       ;Reset vektörü.
0000   018A           00025         clrf    PCLATH                  ;0. program sayfasý seçildi. Ýlk 2 
                      00026                                         ;KByte'ý kullandýk.
0001   2840           00027         goto    ana_program             ;Ana programa git.
                      00028 ;-------------------------------------------------------------------
                      00029 ; Master SPI iletiþime kurma alt programý: 
                      00030 ; MSSP modülünü Master SPI olarak iletiþime hazýrlar ve pinleri 
                      00031 ; yönlendirir.
                      00032 ;-------------------------------------------------------------------
0002                  00033 Master_Spi_Kur
0002   1683 1303      00034         Banksel TRISC           ;BANK1'e geç SSPSTAT, TRISC bu bankta.
0004   30C5           00035         movlw   0xC5            ;SPI iletiþimi için gereken pinler dýþýnda 
                      00036                                 ;kalanlar olduðu
Message[302]: Register in operand not in bank 0.  Ensure that bank bits are correct.
0005   0587           00037         andwf   TRISC, F        ;gibi býrakýldý.
0006   3010           00038         movlw   0x10                    
Message[302]: Register in operand not in bank 0.  Ensure that bank bits are correct.
0007   0487           00039         iorwf   TRISC, F        ;RC4/SDI/SDA giriþe ayarlandý. Diðerleri 
                      00040                                 ;SPI pinleri çýkýþ. 
0008   3040           00041         movlw   0x40
Message[302]: Register in operand not in bank 0.  Ensure that bank bits are correct.
0009   0094           00042         movwf   SSPSTAT ;SMP = 0; Veri giriþi örneklemesi veri 
                      00043                                 ;çýkýþ zamanýnýn ortasýnda CKE = 1; SPI 
                      00044                                 ;master iletiþimde yükselen saat kenarý 
                      00045                                 ;seçildi.
000A   1283           00046         bcf     STATUS, RP0     ;BANK0 seçildi.
000B   0194           00047         clrf    SSPCON          ;Spi Master mod seçildi.
MPASM  4.02 Released                             PROG_6_5.ASM   8-10-2006  15:34:52         PAGE  2


LOC  OBJECT CODE     LINE SOURCE TEXT
  VALUE

000C   1694           00048         bsf     SSPCON, 5       ;SPI iletiþimi baþlat.
000D   0008           00049         return
                      00050 ;-------------------------------------------------------------------
                      00051 ; SPI üzerinden bir byte veri gönderir.
                      00052 ;-------------------------------------------------------------------
000E                  00053 Master_Spi_Yaz
000E   0820           00054         movf    MSpi_Veri, W    ;Veri SSPBUF kaydedicisine taþýnýyor.
000F   1283 1303      00055         Banksel SSPBUF
0011   0093           00056         movwf   SSPBUF
0012                  00057 MSpi_Yaz_j1
0012   1683 1303      00058         Banksel SSPSTAT
Message[302]: Register in operand not in bank 0.  Ensure that bank bits are correct.
0014   1C14           00059         btfss   SSPSTAT, BF     ;Verinin gönderimi tamamlanana kadar bekle
0015   2812           00060         goto    MSpi_Yaz_j1
0016   0008           00061         return
                      00062 ;-------------------------------------------------------------------
                      00063 ; SPI üzerinden MAX7219'un seçilen kaydedicisine bir byte veri yazar.
                      00064 ;-------------------------------------------------------------------
0017                  00065 Max7219_Yaz
0017   1283 1303      00066         Banksel PORTC                   ;BANK0 seçildi.
0019   1487           00067         bsf     PORTC, 1                ;Max7219 seçildi (CS=1'de aktif).
001A   0821           00068         movf    Max7219_Data1, W        ;Max7219 kaydedicisi seçiliyor ve 
                      00069                                         ;SPI iletiþimi üzerinden
001B   00A0           00070         movwf   MSpi_Veri               ;bu veri MAX7219'a 
                      00071                                         ;transfer ediliyor.
001C   200E           00072         call    Master_Spi_Yaz
001D   0822           00073         movf    Max7219_Data2, W        ;Max7219 için kaydediciye 
                      00074                                         ;yüklenecek veri yükleniyor
001E   00A0           00075         movwf   MSpi_Veri               ;ve SPI iletiþimi üzerinden 
                      00076                                         ;bu veri MAX7219'a 
001F   200E           00077         call    Master_Spi_Yaz          ;transfer ediliyor.
0020   1283           00078         bcf     STATUS, RP0             ;BANK0 seçildi.
0021   1087           00079         bcf     PORTC, 1                ;Max7219 pasif hale 
                      00080                                         ;getirildi(LOAD=0'da pasif).
0022   0008           00081         return
                      00082 ;-------------------------------------------------------------------
                      00083 ; MAX7219 entegresi çalýþma koþullarý ayarlanýyor.
                      00084 ;-------------------------------------------------------------------
0023                  00085 Max7219_Kur
0023   3009           00086         movlw   0x09
0024   00A1           00087         movwf   Max7219_Data1           ;BCD Kod çözme modu kaydedicisi 
                      00088                                         ;seçildi. 
0025   30FF           00089         movlw   0xFF
0026   00A2           00090         movwf   Max7219_Data2           ;Kod çözme iþlemi 8 dijit için 
                      00091                                         ;yapýlacak.
0027   2017           00092         call    Max7219_Yaz
0028   300A           00093         movlw   0x0A
0029   00A1           00094         movwf   Max7219_Data1           ;Intensity kaydedicisi seçildi 
                      00095                                         ;(parlaklýk için).
002A   300F           00096         movlw   0x0F
002B   00A2           00097         movwf   Max7219_Data2           ;Duty cycle (parlaklýk) maksimum. 
002C   2017           00098         call    Max7219_Yaz
002D   300B           00099         movlw   0x0B                    ;Taranacak display sayýsýný 
MPASM  4.02 Released                             PROG_6_5.ASM   8-10-2006  15:34:52         PAGE  3


LOC  OBJECT CODE     LINE SOURCE TEXT
  VALUE

                      00100                                         ;belirttiðimiz kaydedici seçildi.
002E   00A1           00101         movwf   Max7219_Data1           ;
002F   3007           00102         movlw   0x07                    ;0-7'ye kadar olan tüm display’ler 
                      00103                                         ;taranacak.
0030   00A2           00104         movwf   Max7219_Data2           
0031   2017           00105         call    Max7219_Yaz
0032   300C           00106         movlw   0x0C            
0033   00A1           00107         movwf   Max7219_Data1           ;Shutdown kaydedicisi seçildi.
0034   3001           00108         movlw   0x01                    ;Bu kaydediciye 0x01 yüklenerek 
                      00109                                         ;normal çalýþma
0035   00A2           00110         movwf   Max7219_Data2           ;modu seçim bilgisi yüklendi.
0036   2017           00111         call    Max7219_Yaz
0037   01A1           00112         clrf    Max7219_Data1           ;No_Op kaydedicisi seçildi.
0038   30FF           00113         movlw   0xFF    
0039   00A2           00114         movwf   Max7219_Data2           ;Normal operasyon modu seçildi.
003A   2017           00115         call    Max7219_Yaz
003B   300F           00116         movlw   0x0F
003C   00A1           00117         movwf   Max7219_Data1           ;Display test kaydedicisi seçildi.
003D   01A2           00118         clrf    Max7219_Data2           ;0=off, 1=on. Test iþlemi kapalý.
003E   2017           00119         call    Max7219_Yaz
003F   0008           00120         return
                      00121 ;-------------------------------------------------------------------
                      00122 ; ANA PROGRAM: 
                      00123 ; 8 Dijit görüntü birimine SPI üzerinden veri yazma iþlemini 
                      00124 ; gerçekleþtirir.
                      00125 ;-------------------------------------------------------------------
0040                  00126 ana_program
0040   2002           00127         call    Master_Spi_Kur          ;MSSP modülü Master SPI iletiþime 
                      00128                                         ;kuruldu.
0041   2023           00129         call    Max7219_Kur             ;MAX7219 8 Dijit LED Driver çalýþma 
                      00130                                         ;koþullarý ayarlandý.
0042   1283 1303      00131         banksel PORTC
0044   0187           00132         clrf    PORTC                   ;PORTC'nin ilk durumu belirlendi.
0045   01A3           00133         clrf    i                       ;sayac deðiþkenine ilk deðer 
                      00134                                         ;atamasý yapýldý.
0046                  00135 ana_j1                                  ;Buradan itibaren 1-8' kadar döngü 
                      00136                                         ;açýlarak 1. Dijite 1, 2.sine 2,.. 
                      00137                                         ;8.sine 8 rakamý yazýldý.
0046   0AA3           00138         incf    i, F                    ;sayacý artýr.
0047   0823           00139         movf    i, W
0048   00A1           00140         movwf   Max7219_Data1           ;Dijit seçme bilgisini yükle.
0049   00A2           00141         movwf   Max7219_Data2           ;Seçilen dijite gönderilecek veriyi 
                      00142                                         ;yükle.
004A   2017           00143         call    Max7219_Yaz             ;Max7219'a kaydedici seçme ve 
                      00144                                         ;içerik bilgisini yaz.
004B   0823           00145         movf    i, W                    ;sayac W kaydedicisine taþýnýyor.
004C   3C08           00146         sublw   0x08                    
004D   1803           00147         btfsc   STATUS, C               ;sayac >= 8 ise iþlem tamamdýr.
004E   2846           00148         goto    ana_j1                  ;sayac < 8 ise iþleme devam.
004F                  00149 ana_j2
004F   284F           00150         goto    ana_j2                  ;Sistem kapatýlana ya da 
                      00151                                         ;resetlenene kadar boþ döngü.
                      00152         END
MPASM  4.02 Released                             PROG_6_5.ASM   8-10-2006  15:34:52         PAGE  4


SYMBOL TABLE
  LABEL                             VALUE 

ACKDT                             00000005
ACKEN                             00000004
ACKSTAT                           00000006
ADCON0                            0000001F
ADCON1                            0000009F
ADCS0                             00000006
ADCS1                             00000007
ADDEN                             00000003
ADFM                              00000007
ADIE                              00000006
ADIF                              00000006
ADON                              00000000
ADRESH                            0000001E
ADRESL                            0000009E
BCLIE                             00000003
BCLIF                             00000003
BF                                00000000
BRGH                              00000002
C                                 00000000
C1INV                             00000004
C1OUT                             00000006
C2INV                             00000005
C2OUT                             00000007
CCP1CON                           00000017
CCP1IE                            00000002
CCP1IF                            00000002
CCP1M0                            00000000
CCP1M1                            00000001
CCP1M2                            00000002
CCP1M3                            00000003
CCP1X                             00000005
CCP1Y                             00000004
CCP2CON                           0000001D
CCP2IE                            00000000
CCP2IF                            00000000
CCP2M0                            00000000
CCP2M1                            00000001
CCP2M2                            00000002
CCP2M3                            00000003
CCP2X                             00000005
CCP2Y                             00000004
CCPR1H                            00000016
CCPR1L                            00000015
CCPR2H                            0000001C
CCPR2L                            0000001B
CHS0                              00000003
CHS1                              00000004
CHS2                              00000005
CIS                               00000003
CKE                               00000006
CKP                               00000004
CM0                               00000000
CM1                               00000001
MPASM  4.02 Released                             PROG_6_5.ASM   8-10-2006  15:34:52         PAGE  5


SYMBOL TABLE
  LABEL                             VALUE 

CM2                               00000002
CMCON                             0000009C
CMIE                              00000006
CMIF                              00000006
CREN                              00000004
CSRC                              00000007
CVR0                              00000000
CVR1                              00000001
CVR2                              00000002
CVR3                              00000003
CVRCON                            0000009D
CVREN                             00000007
CVROE                             00000006
CVRR                              00000005
D                                 00000005
DATA_ADDRESS                      00000005
DC                                00000001
D_A                               00000005
EEADR                             0000010D
EEADRH                            0000010F
EECON1                            0000018C
EECON2                            0000018D
EEDATA                            0000010C
EEDATH                            0000010E
EEIE                              00000004
EEIF                              00000004
EEPGD                             00000007
F                                 00000001
FERR                              00000002
FSR                               00000004
GCEN                              00000007
GIE                               00000007
GO                                00000002
GO_DONE                           00000002
I2C_DATA                          00000005
I2C_READ                          00000002
I2C_START                         00000003
I2C_STOP                          00000004
IBF                               00000007
IBOV                              00000005
INDF                              00000000
INTCON                            0000000B
INTE                              00000004
INTEDG                            00000006
INTF                              00000001
IRP                               00000007
MSpi_Veri                         00000020
MSpi_Yaz_j1                       00000012
Master_Spi_Kur                    00000002
Master_Spi_Yaz                    0000000E
Max7219_Data1                     00000021
Max7219_Data2                     00000022
Max7219_Kur                       00000023
MPASM  4.02 Released                             PROG_6_5.ASM   8-10-2006  15:34:52         PAGE  6


SYMBOL TABLE
  LABEL                             VALUE 

Max7219_Yaz                       00000017
NOT_A                             00000005
NOT_ADDRESS                       00000005
NOT_BO                            00000000
NOT_BOR                           00000000
NOT_DONE                          00000002
NOT_PD                            00000003
NOT_POR                           00000001
NOT_RBPU                          00000007
NOT_RC8                           00000006
NOT_T1SYNC                        00000002
NOT_TO                            00000004
NOT_TX8                           00000006
NOT_W                             00000002
NOT_WRITE                         00000002
OBF                               00000006
OERR                              00000001
OPTION_REG                        00000081
P                                 00000004
PCFG0                             00000000
PCFG1                             00000001
PCFG2                             00000002
PCFG3                             00000003
PCL                               00000002
PCLATH                            0000000A
PCON                              0000008E
PEIE                              00000006
PEN                               00000002
PIE1                              0000008C
PIE2                              0000008D
PIR1                              0000000C
PIR2                              0000000D
PORTA                             00000005
PORTB                             00000006
PORTC                             00000007
PORTD                             00000008
PORTE                             00000009
PR2                               00000092
PS0                               00000000
PS1                               00000001
PS2                               00000002
PSA                               00000003
PSPIE                             00000007
PSPIF                             00000007
PSPMODE                           00000004
R                                 00000002
RBIE                              00000003
RBIF                              00000000
RC8_9                             00000006
RC9                               00000006
RCD8                              00000000
RCEN                              00000003
RCIE                              00000005
MPASM  4.02 Released                             PROG_6_5.ASM   8-10-2006  15:34:52         PAGE  7


SYMBOL TABLE
  LABEL                             VALUE 

RCIF                              00000005
RCREG                             0000001A
RCSTA                             00000018
RD                                00000000
READ_WRITE                        00000002
RP0                               00000005
RP1                               00000006
RSEN                              00000001
RX9                               00000006
RX9D                              00000000
R_W                               00000002
S                                 00000003
SEN                               00000000
SMP                               00000007
SPBRG                             00000099
SPEN                              00000007
SREN                              00000005
SSPADD                            00000093
SSPBUF                            00000013
SSPCON                            00000014
SSPCON2                           00000091
SSPEN                             00000005
SSPIE                             00000003
SSPIF                             00000003
SSPM0                             00000000
SSPM1                             00000001
SSPM2                             00000002
SSPM3                             00000003
SSPOV                             00000006
SSPSTAT                           00000094
STATUS                            00000003
SYNC                              00000004
T0CS                              00000005
T0IE                              00000005
T0IF                              00000002
T0SE                              00000004
T1CKPS0                           00000004
T1CKPS1                           00000005
T1CON                             00000010
T1INSYNC                          00000002
T1OSCEN                           00000003
T1SYNC                            00000002
T2CKPS0                           00000000
T2CKPS1                           00000001
T2CON                             00000012
TMR0                              00000001
TMR0IE                            00000005
TMR0IF                            00000002
TMR1CS                            00000001
TMR1H                             0000000F
TMR1IE                            00000000
TMR1IF                            00000000
TMR1L                             0000000E
MPASM  4.02 Released                             PROG_6_5.ASM   8-10-2006  15:34:52         PAGE  8


SYMBOL TABLE
  LABEL                             VALUE 

TMR1ON                            00000000
TMR2                              00000011
TMR2IE                            00000001
TMR2IF                            00000001
TMR2ON                            00000002
TOUTPS0                           00000003
TOUTPS1                           00000004
TOUTPS2                           00000005
TOUTPS3                           00000006
TRISA                             00000085
TRISB                             00000086
TRISC                             00000087
TRISD                             00000088
TRISE                             00000089
TRISE0                            00000000
TRISE1                            00000001
TRISE2                            00000002
TRMT                              00000001
TX8_9                             00000006
TX9                               00000006
TX9D                              00000000
TXD8                              00000000
TXEN                              00000005
TXIE                              00000004
TXIF                              00000004
TXREG                             00000019
TXSTA                             00000098
UA                                00000001
W                                 00000000
WCOL                              00000007
WR                                00000001
WREN                              00000002
WRERR                             00000003
Z                                 00000002
_BODEN_OFF                        00003FBF
_BODEN_ON                         00003FFF
_CPD_OFF                          00003FFF
_CPD_ON                           00003EFF
_CP_ALL                           00001FFF
_CP_OFF                           00003FFF
_DEBUG_OFF                        00003FFF
_DEBUG_ON                         000037FF
_HS_OSC                           00003FFE
_LP_OSC                           00003FFC
_LVP_OFF                          00003F7F
_LVP_ON                           00003FFF
_PWRTE_OFF                        00003FFF
_PWRTE_ON                         00003FF7
_RC_OSC                           00003FFF
_WDT_OFF                          00003FFB
_WDT_ON                           00003FFF
_WRT_1FOURTH                      00003BFF
_WRT_256                          00003DFF
MPASM  4.02 Released                             PROG_6_5.ASM   8-10-2006  15:34:52         PAGE  9


SYMBOL TABLE
  LABEL                             VALUE 

_WRT_HALF                         000039FF
_WRT_OFF                          00003FFF
_XT_OSC                           00003FFD
__16F877A                         00000001
ana_j1                            00000046
ana_j2                            0000004F
ana_program                       00000040
i                                 00000023


MEMORY USAGE MAP ('X' = Used,  '-' = Unused)

0000 : XXXXXXXXXXXXXXXX XXXXXXXXXXXXXXXX XXXXXXXXXXXXXXXX XXXXXXXXXXXXXXXX
0040 : XXXXXXXXXXXXXXXX ---------------- ---------------- ----------------
2000 : -------X-------- ---------------- ---------------- ----------------

All other memory blocks unused.

Program Memory Words Used:    80
Program Memory Words Free:  8112


Errors   :     0
Warnings :     0 reported,     0 suppressed
Messages :     4 reported,     0 suppressed

