MPASM  4.02 Released                             PROG_9_2.ASM   8-10-2006  17:46:25         PAGE  1


LOC  OBJECT CODE     LINE SOURCE TEXT
  VALUE

                      00001 ;*******************************************************************
                      00002 ;       Dosya Adý               : 9_2.asm
                      00003 ;       Programýn Amacý         : Flash program belleðini okuma ve yazma
                      00004 ;       Notlar                  : Proteus programý simülasyonu.
                      00005 ;                               : XT ==> 20Mhz
                      00006 ;*******************************************************************
                      00007         list p = 16F877A
                      00008         include "p16F877A.inc"
                      00001         LIST
                      00002 ; P16F877A.INC  Standard Header File, Version 1.00    Microchip Technology, Inc.
                      00398         LIST
2007   3B32           00009         __config H'3B32'        ;PWRT on, WRT Enable, diðer 
                      00010                                 ;sigortalar kapalý, Osilatör HS ve 
                      00011                                 ;20Mhz.
                      00012 ;-------------------------------------------------------------------
                      00013 ; Buton ve deðiþken tanýmlamalarý yapýlýyor.
                      00014 ;-------------------------------------------------------------------
                      00015 #define ADRESARTIR      1       ;Adres artýrma butonu.
                      00016 #define PROGRAMSIL      2       ;Program silme butonu.
                      00017 
  00000020            00018 FlashAdresL     equ     0x20    ;Flash adresinin en deðersiz byte 
                      00019 ;deðiþkeni.
  00000021            00020 FlashAdresH     equ     0x21    ;Flash adresinin en deðerli byte 
                      00021 ;deðiþkeni.
  00000022            00022 FlashDataL      equ     0x22    ;Flash'a yazýlan ya da okunan 
                      00023                                 ;verinin en deðersiz byte deðiþkeni
  00000023            00024 FlashDataH      equ     0x23    ;Flash'a yazýlan ya da okunan 
                      00025                                 ;verinin en deðerli byte deðiþkeni.
0000                  00026         org     0
0000   2806           00027         goto    ana_program
                      00028         
0004                  00029         org     4
0004   2805           00030         goto    kesme
                      00031 ;-------------------------------------------------------------------
                      00032 ; Kesme alt programý.
                      00033 ;-------------------------------------------------------------------
0005                  00034 kesme
0005   0009           00035         retfie
                      00036 ;-------------------------------------------------------------------
                      00037 ; Ana program portlarý yönlendirir ve ilk durumlarý yükler. 
                      00038 ; ADRESARTIR butonuna her basýldýðýnda 0. adresten baþlayarak Flash 
                      00039 ; program belleðini okuyarak PORTB ve PORTC üzerinde görüntüler. 
                      00040 ; ADRESARTIR butonu býrakýlana kadar ikinci bir görüntüleme yapmaz. 
                      00041 ; PROGRAMSIL butonuna basýldýðý zaman 0. adresten itibaren programý 
                      00042 ; imha eden alt program çalýþýr.
                      00043 ;-------------------------------------------------------------------
0006                  00044 ana_program
0006   1683 1303      00045         banksel TRISB                           ;Bank0 seçildi.
Message[302]: Register in operand not in bank 0.  Ensure that bank bits are correct.
0008   0186           00046         clrf    TRISB                           ;PORTB çýkýþa ayarlandý.
Message[302]: Register in operand not in bank 0.  Ensure that bank bits are correct.
0009   0187           00047         clrf    TRISC                           ;PORTC çýkýþa ayarlandý.
000A   3006           00048         movlw   0x06    
MPASM  4.02 Released                             PROG_9_2.ASM   8-10-2006  17:46:25         PAGE  2


LOC  OBJECT CODE     LINE SOURCE TEXT
  VALUE

Message[302]: Register in operand not in bank 0.  Ensure that bank bits are correct.
000B   009F           00049         movwf   ADCON1                          ;PORTA dijital I/O ayarlandý
000C   30FF           00050         movlw   0xFF
Message[302]: Register in operand not in bank 0.  Ensure that bank bits are correct.
000D   0085           00051         movwf   TRISA                           ;PORTA tüm bit’leri giriþ. 
000E   1283 1303      00052         banksel PORTB
0010   0186           00053         clrf    PORTB                           ;Ýlk anda 0. 
0011   0187           00054         clrf    PORTC                           ;Ýlk anda 0.
0012   01A0           00055         clrf    FlashAdresL                     ;0. adresten itibaren Flash 
                      00056                                                 ;program belleði okunacak.
0013   01A1           00057         clrf    FlashAdresH
0014   3007           00058         movlw   0x07
Message[302]: Register in operand not in bank 0.  Ensure that bank bits are correct.
0015   009C           00059         movwf   CMCON                           ;Komparatör giriþleri 
                      00060                                                 ;kapatýldý.
0016                  00061 ana_j1
0016   1283 1303      00062         banksel PORTA                           ;Bank0'a geçildi.
0018   1D05           00063         btfss   PORTA, PROGRAMSIL
0019   206D           00064         call    Program_Sil     
001A   1885           00065         btfsc   PORTA, ADRESARTIR               ;Bir sonraki adresin 
                      00066                                                 ;içeriðini görüntülemek için 
                      00067                                                 ;devam et.
001B   2816           00068         goto    ana_j1                          ;Butonlara basýlýp 
                      00069                                                 ;basýlmadýðýný kontrole 
                      00070                                                 ;devam et.
001C   204E           00071         call    Flash_Read                      ;Flash program belleðinin 
                      00072                                                 ;ilgili adresini oku.
001D   1283 1303      00073         banksel PORTB                           ;Bank0'a geçildi.
001F   0823           00074         movf    FlashDataH, W           
0020   0086           00075         movwf   PORTB                           ;Okunan verinin en deðerli 
                      00076                                                 ;byte'ý PORTB çýkýþlarýnda.
0021   0822           00077         movf    FlashDataL, W
0022   0087           00078         movwf   PORTC                           ;Okunan verinin en deðersiz 
                      00079                                                 ;byte'ý PORTC çýkýþlarýnda.
0023   1C85           00080         btfss   PORTA, ADRESARTIR               ;ARTIR'ma butonu býrakýlana 
                      00081                                                 ;kadar boþ döngü.
0024   2823           00082         goto    $-1
0025   0AA0           00083         incf    FlashAdresL, F                  ;Adresin yalnýzca en 
                      00084                                                 ;deðersiz byte'ýný artýr.
0026   2816           00085         goto    ana_j1                          
                      00086 ;-------------------------------------------------------------------
                      00087 ; Flash program belleðine 2 byte veri yazan alt program.
                      00088 ; Adres = FlashAdresH:FlashAdresL,   Veri = FlashDataH:FlashDataL
                      00089 ;-------------------------------------------------------------------
0027                  00090 Flash_Write 
0027   1283 1303      00091         banksel FlashAdresL                     ;FlashAdresL kaydedicisinin 
                      00092                                                 ;bulunduðu banka geç.
0029   0820           00093         movf    FlashAdresL, W                  ;Adresin en deðersiz byte'ý 
                      00094                                                 ;EEADR'ye yükleniyor.
002A   1283 1703      00095         banksel EEADR                           ;EEADR kaydedicisinin 
                      00096                                                 ;bulunduðu banka geç.
Message[302]: Register in operand not in bank 0.  Ensure that bank bits are correct.
002C   008D           00097         movwf   EEADR                           ;EEADR = FlashAdresL
MPASM  4.02 Released                             PROG_9_2.ASM   8-10-2006  17:46:25         PAGE  3


LOC  OBJECT CODE     LINE SOURCE TEXT
  VALUE

002D   1283 1303      00098         banksel FlashAdresH                     ;FlashAdresH kaydedicisinin 
                      00099                                                 ;bulunduðu banka geç.
002F   0821           00100         movf    FlashAdresH, W                  ;Adresin en deðerli byte'ý 
                      00101                                                 ;EEADRH'a yükleniyor.
0030   1283 1703      00102         banksel EEADRH                          ;EEADRH kaydedicisinin 
                      00103                                                 ;bulunduðu banka geç.
Message[302]: Register in operand not in bank 0.  Ensure that bank bits are correct.
0032   008F           00104         movwf   EEADRH                          ;EEADRH = FlashAdresH
0033   1283 1303      00105         banksel FlashDataL                      ;FlashDataL kaydedicisinin 
                      00106                                                 ;bulunduðu banka geç.
0035   0822           00107         movf    FlashDataL, W                   ;Verinin en deðersiz byte'ý 
                      00108                                                 ;EEDATA kaydedicisine 
                      00109                                                 ;yükleniyor.
0036   1283 1703      00110         banksel EEDATA                          ;EEDATA kaydedicisinin 
                      00111                                                 ;bulunduðu banka geç.
Message[302]: Register in operand not in bank 0.  Ensure that bank bits are correct.
0038   008C           00112         movwf   EEDATA                          ;EEDATA = FlashDataL
0039   1283 1303      00113         banksel FlashDataH                      ;FlashDataH kaydedicisinin 
                      00114                                                 ;bulunduðu banka geç.
003B   0823           00115         movf    FlashDataH, W                   ;Verinin en deðerli byte'ý 
                      00116                                                 ;EEDATH laydedicisine 
                      00117                                                 ;yükleniyor.
003C   1283 1703      00118         banksel EEDATH                          ;EEDATH kaydedicisinin 
                      00119                                                 ;bulunduðu banka geç.
Message[302]: Register in operand not in bank 0.  Ensure that bank bits are correct.
003E   008E           00120         movwf   EEDATH                          ;EEDATH = FlashDataH
003F   1683 1703      00121         banksel EECON1                          ;EECON1 kaydedicisinin 
                      00122                                                 ;bulunduðu banka geç.
Message[302]: Register in operand not in bank 0.  Ensure that bank bits are correct.
0041   178C           00123         bsf     EECON1, EEPGD                   ;Program hafýzasýna eriþim etkin
Message[302]: Register in operand not in bank 0.  Ensure that bank bits are correct.
0042   150C           00124         bsf     EECON1, WREN                    ;Yazmayý etkinleþtir.
0043   138B           00125         bcf     INTCON, GIE                     ;Kesmelere izin verme
0044   3055           00126         movlw   0x55                            ;Bu deðerler EECON 
                      00127                                                 ;kaydedicisine sýralý 
                      00128                                                 ;yüklenmeli.
Message[302]: Register in operand not in bank 0.  Ensure that bank bits are correct.
0045   008D           00129         movwf   EECON2
0046   30AA           00130         movlw   0xAA
Message[302]: Register in operand not in bank 0.  Ensure that bank bits are correct.
0047   008D           00131         movwf   EECON2
Message[302]: Register in operand not in bank 0.  Ensure that bank bits are correct.
0048   148C           00132         bsf     EECON1, WR                      ;Yaz komutu veriliyor.
0049   0000           00133         nop                                     ;Ýþlemin tamamlanmasý için 2 
                      00134                                                 ;komut çevrimi bekle.
004A   0000           00135         nop
004B   178B           00136         bsf     INTCON, GIE                     ;Kesmelere izin ver.
Message[302]: Register in operand not in bank 0.  Ensure that bank bits are correct.
004C   110C           00137         bcf     EECON1, WREN                    ;Yazmayý pasif hale getir.      
004D   0008           00138         return                                  ;Alt programdan çýk.
                      00139 ;-------------------------------------------------------------------
                      00140 ; Flash program belleðinden 2 byte veri okuyan alt program.
                      00141 ; Adres = FlashAdresH:FlashAdresL,   Veri = FlashDataH:FlashDataL
MPASM  4.02 Released                             PROG_9_2.ASM   8-10-2006  17:46:25         PAGE  4


LOC  OBJECT CODE     LINE SOURCE TEXT
  VALUE

                      00142 ;-------------------------------------------------------------------
004E                  00143 Flash_Read
004E   1283 1303      00144         banksel FlashAdresL                     ;FlashAdresL kaydedicisinin 
                      00145                                                 ;bulunduðu banka geç.
0050   0820           00146         movf    FlashAdresL, W                  ;Adresin en deðersiz byte'ý 
                      00147                                                 ;EEADR'ye yükleniyor.
0051   1283 1703      00148         banksel EEADR                           ;EEADR kaydedicisinin 
                      00149                                                 ;bulunduðu banka geç.
Message[302]: Register in operand not in bank 0.  Ensure that bank bits are correct.
0053   008D           00150         movwf   EEADR                           ;EEADR = FlashAdresL
0054   1283 1303      00151         banksel FlashAdresH                     ;FlashAdresH kaydedicisinin 
                      00152                                                 ;bulunduðu banka geç.   
0056   0821           00153         movf    FlashAdresH, W                  ;Adresin en deðerli byte'ý 
                      00154                                                 ;EEADRH'a yükleniyor.
0057   1283 1703      00155         banksel EEADRH                          ;EEADRH kaydedicisinin 
                      00156                                                 ;bulunduðu banka geç.
Message[302]: Register in operand not in bank 0.  Ensure that bank bits are correct.
0059   008F           00157         movwf   EEADRH                          ;EEADRH = FlashAdresH
005A   1683 1703      00158         banksel EECON1                          ;EECON1 kaydedicisinin 
                      00159                                                 ;bulunduðu banka geç.
Message[302]: Register in operand not in bank 0.  Ensure that bank bits are correct.
005C   178C           00160         bsf     EECON1, EEPGD                   ;Program hafýzasýna eriþim 
                      00161                                                 ;etkin.
Message[302]: Register in operand not in bank 0.  Ensure that bank bits are correct.
005D   140C           00162         bsf     EECON1, RD                      ;Okumayý etkinleþtir.
005E   0000           00163         nop                                     ;Ýþlemin tamamlanmasý için 2 
                      00164                                                 ;komut çevrimi bekle.
005F   0000           00165         nop
0060   1283 1703      00166         banksel EEDATA                          ;EEDATA kaydedicisinin 
                      00167                                                 ;bulunduðu banka geç.
Message[302]: Register in operand not in bank 0.  Ensure that bank bits are correct.
0062   080C           00168         movf    EEDATA, W                       ;EEDATA W aracýlýðý ile 
                      00169                                                 ;FlashDataL kaydedicisine 
                      00170                                                 ;aktarýlacak.
0063   1283 1303      00171         banksel FlashDataL                      ;FlashDataL kaydedicisinin 
                      00172                                                 ;bulunduðu banka geç.
0065   00A2           00173         movwf   FlashDataL                      ;FlashDataL = EEDATA
0066   1283 1703      00174         banksel EEDATH                          ;EEDATH kaydedicisinin 
                      00175                                                 ;bulunduðu banka geç.
Message[302]: Register in operand not in bank 0.  Ensure that bank bits are correct.
0068   080E           00176         movf    EEDATH, W                       ;EEDATH W aracýlýðý ile 
                      00177                                                 ;FlashDataL kaydedicisine 
                      00178                                                 ;aktarýlacak.
0069   1283 1303      00179         banksel FlashDataH                      ;FlashDataH kaydedicisinin 
                      00180                                                 ;bulunduðu banka geç.
006B   00A3           00181         movwf   FlashDataH                      ;FlashDataH = EEDATH
006C   0008           00182         return                                  ;Alt programdan çýk.
                      00183 ;-------------------------------------------------------------------
                      00184 ; Flash program belleðinin 0x0000-0x00FF adres bölgesini 0x00 
                      00185 ; bilgileri ile doldurarak programý siler Programý silerken 
                      00186 ; Flash_Write alt programýnýn bulunduðu adres bölgesinde program 
                      00187 ; iþleyiþi kontrolden çýkmaktadýr. Bunun nedeni kendisini imha 
                      00188 ; ederken bir sonraki veriyi silmeye çalýþtýðýnda hatalý kodlar ile 
MPASM  4.02 Released                             PROG_9_2.ASM   8-10-2006  17:46:25         PAGE  5


LOC  OBJECT CODE     LINE SOURCE TEXT
  VALUE

                      00189 ; karþýlaþmasýdýr.
                      00190 ;-------------------------------------------------------------------
006D                  00191 Program_Sil
006D   1283 1303      00192         banksel FlashAdresL                     ;FlashAdresL kaydedicisinin 
                      00193                                                 ;bulunduðu banka geç.
006F   01A0           00194         clrf    FlashAdresL                     ;FlashAdresL = 0
0070   01A1           00195         clrf    FlashAdresH                     ;FlashAdresH = 0
0071   01A2           00196         clrf    FlashDataL                      ;FlashDataL = 0
0072   01A3           00197         clrf    FlashDataH                      ;FlashDataH = 0
0073                  00198 sil
0073   2027           00199         call    Flash_Write                     ;Flash program belleðine 
                      00200                                                 ;veriyi yaz.
0074   1283 1303      00201         banksel FlashAdresL                     ;FlashAdresL kaydedicisinin 
                      00202                                                 ;bulunduðu banka geç.
Message[305]: Using default destination of 1 (file).
0076   0FA0           00203         incfsz  FlashAdresL                     ;FlashAdresL'yi bir artýr, 
                      00204                                                 ;sonuç sýfýrsa bir komut atla.
0077   2873           00205         goto    sil                             ;Silme iþlemine devam et.
0078   0008           00206         return                                  ;Alt programdan çýk.
                      00207         END
MPASM  4.02 Released                             PROG_9_2.ASM   8-10-2006  17:46:25         PAGE  6


SYMBOL TABLE
  LABEL                             VALUE 

ACKDT                             00000005
ACKEN                             00000004
ACKSTAT                           00000006
ADCON0                            0000001F
ADCON1                            0000009F
ADCS0                             00000006
ADCS1                             00000007
ADDEN                             00000003
ADFM                              00000007
ADIE                              00000006
ADIF                              00000006
ADON                              00000000
ADRESARTIR                        1
ADRESH                            0000001E
ADRESL                            0000009E
BCLIE                             00000003
BCLIF                             00000003
BF                                00000000
BRGH                              00000002
C                                 00000000
C1INV                             00000004
C1OUT                             00000006
C2INV                             00000005
C2OUT                             00000007
CCP1CON                           00000017
CCP1IE                            00000002
CCP1IF                            00000002
CCP1M0                            00000000
CCP1M1                            00000001
CCP1M2                            00000002
CCP1M3                            00000003
CCP1X                             00000005
CCP1Y                             00000004
CCP2CON                           0000001D
CCP2IE                            00000000
CCP2IF                            00000000
CCP2M0                            00000000
CCP2M1                            00000001
CCP2M2                            00000002
CCP2M3                            00000003
CCP2X                             00000005
CCP2Y                             00000004
CCPR1H                            00000016
CCPR1L                            00000015
CCPR2H                            0000001C
CCPR2L                            0000001B
CHS0                              00000003
CHS1                              00000004
CHS2                              00000005
CIS                               00000003
CKE                               00000006
CKP                               00000004
CM0                               00000000
MPASM  4.02 Released                             PROG_9_2.ASM   8-10-2006  17:46:25         PAGE  7


SYMBOL TABLE
  LABEL                             VALUE 

CM1                               00000001
CM2                               00000002
CMCON                             0000009C
CMIE                              00000006
CMIF                              00000006
CREN                              00000004
CSRC                              00000007
CVR0                              00000000
CVR1                              00000001
CVR2                              00000002
CVR3                              00000003
CVRCON                            0000009D
CVREN                             00000007
CVROE                             00000006
CVRR                              00000005
D                                 00000005
DATA_ADDRESS                      00000005
DC                                00000001
D_A                               00000005
EEADR                             0000010D
EEADRH                            0000010F
EECON1                            0000018C
EECON2                            0000018D
EEDATA                            0000010C
EEDATH                            0000010E
EEIE                              00000004
EEIF                              00000004
EEPGD                             00000007
F                                 00000001
FERR                              00000002
FSR                               00000004
FlashAdresH                       00000021
FlashAdresL                       00000020
FlashDataH                        00000023
FlashDataL                        00000022
Flash_Read                        0000004E
Flash_Write                       00000027
GCEN                              00000007
GIE                               00000007
GO                                00000002
GO_DONE                           00000002
I2C_DATA                          00000005
I2C_READ                          00000002
I2C_START                         00000003
I2C_STOP                          00000004
IBF                               00000007
IBOV                              00000005
INDF                              00000000
INTCON                            0000000B
INTE                              00000004
INTEDG                            00000006
INTF                              00000001
IRP                               00000007
MPASM  4.02 Released                             PROG_9_2.ASM   8-10-2006  17:46:25         PAGE  8


SYMBOL TABLE
  LABEL                             VALUE 

NOT_A                             00000005
NOT_ADDRESS                       00000005
NOT_BO                            00000000
NOT_BOR                           00000000
NOT_DONE                          00000002
NOT_PD                            00000003
NOT_POR                           00000001
NOT_RBPU                          00000007
NOT_RC8                           00000006
NOT_T1SYNC                        00000002
NOT_TO                            00000004
NOT_TX8                           00000006
NOT_W                             00000002
NOT_WRITE                         00000002
OBF                               00000006
OERR                              00000001
OPTION_REG                        00000081
P                                 00000004
PCFG0                             00000000
PCFG1                             00000001
PCFG2                             00000002
PCFG3                             00000003
PCL                               00000002
PCLATH                            0000000A
PCON                              0000008E
PEIE                              00000006
PEN                               00000002
PIE1                              0000008C
PIE2                              0000008D
PIR1                              0000000C
PIR2                              0000000D
PORTA                             00000005
PORTB                             00000006
PORTC                             00000007
PORTD                             00000008
PORTE                             00000009
PR2                               00000092
PROGRAMSIL                        2
PS0                               00000000
PS1                               00000001
PS2                               00000002
PSA                               00000003
PSPIE                             00000007
PSPIF                             00000007
PSPMODE                           00000004
Program_Sil                       0000006D
R                                 00000002
RBIE                              00000003
RBIF                              00000000
RC8_9                             00000006
RC9                               00000006
RCD8                              00000000
RCEN                              00000003
MPASM  4.02 Released                             PROG_9_2.ASM   8-10-2006  17:46:25         PAGE  9


SYMBOL TABLE
  LABEL                             VALUE 

RCIE                              00000005
RCIF                              00000005
RCREG                             0000001A
RCSTA                             00000018
RD                                00000000
READ_WRITE                        00000002
RP0                               00000005
RP1                               00000006
RSEN                              00000001
RX9                               00000006
RX9D                              00000000
R_W                               00000002
S                                 00000003
SEN                               00000000
SMP                               00000007
SPBRG                             00000099
SPEN                              00000007
SREN                              00000005
SSPADD                            00000093
SSPBUF                            00000013
SSPCON                            00000014
SSPCON2                           00000091
SSPEN                             00000005
SSPIE                             00000003
SSPIF                             00000003
SSPM0                             00000000
SSPM1                             00000001
SSPM2                             00000002
SSPM3                             00000003
SSPOV                             00000006
SSPSTAT                           00000094
STATUS                            00000003
SYNC                              00000004
T0CS                              00000005
T0IE                              00000005
T0IF                              00000002
T0SE                              00000004
T1CKPS0                           00000004
T1CKPS1                           00000005
T1CON                             00000010
T1INSYNC                          00000002
T1OSCEN                           00000003
T1SYNC                            00000002
T2CKPS0                           00000000
T2CKPS1                           00000001
T2CON                             00000012
TMR0                              00000001
TMR0IE                            00000005
TMR0IF                            00000002
TMR1CS                            00000001
TMR1H                             0000000F
TMR1IE                            00000000
TMR1IF                            00000000
MPASM  4.02 Released                             PROG_9_2.ASM   8-10-2006  17:46:25         PAGE 10


SYMBOL TABLE
  LABEL                             VALUE 

TMR1L                             0000000E
TMR1ON                            00000000
TMR2                              00000011
TMR2IE                            00000001
TMR2IF                            00000001
TMR2ON                            00000002
TOUTPS0                           00000003
TOUTPS1                           00000004
TOUTPS2                           00000005
TOUTPS3                           00000006
TRISA                             00000085
TRISB                             00000086
TRISC                             00000087
TRISD                             00000088
TRISE                             00000089
TRISE0                            00000000
TRISE1                            00000001
TRISE2                            00000002
TRMT                              00000001
TX8_9                             00000006
TX9                               00000006
TX9D                              00000000
TXD8                              00000000
TXEN                              00000005
TXIE                              00000004
TXIF                              00000004
TXREG                             00000019
TXSTA                             00000098
UA                                00000001
W                                 00000000
WCOL                              00000007
WR                                00000001
WREN                              00000002
WRERR                             00000003
Z                                 00000002
_BODEN_OFF                        00003FBF
_BODEN_ON                         00003FFF
_CPD_OFF                          00003FFF
_CPD_ON                           00003EFF
_CP_ALL                           00001FFF
_CP_OFF                           00003FFF
_DEBUG_OFF                        00003FFF
_DEBUG_ON                         000037FF
_HS_OSC                           00003FFE
_LP_OSC                           00003FFC
_LVP_OFF                          00003F7F
_LVP_ON                           00003FFF
_PWRTE_OFF                        00003FFF
_PWRTE_ON                         00003FF7
_RC_OSC                           00003FFF
_WDT_OFF                          00003FFB
_WDT_ON                           00003FFF
_WRT_1FOURTH                      00003BFF
MPASM  4.02 Released                             PROG_9_2.ASM   8-10-2006  17:46:25         PAGE 11


SYMBOL TABLE
  LABEL                             VALUE 

_WRT_256                          00003DFF
_WRT_HALF                         000039FF
_WRT_OFF                          00003FFF
_XT_OSC                           00003FFD
__16F877A                         00000001
ana_j1                            00000016
ana_program                       00000006
kesme                             00000005
sil                               00000073


MEMORY USAGE MAP ('X' = Used,  '-' = Unused)

0000 : X---XXXXXXXXXXXX XXXXXXXXXXXXXXXX XXXXXXXXXXXXXXXX XXXXXXXXXXXXXXXX
0040 : XXXXXXXXXXXXXXXX XXXXXXXXXXXXXXXX XXXXXXXXXXXXXXXX XXXXXXXXX-------
2000 : -------X-------- ---------------- ---------------- ----------------

All other memory blocks unused.

Program Memory Words Used:   118
Program Memory Words Free:  8074


Errors   :     0
Warnings :     0 reported,     0 suppressed
Messages :    22 reported,     0 suppressed

