MPASM  4.02 Released                             PROG_9_1.ASM   8-10-2006  17:28:05         PAGE  1


LOC  OBJECT CODE     LINE SOURCE TEXT
  VALUE

                      00001 ;*******************************************************************
                      00002 ;       Dosya Adý               : 9_1.asm
                      00003 ;       Programýn Amacý         : Dahili eeprom belleðe veri yazma ve okuma
                      00004 ;       PIC DK2.1a              : PORTB Çýkýþ ==> LED
                      00005 ;                               : XT ==> 4Mhz
                      00006 ;*******************************************************************
                      00007         list p=16F877A
                      00008         include "p16F877A.inc"  
                      00001         LIST
                      00002 ; P16F877A.INC  Standard Header File, Version 1.00    Microchip Technology, Inc.
                      00398         LIST
2007   3F39           00009         __config H'3F39'                ;Tüm program sigortalarý kapalý, 
                      00010                                         ;Osilatör XT ve 4Mhz
0000                  00011         ORG     0                       ;Reset vektör adresi.
0000   018A           00012         clrf    PCLATH                  ;0. Program sayfasý seçildi.
0001   281A           00013         goto    ana_program             ;ana_programa'a git.
                      00014         
0004                  00015         ORG     4                       ;Kesme vektör adresi.
0004                  00016 Kesmeler                                ;Kesme kullanýmý gerekiyorsa 
                      00017                                         ;buradan itibaren yazýlmalý. 
                      00018                                         ;ya da goto komutu ile buradan yönlendirilmeli.
0004   0009           00019         retfie
                      00020 ;-------------------------------------------------------------------
                      00021 ; Dahili EEPROM'a veri yazma alt programý:
                      00022 ; Çaðrýlmadan önce EEADR kaydedicisine yazýlacak adres, EEDATA 
                      00023 ; kaydedicisine ise yazýlacak veri yüklenmeli.
                      00024 ;-------------------------------------------------------------------
0005                  00025 dahili_EEPROM_yaz
0005   1683 1703      00026         banksel EECON1                  ;EECON1'in bulunduðu BANK seçildi.
0007   138B           00027         bcf     INTCON, GIE             ;Genel kesmeler pasif. (Yazmada 
                      00028                                         ;iþlem akýþý bozulmamalý.)
Message[302]: Register in operand not in bank 0.  Ensure that bank bits are correct.
0008   150C           00029         bsf     EECON1, WREN            ;Yazma etkinleþtirme bit’i set 
                      00030                                         ;edildi.
0009   3055           00031         movlw   0x55                    ;Yazma için buradan itibaren 5 
                      00032                                         ;satýr aynen korunmalý.
Message[302]: Register in operand not in bank 0.  Ensure that bank bits are correct.
000A   008D           00033         movwf   EECON2
000B   30AA           00034         movlw   0xAA
Message[302]: Register in operand not in bank 0.  Ensure that bank bits are correct.
000C   008D           00035         movwf   EECON2
Message[302]: Register in operand not in bank 0.  Ensure that bank bits are correct.
000D   148C           00036         bsf     EECON1, WR              ;Yaz komutu verildi.
000E   178B           00037         bsf     INTCON, GIE             ;Genel kesmeler aktif. (Kesme 
                      00038                                         ;kullanýlmayacaksa silinebilir.)
000F                  00039 dahili_ee_j1
Message[302]: Register in operand not in bank 0.  Ensure that bank bits are correct.
000F   188C           00040         btfsc   EECON1, WR              ;Yazma iþlemi tamamlanana kadar 
                      00041                                         ;bekle (WR=0 olana kadar).
0010   280F           00042         goto    dahili_ee_j1
Message[302]: Register in operand not in bank 0.  Ensure that bank bits are correct.
0011   110C           00043         bcf     EECON1, WREN            ;Yazma izni kaldýrýldý.
0012   0008           00044         return
MPASM  4.02 Released                             PROG_9_1.ASM   8-10-2006  17:28:05         PAGE  2


LOC  OBJECT CODE     LINE SOURCE TEXT
  VALUE

                      00045 ;-------------------------------------------------------------------
                      00046 ; Dahili EEPROM'dan veri okuma alt programý: Çaðrýlmadan önce EEADR 
                      00047 ; kaydedicisine okunacak verinin adresi yüklenmeli.
                      00048 ;-------------------------------------------------------------------
0013                  00049 dahili_EEPROM_oku
0013   1683 1703      00050         banksel EECON1
Message[302]: Register in operand not in bank 0.  Ensure that bank bits are correct.
0015   140C           00051         bsf     EECON1, RD
0016   1283 1703      00052         banksel EEDATA
Message[302]: Register in operand not in bank 0.  Ensure that bank bits are correct.
0018   080C           00053         movf    EEDATA, W
0019   0008           00054         return
                      00055 ;-------------------------------------------------------------------
                      00056 ; Ana program: 0x0A dahili EEPROM adresine 0x97 bilgisi yükleniyor,
                      00057 ; Daha sonra ayný adresten veri okunarak PORTB'deki LED'lerde 
                      00058 ; görüntüleniyor.
                      00059 ;-------------------------------------------------------------------
001A                  00060 ana_program
001A   1683 1303      00061         banksel TRISB                   ;BANK1 seçildi, TRISB bu bankta.
Message[302]: Register in operand not in bank 0.  Ensure that bank bits are correct.
001C   0186           00062         clrf    TRISB                   ;PORTB pinleri çýkýþa ayarlandý.
001D   1283 1303      00063         banksel PORTB                   ;BANK0 seçildi, PORTB bu bankta.
001F   0186           00064         clrf    PORTB                   ;Ýlk anda LED'ler sönük.
0020   300A           00065         movlw   0x0A                    ;Yazýlacak Dahili EEPROM adresi
0021   1283 1703      00066         banksel EEADR                   ;EEADR kaydedicisi için BANK 
                      00067                                         ;seçildi.
Message[302]: Register in operand not in bank 0.  Ensure that bank bits are correct.
0023   008D           00068         movwf   EEADR                   ;Adres bilgisi yüklendi.
0024   3097           00069         movlw   0x97                    ;Yazýlacak veri.
Message[302]: Register in operand not in bank 0.  Ensure that bank bits are correct.
0025   008C           00070         movwf   EEDATA                  ;Veri yüklendi.
0026   2005           00071         call    dahili_EEPROM_yaz       ;Yazma alt programýný çaðýr.
0027   1283 1703      00072         banksel EEADR                   ;EEADR kaydedicisi için BANK 
                      00073                                         ;seçildi.
0029   300A           00074         movlw   0x0A                    ;Okunacak Dahili EEPROM adresi.
Message[302]: Register in operand not in bank 0.  Ensure that bank bits are correct.
002A   008D           00075         movwf   EEADR                   ;Adres bilgisi yüklendi.
002B   2013           00076         call    dahili_EEPROM_oku       ;Okuma alt programýný çaðýr.
002C   1283 1303      00077         banksel PORTB                   ;BANK0'a geç.
002E   0086           00078         movwf   PORTB                   ;Okunan deðeri LED'lerde görüntüle.
002F                  00079 ana_j1
002F   282F           00080         goto    ana_j1                  ;Sistem kapatýlana yada resetlenene 
                      00081                                         ;kadar boþ döngü.
                      00082         END
MPASM  4.02 Released                             PROG_9_1.ASM   8-10-2006  17:28:05         PAGE  3


SYMBOL TABLE
  LABEL                             VALUE 

ACKDT                             00000005
ACKEN                             00000004
ACKSTAT                           00000006
ADCON0                            0000001F
ADCON1                            0000009F
ADCS0                             00000006
ADCS1                             00000007
ADDEN                             00000003
ADFM                              00000007
ADIE                              00000006
ADIF                              00000006
ADON                              00000000
ADRESH                            0000001E
ADRESL                            0000009E
BCLIE                             00000003
BCLIF                             00000003
BF                                00000000
BRGH                              00000002
C                                 00000000
C1INV                             00000004
C1OUT                             00000006
C2INV                             00000005
C2OUT                             00000007
CCP1CON                           00000017
CCP1IE                            00000002
CCP1IF                            00000002
CCP1M0                            00000000
CCP1M1                            00000001
CCP1M2                            00000002
CCP1M3                            00000003
CCP1X                             00000005
CCP1Y                             00000004
CCP2CON                           0000001D
CCP2IE                            00000000
CCP2IF                            00000000
CCP2M0                            00000000
CCP2M1                            00000001
CCP2M2                            00000002
CCP2M3                            00000003
CCP2X                             00000005
CCP2Y                             00000004
CCPR1H                            00000016
CCPR1L                            00000015
CCPR2H                            0000001C
CCPR2L                            0000001B
CHS0                              00000003
CHS1                              00000004
CHS2                              00000005
CIS                               00000003
CKE                               00000006
CKP                               00000004
CM0                               00000000
CM1                               00000001
MPASM  4.02 Released                             PROG_9_1.ASM   8-10-2006  17:28:05         PAGE  4


SYMBOL TABLE
  LABEL                             VALUE 

CM2                               00000002
CMCON                             0000009C
CMIE                              00000006
CMIF                              00000006
CREN                              00000004
CSRC                              00000007
CVR0                              00000000
CVR1                              00000001
CVR2                              00000002
CVR3                              00000003
CVRCON                            0000009D
CVREN                             00000007
CVROE                             00000006
CVRR                              00000005
D                                 00000005
DATA_ADDRESS                      00000005
DC                                00000001
D_A                               00000005
EEADR                             0000010D
EEADRH                            0000010F
EECON1                            0000018C
EECON2                            0000018D
EEDATA                            0000010C
EEDATH                            0000010E
EEIE                              00000004
EEIF                              00000004
EEPGD                             00000007
F                                 00000001
FERR                              00000002
FSR                               00000004
GCEN                              00000007
GIE                               00000007
GO                                00000002
GO_DONE                           00000002
I2C_DATA                          00000005
I2C_READ                          00000002
I2C_START                         00000003
I2C_STOP                          00000004
IBF                               00000007
IBOV                              00000005
INDF                              00000000
INTCON                            0000000B
INTE                              00000004
INTEDG                            00000006
INTF                              00000001
IRP                               00000007
Kesmeler                          00000004
NOT_A                             00000005
NOT_ADDRESS                       00000005
NOT_BO                            00000000
NOT_BOR                           00000000
NOT_DONE                          00000002
NOT_PD                            00000003
MPASM  4.02 Released                             PROG_9_1.ASM   8-10-2006  17:28:05         PAGE  5


SYMBOL TABLE
  LABEL                             VALUE 

NOT_POR                           00000001
NOT_RBPU                          00000007
NOT_RC8                           00000006
NOT_T1SYNC                        00000002
NOT_TO                            00000004
NOT_TX8                           00000006
NOT_W                             00000002
NOT_WRITE                         00000002
OBF                               00000006
OERR                              00000001
OPTION_REG                        00000081
P                                 00000004
PCFG0                             00000000
PCFG1                             00000001
PCFG2                             00000002
PCFG3                             00000003
PCL                               00000002
PCLATH                            0000000A
PCON                              0000008E
PEIE                              00000006
PEN                               00000002
PIE1                              0000008C
PIE2                              0000008D
PIR1                              0000000C
PIR2                              0000000D
PORTA                             00000005
PORTB                             00000006
PORTC                             00000007
PORTD                             00000008
PORTE                             00000009
PR2                               00000092
PS0                               00000000
PS1                               00000001
PS2                               00000002
PSA                               00000003
PSPIE                             00000007
PSPIF                             00000007
PSPMODE                           00000004
R                                 00000002
RBIE                              00000003
RBIF                              00000000
RC8_9                             00000006
RC9                               00000006
RCD8                              00000000
RCEN                              00000003
RCIE                              00000005
RCIF                              00000005
RCREG                             0000001A
RCSTA                             00000018
RD                                00000000
READ_WRITE                        00000002
RP0                               00000005
RP1                               00000006
MPASM  4.02 Released                             PROG_9_1.ASM   8-10-2006  17:28:05         PAGE  6


SYMBOL TABLE
  LABEL                             VALUE 

RSEN                              00000001
RX9                               00000006
RX9D                              00000000
R_W                               00000002
S                                 00000003
SEN                               00000000
SMP                               00000007
SPBRG                             00000099
SPEN                              00000007
SREN                              00000005
SSPADD                            00000093
SSPBUF                            00000013
SSPCON                            00000014
SSPCON2                           00000091
SSPEN                             00000005
SSPIE                             00000003
SSPIF                             00000003
SSPM0                             00000000
SSPM1                             00000001
SSPM2                             00000002
SSPM3                             00000003
SSPOV                             00000006
SSPSTAT                           00000094
STATUS                            00000003
SYNC                              00000004
T0CS                              00000005
T0IE                              00000005
T0IF                              00000002
T0SE                              00000004
T1CKPS0                           00000004
T1CKPS1                           00000005
T1CON                             00000010
T1INSYNC                          00000002
T1OSCEN                           00000003
T1SYNC                            00000002
T2CKPS0                           00000000
T2CKPS1                           00000001
T2CON                             00000012
TMR0                              00000001
TMR0IE                            00000005
TMR0IF                            00000002
TMR1CS                            00000001
TMR1H                             0000000F
TMR1IE                            00000000
TMR1IF                            00000000
TMR1L                             0000000E
TMR1ON                            00000000
TMR2                              00000011
TMR2IE                            00000001
TMR2IF                            00000001
TMR2ON                            00000002
TOUTPS0                           00000003
TOUTPS1                           00000004
MPASM  4.02 Released                             PROG_9_1.ASM   8-10-2006  17:28:05         PAGE  7


SYMBOL TABLE
  LABEL                             VALUE 

TOUTPS2                           00000005
TOUTPS3                           00000006
TRISA                             00000085
TRISB                             00000086
TRISC                             00000087
TRISD                             00000088
TRISE                             00000089
TRISE0                            00000000
TRISE1                            00000001
TRISE2                            00000002
TRMT                              00000001
TX8_9                             00000006
TX9                               00000006
TX9D                              00000000
TXD8                              00000000
TXEN                              00000005
TXIE                              00000004
TXIF                              00000004
TXREG                             00000019
TXSTA                             00000098
UA                                00000001
W                                 00000000
WCOL                              00000007
WR                                00000001
WREN                              00000002
WRERR                             00000003
Z                                 00000002
_BODEN_OFF                        00003FBF
_BODEN_ON                         00003FFF
_CPD_OFF                          00003FFF
_CPD_ON                           00003EFF
_CP_ALL                           00001FFF
_CP_OFF                           00003FFF
_DEBUG_OFF                        00003FFF
_DEBUG_ON                         000037FF
_HS_OSC                           00003FFE
_LP_OSC                           00003FFC
_LVP_OFF                          00003F7F
_LVP_ON                           00003FFF
_PWRTE_OFF                        00003FFF
_PWRTE_ON                         00003FF7
_RC_OSC                           00003FFF
_WDT_OFF                          00003FFB
_WDT_ON                           00003FFF
_WRT_1FOURTH                      00003BFF
_WRT_256                          00003DFF
_WRT_HALF                         000039FF
_WRT_OFF                          00003FFF
_XT_OSC                           00003FFD
__16F877A                         00000001
ana_j1                            0000002F
ana_program                       0000001A
dahili_EEPROM_oku                 00000013
MPASM  4.02 Released                             PROG_9_1.ASM   8-10-2006  17:28:05         PAGE  8


SYMBOL TABLE
  LABEL                             VALUE 

dahili_EEPROM_yaz                 00000005
dahili_ee_j1                      0000000F


MEMORY USAGE MAP ('X' = Used,  '-' = Unused)

0000 : XX--XXXXXXXXXXXX XXXXXXXXXXXXXXXX XXXXXXXXXXXXXXXX ----------------
2000 : -------X-------- ---------------- ---------------- ----------------

All other memory blocks unused.

Program Memory Words Used:    46
Program Memory Words Free:  8146


Errors   :     0
Warnings :     0 reported,     0 suppressed
Messages :    12 reported,     0 suppressed

