MPASM  4.02 Released                             PROG_3_4.ASM   8-9-2006  17:23:20         PAGE  1


LOC  OBJECT CODE     LINE SOURCE TEXT
  VALUE

                      00001 ;*******************************************************************
                      00002 ;       Dosya Adý               : 3_4.asm
                      00003 ;       Programýn Amacý : Ýki kesmeyi kaynaðýný
                      00004 ;                                 beraber kullanmak.
                      00005 ;       PICDK2.1a               : PORTB Çýkýþ ==> LED
                      00006 ;                               : XT ==> 4Mhz
                      00007 ;*******************************************************************
                      00008         list            p=16F877A       ; Derleyici için bilgi
                      00009         #include        <P16F877A.INC>  ; 877A için gerekli özel                
                      00001         LIST
                      00002 ; P16F877A.INC  Standard Header File, Version 1.00    Microchip Technology, Inc.
                      00398         LIST
                      00010                                         ; amaçlý register isim adres eþleþmeleri.
2007   3F31           00011         __config H'3F31'                ;PWRT on, diðerleri kapalý, 
                      00012                                         ;Osilatör XT ve 4Mhz
                      00013 ;-------------------------------------------------------------------
  00000020            00014 YEDEK_W EQU     0x020           ; Genel amaçlý adres-isim eþleþmeleri.
  00000021            00015 YEDEK_STATUS    EQU     0x021
  00000022            00016 YEDEK_PCLATH    EQU     0x022
                      00017 
0000                  00018         ORG     0x000           ; Baþlangýç adresi.
0000   2820           00019         goto    ana_program     ; Ana programa git.
0004                  00020         ORG     0x004           ; Kesme vektörü adresi.
0004   00A0           00021         movwf   YEDEK_W         ; W register’i içeriðini YEDEK_W’ye kaydet.
0005   0803           00022         movf    STATUS,W        ; STATUS’ü W ye al,
0006   00A1           00023         movwf   YEDEK_STATUS    ; bunu YEDEK_STATUS’e kayýt et.
0007   080A           00024         movf    PCLATH,W        ; PCLATH’i W ye aktar,
0008   00A2           00025         movwf   YEDEK_PCLATH    ; bunu YEDEK_PCCLATH’a kaydet.
                      00026 
0009                  00027 kesme 
0009   190B           00028         btfsc   INTCON, TMR0IF  ; Eðer TMR0IF “1” ise TMR0  kesme
                      00029                                 ; bayraðý çekilmiþ demektir.
                      00030                                 ; Satýrý atlama, tmr0_int adresine
                      00031                                 ; git. Eðer bayrak çekili deðilse
Warning[203]: Found opcode in column 1. (goto)
000A   2812           00032 goto    tmr0_int                ; tmr1 kesmesi olmalýdýr. tmr1_int
                      00033                                 ; adresinden program çalýþmaya 
                      00034                                 ; devam eder.
000B                  00035 tmr1_int
000B   100C           00036         bcf     PIR1,TMR1IF             ; Artýk bayrak ile iþimiz 
                      00037                                         ; bitti, kapatabiliriz.
000C   1886           00038         btfsc   PORTB,1                 ; PORTB'nin 1. bit’ine baðlý LED 
                      00039                                         ; yanýyorsa kapatma
000D   2810           00040         goto    portb1sýfýryap          ; programýný çaðýr. Kapalýysa 
                      00041                                         ; devam et ve
000E   1486           00042         bsf     PORTB,1                 ; PORTB'yi "1" durumuna getir ve
000F   2819           00043         goto    kesme_bitir             ; kesmeden çýkmaya hazýrlan.
0010                  00044 portb1sýfýryap
0010   1086           00045         bcf     PORTB,1                 ; PORTB'yi "0 durumuna getir ve
0011   2819           00046         goto    kesme_bitir             ; kesmeden çýkmaya hazýrlan.
0012                  00047 tmr0_int                                        
0012   110B           00048         bcf     INTCON,TMR0IF           ; TMR0IF bayraðýný kapatabiliriz.
0013   1C06           00049         btfss   PORTB,0                 ; PORTB'nin 0. bit’i 0 mý 1 mi?
MPASM  4.02 Released                             PROG_3_4.ASM   8-9-2006  17:23:20         PAGE  2


LOC  OBJECT CODE     LINE SOURCE TEXT
  VALUE

0014   2816           00050         goto    portb0setet             ; 1 ise 0 yapan yere git.
0015   2818           00051         goto    portb0sýfýryap          ; 0 ise 1 yapan yere git.
0016                  00052 portb0setet                             
0016   1406           00053         bsf     PORTB,0                 ; LED'i yak.
0017   2819           00054         goto    kesme_bitir             ; Kesmeden çýkmaya hazýrlan.
0018                  00055 portb0sýfýryap
0018   1006           00056         bcf     PORTB,0                 ; LED'i söndür.
                      00057                                         ; Nasýl olsa programýn sonundayýz,
                      00058                                         ; burada goto kesme_bitir'e gerek yok 
0019                  00059 kesme_bitir
0019   0822           00060         movf    YEDEK_PCLATH, W         ; Kesme öncesi kopyayý W’ye al.
001A   008A           00061         movwf   PCLATH                  ; Bunu PCLATH’a kopyala.
001B   0821           00062         movf    YEDEK_STATUS, W         ; Kesme öncesi STATUS’ü W’ye al,
001C   0083           00063         movwf   STATUS                  ; bunu STATUS’e kopyala.
001D   0EA0           00064         swapf   YEDEK_W, F              ; Dört bit’in yerini deðiþtir.
001E   0E20           00065         swapf   YEDEK_W, W              ; Tekrar çevir fakat W’ye kaydet.
001F   0009           00066         retfie                          ; Kesmeden geri dön.
                      00067 ;-------------------------------------------------------------------
Warning[207]: Found label after column 1. (ana_program)
0020                  00068  ana_program
                      00069 ;-------------------------------------------------------------------
0020   30E0           00070         movlw   b'11100000'             ; GIE’yi PEIE’yi ve TMR0IEyý “1”
0021   008B           00071         movwf   INTCON                  ; yap.Böylece TMR0 kesmesi açýlsýn.
0022   30F1           00072         movlw   b'11110001'             ; T1CON registeri ile TMR1 zamanlayý
0023   0090           00073         movwf   T1CON                   ; cýsýnýn “0” lanma süresini ayarla
0024   1683           00074         bsf     STATUS,RP0              ; BANK1’e geç.
0025   3087           00075         movlw   b'10000111'             ; TMR0 zamanlayýcýsýnýn ön çarpanýn
Message[302]: Register in operand not in bank 0.  Ensure that bank bits are correct.
0026   0081           00076         movwf   OPTION_REG              ; ný ayarla RB pull-uplarýný kapat.
Message[302]: Register in operand not in bank 0.  Ensure that bank bits are correct.
0027   140C           00077         bsf     PIE1,0                  ; TMR1 kesmesini aç.
0028   30FC           00078         movlw   b'11111100'             ; PORTB’nin son iki bit’i çýkýþ, 
Message[302]: Register in operand not in bank 0.  Ensure that bank bits are correct.
0029   0086           00079         movwf   TRISB                   ; diðer bit’leri giriþ olsun.
002A   1283           00080         bcf     STATUS,RP0              ; BANK0’a geç.
002B                  00081 dongu                                    
002B   282B           00082         goto    dongu                   ; Sonsuz döngüye devam et.
                      00083         end
MPASM  4.02 Released                             PROG_3_4.ASM   8-9-2006  17:23:20         PAGE  3


SYMBOL TABLE
  LABEL                             VALUE 

ACKDT                             00000005
ACKEN                             00000004
ACKSTAT                           00000006
ADCON0                            0000001F
ADCON1                            0000009F
ADCS0                             00000006
ADCS1                             00000007
ADDEN                             00000003
ADFM                              00000007
ADIE                              00000006
ADIF                              00000006
ADON                              00000000
ADRESH                            0000001E
ADRESL                            0000009E
BCLIE                             00000003
BCLIF                             00000003
BF                                00000000
BRGH                              00000002
C                                 00000000
C1INV                             00000004
C1OUT                             00000006
C2INV                             00000005
C2OUT                             00000007
CCP1CON                           00000017
CCP1IE                            00000002
CCP1IF                            00000002
CCP1M0                            00000000
CCP1M1                            00000001
CCP1M2                            00000002
CCP1M3                            00000003
CCP1X                             00000005
CCP1Y                             00000004
CCP2CON                           0000001D
CCP2IE                            00000000
CCP2IF                            00000000
CCP2M0                            00000000
CCP2M1                            00000001
CCP2M2                            00000002
CCP2M3                            00000003
CCP2X                             00000005
CCP2Y                             00000004
CCPR1H                            00000016
CCPR1L                            00000015
CCPR2H                            0000001C
CCPR2L                            0000001B
CHS0                              00000003
CHS1                              00000004
CHS2                              00000005
CIS                               00000003
CKE                               00000006
CKP                               00000004
CM0                               00000000
CM1                               00000001
MPASM  4.02 Released                             PROG_3_4.ASM   8-9-2006  17:23:20         PAGE  4


SYMBOL TABLE
  LABEL                             VALUE 

CM2                               00000002
CMCON                             0000009C
CMIE                              00000006
CMIF                              00000006
CREN                              00000004
CSRC                              00000007
CVR0                              00000000
CVR1                              00000001
CVR2                              00000002
CVR3                              00000003
CVRCON                            0000009D
CVREN                             00000007
CVROE                             00000006
CVRR                              00000005
D                                 00000005
DATA_ADDRESS                      00000005
DC                                00000001
D_A                               00000005
EEADR                             0000010D
EEADRH                            0000010F
EECON1                            0000018C
EECON2                            0000018D
EEDATA                            0000010C
EEDATH                            0000010E
EEIE                              00000004
EEIF                              00000004
EEPGD                             00000007
F                                 00000001
FERR                              00000002
FSR                               00000004
GCEN                              00000007
GIE                               00000007
GO                                00000002
GO_DONE                           00000002
I2C_DATA                          00000005
I2C_READ                          00000002
I2C_START                         00000003
I2C_STOP                          00000004
IBF                               00000007
IBOV                              00000005
INDF                              00000000
INTCON                            0000000B
INTE                              00000004
INTEDG                            00000006
INTF                              00000001
IRP                               00000007
NOT_A                             00000005
NOT_ADDRESS                       00000005
NOT_BO                            00000000
NOT_BOR                           00000000
NOT_DONE                          00000002
NOT_PD                            00000003
NOT_POR                           00000001
MPASM  4.02 Released                             PROG_3_4.ASM   8-9-2006  17:23:20         PAGE  5


SYMBOL TABLE
  LABEL                             VALUE 

NOT_RBPU                          00000007
NOT_RC8                           00000006
NOT_T1SYNC                        00000002
NOT_TO                            00000004
NOT_TX8                           00000006
NOT_W                             00000002
NOT_WRITE                         00000002
OBF                               00000006
OERR                              00000001
OPTION_REG                        00000081
P                                 00000004
PCFG0                             00000000
PCFG1                             00000001
PCFG2                             00000002
PCFG3                             00000003
PCL                               00000002
PCLATH                            0000000A
PCON                              0000008E
PEIE                              00000006
PEN                               00000002
PIE1                              0000008C
PIE2                              0000008D
PIR1                              0000000C
PIR2                              0000000D
PORTA                             00000005
PORTB                             00000006
PORTC                             00000007
PORTD                             00000008
PORTE                             00000009
PR2                               00000092
PS0                               00000000
PS1                               00000001
PS2                               00000002
PSA                               00000003
PSPIE                             00000007
PSPIF                             00000007
PSPMODE                           00000004
R                                 00000002
RBIE                              00000003
RBIF                              00000000
RC8_9                             00000006
RC9                               00000006
RCD8                              00000000
RCEN                              00000003
RCIE                              00000005
RCIF                              00000005
RCREG                             0000001A
RCSTA                             00000018
RD                                00000000
READ_WRITE                        00000002
RP0                               00000005
RP1                               00000006
RSEN                              00000001
MPASM  4.02 Released                             PROG_3_4.ASM   8-9-2006  17:23:20         PAGE  6


SYMBOL TABLE
  LABEL                             VALUE 

RX9                               00000006
RX9D                              00000000
R_W                               00000002
S                                 00000003
SEN                               00000000
SMP                               00000007
SPBRG                             00000099
SPEN                              00000007
SREN                              00000005
SSPADD                            00000093
SSPBUF                            00000013
SSPCON                            00000014
SSPCON2                           00000091
SSPEN                             00000005
SSPIE                             00000003
SSPIF                             00000003
SSPM0                             00000000
SSPM1                             00000001
SSPM2                             00000002
SSPM3                             00000003
SSPOV                             00000006
SSPSTAT                           00000094
STATUS                            00000003
SYNC                              00000004
T0CS                              00000005
T0IE                              00000005
T0IF                              00000002
T0SE                              00000004
T1CKPS0                           00000004
T1CKPS1                           00000005
T1CON                             00000010
T1INSYNC                          00000002
T1OSCEN                           00000003
T1SYNC                            00000002
T2CKPS0                           00000000
T2CKPS1                           00000001
T2CON                             00000012
TMR0                              00000001
TMR0IE                            00000005
TMR0IF                            00000002
TMR1CS                            00000001
TMR1H                             0000000F
TMR1IE                            00000000
TMR1IF                            00000000
TMR1L                             0000000E
TMR1ON                            00000000
TMR2                              00000011
TMR2IE                            00000001
TMR2IF                            00000001
TMR2ON                            00000002
TOUTPS0                           00000003
TOUTPS1                           00000004
TOUTPS2                           00000005
MPASM  4.02 Released                             PROG_3_4.ASM   8-9-2006  17:23:20         PAGE  7


SYMBOL TABLE
  LABEL                             VALUE 

TOUTPS3                           00000006
TRISA                             00000085
TRISB                             00000086
TRISC                             00000087
TRISD                             00000088
TRISE                             00000089
TRISE0                            00000000
TRISE1                            00000001
TRISE2                            00000002
TRMT                              00000001
TX8_9                             00000006
TX9                               00000006
TX9D                              00000000
TXD8                              00000000
TXEN                              00000005
TXIE                              00000004
TXIF                              00000004
TXREG                             00000019
TXSTA                             00000098
UA                                00000001
W                                 00000000
WCOL                              00000007
WR                                00000001
WREN                              00000002
WRERR                             00000003
YEDEK_PCLATH                      00000022
YEDEK_STATUS                      00000021
YEDEK_W                           00000020
Z                                 00000002
_BODEN_OFF                        00003FBF
_BODEN_ON                         00003FFF
_CPD_OFF                          00003FFF
_CPD_ON                           00003EFF
_CP_ALL                           00001FFF
_CP_OFF                           00003FFF
_DEBUG_OFF                        00003FFF
_DEBUG_ON                         000037FF
_HS_OSC                           00003FFE
_LP_OSC                           00003FFC
_LVP_OFF                          00003F7F
_LVP_ON                           00003FFF
_PWRTE_OFF                        00003FFF
_PWRTE_ON                         00003FF7
_RC_OSC                           00003FFF
_WDT_OFF                          00003FFB
_WDT_ON                           00003FFF
_WRT_1FOURTH                      00003BFF
_WRT_256                          00003DFF
_WRT_HALF                         000039FF
_WRT_OFF                          00003FFF
_XT_OSC                           00003FFD
__16F877A                         00000001
ana_program                       00000020
MPASM  4.02 Released                             PROG_3_4.ASM   8-9-2006  17:23:20         PAGE  8


SYMBOL TABLE
  LABEL                             VALUE 

dongu                             0000002B
kesme                             00000009
kesme_bitir                       00000019
portb0setet                       00000016
portb0sýfýryap                    00000018
portb1sýfýryap                    00000010
tmr0_int                          00000012
tmr1_int                          0000000B


MEMORY USAGE MAP ('X' = Used,  '-' = Unused)

0000 : X---XXXXXXXXXXXX XXXXXXXXXXXXXXXX XXXXXXXXXXXX---- ----------------
2000 : -------X-------- ---------------- ---------------- ----------------

All other memory blocks unused.

Program Memory Words Used:    41
Program Memory Words Free:  8151


Errors   :     0
Warnings :     2 reported,     0 suppressed
Messages :     3 reported,     0 suppressed

