MPASM  4.02 Released                            PROG_11_2.ASM   8-10-2006  18:07:43         PAGE  1


LOC  OBJECT CODE     LINE SOURCE TEXT
  VALUE

                      00001 ;*******************************************************************
                      00002 ;       Dosya Adý               : 11_2.asm
                      00003 ;       Programýn Amacý         : 4 dijit 7 segment display uygulamasý
                      00004 ;       PIC DK2.1a              : PORTB Çýkýþ ==> 7 segment display
                      00005 ;                               : XT ==> 4Mhz
                      00006 ;*******************************************************************
                      00007         list p=16F877A
                      00008         include "p16F877A.inc"
                      00001         LIST
                      00002 ; P16F877A.INC  Standard Header File, Version 1.00    Microchip Technology, Inc.
                      00398         LIST
2007   3F31           00009         __config H'3F31'                ;PWRT on, diðerleri kapalý, 
                      00010                                         ;Osc:XT ve 4Mhz.
                      00011 ;-------------------------------------------------------------------
                      00012 ; Deðiþken tanýmlarý yapýlýyor.
                      00013 ;-------------------------------------------------------------------    
Warning[205]: Found directive in column 1. (CBLOCK)
                      00014 CBLOCK  0x20                    ;16F877A’nýn RAM baþlangýç adresi, 
                      00015                                 ;deðiþkenler burada.
  00000020            00016                 sayacH          ;sayacýn yüksek byte'ý.
  00000021            00017                 sayacL          ;sayacýn düþük byte'ý.
  00000022            00018                 sira            ;Display sýrasýný belirler.
                      00019 
  00000023            00020                 HexMSB          ;Çevrilecek sayýnýn en deðerli byte'ý.
  00000024            00021                 HexLSB          ;Çevrilecek sayýnýn en deðersiz byte'ý.
  00000025            00022                 binler          ;Çevrilen sayýnýn binler basamaðý burada.
  00000026            00023                 yuzler          ;Çevrilen sayýnýn yüzler basamaðý burada.
  00000027            00024                 onlar           ;Çevrilen sayýnýn onlar basamaðý burada.
  00000028            00025                 birler          ;Çevrilen sayýnýn birler basamaðý burada.
                      00026 
  00000029            00027                 Timer5ms        ;5 ms sayacý.
  0000002A            00028                 Timer1s         ;1 sn sayacý.
  0000002B            00029                 TimeCtrl        ;Zaman kontrol kaydedicisi.
                      00030         ENDC
                      00031 
0000                  00032         ORG     0 
0000   118A 120A      00033         pagesel Ana_program             ;Ana programýn bulunduðu program 
                      00034                                         ;sayfasý seçildi.
0002   288D           00035         goto    Ana_program
0004                  00036         ORG     4                       ;Kesme alt programý bu adresten goto    kesme   
                      00037                                         ;baþlýyor.
                      00038 ;-------------------------------------------------------------------
                      00039 ; 2 byte binary veriyi bcd koda dönüþtürür. Sonuç binler, yüzler,
                      00040 ; onlar ve birler deðiþkenlerinde saklanýr.
                      00041 ;-------------------------------------------------------------------
0004                  00042 HexToDec
0004   01A5           00043         clrf binler             ;binler = 0
0005   01A6           00044         clrf yuzler             ;yuzler = 0
0006   01A7           00045         clrf onlar              ;onlar = 0
0007   01A8           00046         clrf birler             ;birler = 0
0008                  00047 binler_kont
0008   3004           00048         movlw   04h             ;W’ye 1024 (0x0400) sayýsýnýn en deðerli 
                      00049                                 ;byte'ýný yükle.
MPASM  4.02 Released                            PROG_11_2.ASM   8-10-2006  18:07:43         PAGE  2


LOC  OBJECT CODE     LINE SOURCE TEXT
  VALUE

0009   0223           00050         subwf   HexMSB, W       ;HexMSB’den 1024 çýkart.
000A   1C03           00051         btfss   STATUS, C       ;HexMSB > 1024'mü?
000B   2814           00052         goto    yuzler_kont2    ;hayýr ise yüzleri kontrol et.
000C   0AA5           00053         incf    binler, F       ;evet ise binleri bir artýr.
000D   3004           00054         movlw   04h             ;W’ye 0x04 yükle.
000E   02A3           00055         subwf   HexMSB, F       ;HexMSB’den 1000 çýkart.
000F   3018           00056         movlw   18h             ;W’ye 0x18 yükle.
0010   07A4           00057         addwf   HexLSB, F       ;HexLSB’ye (0x18 = 24) ekle.
0011   1803           00058         btfsc   STATUS, C       ;elde var mý?
0012   0AA3           00059         incf    HexMSB, F       ;evet ise bir artýr.
0013   2808           00060         goto    binler_kont     ;binleri yeniden kontrol et.
0014                  00061 yuzler_kont2
0014   3001           00062         movlw   0x01            ;256 (0x0100)
0015   0223           00063         subwf   HexMSB, W       ;HexMSB’den 200 çýkart ve sonucu W’ye 
                      00064                                 ;sakla.
0016   1C03           00065         btfss   STATUS, C       ;sonuç >= 256’mý?
0017   2827           00066         goto    yuzler_kont1    ;Hayýr ise yüzler basamaðýný kontrol et
0018   3002           00067         movlw   0x02            ;deðilse,
0019   07A6           00068         addwf   yuzler, F       ;yuzler'e 2 ekle.
001A   3001           00069         movlw   0x01            ;W = 1
001B   02A3           00070         subwf   HexMSB, F       ;HexMSB’den 200 çýkart.
001C   3038           00071         movlw   0x38            ;W =0x38 (256'nýn 56 lýk kýsmý).
001D   07A4           00072         addwf   HexLSB, F       ;HexLSB’ye 56’yý ekle.
001E   1803           00073         btfsc   STATUS, C       ;elde var mý?
001F   0AA3           00074         incf    HexMSB, F       ;evet ise HexMSB’yi bir artýr.
0020   300A           00075         movlw   0x0A            ;W = 10
0021   0226           00076         subwf   yuzler, W       ;yuzler = 1000 olup olmadýðýný kontrol et,
0022   1D03           00077         btfss   STATUS, Z       ;sonuç sýfýr mý?
0023   2814           00078         goto    yuzler_kont2    ;hayýr ise yuzleri yeniden kontrol et.
0024   01A6           00079         clrf    yuzler          ;yuzler = 0
0025   0AA5           00080         incf    binler, F       ;binler'i artýr.
0026   2814           00081         goto    yuzler_kont2    ;yuzler'i 200 ya da daha büyük sayý için 
                      00082                                 ;yeniden kontrol et.
0027                  00083 yuzler_kont1 
0027   3064           00084         movlw   0x64            ;W = 0x64
0028   0224           00085         subwf   HexLSB, W       ;HexLSB’den 100 çýkart.
0029   1C03           00086         btfss   STATUS, C       ;sonuç >= 100 mü?
002A   2835           00087         goto    onlar_kont      ;hayýr ise onlarý kontrol et,
002B   0AA6           00088         incf    yuzler, F       ;evet ise yuzler'i bir artýr.
002C   3064           00089         movlw   0x64            ;W = 0x64 (100)
002D   02A4           00090         subwf   HexLSB, F       ;HexLSB’yi 100 azalt.
002E   300A           00091         movlw   0x0A            ;W = 0x0A (10)
002F   0226           00092         subwf   yuzler, W       ;yuzler = 1000 kontrolü yap.
0030   1D03           00093         btfss   STATUS, Z       ;sonuç = 0 mý?
0031   2827           00094         goto    yuzler_kont1    ;hayýr ise 100 için yuzler'i yeniden 
                      00095                                 ;kontrol et.
0032   01A6           00096         clrf    yuzler          ;yuzler = 0
0033   0AA5           00097         incf    binler, F       ;binleri bir artýr.
0034   2827           00098         goto    yuzler_kont1    ;100 ya da daha büyük olma durumu için 
                      00099                                 ;yuzleri yeniden kontrol et.
0035                  00100 onlar_kont
0035   300A           00101         movlw   0x0A            ;W = 0x0A (10)
0036   0224           00102         subwf   HexLSB, W       ;HexLSB’den 10 çýkart.
MPASM  4.02 Released                            PROG_11_2.ASM   8-10-2006  18:07:43         PAGE  3


LOC  OBJECT CODE     LINE SOURCE TEXT
  VALUE

0037   1C03           00103         btfss   STATUS, C       ;sonuç >= 10 mu?
0038   283D           00104         goto    birler_kont     ;hayýr ise birleri kontrol et,
0039   0AA7           00105         incf    onlar, F        ;evet ise onlarý bir artýr.
003A   300A           00106         movlw   0x0A            ;W = 0x0A (10)
003B   02A4           00107         subwf   HexLSB, F       ;HexLSB’den 10 çýkart.
003C   2835           00108         goto    onlar_kont      ;onlar'ý yeniden kontrol et.
003D                  00109 birler_kont
003D   0824           00110         movf    HexLSB, W       ;W = HexLSB
003E   00A8           00111         movwf   birler          ;birler = W, dönüþüm iþlemi tamam.
003F   0008           00112         return                  ;Alt programdan çýk.
                      00113 ;-------------------------------------------------------------------
                      00114 ; Her 1 saniyede sayaç deðerini bir artýran alt program.
                      00115 ;-------------------------------------------------------------------
0040                  00116 SayacArtir
0040   0AA1           00117         incf    sayacL, F       ;sayacL’yi bir artýr.
0041   1903           00118         btfsc   STATUS, Z       ;sýfýrdan farklý ise bir komut atla.
0042   0AA0           00119         incf    sayacH, F       ;sayacH’i bir artýr.
0043   3027           00120         movlw   0x27    
0044   0220           00121         subwf   sayacH, W
0045   1D03           00122         btfss   STATUS, Z               ;sayacH = 0x27 ise bir komut atla
0046   284D           00123         goto    SayacArtir_j1           ;sayac henüz 10000’e ulaþmadý, o 
                      00124                                         ;halde devam et.
0047   3010           00125         movlw   0x10
0048   0221           00126         subwf   sayacL, W
0049   1D03           00127         btfss   STATUS, Z               ;sayacL = 0x10 ise bir komut atla
004A   284D           00128         goto    SayacArtir_j1           ;sayac henüz 10000’e ulaþmadý, o 
                      00129                                         ;halde devam et.
004B   01A0           00130         clrf    sayacH                  ;sayacý sýfýrla.
004C   01A1           00131         clrf    sayacL
004D                  00132 SayacArtir_j1
004D   0820           00133         movf    sayacH, W               ;sayac deðerini desimale dönüþtür.
004E   00A3           00134         movwf   HexMSB
004F   0821           00135         movf    sayacL, W
0050   00A4           00136         movwf   HexLSB
0051   2004           00137         call    HexToDec
0052   0008           00138         return
                      00139 ;-------------------------------------------------------------------
                      00140 ; Her 5ms’de bir display’leri tarayarak görüntü oluþturur.
                      00141 ;------------------------------------------------------------------- 
0053                  00142 DisplaydeGoster
0053                  00143 display1
0053   0AA2           00144         incf    sira, F ;Taranacak display sýrasýseçiliyor.
0054   3001           00145         movlw   .1
0055   0222           00146         subwf   sira, W
0056   1D03           00147         btfss   STATUS, Z       ;1. display mi taranacak?
0057   285C           00148         goto    display2        ;Hayýr ise 2.display için kontrol et.   
0058   0828           00149         movf    birler, W
0059   3810           00150         iorlw   0x10            ;1. display sürme bilgisi ve deðeri W’de
005A   0086           00151         movwf   PORTB           ;1. display’de görüntü oluþturuldu.
005B   2876           00152         goto    disp_son
005C                  00153 display2
005C   3002           00154         movlw   .2
005D   0222           00155         subwf   sira, W
MPASM  4.02 Released                            PROG_11_2.ASM   8-10-2006  18:07:43         PAGE  4


LOC  OBJECT CODE     LINE SOURCE TEXT
  VALUE

005E   1D03           00156         btfss   STATUS, Z       ;2. display mi taranacak?
005F   2864           00157         goto    display3        ;Hayýr ise 3. display için kontrol yap.
0060   0827           00158         movf    onlar, W
0061   3820           00159         iorlw   0x20            ;2. display sürme bilgisi ve deðeri W’de.
0062   0086           00160         movwf   PORTB           ;2. display’de görüntü oluþturuldu.
0063   2876           00161         goto    disp_son
0064                  00162 display3
0064   3003           00163         movlw   .3
0065   0222           00164         subwf   sira, W
0066   1D03           00165         btfss   STATUS, Z       ;3. display mi taranacak.
0067   286C           00166         goto    display4        ;Hayýr ise 4. display için kontrol yap.
0068   0826           00167         movf    yuzler, W
0069   3840           00168         iorlw   0x40            ;3. display sürme bilgisi ve deðeri W’de.
006A   0086           00169         movwf   PORTB           ;3. display’de görüntü oluþturuldu.
006B   2876           00170         goto    disp_son
006C                  00171 display4
006C   3004           00172         movlw   .4
006D   0222           00173         subwf   sira, W
006E   1D03           00174         btfss   STATUS, Z       ;4. display mi taranacak.
006F   2874           00175         goto    display5        ;Hayýr ise sirayi 1.display için ayarla.        
0070   0825           00176         movf    binler, W
0071   3880           00177         iorlw   0x80            ;4. display sürme bilgisi ve deðeri W’de.
0072   0086           00178         movwf   PORTB           ;4. display’de görüntü oluþturuldu.
0073   2876           00179         goto    disp_son
0074                  00180 display5
0074   01A2           00181         clrf    sira            ;sira deðerini sýfýrla ve
0075   2853           00182         goto    display1        ;tekrar bir artýrarak kontrol için baþa 
0076                  00183 disp_son:
0076   0008           00184         return
                      00185 ;-------------------------------------------------------------------
                      00186 ; Kesme programý her 1 ms de bir çalýþýr ve zaman sayaçlarýný 
                      00187 ; artýrýr.
                      00188 ;-------------------------------------------------------------------
0077                  00189 kesme
0077   1E8B           00190         btfss   INTCON, T0IE            ;TMR0 kesmesi etkin mi? Evetse bir 
                      00191                                         ;komut atla.
0078   288B           00192         goto    int_son                 ;hayýrsa kesmeden çýk.
0079   1D0B           00193         btfss   INTCON, T0IF            ;TMR0 kesmesi oluþtumu? T0IF = 1 mi     
007A   288B           00194         goto    int_son                 ;hayýrsa kesmeden çýk.
007B   3006           00195         movlw   0x06
007C   0081           00196         movwf   TMR0
007D   0AA9           00197         incf    Timer5ms, F
007E   3005           00198         movlw   .5
007F   0229           00199         subwf   Timer5ms, W
0080   1D03           00200         btfss   STATUS, Z
0081   288B           00201         goto    int_son
0082   01A9           00202         clrf    Timer5ms                ;5 ms doldu.
0083   142B           00203         bsf     TimeCtrl, 0             ;5 ms bayraðý set oldu.
0084   0AAA           00204         incf    Timer1s, F              ;1 s sayacýný artýr, deðeri 200 
                      00205                                         ;olduðunda 1s geçmiþtir
                      00206                                         ;bu durumda sayaç artýrýlacak.
0085   30C8           00207         movlw   .200
0086   022A           00208         subwf   Timer1s, W
MPASM  4.02 Released                            PROG_11_2.ASM   8-10-2006  18:07:43         PAGE  5


LOC  OBJECT CODE     LINE SOURCE TEXT
  VALUE

0087   1C03           00209         btfss   STATUS, C
0088   288B           00210         goto    int_son
0089   01AA           00211         clrf    Timer1s                 ;1 sn doldu.
008A   14AB           00212         bsf     TimeCtrl, 1             ;1 sn bayraðý set oldu.
008B                  00213 int_son
008B   110B           00214         bcf     INTCON, T0IF            ;Kesme bayraðýný sil.
008C   0009           00215         retfie
                      00216 ;-------------------------------------------------------------------
                      00217 ; Ana program
                      00218 ;-------------------------------------------------------------------
008D                  00219 Ana_program     
008D   30D1           00220         movlw   0xD1                    ;RB pull-up pasif, TMR0 için clock 
                      00221                                         ;kaynaðý internal clock.
Warning[224]: Use of this instruction is not recommended.
008E   0062           00222         option                          ;1:4 prescaler deðer seçildi.
                      00223 
008F   1683 1303      00224         banksel TRISB                   ;BANK1 seçildi.
Message[302]: Register in operand not in bank 0.  Ensure that bank bits are correct.
0091   0186           00225         clrf    TRISB                   ;PORTB çýkýþ yapýldý.
0092   1283 1303      00226         banksel PORTB                   ;BANK0 seçildi.
0094   0186           00227         clrf    PORTB                   ;PORTB çýkýþlarý sýfýrlandý.
                      00228 
0095   01A0           00229         clrf    sayacH                  ;sayac = 0
0096   01A1           00230         clrf    sayacL
0097   01A3           00231         clrf    HexMSB                  ;Desimal deðiþkenler sýfýrlandý.
0098   01A4           00232         clrf    HexLSB
0099   2004           00233         call    HexToDec
                      00234 
009A   01A2           00235         clrf    sira                    ;sira = 0, þu an herhangi bir 
                      00236                                         ;display’i iþaret etmiyor.
                      00237         
009B   01A9           00238         clrf    Timer5ms                ;5 ms sayacý sýfýrlandý.
009C   01AA           00239         clrf    Timer1s                 ;1 sn sayacý sýfýrlandý.
009D   01AB           00240         clrf    TimeCtrl                ;Zaman kontrol kaydedicisi 
                      00241                                         ;sýfýrlandý.
009E   3006           00242         movlw   0x06
009F   0081           00243         movwf   TMR0                    ;TMR0 zamanlayýcýsý ilk deðeri 
                      00244                                         ;verildi.
00A0   168B           00245         bsf     INTCON, T0IE            ;TMR0 kesmesi etkin hale getirildi
00A1   178B           00246         bsf     INTCON, GIE             ;Etkinleþtirilen tüm kesmelere 
                      00247                                         ;izin verildi.
00A2                  00248 Ana_j1:
00A2   1C2B           00249         btfss   TimeCtrl, 0             ;5 ms süre geçti mi?
00A3   28A6           00250         goto    Ana_j2                  ;1 sn bayraðýný kontrol et.
00A4   102B           00251         bcf     TimeCtrl, 0             ;5 ms bayraðýný sil.
00A5   2053           00252         call    DisplaydeGoster         ;Display tara.
                      00253 
00A6                  00254 Ana_j2
00A6   1CAB           00255         btfss   TimeCtrl, 1             ;1 sn süre geçti mi?
00A7   28A2           00256         goto    Ana_j1                  ;5 ms bayraðýný kontrol et.
00A8   10AB           00257         bcf     TimeCtrl, 1             ;1 sn bayraðýný sil.
00A9   2040           00258         call    SayacArtir              ;Sayacý bir artýr.
00AA   28A2           00259         goto    Ana_j1                  ;Sistem kapatýlana ya da 
MPASM  4.02 Released                            PROG_11_2.ASM   8-10-2006  18:07:43         PAGE  6


LOC  OBJECT CODE     LINE SOURCE TEXT
  VALUE

                      00260                                         ;resetlenene kadar boþ döngü.
                      00261                                         ;Bu döngü sýrasýnda 5ms'de bir 
                      00262                                         ;kesme çalýþýyor.
                      00263         end
MPASM  4.02 Released                            PROG_11_2.ASM   8-10-2006  18:07:43         PAGE  7


SYMBOL TABLE
  LABEL                             VALUE 

ACKDT                             00000005
ACKEN                             00000004
ACKSTAT                           00000006
ADCON0                            0000001F
ADCON1                            0000009F
ADCS0                             00000006
ADCS1                             00000007
ADDEN                             00000003
ADFM                              00000007
ADIE                              00000006
ADIF                              00000006
ADON                              00000000
ADRESH                            0000001E
ADRESL                            0000009E
Ana_j1                            000000A2
Ana_j2                            000000A6
Ana_program                       0000008D
BCLIE                             00000003
BCLIF                             00000003
BF                                00000000
BRGH                              00000002
C                                 00000000
C1INV                             00000004
C1OUT                             00000006
C2INV                             00000005
C2OUT                             00000007
CCP1CON                           00000017
CCP1IE                            00000002
CCP1IF                            00000002
CCP1M0                            00000000
CCP1M1                            00000001
CCP1M2                            00000002
CCP1M3                            00000003
CCP1X                             00000005
CCP1Y                             00000004
CCP2CON                           0000001D
CCP2IE                            00000000
CCP2IF                            00000000
CCP2M0                            00000000
CCP2M1                            00000001
CCP2M2                            00000002
CCP2M3                            00000003
CCP2X                             00000005
CCP2Y                             00000004
CCPR1H                            00000016
CCPR1L                            00000015
CCPR2H                            0000001C
CCPR2L                            0000001B
CHS0                              00000003
CHS1                              00000004
CHS2                              00000005
CIS                               00000003
CKE                               00000006
MPASM  4.02 Released                            PROG_11_2.ASM   8-10-2006  18:07:43         PAGE  8


SYMBOL TABLE
  LABEL                             VALUE 

CKP                               00000004
CM0                               00000000
CM1                               00000001
CM2                               00000002
CMCON                             0000009C
CMIE                              00000006
CMIF                              00000006
CREN                              00000004
CSRC                              00000007
CVR0                              00000000
CVR1                              00000001
CVR2                              00000002
CVR3                              00000003
CVRCON                            0000009D
CVREN                             00000007
CVROE                             00000006
CVRR                              00000005
D                                 00000005
DATA_ADDRESS                      00000005
DC                                00000001
D_A                               00000005
DisplaydeGoster                   00000053
EEADR                             0000010D
EEADRH                            0000010F
EECON1                            0000018C
EECON2                            0000018D
EEDATA                            0000010C
EEDATH                            0000010E
EEIE                              00000004
EEIF                              00000004
EEPGD                             00000007
F                                 00000001
FERR                              00000002
FSR                               00000004
GCEN                              00000007
GIE                               00000007
GO                                00000002
GO_DONE                           00000002
HexLSB                            00000024
HexMSB                            00000023
HexToDec                          00000004
I2C_DATA                          00000005
I2C_READ                          00000002
I2C_START                         00000003
I2C_STOP                          00000004
IBF                               00000007
IBOV                              00000005
INDF                              00000000
INTCON                            0000000B
INTE                              00000004
INTEDG                            00000006
INTF                              00000001
IRP                               00000007
MPASM  4.02 Released                            PROG_11_2.ASM   8-10-2006  18:07:43         PAGE  9


SYMBOL TABLE
  LABEL                             VALUE 

NOT_A                             00000005
NOT_ADDRESS                       00000005
NOT_BO                            00000000
NOT_BOR                           00000000
NOT_DONE                          00000002
NOT_PD                            00000003
NOT_POR                           00000001
NOT_RBPU                          00000007
NOT_RC8                           00000006
NOT_T1SYNC                        00000002
NOT_TO                            00000004
NOT_TX8                           00000006
NOT_W                             00000002
NOT_WRITE                         00000002
OBF                               00000006
OERR                              00000001
OPTION_REG                        00000081
P                                 00000004
PCFG0                             00000000
PCFG1                             00000001
PCFG2                             00000002
PCFG3                             00000003
PCL                               00000002
PCLATH                            0000000A
PCON                              0000008E
PEIE                              00000006
PEN                               00000002
PIE1                              0000008C
PIE2                              0000008D
PIR1                              0000000C
PIR2                              0000000D
PORTA                             00000005
PORTB                             00000006
PORTC                             00000007
PORTD                             00000008
PORTE                             00000009
PR2                               00000092
PS0                               00000000
PS1                               00000001
PS2                               00000002
PSA                               00000003
PSPIE                             00000007
PSPIF                             00000007
PSPMODE                           00000004
R                                 00000002
RBIE                              00000003
RBIF                              00000000
RC8_9                             00000006
RC9                               00000006
RCD8                              00000000
RCEN                              00000003
RCIE                              00000005
RCIF                              00000005
MPASM  4.02 Released                            PROG_11_2.ASM   8-10-2006  18:07:43         PAGE 10


SYMBOL TABLE
  LABEL                             VALUE 

RCREG                             0000001A
RCSTA                             00000018
RD                                00000000
READ_WRITE                        00000002
RP0                               00000005
RP1                               00000006
RSEN                              00000001
RX9                               00000006
RX9D                              00000000
R_W                               00000002
S                                 00000003
SEN                               00000000
SMP                               00000007
SPBRG                             00000099
SPEN                              00000007
SREN                              00000005
SSPADD                            00000093
SSPBUF                            00000013
SSPCON                            00000014
SSPCON2                           00000091
SSPEN                             00000005
SSPIE                             00000003
SSPIF                             00000003
SSPM0                             00000000
SSPM1                             00000001
SSPM2                             00000002
SSPM3                             00000003
SSPOV                             00000006
SSPSTAT                           00000094
STATUS                            00000003
SYNC                              00000004
SayacArtir                        00000040
SayacArtir_j1                     0000004D
T0CS                              00000005
T0IE                              00000005
T0IF                              00000002
T0SE                              00000004
T1CKPS0                           00000004
T1CKPS1                           00000005
T1CON                             00000010
T1INSYNC                          00000002
T1OSCEN                           00000003
T1SYNC                            00000002
T2CKPS0                           00000000
T2CKPS1                           00000001
T2CON                             00000012
TMR0                              00000001
TMR0IE                            00000005
TMR0IF                            00000002
TMR1CS                            00000001
TMR1H                             0000000F
TMR1IE                            00000000
TMR1IF                            00000000
MPASM  4.02 Released                            PROG_11_2.ASM   8-10-2006  18:07:43         PAGE 11


SYMBOL TABLE
  LABEL                             VALUE 

TMR1L                             0000000E
TMR1ON                            00000000
TMR2                              00000011
TMR2IE                            00000001
TMR2IF                            00000001
TMR2ON                            00000002
TOUTPS0                           00000003
TOUTPS1                           00000004
TOUTPS2                           00000005
TOUTPS3                           00000006
TRISA                             00000085
TRISB                             00000086
TRISC                             00000087
TRISD                             00000088
TRISE                             00000089
TRISE0                            00000000
TRISE1                            00000001
TRISE2                            00000002
TRMT                              00000001
TX8_9                             00000006
TX9                               00000006
TX9D                              00000000
TXD8                              00000000
TXEN                              00000005
TXIE                              00000004
TXIF                              00000004
TXREG                             00000019
TXSTA                             00000098
TimeCtrl                          0000002B
Timer1s                           0000002A
Timer5ms                          00000029
UA                                00000001
W                                 00000000
WCOL                              00000007
WR                                00000001
WREN                              00000002
WRERR                             00000003
Z                                 00000002
_BODEN_OFF                        00003FBF
_BODEN_ON                         00003FFF
_CPD_OFF                          00003FFF
_CPD_ON                           00003EFF
_CP_ALL                           00001FFF
_CP_OFF                           00003FFF
_DEBUG_OFF                        00003FFF
_DEBUG_ON                         000037FF
_HS_OSC                           00003FFE
_LP_OSC                           00003FFC
_LVP_OFF                          00003F7F
_LVP_ON                           00003FFF
_PWRTE_OFF                        00003FFF
_PWRTE_ON                         00003FF7
_RC_OSC                           00003FFF
MPASM  4.02 Released                            PROG_11_2.ASM   8-10-2006  18:07:43         PAGE 12


SYMBOL TABLE
  LABEL                             VALUE 

_WDT_OFF                          00003FFB
_WDT_ON                           00003FFF
_WRT_1FOURTH                      00003BFF
_WRT_256                          00003DFF
_WRT_HALF                         000039FF
_WRT_OFF                          00003FFF
_XT_OSC                           00003FFD
__16F877A                         00000001
binler                            00000025
binler_kont                       00000008
birler                            00000028
birler_kont                       0000003D
disp_son                          00000076
display1                          00000053
display2                          0000005C
display3                          00000064
display4                          0000006C
display5                          00000074
int_son                           0000008B
kesme                             00000077
onlar                             00000027
onlar_kont                        00000035
sayacH                            00000020
sayacL                            00000021
sira                              00000022
yuzler                            00000026
yuzler_kont1                      00000027
yuzler_kont2                      00000014


MEMORY USAGE MAP ('X' = Used,  '-' = Unused)

0000 : XXX-XXXXXXXXXXXX XXXXXXXXXXXXXXXX XXXXXXXXXXXXXXXX XXXXXXXXXXXXXXXX
0040 : XXXXXXXXXXXXXXXX XXXXXXXXXXXXXXXX XXXXXXXXXXXXXXXX XXXXXXXXXXXXXXXX
0080 : XXXXXXXXXXXXXXXX XXXXXXXXXXXXXXXX XXXXXXXXXXX----- ----------------
2000 : -------X-------- ---------------- ---------------- ----------------

All other memory blocks unused.

Program Memory Words Used:   170
Program Memory Words Free:  8022


Errors   :     0
Warnings :     2 reported,     0 suppressed
Messages :     1 reported,     0 suppressed

