MPASM  4.02 Released                             PROG_6_6.ASM   8-10-2006  15:36:17         PAGE  1


LOC  OBJECT CODE     LINE SOURCE TEXT
  VALUE

                      00001 ;*******************************************************************
                      00002 ;       Dosya Adý               : 6_6.asm
                      00003 ;       Programýn Amacý         : I²C Protokolü ile Seri Veri Ýletiþimi
                      00004 ;                                (PCF8574 kullanýlarak).
                      00005 ;       Notlar                  : XT ==> 4Mhz
                      00006 ;******************************************************************* 
                      00007         list p = 16F877A
                      00008         include "p16F877A.inc"
                      00001         LIST
                      00002 ; P16F877A.INC  Standard Header File, Version 1.00    Microchip Technology, Inc.
                      00398         LIST
2007   3F3A           00009         __config H'3F3A'                ;Tüm program sigortalarý kapalý, 
                      00010                                         ;Osilatör HS ve 20 Mhz.
                      00011 ;-------------------------------------------------------------------
                      00012 ; Genel deðiþken tanýmlamalarý
                      00013 ;-------------------------------------------------------------------
  00000070            00014 delay_ms_data           equ 0x70        ;Delay için 2 byte'lýk deðiþken.
  00000072            00015 I2CSend_Data            equ 0x72        ;Geçici deðiþken.
  00000073            00016 I2C_Data                equ 0x73        ;I2C cihazý veri deðiþkeni.
  00000074            00017 pcf8574_data            equ 0x74
                      00018 
0000                  00019         ORG     0
0000   018A           00020         clrf    PCLATH
0001   28A4           00021         goto    Ana_Program
                      00022 ;-------------------------------------------------------------------
                      00023 ; MSSP modülünü I2C Master iletiþim için hazýrlar.
                      00024 ;-------------------------------------------------------------------
0002                  00025 I2C_init
0002   1683 1303      00026         banksel SSPSTAT                 ;BANK1’e geçildi.
Message[302]: Register in operand not in bank 0.  Ensure that bank bits are correct.
0004   0194           00027         clrf    SSPSTAT                 ;Tüm durum bit’leri siliniyor.
Message[302]: Register in operand not in bank 0.  Ensure that bank bits are correct.
0005   1794           00028         bsf     SSPSTAT, SMP            ;SMP = 1 SLEW Rate Control pasif. 
                      00029                                         ;(Standart speed mod)
0006   3031           00030         movlw   B'00110001'             ;Fosc = 20MHz için BitRate = 100kHz 
                      00031                                         ;seçersek formülden
Message[302]: Register in operand not in bank 0.  Ensure that bank bits are correct.
0007   0093           00032         movwf   SSPADD                  ;SSPADD=49 bulunur.
Message[302]: Register in operand not in bank 0.  Ensure that bank bits are correct.
0008   0191           00033         clrf    SSPCON2                 ;Kontrol bit’lerini sil.
0009   3098           00034         movlw   B'10011000'             ;Usart için RX ve I2C için SCL ve 
                      00035                                         ;SDA giriþe ayarlandý.
Message[302]: Register in operand not in bank 0.  Ensure that bank bits are correct.
000A   0087           00036         movwf   TRISC                   
000B   3028           00037         movlw   B'00101000'             ;SSPEN=1, I2C Master Fosc based 
                      00038                                         ;clock mod seçiliyor.
000C   1283           00039         bcf     STATUS, RP0             ;BANK0’a geçildi.
000D   0094           00040         movwf   SSPCON
000E   0187           00041         clrf    PORTC
000F   0008           00042         return
                      00043 ;-------------------------------------------------------------------
                      00044 ; I2C Start bit’i gönderen alt program
                      00045 ;-------------------------------------------------------------------
MPASM  4.02 Released                             PROG_6_6.ASM   8-10-2006  15:36:17         PAGE  2


LOC  OBJECT CODE     LINE SOURCE TEXT
  VALUE

0010                  00046 I2CStart
0010   1283 1303      00047         banksel PIR1                    ;BANK0’a geçildi.
0012   118C           00048         bcf     PIR1, SSPIF             ;SSPIF kesme bayraðýný sil.
0013   1683           00049         bsf     STATUS, RP0             ;BANK1’e geçildi.
Message[302]: Register in operand not in bank 0.  Ensure that bank bits are correct.
0014   1411           00050         bsf     SSPCON2, SEN            ;Start bit Enable edildi.
0015                  00051 I2CStart_j1
Message[302]: Register in operand not in bank 0.  Ensure that bank bits are correct.
0015   1811           00052         btfsc   SSPCON2, SEN            ;SEN bit’i silinene kadar bekle.
0016   2815           00053         goto    I2CStart_j1
0017   1283 1303      00054         banksel PIR1                    ;BANK0’a geçildi.
0019                  00055 I2CStart_j2
0019   1D8C           00056         btfss   PIR1, SSPIF
001A   2819           00057         goto    I2CStart_j2             ;Ýþlemin tamamlandýðýna dair kesme 
                      00058                                         ;oluþana kadar bekle.
001B   118C           00059         bcf     PIR1, SSPIF             ;SSPIF kesme bayraðýný sil.
001C   0008           00060         return
                      00061 ;-------------------------------------------------------------------
                      00062 ; I2C ReStart bit’i gönderen alt program.
                      00063 ;-------------------------------------------------------------------
001D                  00064 I2CReStart
001D   0000           00065         nop
001E   0000           00066         nop
001F   0000           00067         nop
0020   0000           00068         nop
0021   0000           00069         nop                             ;Kýsa bir süre bekle.
0022   1683 1303      00070         banksel SSPCON2                 ;BANK1’e geçildi.
Message[302]: Register in operand not in bank 0.  Ensure that bank bits are correct.
0024   1491           00071         bsf     SSPCON2, RSEN           ;ReStart bit Enable edildi.
0025                  00072 I2CReStart_j1
Message[302]: Register in operand not in bank 0.  Ensure that bank bits are correct.
0025   1891           00073         btfsc   SSPCON2, RSEN           ;ReStart bit silinene kadar bekle.
0026   2825           00074         goto    I2CReStart_j1
0027   0008           00075         return
                      00076 ;-------------------------------------------------------------------
                      00077 ; I2C cihazýna SSPBUF kaydedicisindeki veriyi gönderen alt program.
                      00078 ;-------------------------------------------------------------------
0028                  00079 I2CSend
0028   1283 1303      00080         banksel PIR1                    ;BANK0
002A   118C           00081         bcf     PIR1, SSPIF             ;SSPIF kesme bayraðýný sil.
002B   0872           00082         movf    I2CSend_Data, W
002C   0093           00083         movwf   SSPBUF                  ;Gönderilecek byte SSP buffer 
                      00084                                         ;kaydedicisine yüklendi.
002D   1683 1303      00085         banksel SSPSTAT
Message[302]: Register in operand not in bank 0.  Ensure that bank bits are correct.
002F   1C14           00086         btfss   SSPSTAT,BF
0030   282F           00087         goto    $-1
0031   1283           00088         bcf     STATUS,RP0
0032   0008           00089         return
                      00090 ;-------------------------------------------------------------------
                      00091 ; I2C cihazýndan SSPBUF kaydedicisine veri okuma alt programý.
                      00092 ;-------------------------------------------------------------------
0033                  00093 I2CRead
MPASM  4.02 Released                             PROG_6_6.ASM   8-10-2006  15:36:17         PAGE  3


LOC  OBJECT CODE     LINE SOURCE TEXT
  VALUE

0033   1683 1303      00094         banksel SSPCON2                 ;BANK1
Message[302]: Register in operand not in bank 0.  Ensure that bank bits are correct.
0035   1591           00095         bsf     SSPCON2, RCEN           ;Receive Enable bit’i set edildi.
0036                  00096 I2CRead_j1
Message[302]: Register in operand not in bank 0.  Ensure that bank bits are correct.
0036   1991           00097         btfsc   SSPCON2, RCEN           ;Receive Enable bit’i silinene
                      00098                                         ;kadar bekle.
0037   2836           00099         goto    I2CRead_j1
0038   1283 1303      00100         banksel PIR1                    ;BANK0
003A                  00101 I2CRead_j2
003A   1D8C           00102         btfss   PIR1, SSPIF
003B   283A           00103         goto    I2CRead_j2              ;Ýþlemin tamamlandýðýna dair kesme 
                      00104                                         ;oluþana kadar bekle.
003C   118C           00105         bcf     PIR1, SSPIF             ;SSPIF kesme bayraðýný sil.
003D   0813           00106         movf    SSPBUF, W               ;Okunan veri SSPBUF'den W 
                      00107                                         ;kaydedicisine aktarýldý.
003E   0008           00108         return
                      00109 ;-------------------------------------------------------------------
                      00110 ; I2C Stop bit’i gönderen alt program.
                      00111 ;-------------------------------------------------------------------
003F                  00112 I2CStop
003F   1683 1303      00113         banksel SSPCON2                 ;BANK1
Message[302]: Register in operand not in bank 0.  Ensure that bank bits are correct.
0041   1511           00114         bsf     SSPCON2, PEN            ;Stop bit enable yapýldý.
0042                  00115 I2CStop_j1
Message[302]: Register in operand not in bank 0.  Ensure that bank bits are correct.
0042   1911           00116         btfsc   SSPCON2, PEN    
0043   2842           00117         goto    I2CStop_j1              ;Stop bit’i silinene (gönderilene) 
                      00118                                         ;kadar bekle.
0044   1283 1303      00119         banksel PIR1                    ;BANK0.
0046                  00120 I2CStop_j2
0046   1D8C           00121         btfss   PIR1, SSPIF             
0047   2846           00122         goto    I2CStop_j2              ;Ýþlemin tamamlandýðýna dair kesme 
                      00123                                         ;oluþana kadar bekle.
0048   118C           00124         bcf     PIR1, SSPIF             ;SSPIF kesme bayraðýný sil.
0049   0008           00125         return
                      00126 ;-------------------------------------------------------------------
                      00127 ; I2C cihazýndan Ack bilgisi alan alt program.
                      00128 ;-------------------------------------------------------------------
004A                  00129 I2CAck
004A   1683 1303      00130         banksel SSPCON2                 ;BANK1.
Message[302]: Register in operand not in bank 0.  Ensure that bank bits are correct.
004C   1291           00131         bcf     SSPCON2, ACKDT          ;ACK bilgisi için LOW seviye 
                      00132                                         ;seçiliyor.
Message[302]: Register in operand not in bank 0.  Ensure that bank bits are correct.
004D   1711           00133         bsf     SSPCON2, ACKSTAT        ;ACKSTAT set ediliyor. Bu bit I2C 
                      00134                                         ;cihazý tarafýndan
004E                  00135 I2CAck_j1                               ;silindiðinde ACK LOW bilgisi 
                      00136                                         ;gelmiþ ve iþlem I2C
Message[302]: Register in operand not in bank 0.  Ensure that bank bits are correct.
004E   1B11           00137         btfsc   SSPCON2, ACKSTAT        ;cihazý tarafýndan onaylanmýþ 
                      00138                                         ;demektir.
004F   284E           00139         goto    I2CAck_j1               ;ACKSTAT LOW olana kadar bekle (ACK 
MPASM  4.02 Released                             PROG_6_6.ASM   8-10-2006  15:36:17         PAGE  4


LOC  OBJECT CODE     LINE SOURCE TEXT
  VALUE

                      00140                                         ;gelene kadar).
0050   1283 1303      00141         banksel PIR1                    ;BANK0.
0052                  00142 I2CAck_j2
0052   1D8C           00143         btfss   PIR1, SSPIF
0053   2852           00144         goto    I2CAck_j2               ;Ýþlemin tamamlandýðýna dair kesme 
                      00145                                         ;oluþana kadar bekle.
0054   118C           00146         bcf     PIR1, SSPIF             ;SSPIF kesme bayraðýný sil.
0055   0008           00147         return
                      00148 ;-------------------------------------------------------------------
                      00149 ; I2C cihazýndan Not Ack bilgisi alan alt program.
                      00150 ;-------------------------------------------------------------------
0056                  00151 I2CNak
0056   1683 1303      00152         banksel SSPCON2                 ;BANK1.
Message[302]: Register in operand not in bank 0.  Ensure that bank bits are correct.
0058   1691           00153         bsf     SSPCON2, ACKDT          ;NOT ACK bilgisi için HIGH seviye 
                      00154                                         ;seçiliyor.
0059                  00155 I2CNak_j1                                               
Message[302]: Register in operand not in bank 0.  Ensure that bank bits are correct.
0059   1B11           00156         btfsc   SSPCON2, ACKSTAT        ;ACKSTAT LOW olana kadar bekle (NOT 
                      00157                                         ;ACK gelene kadar).
005A   2859           00158         goto    I2CNak_j1
Message[302]: Register in operand not in bank 0.  Ensure that bank bits are correct.
005B   1611           00159         bsf     SSPCON2, ACKEN          ;ACKEN set edilir.
005C   1283           00160         bcf     STATUS, RP0             ;BANK0.
005D   118C           00161         bcf     PIR1, SSPIF             ;SSPIF kesme bayraðýný sil.
005E                  00162 I2CNak_j2
005E   1683 1303      00163         banksel SSPCON2                 ;BANK1.
Message[302]: Register in operand not in bank 0.  Ensure that bank bits are correct.
0060   1A11           00164         btfsc   SSPCON2, ACKEN          ;ACKEN silinene kadar bekle.
0061   285E           00165         goto    I2CNak_j2
0062   1283 1303      00166         banksel PIR1                    ;BANK0.
0064                  00167 I2CNak_j3
0064   1D8C           00168         btfss   PIR1, SSPIF
0065   2864           00169         goto    I2CNak_j3               ;Ýþlemin tamamlandýðýna dair kesme 
                      00170                                         ;oluþana kadar bekle.
0066   118C           00171         bcf     PIR1, SSPIF             ;SSPIF kesme bayraðýný sil.
0067   0008           00172         return
                      00173 ;-------------------------------------------------------------------
                      00174 ; PCF8574 entegresine veri yazar
                      00175 ;-------------------------------------------------------------------
0068                  00176 I2C_Write_pcf8574
0068   2010           00177         call    I2CStart                ;Start bilgisi gönderiliyor.
0069   3042           00178         movlw   0x42                    ;Donaným adresi ile kontrol bayte'ý 
                      00179                                         ;ve yaz bilgisi
006A   00F2           00180         movwf   I2CSend_Data            ;birleþtiriliyor ve I2CSend 
                      00181                                         ;fonksiyonuna ait
006B   2028           00182         call    I2CSend                 ;parametreye yükleniyor ve 
                      00183                                         ;gönderiliyor.          
006C   204A           00184         call    I2CAck                  ;Alýndý bilgisi bekleniyor.
006D   0873           00185         movf    I2C_Data, W     
006E   00F2           00186         movwf   I2CSend_Data            ;Adresin alçak byte'ý gönderiliyor.
006F   2028           00187         call    I2CSend
0070   204A           00188         call    I2CAck                  ;Alýndý bilgisi bekleniyor.
MPASM  4.02 Released                             PROG_6_6.ASM   8-10-2006  15:36:17         PAGE  5


LOC  OBJECT CODE     LINE SOURCE TEXT
  VALUE

0071   203F           00189         call    I2CStop                 ;Stop bilgisi gönderiliyor.
0072   0008           00190         return
                      00191 ;-------------------------------------------------------------------
                      00192 ; pcf8574'den bilgi okuma.
                      00193 ;-------------------------------------------------------------------
0073                  00194 I2C_Read_pcf8574
0073   2010           00195         call    I2CStart                ;Start bilgisi gönderiliyor.
0074   3040           00196         movlw   0x40                    ;Donaným adresi ile kontrol bayte'ý 
                      00197                                         ;ve yaz bilgisi
0075   00F2           00198         movwf   I2CSend_Data            ;I2CSend fonksiyonuna ait 
                      00199                                         ;parametreye yükleniyor ve 
0076   2028           00200         call    I2CSend                 ;gönderiliyor.
0077   204A           00201         call    I2CAck                  ;Alýndý bilgisi bekleniyor.
0078   201D           00202         call    I2CReStart              ;Yeniden baþlatma bilgisi 
                      00203                                         ;gönderiliyor.
0079   3041           00204         movlw   0x41                    ;Okuma kodu gönderiliyor
007A   00F2           00205         movwf   I2CSend_Data            ;parametreye yükleniyor
007B   2028           00206         call    I2CSend                 ;ve gönderiliyor.
007C   204A           00207         call    I2CAck                  ;Onay bilgisi bekleniyor.
007D   2033           00208         call    I2CRead                 ;Isýnýn yüksek bayte'ýný oku (sonuç 
                      00209                                         ;W'de).
007E   00F4           00210         movwf   pcf8574_data
007F   2056           00211         call    I2CNak                  ;Onay bilgisi bekleniyor.
0080   203F           00212         call    I2CStop                 ;Stop bilgisi gönderiliyor.
0081   0008           00213         return
                      00214 ;-------------------------------------------------------------------
                      00215 ; 20MHz de 1 ms'lik temel gecikme saðlar.
                      00216 ; delay_ms_data = 1-255 ms arasýnda ayarlanarak istenilen gecikme 
                      00217 ; elde edilir. Örneðin: delay_ms_data = 10 yapýldýðýnda 10 ms'lik 
                      00218 ; gecikme elde edilir.
                      00219 ;-------------------------------------------------------------------
0082                  00220 delay_ms
0082                  00221 delay_j1
0082   30B9           00222         movlw   D'185'
0083   00F1           00223         movwf   delay_ms_data+1
0084   0000           00224         nop
0085                  00225 delay_j2
0085   0000           00226         nop
0086   0000           00227         nop
0087   0000           00228         nop
0088   0000           00229         nop
0089   0000           00230         nop
008A   0000           00231         nop
008B   0000           00232         nop
008C   0000           00233         nop
008D   0000           00234         nop
008E   0000           00235         nop
008F   0000           00236         nop
0090   0000           00237         nop
0091   0000           00238         nop
0092   0000           00239         nop
0093   0000           00240         nop
0094   0000           00241         nop
MPASM  4.02 Released                             PROG_6_6.ASM   8-10-2006  15:36:17         PAGE  6


LOC  OBJECT CODE     LINE SOURCE TEXT
  VALUE

0095   0000           00242         nop
0096   0000           00243         nop
0097   0000           00244         nop
0098   0000           00245         nop
0099   0000           00246         nop
009A   0000           00247         nop
009B   0000           00248         nop
009C   0000           00249         nop
009D   0BF1           00250         decfsz  delay_ms_data+1, F
009E   2885           00251         goto    delay_j2
009F   0000           00252         nop
00A0   0BF0           00253         decfsz  delay_ms_data, F
00A1   2882           00254         goto    delay_j1
00A2   0000           00255         nop
00A3   0008           00256         return
                      00257 ;-------------------------------------------------------------------
                      00258 ; Ana Program
                      00259 ;-------------------------------------------------------------------
                      00260 
00A4                  00261 Ana_Program
00A4   2002           00262         call    I2C_init                ;I2C modülü ilk iþlemleri yapýlýyor
00A5                  00263 Ana_Prog_Oku
00A5   2073           00264         call    I2C_Read_pcf8574        ;pcf8574'den veri okunuyor.
00A6   0874           00265         movf    pcf8574_data, W
00A7   00F3           00266         movwf   I2C_Data
00A8   2068           00267         call    I2C_Write_pcf8574       ;Yazma alt programý çaðrýlýyor.
00A9   300A           00268         movlw   0x0A
00AA   00F0           00269         movwf   delay_ms_data           ;10ms beklemek için 1ms Delay.
                      00270                                         ;parametresine 10 
00AB   2082           00271         call    delay_ms                ;deðeri yükleniyor ve delay_ms 
                      00272                                         ;çaðrýlýyor.
00AC   28A5           00273         goto    Ana_Prog_Oku            ;Sistem kapatýlana ya da 
                      00274                                         ;resetlenene kadar boþ döngü.
                      00275 
                      00276         END
MPASM  4.02 Released                             PROG_6_6.ASM   8-10-2006  15:36:17         PAGE  7


SYMBOL TABLE
  LABEL                             VALUE 

ACKDT                             00000005
ACKEN                             00000004
ACKSTAT                           00000006
ADCON0                            0000001F
ADCON1                            0000009F
ADCS0                             00000006
ADCS1                             00000007
ADDEN                             00000003
ADFM                              00000007
ADIE                              00000006
ADIF                              00000006
ADON                              00000000
ADRESH                            0000001E
ADRESL                            0000009E
Ana_Prog_Oku                      000000A5
Ana_Program                       000000A4
BCLIE                             00000003
BCLIF                             00000003
BF                                00000000
BRGH                              00000002
C                                 00000000
C1INV                             00000004
C1OUT                             00000006
C2INV                             00000005
C2OUT                             00000007
CCP1CON                           00000017
CCP1IE                            00000002
CCP1IF                            00000002
CCP1M0                            00000000
CCP1M1                            00000001
CCP1M2                            00000002
CCP1M3                            00000003
CCP1X                             00000005
CCP1Y                             00000004
CCP2CON                           0000001D
CCP2IE                            00000000
CCP2IF                            00000000
CCP2M0                            00000000
CCP2M1                            00000001
CCP2M2                            00000002
CCP2M3                            00000003
CCP2X                             00000005
CCP2Y                             00000004
CCPR1H                            00000016
CCPR1L                            00000015
CCPR2H                            0000001C
CCPR2L                            0000001B
CHS0                              00000003
CHS1                              00000004
CHS2                              00000005
CIS                               00000003
CKE                               00000006
CKP                               00000004
MPASM  4.02 Released                             PROG_6_6.ASM   8-10-2006  15:36:17         PAGE  8


SYMBOL TABLE
  LABEL                             VALUE 

CM0                               00000000
CM1                               00000001
CM2                               00000002
CMCON                             0000009C
CMIE                              00000006
CMIF                              00000006
CREN                              00000004
CSRC                              00000007
CVR0                              00000000
CVR1                              00000001
CVR2                              00000002
CVR3                              00000003
CVRCON                            0000009D
CVREN                             00000007
CVROE                             00000006
CVRR                              00000005
D                                 00000005
DATA_ADDRESS                      00000005
DC                                00000001
D_A                               00000005
EEADR                             0000010D
EEADRH                            0000010F
EECON1                            0000018C
EECON2                            0000018D
EEDATA                            0000010C
EEDATH                            0000010E
EEIE                              00000004
EEIF                              00000004
EEPGD                             00000007
F                                 00000001
FERR                              00000002
FSR                               00000004
GCEN                              00000007
GIE                               00000007
GO                                00000002
GO_DONE                           00000002
I2CAck                            0000004A
I2CAck_j1                         0000004E
I2CAck_j2                         00000052
I2CNak                            00000056
I2CNak_j1                         00000059
I2CNak_j2                         0000005E
I2CNak_j3                         00000064
I2CReStart                        0000001D
I2CReStart_j1                     00000025
I2CRead                           00000033
I2CRead_j1                        00000036
I2CRead_j2                        0000003A
I2CSend                           00000028
I2CSend_Data                      00000072
I2CStart                          00000010
I2CStart_j1                       00000015
I2CStart_j2                       00000019
MPASM  4.02 Released                             PROG_6_6.ASM   8-10-2006  15:36:17         PAGE  9


SYMBOL TABLE
  LABEL                             VALUE 

I2CStop                           0000003F
I2CStop_j1                        00000042
I2CStop_j2                        00000046
I2C_DATA                          00000005
I2C_Data                          00000073
I2C_READ                          00000002
I2C_Read_pcf8574                  00000073
I2C_START                         00000003
I2C_STOP                          00000004
I2C_Write_pcf8574                 00000068
I2C_init                          00000002
IBF                               00000007
IBOV                              00000005
INDF                              00000000
INTCON                            0000000B
INTE                              00000004
INTEDG                            00000006
INTF                              00000001
IRP                               00000007
NOT_A                             00000005
NOT_ADDRESS                       00000005
NOT_BO                            00000000
NOT_BOR                           00000000
NOT_DONE                          00000002
NOT_PD                            00000003
NOT_POR                           00000001
NOT_RBPU                          00000007
NOT_RC8                           00000006
NOT_T1SYNC                        00000002
NOT_TO                            00000004
NOT_TX8                           00000006
NOT_W                             00000002
NOT_WRITE                         00000002
OBF                               00000006
OERR                              00000001
OPTION_REG                        00000081
P                                 00000004
PCFG0                             00000000
PCFG1                             00000001
PCFG2                             00000002
PCFG3                             00000003
PCL                               00000002
PCLATH                            0000000A
PCON                              0000008E
PEIE                              00000006
PEN                               00000002
PIE1                              0000008C
PIE2                              0000008D
PIR1                              0000000C
PIR2                              0000000D
PORTA                             00000005
PORTB                             00000006
PORTC                             00000007
MPASM  4.02 Released                             PROG_6_6.ASM   8-10-2006  15:36:17         PAGE 10


SYMBOL TABLE
  LABEL                             VALUE 

PORTD                             00000008
PORTE                             00000009
PR2                               00000092
PS0                               00000000
PS1                               00000001
PS2                               00000002
PSA                               00000003
PSPIE                             00000007
PSPIF                             00000007
PSPMODE                           00000004
R                                 00000002
RBIE                              00000003
RBIF                              00000000
RC8_9                             00000006
RC9                               00000006
RCD8                              00000000
RCEN                              00000003
RCIE                              00000005
RCIF                              00000005
RCREG                             0000001A
RCSTA                             00000018
RD                                00000000
READ_WRITE                        00000002
RP0                               00000005
RP1                               00000006
RSEN                              00000001
RX9                               00000006
RX9D                              00000000
R_W                               00000002
S                                 00000003
SEN                               00000000
SMP                               00000007
SPBRG                             00000099
SPEN                              00000007
SREN                              00000005
SSPADD                            00000093
SSPBUF                            00000013
SSPCON                            00000014
SSPCON2                           00000091
SSPEN                             00000005
SSPIE                             00000003
SSPIF                             00000003
SSPM0                             00000000
SSPM1                             00000001
SSPM2                             00000002
SSPM3                             00000003
SSPOV                             00000006
SSPSTAT                           00000094
STATUS                            00000003
SYNC                              00000004
T0CS                              00000005
T0IE                              00000005
T0IF                              00000002
MPASM  4.02 Released                             PROG_6_6.ASM   8-10-2006  15:36:17         PAGE 11


SYMBOL TABLE
  LABEL                             VALUE 

T0SE                              00000004
T1CKPS0                           00000004
T1CKPS1                           00000005
T1CON                             00000010
T1INSYNC                          00000002
T1OSCEN                           00000003
T1SYNC                            00000002
T2CKPS0                           00000000
T2CKPS1                           00000001
T2CON                             00000012
TMR0                              00000001
TMR0IE                            00000005
TMR0IF                            00000002
TMR1CS                            00000001
TMR1H                             0000000F
TMR1IE                            00000000
TMR1IF                            00000000
TMR1L                             0000000E
TMR1ON                            00000000
TMR2                              00000011
TMR2IE                            00000001
TMR2IF                            00000001
TMR2ON                            00000002
TOUTPS0                           00000003
TOUTPS1                           00000004
TOUTPS2                           00000005
TOUTPS3                           00000006
TRISA                             00000085
TRISB                             00000086
TRISC                             00000087
TRISD                             00000088
TRISE                             00000089
TRISE0                            00000000
TRISE1                            00000001
TRISE2                            00000002
TRMT                              00000001
TX8_9                             00000006
TX9                               00000006
TX9D                              00000000
TXD8                              00000000
TXEN                              00000005
TXIE                              00000004
TXIF                              00000004
TXREG                             00000019
TXSTA                             00000098
UA                                00000001
W                                 00000000
WCOL                              00000007
WR                                00000001
WREN                              00000002
WRERR                             00000003
Z                                 00000002
_BODEN_OFF                        00003FBF
MPASM  4.02 Released                             PROG_6_6.ASM   8-10-2006  15:36:17         PAGE 12


SYMBOL TABLE
  LABEL                             VALUE 

_BODEN_ON                         00003FFF
_CPD_OFF                          00003FFF
_CPD_ON                           00003EFF
_CP_ALL                           00001FFF
_CP_OFF                           00003FFF
_DEBUG_OFF                        00003FFF
_DEBUG_ON                         000037FF
_HS_OSC                           00003FFE
_LP_OSC                           00003FFC
_LVP_OFF                          00003F7F
_LVP_ON                           00003FFF
_PWRTE_OFF                        00003FFF
_PWRTE_ON                         00003FF7
_RC_OSC                           00003FFF
_WDT_OFF                          00003FFB
_WDT_ON                           00003FFF
_WRT_1FOURTH                      00003BFF
_WRT_256                          00003DFF
_WRT_HALF                         000039FF
_WRT_OFF                          00003FFF
_XT_OSC                           00003FFD
__16F877A                         00000001
delay_j1                          00000082
delay_j2                          00000085
delay_ms                          00000082
delay_ms_data                     00000070
pcf8574_data                      00000074


MEMORY USAGE MAP ('X' = Used,  '-' = Unused)

0000 : XXXXXXXXXXXXXXXX XXXXXXXXXXXXXXXX XXXXXXXXXXXXXXXX XXXXXXXXXXXXXXXX
0040 : XXXXXXXXXXXXXXXX XXXXXXXXXXXXXXXX XXXXXXXXXXXXXXXX XXXXXXXXXXXXXXXX
0080 : XXXXXXXXXXXXXXXX XXXXXXXXXXXXXXXX XXXXXXXXXXXXX--- ----------------
2000 : -------X-------- ---------------- ---------------- ----------------

All other memory blocks unused.

Program Memory Words Used:   173
Program Memory Words Free:  8019


Errors   :     0
Warnings :     0 reported,     0 suppressed
Messages :    21 reported,     0 suppressed

