MPASM  4.02 Released                             PROG_3_6.ASM   8-9-2006  17:59:54         PAGE  1


LOC  OBJECT CODE     LINE SOURCE TEXT
  VALUE

                      00001 ;*******************************************************************
                      00002 ;       Dosya Adý               : 3_6.asm
                      00003 ;       Programýn Amacý : RB4-RB7 uçlarýndaki deðiþikle uyku 
                      00004 ;                               : modundan çýkýþý göstermek.
                      00005 ;       PICDK2.1a               : PORTB<0:3> Çýkýþ ==> LED
                      00006 ;                               : PORTB<4:7> Giriþ ==> BUTON
                      00007 ;                               : XT ==> 4Mhz
                      00008 ;*******************************************************************
                      00009         list p=16F877A                  ;List dosyasýný 16F877A için 
                      00010                                         ;oluþtur.
                      00011         include "p16F877A.inc" 
                      00001         LIST
                      00002 ; P16F877A.INC  Standard Header File, Version 1.00    Microchip Technology, Inc.
                      00398         LIST
2007   3F31           00012         __config H'3F31'                ;PWRT on, WDT off, diðerleri 
                      00013                                         ;kapalý, Osilatör XT ve 4Mhz
  00000020            00014 sayac1     equ          0x20
  00000021            00015 sayac2     equ          0x21
0000                  00016         org             0
0000   2824           00017         goto    ana_program
0004                  00018         org             4
0004   2820           00019         goto    kesme
0005                  00020 ana_program_ilk_islemler
0005   0186           00021         clrf    PORTB                   ;Ýlk durumu LOW.
0006   1683 1303      00022         banksel TRISB                   ;TRISB'nin bulunduðu BANK0 seçildi.
0008   30F0           00023         movlw   0xF0
Message[302]: Register in operand not in bank 0.  Ensure that bank bits are correct.
0009   0086           00024         movwf   TRISB                   ;RB0-RB3 çýkýþ, RB4-RB7 giriþ 
                      00025                                         ;yapýldý.
000A   30FF           00026         movlw   0xFF
Message[302]: Register in operand not in bank 0.  Ensure that bank bits are correct.
000B   0085           00027         movwf   TRISA                   ;PORTA'nýn tüm pinleri giriþe 
                      00028                                         ;yönlendirildi.
000C   3006           00029         movlw   0x06                    ;Analog giriþler kapatýldý. 
Message[302]: Register in operand not in bank 0.  Ensure that bank bits are correct.
000D   009F           00030         movwf   ADCON1
000E   158B           00031         bsf     INTCON, RBIE            ;RB4-RB7 pin durumu deðiþimleri 
                      00032                                         ;kesmesine izin ver.
000F   178B           00033         bsf     INTCON, GIE             ;Genel kesmelere izin ver.
0010   0008           00034         return
0011                  00035 delay
0011   30FF           00036         movlw   0xFF
0012   00A0           00037         movwf   sayac1                  ;sayac1'e 0xFF deðeri yükle.
0013                  00038 dongu1
0013   30FF           00039         movlw   0xFF
0014   00A1           00040         movwf   sayac2                  ;sayac2'e 0xFF deðeri yükle.
0015                  00041 dongu2
0015   0BA1           00042         decfsz  sayac2, F               ;sayac2=0 olana kadar sayacý bir 
                      00043                                         ;azalt, sayac2=0 ise bir komut atla
0016   2815           00044         goto    dongu2
0017   0BA0           00045         decfsz  sayac1, F               ;sayac1=0 olana kadar sayacý bir 
                      00046                                         ;azalt, sayac1=0 ise bir komut atla
0018   2813           00047         goto    dongu1
MPASM  4.02 Released                             PROG_3_6.ASM   8-9-2006  17:59:54         PAGE  2


LOC  OBJECT CODE     LINE SOURCE TEXT
  VALUE

0019   0008           00048         return
001A                  00049 uyu
001A   0806           00050         movf    PORTB, W                ;PORTB'nin deðeri W'de korunuyor.
001B   0186           00051         clrf    PORTB                   ;LED'ler söndürüldü.
001C   0063           00052         sleep                           ;Uyu.
001D   0000           00053         nop                             ;Bir komut çevrimi bekle.
001E   0086           00054         movwf   PORTB                   ;Saymaya kaldýðýn sayýdan devam et.
001F   0008           00055         return
0020                  00056 kesme
0020   138B           00057         bcf     INTCON, GIE             ; Tüm kesmeler iptal.
                      00058                                         ;RB4-RB7 pin deðiþimlerinde 
                      00059                                         ;yapýlacak iþlemler buraya yazýlýr.
0021   100B           00060         bcf     INTCON, 0               ;RBIF
0022   178B           00061         bsf     INTCON, GIE             ; Tüm kesmeleri tekrar geçerli.
0023   0009           00062         retfie
0024                  00063 ana_program
0024   2005           00064         call    ana_program_ilk_islemler        ;Portlar yönlendiriliyor.
0025   1283 1303      00065         banksel   PORTA
0027                  00066 RA1_test
0027   1C85           00067         btfss   PORTA, 1                ;RA1 butonuna basýldý mý? hayýr ise 
                      00068                                         ; bir komut atla.
0028   201A           00069         call    uyu                     ; Uyu alt programýna git.
Message[305]: Using default destination of 1 (file).
0029   0A86           00070         incf    PORTB                   ; PORTB’yi “1” arttýr.
002A   2011           00071         call    delay                   ; Bir süre gecikme yap.
002B   2827           00072         goto    RA1_test                ; Butonu teste devam et.
                      00073         END
MPASM  4.02 Released                             PROG_3_6.ASM   8-9-2006  17:59:54         PAGE  3


SYMBOL TABLE
  LABEL                             VALUE 

ACKDT                             00000005
ACKEN                             00000004
ACKSTAT                           00000006
ADCON0                            0000001F
ADCON1                            0000009F
ADCS0                             00000006
ADCS1                             00000007
ADDEN                             00000003
ADFM                              00000007
ADIE                              00000006
ADIF                              00000006
ADON                              00000000
ADRESH                            0000001E
ADRESL                            0000009E
BCLIE                             00000003
BCLIF                             00000003
BF                                00000000
BRGH                              00000002
C                                 00000000
C1INV                             00000004
C1OUT                             00000006
C2INV                             00000005
C2OUT                             00000007
CCP1CON                           00000017
CCP1IE                            00000002
CCP1IF                            00000002
CCP1M0                            00000000
CCP1M1                            00000001
CCP1M2                            00000002
CCP1M3                            00000003
CCP1X                             00000005
CCP1Y                             00000004
CCP2CON                           0000001D
CCP2IE                            00000000
CCP2IF                            00000000
CCP2M0                            00000000
CCP2M1                            00000001
CCP2M2                            00000002
CCP2M3                            00000003
CCP2X                             00000005
CCP2Y                             00000004
CCPR1H                            00000016
CCPR1L                            00000015
CCPR2H                            0000001C
CCPR2L                            0000001B
CHS0                              00000003
CHS1                              00000004
CHS2                              00000005
CIS                               00000003
CKE                               00000006
CKP                               00000004
CM0                               00000000
CM1                               00000001
MPASM  4.02 Released                             PROG_3_6.ASM   8-9-2006  17:59:54         PAGE  4


SYMBOL TABLE
  LABEL                             VALUE 

CM2                               00000002
CMCON                             0000009C
CMIE                              00000006
CMIF                              00000006
CREN                              00000004
CSRC                              00000007
CVR0                              00000000
CVR1                              00000001
CVR2                              00000002
CVR3                              00000003
CVRCON                            0000009D
CVREN                             00000007
CVROE                             00000006
CVRR                              00000005
D                                 00000005
DATA_ADDRESS                      00000005
DC                                00000001
D_A                               00000005
EEADR                             0000010D
EEADRH                            0000010F
EECON1                            0000018C
EECON2                            0000018D
EEDATA                            0000010C
EEDATH                            0000010E
EEIE                              00000004
EEIF                              00000004
EEPGD                             00000007
F                                 00000001
FERR                              00000002
FSR                               00000004
GCEN                              00000007
GIE                               00000007
GO                                00000002
GO_DONE                           00000002
I2C_DATA                          00000005
I2C_READ                          00000002
I2C_START                         00000003
I2C_STOP                          00000004
IBF                               00000007
IBOV                              00000005
INDF                              00000000
INTCON                            0000000B
INTE                              00000004
INTEDG                            00000006
INTF                              00000001
IRP                               00000007
NOT_A                             00000005
NOT_ADDRESS                       00000005
NOT_BO                            00000000
NOT_BOR                           00000000
NOT_DONE                          00000002
NOT_PD                            00000003
NOT_POR                           00000001
MPASM  4.02 Released                             PROG_3_6.ASM   8-9-2006  17:59:54         PAGE  5


SYMBOL TABLE
  LABEL                             VALUE 

NOT_RBPU                          00000007
NOT_RC8                           00000006
NOT_T1SYNC                        00000002
NOT_TO                            00000004
NOT_TX8                           00000006
NOT_W                             00000002
NOT_WRITE                         00000002
OBF                               00000006
OERR                              00000001
OPTION_REG                        00000081
P                                 00000004
PCFG0                             00000000
PCFG1                             00000001
PCFG2                             00000002
PCFG3                             00000003
PCL                               00000002
PCLATH                            0000000A
PCON                              0000008E
PEIE                              00000006
PEN                               00000002
PIE1                              0000008C
PIE2                              0000008D
PIR1                              0000000C
PIR2                              0000000D
PORTA                             00000005
PORTB                             00000006
PORTC                             00000007
PORTD                             00000008
PORTE                             00000009
PR2                               00000092
PS0                               00000000
PS1                               00000001
PS2                               00000002
PSA                               00000003
PSPIE                             00000007
PSPIF                             00000007
PSPMODE                           00000004
R                                 00000002
RA1_test                          00000027
RBIE                              00000003
RBIF                              00000000
RC8_9                             00000006
RC9                               00000006
RCD8                              00000000
RCEN                              00000003
RCIE                              00000005
RCIF                              00000005
RCREG                             0000001A
RCSTA                             00000018
RD                                00000000
READ_WRITE                        00000002
RP0                               00000005
RP1                               00000006
MPASM  4.02 Released                             PROG_3_6.ASM   8-9-2006  17:59:54         PAGE  6


SYMBOL TABLE
  LABEL                             VALUE 

RSEN                              00000001
RX9                               00000006
RX9D                              00000000
R_W                               00000002
S                                 00000003
SEN                               00000000
SMP                               00000007
SPBRG                             00000099
SPEN                              00000007
SREN                              00000005
SSPADD                            00000093
SSPBUF                            00000013
SSPCON                            00000014
SSPCON2                           00000091
SSPEN                             00000005
SSPIE                             00000003
SSPIF                             00000003
SSPM0                             00000000
SSPM1                             00000001
SSPM2                             00000002
SSPM3                             00000003
SSPOV                             00000006
SSPSTAT                           00000094
STATUS                            00000003
SYNC                              00000004
T0CS                              00000005
T0IE                              00000005
T0IF                              00000002
T0SE                              00000004
T1CKPS0                           00000004
T1CKPS1                           00000005
T1CON                             00000010
T1INSYNC                          00000002
T1OSCEN                           00000003
T1SYNC                            00000002
T2CKPS0                           00000000
T2CKPS1                           00000001
T2CON                             00000012
TMR0                              00000001
TMR0IE                            00000005
TMR0IF                            00000002
TMR1CS                            00000001
TMR1H                             0000000F
TMR1IE                            00000000
TMR1IF                            00000000
TMR1L                             0000000E
TMR1ON                            00000000
TMR2                              00000011
TMR2IE                            00000001
TMR2IF                            00000001
TMR2ON                            00000002
TOUTPS0                           00000003
TOUTPS1                           00000004
MPASM  4.02 Released                             PROG_3_6.ASM   8-9-2006  17:59:54         PAGE  7


SYMBOL TABLE
  LABEL                             VALUE 

TOUTPS2                           00000005
TOUTPS3                           00000006
TRISA                             00000085
TRISB                             00000086
TRISC                             00000087
TRISD                             00000088
TRISE                             00000089
TRISE0                            00000000
TRISE1                            00000001
TRISE2                            00000002
TRMT                              00000001
TX8_9                             00000006
TX9                               00000006
TX9D                              00000000
TXD8                              00000000
TXEN                              00000005
TXIE                              00000004
TXIF                              00000004
TXREG                             00000019
TXSTA                             00000098
UA                                00000001
W                                 00000000
WCOL                              00000007
WR                                00000001
WREN                              00000002
WRERR                             00000003
Z                                 00000002
_BODEN_OFF                        00003FBF
_BODEN_ON                         00003FFF
_CPD_OFF                          00003FFF
_CPD_ON                           00003EFF
_CP_ALL                           00001FFF
_CP_OFF                           00003FFF
_DEBUG_OFF                        00003FFF
_DEBUG_ON                         000037FF
_HS_OSC                           00003FFE
_LP_OSC                           00003FFC
_LVP_OFF                          00003F7F
_LVP_ON                           00003FFF
_PWRTE_OFF                        00003FFF
_PWRTE_ON                         00003FF7
_RC_OSC                           00003FFF
_WDT_OFF                          00003FFB
_WDT_ON                           00003FFF
_WRT_1FOURTH                      00003BFF
_WRT_256                          00003DFF
_WRT_HALF                         000039FF
_WRT_OFF                          00003FFF
_XT_OSC                           00003FFD
__16F877A                         00000001
ana_program                       00000024
ana_program_ilk_islemler          00000005
delay                             00000011
MPASM  4.02 Released                             PROG_3_6.ASM   8-9-2006  17:59:54         PAGE  8


SYMBOL TABLE
  LABEL                             VALUE 

dongu1                            00000013
dongu2                            00000015
kesme                             00000020
sayac1                            00000020
sayac2                            00000021
uyu                               0000001A


MEMORY USAGE MAP ('X' = Used,  '-' = Unused)

0000 : X---XXXXXXXXXXXX XXXXXXXXXXXXXXXX XXXXXXXXXXXX---- ----------------
2000 : -------X-------- ---------------- ---------------- ----------------

All other memory blocks unused.

Program Memory Words Used:    41
Program Memory Words Free:  8151


Errors   :     0
Warnings :     0 reported,     0 suppressed
Messages :     4 reported,     0 suppressed

