MPASM  4.02 Released                             PROG_6_2.ASM   8-10-2006  14:21:50         PAGE  1


LOC  OBJECT CODE     LINE SOURCE TEXT
  VALUE

                      00001 ;*******************************************************************
                      00002 ;       Dosya Adý               : 6_2.asm
                      00003 ;       Programýn Amacý         : SFR’siz senkron seri veri iletiþimi
                      00004 ;                                (74HC595 kullanýlarak).
                      00005 ;       PIC DK 2.1              : PORTB Çýkýþ (74HC595) ==> LED
                      00006 ;                               : XT ==> 4Mhz
                      00007 ;*******************************************************************
                      00008         list p=16F877A  
                      00009         include "p16F877A.inc"  
                      00001         LIST
                      00002 ; P16F877A.INC  Standard Header File, Version 1.00    Microchip Technology, Inc.
                      00398         LIST
2007   3F31           00010         __config H'3F31'                ;PWRT on, diðerleri kapalý, 
                      00011                                         ;Osilatör XT ve 4Mhz.
                      00012 ;-------------------------------------------------------------------
                      00013 ; Genel tanýmlamalar ve deðiþken tanýmlamalarý yapýlýyor.
                      00014 ;-------------------------------------------------------------------
                      00015 #define hc595_port      PORTB           ;74HC595’in baðlandýðý port. 
                      00016 #define DATA_Pin        1               ;Data pininin iþlemciye baðlý 
                      00017                                         ;olduðu pin tanýmlanýyor.
                      00018 #define CLK_Pin 2                       ;Clock pininin iþlemciye baðlý 
                      00019                                         ;olduðu pin tanýmlanýyor.
                      00020 #define LATCH_Pin       3               ;Latch pininin iþlemciye baðlý 
                      00021                                         ;olduðu pin tanýmlanýyor.
  00000020            00022 delay_ms_data           equ 0x20        ;delay_ms için 2 byte'lýk deðiþken 
                      00023                                         ;tanýmý yapýlýyor.
  00000022            00024 i                       equ 0x22        ;Transfer edilecek verinin bit 
                      00025                                         ;sýrasýný tespit deðiþkeni.
  00000023            00026 hc595_data              equ 0x23        ;Transfer edilecek veriyi tutan 
                      00027                                         ;deðiþken.
  00000024            00028 sayac                   equ 0x24        ;Ana programda kullanýlan sayaç 
                      00029                                         ;deðiþkeni.
0000                  00030         ORG     0                       ;Reset vektör adresi burasý, 
                      00031                                         ;program buradan çalýþmaya baþlar.
0000   118A 120A      00032         pagesel Ana_program             ;Ana programýn bulunduðu program 
                      00033                                         ;sayfasý seçildi.
0002   282A           00034         goto    Ana_program             ;Ana programa git.
0004                  00035         ORG     4                       ;Kesme alt programý bu adresten 
                      00036                                         ;baþlýyor.
                      00037 ;-------------------------------------------------------------------
                      00038 ; hc595_Yaz alt programý, 1 byte veriyi donaným modüllerini 
                      00039 ; kullanmadan yalnýzca yazýlým ile 74HC595’e transfer eder.
                      00040 ;-------------------------------------------------------------------
0004                  00041 hc595_Yaz
0004   1283 1303      00042         banksel hc595_port              ;hc595_port'nin bulunduðu 
                      00043                                         ;bank seçildi.
0006   1106           00044         bcf     hc595_port, CLK_Pin     ;CLK ve LATCH pinleri LOW 
Warning[203]: Found opcode in column 1. (bcf)
0007   1186           00045 bcf     hc595_port, LATCH_Pin           ;seviyesine çekildi.
0008   3080           00046         movlw   0x80                    ;8 bit transferini kontrol 
                      00047                                         ;için i deðiþkenine 0x80
0009   00A2           00048         movwf   i                       ;bilgisi yüklendi. i deðiþkeni  
                      00049                                         ;verinin aktarýlacak bit’ini tespit
MPASM  4.02 Released                             PROG_6_2.ASM   8-10-2006  14:21:50         PAGE  2


LOC  OBJECT CODE     LINE SOURCE TEXT
  VALUE

                      00050                                         ;için ve 8 bit’in tamamýnýn transfer
                      00051                                         ;edildiðini kontrol için kullanýlýyor.
000A                  00052 hc595_j0
000A   0823           00053         movf    hc595_data, W           ;Veriyi i ile and iþlemine tabi 
                      00054                                         ;tutarak ilgili bit’in sýfýr
000B   0522           00055         andwf   i, W                    ;olup olmadýðýný belirle.
000C   1903           00056         btfsc   STATUS, Z               ;Kontrol edilen bit 1 ise bir komut atla.
000D   2810           00057         goto    hc595_j1                ;kontrol edilen bit 0 olduðu için 
                      00058                                         ;hc595_j1'e git.
000E   1486           00059         bsf     hc595_port, DATA_Pin    ;Kontrol edilen bit 1    
000F   2811           00060         goto    hc595_j2                ;olduðundan DATA_Pin’i “1” yap.
0010                  00061 hc595_j1                                ;Kontrol edilen bit 0
0010   1086           00062         bcf     hc595_port, DATA_Pin    ;olduðundan DATA_Pin'i reset 
                      00063                                         ;yap. 
0011                  00064 hc595_j2
0011   1506           00065         bsf     hc595_port, CLK_Pin     ;74HC595'in CLK pinine düþen
0012   1106           00066         bcf     hc595_port, CLK_Pin     ;darbe kenarý uygulanýyor,
0013   0CA2           00067         rrf     i, F                    ;böylece verinin i bit veri 
                      00068                                         ;74HC595 çýkýþlarýnda 
                      00069                                         ;gözükür. i'yi bir bit saða 
                      00070                                         ;kaydýrarak sýradaki transfer edilecek 
                      00071                                         ;bit’i tespit et. 
0014   13A2           00072         bcf    i, 7                     ;i deðiþkeninin en deðerli bit’ini sil.
0015   0822           00073         movf    i, W
0016   1D03           00074         btfss   STATUS, Z               ;i = 0 ise bir sonraki komuta atla.
0017   280A           00075         goto    hc595_j0
                      00076 
0018   1586           00077         bsf     hc595_port, LATCH_Pin   ;74HC595'in LATCH pinine 
                      00078                                         ;düþen   darbe kenarý 
                      00079                                         ;uygulanýyor,
0019   1186           00080         bcf     hc595_port, LATCH_Pin   ;böylece veri 74HC595 
                      00081                                         ;çýkýþlarýnda gözükür.
001A   0008           00082         return
                      00083 ;-------------------------------------------------------------------
                      00084 ; delay_ms alt programý 1-255 ms arasýnda deðiþken bekleme süresi 
                      00085 ; saðlar delay_ms_data yüksek byte deðiþkenine yüklenecek deðer 
                      00086 ; kadar ms olarak gecikme saðlar.
                      00087 ;-------------------------------------------------------------------
001B                  00088 delay_ms
001B                  00089 delay_j0
001B   308E           00090         movlw   D'142'                  ;1 ms gecikme için taban deðer.
001C   00A1           00091         movwf   delay_ms_data+1         ;delay parametresinin düþük 
                      00092                                         ;byte’ýna yüklendi.
001D   0000           00093         nop                             ;2 us bekle.
001E   0000           00094         nop
001F                  00095 delay_j1
001F   0000           00096         nop                             ;4 us gecikme.
0020   0000           00097         nop
0021   0000           00098         nop
0022   0000           00099         nop
0023   0BA1           00100         decfsz  delay_ms_data+1, F      ;delay parametresinin düþük 
                      00101                                         ;byte'ýný azalt, sýfýrsa komut atla
0024   281F           00102         goto    delay_j1                ;Henüz 1 ms gecikme saðlanamadý, 
MPASM  4.02 Released                             PROG_6_2.ASM   8-10-2006  14:21:50         PAGE  3


LOC  OBJECT CODE     LINE SOURCE TEXT
  VALUE

                      00103                                         ;düþük byte'ý azaltmaya devam et.
0025   0000           00104         nop                             ;1 us bekle.
0026   0BA0           00105         decfsz  delay_ms_data, F        ;delay parametresinin yüksek 
                      00106                                         ;byte'ýný azalt sýfýrsa komut atla.
0027   281B           00107         goto    delay_j0                ;1 ms beklemeyi tekrarla.
0028   0000           00108         nop                             ;1 us bekle.
0029   0008           00109         return                          ;Alt programdan çýkýþ.
                      00110 ;-------------------------------------------------------------------
                      00111 ; Ana program 74HC595 entegresi çýkýþlarýnýn donaným modülleri 
                      00112 ; kullanýlmadan yalnýzca yazýlým ile 1-255 arasýnda yukarý sayan 
                      00113 ; binary sayaç olarak nasýl kullanýlacaðýný göstermektedir.
                      00114 ;-------------------------------------------------------------------
002A                  00115 Ana_program
002A   1683 1303      00116         banksel TRISB           ;TRISB'nin bulunduðu banka geç.
Message[302]: Register in operand not in bank 0.  Ensure that bank bits are correct.
002C   0186           00117         clrf    TRISB           ;PORTB'nin tüm pinlerini çýkýþa yönlendir.
002D   1283 1303      00118         banksel PORTB           ;PORTB'nin bulunduðu banka geç.
002F   0186           00119         clrf    PORTB           ;PORTB'nin ilk andaki çýkýþlarý sýfýr.
0030                  00120 Ana_j0
0030   3001           00121         movlw   0x01            ;Sayaca ilk deðer atamasý yapýlýyor 
0031   00A4           00122         movwf   sayac           
0032                  00123 Ana_j1
0032   0824           00124         movf    sayac, W        ;Sayaç deðeri 0xFF'ten sonra 0x00'a 
                      00125                                 ;döndüðünde,
0033   1903           00126         btfsc   STATUS, Z       ;Sayaç sýfýrdan farklý ise bir komut atla.
0034   2830           00127         goto    Ana_j0          ;sayac = 0 ise Ana_j0 adresine git.
0035   0824           00128         movf    sayac, W        ;Sayaç deðerini W'ye yükle.
0036   0AA4           00129         incf    sayac, F        ;sayac’ý bir artýr.
0037   00A3           00130         movwf   hc595_data      ;W'de bulunan önceki sayaç deðerini 
                      00131                                 ;hc595_data deðiþkenine yükle.
0038   2004           00132         call    hc595_Yaz       ;hc595_data deðiþkenindeki deðeri
                      00133                                 ;74HC595'e yaz.
0039   30FA           00134         movlw   D'250'          ;delay_ms_data deðiþkenine 250 ms yaz.
003A   00A0           00135         movwf   delay_ms_data           
003B   201B           00136         call    delay_ms        ;250 ms bekle.
003C   2832           00137         goto    Ana_j1          ;Ana_j1 adresine git.
                      00138 
                      00139         END
MPASM  4.02 Released                             PROG_6_2.ASM   8-10-2006  14:21:50         PAGE  4


SYMBOL TABLE
  LABEL                             VALUE 

ACKDT                             00000005
ACKEN                             00000004
ACKSTAT                           00000006
ADCON0                            0000001F
ADCON1                            0000009F
ADCS0                             00000006
ADCS1                             00000007
ADDEN                             00000003
ADFM                              00000007
ADIE                              00000006
ADIF                              00000006
ADON                              00000000
ADRESH                            0000001E
ADRESL                            0000009E
Ana_j0                            00000030
Ana_j1                            00000032
Ana_program                       0000002A
BCLIE                             00000003
BCLIF                             00000003
BF                                00000000
BRGH                              00000002
C                                 00000000
C1INV                             00000004
C1OUT                             00000006
C2INV                             00000005
C2OUT                             00000007
CCP1CON                           00000017
CCP1IE                            00000002
CCP1IF                            00000002
CCP1M0                            00000000
CCP1M1                            00000001
CCP1M2                            00000002
CCP1M3                            00000003
CCP1X                             00000005
CCP1Y                             00000004
CCP2CON                           0000001D
CCP2IE                            00000000
CCP2IF                            00000000
CCP2M0                            00000000
CCP2M1                            00000001
CCP2M2                            00000002
CCP2M3                            00000003
CCP2X                             00000005
CCP2Y                             00000004
CCPR1H                            00000016
CCPR1L                            00000015
CCPR2H                            0000001C
CCPR2L                            0000001B
CHS0                              00000003
CHS1                              00000004
CHS2                              00000005
CIS                               00000003
CKE                               00000006
MPASM  4.02 Released                             PROG_6_2.ASM   8-10-2006  14:21:50         PAGE  5


SYMBOL TABLE
  LABEL                             VALUE 

CKP                               00000004
CLK_Pin                           2
CM0                               00000000
CM1                               00000001
CM2                               00000002
CMCON                             0000009C
CMIE                              00000006
CMIF                              00000006
CREN                              00000004
CSRC                              00000007
CVR0                              00000000
CVR1                              00000001
CVR2                              00000002
CVR3                              00000003
CVRCON                            0000009D
CVREN                             00000007
CVROE                             00000006
CVRR                              00000005
D                                 00000005
DATA_ADDRESS                      00000005
DATA_Pin                          1
DC                                00000001
D_A                               00000005
EEADR                             0000010D
EEADRH                            0000010F
EECON1                            0000018C
EECON2                            0000018D
EEDATA                            0000010C
EEDATH                            0000010E
EEIE                              00000004
EEIF                              00000004
EEPGD                             00000007
F                                 00000001
FERR                              00000002
FSR                               00000004
GCEN                              00000007
GIE                               00000007
GO                                00000002
GO_DONE                           00000002
I2C_DATA                          00000005
I2C_READ                          00000002
I2C_START                         00000003
I2C_STOP                          00000004
IBF                               00000007
IBOV                              00000005
INDF                              00000000
INTCON                            0000000B
INTE                              00000004
INTEDG                            00000006
INTF                              00000001
IRP                               00000007
LATCH_Pin                         3
NOT_A                             00000005
MPASM  4.02 Released                             PROG_6_2.ASM   8-10-2006  14:21:50         PAGE  6


SYMBOL TABLE
  LABEL                             VALUE 

NOT_ADDRESS                       00000005
NOT_BO                            00000000
NOT_BOR                           00000000
NOT_DONE                          00000002
NOT_PD                            00000003
NOT_POR                           00000001
NOT_RBPU                          00000007
NOT_RC8                           00000006
NOT_T1SYNC                        00000002
NOT_TO                            00000004
NOT_TX8                           00000006
NOT_W                             00000002
NOT_WRITE                         00000002
OBF                               00000006
OERR                              00000001
OPTION_REG                        00000081
P                                 00000004
PCFG0                             00000000
PCFG1                             00000001
PCFG2                             00000002
PCFG3                             00000003
PCL                               00000002
PCLATH                            0000000A
PCON                              0000008E
PEIE                              00000006
PEN                               00000002
PIE1                              0000008C
PIE2                              0000008D
PIR1                              0000000C
PIR2                              0000000D
PORTA                             00000005
PORTB                             00000006
PORTC                             00000007
PORTD                             00000008
PORTE                             00000009
PR2                               00000092
PS0                               00000000
PS1                               00000001
PS2                               00000002
PSA                               00000003
PSPIE                             00000007
PSPIF                             00000007
PSPMODE                           00000004
R                                 00000002
RBIE                              00000003
RBIF                              00000000
RC8_9                             00000006
RC9                               00000006
RCD8                              00000000
RCEN                              00000003
RCIE                              00000005
RCIF                              00000005
RCREG                             0000001A
MPASM  4.02 Released                             PROG_6_2.ASM   8-10-2006  14:21:50         PAGE  7


SYMBOL TABLE
  LABEL                             VALUE 

RCSTA                             00000018
RD                                00000000
READ_WRITE                        00000002
RP0                               00000005
RP1                               00000006
RSEN                              00000001
RX9                               00000006
RX9D                              00000000
R_W                               00000002
S                                 00000003
SEN                               00000000
SMP                               00000007
SPBRG                             00000099
SPEN                              00000007
SREN                              00000005
SSPADD                            00000093
SSPBUF                            00000013
SSPCON                            00000014
SSPCON2                           00000091
SSPEN                             00000005
SSPIE                             00000003
SSPIF                             00000003
SSPM0                             00000000
SSPM1                             00000001
SSPM2                             00000002
SSPM3                             00000003
SSPOV                             00000006
SSPSTAT                           00000094
STATUS                            00000003
SYNC                              00000004
T0CS                              00000005
T0IE                              00000005
T0IF                              00000002
T0SE                              00000004
T1CKPS0                           00000004
T1CKPS1                           00000005
T1CON                             00000010
T1INSYNC                          00000002
T1OSCEN                           00000003
T1SYNC                            00000002
T2CKPS0                           00000000
T2CKPS1                           00000001
T2CON                             00000012
TMR0                              00000001
TMR0IE                            00000005
TMR0IF                            00000002
TMR1CS                            00000001
TMR1H                             0000000F
TMR1IE                            00000000
TMR1IF                            00000000
TMR1L                             0000000E
TMR1ON                            00000000
TMR2                              00000011
MPASM  4.02 Released                             PROG_6_2.ASM   8-10-2006  14:21:50         PAGE  8


SYMBOL TABLE
  LABEL                             VALUE 

TMR2IE                            00000001
TMR2IF                            00000001
TMR2ON                            00000002
TOUTPS0                           00000003
TOUTPS1                           00000004
TOUTPS2                           00000005
TOUTPS3                           00000006
TRISA                             00000085
TRISB                             00000086
TRISC                             00000087
TRISD                             00000088
TRISE                             00000089
TRISE0                            00000000
TRISE1                            00000001
TRISE2                            00000002
TRMT                              00000001
TX8_9                             00000006
TX9                               00000006
TX9D                              00000000
TXD8                              00000000
TXEN                              00000005
TXIE                              00000004
TXIF                              00000004
TXREG                             00000019
TXSTA                             00000098
UA                                00000001
W                                 00000000
WCOL                              00000007
WR                                00000001
WREN                              00000002
WRERR                             00000003
Z                                 00000002
_BODEN_OFF                        00003FBF
_BODEN_ON                         00003FFF
_CPD_OFF                          00003FFF
_CPD_ON                           00003EFF
_CP_ALL                           00001FFF
_CP_OFF                           00003FFF
_DEBUG_OFF                        00003FFF
_DEBUG_ON                         000037FF
_HS_OSC                           00003FFE
_LP_OSC                           00003FFC
_LVP_OFF                          00003F7F
_LVP_ON                           00003FFF
_PWRTE_OFF                        00003FFF
_PWRTE_ON                         00003FF7
_RC_OSC                           00003FFF
_WDT_OFF                          00003FFB
_WDT_ON                           00003FFF
_WRT_1FOURTH                      00003BFF
_WRT_256                          00003DFF
_WRT_HALF                         000039FF
_WRT_OFF                          00003FFF
MPASM  4.02 Released                             PROG_6_2.ASM   8-10-2006  14:21:50         PAGE  9


SYMBOL TABLE
  LABEL                             VALUE 

_XT_OSC                           00003FFD
__16F877A                         00000001
delay_j0                          0000001B
delay_j1                          0000001F
delay_ms                          0000001B
delay_ms_data                     00000020
hc595_Yaz                         00000004
hc595_data                        00000023
hc595_j0                          0000000A
hc595_j1                          00000010
hc595_j2                          00000011
hc595_port                        PORTB
i                                 00000022
sayac                             00000024


MEMORY USAGE MAP ('X' = Used,  '-' = Unused)

0000 : XXX-XXXXXXXXXXXX XXXXXXXXXXXXXXXX XXXXXXXXXXXXXXXX XXXXXXXXXXXXX---
2000 : -------X-------- ---------------- ---------------- ----------------

All other memory blocks unused.

Program Memory Words Used:    60
Program Memory Words Free:  8132


Errors   :     0
Warnings :     1 reported,     0 suppressed
Messages :     1 reported,     0 suppressed

