MPASM  4.02 Released                          PROG_11_5_A.ASM   8-11-2006  11:34:38         PAGE  1


LOC  OBJECT CODE     LINE SOURCE TEXT
  VALUE

                      00001 ;*******************************************************************
                      00002 ;       Dosya Adý               : 11_5_a.asm
                      00003 ;       Programýn Amacý         : 4x4 tuþ takýmý ile USART senkron iletiþim
                      00004 ;       PIC DK2.1a              : PORTB<1:2> Çýkýþ ==> PIC16F628A
                      00005 ;                               : XT ==> 4Mhz
                      00006 ;*******************************************************************
                      00007         list      p=16f628A
                      00008         #include <p16F628A.inc>
                      00001         LIST
                      00002 ; P16F628A.INC  Standard Header File, Version 1.10    Microchip Technology, Inc.
                      00265         LIST
                      00266 
2007   3F50           00009         __CONFIG        _CP_OFF & _DATA_CP_OFF & _LVP_OFF & _MCLRE_OFF & _WDT_OFF & _PWRTE_ON & _INTRC_O
                            SC_NOCLKOUT
                      00010 ;-------------------------------------------------------------------
                      00011 ; Deðiþken tanýmlama
                      00012 ;-------------------------------------------------------------------
  00000020            00013 tus             equ     0x20
  00000021            00014 tus_old         equ     0x21
                      00015 
0000                  00016         ORG     0x000
0000   2801           00017         goto    main
                      00018 ;-------------------------------------------------------------------
                      00019 ; Ana program
                      00020 ;-------------------------------------------------------------------
0001                  00021 main
0001   2005           00022         call    initial                 ;PIC 16F84’ün portlarýný ayarla.
0002                  00023 tekrar          
0002   201C           00024         call    tus_tara                ;Hangi tuþa basýldýðýný bul.
0003   2046           00025         call    snkMasterWrite          ;RB1, RB2'den senkron seri olarak 
0004   2802           00026         goto    tekrar                  ;gönder.
                      00027 
0005                  00028 initial
0005   3007           00029         movlw   b'00000111'
0006   009F           00030         movwf   CMCON                   ;Karþýlaþtýrma giriþleri kapatýldý.
0007   1683           00031         bsf     STATUS,RP0              ;BANK0 seçildi.
0008   30F0           00032         movlw   b'11110000'             
Message[302]: Register in operand not in bank 0.  Ensure that bank bits are correct.
0009   0085           00033         movwf   TRISA                   ;PORTA(RA0-RA3=çýkýþ,RA4-RA7=giriþ)
000A   3000           00034         movlw   b'00000000'
Message[302]: Register in operand not in bank 0.  Ensure that bank bits are correct.
000B   0086           00035         movwf   TRISB                   ;PORTB çýkýþ yapýldý.
                      00036 
000C   3009           00037         movlw   0x09                    ;(Synchronous) Baud Rate = Fosc/(4(X+1))
                      00038                                         ;Baud Rate      = 4.000.000/(4*(9+1))
                      00039                                         ;      = 4.000.000/40 =100.000 Hz
000D   1683 1303      00040         banksel SPBRG
Message[302]: Register in operand not in bank 0.  Ensure that bank bits are correct.
000F   0099           00041         movwf   SPBRG                   ;Baud Rate deðeri SPBRG 
                      00042                                         ;kaydedicisine yüklendi.
0010   1683 1303      00043         banksel TXSTA
Message[302]: Register in operand not in bank 0.  Ensure that bank bits are correct.
0012   1618           00044         bsf     TXSTA, SYNC             ;Senkron iletiþim seçildi.      
MPASM  4.02 Released                          PROG_11_5_A.ASM   8-11-2006  11:34:38         PAGE  2


LOC  OBJECT CODE     LINE SOURCE TEXT
  VALUE

Message[302]: Register in operand not in bank 0.  Ensure that bank bits are correct.
0013   1798           00045         bsf     TXSTA, CSRC             ;Clock kaynaðý seçme bit’i set 
                      00046                                         ;edildi.Kaynak: BRG registeri
Message[302]: Register in operand not in bank 0.  Ensure that bank bits are correct.
0014   160C           00047         bsf     PIE1, TXIE              ;Veri gönderme kesmesi 
                      00048                                         ;etkinleþtirildi.
Message[302]: Register in operand not in bank 0.  Ensure that bank bits are correct.
0015   1318           00049         bcf     TXSTA, TX9              ;TX9 kullanýlmýyor, 8 bit veri 
                      00050                                         ;iletiþimi.
Message[302]: Register in operand not in bank 0.  Ensure that bank bits are correct.
0016   1698           00051         bsf     TXSTA, TXEN             ;Veri gönderme etkinleþtirildi.
0017   1283 1303      00052         banksel RCSTA                   ;BANK0 seçildi.
0019   1298           00053         bcf     RCSTA, SREN             ;Veri okuma olayý yok.
001A   1798           00054         bsf     RCSTA, SPEN             ;Senkron master seri port aktif 
                      00055                                         ;hale getirildi.
001B   0008           00056         return
                      00057 
001C                  00058 tus_tara
001C                  00059 sutun0
001C   3001           00060         movlw   b'00000001'
001D   0085           00061         movwf   PORTA                   ;0. sutun aktif.
001E                  00062 sifir                                   ;sutun=0, satýr=0
001E   1A05           00063         btfsc   PORTA, 4                ;0. satýrdaki tuþa basýlý mý?
001F   3400           00064         retlw   d'0'
0020                  00065 dort                                    ;sutun=0, satýr=1
0020   1A85           00066         btfsc   PORTA, 5                ;1. satýrdaki tuþa basýlý mý?
0021   3404           00067         retlw   d'4'
0022                  00068 sekiz                                   ;sutun=0, satýr=2
0022   1B05           00069         btfsc   PORTA, 6                ;2. satýrdaki tuþa basýlý mý?
0023   3408           00070         retlw   d'8'
0024                  00071 oniki                                   ;sutun=0, satýr=3
0024   1B85           00072         btfsc   PORTA, 7                ;3. satýrdaki tuþa basýlý mý?
0025   340C           00073         retlw   d'12'
0026                  00074 sutun1
0026   3002           00075         movlw   b'000000010'
0027   0085           00076         movwf   PORTA                   ;1. sutun aktif
0028                  00077 bir                                     ;sutun=1, satýr=0
0028   1A05           00078         btfsc   PORTA, 4                ;0. satýrdaki tuþa basýlý mý?
0029   3401           00079         retlw   d'1'
002A                  00080 bes                                     ;sutun=1, satýr=1
002A   1A85           00081         btfsc   PORTA, 5                ;1. satýrdaki tuþa basýlý mý?
002B   3405           00082         retlw   d'5'
002C                  00083 dokuz                                   ;sutun=1, satýr=2
002C   1B05           00084         btfsc   PORTA, 6                ;2. satýrdaki tuþa basýlý mý?
002D   3409           00085         retlw   d'9'
002E                  00086 onuc                                    ;sutun=1, satýr=3
002E   1B85           00087         btfsc   PORTA, 7                ;3. satýrdaki tuþa basýlý mý?
002F   340D           00088         retlw   d'13'
0030                  00089 sutun2
0030   3004           00090         movlw   b'00000100'
0031   0085           00091         movwf   PORTA                   ;2. sutun aktif
0032                  00092 iki                                     ;sutun=2, satýr=0
0032   1A05           00093         btfsc   PORTA, 4                ;0. satýrdaki tuþa basýlý mý?
MPASM  4.02 Released                          PROG_11_5_A.ASM   8-11-2006  11:34:38         PAGE  3


LOC  OBJECT CODE     LINE SOURCE TEXT
  VALUE

0033   3402           00094         retlw   d'2'
0034                  00095 alti                                    ;sutun=2, satýr=1
0034   1A85           00096         btfsc   PORTA, 5                ;1. satýrdaki tuþa basýlý mý?
0035   3406           00097         retlw   d'6'
0036                  00098 on                                      ;sutun=2, satýr=2
0036   1B05           00099         btfsc   PORTA, 6                ;2. satýrdaki tuþa basýlý mý?
0037   340A           00100         retlw   d'10'
0038                  00101 ondort                                  ;sutun=2, satýr=3
0038   1B85           00102         btfsc   PORTA, 7                ;3. satýrdaki tuþa basýlý mý?
0039   340E           00103         retlw   d'14'
003A                  00104 sutun3
003A   3008           00105         movlw   b'00001000'
003B   0085           00106         movwf   PORTA                   ;3. sutun aktif
003C                  00107 uc                                      ;sutun=3, satýr=0
003C   1A05           00108         btfsc   PORTA, 4                ;0. satýrdaki tuþa basýlý mý?
003D   3403           00109         retlw   d'3'
003E                  00110 yedi                                    ;sutun=3, satýr=1
003E   1A85           00111         btfsc   PORTA, 5                ;1. satýrdaki tuþa basýlý mý?
003F   3407           00112         retlw   d'7'
0040                  00113 onbir                                   ;sutun=3, satýr=2
0040   1B05           00114         btfsc   PORTA, 6                ;2. satýrdaki tuþa basýlý mý?
0041   340B           00115         retlw   d'11'
0042                  00116 onbes                                   ;sutun=3, satýr=3
0042   1B85           00117         btfsc   PORTA, 7                ;3. satýrdaki tuþa basýlý mý?
0043   340F           00118         retlw   d'15'
0044   34FF           00119         retlw   d'255'                  ;Herhangi bir tuþa basýlmadý ise 
                      00120                                         ;0xFF döndür.
0045   0008           00121         return
                      00122 
0046                  00123 snkMasterWrite
0046   00A0           00124         movwf   tus
0047   0821           00125         movfw   tus_old
0048   0620           00126         xorwf   tus, W                  
0049   1903           00127         btfsc   STATUS, Z               ;Basýlan tuþ önceki tustan farklý mý?
004A   0008           00128         return                          ;Deðil ise çýk.
004B   0820           00129         movf    tus, W                  ;farklý.
004C   1283 1303      00130         banksel TXREG                   ;TXREG kaydedicisinin bulunduðu 
                      00131                                         ;bank seçildi.
004E   0099           00132         movwf   TXREG
004F   1283 1303      00133         banksel PIR1;                   ;PIR1 kaydedicisinin bulunduðu bank 
                      00134                                         ;seçildi.
0051   1E0C           00135         btfss   PIR1, TXIF              ;set ise veri transfer edilmiþ 
                      00136                                         ;demektir, bir komut atla.
0052   2851           00137         goto    $-1                     ;bir geriye. Tekrar kontrol et.
0053   120C           00138         bcf     PIR1, TXIF              ;Veri gönderme kesme bayraðýný sil.
0054   0820           00139         movfw   tus                                     
0055   00A1           00140         movwf   tus_old                 ;tus_old <- tus
0056   0008           00141         return
                      00142 
                      00143         END
MPASM  4.02 Released                          PROG_11_5_A.ASM   8-11-2006  11:34:38         PAGE  4


SYMBOL TABLE
  LABEL                             VALUE 

ADEN                              00000003
BRGH                              00000002
C                                 00000000
C1INV                             00000004
C1OUT                             00000006
C2INV                             00000005
C2OUT                             00000007
CCP1CON                           00000017
CCP1IE                            00000002
CCP1IF                            00000002
CCP1M0                            00000000
CCP1M1                            00000001
CCP1M2                            00000002
CCP1M3                            00000003
CCP1X                             00000005
CCP1Y                             00000004
CCPR1H                            00000016
CCPR1L                            00000015
CIS                               00000003
CM0                               00000000
CM1                               00000001
CM2                               00000002
CMCON                             0000001F
CMIE                              00000006
CMIF                              00000006
CREN                              00000004
CSRC                              00000007
DC                                00000001
EEADR                             0000009B
EECON1                            0000009C
EECON2                            0000009D
EEDATA                            0000009A
EEIE                              00000007
EEIF                              00000007
F                                 00000001
FERR                              00000002
FSR                               00000004
GIE                               00000007
INDF                              00000000
INTCON                            0000000B
INTE                              00000004
INTEDG                            00000006
INTF                              00000001
IRP                               00000007
NOT_BO                            00000000
NOT_BOD                           00000000
NOT_BOR                           00000000
NOT_PD                            00000003
NOT_POR                           00000001
NOT_RBPU                          00000007
NOT_T1SYNC                        00000002
NOT_TO                            00000004
OERR                              00000001
MPASM  4.02 Released                          PROG_11_5_A.ASM   8-11-2006  11:34:38         PAGE  5


SYMBOL TABLE
  LABEL                             VALUE 

OPTION_REG                        00000081
OSCF                              00000003
PCL                               00000002
PCLATH                            0000000A
PCON                              0000008E
PEIE                              00000006
PIE1                              0000008C
PIR1                              0000000C
PORTA                             00000005
PORTB                             00000006
PR2                               00000092
PS0                               00000000
PS1                               00000001
PS2                               00000002
PSA                               00000003
RBIE                              00000003
RBIF                              00000000
RCIE                              00000005
RCIF                              00000005
RCREG                             0000001A
RCSTA                             00000018
RD                                00000000
RP0                               00000005
RP1                               00000006
RX9                               00000006
RX9D                              00000000
SPBRG                             00000099
SPEN                              00000007
SREN                              00000005
STATUS                            00000003
SYNC                              00000004
T0CS                              00000005
T0IE                              00000005
T0IF                              00000002
T0SE                              00000004
T1CKPS0                           00000004
T1CKPS1                           00000005
T1CON                             00000010
T1OSCEN                           00000003
T2CKPS0                           00000000
T2CKPS1                           00000001
T2CON                             00000012
TMR0                              00000001
TMR1CS                            00000001
TMR1H                             0000000F
TMR1IE                            00000000
TMR1IF                            00000000
TMR1L                             0000000E
TMR1ON                            00000000
TMR2                              00000011
TMR2IE                            00000001
TMR2IF                            00000001
TMR2ON                            00000002
MPASM  4.02 Released                          PROG_11_5_A.ASM   8-11-2006  11:34:38         PAGE  6


SYMBOL TABLE
  LABEL                             VALUE 

TOUTPS0                           00000003
TOUTPS1                           00000004
TOUTPS2                           00000005
TOUTPS3                           00000006
TRISA                             00000085
TRISB                             00000086
TRMT                              00000001
TX9                               00000006
TX9D                              00000000
TXEN                              00000005
TXIE                              00000004
TXIF                              00000004
TXREG                             00000019
TXSTA                             00000098
VR0                               00000000
VR1                               00000001
VR2                               00000002
VR3                               00000003
VRCON                             0000009F
VREN                              00000007
VROE                              00000006
VRR                               00000005
W                                 00000000
WR                                00000001
WREN                              00000002
WRERR                             00000003
Z                                 00000002
_BODEN_OFF                        00003FBF
_BODEN_ON                         00003FFF
_BOREN_OFF                        00003FBF
_BOREN_ON                         00003FFF
_CP_OFF                           00003FFF
_CP_ON                            00001FFF
_DATA_CP_OFF                      00003FFF
_DATA_CP_ON                       00003EFF
_ER_OSC_CLKOUT                    00003FFF
_ER_OSC_NOCLKOUT                  00003FFE
_EXTCLK_OSC                       00003FEF
_HS_OSC                           00003FEE
_INTOSC_OSC_CLKOUT                00003FFD
_INTOSC_OSC_NOCLKOUT              00003FFC
_INTRC_OSC_CLKOUT                 00003FFD
_INTRC_OSC_NOCLKOUT               00003FFC
_LP_OSC                           00003FEC
_LVP_OFF                          00003F7F
_LVP_ON                           00003FFF
_MCLRE_OFF                        00003FDF
_MCLRE_ON                         00003FFF
_PWRTE_OFF                        00003FFF
_PWRTE_ON                         00003FF7
_RC_OSC_CLKOUT                    00003FFF
_RC_OSC_NOCLKOUT                  00003FFE
_WDT_OFF                          00003FFB
MPASM  4.02 Released                          PROG_11_5_A.ASM   8-11-2006  11:34:38         PAGE  7


SYMBOL TABLE
  LABEL                             VALUE 

_WDT_ON                           00003FFF
_XT_OSC                           00003FED
__16F628A                         00000001
alti                              00000034
bes                               0000002A
bir                               00000028
dokuz                             0000002C
dort                              00000020
iki                               00000032
initial                           00000005
main                              00000001
on                                00000036
onbes                             00000042
onbir                             00000040
ondort                            00000038
oniki                             00000024
onuc                              0000002E
sekiz                             00000022
sifir                             0000001E
snkMasterWrite                    00000046
sutun0                            0000001C
sutun1                            00000026
sutun2                            00000030
sutun3                            0000003A
tekrar                            00000002
tus                               00000020
tus_old                           00000021
tus_tara                          0000001C
uc                                0000003C
yedi                              0000003E


MEMORY USAGE MAP ('X' = Used,  '-' = Unused)

0000 : XXXXXXXXXXXXXXXX XXXXXXXXXXXXXXXX XXXXXXXXXXXXXXXX XXXXXXXXXXXXXXXX
0040 : XXXXXXXXXXXXXXXX XXXXXXX--------- ---------------- ----------------
2000 : -------X-------- ---------------- ---------------- ----------------

All other memory blocks unused.

Program Memory Words Used:    87
Program Memory Words Free:  1961


Errors   :     0
Warnings :     0 reported,     0 suppressed
Messages :     8 reported,     0 suppressed

