MPASM  4.02 Released                             PROG_5_1.ASM   8-10-2006  13:07:30         PAGE  1


LOC  OBJECT CODE     LINE SOURCE TEXT
  VALUE

                      00001 ;*******************************************************************
                      00002 ;       Dosya Adý               : 5_1.asm
                      00003 ;       Programýn Amacý         : CCP1 capture modunun kullanýlmasý.
                      00004 ;       Notlar                  : PORTB Çýkýþ ==> LED’ler.
                      00005 ;                               : RC0’a baðlý buton Timer1 sayma kaynaðý.
                      00006 ;                               : RC2’ye baðlý buton CCP1 olay kaynaðý.
                      00007 ;                               : XT ==> 20Mhz
                      00008 ;*******************************************************************
                      00009         list p = 16F877A
                      00010         include "p16F877A.inc" 
                      00001         LIST
                      00002 ; P16F877A.INC  Standard Header File, Version 1.00    Microchip Technology, Inc.
                      00398         LIST
2007   3F3A           00011         __config H'3F3A'        ;Tüm program sigortalarý kapalý, 
                      00012                                 ;Osilatör HS ve 20Mhz
0000                  00013         ORG     0 
0000   118A 120A      00014         Pagesel  ana_program    ;Ana programýn bulunduðu program 
                      00015                                 ;sayfasý seçildi.
0002   281E           00016         goto    ana_program     ;Ana programa git.
0004                  00017         ORG     4                       
                      00018 ;-------------------------------------------------------------------
                      00019 ; Kesme alt programý: Her Capture (yakalama) olayýnda kesme oluþur 
                      00020 ; ve PORTB çýkýþý bir artar.
                      00021 ;-------------------------------------------------------------------
0004                  00022 interrupt
0004   1283 1303      00023         banksel PIR1            ;0. bank seçildi. PIR1 bu bankta.
0006   1D0C           00024         btfss   PIR1, 2         ;CCP1IF set ise bir komut atla.
0007   280A           00025         goto    int_j1          ;Kesmeden çýkýþa git.
0008   110C           00026         bcf     PIR1, 2         ;CCP1IF kesme bayraðýný sil.
0009   0A86           00027         incf    PORTB, F        ;PORTB çýkýþ kaydedicisi deðeri bir artýr.
000A                  00028 int_j1
000A   0009           00029         retfie
                      00030 ;-------------------------------------------------------------------
                      00031 ; Capture (yakalama) mod ilk iþlemler: TMR1 1:8 prescaler deðere 
                      00032 ;ayarlanýr. CCP1 Her yükselen 4. darbe kenarý olayýna ayarlanýr.
                      00033 ;-------------------------------------------------------------------
000B                  00034 Capture_Ilk_Islemler
000B   1283 1303      00035         Banksel TMR1L           ;0. bank seçildi. TMR1 bu bankta
000D   018E           00036         clrf    TMR1L           ;TMR1 sýfýrlandý
000E   018F           00037         clrf    TMR1H
000F   3033           00038         movlw   0x33
0010   0090           00039         movwf   T1CON           ;TMR1 1:8 prescaler deðere ayarlandý ve 
                      00040                                 ;RC0/T1OSO/T1CKI giriþinden gelen her 8. 
                      00041                                 ;yükselen darbe kenarýnda ;deðerinin 1 
                      00042                                 ;artmasý saðlandý.
0011   3006           00043         movlw   0x06            ;Her yükselen 4. darbe kenarýný yakala.
0012   0097           00044         movwf   CCP1CON
0013   1683 1303      00045         banksel TRISC           ;1. bank seçildi TRISC ve PIE1 bu bankta
Message[302]: Register in operand not in bank 0.  Ensure that bank bits are correct.
0015   1507           00046         bsf     TRISC, 2        ;RC2/CCP1 pin giriþe ayarlandý.
Message[302]: Register in operand not in bank 0.  Ensure that bank bits are correct.
0016   150C           00047         bsf     PIE1, 2         ;Capture kesmesi aktif hale getirildi.
0017   0008           00048         return
MPASM  4.02 Released                             PROG_5_1.ASM   8-10-2006  13:07:30         PAGE  2


LOC  OBJECT CODE     LINE SOURCE TEXT
  VALUE

                      00049 ;-------------------------------------------------------------------
                      00050 ; Ana program ilk iþlemler:Port yönlendirme iþlemleri.
                      00051 ;-------------------------------------------------------------------
0018                  00052 ilk_islemler
0018   1683 1303      00053         banksel TRISB                   ;1. bank seçildi. TRISB bu bankta.
Message[302]: Register in operand not in bank 0.  Ensure that bank bits are correct.
001A   0186           00054         clrf    TRISB                   ;PORTB çýkýþa yönlendirildi.
001B   1283           00055         bcf     STATUS, RP0             ;0. bank seçildi. PORTB bu bankta.
001C   0186           00056         clrf    PORTB                   ;PORTB'nin ilk çýkýþ deðeri sýfýr 
                      00057                                         ;olarak set edildi.
001D   0008           00058         return                          ;Alt programdan çýkýþ.
                      00059 
                      00060 
                      00061 ;-------------------------------------------------------------------
                      00062 ; Ana program: Bu kýsýmda ilk iþlemler yapýldýktan sonra kesmeler 
                      00063 ; aktif hale getirilip kesmeler bekleniyor.
                      00064 ;-------------------------------------------------------------------
001E                  00065 ana_program
001E   2018           00066         call    ilk_islemler            ;Ýlk iþlemler alt programý çaðrýldý.
001F   200B           00067         call    Capture_Ilk_Islemler    ;Capture modun çalýþma 
                      00068                                         ;koþullarý belirleniyor.
0020   170B           00069         bsf     INTCON, 6               ;PEIE set edildi, Çevresel birim 
                      00070                                         ;kesmeleri aktif.
0021   178B           00071         bsf     INTCON, 7               ;Genel kesme izni verildi.
0022   2822           00072         goto    $                       ;Sistem kapatýlana ya da 
                      00073                                         ;resetlenene kadar boþ döngü.
                      00074 
                      00075         END                             ;Program sonu
MPASM  4.02 Released                             PROG_5_1.ASM   8-10-2006  13:07:30         PAGE  3


SYMBOL TABLE
  LABEL                             VALUE 

ACKDT                             00000005
ACKEN                             00000004
ACKSTAT                           00000006
ADCON0                            0000001F
ADCON1                            0000009F
ADCS0                             00000006
ADCS1                             00000007
ADDEN                             00000003
ADFM                              00000007
ADIE                              00000006
ADIF                              00000006
ADON                              00000000
ADRESH                            0000001E
ADRESL                            0000009E
BCLIE                             00000003
BCLIF                             00000003
BF                                00000000
BRGH                              00000002
C                                 00000000
C1INV                             00000004
C1OUT                             00000006
C2INV                             00000005
C2OUT                             00000007
CCP1CON                           00000017
CCP1IE                            00000002
CCP1IF                            00000002
CCP1M0                            00000000
CCP1M1                            00000001
CCP1M2                            00000002
CCP1M3                            00000003
CCP1X                             00000005
CCP1Y                             00000004
CCP2CON                           0000001D
CCP2IE                            00000000
CCP2IF                            00000000
CCP2M0                            00000000
CCP2M1                            00000001
CCP2M2                            00000002
CCP2M3                            00000003
CCP2X                             00000005
CCP2Y                             00000004
CCPR1H                            00000016
CCPR1L                            00000015
CCPR2H                            0000001C
CCPR2L                            0000001B
CHS0                              00000003
CHS1                              00000004
CHS2                              00000005
CIS                               00000003
CKE                               00000006
CKP                               00000004
CM0                               00000000
CM1                               00000001
MPASM  4.02 Released                             PROG_5_1.ASM   8-10-2006  13:07:30         PAGE  4


SYMBOL TABLE
  LABEL                             VALUE 

CM2                               00000002
CMCON                             0000009C
CMIE                              00000006
CMIF                              00000006
CREN                              00000004
CSRC                              00000007
CVR0                              00000000
CVR1                              00000001
CVR2                              00000002
CVR3                              00000003
CVRCON                            0000009D
CVREN                             00000007
CVROE                             00000006
CVRR                              00000005
Capture_Ilk_Islemler              0000000B
D                                 00000005
DATA_ADDRESS                      00000005
DC                                00000001
D_A                               00000005
EEADR                             0000010D
EEADRH                            0000010F
EECON1                            0000018C
EECON2                            0000018D
EEDATA                            0000010C
EEDATH                            0000010E
EEIE                              00000004
EEIF                              00000004
EEPGD                             00000007
F                                 00000001
FERR                              00000002
FSR                               00000004
GCEN                              00000007
GIE                               00000007
GO                                00000002
GO_DONE                           00000002
I2C_DATA                          00000005
I2C_READ                          00000002
I2C_START                         00000003
I2C_STOP                          00000004
IBF                               00000007
IBOV                              00000005
INDF                              00000000
INTCON                            0000000B
INTE                              00000004
INTEDG                            00000006
INTF                              00000001
IRP                               00000007
NOT_A                             00000005
NOT_ADDRESS                       00000005
NOT_BO                            00000000
NOT_BOR                           00000000
NOT_DONE                          00000002
NOT_PD                            00000003
MPASM  4.02 Released                             PROG_5_1.ASM   8-10-2006  13:07:30         PAGE  5


SYMBOL TABLE
  LABEL                             VALUE 

NOT_POR                           00000001
NOT_RBPU                          00000007
NOT_RC8                           00000006
NOT_T1SYNC                        00000002
NOT_TO                            00000004
NOT_TX8                           00000006
NOT_W                             00000002
NOT_WRITE                         00000002
OBF                               00000006
OERR                              00000001
OPTION_REG                        00000081
P                                 00000004
PCFG0                             00000000
PCFG1                             00000001
PCFG2                             00000002
PCFG3                             00000003
PCL                               00000002
PCLATH                            0000000A
PCON                              0000008E
PEIE                              00000006
PEN                               00000002
PIE1                              0000008C
PIE2                              0000008D
PIR1                              0000000C
PIR2                              0000000D
PORTA                             00000005
PORTB                             00000006
PORTC                             00000007
PORTD                             00000008
PORTE                             00000009
PR2                               00000092
PS0                               00000000
PS1                               00000001
PS2                               00000002
PSA                               00000003
PSPIE                             00000007
PSPIF                             00000007
PSPMODE                           00000004
R                                 00000002
RBIE                              00000003
RBIF                              00000000
RC8_9                             00000006
RC9                               00000006
RCD8                              00000000
RCEN                              00000003
RCIE                              00000005
RCIF                              00000005
RCREG                             0000001A
RCSTA                             00000018
RD                                00000000
READ_WRITE                        00000002
RP0                               00000005
RP1                               00000006
MPASM  4.02 Released                             PROG_5_1.ASM   8-10-2006  13:07:30         PAGE  6


SYMBOL TABLE
  LABEL                             VALUE 

RSEN                              00000001
RX9                               00000006
RX9D                              00000000
R_W                               00000002
S                                 00000003
SEN                               00000000
SMP                               00000007
SPBRG                             00000099
SPEN                              00000007
SREN                              00000005
SSPADD                            00000093
SSPBUF                            00000013
SSPCON                            00000014
SSPCON2                           00000091
SSPEN                             00000005
SSPIE                             00000003
SSPIF                             00000003
SSPM0                             00000000
SSPM1                             00000001
SSPM2                             00000002
SSPM3                             00000003
SSPOV                             00000006
SSPSTAT                           00000094
STATUS                            00000003
SYNC                              00000004
T0CS                              00000005
T0IE                              00000005
T0IF                              00000002
T0SE                              00000004
T1CKPS0                           00000004
T1CKPS1                           00000005
T1CON                             00000010
T1INSYNC                          00000002
T1OSCEN                           00000003
T1SYNC                            00000002
T2CKPS0                           00000000
T2CKPS1                           00000001
T2CON                             00000012
TMR0                              00000001
TMR0IE                            00000005
TMR0IF                            00000002
TMR1CS                            00000001
TMR1H                             0000000F
TMR1IE                            00000000
TMR1IF                            00000000
TMR1L                             0000000E
TMR1ON                            00000000
TMR2                              00000011
TMR2IE                            00000001
TMR2IF                            00000001
TMR2ON                            00000002
TOUTPS0                           00000003
TOUTPS1                           00000004
MPASM  4.02 Released                             PROG_5_1.ASM   8-10-2006  13:07:30         PAGE  7


SYMBOL TABLE
  LABEL                             VALUE 

TOUTPS2                           00000005
TOUTPS3                           00000006
TRISA                             00000085
TRISB                             00000086
TRISC                             00000087
TRISD                             00000088
TRISE                             00000089
TRISE0                            00000000
TRISE1                            00000001
TRISE2                            00000002
TRMT                              00000001
TX8_9                             00000006
TX9                               00000006
TX9D                              00000000
TXD8                              00000000
TXEN                              00000005
TXIE                              00000004
TXIF                              00000004
TXREG                             00000019
TXSTA                             00000098
UA                                00000001
W                                 00000000
WCOL                              00000007
WR                                00000001
WREN                              00000002
WRERR                             00000003
Z                                 00000002
_BODEN_OFF                        00003FBF
_BODEN_ON                         00003FFF
_CPD_OFF                          00003FFF
_CPD_ON                           00003EFF
_CP_ALL                           00001FFF
_CP_OFF                           00003FFF
_DEBUG_OFF                        00003FFF
_DEBUG_ON                         000037FF
_HS_OSC                           00003FFE
_LP_OSC                           00003FFC
_LVP_OFF                          00003F7F
_LVP_ON                           00003FFF
_PWRTE_OFF                        00003FFF
_PWRTE_ON                         00003FF7
_RC_OSC                           00003FFF
_WDT_OFF                          00003FFB
_WDT_ON                           00003FFF
_WRT_1FOURTH                      00003BFF
_WRT_256                          00003DFF
_WRT_HALF                         000039FF
_WRT_OFF                          00003FFF
_XT_OSC                           00003FFD
__16F877A                         00000001
ana_program                       0000001E
ilk_islemler                      00000018
int_j1                            0000000A
MPASM  4.02 Released                             PROG_5_1.ASM   8-10-2006  13:07:30         PAGE  8


SYMBOL TABLE
  LABEL                             VALUE 

interrupt                         00000004


MEMORY USAGE MAP ('X' = Used,  '-' = Unused)

0000 : XXX-XXXXXXXXXXXX XXXXXXXXXXXXXXXX XXX------------- ----------------
2000 : -------X-------- ---------------- ---------------- ----------------

All other memory blocks unused.

Program Memory Words Used:    34
Program Memory Words Free:  8158


Errors   :     0
Warnings :     0 reported,     0 suppressed
Messages :     3 reported,     0 suppressed

