MPASM  4.02 Released                             PROG_8_2.ASM   8-10-2006  16:18:49         PAGE  1


LOC  OBJECT CODE     LINE SOURCE TEXT
  VALUE

                      00001 ;*******************************************************************
                      00002 ;       Dosya Adý               : 8_2.asm
                      00003 ;       Programýn Amacý         : Komparatör modülünün dahili ortak 
                      00004 ;                               referanslý 4 giriþten seçimli iki 
                      00005 ;                               karþýlaþtýrýcý modunda kullanýlmasý.
                      00006 ;       PIC DK2.1a              : PORTB<0:3> Çýkýþ ==> LED
                      00007 ;                               : A/D anahtarý RA1, RA2 ve RA3 A konumunda
                      00008 ;                               : XT ==> 4Mhz
                      00009 ;*******************************************************************
Warning[215]: Processor superseded by command line.  Verify processor symbol.
                      00010         list p=16F877A                  
                      00011         include "p16F877A.inc"  
                      00001         LIST
                      00002 ; P16F877A.INC  Standard Header File, Version 1.00    Microchip Technology, Inc.
Message[301]: MESSAGE: (Processor-header file mismatch.  Verify selected processor.)
                      00398         LIST
2007   3F31           00012         __config H'3F31'                ;PWRT on, diðerleri kapalý, 
                      00013                                         ;Osilatör XT ve 4Mhz
                      00014 ;-------------------------------------------------------------------
                      00015 ;Program baþlangýç adresi belirleniyor.
                      00016 ;-------------------------------------------------------------------
0000                  00017         ORG     0                               
0000   2821           00018         goto    ana_program             
0004                  00019         ORG     4                       ;Kesme alt programý bu adresten 
                      00020                                         ;baþlýyor.
0004   2805           00021         goto    kesme                   ;kesme alt programýna git.
                      00022 ;-------------------------------------------------------------------
                      00023 ; Kesme programý karþýlaþtýrýcý çýkýþlarýndaki deðiþimlerde 
                      00024 ; çalýþýyor ve karþýlaþtýrýcý çýkýþlarýný 
                      00025 ; kontrol ederek ilgili LED’leri yakýyor yada söndürüyor.
                      00026 ;-------------------------------------------------------------------
0005                  00027 kesme
0005   1F0C           00028         btfss   PIR1, CMIF              ;Kesme kaynaðý karþýlaþtýrýcý 
                      00029                                         ;çýkýþlarýndan kaynaklanýyorsa bir 
                      00030                                         ;komut atla.
0006   2820           00031         goto    kesme_sonu              ;deðilse kesmeden çýk.
                      00032         
Message[302]: Register in operand not in bank 0.  Ensure that bank bits are correct.
0007   199C           00033         btfsc   CMCON, CIS              ;RA0 ve RA1 giriþleri 
                      00034                                         ;karþýlaþtýrýcý için seçildiyse 
                      00035                                         ;komut atla.
0008   2815           00036         goto    kesme_5                 ;RA3 ve RA2 giriþleri
                      00037                                         ;karþýlaþtýrýcý için seçildiyse 
                      00038                                         ;kesme_5 etiketine git.
Message[302]: Register in operand not in bank 0.  Ensure that bank bits are correct.
0009   1F1C           00039         btfss   CMCON, C1OUT            ;1. karþýlaþtýrýcý çýkýþý set ise 
                      00040                                         ;komut atla ve LED’i söndür.
000A   280D           00041         goto    kesme_1                 ;1. karþýlaþtýrýcý çýkýþý 0 
                      00042                                         ;olduðundan LED yakma kýsmýna git.
000B   1006           00043         bcf     PORTB, 0                ;RB0'a baðlý LED’i söndür.
000C   280E           00044         goto    kesme_2
000D                  00045 kesme_1
000D   1406           00046         bsf     PORTB, 0                ;RB0'a baðlý LED’i yak.
MPASM  4.02 Released                             PROG_8_2.ASM   8-10-2006  16:18:49         PAGE  2


LOC  OBJECT CODE     LINE SOURCE TEXT
  VALUE

000E                  00047 kesme_2
Message[302]: Register in operand not in bank 0.  Ensure that bank bits are correct.
000E   1F9C           00048         btfss   CMCON, C2OUT            ;2. karþýlaþtýrýcý çýkýþý set ise 
                      00049                                         ;komut atla ve LED’i söndür.
000F   2812           00050         goto    kesme_3                 ;2. karþýlaþtýrýcý çýkýþý 0 
                      00051                                         ;olduðundan LED yakma kýsmýna git.
0010   1086           00052         bcf     PORTB, 1                ;RB1'a baðlý LED’i söndür.
0011   2813           00053         goto    kesme_4
0012                  00054 kesme_3
0012   1486           00055         bsf     PORTB, 1                ;RB1'a baðlý LED’i yak.
0013                  00056 kesme_4
0013   130C           00057         bcf     PIR1, CMIF              ;Karþýlaþtýrýcý kesme bayraðýný 
                      00058                                         ;yeni kesmeler için sil,
0014   2820           00059         goto    kesme_sonu              ;deðilse kesmeden çýk.  
0015                  00060 kesme_5
Message[302]: Register in operand not in bank 0.  Ensure that bank bits are correct.
0015   1F1C           00061         btfss   CMCON, C1OUT            ;1. karþýlaþtýrýcý çýkýþý set ise 
                      00062                                         ;komut atla ve LED’i söndür.
0016   2819           00063         goto    kesme_6                 ;1. karþýlaþtýrýcý çýkýþý 0 
                      00064                                         ;olduðundan LED yakma kýsmýna git.
0017   1186           00065         bcf     PORTB, 3                ;RB3'a baðlý LED’i söndür.
0018   281A           00066         goto    kesme_7
0019                  00067 kesme_6
0019   1586           00068         bsf     PORTB, 3                ;RB3'a baðlý LED’i yak.
001A                  00069 kesme_7
Message[302]: Register in operand not in bank 0.  Ensure that bank bits are correct.
001A   1F9C           00070         btfss   CMCON, C2OUT            ;2. karþýlaþtýrýcý çýkýþý set ise 
                      00071                                         ;komut atla ve LED’i söndür.
001B   281E           00072         goto    kesme_8                 ;2. karþýlaþtýrýcý çýkýþý 0 
                      00073                                         ;olduðundan LED yakma kýsmýna git.
001C   1106           00074         bcf     PORTB, 2                ;RB2'a baðlý LED’i söndür.
001D   281F           00075         goto    kesme_9
001E                  00076 kesme_8
001E   1506           00077         bsf     PORTB, 2                ;RB2'a baðlý LED’i yak.
001F                  00078 kesme_9
001F   130C           00079         bcf     PIR1, CMIF              ;Karþýlaþtýrýcý kesme bayraðýný 
                      00080                                         ;yeni kesmeler için sil.
0020                  00081 kesme_sonu      
0020   0009           00082         retfie                          ;Kesme alt programýndan çýkýþ.
                      00083 ;-------------------------------------------------------------------
                      00084 ; Ana program port yönlendirmeleri ve karþýlaþtýrýcý mod ayarlarýný 
                      00085 ; yaptýktan sonra karþýlaþtýrýcý giriþleri sürekli deðiþtirilerek 
                      00086 ; kesme oluþtuðunda giriþler ve karþýlaþtýrma sonuçlarý 
                      00087 ; deðerlendirilerek sonuçlar PORTB üzerindeki LED'lerde 
                      00088 ; görüntülenmektedir.Bu durum sistem kapatýlana dek devam eder.
                      00089 ;-------------------------------------------------------------------
0021                  00090 ana_program
0021   1683 1303      00091         banksel TRISB                   ;TRISB'nin bulunduðu banka geç, 
                      00092                                         ;PIE de bu bankta.
Message[302]: Register in operand not in bank 0.  Ensure that bank bits are correct.
0023   0186           00093         clrf    TRISB                   ;PORTB'yi çýkýþa yönlendir.
Message[302]: Register in operand not in bank 0.  Ensure that bank bits are correct.
0024   170C           00094         bsf     PIE1, CMIE              ;Karþýlaþtýrýcý kesmelerine izin 
MPASM  4.02 Released                             PROG_8_2.ASM   8-10-2006  16:18:49         PAGE  3


LOC  OBJECT CODE     LINE SOURCE TEXT
  VALUE

                      00095                                         ;ver.
0025   1283 1303      00096         banksel PORTB                   ;Bank0’a geç.
0027   0186           00097         clrf    PORTB                   ;LED’ler ilk durumda sönük.
0028   3002           00098         movlw   0x02                    ;Dahili ortak referanslý 4 giriþten 
                      00099                                         ;seçimli iki karþýlaþtýrýcý mod 
                      00100                                         ;seçildi
Message[302]: Register in operand not in bank 0.  Ensure that bank bits are correct.
0029   009C           00101         movwf   CMCON                   ;ve CMCON karþýlaþtýrýcý kontrol 
                      00102                                         ;kaydedicisine yüklendi.
002A   30A5           00103         movlw   0xA5                    ;0’dan 0.75 CVRSRC  ile CVRSRC/24 
                      00104                                         ;adým aralýðý yani, referans 
                      00105                                         ;gerilimi seçildi.
002B   1683 1303      00106         banksel CVRCON                  ;Bank1 seçildi. CVRCON bu bankta.
Message[302]: Register in operand not in bank 0.  Ensure that bank bits are correct.
002D   009D           00107         movwf   CVRCON                  ;CVRCON'a seçilen durum yüklendi ve 
                      00108                                         ;VREF açýldý.
002E   1683 1303      00109         banksel CMCON                   ;Bank0 seçildi.
0030   170B           00110         bsf     INTCON, PEIE            ;Çevresel kesmeler etkinleþtirildi.
0031   178B           00111         bsf     INTCON, GIE             ;Etkinleþtirilen kesmelere izin 
                      00112                                         ;verildi.
0032                  00113 ana_dongu
Message[302]: Register in operand not in bank 0.  Ensure that bank bits are correct.
0032   119C           00114         bcf     CMCON, CIS              ;Karþýlaþtýrýcý giriþleri için RA0 
                      00115                                         ;ve RA1 seçildi.
0033   0000           00116         nop                             ;Karþýlaþtýrýcý giriþ deðiþimi için 
                      00117                                         ;kýsa bir süre bekle.
Message[302]: Register in operand not in bank 0.  Ensure that bank bits are correct.
0034   159C           00118         bsf     CMCON, CIS
Warning[203]: Found opcode in column 1. (goto)
0035   2832           00119 goto    ana_dongu
                      00120 
                      00121         end
MPASM  4.02 Released                             PROG_8_2.ASM   8-10-2006  16:18:49         PAGE  4


SYMBOL TABLE
  LABEL                             VALUE 

ACKDT                             00000005
ACKEN                             00000004
ACKSTAT                           00000006
ADCON0                            0000001F
ADCON1                            0000009F
ADCS0                             00000006
ADCS1                             00000007
ADDEN                             00000003
ADFM                              00000007
ADIE                              00000006
ADIF                              00000006
ADON                              00000000
ADRESH                            0000001E
ADRESL                            0000009E
BCLIE                             00000003
BCLIF                             00000003
BF                                00000000
BRGH                              00000002
C                                 00000000
C1INV                             00000004
C1OUT                             00000006
C2INV                             00000005
C2OUT                             00000007
CCP1CON                           00000017
CCP1IE                            00000002
CCP1IF                            00000002
CCP1M0                            00000000
CCP1M1                            00000001
CCP1M2                            00000002
CCP1M3                            00000003
CCP1X                             00000005
CCP1Y                             00000004
CCP2CON                           0000001D
CCP2IE                            00000000
CCP2IF                            00000000
CCP2M0                            00000000
CCP2M1                            00000001
CCP2M2                            00000002
CCP2M3                            00000003
CCP2X                             00000005
CCP2Y                             00000004
CCPR1H                            00000016
CCPR1L                            00000015
CCPR2H                            0000001C
CCPR2L                            0000001B
CHS0                              00000003
CHS1                              00000004
CHS2                              00000005
CIS                               00000003
CKE                               00000006
CKP                               00000004
CM0                               00000000
CM1                               00000001
MPASM  4.02 Released                             PROG_8_2.ASM   8-10-2006  16:18:49         PAGE  5


SYMBOL TABLE
  LABEL                             VALUE 

CM2                               00000002
CMCON                             0000009C
CMIE                              00000006
CMIF                              00000006
CREN                              00000004
CSRC                              00000007
CVR0                              00000000
CVR1                              00000001
CVR2                              00000002
CVR3                              00000003
CVRCON                            0000009D
CVREN                             00000007
CVROE                             00000006
CVRR                              00000005
D                                 00000005
DATA_ADDRESS                      00000005
DC                                00000001
D_A                               00000005
EEADR                             0000010D
EEADRH                            0000010F
EECON1                            0000018C
EECON2                            0000018D
EEDATA                            0000010C
EEDATH                            0000010E
EEIE                              00000004
EEIF                              00000004
EEPGD                             00000007
F                                 00000001
FERR                              00000002
FSR                               00000004
GCEN                              00000007
GIE                               00000007
GO                                00000002
GO_DONE                           00000002
I2C_DATA                          00000005
I2C_READ                          00000002
I2C_START                         00000003
I2C_STOP                          00000004
IBF                               00000007
IBOV                              00000005
INDF                              00000000
INTCON                            0000000B
INTE                              00000004
INTEDG                            00000006
INTF                              00000001
IRP                               00000007
NOT_A                             00000005
NOT_ADDRESS                       00000005
NOT_BO                            00000000
NOT_BOR                           00000000
NOT_DONE                          00000002
NOT_PD                            00000003
NOT_POR                           00000001
MPASM  4.02 Released                             PROG_8_2.ASM   8-10-2006  16:18:49         PAGE  6


SYMBOL TABLE
  LABEL                             VALUE 

NOT_RBPU                          00000007
NOT_RC8                           00000006
NOT_T1SYNC                        00000002
NOT_TO                            00000004
NOT_TX8                           00000006
NOT_W                             00000002
NOT_WRITE                         00000002
OBF                               00000006
OERR                              00000001
OPTION_REG                        00000081
P                                 00000004
PCFG0                             00000000
PCFG1                             00000001
PCFG2                             00000002
PCFG3                             00000003
PCL                               00000002
PCLATH                            0000000A
PCON                              0000008E
PEIE                              00000006
PEN                               00000002
PIE1                              0000008C
PIE2                              0000008D
PIR1                              0000000C
PIR2                              0000000D
PORTA                             00000005
PORTB                             00000006
PORTC                             00000007
PORTD                             00000008
PORTE                             00000009
PR2                               00000092
PS0                               00000000
PS1                               00000001
PS2                               00000002
PSA                               00000003
PSPIE                             00000007
PSPIF                             00000007
PSPMODE                           00000004
R                                 00000002
RBIE                              00000003
RBIF                              00000000
RC8_9                             00000006
RC9                               00000006
RCD8                              00000000
RCEN                              00000003
RCIE                              00000005
RCIF                              00000005
RCREG                             0000001A
RCSTA                             00000018
RD                                00000000
READ_WRITE                        00000002
RP0                               00000005
RP1                               00000006
RSEN                              00000001
MPASM  4.02 Released                             PROG_8_2.ASM   8-10-2006  16:18:49         PAGE  7


SYMBOL TABLE
  LABEL                             VALUE 

RX9                               00000006
RX9D                              00000000
R_W                               00000002
S                                 00000003
SEN                               00000000
SMP                               00000007
SPBRG                             00000099
SPEN                              00000007
SREN                              00000005
SSPADD                            00000093
SSPBUF                            00000013
SSPCON                            00000014
SSPCON2                           00000091
SSPEN                             00000005
SSPIE                             00000003
SSPIF                             00000003
SSPM0                             00000000
SSPM1                             00000001
SSPM2                             00000002
SSPM3                             00000003
SSPOV                             00000006
SSPSTAT                           00000094
STATUS                            00000003
SYNC                              00000004
T0CS                              00000005
T0IE                              00000005
T0IF                              00000002
T0SE                              00000004
T1CKPS0                           00000004
T1CKPS1                           00000005
T1CON                             00000010
T1INSYNC                          00000002
T1OSCEN                           00000003
T1SYNC                            00000002
T2CKPS0                           00000000
T2CKPS1                           00000001
T2CON                             00000012
TMR0                              00000001
TMR0IE                            00000005
TMR0IF                            00000002
TMR1CS                            00000001
TMR1H                             0000000F
TMR1IE                            00000000
TMR1IF                            00000000
TMR1L                             0000000E
TMR1ON                            00000000
TMR2                              00000011
TMR2IE                            00000001
TMR2IF                            00000001
TMR2ON                            00000002
TOUTPS0                           00000003
TOUTPS1                           00000004
TOUTPS2                           00000005
MPASM  4.02 Released                             PROG_8_2.ASM   8-10-2006  16:18:49         PAGE  8


SYMBOL TABLE
  LABEL                             VALUE 

TOUTPS3                           00000006
TRISA                             00000085
TRISB                             00000086
TRISC                             00000087
TRISD                             00000088
TRISE                             00000089
TRISE0                            00000000
TRISE1                            00000001
TRISE2                            00000002
TRMT                              00000001
TX8_9                             00000006
TX9                               00000006
TX9D                              00000000
TXD8                              00000000
TXEN                              00000005
TXIE                              00000004
TXIF                              00000004
TXREG                             00000019
TXSTA                             00000098
UA                                00000001
W                                 00000000
WCOL                              00000007
WR                                00000001
WREN                              00000002
WRERR                             00000003
Z                                 00000002
_BODEN_OFF                        00003FBF
_BODEN_ON                         00003FFF
_CPD_OFF                          00003FFF
_CPD_ON                           00003EFF
_CP_ALL                           00001FFF
_CP_OFF                           00003FFF
_DEBUG_OFF                        00003FFF
_DEBUG_ON                         000037FF
_HS_OSC                           00003FFE
_LP_OSC                           00003FFC
_LVP_OFF                          00003F7F
_LVP_ON                           00003FFF
_PWRTE_OFF                        00003FFF
_PWRTE_ON                         00003FF7
_RC_OSC                           00003FFF
_WDT_OFF                          00003FFB
_WDT_ON                           00003FFF
_WRT_1FOURTH                      00003BFF
_WRT_256                          00003DFF
_WRT_HALF                         000039FF
_WRT_OFF                          00003FFF
_XT_OSC                           00003FFD
__16F628A                         00000001
ana_dongu                         00000032
ana_program                       00000021
kesme                             00000005
kesme_1                           0000000D
MPASM  4.02 Released                             PROG_8_2.ASM   8-10-2006  16:18:49         PAGE  9


SYMBOL TABLE
  LABEL                             VALUE 

kesme_2                           0000000E
kesme_3                           00000012
kesme_4                           00000013
kesme_5                           00000015
kesme_6                           00000019
kesme_7                           0000001A
kesme_8                           0000001E
kesme_9                           0000001F
kesme_sonu                        00000020


MEMORY USAGE MAP ('X' = Used,  '-' = Unused)

0000 : X---XXXXXXXXXXXX XXXXXXXXXXXXXXXX XXXXXXXXXXXXXXXX XXXXXX----------
2000 : -------X-------- ---------------- ---------------- ----------------

All other memory blocks unused.

Program Memory Words Used:    51
Program Memory Words Free:  1997


Errors   :     0
Warnings :     2 reported,     0 suppressed
Messages :    12 reported,     0 suppressed

