MPASM  4.02 Released                             PROG_4_1.ASM   8-9-2006  18:15:47         PAGE  1


LOC  OBJECT CODE     LINE SOURCE TEXT
  VALUE

                      00001 ;*******************************************************************
                      00002 ;       Dosya Adý               : 4_1.asm
                      00003 ;       Programýn Amacý         : Timer0’ýn zamanlayýcý olarak 
                      00004 ;                                 kullanýlmasýný göstermek.
                      00005 ;       PIC DK2.1a              : PORTB<0> Çýkýþ ==> LED
                      00006 ;                               : XT ==> 4Mhz
                      00007 ;*******************************************************************    
                      00008         list p=16F877A
                      00009         include "p16F877A.inc"  ;PIC16F877A genel tanýmlamalarý 
                      00001         LIST
                      00002 ; P16F877A.INC  Standard Header File, Version 1.00    Microchip Technology, Inc.
                      00398         LIST
                      00010                                 ;programa dahil ediliyor.
2007   3F31           00011         __config H'3F31'        ;PWRT on, diðer sigortalar kapalý, 
                      00012                                 ;Osilatör XT ve 4Mhz
                      00013 ;-------------------------------------------------------------------
                      00014 ;Deðiþken tanýmlamalarý
                      00015 ;-------------------------------------------------------------------
  00000025            00016 Tmr0Sayaci      equ     0x25            ;500ms zaman sayacý.
0000                  00017         ORG     0                       ;Reset vektör adresi.
0000   018A           00018         clrf    PCLATH                  ;ilk program sayfasý.
0001   2824           00019         goto    ana_program             ;Ana programa git.
0004                  00020         ORG 4                           ;Kesme vektör adresi.
                      00021 ;-------------------------------------------------------------------
                      00022 ;Kesme programý bu etiketten itibaren baþlýyor.
                      00023 ;-------------------------------------------------------------------
0004                  00024 interrupt                                               
0004   1E8B           00025         btfss   INTCON, 5               ;TMR0 kesmesine izin verilmiþ mi? 
                      00026                                         ;( TMR0IE = 1 mi? )
Warning[203]: Found opcode in column 1. (goto)
0005   2816           00027 goto    int_j1                          ;HAYIR ise interrupt sonu.
0006   1D0B           00028         btfss   INTCON, 2               ;TMR0 kesmesi oluþtu mu? (TMROIF = 1 mi?)
Warning[203]: Found opcode in column 1. (goto)
0007   2816           00029 goto    int_j1                          ;interrupt sonu,
0008   3006           00030         movlw   D'6'
0009   0081           00031         movwf   TMR0                    ;TMR0'a ilk deðer atamasý yapýlýyor
000A   110B           00032         bcf     INTCON, 2               ;TMROIF kesme bayraðý siliniyor.
000B   0AA5           00033         incf    Tmr0Sayaci, F           ;Her 2ms'de bir kesme oluþur ve 
                      00034                                         ;Timer0Counter kesme sayýcýsý
000C   30FA           00035         movlw   D'250'                  ;250 deðerine ulaþana kadar her 
                      00036                                         ;kesmede deðeri 1 artar.
000D   0225           00037         subwf   Tmr0Sayaci, W           ;250 deðerine ulaþtýðýnda 500ms'lik 
                      00038                                         ;zamanlamaya ulaþýlmýþ olur.
000E   1C03           00039         btfss   STATUS, C               ;Timer0Counter >=250 mi? Yanýt EVET 
                      00040                                         ;ise bir komut atla
000F   2816           00041         goto    int_j1                  ;HAYIR ise interrupt sonu. 
0010   01A5           00042         clrf    Tmr0Sayaci              ;Timer0Counter 500ms sayacýmýzý 
                      00043                                         ;sýfýrlayýp yeniden hazýrlýyoruz.
0011   1C06           00044         btfss   PORTB, 0                ;PORTB'nin 0. bit’i set ise bir 
                      00045                                         ;komut atla ( LED yanýyor ise )
0012   2815           00046         goto    int_j2                  ;LED sönük o halde LED'i yakmak 
                      00047                                         ;için int_j2'ye git.
0013   1006           00048         bcf     PORTB, 0                ;PORTB'nin 0. bit’ini sýfýrla 
MPASM  4.02 Released                             PROG_4_1.ASM   8-9-2006  18:15:47         PAGE  2


LOC  OBJECT CODE     LINE SOURCE TEXT
  VALUE

                      00049                                         ;(LED'i söndür.)
0014   2816           00050         goto    int_j1                  ;interrupt sonu.
0015                  00051 int_j2
0015   1406           00052         bsf     PORTB, 0                ;RB0 pinini set et (LED'i yak.)
0016                  00053 int_j1
0016   0009           00054         retfie                          ;Kesme alt programýndan geri dönüþ 
                      00055 ;-------------------------------------------------------------------
                      00056 ; Ýlk iþlemler bloðu
                      00057 ;-------------------------------------------------------------------
0017                  00058 ilk_islemler                                    
0017   01A5           00059         clrf    Tmr0Sayaci              ;500ms kesme zaman sayýcýsýnýn ilk 
                      00060                                         ;deðeri atandý.
0018   30D2           00061         movlw   0xD2                    ;OPTION_REG kaydedicisine atanacak 
                      00062                                         ;deðer W register’e yüklendi.
0019   1683 1303      00063         banksel OPTION_REG              ;OPTION_REG kaydedicisine ulaþmak 
                      00064                                         ;için BANK1 seçildi.
Message[302]: Register in operand not in bank 0.  Ensure that bank bits are correct.
001B   0081           00065         movwf   OPTION_REG              ;OPTION_REG kaydedicisine W içeriði 
                      00066                                         ;aktarýldý.
Message[302]: Register in operand not in bank 0.  Ensure that bank bits are correct.
001C   1006           00067         bcf     TRISB, 0                ;PORTB'nin 0. bit’i çýkýþa 
                      00068                                         ;yönlendirildi.
001D   1283           00069         bcf     STATUS, RP0             ;BANK0 seçildi.
001E   1006           00070         bcf     PORTB, 0                ;LED'i süren RB0 entegre ayaðý þase 
                      00071                                         ;potansiyeline çekilerek
                      00072                                         ;LED'in ilk durumunun sönük olmasý 
                      00073                                         ;saðlandý.
001F   3006           00074         movlw   D'6'                    ;TMR0 için ilk deðer W register’ine 
                      00075                                         ;yüklendi.
0020   0081           00076         movwf   TMR0                    ;W register’indeki deðer TMR0'a 
                      00077                                         ;aktarýldý.
0021   168B           00078         bsf     INTCON, D'5'            ;TOIE Timer0 kesmesine izin verildi
0022   178B           00079         bsf     INTCON, D'7'            ;GIE set edilerek etkin yapýlan tüm 
                      00080                                         ;kesmelere izin verildi.
0023   0008           00081         return                          ;Ýlk_islemler alt programýndan 
                      00082                                         ;çýkýþ yapýlarak 
                      00083                                         ;çaðrýlan yerin bir alt satýrýndaki 
                      00084                                         ;komuta dönüþ yapýldý.
                      00085 ;-------------------------------------------------------------------
                      00086 ; Ana program bloðu
                      00087 ;-------------------------------------------------------------------
0024                  00088 ana_program                                             
0024   2017           00089         call    ilk_islemler            ;Port yönlendirme, ilk çýkýþlar, 
                      00090                                         ;ilk zamanlama, kesme ayar ve 
                      00091                                         ;baþlatma iþlemleri alt programý 
                      00092                                         ;çaðrýlýyor.
0025                  00093 ana_j1
0025   2825           00094         goto    ana_j1                  ;Sonsuz boþ döngü iþletiliyor.  
                      00095         END                             ;Assembly programý sonu.
MPASM  4.02 Released                             PROG_4_1.ASM   8-9-2006  18:15:47         PAGE  3


SYMBOL TABLE
  LABEL                             VALUE 

ACKDT                             00000005
ACKEN                             00000004
ACKSTAT                           00000006
ADCON0                            0000001F
ADCON1                            0000009F
ADCS0                             00000006
ADCS1                             00000007
ADDEN                             00000003
ADFM                              00000007
ADIE                              00000006
ADIF                              00000006
ADON                              00000000
ADRESH                            0000001E
ADRESL                            0000009E
BCLIE                             00000003
BCLIF                             00000003
BF                                00000000
BRGH                              00000002
C                                 00000000
C1INV                             00000004
C1OUT                             00000006
C2INV                             00000005
C2OUT                             00000007
CCP1CON                           00000017
CCP1IE                            00000002
CCP1IF                            00000002
CCP1M0                            00000000
CCP1M1                            00000001
CCP1M2                            00000002
CCP1M3                            00000003
CCP1X                             00000005
CCP1Y                             00000004
CCP2CON                           0000001D
CCP2IE                            00000000
CCP2IF                            00000000
CCP2M0                            00000000
CCP2M1                            00000001
CCP2M2                            00000002
CCP2M3                            00000003
CCP2X                             00000005
CCP2Y                             00000004
CCPR1H                            00000016
CCPR1L                            00000015
CCPR2H                            0000001C
CCPR2L                            0000001B
CHS0                              00000003
CHS1                              00000004
CHS2                              00000005
CIS                               00000003
CKE                               00000006
CKP                               00000004
CM0                               00000000
CM1                               00000001
MPASM  4.02 Released                             PROG_4_1.ASM   8-9-2006  18:15:47         PAGE  4


SYMBOL TABLE
  LABEL                             VALUE 

CM2                               00000002
CMCON                             0000009C
CMIE                              00000006
CMIF                              00000006
CREN                              00000004
CSRC                              00000007
CVR0                              00000000
CVR1                              00000001
CVR2                              00000002
CVR3                              00000003
CVRCON                            0000009D
CVREN                             00000007
CVROE                             00000006
CVRR                              00000005
D                                 00000005
DATA_ADDRESS                      00000005
DC                                00000001
D_A                               00000005
EEADR                             0000010D
EEADRH                            0000010F
EECON1                            0000018C
EECON2                            0000018D
EEDATA                            0000010C
EEDATH                            0000010E
EEIE                              00000004
EEIF                              00000004
EEPGD                             00000007
F                                 00000001
FERR                              00000002
FSR                               00000004
GCEN                              00000007
GIE                               00000007
GO                                00000002
GO_DONE                           00000002
I2C_DATA                          00000005
I2C_READ                          00000002
I2C_START                         00000003
I2C_STOP                          00000004
IBF                               00000007
IBOV                              00000005
INDF                              00000000
INTCON                            0000000B
INTE                              00000004
INTEDG                            00000006
INTF                              00000001
IRP                               00000007
NOT_A                             00000005
NOT_ADDRESS                       00000005
NOT_BO                            00000000
NOT_BOR                           00000000
NOT_DONE                          00000002
NOT_PD                            00000003
NOT_POR                           00000001
MPASM  4.02 Released                             PROG_4_1.ASM   8-9-2006  18:15:47         PAGE  5


SYMBOL TABLE
  LABEL                             VALUE 

NOT_RBPU                          00000007
NOT_RC8                           00000006
NOT_T1SYNC                        00000002
NOT_TO                            00000004
NOT_TX8                           00000006
NOT_W                             00000002
NOT_WRITE                         00000002
OBF                               00000006
OERR                              00000001
OPTION_REG                        00000081
P                                 00000004
PCFG0                             00000000
PCFG1                             00000001
PCFG2                             00000002
PCFG3                             00000003
PCL                               00000002
PCLATH                            0000000A
PCON                              0000008E
PEIE                              00000006
PEN                               00000002
PIE1                              0000008C
PIE2                              0000008D
PIR1                              0000000C
PIR2                              0000000D
PORTA                             00000005
PORTB                             00000006
PORTC                             00000007
PORTD                             00000008
PORTE                             00000009
PR2                               00000092
PS0                               00000000
PS1                               00000001
PS2                               00000002
PSA                               00000003
PSPIE                             00000007
PSPIF                             00000007
PSPMODE                           00000004
R                                 00000002
RBIE                              00000003
RBIF                              00000000
RC8_9                             00000006
RC9                               00000006
RCD8                              00000000
RCEN                              00000003
RCIE                              00000005
RCIF                              00000005
RCREG                             0000001A
RCSTA                             00000018
RD                                00000000
READ_WRITE                        00000002
RP0                               00000005
RP1                               00000006
RSEN                              00000001
MPASM  4.02 Released                             PROG_4_1.ASM   8-9-2006  18:15:47         PAGE  6


SYMBOL TABLE
  LABEL                             VALUE 

RX9                               00000006
RX9D                              00000000
R_W                               00000002
S                                 00000003
SEN                               00000000
SMP                               00000007
SPBRG                             00000099
SPEN                              00000007
SREN                              00000005
SSPADD                            00000093
SSPBUF                            00000013
SSPCON                            00000014
SSPCON2                           00000091
SSPEN                             00000005
SSPIE                             00000003
SSPIF                             00000003
SSPM0                             00000000
SSPM1                             00000001
SSPM2                             00000002
SSPM3                             00000003
SSPOV                             00000006
SSPSTAT                           00000094
STATUS                            00000003
SYNC                              00000004
T0CS                              00000005
T0IE                              00000005
T0IF                              00000002
T0SE                              00000004
T1CKPS0                           00000004
T1CKPS1                           00000005
T1CON                             00000010
T1INSYNC                          00000002
T1OSCEN                           00000003
T1SYNC                            00000002
T2CKPS0                           00000000
T2CKPS1                           00000001
T2CON                             00000012
TMR0                              00000001
TMR0IE                            00000005
TMR0IF                            00000002
TMR1CS                            00000001
TMR1H                             0000000F
TMR1IE                            00000000
TMR1IF                            00000000
TMR1L                             0000000E
TMR1ON                            00000000
TMR2                              00000011
TMR2IE                            00000001
TMR2IF                            00000001
TMR2ON                            00000002
TOUTPS0                           00000003
TOUTPS1                           00000004
TOUTPS2                           00000005
MPASM  4.02 Released                             PROG_4_1.ASM   8-9-2006  18:15:47         PAGE  7


SYMBOL TABLE
  LABEL                             VALUE 

TOUTPS3                           00000006
TRISA                             00000085
TRISB                             00000086
TRISC                             00000087
TRISD                             00000088
TRISE                             00000089
TRISE0                            00000000
TRISE1                            00000001
TRISE2                            00000002
TRMT                              00000001
TX8_9                             00000006
TX9                               00000006
TX9D                              00000000
TXD8                              00000000
TXEN                              00000005
TXIE                              00000004
TXIF                              00000004
TXREG                             00000019
TXSTA                             00000098
Tmr0Sayaci                        00000025
UA                                00000001
W                                 00000000
WCOL                              00000007
WR                                00000001
WREN                              00000002
WRERR                             00000003
Z                                 00000002
_BODEN_OFF                        00003FBF
_BODEN_ON                         00003FFF
_CPD_OFF                          00003FFF
_CPD_ON                           00003EFF
_CP_ALL                           00001FFF
_CP_OFF                           00003FFF
_DEBUG_OFF                        00003FFF
_DEBUG_ON                         000037FF
_HS_OSC                           00003FFE
_LP_OSC                           00003FFC
_LVP_OFF                          00003F7F
_LVP_ON                           00003FFF
_PWRTE_OFF                        00003FFF
_PWRTE_ON                         00003FF7
_RC_OSC                           00003FFF
_WDT_OFF                          00003FFB
_WDT_ON                           00003FFF
_WRT_1FOURTH                      00003BFF
_WRT_256                          00003DFF
_WRT_HALF                         000039FF
_WRT_OFF                          00003FFF
_XT_OSC                           00003FFD
__16F877A                         00000001
ana_j1                            00000025
ana_program                       00000024
ilk_islemler                      00000017
MPASM  4.02 Released                             PROG_4_1.ASM   8-9-2006  18:15:47         PAGE  8


SYMBOL TABLE
  LABEL                             VALUE 

int_j1                            00000016
int_j2                            00000015
interrupt                         00000004


MEMORY USAGE MAP ('X' = Used,  '-' = Unused)

0000 : XX--XXXXXXXXXXXX XXXXXXXXXXXXXXXX XXXXXX---------- ----------------
2000 : -------X-------- ---------------- ---------------- ----------------

All other memory blocks unused.

Program Memory Words Used:    36
Program Memory Words Free:  8156


Errors   :     0
Warnings :     2 reported,     0 suppressed
Messages :     2 reported,     0 suppressed

