MPASM  4.02 Released                             PROG_4_8.ASM   8-10-2006  13:07:08         PAGE  1


LOC  OBJECT CODE     LINE SOURCE TEXT
  VALUE

                      00001 ;******************************************************************
                      00002 ;       Dosya Adý               : 4_8.asm
                      00003 ;       Programýn Amacý         : WDT uygulamasý.
                      00004 ;       PICDK2.1a               : PORTB<0:7> Çýkýþ ==> LED
                      00005 ;                               : PORTA<1> Dijital Giriþ <== BUTON
                      00006 ;                               : PORTC<1> çýkýþ ==> BUZZER
                      00007 ;                               : XT ==> 4Mhz
                      00008 ;******************************************************************
                      00009         list p=16F877A          ;List dosyasýný 16F877A için 
                      00010                                 ;oluþtur.
                      00011         include "p16F877A.inc"  
                      00001         LIST
                      00002 ; P16F877A.INC  Standard Header File, Version 1.00    Microchip Technology, Inc.
                      00398         LIST
2007   3F35           00012         __config H'3F35'        ;PWRT on, WDT on, diðerleri kapalý, 
                      00013                                 ;Osilatör XT ve 4Mhz
                      00014 ;-------------------------------------------------------------------
  00000020            00015 sayac   equ     0x20
0000                  00016         org             0
0000   2820           00017         goto    ana_program
                      00018 
0001                  00019 ana_program_ilk_islemler
0001   0186           00020         clrf    PORTB                   ;Ýlk durumu LOW.
0002   1683 1303      00021         banksel TRISB                   ;TRISB'nin bulunduðu BANK0 seçildi.
Message[302]: Register in operand not in bank 0.  Ensure that bank bits are correct.
0004   0186           00022         clrf    TRISB                   ;PORTB'nin tüm pinleri çýkýþa 
                      00023                                         ;yönlendirildi.
0005   30FF           00024         movlw   0xFF
Message[302]: Register in operand not in bank 0.  Ensure that bank bits are correct.
0006   0085           00025         movwf   TRISA                   ;PORTA'nýn tüm pinleri giriþe 
                      00026                                         ;yönlendirildi.
Message[302]: Register in operand not in bank 0.  Ensure that bank bits are correct.
0007   0187           00027         clrf    TRISC                   ;PORTC çýkýþa yönlendirildi.
0008   3006           00028         movlw   0x06                    ;Analog giriþler kapatýldý. 
Message[302]: Register in operand not in bank 0.  Ensure that bank bits are correct.
0009   009F           00029         movwf   ADCON1
000A   1283 1303      00030         banksel PORTC
000C                  00031 wdt_kontrol
000C   1E03           00032         btfss   STATUS, 4
000D   2814           00033         goto    buzzer
000E   1683 1303      00034         banksel  OPTION_REG             ;OPTION_REG kaydedicisinin 
                      00035                                         ;bulunduðu banka geçiliyor.
0010   0064           00036         clrwdt                          ;WDT zamanlayýcýsý sýfýrlandý, 
                      00037                                         ;iþlemler yeni baþlýyor..
0011   300F           00038         movlw   b'00001111'             ;WDT=ON, prescaler=1/128
Message[302]: Register in operand not in bank 0.  Ensure that bank bits are correct.
0012   0081           00039         movwf   OPTION_REG              ;OPTION_REG kuruldu.
0013   0008           00040         return
0014                  00041 buzzer
0014   0064           00042         clrwdt                          ;WDT zamanlayýcýsýný sýfýrla.
0015   1487           00043         bsf     PORTC, 1                ;PIC DK 2.1’de RC1'e baðlý buzzer 
                      00044                                         ;çýkýþýný HIGH yap.
0016   201B           00045         call    delay                   ;Gecikme alt programýný çaðýr.
MPASM  4.02 Released                             PROG_4_8.ASM   8-10-2006  13:07:08         PAGE  2


LOC  OBJECT CODE     LINE SOURCE TEXT
  VALUE

0017   1087           00046         bcf     PORTC, 1                ;PIC DK 2.1’de RC1'e baðlý buzzer 
                      00047                                         ;çýkýþýný LOW yap.
0018   201B           00048         call    delay                   ;Gecikme alt programýný çaðýr.
0019   2814           00049         goto    buzzer                  ;Sistem resetlenene kadar ses 
                      00050                                         ;çýkarmaya devam et.
001A   0008           00051         return
                      00052 
001B                  00053 delay
001B   30FF           00054         movlw   0xFF
001C   00A0           00055         movwf   sayac                   ;sayaca 0xFF deðeri yükle.
001D   0BA0           00056         decfsz  sayac, F                ;sayac=0 olana kadar sayacý bir 
                      00057                                         ;azalt, saya=0 ise bir komut atla.
001E   281D           00058         goto    $-1
001F   0008           00059         return
                      00060 
0020                  00061 ana_program
0020   2001           00062         call    ana_program_ilk_islemler        ;Portlar yönlendiriliyor.
0021   1283 1303      00063         banksel  PORTA
0023                  00064 RA1_test
0023   1885           00065         btfsc   PORTA, 1                ;RA1 butonuna basýlsý ise bir komut 
                      00066                                         ;atla.
0024   2823           00067         goto    RA1_test                ;Butona basýlmadý, teste devam et.
0025   0064           00068         clrwdt                          ;Butona basýldý, WDT 
                      00069                                         ;zamanlayýcýsýný sýfýrla.
Message[305]: Using default destination of 1 (file).
0026   0A86           00070         incf    PORTB                   ;Butona her basýldýðýnda PORTB 
                      00071                                         ;üzerinde LED'lerdeki binary sayý 
                      00072                                         ;artar.
0027   2823           00073         goto    RA1_test                ;Butonu teste devam et.
                      00074         
                      00075         END
MPASM  4.02 Released                             PROG_4_8.ASM   8-10-2006  13:07:08         PAGE  3


SYMBOL TABLE
  LABEL                             VALUE 

ACKDT                             00000005
ACKEN                             00000004
ACKSTAT                           00000006
ADCON0                            0000001F
ADCON1                            0000009F
ADCS0                             00000006
ADCS1                             00000007
ADDEN                             00000003
ADFM                              00000007
ADIE                              00000006
ADIF                              00000006
ADON                              00000000
ADRESH                            0000001E
ADRESL                            0000009E
BCLIE                             00000003
BCLIF                             00000003
BF                                00000000
BRGH                              00000002
C                                 00000000
C1INV                             00000004
C1OUT                             00000006
C2INV                             00000005
C2OUT                             00000007
CCP1CON                           00000017
CCP1IE                            00000002
CCP1IF                            00000002
CCP1M0                            00000000
CCP1M1                            00000001
CCP1M2                            00000002
CCP1M3                            00000003
CCP1X                             00000005
CCP1Y                             00000004
CCP2CON                           0000001D
CCP2IE                            00000000
CCP2IF                            00000000
CCP2M0                            00000000
CCP2M1                            00000001
CCP2M2                            00000002
CCP2M3                            00000003
CCP2X                             00000005
CCP2Y                             00000004
CCPR1H                            00000016
CCPR1L                            00000015
CCPR2H                            0000001C
CCPR2L                            0000001B
CHS0                              00000003
CHS1                              00000004
CHS2                              00000005
CIS                               00000003
CKE                               00000006
CKP                               00000004
CM0                               00000000
CM1                               00000001
MPASM  4.02 Released                             PROG_4_8.ASM   8-10-2006  13:07:08         PAGE  4


SYMBOL TABLE
  LABEL                             VALUE 

CM2                               00000002
CMCON                             0000009C
CMIE                              00000006
CMIF                              00000006
CREN                              00000004
CSRC                              00000007
CVR0                              00000000
CVR1                              00000001
CVR2                              00000002
CVR3                              00000003
CVRCON                            0000009D
CVREN                             00000007
CVROE                             00000006
CVRR                              00000005
D                                 00000005
DATA_ADDRESS                      00000005
DC                                00000001
D_A                               00000005
EEADR                             0000010D
EEADRH                            0000010F
EECON1                            0000018C
EECON2                            0000018D
EEDATA                            0000010C
EEDATH                            0000010E
EEIE                              00000004
EEIF                              00000004
EEPGD                             00000007
F                                 00000001
FERR                              00000002
FSR                               00000004
GCEN                              00000007
GIE                               00000007
GO                                00000002
GO_DONE                           00000002
I2C_DATA                          00000005
I2C_READ                          00000002
I2C_START                         00000003
I2C_STOP                          00000004
IBF                               00000007
IBOV                              00000005
INDF                              00000000
INTCON                            0000000B
INTE                              00000004
INTEDG                            00000006
INTF                              00000001
IRP                               00000007
NOT_A                             00000005
NOT_ADDRESS                       00000005
NOT_BO                            00000000
NOT_BOR                           00000000
NOT_DONE                          00000002
NOT_PD                            00000003
NOT_POR                           00000001
MPASM  4.02 Released                             PROG_4_8.ASM   8-10-2006  13:07:08         PAGE  5


SYMBOL TABLE
  LABEL                             VALUE 

NOT_RBPU                          00000007
NOT_RC8                           00000006
NOT_T1SYNC                        00000002
NOT_TO                            00000004
NOT_TX8                           00000006
NOT_W                             00000002
NOT_WRITE                         00000002
OBF                               00000006
OERR                              00000001
OPTION_REG                        00000081
P                                 00000004
PCFG0                             00000000
PCFG1                             00000001
PCFG2                             00000002
PCFG3                             00000003
PCL                               00000002
PCLATH                            0000000A
PCON                              0000008E
PEIE                              00000006
PEN                               00000002
PIE1                              0000008C
PIE2                              0000008D
PIR1                              0000000C
PIR2                              0000000D
PORTA                             00000005
PORTB                             00000006
PORTC                             00000007
PORTD                             00000008
PORTE                             00000009
PR2                               00000092
PS0                               00000000
PS1                               00000001
PS2                               00000002
PSA                               00000003
PSPIE                             00000007
PSPIF                             00000007
PSPMODE                           00000004
R                                 00000002
RA1_test                          00000023
RBIE                              00000003
RBIF                              00000000
RC8_9                             00000006
RC9                               00000006
RCD8                              00000000
RCEN                              00000003
RCIE                              00000005
RCIF                              00000005
RCREG                             0000001A
RCSTA                             00000018
RD                                00000000
READ_WRITE                        00000002
RP0                               00000005
RP1                               00000006
MPASM  4.02 Released                             PROG_4_8.ASM   8-10-2006  13:07:08         PAGE  6


SYMBOL TABLE
  LABEL                             VALUE 

RSEN                              00000001
RX9                               00000006
RX9D                              00000000
R_W                               00000002
S                                 00000003
SEN                               00000000
SMP                               00000007
SPBRG                             00000099
SPEN                              00000007
SREN                              00000005
SSPADD                            00000093
SSPBUF                            00000013
SSPCON                            00000014
SSPCON2                           00000091
SSPEN                             00000005
SSPIE                             00000003
SSPIF                             00000003
SSPM0                             00000000
SSPM1                             00000001
SSPM2                             00000002
SSPM3                             00000003
SSPOV                             00000006
SSPSTAT                           00000094
STATUS                            00000003
SYNC                              00000004
T0CS                              00000005
T0IE                              00000005
T0IF                              00000002
T0SE                              00000004
T1CKPS0                           00000004
T1CKPS1                           00000005
T1CON                             00000010
T1INSYNC                          00000002
T1OSCEN                           00000003
T1SYNC                            00000002
T2CKPS0                           00000000
T2CKPS1                           00000001
T2CON                             00000012
TMR0                              00000001
TMR0IE                            00000005
TMR0IF                            00000002
TMR1CS                            00000001
TMR1H                             0000000F
TMR1IE                            00000000
TMR1IF                            00000000
TMR1L                             0000000E
TMR1ON                            00000000
TMR2                              00000011
TMR2IE                            00000001
TMR2IF                            00000001
TMR2ON                            00000002
TOUTPS0                           00000003
TOUTPS1                           00000004
MPASM  4.02 Released                             PROG_4_8.ASM   8-10-2006  13:07:08         PAGE  7


SYMBOL TABLE
  LABEL                             VALUE 

TOUTPS2                           00000005
TOUTPS3                           00000006
TRISA                             00000085
TRISB                             00000086
TRISC                             00000087
TRISD                             00000088
TRISE                             00000089
TRISE0                            00000000
TRISE1                            00000001
TRISE2                            00000002
TRMT                              00000001
TX8_9                             00000006
TX9                               00000006
TX9D                              00000000
TXD8                              00000000
TXEN                              00000005
TXIE                              00000004
TXIF                              00000004
TXREG                             00000019
TXSTA                             00000098
UA                                00000001
W                                 00000000
WCOL                              00000007
WR                                00000001
WREN                              00000002
WRERR                             00000003
Z                                 00000002
_BODEN_OFF                        00003FBF
_BODEN_ON                         00003FFF
_CPD_OFF                          00003FFF
_CPD_ON                           00003EFF
_CP_ALL                           00001FFF
_CP_OFF                           00003FFF
_DEBUG_OFF                        00003FFF
_DEBUG_ON                         000037FF
_HS_OSC                           00003FFE
_LP_OSC                           00003FFC
_LVP_OFF                          00003F7F
_LVP_ON                           00003FFF
_PWRTE_OFF                        00003FFF
_PWRTE_ON                         00003FF7
_RC_OSC                           00003FFF
_WDT_OFF                          00003FFB
_WDT_ON                           00003FFF
_WRT_1FOURTH                      00003BFF
_WRT_256                          00003DFF
_WRT_HALF                         000039FF
_WRT_OFF                          00003FFF
_XT_OSC                           00003FFD
__16F877A                         00000001
ana_program                       00000020
ana_program_ilk_islemler          00000001
buzzer                            00000014
MPASM  4.02 Released                             PROG_4_8.ASM   8-10-2006  13:07:08         PAGE  8


SYMBOL TABLE
  LABEL                             VALUE 

delay                             0000001B
sayac                             00000020
wdt_kontrol                       0000000C


MEMORY USAGE MAP ('X' = Used,  '-' = Unused)

0000 : XXXXXXXXXXXXXXXX XXXXXXXXXXXXXXXX XXXXXXXX-------- ----------------
2000 : -------X-------- ---------------- ---------------- ----------------

All other memory blocks unused.

Program Memory Words Used:    40
Program Memory Words Free:  8152


Errors   :     0
Warnings :     0 reported,     0 suppressed
Messages :     6 reported,     0 suppressed

