Warning[205] C:\USERS\HP\DESKTOP\BUT\RB4567\RB4567.ASM 1 : Found directive in column 1. (list)
Warning[205] C:\USERS\HP\DESKTOP\BUT\RB4567\RB4567.ASM 2 : Found directive in column 1. (include)
Warning[205] C:\USERS\HP\DESKTOP\BUT\RB4567\RB4567.ASM 7 : Found directive in column 1. (org)
Warning[203] C:\USERS\HP\DESKTOP\BUT\RB4567\RB4567.ASM 11 : Found opcode in column 1. (BTFSS)
Warning[203] C:\USERS\HP\DESKTOP\BUT\RB4567\RB4567.ASM 12 : Found opcode in column 1. (GOTO)
Warning[203] C:\USERS\HP\DESKTOP\BUT\RB4567\RB4567.ASM 13 : Found opcode in column 1. (CLRF)
Warning[203] C:\USERS\HP\DESKTOP\BUT\RB4567\RB4567.ASM 14 : Found opcode in column 1. (BTFSC)
Warning[203] C:\USERS\HP\DESKTOP\BUT\RB4567\RB4567.ASM 15 : Found opcode in column 1. (GOTO)
Warning[205] C:\USERS\HP\DESKTOP\BUT\RB4567\RB4567.ASM 16 : Found directive in column 1. (BANKSEL)
Warning[203] C:\USERS\HP\DESKTOP\BUT\RB4567\RB4567.ASM 17 : Found opcode in column 1. (MOVLW)
Warning[203] C:\USERS\HP\DESKTOP\BUT\RB4567\RB4567.ASM 18 : Found opcode in column 1. (MOVWF)
Warning[203] C:\USERS\HP\DESKTOP\BUT\RB4567\RB4567.ASM 19 : Found opcode in column 1. (MOVLW)
Warning[203] C:\USERS\HP\DESKTOP\BUT\RB4567\RB4567.ASM 20 : Found opcode in column 1. (MOVWF)
Warning[203] C:\USERS\HP\DESKTOP\BUT\RB4567\RB4567.ASM 21 : Found opcode in column 1. (MOVWF)
Warning[203] C:\USERS\HP\DESKTOP\BUT\RB4567\RB4567.ASM 22 : Found opcode in column 1. (CALL)
Warning[203] C:\USERS\HP\DESKTOP\BUT\RB4567\RB4567.ASM 23 : Found opcode in column 1. (GOTO)
Warning[203] C:\USERS\HP\DESKTOP\BUT\RB4567\RB4567.ASM 25 : Found opcode in column 1. (BTFSC)
Warning[203] C:\USERS\HP\DESKTOP\BUT\RB4567\RB4567.ASM 26 : Found opcode in column 1. (GOTO)
Warning[205] C:\USERS\HP\DESKTOP\BUT\RB4567\RB4567.ASM 27 : Found directive in column 1. (BANKSEL)
Warning[203] C:\USERS\HP\DESKTOP\BUT\RB4567\RB4567.ASM 28 : Found opcode in column 1. (MOVLW)
Warning[203] C:\USERS\HP\DESKTOP\BUT\RB4567\RB4567.ASM 29 : Found opcode in column 1. (MOVWF)
Warning[203] C:\USERS\HP\DESKTOP\BUT\RB4567\RB4567.ASM 30 : Found opcode in column 1. (MOVLW)
Warning[203] C:\USERS\HP\DESKTOP\BUT\RB4567\RB4567.ASM 31 : Found opcode in column 1. (MOVWF)
Warning[203] C:\USERS\HP\DESKTOP\BUT\RB4567\RB4567.ASM 32 : Found opcode in column 1. (MOVWF)
Warning[203] C:\USERS\HP\DESKTOP\BUT\RB4567\RB4567.ASM 33 : Found opcode in column 1. (CALL)
Warning[203] C:\USERS\HP\DESKTOP\BUT\RB4567\RB4567.ASM 34 : Found opcode in column 1. (GOTO)
Warning[203] C:\USERS\HP\DESKTOP\BUT\RB4567\RB4567.ASM 36 : Found opcode in column 1. (BTFSC)
Warning[203] C:\USERS\HP\DESKTOP\BUT\RB4567\RB4567.ASM 37 : Found opcode in column 1. (GOTO)
Warning[205] C:\USERS\HP\DESKTOP\BUT\RB4567\RB4567.ASM 38 : Found directive in column 1. (BANKSEL)
Warning[203] C:\USERS\HP\DESKTOP\BUT\RB4567\RB4567.ASM 39 : Found opcode in column 1. (MOVLW)
Warning[203] C:\USERS\HP\DESKTOP\BUT\RB4567\RB4567.ASM 40 : Found opcode in column 1. (MOVWF)
Warning[203] C:\USERS\HP\DESKTOP\BUT\RB4567\RB4567.ASM 41 : Found opcode in column 1. (MOVLW)
Warning[203] C:\USERS\HP\DESKTOP\BUT\RB4567\RB4567.ASM 42 : Found opcode in column 1. (MOVWF)
Warning[203] C:\USERS\HP\DESKTOP\BUT\RB4567\RB4567.ASM 43 : Found opcode in column 1. (MOVWF)
Warning[203] C:\USERS\HP\DESKTOP\BUT\RB4567\RB4567.ASM 44 : Found opcode in column 1. (CALL)
Warning[203] C:\USERS\HP\DESKTOP\BUT\RB4567\RB4567.ASM 45 : Found opcode in column 1. (GOTO)
Warning[203] C:\USERS\HP\DESKTOP\BUT\RB4567\RB4567.ASM 47 : Found opcode in column 1. (BTFSC)
Warning[203] C:\USERS\HP\DESKTOP\BUT\RB4567\RB4567.ASM 48 : Found opcode in column 1. (GOTO)
Warning[205] C:\USERS\HP\DESKTOP\BUT\RB4567\RB4567.ASM 49 : Found directive in column 1. (BANKSEL)
Warning[203] C:\USERS\HP\DESKTOP\BUT\RB4567\RB4567.ASM 50 : Found opcode in column 1. (MOVLW)
Warning[203] C:\USERS\HP\DESKTOP\BUT\RB4567\RB4567.ASM 51 : Found opcode in column 1. (MOVWF)
Warning[203] C:\USERS\HP\DESKTOP\BUT\RB4567\RB4567.ASM 52 : Found opcode in column 1. (MOVLW)
Warning[203] C:\USERS\HP\DESKTOP\BUT\RB4567\RB4567.ASM 53 : Found opcode in column 1. (MOVWF)
Warning[203] C:\USERS\HP\DESKTOP\BUT\RB4567\RB4567.ASM 54 : Found opcode in column 1. (MOVWF)
Warning[203] C:\USERS\HP\DESKTOP\BUT\RB4567\RB4567.ASM 55 : Found opcode in column 1. (CALL)
Warning[203] C:\USERS\HP\DESKTOP\BUT\RB4567\RB4567.ASM 56 : Found opcode in column 1. (GOTO)
Warning[203] C:\USERS\HP\DESKTOP\BUT\RB4567\RB4567.ASM 58 : Found opcode in column 1. (BCF)
Warning[203] C:\USERS\HP\DESKTOP\BUT\RB4567\RB4567.ASM 59 : Found opcode in column 1. (RETFIE)
Warning[205] C:\USERS\HP\DESKTOP\BUT\RB4567\RB4567.ASM 73 : Found directive in column 1. (BANKSEL)
Warning[203] C:\USERS\HP\DESKTOP\BUT\RB4567\RB4567.ASM 74 : Found opcode in column 1. (CLRF)
Message[302] C:\USERS\HP\DESKTOP\BUT\RB4567\RB4567.ASM 74 : Register in operand not in bank 0.  Ensure that bank bits are correct.
Warning[205] C:\USERS\HP\DESKTOP\BUT\RB4567\RB4567.ASM 75 : Found directive in column 1. (BANKSEL)
Warning[203] C:\USERS\HP\DESKTOP\BUT\RB4567\RB4567.ASM 76 : Found opcode in column 1. (CLRF)
Warning[203] C:\USERS\HP\DESKTOP\BUT\RB4567\RB4567.ASM 77 : Found opcode in column 1. (MOVLW)
Warning[203] C:\USERS\HP\DESKTOP\BUT\RB4567\RB4567.ASM 78 : Found opcode in column 1. (MOVWF)
Warning[205] C:\USERS\HP\DESKTOP\BUT\RB4567\RB4567.ASM 79 : Found directive in column 1. (BANKSEL)
Warning[203] C:\USERS\HP\DESKTOP\BUT\RB4567\RB4567.ASM 80 : Found opcode in column 1. (MOVLW)
Warning[203] C:\USERS\HP\DESKTOP\BUT\RB4567\RB4567.ASM 81 : Found opcode in column 1. (MOVWF)
Message[302] C:\USERS\HP\DESKTOP\BUT\RB4567\RB4567.ASM 81 : Register in operand not in bank 0.  Ensure that bank bits are correct.
Warning[205] C:\USERS\HP\DESKTOP\BUT\RB4567\RB4567.ASM 82 : Found directive in column 1. (BANKSEL)
Warning[205] C:\USERS\HP\DESKTOP\BUT\RB4567\RB4567.ASM 84 : Found directive in column 1. (BANKSEL)
Warning[203] C:\USERS\HP\DESKTOP\BUT\RB4567\RB4567.ASM 85 : Found opcode in column 1. (CLRF)
Message[302] C:\USERS\HP\DESKTOP\BUT\RB4567\RB4567.ASM 85 : Register in operand not in bank 0.  Ensure that bank bits are correct.
Warning[205] C:\USERS\HP\DESKTOP\BUT\RB4567\RB4567.ASM 86 : Found directive in column 1. (BANKSEL)
Warning[203] C:\USERS\HP\DESKTOP\BUT\RB4567\RB4567.ASM 87 : Found opcode in column 1. (CLRF)
Warning[203] C:\USERS\HP\DESKTOP\BUT\RB4567\RB4567.ASM 89 : Found opcode in column 1. (MOVLW)
Warning[203] C:\USERS\HP\DESKTOP\BUT\RB4567\RB4567.ASM 90 : Found opcode in column 1. (MOVWF)
Warning[205] C:\USERS\HP\DESKTOP\BUT\RB4567\RB4567.ASM 91 : Found directive in column 1. (BANKSEL)
Warning[203] C:\USERS\HP\DESKTOP\BUT\RB4567\RB4567.ASM 92 : Found opcode in column 1. (CLRF)
Message[302] C:\USERS\HP\DESKTOP\BUT\RB4567\RB4567.ASM 92 : Register in operand not in bank 0.  Ensure that bank bits are correct.
Warning[205] C:\USERS\HP\DESKTOP\BUT\RB4567\RB4567.ASM 93 : Found directive in column 1. (BANKSEL)
Warning[203] C:\USERS\HP\DESKTOP\BUT\RB4567\RB4567.ASM 94 : Found opcode in column 1. (CLRF)
Warning[203] C:\USERS\HP\DESKTOP\BUT\RB4567\RB4567.ASM 95 : Found opcode in column 1. (CLRF)
Warning[203] C:\USERS\HP\DESKTOP\BUT\RB4567\RB4567.ASM 99 : Found opcode in column 1. (GOTO)
Warning[203] C:\USERS\HP\DESKTOP\BUT\RB4567\RB4567.ASM 101 : Found opcode in column 1. (MOVLW)
Warning[203] C:\USERS\HP\DESKTOP\BUT\RB4567\RB4567.ASM 102 : Found opcode in column 1. (MOVWF)
Warning[203] C:\USERS\HP\DESKTOP\BUT\RB4567\RB4567.ASM 105 : Found opcode in column 1. (MOVLW)
Warning[203] C:\USERS\HP\DESKTOP\BUT\RB4567\RB4567.ASM 106 : Found opcode in column 1. (MOVWF)
Warning[203] C:\USERS\HP\DESKTOP\BUT\RB4567\RB4567.ASM 108 : Found opcode in column 1. (DECFSZ)
Warning[203] C:\USERS\HP\DESKTOP\BUT\RB4567\RB4567.ASM 109 : Found opcode in column 1. (GOTO)
Warning[203] C:\USERS\HP\DESKTOP\BUT\RB4567\RB4567.ASM 110 : Found opcode in column 1. (DECFSZ)
Warning[203] C:\USERS\HP\DESKTOP\BUT\RB4567\RB4567.ASM 111 : Found opcode in column 1. (GOTO)
Warning[203] C:\USERS\HP\DESKTOP\BUT\RB4567\RB4567.ASM 112 : Found opcode in column 1. (RETURN)
Warning[205] C:\USERS\HP\DESKTOP\BUT\RB4567\RB4567.ASM 117 : Found directive in column 1. (END)
