MPASM  5.42                        RB4567.ASM   1-24-2012  10:10:12         PAGE  1


LOC  OBJECT CODE     LINE SOURCE TEXT
  VALUE

Warning[205]: Found directive in column 1. (list)
                      00001 list p=16f877a
Warning[205]: Found directive in column 1. (include)
                      00002 include "p16f877a.inc"
                      00001         LIST
                      00002 
                      00003 ;==========================================================================
                      00004 ;  MPASM PIC16F877A processor include
                      00005 ; 
                      00006 ;  (c) Copyright 1999-2011 Microchip Technology, All rights reserved
                      00007 ;==========================================================================
                      00008 
                      00555         LIST
                      00003 ;SAYAC EQU 0x23
  00000024            00004 SAYAC1 EQU 0x24
  00000025            00005 SAYAC2 EQU 0x25
                      00006 
Warning[205]: Found directive in column 1. (org)
0000                  00007 org 0
0000   2835           00008  GOTO ANA 
0004                  00009  ORG 4
0004                  00010 KESME
Warning[203]: Found opcode in column 1. (BTFSS)
0004   1C0B           00011 BTFSS INTCON,0
Warning[203]: Found opcode in column 1. (GOTO)
0005   2833           00012 GOTO SON
Warning[203]: Found opcode in column 1. (CLRF)
0006   0188           00013 CLRF PORTD
Warning[203]: Found opcode in column 1. (BTFSC)
0007   1A06           00014 BTFSC PORTB,4
Warning[203]: Found opcode in column 1. (GOTO)
0008   2812           00015 GOTO BES
Warning[205]: Found directive in column 1. (BANKSEL)
0009   1283 1303      00016 BANKSEL PORTA
Warning[203]: Found opcode in column 1. (MOVLW)
000B   3001           00017 MOVLW H'01'
Warning[203]: Found opcode in column 1. (MOVWF)
000C   0085           00018 MOVWF PORTA
Warning[203]: Found opcode in column 1. (MOVLW)
000D   3066           00019 MOVLW H'66'
Warning[203]: Found opcode in column 1. (MOVWF)
000E   0088           00020 MOVWF PORTD
Warning[203]: Found opcode in column 1. (MOVWF)
000F   0088           00021 MOVWF PORTD
Warning[203]: Found opcode in column 1. (CALL)
0010   2056           00022 CALL GECIK
Warning[203]: Found opcode in column 1. (GOTO)
0011   2833           00023 GOTO SON
0012                  00024 BES
Warning[203]: Found opcode in column 1. (BTFSC)
0012   1A86           00025 BTFSC PORTB,5
Warning[203]: Found opcode in column 1. (GOTO)
0013   281D           00026 GOTO ALTI
MPASM  5.42                        RB4567.ASM   1-24-2012  10:10:12         PAGE  2


LOC  OBJECT CODE     LINE SOURCE TEXT
  VALUE

Warning[205]: Found directive in column 1. (BANKSEL)
0014   1283 1303      00027 BANKSEL PORTA
Warning[203]: Found opcode in column 1. (MOVLW)
0016   3001           00028 MOVLW H'01'
Warning[203]: Found opcode in column 1. (MOVWF)
0017   0085           00029 MOVWF PORTA
Warning[203]: Found opcode in column 1. (MOVLW)
0018   306D           00030 MOVLW H'6D'
Warning[203]: Found opcode in column 1. (MOVWF)
0019   0088           00031 MOVWF PORTD
Warning[203]: Found opcode in column 1. (MOVWF)
001A   0088           00032 MOVWF PORTD
Warning[203]: Found opcode in column 1. (CALL)
001B   2056           00033 CALL GECIK
Warning[203]: Found opcode in column 1. (GOTO)
001C   2833           00034 GOTO SON
001D                  00035 ALTI
Warning[203]: Found opcode in column 1. (BTFSC)
001D   1B06           00036 BTFSC PORTB,6
Warning[203]: Found opcode in column 1. (GOTO)
001E   2828           00037 GOTO YEDI
Warning[205]: Found directive in column 1. (BANKSEL)
001F   1283 1303      00038 BANKSEL PORTA
Warning[203]: Found opcode in column 1. (MOVLW)
0021   3001           00039 MOVLW H'01'
Warning[203]: Found opcode in column 1. (MOVWF)
0022   0085           00040 MOVWF PORTA
Warning[203]: Found opcode in column 1. (MOVLW)
0023   307D           00041 MOVLW H'7D'
Warning[203]: Found opcode in column 1. (MOVWF)
0024   0088           00042 MOVWF PORTD
Warning[203]: Found opcode in column 1. (MOVWF)
0025   0088           00043 MOVWF PORTD
Warning[203]: Found opcode in column 1. (CALL)
0026   2056           00044 CALL GECIK
Warning[203]: Found opcode in column 1. (GOTO)
0027   2833           00045 GOTO SON
0028                  00046 YEDI
Warning[203]: Found opcode in column 1. (BTFSC)
0028   1B86           00047 BTFSC PORTB,7
Warning[203]: Found opcode in column 1. (GOTO)
0029   2833           00048 GOTO SON
Warning[205]: Found directive in column 1. (BANKSEL)
002A   1283 1303      00049 BANKSEL PORTA
Warning[203]: Found opcode in column 1. (MOVLW)
002C   3001           00050 MOVLW H'01'
Warning[203]: Found opcode in column 1. (MOVWF)
002D   0085           00051 MOVWF PORTA
Warning[203]: Found opcode in column 1. (MOVLW)
002E   3007           00052 MOVLW H'07'
Warning[203]: Found opcode in column 1. (MOVWF)
002F   0088           00053 MOVWF PORTD
Warning[203]: Found opcode in column 1. (MOVWF)
MPASM  5.42                        RB4567.ASM   1-24-2012  10:10:12         PAGE  3


LOC  OBJECT CODE     LINE SOURCE TEXT
  VALUE

0030   0088           00054 MOVWF PORTD
Warning[203]: Found opcode in column 1. (CALL)
0031   2056           00055 CALL GECIK
Warning[203]: Found opcode in column 1. (GOTO)
0032   2833           00056 GOTO SON
0033                  00057 SON
Warning[203]: Found opcode in column 1. (BCF)
0033   100B           00058 BCF INTCON,0
Warning[203]: Found opcode in column 1. (RETFIE)
0034   0009           00059 RETFIE
                      00060 
                      00061 
                      00062 
                      00063 
                      00064 
                      00065 
                      00066 
                      00067 
                      00068 
                      00069 
                      00070 
                      00071 
0035                  00072 ANA
Warning[205]: Found directive in column 1. (BANKSEL)
0035   1683 1303      00073 BANKSEL TRISA
Warning[203]: Found opcode in column 1. (CLRF)
Message[302]: Register in operand not in bank 0.  Ensure that bank bits are correct.
0037   0185           00074 CLRF TRISA 
Warning[205]: Found directive in column 1. (BANKSEL)
0038   1283 1303      00075 BANKSEL PORTA 
Warning[203]: Found opcode in column 1. (CLRF)
003A   0185           00076 CLRF PORTA
Warning[203]: Found opcode in column 1. (MOVLW)
003B   3001           00077 MOVLW h'01'
Warning[203]: Found opcode in column 1. (MOVWF)
003C   0085           00078 MOVWF PORTA
Warning[205]: Found directive in column 1. (BANKSEL)
003D   1683 1303      00079 BANKSEL TRISB 
Warning[203]: Found opcode in column 1. (MOVLW)
003F   30FF           00080 MOVLW H'FF'
Warning[203]: Found opcode in column 1. (MOVWF)
Message[302]: Register in operand not in bank 0.  Ensure that bank bits are correct.
0040   0086           00081 MOVWF TRISB
Warning[205]: Found directive in column 1. (BANKSEL)
0041   1283 1303      00082 BANKSEL PORTB
0043   0186           00083  CLRF PORTB
Warning[205]: Found directive in column 1. (BANKSEL)
0044   1683 1303      00084 BANKSEL TRISD 
Warning[203]: Found opcode in column 1. (CLRF)
Message[302]: Register in operand not in bank 0.  Ensure that bank bits are correct.
0046   0188           00085 CLRF TRISD
Warning[205]: Found directive in column 1. (BANKSEL)
0047   1283 1303      00086 BANKSEL PORTD 
MPASM  5.42                        RB4567.ASM   1-24-2012  10:10:12         PAGE  4


LOC  OBJECT CODE     LINE SOURCE TEXT
  VALUE

Warning[203]: Found opcode in column 1. (CLRF)
0049   0188           00087 CLRF PORTD
004A   1283 1303      00088  BANKSEL INTCON
Warning[203]: Found opcode in column 1. (MOVLW)
004C   3088           00089 MOVLW B'10001000'
Warning[203]: Found opcode in column 1. (MOVWF)
004D   008B           00090 MOVWF INTCON
Warning[205]: Found directive in column 1. (BANKSEL)
004E   1683 1303      00091 BANKSEL OPTION_REG 
Warning[203]: Found opcode in column 1. (CLRF)
Message[302]: Register in operand not in bank 0.  Ensure that bank bits are correct.
0050   0181           00092 CLRF OPTION_REG
Warning[205]: Found directive in column 1. (BANKSEL)
0051   1283 1303      00093 BANKSEL SAYAC1
Warning[203]: Found opcode in column 1. (CLRF)
0053   01A4           00094 CLRF SAYAC1
Warning[203]: Found opcode in column 1. (CLRF)
0054   01A5           00095 CLRF SAYAC2
0055                  00096 DONGU 
                      00097 
                      00098 
Warning[203]: Found opcode in column 1. (GOTO)
0055   2855           00099 GOTO DONGU
0056                  00100 GECIK
Warning[203]: Found opcode in column 1. (MOVLW)
0056   30FF           00101 MOVLW H'FF'
Warning[203]: Found opcode in column 1. (MOVWF)
0057   00A4           00102 MOVWF SAYAC1
0058                  00103 DON
                      00104 
Warning[203]: Found opcode in column 1. (MOVLW)
0058   30FF           00105 MOVLW H'FF'
Warning[203]: Found opcode in column 1. (MOVWF)
0059   00A5           00106 MOVWF SAYAC2
005A                  00107 DON1
Warning[203]: Found opcode in column 1. (DECFSZ)
005A   0BA5           00108 DECFSZ SAYAC2,F
Warning[203]: Found opcode in column 1. (GOTO)
005B   285A           00109 GOTO DON1
Warning[203]: Found opcode in column 1. (DECFSZ)
005C   0BA4           00110 DECFSZ SAYAC1,F
Warning[203]: Found opcode in column 1. (GOTO)
005D   2858           00111 GOTO DON
Warning[203]: Found opcode in column 1. (RETURN)
005E   0008           00112 RETURN
                      00113 
                      00114 
                      00115 
                      00116 
Warning[205]: Found directive in column 1. (END)
                      00117 END
MPASM  5.42                        RB4567.ASM   1-24-2012  10:10:12         PAGE  5


SYMBOL TABLE
  LABEL                             VALUE 

ACKDT                             00000005
ACKEN                             00000004
ACKSTAT                           00000006
ADCON0                            0000001F
ADCON1                            0000009F
ADCS0                             00000006
ADCS1                             00000007
ADCS2                             00000006
ADDEN                             00000003
ADFM                              00000007
ADIE                              00000006
ADIF                              00000006
ADON                              00000000
ADRESH                            0000001E
ADRESL                            0000009E
ALTI                              0000001D
ANA                               00000035
BCLIE                             00000003
BCLIF                             00000003
BES                               00000012
BF                                00000000
BRGH                              00000002
C                                 00000000
C1INV                             00000004
C1OUT                             00000006
C2INV                             00000005
C2OUT                             00000007
CCP1CON                           00000017
CCP1IE                            00000002
CCP1IF                            00000002
CCP1M0                            00000000
CCP1M1                            00000001
CCP1M2                            00000002
CCP1M3                            00000003
CCP1X                             00000005
CCP1Y                             00000004
CCP2CON                           0000001D
CCP2IE                            00000000
CCP2IF                            00000000
CCP2M0                            00000000
CCP2M1                            00000001
CCP2M2                            00000002
CCP2M3                            00000003
CCP2X                             00000005
CCP2Y                             00000004
CCPR1                             00000015
CCPR1H                            00000016
CCPR1L                            00000015
CCPR2                             0000001B
CCPR2H                            0000001C
CCPR2L                            0000001B
CHS0                              00000003
CHS1                              00000004
MPASM  5.42                        RB4567.ASM   1-24-2012  10:10:12         PAGE  6


SYMBOL TABLE
  LABEL                             VALUE 

CHS2                              00000005
CIS                               00000003
CKE                               00000006
CKP                               00000004
CM0                               00000000
CM1                               00000001
CM2                               00000002
CMCON                             0000009C
CMIE                              00000006
CMIF                              00000006
CREN                              00000004
CSRC                              00000007
CVR0                              00000000
CVR1                              00000001
CVR2                              00000002
CVR3                              00000003
CVRCON                            0000009D
CVREN                             00000007
CVROE                             00000006
CVRR                              00000005
D                                 00000005
DATA_ADDRESS                      00000005
DC                                00000001
DON                               00000058
DON1                              0000005A
DONGU                             00000055
D_A                               00000005
D_NOT_A                           00000005
EEADR                             0000010D
EEADRH                            0000010F
EECON1                            0000018C
EECON2                            0000018D
EEDATA                            0000010C
EEDATH                            0000010E
EEIE                              00000004
EEIF                              00000004
EEPGD                             00000007
F                                 00000001
FERR                              00000002
FSR                               00000004
GCEN                              00000007
GECIK                             00000056
GIE                               00000007
GO                                00000002
GO_DONE                           00000002
GO_NOT_DONE                       00000002
I2C_DATA                          00000005
I2C_READ                          00000002
I2C_START                         00000003
I2C_STOP                          00000004
IBF                               00000007
IBOV                              00000005
INDF                              00000000
MPASM  5.42                        RB4567.ASM   1-24-2012  10:10:12         PAGE  7


SYMBOL TABLE
  LABEL                             VALUE 

INTCON                            0000000B
INTE                              00000004
INTEDG                            00000006
INTF                              00000001
IRP                               00000007
KESME                             00000004
NOT_A                             00000005
NOT_ADDRESS                       00000005
NOT_BO                            00000000
NOT_BOR                           00000000
NOT_DONE                          00000002
NOT_PD                            00000003
NOT_POR                           00000001
NOT_RBPU                          00000007
NOT_RC8                           00000006
NOT_T1SYNC                        00000002
NOT_TO                            00000004
NOT_TX8                           00000006
NOT_W                             00000002
NOT_WRITE                         00000002
OBF                               00000006
OERR                              00000001
OPTION_REG                        00000081
P                                 00000004
PCFG0                             00000000
PCFG1                             00000001
PCFG2                             00000002
PCFG3                             00000003
PCL                               00000002
PCLATH                            0000000A
PCON                              0000008E
PEIE                              00000006
PEN                               00000002
PIE1                              0000008C
PIE2                              0000008D
PIR1                              0000000C
PIR2                              0000000D
PORTA                             00000005
PORTB                             00000006
PORTC                             00000007
PORTD                             00000008
PORTE                             00000009
PR2                               00000092
PS0                               00000000
PS1                               00000001
PS2                               00000002
PSA                               00000003
PSPIE                             00000007
PSPIF                             00000007
PSPMODE                           00000004
R                                 00000002
RA0                               00000000
RA1                               00000001
MPASM  5.42                        RB4567.ASM   1-24-2012  10:10:12         PAGE  8


SYMBOL TABLE
  LABEL                             VALUE 

RA2                               00000002
RA3                               00000003
RA4                               00000004
RA5                               00000005
RB0                               00000000
RB1                               00000001
RB2                               00000002
RB3                               00000003
RB4                               00000004
RB5                               00000005
RB6                               00000006
RB7                               00000007
RBIE                              00000003
RBIF                              00000000
RC0                               00000000
RC1                               00000001
RC2                               00000002
RC3                               00000003
RC4                               00000004
RC5                               00000005
RC6                               00000006
RC7                               00000007
RC8_9                             00000006
RC9                               00000006
RCD8                              00000000
RCEN                              00000003
RCIE                              00000005
RCIF                              00000005
RCREG                             0000001A
RCSTA                             00000018
RD                                00000000
RD0                               00000000
RD1                               00000001
RD2                               00000002
RD3                               00000003
RD4                               00000004
RD5                               00000005
RD6                               00000006
RD7                               00000007
RE0                               00000000
RE1                               00000001
RE2                               00000002
READ_WRITE                        00000002
RP0                               00000005
RP1                               00000006
RSEN                              00000001
RX9                               00000006
RX9D                              00000000
R_NOT_W                           00000002
R_W                               00000002
S                                 00000003
SAYAC1                            00000024
SAYAC2                            00000025
MPASM  5.42                        RB4567.ASM   1-24-2012  10:10:12         PAGE  9


SYMBOL TABLE
  LABEL                             VALUE 

SEN                               00000000
SMP                               00000007
SON                               00000033
SPBRG                             00000099
SPEN                              00000007
SREN                              00000005
SSPADD                            00000093
SSPBUF                            00000013
SSPCON                            00000014
SSPCON2                           00000091
SSPEN                             00000005
SSPIE                             00000003
SSPIF                             00000003
SSPM0                             00000000
SSPM1                             00000001
SSPM2                             00000002
SSPM3                             00000003
SSPOV                             00000006
SSPSTAT                           00000094
STATUS                            00000003
SYNC                              00000004
T0CS                              00000005
T0IE                              00000005
T0IF                              00000002
T0SE                              00000004
T1CKPS0                           00000004
T1CKPS1                           00000005
T1CON                             00000010
T1INSYNC                          00000002
T1OSCEN                           00000003
T1SYNC                            00000002
T2CKPS0                           00000000
T2CKPS1                           00000001
T2CON                             00000012
TMR0                              00000001
TMR0IE                            00000005
TMR0IF                            00000002
TMR1CS                            00000001
TMR1H                             0000000F
TMR1IE                            00000000
TMR1IF                            00000000
TMR1L                             0000000E
TMR1ON                            00000000
TMR2                              00000011
TMR2IE                            00000001
TMR2IF                            00000001
TMR2ON                            00000002
TOUTPS0                           00000003
TOUTPS1                           00000004
TOUTPS2                           00000005
TOUTPS3                           00000006
TRISA                             00000085
TRISA0                            00000000
MPASM  5.42                        RB4567.ASM   1-24-2012  10:10:12         PAGE 10


SYMBOL TABLE
  LABEL                             VALUE 

TRISA1                            00000001
TRISA2                            00000002
TRISA3                            00000003
TRISA4                            00000004
TRISA5                            00000005
TRISB                             00000086
TRISB0                            00000000
TRISB1                            00000001
TRISB2                            00000002
TRISB3                            00000003
TRISB4                            00000004
TRISB5                            00000005
TRISB6                            00000006
TRISB7                            00000007
TRISC                             00000087
TRISC0                            00000000
TRISC1                            00000001
TRISC2                            00000002
TRISC3                            00000003
TRISC4                            00000004
TRISC5                            00000005
TRISC6                            00000006
TRISC7                            00000007
TRISD                             00000088
TRISD0                            00000000
TRISD1                            00000001
TRISD2                            00000002
TRISD3                            00000003
TRISD4                            00000004
TRISD5                            00000005
TRISD6                            00000006
TRISD7                            00000007
TRISE                             00000089
TRISE0                            00000000
TRISE1                            00000001
TRISE2                            00000002
TRMT                              00000001
TX8_9                             00000006
TX9                               00000006
TX9D                              00000000
TXD8                              00000000
TXEN                              00000005
TXIE                              00000004
TXIF                              00000004
TXREG                             00000019
TXSTA                             00000098
UA                                00000001
W                                 00000000
WCOL                              00000007
WR                                00000001
WREN                              00000002
WRERR                             00000003
YEDI                              00000028
MPASM  5.42                        RB4567.ASM   1-24-2012  10:10:12         PAGE 11


SYMBOL TABLE
  LABEL                             VALUE 

Z                                 00000002
_BODEN_OFF                        00003FBF
_BODEN_ON                         00003FFF
_CONFIG                           00002007
_CPD_OFF                          00003FFF
_CPD_ON                           00003EFF
_CP_ALL                           00001FFF
_CP_OFF                           00003FFF
_DEBUG_OFF                        00003FFF
_DEBUG_ON                         000037FF
_DEVID1                           00002006
_HS_OSC                           00003FFE
_IDLOC0                           00002000
_IDLOC1                           00002001
_IDLOC2                           00002002
_IDLOC3                           00002003
_LP_OSC                           00003FFC
_LVP_OFF                          00003F7F
_LVP_ON                           00003FFF
_PWRTE_OFF                        00003FFF
_PWRTE_ON                         00003FF7
_RC_OSC                           00003FFF
_WDT_OFF                          00003FFB
_WDT_ON                           00003FFF
_WRT_1FOURTH                      00003BFF
_WRT_256                          00003DFF
_WRT_HALF                         000039FF
_WRT_OFF                          00003FFF
_XT_OSC                           00003FFD
__16F877A                         00000001
__DEBUG                           1


MEMORY USAGE MAP ('X' = Used,  '-' = Unused)

0000 : X---XXXXXXXXXXXX XXXXXXXXXXXXXXXX XXXXXXXXXXXXXXXX XXXXXXXXXXXXXXXX
0040 : XXXXXXXXXXXXXXXX XXXXXXXXXXXXXXX- ---------------- ----------------

All other memory blocks unused.

Program Memory Words Used:    92
Program Memory Words Free:  8100


Errors   :     0
Warnings :    80 reported,     0 suppressed
Messages :     4 reported,     0 suppressed

