Warning[205] C:\MIKRO\YENI KLASöR\DENEY3\DENEY3.ASM 1 : Found directive in column 1. (list)
Warning[205] C:\MIKRO\YENI KLASöR\DENEY3\DENEY3.ASM 6 : Found directive in column 1. (ORG)
Warning[203] C:\MIKRO\YENI KLASöR\DENEY3\DENEY3.ASM 7 : Found opcode in column 1. (GOTO)
Warning[205] C:\MIKRO\YENI KLASöR\DENEY3\DENEY3.ASM 8 : Found directive in column 1. (ORG)
Warning[203] C:\MIKRO\YENI KLASöR\DENEY3\DENEY3.ASM 9 : Found opcode in column 1. (GOTO)
Warning[203] C:\MIKRO\YENI KLASöR\DENEY3\DENEY3.ASM 11 : Found opcode in column 1. (RETFIE)
Warning[205] C:\MIKRO\YENI KLASöR\DENEY3\DENEY3.ASM 13 : Found directive in column 1. (BANKSEL)
Warning[203] C:\MIKRO\YENI KLASöR\DENEY3\DENEY3.ASM 14 : Found opcode in column 1. (CLRF)
Message[302] C:\MIKRO\YENI KLASöR\DENEY3\DENEY3.ASM 14 : Register in operand not in bank 0.  Ensure that bank bits are correct.
Warning[205] C:\MIKRO\YENI KLASöR\DENEY3\DENEY3.ASM 15 : Found directive in column 1. (BANKSEL)
Warning[203] C:\MIKRO\YENI KLASöR\DENEY3\DENEY3.ASM 16 : Found opcode in column 1. (CLRF)
Warning[205] C:\MIKRO\YENI KLASöR\DENEY3\DENEY3.ASM 17 : Found directive in column 1. (BANKSEL)
Warning[203] C:\MIKRO\YENI KLASöR\DENEY3\DENEY3.ASM 18 : Found opcode in column 1. (MOVLW)
Warning[203] C:\MIKRO\YENI KLASöR\DENEY3\DENEY3.ASM 19 : Found opcode in column 1. (MOVWF)
Message[302] C:\MIKRO\YENI KLASöR\DENEY3\DENEY3.ASM 19 : Register in operand not in bank 0.  Ensure that bank bits are correct.
Warning[205] C:\MIKRO\YENI KLASöR\DENEY3\DENEY3.ASM 20 : Found directive in column 1. (BANKSEL)
Warning[203] C:\MIKRO\YENI KLASöR\DENEY3\DENEY3.ASM 21 : Found opcode in column 1. (CLRF)
Warning[205] C:\MIKRO\YENI KLASöR\DENEY3\DENEY3.ASM 22 : Found directive in column 1. (BANKSEL)
Warning[203] C:\MIKRO\YENI KLASöR\DENEY3\DENEY3.ASM 23 : Found opcode in column 1. (MOVLW)
Warning[203] C:\MIKRO\YENI KLASöR\DENEY3\DENEY3.ASM 24 : Found opcode in column 1. (MOVWF)
Message[302] C:\MIKRO\YENI KLASöR\DENEY3\DENEY3.ASM 24 : Register in operand not in bank 0.  Ensure that bank bits are correct.
Warning[205] C:\MIKRO\YENI KLASöR\DENEY3\DENEY3.ASM 25 : Found directive in column 1. (BANKSEL)
Warning[203] C:\MIKRO\YENI KLASöR\DENEY3\DENEY3.ASM 26 : Found opcode in column 1. (MOVLW)
Warning[203] C:\MIKRO\YENI KLASöR\DENEY3\DENEY3.ASM 27 : Found opcode in column 1. (MOVWF)
Warning[205] C:\MIKRO\YENI KLASöR\DENEY3\DENEY3.ASM 28 : Found directive in column 1. (BANKSEL)
Warning[203] C:\MIKRO\YENI KLASöR\DENEY3\DENEY3.ASM 29 : Found opcode in column 1. (MOVLW)
Warning[203] C:\MIKRO\YENI KLASöR\DENEY3\DENEY3.ASM 30 : Found opcode in column 1. (MOVWF)
Warning[205] C:\MIKRO\YENI KLASöR\DENEY3\DENEY3.ASM 31 : Found directive in column 1. (BANKSEL)
Warning[203] C:\MIKRO\YENI KLASöR\DENEY3\DENEY3.ASM 32 : Found opcode in column 1. (MOVLW)
Warning[203] C:\MIKRO\YENI KLASöR\DENEY3\DENEY3.ASM 33 : Found opcode in column 1. (MOVWF)
Warning[205] C:\MIKRO\YENI KLASöR\DENEY3\DENEY3.ASM 35 : Found directive in column 1. (BANKSEL)
Warning[203] C:\MIKRO\YENI KLASöR\DENEY3\DENEY3.ASM 36 : Found opcode in column 1. (MOVLW)
Warning[203] C:\MIKRO\YENI KLASöR\DENEY3\DENEY3.ASM 37 : Found opcode in column 1. (MOVWF)
Message[302] C:\MIKRO\YENI KLASöR\DENEY3\DENEY3.ASM 37 : Register in operand not in bank 0.  Ensure that bank bits are correct.
Warning[205] C:\MIKRO\YENI KLASöR\DENEY3\DENEY3.ASM 38 : Found directive in column 1. (BANKSEL)
Warning[203] C:\MIKRO\YENI KLASöR\DENEY3\DENEY3.ASM 39 : Found opcode in column 1. (MOVLW)
Warning[203] C:\MIKRO\YENI KLASöR\DENEY3\DENEY3.ASM 40 : Found opcode in column 1. (MOVWF)
Warning[205] C:\MIKRO\YENI KLASöR\DENEY3\DENEY3.ASM 41 : Found directive in column 1. (BANKSEL)
Warning[203] C:\MIKRO\YENI KLASöR\DENEY3\DENEY3.ASM 42 : Found opcode in column 1. (MOVLW)
Warning[203] C:\MIKRO\YENI KLASöR\DENEY3\DENEY3.ASM 43 : Found opcode in column 1. (MOVWF)
Warning[203] C:\MIKRO\YENI KLASöR\DENEY3\DENEY3.ASM 46 : Found opcode in column 1. (BTFSS)
Warning[203] C:\MIKRO\YENI KLASöR\DENEY3\DENEY3.ASM 47 : Found opcode in column 1. (GOTO)
Warning[203] C:\MIKRO\YENI KLASöR\DENEY3\DENEY3.ASM 48 : Found opcode in column 1. (BTFSS)
Warning[203] C:\MIKRO\YENI KLASöR\DENEY3\DENEY3.ASM 49 : Found opcode in column 1. (GOTO)
Warning[203] C:\MIKRO\YENI KLASöR\DENEY3\DENEY3.ASM 50 : Found opcode in column 1. (GOTO)
Warning[205] C:\MIKRO\YENI KLASöR\DENEY3\DENEY3.ASM 52 : Found directive in column 1. (BANKSEL)
Warning[203] C:\MIKRO\YENI KLASöR\DENEY3\DENEY3.ASM 53 : Found opcode in column 1. (MOVF)
Warning[203] C:\MIKRO\YENI KLASöR\DENEY3\DENEY3.ASM 54 : Found opcode in column 1. (ADDWF)
Warning[203] C:\MIKRO\YENI KLASöR\DENEY3\DENEY3.ASM 55 : Found opcode in column 1. (CALL)
Warning[203] C:\MIKRO\YENI KLASöR\DENEY3\DENEY3.ASM 56 : Found opcode in column 1. (GOTO)
Warning[205] C:\MIKRO\YENI KLASöR\DENEY3\DENEY3.ASM 58 : Found directive in column 1. (BANKSEL)
Warning[203] C:\MIKRO\YENI KLASöR\DENEY3\DENEY3.ASM 59 : Found opcode in column 1. (MOVF)
Warning[203] C:\MIKRO\YENI KLASöR\DENEY3\DENEY3.ASM 60 : Found opcode in column 1. (SUBWF)
Warning[203] C:\MIKRO\YENI KLASöR\DENEY3\DENEY3.ASM 61 : Found opcode in column 1. (CALL)
Warning[203] C:\MIKRO\YENI KLASöR\DENEY3\DENEY3.ASM 62 : Found opcode in column 1. (GOTO)
Warning[203] C:\MIKRO\YENI KLASöR\DENEY3\DENEY3.ASM 64 : Found opcode in column 1. (MOVLW)
Warning[203] C:\MIKRO\YENI KLASöR\DENEY3\DENEY3.ASM 65 : Found opcode in column 1. (MOVWF)
Warning[203] C:\MIKRO\YENI KLASöR\DENEY3\DENEY3.ASM 67 : Found opcode in column 1. (MOVLW)
Warning[203] C:\MIKRO\YENI KLASöR\DENEY3\DENEY3.ASM 68 : Found opcode in column 1. (MOVWF)
Warning[203] C:\MIKRO\YENI KLASöR\DENEY3\DENEY3.ASM 70 : Found opcode in column 1. (DECFSZ)
Warning[203] C:\MIKRO\YENI KLASöR\DENEY3\DENEY3.ASM 71 : Found opcode in column 1. (GOTO)
Warning[203] C:\MIKRO\YENI KLASöR\DENEY3\DENEY3.ASM 72 : Found opcode in column 1. (DECFSZ)
Warning[203] C:\MIKRO\YENI KLASöR\DENEY3\DENEY3.ASM 73 : Found opcode in column 1. (GOTO)
Warning[203] C:\MIKRO\YENI KLASöR\DENEY3\DENEY3.ASM 74 : Found opcode in column 1. (RETURN)
Warning[205] C:\MIKRO\YENI KLASöR\DENEY3\DENEY3.ASM 75 : Found directive in column 1. (END)
