MPASM  5.42                        DENEY3.ASM   12-29-2012  1:31:32         PAGE  1


LOC  OBJECT CODE     LINE SOURCE TEXT
  VALUE

Warning[205]: Found directive in column 1. (list)
                      00001 list p=16f877a
                      00002 #include <p16F877A.inc>
                      00001         LIST
                      00002 
                      00003 ;==========================================================================
                      00004 ;  MPASM PIC16F877A processor include
                      00005 ; 
                      00006 ;  (c) Copyright 1999-2011 Microchip Technology, All rights reserved
                      00007 ;==========================================================================
                      00008 
                      00555         LIST
  00000023            00003 SAYAC1 EQU 0x23
  00000024            00004 SAYAC2 EQU 0x24
  00000025            00005 SAYAC3 EQU 0x25
Warning[205]: Found directive in column 1. (ORG)
0000                  00006 ORG 0
Warning[203]: Found opcode in column 1. (GOTO)
0000   2806           00007 GOTO ANA
Warning[205]: Found directive in column 1. (ORG)
0004                  00008 ORG 4
Warning[203]: Found opcode in column 1. (GOTO)
0004   2805           00009 GOTO KESME
0005                  00010 KESME:
Warning[203]: Found opcode in column 1. (RETFIE)
0005   0009           00011 RETFIE
0006                  00012 ANA:
Warning[205]: Found directive in column 1. (BANKSEL)
0006   1683 1303      00013 BANKSEL TRISC 
Warning[203]: Found opcode in column 1. (CLRF)
Message[302]: Register in operand not in bank 0.  Ensure that bank bits are correct.
0008   0187           00014 CLRF TRISC
Warning[205]: Found directive in column 1. (BANKSEL)
0009   1283 1303      00015 BANKSEL PORTC
Warning[203]: Found opcode in column 1. (CLRF)
000B   0187           00016 CLRF PORTC
Warning[205]: Found directive in column 1. (BANKSEL)
000C   1683 1303      00017 BANKSEL TRISA
Warning[203]: Found opcode in column 1. (MOVLW)
000E   3003           00018 MOVLW B'00000011'
Warning[203]: Found opcode in column 1. (MOVWF)
Message[302]: Register in operand not in bank 0.  Ensure that bank bits are correct.
000F   0085           00019 MOVWF TRISA
Warning[205]: Found directive in column 1. (BANKSEL)
0010   1283 1303      00020 BANKSEL PORTA 
Warning[203]: Found opcode in column 1. (CLRF)
0012   0185           00021 CLRF PORTA
Warning[205]: Found directive in column 1. (BANKSEL)
0013   1683 1303      00022 BANKSEL ADCON1
Warning[203]: Found opcode in column 1. (MOVLW)
0015   3006           00023 MOVLW H'06'
Warning[203]: Found opcode in column 1. (MOVWF)
Message[302]: Register in operand not in bank 0.  Ensure that bank bits are correct.
MPASM  5.42                        DENEY3.ASM   12-29-2012  1:31:32         PAGE  2


LOC  OBJECT CODE     LINE SOURCE TEXT
  VALUE

0016   009F           00024 MOVWF ADCON1
Warning[205]: Found directive in column 1. (BANKSEL)
0017   1283 1303      00025 BANKSEL CCP1CON
Warning[203]: Found opcode in column 1. (MOVLW)
0019   300C           00026 MOVLW B'00001100'
Warning[203]: Found opcode in column 1. (MOVWF)
001A   0097           00027 MOVWF CCP1CON
Warning[205]: Found directive in column 1. (BANKSEL)
001B   1283 1303      00028 BANKSEL INTCON
Warning[203]: Found opcode in column 1. (MOVLW)
001D   30C0           00029 MOVLW B'11000000'
Warning[203]: Found opcode in column 1. (MOVWF)
001E   008B           00030 MOVWF INTCON
Warning[205]: Found directive in column 1. (BANKSEL)
001F   1283 1303      00031 BANKSEL T2CON
Warning[203]: Found opcode in column 1. (MOVLW)
0021   3005           00032 MOVLW B'00000101'
Warning[203]: Found opcode in column 1. (MOVWF)
0022   0092           00033 MOVWF T2CON
                      00034 
Warning[205]: Found directive in column 1. (BANKSEL)
0023   1683 1303      00035 BANKSEL PR2
Warning[203]: Found opcode in column 1. (MOVLW)
0025   30F9           00036 MOVLW D'249'
Warning[203]: Found opcode in column 1. (MOVWF)
Message[302]: Register in operand not in bank 0.  Ensure that bank bits are correct.
0026   0092           00037 MOVWF PR2
Warning[205]: Found directive in column 1. (BANKSEL)
0027   1283 1303      00038 BANKSEL CCPR1L
Warning[203]: Found opcode in column 1. (MOVLW)
0029   307B           00039 MOVLW H'7B'
Warning[203]: Found opcode in column 1. (MOVWF)
002A   0095           00040 MOVWF CCPR1L
Warning[205]: Found directive in column 1. (BANKSEL)
002B   1283 1303      00041 BANKSEL SAYAC1
Warning[203]: Found opcode in column 1. (MOVLW)
002D   3019           00042 MOVLW H'19'
Warning[203]: Found opcode in column 1. (MOVWF)
002E   00A3           00043 MOVWF SAYAC1
                      00044 
002F                  00045 DONGU:
Warning[203]: Found opcode in column 1. (BTFSS)
002F   1C05           00046 BTFSS PORTA,0
Warning[203]: Found opcode in column 1. (GOTO)
0030   2834           00047 GOTO ART
Warning[203]: Found opcode in column 1. (BTFSS)
0031   1C85           00048 BTFSS PORTA,1
Warning[203]: Found opcode in column 1. (GOTO)
0032   283A           00049 GOTO AZALT
Warning[203]: Found opcode in column 1. (GOTO)
0033   282F           00050 GOTO DONGU
0034                  00051 ART:
Warning[205]: Found directive in column 1. (BANKSEL)
MPASM  5.42                        DENEY3.ASM   12-29-2012  1:31:32         PAGE  3


LOC  OBJECT CODE     LINE SOURCE TEXT
  VALUE

0034   1283 1303      00052 BANKSEL SAYAC1
Warning[203]: Found opcode in column 1. (MOVF)
0036   0823           00053 MOVF SAYAC1,W
Warning[203]: Found opcode in column 1. (ADDWF)
0037   0795           00054 ADDWF CCPR1L,F
Warning[203]: Found opcode in column 1. (CALL)
0038   2040           00055 CALL GECIK
Warning[203]: Found opcode in column 1. (GOTO)
0039   282F           00056 GOTO DONGU
003A                  00057 AZALT:
Warning[205]: Found directive in column 1. (BANKSEL)
003A   1283 1303      00058 BANKSEL SAYAC1
Warning[203]: Found opcode in column 1. (MOVF)
003C   0823           00059 MOVF SAYAC1,W
Warning[203]: Found opcode in column 1. (SUBWF)
003D   0295           00060 SUBWF CCPR1L,F
Warning[203]: Found opcode in column 1. (CALL)
003E   2040           00061 CALL GECIK
Warning[203]: Found opcode in column 1. (GOTO)
003F   282F           00062 GOTO DONGU
0040                  00063 GECIK:
Warning[203]: Found opcode in column 1. (MOVLW)
0040   30FF           00064 MOVLW H'FF'
Warning[203]: Found opcode in column 1. (MOVWF)
0041   00A4           00065 MOVWF SAYAC2
0042                  00066 DON:
Warning[203]: Found opcode in column 1. (MOVLW)
0042   30FF           00067 MOVLW H'FF'
Warning[203]: Found opcode in column 1. (MOVWF)
0043   00A5           00068 MOVWF SAYAC3
0044                  00069 DON1:
Warning[203]: Found opcode in column 1. (DECFSZ)
0044   0BA4           00070 DECFSZ SAYAC2,F
Warning[203]: Found opcode in column 1. (GOTO)
0045   2844           00071 GOTO DON1
Warning[203]: Found opcode in column 1. (DECFSZ)
0046   0BA5           00072 DECFSZ SAYAC3,F
Warning[203]: Found opcode in column 1. (GOTO)
0047   2842           00073 GOTO DON
Warning[203]: Found opcode in column 1. (RETURN)
0048   0008           00074 RETURN
Warning[205]: Found directive in column 1. (END)
                      00075 END
MPASM  5.42                        DENEY3.ASM   12-29-2012  1:31:32         PAGE  4


SYMBOL TABLE
  LABEL                             VALUE 

ACKDT                             00000005
ACKEN                             00000004
ACKSTAT                           00000006
ADCON0                            0000001F
ADCON1                            0000009F
ADCS0                             00000006
ADCS1                             00000007
ADCS2                             00000006
ADDEN                             00000003
ADFM                              00000007
ADIE                              00000006
ADIF                              00000006
ADON                              00000000
ADRESH                            0000001E
ADRESL                            0000009E
ANA                               00000006
ART                               00000034
AZALT                             0000003A
BCLIE                             00000003
BCLIF                             00000003
BF                                00000000
BRGH                              00000002
C                                 00000000
C1INV                             00000004
C1OUT                             00000006
C2INV                             00000005
C2OUT                             00000007
CCP1CON                           00000017
CCP1IE                            00000002
CCP1IF                            00000002
CCP1M0                            00000000
CCP1M1                            00000001
CCP1M2                            00000002
CCP1M3                            00000003
CCP1X                             00000005
CCP1Y                             00000004
CCP2CON                           0000001D
CCP2IE                            00000000
CCP2IF                            00000000
CCP2M0                            00000000
CCP2M1                            00000001
CCP2M2                            00000002
CCP2M3                            00000003
CCP2X                             00000005
CCP2Y                             00000004
CCPR1                             00000015
CCPR1H                            00000016
CCPR1L                            00000015
CCPR2                             0000001B
CCPR2H                            0000001C
CCPR2L                            0000001B
CHS0                              00000003
CHS1                              00000004
MPASM  5.42                        DENEY3.ASM   12-29-2012  1:31:32         PAGE  5


SYMBOL TABLE
  LABEL                             VALUE 

CHS2                              00000005
CIS                               00000003
CKE                               00000006
CKP                               00000004
CM0                               00000000
CM1                               00000001
CM2                               00000002
CMCON                             0000009C
CMIE                              00000006
CMIF                              00000006
CREN                              00000004
CSRC                              00000007
CVR0                              00000000
CVR1                              00000001
CVR2                              00000002
CVR3                              00000003
CVRCON                            0000009D
CVREN                             00000007
CVROE                             00000006
CVRR                              00000005
D                                 00000005
DATA_ADDRESS                      00000005
DC                                00000001
DON                               00000042
DON1                              00000044
DONGU                             0000002F
D_A                               00000005
D_NOT_A                           00000005
EEADR                             0000010D
EEADRH                            0000010F
EECON1                            0000018C
EECON2                            0000018D
EEDATA                            0000010C
EEDATH                            0000010E
EEIE                              00000004
EEIF                              00000004
EEPGD                             00000007
F                                 00000001
FERR                              00000002
FSR                               00000004
GCEN                              00000007
GECIK                             00000040
GIE                               00000007
GO                                00000002
GO_DONE                           00000002
GO_NOT_DONE                       00000002
I2C_DATA                          00000005
I2C_READ                          00000002
I2C_START                         00000003
I2C_STOP                          00000004
IBF                               00000007
IBOV                              00000005
INDF                              00000000
MPASM  5.42                        DENEY3.ASM   12-29-2012  1:31:32         PAGE  6


SYMBOL TABLE
  LABEL                             VALUE 

INTCON                            0000000B
INTE                              00000004
INTEDG                            00000006
INTF                              00000001
IRP                               00000007
KESME                             00000005
NOT_A                             00000005
NOT_ADDRESS                       00000005
NOT_BO                            00000000
NOT_BOR                           00000000
NOT_DONE                          00000002
NOT_PD                            00000003
NOT_POR                           00000001
NOT_RBPU                          00000007
NOT_RC8                           00000006
NOT_T1SYNC                        00000002
NOT_TO                            00000004
NOT_TX8                           00000006
NOT_W                             00000002
NOT_WRITE                         00000002
OBF                               00000006
OERR                              00000001
OPTION_REG                        00000081
P                                 00000004
PCFG0                             00000000
PCFG1                             00000001
PCFG2                             00000002
PCFG3                             00000003
PCL                               00000002
PCLATH                            0000000A
PCON                              0000008E
PEIE                              00000006
PEN                               00000002
PIE1                              0000008C
PIE2                              0000008D
PIR1                              0000000C
PIR2                              0000000D
PORTA                             00000005
PORTB                             00000006
PORTC                             00000007
PORTD                             00000008
PORTE                             00000009
PR2                               00000092
PS0                               00000000
PS1                               00000001
PS2                               00000002
PSA                               00000003
PSPIE                             00000007
PSPIF                             00000007
PSPMODE                           00000004
R                                 00000002
RA0                               00000000
RA1                               00000001
MPASM  5.42                        DENEY3.ASM   12-29-2012  1:31:32         PAGE  7


SYMBOL TABLE
  LABEL                             VALUE 

RA2                               00000002
RA3                               00000003
RA4                               00000004
RA5                               00000005
RB0                               00000000
RB1                               00000001
RB2                               00000002
RB3                               00000003
RB4                               00000004
RB5                               00000005
RB6                               00000006
RB7                               00000007
RBIE                              00000003
RBIF                              00000000
RC0                               00000000
RC1                               00000001
RC2                               00000002
RC3                               00000003
RC4                               00000004
RC5                               00000005
RC6                               00000006
RC7                               00000007
RC8_9                             00000006
RC9                               00000006
RCD8                              00000000
RCEN                              00000003
RCIE                              00000005
RCIF                              00000005
RCREG                             0000001A
RCSTA                             00000018
RD                                00000000
RD0                               00000000
RD1                               00000001
RD2                               00000002
RD3                               00000003
RD4                               00000004
RD5                               00000005
RD6                               00000006
RD7                               00000007
RE0                               00000000
RE1                               00000001
RE2                               00000002
READ_WRITE                        00000002
RP0                               00000005
RP1                               00000006
RSEN                              00000001
RX9                               00000006
RX9D                              00000000
R_NOT_W                           00000002
R_W                               00000002
S                                 00000003
SAYAC1                            00000023
SAYAC2                            00000024
MPASM  5.42                        DENEY3.ASM   12-29-2012  1:31:32         PAGE  8


SYMBOL TABLE
  LABEL                             VALUE 

SAYAC3                            00000025
SEN                               00000000
SMP                               00000007
SPBRG                             00000099
SPEN                              00000007
SREN                              00000005
SSPADD                            00000093
SSPBUF                            00000013
SSPCON                            00000014
SSPCON2                           00000091
SSPEN                             00000005
SSPIE                             00000003
SSPIF                             00000003
SSPM0                             00000000
SSPM1                             00000001
SSPM2                             00000002
SSPM3                             00000003
SSPOV                             00000006
SSPSTAT                           00000094
STATUS                            00000003
SYNC                              00000004
T0CS                              00000005
T0IE                              00000005
T0IF                              00000002
T0SE                              00000004
T1CKPS0                           00000004
T1CKPS1                           00000005
T1CON                             00000010
T1INSYNC                          00000002
T1OSCEN                           00000003
T1SYNC                            00000002
T2CKPS0                           00000000
T2CKPS1                           00000001
T2CON                             00000012
TMR0                              00000001
TMR0IE                            00000005
TMR0IF                            00000002
TMR1CS                            00000001
TMR1H                             0000000F
TMR1IE                            00000000
TMR1IF                            00000000
TMR1L                             0000000E
TMR1ON                            00000000
TMR2                              00000011
TMR2IE                            00000001
TMR2IF                            00000001
TMR2ON                            00000002
TOUTPS0                           00000003
TOUTPS1                           00000004
TOUTPS2                           00000005
TOUTPS3                           00000006
TRISA                             00000085
TRISA0                            00000000
MPASM  5.42                        DENEY3.ASM   12-29-2012  1:31:32         PAGE  9


SYMBOL TABLE
  LABEL                             VALUE 

TRISA1                            00000001
TRISA2                            00000002
TRISA3                            00000003
TRISA4                            00000004
TRISA5                            00000005
TRISB                             00000086
TRISB0                            00000000
TRISB1                            00000001
TRISB2                            00000002
TRISB3                            00000003
TRISB4                            00000004
TRISB5                            00000005
TRISB6                            00000006
TRISB7                            00000007
TRISC                             00000087
TRISC0                            00000000
TRISC1                            00000001
TRISC2                            00000002
TRISC3                            00000003
TRISC4                            00000004
TRISC5                            00000005
TRISC6                            00000006
TRISC7                            00000007
TRISD                             00000088
TRISD0                            00000000
TRISD1                            00000001
TRISD2                            00000002
TRISD3                            00000003
TRISD4                            00000004
TRISD5                            00000005
TRISD6                            00000006
TRISD7                            00000007
TRISE                             00000089
TRISE0                            00000000
TRISE1                            00000001
TRISE2                            00000002
TRMT                              00000001
TX8_9                             00000006
TX9                               00000006
TX9D                              00000000
TXD8                              00000000
TXEN                              00000005
TXIE                              00000004
TXIF                              00000004
TXREG                             00000019
TXSTA                             00000098
UA                                00000001
W                                 00000000
WCOL                              00000007
WR                                00000001
WREN                              00000002
WRERR                             00000003
Z                                 00000002
MPASM  5.42                        DENEY3.ASM   12-29-2012  1:31:32         PAGE 10


SYMBOL TABLE
  LABEL                             VALUE 

_BODEN_OFF                        00003FBF
_BODEN_ON                         00003FFF
_CONFIG                           00002007
_CPD_OFF                          00003FFF
_CPD_ON                           00003EFF
_CP_ALL                           00001FFF
_CP_OFF                           00003FFF
_DEBUG_OFF                        00003FFF
_DEBUG_ON                         000037FF
_DEVID1                           00002006
_HS_OSC                           00003FFE
_IDLOC0                           00002000
_IDLOC1                           00002001
_IDLOC2                           00002002
_IDLOC3                           00002003
_LP_OSC                           00003FFC
_LVP_OFF                          00003F7F
_LVP_ON                           00003FFF
_PWRTE_OFF                        00003FFF
_PWRTE_ON                         00003FF7
_RC_OSC                           00003FFF
_WDT_OFF                          00003FFB
_WDT_ON                           00003FFF
_WRT_1FOURTH                      00003BFF
_WRT_256                          00003DFF
_WRT_HALF                         000039FF
_WRT_OFF                          00003FFF
_XT_OSC                           00003FFD
__16F877A                         00000001
__DEBUG                           1


MEMORY USAGE MAP ('X' = Used,  '-' = Unused)

0000 : X---XXXXXXXXXXXX XXXXXXXXXXXXXXXX XXXXXXXXXXXXXXXX XXXXXXXXXXXXXXXX
0040 : XXXXXXXXX------- ---------------- ---------------- ----------------

All other memory blocks unused.

Program Memory Words Used:    70
Program Memory Words Free:  8122


Errors   :     0
Warnings :    61 reported,     0 suppressed
Messages :     4 reported,     0 suppressed

