MPASM  5.42                          HOCA.ASM   11-18-2012  15:29:45         PAGE  1


LOC  OBJECT CODE     LINE SOURCE TEXT
  VALUE

                      00001         LIST P=16F877
                      00002         #INCLUDE "P16F877.INC"
                      00001         LIST
                      00002 
                      00003 ;==========================================================================
                      00004 ;  MPASM PIC16F877 processor include
                      00005 ; 
                      00006 ;  (c) Copyright 1999-2011 Microchip Technology, All rights reserved
                      00007 ;==========================================================================
                      00008 
Message[301]: MESSAGE: (Processor-header file mismatch.  Verify selected processor.)
                      00528         LIST
                      00003 
  00000033            00004 templcd EQU     H'33'
  00000034            00005 SAYAC1  equ 0x34
  00000035            00006 SAYAC2  equ 0x35
                      00007 
  00000040            00008 chr11   equ     H'40'
  00000041            00009 chr12   equ     H'41'
  00000042            00010 chr13   equ     H'42'
  00000043            00011 chr14   equ     H'43'
  00000044            00012 chr15   equ     H'44'
  00000045            00013 chr16   equ     H'45'
  00000046            00014 chr17   equ     H'46'
  00000047            00015 chr18   equ     H'47'
  00000048            00016 chr19   equ     H'48'
  00000049            00017 chr110  equ     H'49'
  0000004A            00018 chr111  equ     H'4A'
  0000004B            00019 chr112  equ     H'4B'
  0000004C            00020 chr113  equ     H'4C'
  0000004D            00021 chr114  equ     H'4D'
  0000004E            00022 chr115  equ     H'4E'
  0000004F            00023 chr116  equ     H'4F'
                      00024 
  00000006            00025 LCD_PORT        Equ     PORTB
  00000086            00026 LCD_TRIS        Equ     TRISB
                      00027 
  00000004            00028 LCD_RS          Equ     4                       
  00000005            00029 LCD_E           Equ     5
                      00030 
                      00031 
                      00032                 ORG 0x0000
                      00033 
                      00034                 
0000   1303           00035                 BCF STATUS,6
0001   1683           00036         BSF STATUS,5
Message[302]: Register in operand not in bank 0.  Ensure that bank bits are correct.
0002   0186           00037         CLRF LCD_TRIS
                      00038         
0003   1283           00039         BCF STATUS,5
                      00040 
                      00041 
0004   2???           00042                 CALL    LCD_Init
MPASM  5.42                          HOCA.ASM   11-18-2012  15:29:45         PAGE  2


LOC  OBJECT CODE     LINE SOURCE TEXT
  VALUE

                      00043 
0005   2???           00044                 call    LCD_Clr         
                      00045                 ;call   LCD_CurOn               
                      00046 
0006   3005           00047                 movlw   0x05
                      00048                 ;call   LCD_Line1W              
                      00049 
0007   3045           00050                 movlw   'E'
0008   00C0           00051                 movwf   chr11
0009   3072           00052                 movlw   'r'
000A   00C1           00053                 movwf   chr12
000B   306B           00054                 movlw   'k'
000C   00C2           00055                 movwf   chr13
000D   3061           00056                 movlw   'a'
000E   00C3           00057                 movwf   chr14
000F   306E           00058                 movlw   'n'
0010   00C4           00059                 movwf   chr15
0011   3020           00060                 movlw   ' '
0012   00C5           00061                 movwf   chr16
0013   3020           00062                 movlw   ' '
0014   00C6           00063                 movwf   chr17
0015   3020           00064                 movlw   ' '
0016   00C7           00065                 movwf   chr18
                      00066 
                      00067 
0017   3044           00068                 movlw   'D'
0018   00C8           00069                 movwf   chr19
0019   3075           00070                 movlw   'u'
001A   00C9           00071                 movwf   chr110
001B   306D           00072                 movlw   'm'
001C   00CA           00073                 movwf   chr111
001D   3061           00074                 movlw   'a'
001E   00CB           00075                 movwf   chr112
001F   306E           00076                 movlw   'n'
0020   00CC           00077                 movwf   chr113
0021   3020           00078                 movlw   ' '
0022   00CD           00079                 movwf   chr114
0023   3020           00080                 movlw   ' '
0024   00CE           00081                 movwf   chr115
0025   3020           00082                 movlw   ' '
0026   00CF           00083                 movwf   chr116
                      00084 
0027   303F           00085                 movlw   H'3F'
0028   0084           00086                 movwf   FSR
                      00087 
Message[305]: Using default destination of 1 (file).
0029   0A84           00088 Next    incf    FSR
002A   0800           00089                 movf    INDF,0
                      00090                 
002B   1984           00091                 btfsc   FSR,3
002C   2???           00092                 goto    ara
002D   2???           00093                 call    LCD_Char
002E   2???           00094                 goto    Next
MPASM  5.42                          HOCA.ASM   11-18-2012  15:29:45         PAGE  3


LOC  OBJECT CODE     LINE SOURCE TEXT
  VALUE

                      00095 
002F                  00096 ara 
                      00097         
Message[305]: Using default destination of 1 (file).
002F   0384           00098                 decf    FSR
0030   2???           00099                 call    LCD_Line2
                      00100 
                      00101 
0031   3047           00102                 movlw   H'47'
                      00103 
Message[305]: Using default destination of 1 (file).
0032   0A84           00104 Next2   incf    FSR
0033   0800           00105                 movf    INDF,0
0034   2???           00106                 call    LCD_Char
0035   1E04           00107                 btfss   FSR,4
0036   2???           00108                 goto    Next2
                      00109                                 
                      00110          
                      00111 
                      00112                 
0037                  00113 Stop            
0037   2???           00114                 goto    Stop                    
                      00115 
                      00116 
                      00117 
                      00118 
0038                  00119 LCD_Init        
                      00120 
0038   3003           00121                 movlw   0x03
0039   0086           00122                 movwf   LCD_PORT
                      00123 
003A   2???           00124                 call Pulse_e
003B   2???           00125                 call    Gecikme1
                      00126 
003C   3002           00127                 movlw   0x02
003D   0086           00128                 movwf   LCD_PORT
                      00129 
003E   2???           00130                 call Pulse_e
003F   2???           00131                 call    Gecikme1
                      00132                 
                      00133 
                      00134         
                      00135                 
0040   3028           00136                 movlw   0x28                    ;Set display shift
0041   2???           00137                 call    LCD_Cmd
0042   3008           00138                 movlw   0x08                    ;Set display shift
0043   2???           00139                 call    LCD_Cmd
0044   3001           00140                 movlw   0x01                    ;Set display shift
0045   2???           00141                 call    LCD_Cmd
                      00142 
0046   3006           00143                 movlw   0x06                    ;Set display shift
0047   2???           00144                 call    LCD_Cmd
0048   300C           00145                 movlw   0x0C                    ;Set display shift
MPASM  5.42                          HOCA.ASM   11-18-2012  15:29:45         PAGE  4


LOC  OBJECT CODE     LINE SOURCE TEXT
  VALUE

0049   2???           00146                 call    LCD_Cmd
                      00147                 
                      00148 
004A   0008           00149                 return
                      00150 
                      00151 
                      00152                 
004B                  00153 LCD_Cmd         
004B   00B3           00154                 movwf   templcd
004C   0E33           00155                 swapf   templcd,        w       
004D   390F           00156                 andlw   0x0f                    ;clear upper 4 bits of W
004E   0086           00157                 movwf   LCD_PORT
004F   1206           00158                 bcf     LCD_PORT, LCD_RS        ;RS line to 0
                      00159                 
0050   2???           00160                 call    Pulse_e                 ;Pulse the E line high
                      00161 
0051   0833           00162                 movf    templcd,        w       ;send lower nibble
0052   390F           00163                 andlw   0x0f                    ;clear upper 4 bits of W
0053   0086           00164                 movwf   LCD_PORT
0054   1206           00165                 bcf     LCD_PORT, LCD_RS        ;RS line to 0
                      00166         
0055   2???           00167                 call    Pulse_e                 ;Pulse the E line high
0056   2???           00168                 call    Gecikme1
0057   0008           00169                 return
                      00170 
0058   3E30           00171 LCD_CharD       addlw   0x30
0059                  00172 LCD_Char        
                      00173                 
0059   00B3           00174                 movwf   templcd
005A   0E33           00175                 swapf   templcd,        w       
005B   390F           00176                 andlw   0x0f                    ;clear upper 4 bits of W
005C   0086           00177                 movwf   LCD_PORT
005D   1606           00178                 bsf     LCD_PORT, LCD_RS        ;RS line to 1
                      00179                 
005E   2???           00180                 call    Pulse_e                 ;Pulse the E line high
                      00181 
005F   0833           00182                 movf    templcd,        w       ;send lower nibble
                      00183                 
0060   390F           00184                 andlw   0x0f                    ;clear upper 4 bits of W
0061   0086           00185                 movwf   LCD_PORT
0062   1606           00186                 bsf     LCD_PORT, LCD_RS        ;RS line to 1
                      00187                 
0063   2???           00188                 call    Pulse_e                 ;Pulse the E line high
0064   2???           00189                 call    Gecikme1
0065   0008           00190                 return
                      00191 
                      00192 
0066   3080           00193 LCD_Line1       movlw   0x80                    ;move to 1st row, first column
0067   2???           00194                 call    LCD_Cmd
0068   0008           00195                 return
                      00196 
0069   30C0           00197 LCD_Line2       movlw   0xc0                    ;move to 2nd row, first column
006A   2???           00198                 call    LCD_Cmd
MPASM  5.42                          HOCA.ASM   11-18-2012  15:29:45         PAGE  5


LOC  OBJECT CODE     LINE SOURCE TEXT
  VALUE

006B   0008           00199                 return
                      00200 
006C   3E80           00201 LCD_Line1W      addlw   0x80                    ;move to 1st row, column W
006D   2???           00202                 call    LCD_Cmd
006E   0008           00203                 return
                      00204 
006F   3EC0           00205 LCD_Line2W      addlw   0xc0                    ;move to 2nd row, column W
0070   2???           00206                 call    LCD_Cmd
0071   0008           00207                 return
                      00208 
0072   300D           00209 LCD_CurOn       movlw   0x0d                    ;Set display on/off and cursor command
0073   2???           00210                 call    LCD_Cmd
0074   0008           00211                 return
                      00212 
0075   300C           00213 LCD_CurOff      movlw   0x0c                    ;Set display on/off and cursor command
0076   2???           00214                 call    LCD_Cmd
0077   0008           00215                 return
                      00216 
0078   3001           00217 LCD_Clr         movlw   0x01                    ;Clear display
0079   2???           00218                 call    LCD_Cmd
007A   0008           00219                 return
                      00220 
                      00221 
                      00222 
                      00223 
                      00224 
                      00225 
                      00226 
007B                  00227 Pulse_e         
007B   1686           00228                 bsf     LCD_PORT, LCD_E
007C   1286           00229                 bcf     LCD_PORT, LCD_E
007D   0008           00230                 return
                      00231 
007E                  00232 Gecikme1
007E   0BB4           00233     DECFSZ SAYAC1,1
007F   2???           00234         GOTO Gecikme2
0080   0008           00235         RETURN
0081                  00236 Gecikme2
0081   0BB5           00237     DECFSZ SAYAC2,1
0082   2???           00238         GOTO Gecikme2
0083   2???           00239         GOTO Gecikme1
                      00240 
                      00241 
                      00242 
                      00243        END
MPASM  5.42                          HOCA.ASM   11-18-2012  15:29:45         PAGE  6


SYMBOL TABLE
  LABEL                             VALUE 

ACKDT                             00000005
ACKEN                             00000004
ACKSTAT                           00000006
ADCON0                            0000001F
ADCON1                            0000009F
ADCS0                             00000006
ADCS1                             00000007
ADDEN                             00000003
ADFM                              00000007
ADIE                              00000006
ADIF                              00000006
ADON                              00000000
ADRESH                            0000001E
ADRESL                            0000009E
BCLIE                             00000003
BCLIF                             00000003
BF                                00000000
BRGH                              00000002
C                                 00000000
CCP1CON                           00000017
CCP1IE                            00000002
CCP1IF                            00000002
CCP1M0                            00000000
CCP1M1                            00000001
CCP1M2                            00000002
CCP1M3                            00000003
CCP1X                             00000005
CCP1Y                             00000004
CCP2CON                           0000001D
CCP2IE                            00000000
CCP2IF                            00000000
CCP2M0                            00000000
CCP2M1                            00000001
CCP2M2                            00000002
CCP2M3                            00000003
CCP2X                             00000005
CCP2Y                             00000004
CCPR1                             00000015
CCPR1H                            00000016
CCPR1L                            00000015
CCPR2                             0000001B
CCPR2H                            0000001C
CCPR2L                            0000001B
CHS0                              00000003
CHS1                              00000004
CHS2                              00000005
CKE                               00000006
CKP                               00000004
CREN                              00000004
CSRC                              00000007
D                                 00000005
DATA_ADDRESS                      00000005
DC                                00000001
MPASM  5.42                          HOCA.ASM   11-18-2012  15:29:45         PAGE  7


SYMBOL TABLE
  LABEL                             VALUE 

D_A                               00000005
D_NOT_A                           00000005
EEADR                             0000010D
EEADRH                            0000010F
EECON1                            0000018C
EECON2                            0000018D
EEDATA                            0000010C
EEDATH                            0000010E
EEIE                              00000004
EEIF                              00000004
EEPGD                             00000007
F                                 00000001
FERR                              00000002
FSR                               00000004
GCEN                              00000007
GIE                               00000007
GO                                00000002
GO_DONE                           00000002
GO_NOT_DONE                       00000002
Gecikme1                          0000007E
Gecikme2                          00000081
I2C_DATA                          00000005
I2C_READ                          00000002
I2C_START                         00000003
I2C_STOP                          00000004
IBF                               00000007
IBOV                              00000005
INDF                              00000000
INTCON                            0000000B
INTE                              00000004
INTEDG                            00000006
INTF                              00000001
IRP                               00000007
LCD_Char                          00000059
LCD_CharD                         00000058
LCD_Clr                           00000078
LCD_Cmd                           0000004B
LCD_CurOff                        00000075
LCD_CurOn                         00000072
LCD_E                             00000005
LCD_Init                          00000038
LCD_Line1                         00000066
LCD_Line1W                        0000006C
LCD_Line2                         00000069
LCD_Line2W                        0000006F
LCD_PORT                          00000006
LCD_RS                            00000004
LCD_TRIS                          00000086
NOT_A                             00000005
NOT_ADDRESS                       00000005
NOT_BO                            00000000
NOT_BOR                           00000000
NOT_DONE                          00000002
MPASM  5.42                          HOCA.ASM   11-18-2012  15:29:45         PAGE  8


SYMBOL TABLE
  LABEL                             VALUE 

NOT_PD                            00000003
NOT_POR                           00000001
NOT_RBPU                          00000007
NOT_RC8                           00000006
NOT_T1SYNC                        00000002
NOT_TO                            00000004
NOT_TX8                           00000006
NOT_W                             00000002
NOT_WRITE                         00000002
Next                              00000029
Next2                             00000032
OBF                               00000006
OERR                              00000001
OPTION_REG                        00000081
P                                 00000004
PCFG0                             00000000
PCFG1                             00000001
PCFG2                             00000002
PCFG3                             00000003
PCL                               00000002
PCLATH                            0000000A
PCON                              0000008E
PEIE                              00000006
PEN                               00000002
PIE1                              0000008C
PIE2                              0000008D
PIR1                              0000000C
PIR2                              0000000D
PORTA                             00000005
PORTB                             00000006
PORTC                             00000007
PORTD                             00000008
PORTE                             00000009
PR2                               00000092
PS0                               00000000
PS1                               00000001
PS2                               00000002
PSA                               00000003
PSPIE                             00000007
PSPIF                             00000007
PSPMODE                           00000004
Pulse_e                           0000007B
R                                 00000002
RA0                               00000000
RA1                               00000001
RA2                               00000002
RA3                               00000003
RA4                               00000004
RA5                               00000005
RB0                               00000000
RB1                               00000001
RB2                               00000002
RB3                               00000003
MPASM  5.42                          HOCA.ASM   11-18-2012  15:29:45         PAGE  9


SYMBOL TABLE
  LABEL                             VALUE 

RB4                               00000004
RB5                               00000005
RB6                               00000006
RB7                               00000007
RBIE                              00000003
RBIF                              00000000
RC0                               00000000
RC1                               00000001
RC2                               00000002
RC3                               00000003
RC4                               00000004
RC5                               00000005
RC6                               00000006
RC7                               00000007
RC8_9                             00000006
RC9                               00000006
RCD8                              00000000
RCEN                              00000003
RCIE                              00000005
RCIF                              00000005
RCREG                             0000001A
RCSTA                             00000018
RD                                00000000
RD0                               00000000
RD1                               00000001
RD2                               00000002
RD3                               00000003
RD4                               00000004
RD5                               00000005
RD6                               00000006
RD7                               00000007
RE0                               00000000
RE1                               00000001
RE2                               00000002
READ_WRITE                        00000002
RP0                               00000005
RP1                               00000006
RSEN                              00000001
RX9                               00000006
RX9D                              00000000
R_NOT_W                           00000002
R_W                               00000002
S                                 00000003
SAYAC1                            00000034
SAYAC2                            00000035
SEN                               00000000
SMP                               00000007
SPBRG                             00000099
SPEN                              00000007
SREN                              00000005
SSPADD                            00000093
SSPBUF                            00000013
SSPCON                            00000014
MPASM  5.42                          HOCA.ASM   11-18-2012  15:29:45         PAGE 10


SYMBOL TABLE
  LABEL                             VALUE 

SSPCON2                           00000091
SSPEN                             00000005
SSPIE                             00000003
SSPIF                             00000003
SSPM0                             00000000
SSPM1                             00000001
SSPM2                             00000002
SSPM3                             00000003
SSPOV                             00000006
SSPSTAT                           00000094
STATUS                            00000003
SYNC                              00000004
Stop                              00000037
T0CS                              00000005
T0IE                              00000005
T0IF                              00000002
T0SE                              00000004
T1CKPS0                           00000004
T1CKPS1                           00000005
T1CON                             00000010
T1INSYNC                          00000002
T1OSCEN                           00000003
T1SYNC                            00000002
T2CKPS0                           00000000
T2CKPS1                           00000001
T2CON                             00000012
TMR0                              00000001
TMR0IE                            00000005
TMR0IF                            00000002
TMR1CS                            00000001
TMR1H                             0000000F
TMR1IE                            00000000
TMR1IF                            00000000
TMR1L                             0000000E
TMR1ON                            00000000
TMR2                              00000011
TMR2IE                            00000001
TMR2IF                            00000001
TMR2ON                            00000002
TOUTPS0                           00000003
TOUTPS1                           00000004
TOUTPS2                           00000005
TOUTPS3                           00000006
TRISA                             00000085
TRISA0                            00000000
TRISA1                            00000001
TRISA2                            00000002
TRISA3                            00000003
TRISA4                            00000004
TRISA5                            00000005
TRISB                             00000086
TRISB0                            00000000
TRISB1                            00000001
MPASM  5.42                          HOCA.ASM   11-18-2012  15:29:45         PAGE 11


SYMBOL TABLE
  LABEL                             VALUE 

TRISB2                            00000002
TRISB3                            00000003
TRISB4                            00000004
TRISB5                            00000005
TRISB6                            00000006
TRISB7                            00000007
TRISC                             00000087
TRISC0                            00000000
TRISC1                            00000001
TRISC2                            00000002
TRISC3                            00000003
TRISC4                            00000004
TRISC5                            00000005
TRISC6                            00000006
TRISC7                            00000007
TRISD                             00000088
TRISD0                            00000000
TRISD1                            00000001
TRISD2                            00000002
TRISD3                            00000003
TRISD4                            00000004
TRISD5                            00000005
TRISD6                            00000006
TRISD7                            00000007
TRISE                             00000089
TRISE0                            00000000
TRISE1                            00000001
TRISE2                            00000002
TRMT                              00000001
TX8_9                             00000006
TX9                               00000006
TX9D                              00000000
TXD8                              00000000
TXEN                              00000005
TXIE                              00000004
TXIF                              00000004
TXREG                             00000019
TXSTA                             00000098
UA                                00000001
W                                 00000000
WCOL                              00000007
WR                                00000001
WREN                              00000002
WRERR                             00000003
Z                                 00000002
_BODEN_OFF                        00003FBF
_BODEN_ON                         00003FFF
_CONFIG                           00002007
_CPD_OFF                          00003FFF
_CPD_ON                           00003EFF
_CP_All                           00000FCF
_CP_HALF                          00001FDF
_CP_OFF                           00003FFF
MPASM  5.42                          HOCA.ASM   11-18-2012  15:29:45         PAGE 12


SYMBOL TABLE
  LABEL                             VALUE 

_CP_UPPER_256                     00002FEF
_DEBUG_OFF                        00003FFF
_DEBUG_ON                         000037FF
_DEVID1                           00002006
_HS_OSC                           00003FFE
_IDLOC0                           00002000
_IDLOC1                           00002001
_IDLOC2                           00002002
_IDLOC3                           00002003
_LP_OSC                           00003FFC
_LVP_OFF                          00003F7F
_LVP_ON                           00003FFF
_PWRTE_OFF                        00003FFF
_PWRTE_ON                         00003FF7
_RC_OSC                           00003FFF
_WDT_OFF                          00003FFB
_WDT_ON                           00003FFF
_WRT_ENABLE_OFF                   00003DFF
_WRT_ENABLE_ON                    00003FFF
_XT_OSC                           00003FFD
__16F877A                         00000001
__DEBUG                           1
ara                               0000002F
chr11                             00000040
chr110                            00000049
chr111                            0000004A
chr112                            0000004B
chr113                            0000004C
chr114                            0000004D
chr115                            0000004E
chr116                            0000004F
chr12                             00000041
chr13                             00000042
chr14                             00000043
chr15                             00000044
chr16                             00000045
chr17                             00000046
chr18                             00000047
chr19                             00000048
templcd                           00000033

Errors   :     0
Warnings :     0 reported,     0 suppressed
Messages :     5 reported,     0 suppressed

