Warning[205] D:\PROJELER\TIMER2\TMR2.ASM 1 : Found directive in column 1. (list)
Warning[205] D:\PROJELER\TIMER2\TMR2.ASM 3 : Found directive in column 1. (__config)
Warning[205] D:\PROJELER\TIMER2\TMR2.ASM 7 : Found directive in column 1. (ORG)
Warning[203] D:\PROJELER\TIMER2\TMR2.ASM 8 : Found opcode in column 1. (GOTO)
Warning[205] D:\PROJELER\TIMER2\TMR2.ASM 9 : Found directive in column 1. (ORG)
Warning[203] D:\PROJELER\TIMER2\TMR2.ASM 11 : Found opcode in column 1. (BCF)
Warning[203] D:\PROJELER\TIMER2\TMR2.ASM 12 : Found opcode in column 1. (BTFSS)
Warning[203] D:\PROJELER\TIMER2\TMR2.ASM 13 : Found opcode in column 1. (GOTO)
Warning[203] D:\PROJELER\TIMER2\TMR2.ASM 14 : Found opcode in column 1. (BCF)
Warning[203] D:\PROJELER\TIMER2\TMR2.ASM 16 : Found opcode in column 1. (GOTO)
Warning[203] D:\PROJELER\TIMER2\TMR2.ASM 18 : Found opcode in column 1. (BTFSS)
Warning[203] D:\PROJELER\TIMER2\TMR2.ASM 19 : Found opcode in column 1. (GOTO)
Warning[203] D:\PROJELER\TIMER2\TMR2.ASM 20 : Found opcode in column 1. (INCF)
Warning[203] D:\PROJELER\TIMER2\TMR2.ASM 21 : Found opcode in column 1. (BTFSS)
Warning[203] D:\PROJELER\TIMER2\TMR2.ASM 22 : Found opcode in column 1. (GOTO)
Warning[203] D:\PROJELER\TIMER2\TMR2.ASM 23 : Found opcode in column 1. (GOTO)
Warning[203] D:\PROJELER\TIMER2\TMR2.ASM 25 : Found opcode in column 1. (BCF)
Warning[203] D:\PROJELER\TIMER2\TMR2.ASM 26 : Found opcode in column 1. (MOVLW)
Warning[203] D:\PROJELER\TIMER2\TMR2.ASM 27 : Found opcode in column 1. (SUBWF)
Warning[203] D:\PROJELER\TIMER2\TMR2.ASM 28 : Found opcode in column 1. (MOVF)
Warning[203] D:\PROJELER\TIMER2\TMR2.ASM 29 : Found opcode in column 1. (MOVWF)
Warning[203] D:\PROJELER\TIMER2\TMR2.ASM 30 : Found opcode in column 1. (GOTO)
Warning[203] D:\PROJELER\TIMER2\TMR2.ASM 32 : Found opcode in column 1. (BCF)
Warning[203] D:\PROJELER\TIMER2\TMR2.ASM 33 : Found opcode in column 1. (GOTO)
Warning[207] D:\PROJELER\TIMER2\TMR2.ASM 37 : Found label after column 1. (KESME_BÝTÝR)
Warning[207] D:\PROJELER\TIMER2\TMR2.ASM 42 : Found label after column 1. (ANA_PROGRAM)
Message[302] D:\PROJELER\TIMER2\TMR2.ASM 44 : Register in operand not in bank 0.  Ensure that bank bits are correct.
Message[302] D:\PROJELER\TIMER2\TMR2.ASM 45 : Register in operand not in bank 0.  Ensure that bank bits are correct.
Message[302] D:\PROJELER\TIMER2\TMR2.ASM 46 : Register in operand not in bank 0.  Ensure that bank bits are correct.
Message[302] D:\PROJELER\TIMER2\TMR2.ASM 47 : Register in operand not in bank 0.  Ensure that bank bits are correct.
Message[302] D:\PROJELER\TIMER2\TMR2.ASM 50 : Register in operand not in bank 0.  Ensure that bank bits are correct.
Message[302] D:\PROJELER\TIMER2\TMR2.ASM 52 : Register in operand not in bank 0.  Ensure that bank bits are correct.
Warning[203] D:\PROJELER\TIMER2\TMR2.ASM 54 : Found opcode in column 1. (CLRF)
Warning[207] D:\PROJELER\TIMER2\TMR2.ASM 64 : Found label after column 1. (DONGU)
Warning[205] D:\PROJELER\TIMER2\TMR2.ASM 66 : Found directive in column 1. (END)
