Warning[205] C:\MIKRO\öDEV\RB0DSPSAY\SAY.ASM 1 : Found directive in column 1. (list)
Warning[205] C:\MIKRO\öDEV\RB0DSPSAY\SAY.ASM 6 : Found directive in column 1. (ORG)
Warning[203] C:\MIKRO\öDEV\RB0DSPSAY\SAY.ASM 7 : Found opcode in column 1. (GOTO)
Warning[205] C:\MIKRO\öDEV\RB0DSPSAY\SAY.ASM 8 : Found directive in column 1. (ORG)
Warning[203] C:\MIKRO\öDEV\RB0DSPSAY\SAY.ASM 9 : Found opcode in column 1. (GOTO)
Warning[203] C:\MIKRO\öDEV\RB0DSPSAY\SAY.ASM 11 : Found opcode in column 1. (BTFSS)
Warning[203] C:\MIKRO\öDEV\RB0DSPSAY\SAY.ASM 12 : Found opcode in column 1. (RETFIE)
Warning[203] C:\MIKRO\öDEV\RB0DSPSAY\SAY.ASM 13 : Found opcode in column 1. (BCF)
Warning[205] C:\MIKRO\öDEV\RB0DSPSAY\SAY.ASM 14 : Found directive in column 1. (BANKSEL)
Warning[203] C:\MIKRO\öDEV\RB0DSPSAY\SAY.ASM 15 : Found opcode in column 1. (MOVLW)
Warning[203] C:\MIKRO\öDEV\RB0DSPSAY\SAY.ASM 16 : Found opcode in column 1. (MOVWF)
Warning[205] C:\MIKRO\öDEV\RB0DSPSAY\SAY.ASM 17 : Found directive in column 1. (BANKSEL)
Warning[203] C:\MIKRO\öDEV\RB0DSPSAY\SAY.ASM 18 : Found opcode in column 1. (MOVF)
Warning[203] C:\MIKRO\öDEV\RB0DSPSAY\SAY.ASM 19 : Found opcode in column 1. (CALL)
Warning[203] C:\MIKRO\öDEV\RB0DSPSAY\SAY.ASM 20 : Found opcode in column 1. (MOVWF)
Warning[203] C:\MIKRO\öDEV\RB0DSPSAY\SAY.ASM 21 : Found opcode in column 1. (MOVWF)
Warning[203] C:\MIKRO\öDEV\RB0DSPSAY\SAY.ASM 23 : Found opcode in column 1. (CALL)
Warning[205] C:\MIKRO\öDEV\RB0DSPSAY\SAY.ASM 24 : Found directive in column 1. (BANKSEL)
Warning[203] C:\MIKRO\öDEV\RB0DSPSAY\SAY.ASM 25 : Found opcode in column 1. (INCF)
Warning[203] C:\MIKRO\öDEV\RB0DSPSAY\SAY.ASM 26 : Found opcode in column 1. (RETFIE)
Warning[203] C:\MIKRO\öDEV\RB0DSPSAY\SAY.ASM 44 : Found opcode in column 1. (MOVLW)
Warning[203] C:\MIKRO\öDEV\RB0DSPSAY\SAY.ASM 45 : Found opcode in column 1. (MOVWF)
Warning[203] C:\MIKRO\öDEV\RB0DSPSAY\SAY.ASM 47 : Found opcode in column 1. (MOVLW)
Warning[203] C:\MIKRO\öDEV\RB0DSPSAY\SAY.ASM 48 : Found opcode in column 1. (MOVWF)
Warning[203] C:\MIKRO\öDEV\RB0DSPSAY\SAY.ASM 50 : Found opcode in column 1. (DECFSZ)
Warning[203] C:\MIKRO\öDEV\RB0DSPSAY\SAY.ASM 51 : Found opcode in column 1. (GOTO)
Warning[203] C:\MIKRO\öDEV\RB0DSPSAY\SAY.ASM 52 : Found opcode in column 1. (DECFSZ)
Warning[203] C:\MIKRO\öDEV\RB0DSPSAY\SAY.ASM 53 : Found opcode in column 1. (GOTO)
Warning[203] C:\MIKRO\öDEV\RB0DSPSAY\SAY.ASM 54 : Found opcode in column 1. (RETURN)
Warning[205] C:\MIKRO\öDEV\RB0DSPSAY\SAY.ASM 57 : Found directive in column 1. (BANKSEL)
Warning[203] C:\MIKRO\öDEV\RB0DSPSAY\SAY.ASM 58 : Found opcode in column 1. (CLRF)
Message[302] C:\MIKRO\öDEV\RB0DSPSAY\SAY.ASM 58 : Register in operand not in bank 0.  Ensure that bank bits are correct.
Warning[205] C:\MIKRO\öDEV\RB0DSPSAY\SAY.ASM 59 : Found directive in column 1. (BANKSEL)
Warning[203] C:\MIKRO\öDEV\RB0DSPSAY\SAY.ASM 60 : Found opcode in column 1. (CLRF)
Warning[205] C:\MIKRO\öDEV\RB0DSPSAY\SAY.ASM 61 : Found directive in column 1. (BANKSEL)
Warning[203] C:\MIKRO\öDEV\RB0DSPSAY\SAY.ASM 62 : Found opcode in column 1. (MOVLW)
Warning[203] C:\MIKRO\öDEV\RB0DSPSAY\SAY.ASM 63 : Found opcode in column 1. (MOVWF)
Message[302] C:\MIKRO\öDEV\RB0DSPSAY\SAY.ASM 63 : Register in operand not in bank 0.  Ensure that bank bits are correct.
Warning[205] C:\MIKRO\öDEV\RB0DSPSAY\SAY.ASM 64 : Found directive in column 1. (BANKSEL)
Warning[203] C:\MIKRO\öDEV\RB0DSPSAY\SAY.ASM 65 : Found opcode in column 1. (CLRF)
Warning[205] C:\MIKRO\öDEV\RB0DSPSAY\SAY.ASM 66 : Found directive in column 1. (BANKSEL)
Warning[203] C:\MIKRO\öDEV\RB0DSPSAY\SAY.ASM 67 : Found opcode in column 1. (CLRF)
Message[302] C:\MIKRO\öDEV\RB0DSPSAY\SAY.ASM 67 : Register in operand not in bank 0.  Ensure that bank bits are correct.
Warning[205] C:\MIKRO\öDEV\RB0DSPSAY\SAY.ASM 68 : Found directive in column 1. (BANKSEL)
Warning[203] C:\MIKRO\öDEV\RB0DSPSAY\SAY.ASM 69 : Found opcode in column 1. (CLRF)
Warning[205] C:\MIKRO\öDEV\RB0DSPSAY\SAY.ASM 70 : Found directive in column 1. (BANKSEL)
Warning[203] C:\MIKRO\öDEV\RB0DSPSAY\SAY.ASM 71 : Found opcode in column 1. (MOVLW)
Warning[203] C:\MIKRO\öDEV\RB0DSPSAY\SAY.ASM 72 : Found opcode in column 1. (MOVWF)
Warning[205] C:\MIKRO\öDEV\RB0DSPSAY\SAY.ASM 73 : Found directive in column 1. (BANKSEL)
Warning[203] C:\MIKRO\öDEV\RB0DSPSAY\SAY.ASM 74 : Found opcode in column 1. (CLRF)
Warning[203] C:\MIKRO\öDEV\RB0DSPSAY\SAY.ASM 76 : Found opcode in column 1. (GOTO)
Warning[205] C:\MIKRO\öDEV\RB0DSPSAY\SAY.ASM 77 : Found directive in column 1. (END)
