Warning[215] C:\USERS\ERDOG\ONEDRIVE\MASAüSTü\ADC\ADC_LM35.ASM 1 : Processor superseded by command line.  Verify processor symbol.
Message[301] C:\PROGRAM FILES (X86)\MICROCHIP\MPASM SUITE\P16F877A.INC 33 : MESSAGE: (Processor-header file mismatch.  Verify selected processor.)
Warning[207] C:\USERS\ERDOG\ONEDRIVE\MASAüSTü\ADC\ADC_LM35.ASM 4 : Found label after column 1. (DEGER)
Warning[207] C:\USERS\ERDOG\ONEDRIVE\MASAüSTü\ADC\ADC_LM35.ASM 5 : Found label after column 1. (DEGER2)
Warning[207] C:\USERS\ERDOG\ONEDRIVE\MASAüSTü\ADC\ADC_LM35.ASM 6 : Found label after column 1. (TEMP)
Warning[207] C:\USERS\ERDOG\ONEDRIVE\MASAüSTü\ADC\ADC_LM35.ASM 7 : Found label after column 1. (BIRLER)
Warning[207] C:\USERS\ERDOG\ONEDRIVE\MASAüSTü\ADC\ADC_LM35.ASM 8 : Found label after column 1. (ONLAR)
Warning[207] C:\USERS\ERDOG\ONEDRIVE\MASAüSTü\ADC\ADC_LM35.ASM 9 : Found label after column 1. (YUZLER)
Warning[207] C:\USERS\ERDOG\ONEDRIVE\MASAüSTü\ADC\ADC_LM35.ASM 10 : Found label after column 1. (OKUNAN_DEGER)
Warning[207] C:\USERS\ERDOG\ONEDRIVE\MASAüSTü\ADC\ADC_LM35.ASM 11 : Found label after column 1. (HEDEFBIRLER)
Warning[207] C:\USERS\ERDOG\ONEDRIVE\MASAüSTü\ADC\ADC_LM35.ASM 12 : Found label after column 1. (HEDEFONLAR)
Message[302] C:\USERS\ERDOG\ONEDRIVE\MASAüSTü\ADC\ADC_LM35.ASM 17 : Register in operand not in bank 0.  Ensure that bank bits are correct.
Message[302] C:\USERS\ERDOG\ONEDRIVE\MASAüSTü\ADC\ADC_LM35.ASM 18 : Register in operand not in bank 0.  Ensure that bank bits are correct.
Message[302] C:\USERS\ERDOG\ONEDRIVE\MASAüSTü\ADC\ADC_LM35.ASM 21 : Register in operand not in bank 0.  Ensure that bank bits are correct.
Message[302] C:\USERS\ERDOG\ONEDRIVE\MASAüSTü\ADC\ADC_LM35.ASM 29 : Register in operand not in bank 0.  Ensure that bank bits are correct.
Message[302] C:\USERS\ERDOG\ONEDRIVE\MASAüSTü\ADC\ADC_LM35.ASM 33 : Register in operand not in bank 0.  Ensure that bank bits are correct.
Message[302] C:\USERS\ERDOG\ONEDRIVE\MASAüSTü\ADC\ADC_LM35.ASM 63 : Register in operand not in bank 0.  Ensure that bank bits are correct.
Message[305] C:\USERS\ERDOG\ONEDRIVE\MASAüSTü\ADC\ADC_LM35.ASM 77 : Using default destination of 1 (file).
Message[305] C:\USERS\ERDOG\ONEDRIVE\MASAüSTü\ADC\ADC_LM35.ASM 80 : Using default destination of 1 (file).
Message[305] C:\USERS\ERDOG\ONEDRIVE\MASAüSTü\ADC\ADC_LM35.ASM 89 : Using default destination of 1 (file).
Message[305] C:\USERS\ERDOG\ONEDRIVE\MASAüSTü\ADC\ADC_LM35.ASM 92 : Using default destination of 1 (file).
Warning[203] C:\USERS\ERDOG\ONEDRIVE\MASAüSTü\ADC\ADC_LM35.ASM 217 : Found opcode in column 1. (RETURN)
Warning[203] C:\USERS\ERDOG\ONEDRIVE\MASAüSTü\ADC\ADC_LM35.ASM 223 : Found opcode in column 1. (RETURN)
Message[305] C:\USERS\ERDOG\ONEDRIVE\MASAüSTü\ADC\ADC_LM35.ASM 250 : Using default destination of 1 (file).
Warning[205] C:\USERS\ERDOG\ONEDRIVE\MASAüSTü\ADC\ADC_LM35.ASM 282 : Found directive in column 1. (END)
