Warning[205] C:\USERS\TUBA\DESKTOP\MASA\YENIMM\DENEY1GECE\DENEY1.ASM 1 : Found directive in column 1. (list)
Warning[205] C:\USERS\TUBA\DESKTOP\MASA\YENIMM\DENEY1GECE\DENEY1.ASM 6 : Found directive in column 1. (org)
Warning[203] C:\USERS\TUBA\DESKTOP\MASA\YENIMM\DENEY1GECE\DENEY1.ASM 7 : Found opcode in column 1. (goto)
Warning[205] C:\USERS\TUBA\DESKTOP\MASA\YENIMM\DENEY1GECE\DENEY1.ASM 8 : Found directive in column 1. (org)
Warning[203] C:\USERS\TUBA\DESKTOP\MASA\YENIMM\DENEY1GECE\DENEY1.ASM 9 : Found opcode in column 1. (goto)
Warning[203] C:\USERS\TUBA\DESKTOP\MASA\YENIMM\DENEY1GECE\DENEY1.ASM 11 : Found opcode in column 1. (RETFIE)
Warning[205] C:\USERS\TUBA\DESKTOP\MASA\YENIMM\DENEY1GECE\DENEY1.ASM 13 : Found directive in column 1. (BANKSEL)
Warning[203] C:\USERS\TUBA\DESKTOP\MASA\YENIMM\DENEY1GECE\DENEY1.ASM 14 : Found opcode in column 1. (MOVLW)
Warning[203] C:\USERS\TUBA\DESKTOP\MASA\YENIMM\DENEY1GECE\DENEY1.ASM 15 : Found opcode in column 1. (MOVWF)
Message[302] C:\USERS\TUBA\DESKTOP\MASA\YENIMM\DENEY1GECE\DENEY1.ASM 15 : Register in operand not in bank 0.  Ensure that bank bits are correct.
Warning[205] C:\USERS\TUBA\DESKTOP\MASA\YENIMM\DENEY1GECE\DENEY1.ASM 16 : Found directive in column 1. (BANKSEL)
Warning[203] C:\USERS\TUBA\DESKTOP\MASA\YENIMM\DENEY1GECE\DENEY1.ASM 17 : Found opcode in column 1. (CLRF)
Warning[205] C:\USERS\TUBA\DESKTOP\MASA\YENIMM\DENEY1GECE\DENEY1.ASM 18 : Found directive in column 1. (BANKSEL)
Warning[203] C:\USERS\TUBA\DESKTOP\MASA\YENIMM\DENEY1GECE\DENEY1.ASM 19 : Found opcode in column 1. (MOVLW)
Warning[203] C:\USERS\TUBA\DESKTOP\MASA\YENIMM\DENEY1GECE\DENEY1.ASM 20 : Found opcode in column 1. (MOVWF)
Message[302] C:\USERS\TUBA\DESKTOP\MASA\YENIMM\DENEY1GECE\DENEY1.ASM 20 : Register in operand not in bank 0.  Ensure that bank bits are correct.
Warning[205] C:\USERS\TUBA\DESKTOP\MASA\YENIMM\DENEY1GECE\DENEY1.ASM 21 : Found directive in column 1. (BANKSEL)
Warning[203] C:\USERS\TUBA\DESKTOP\MASA\YENIMM\DENEY1GECE\DENEY1.ASM 22 : Found opcode in column 1. (CLRF)
Warning[205] C:\USERS\TUBA\DESKTOP\MASA\YENIMM\DENEY1GECE\DENEY1.ASM 23 : Found directive in column 1. (BANKSEL)
Warning[203] C:\USERS\TUBA\DESKTOP\MASA\YENIMM\DENEY1GECE\DENEY1.ASM 24 : Found opcode in column 1. (MOVLW)
Warning[203] C:\USERS\TUBA\DESKTOP\MASA\YENIMM\DENEY1GECE\DENEY1.ASM 25 : Found opcode in column 1. (MOVWF)
Message[302] C:\USERS\TUBA\DESKTOP\MASA\YENIMM\DENEY1GECE\DENEY1.ASM 25 : Register in operand not in bank 0.  Ensure that bank bits are correct.
Warning[205] C:\USERS\TUBA\DESKTOP\MASA\YENIMM\DENEY1GECE\DENEY1.ASM 26 : Found directive in column 1. (BANKSEL)
Warning[203] C:\USERS\TUBA\DESKTOP\MASA\YENIMM\DENEY1GECE\DENEY1.ASM 27 : Found opcode in column 1. (CLRF)
Warning[203] C:\USERS\TUBA\DESKTOP\MASA\YENIMM\DENEY1GECE\DENEY1.ASM 28 : Found opcode in column 1. (CLRF)
Warning[203] C:\USERS\TUBA\DESKTOP\MASA\YENIMM\DENEY1GECE\DENEY1.ASM 29 : Found opcode in column 1. (CLRF)
Warning[203] C:\USERS\TUBA\DESKTOP\MASA\YENIMM\DENEY1GECE\DENEY1.ASM 34 : Found opcode in column 1. (BTFSS)
Warning[203] C:\USERS\TUBA\DESKTOP\MASA\YENIMM\DENEY1GECE\DENEY1.ASM 35 : Found opcode in column 1. (GOTO)
Warning[203] C:\USERS\TUBA\DESKTOP\MASA\YENIMM\DENEY1GECE\DENEY1.ASM 36 : Found opcode in column 1. (BTFSS)
Warning[203] C:\USERS\TUBA\DESKTOP\MASA\YENIMM\DENEY1GECE\DENEY1.ASM 37 : Found opcode in column 1. (GOTO)
Warning[203] C:\USERS\TUBA\DESKTOP\MASA\YENIMM\DENEY1GECE\DENEY1.ASM 38 : Found opcode in column 1. (GOTO)
Warning[203] C:\USERS\TUBA\DESKTOP\MASA\YENIMM\DENEY1GECE\DENEY1.ASM 41 : Found opcode in column 1. (CALL)
Warning[203] C:\USERS\TUBA\DESKTOP\MASA\YENIMM\DENEY1GECE\DENEY1.ASM 42 : Found opcode in column 1. (INCF)
Message[305] C:\USERS\TUBA\DESKTOP\MASA\YENIMM\DENEY1GECE\DENEY1.ASM 42 : Using default destination of 1 (file).
Warning[203] C:\USERS\TUBA\DESKTOP\MASA\YENIMM\DENEY1GECE\DENEY1.ASM 43 : Found opcode in column 1. (CALL)
Warning[203] C:\USERS\TUBA\DESKTOP\MASA\YENIMM\DENEY1GECE\DENEY1.ASM 44 : Found opcode in column 1. (CLRF)
Warning[203] C:\USERS\TUBA\DESKTOP\MASA\YENIMM\DENEY1GECE\DENEY1.ASM 45 : Found opcode in column 1. (GOTO)
Warning[203] C:\USERS\TUBA\DESKTOP\MASA\YENIMM\DENEY1GECE\DENEY1.ASM 47 : Found opcode in column 1. (CALL)
Warning[203] C:\USERS\TUBA\DESKTOP\MASA\YENIMM\DENEY1GECE\DENEY1.ASM 48 : Found opcode in column 1. (DECF)
Message[305] C:\USERS\TUBA\DESKTOP\MASA\YENIMM\DENEY1GECE\DENEY1.ASM 48 : Using default destination of 1 (file).
Warning[203] C:\USERS\TUBA\DESKTOP\MASA\YENIMM\DENEY1GECE\DENEY1.ASM 49 : Found opcode in column 1. (CALL)
Warning[203] C:\USERS\TUBA\DESKTOP\MASA\YENIMM\DENEY1GECE\DENEY1.ASM 50 : Found opcode in column 1. (CLRF)
Warning[203] C:\USERS\TUBA\DESKTOP\MASA\YENIMM\DENEY1GECE\DENEY1.ASM 51 : Found opcode in column 1. (GOTO)
Warning[203] C:\USERS\TUBA\DESKTOP\MASA\YENIMM\DENEY1GECE\DENEY1.ASM 54 : Found opcode in column 1. (NOP)
Warning[203] C:\USERS\TUBA\DESKTOP\MASA\YENIMM\DENEY1GECE\DENEY1.ASM 55 : Found opcode in column 1. (NOP)
Warning[203] C:\USERS\TUBA\DESKTOP\MASA\YENIMM\DENEY1GECE\DENEY1.ASM 56 : Found opcode in column 1. (MOVLW)
Warning[203] C:\USERS\TUBA\DESKTOP\MASA\YENIMM\DENEY1GECE\DENEY1.ASM 57 : Found opcode in column 1. (MOVWF)
Warning[203] C:\USERS\TUBA\DESKTOP\MASA\YENIMM\DENEY1GECE\DENEY1.ASM 59 : Found opcode in column 1. (NOP)
Warning[203] C:\USERS\TUBA\DESKTOP\MASA\YENIMM\DENEY1GECE\DENEY1.ASM 60 : Found opcode in column 1. (NOP)
Warning[203] C:\USERS\TUBA\DESKTOP\MASA\YENIMM\DENEY1GECE\DENEY1.ASM 61 : Found opcode in column 1. (MOVLW)
Warning[203] C:\USERS\TUBA\DESKTOP\MASA\YENIMM\DENEY1GECE\DENEY1.ASM 62 : Found opcode in column 1. (MOVWF)
Warning[203] C:\USERS\TUBA\DESKTOP\MASA\YENIMM\DENEY1GECE\DENEY1.ASM 64 : Found opcode in column 1. (DECFSZ)
Warning[203] C:\USERS\TUBA\DESKTOP\MASA\YENIMM\DENEY1GECE\DENEY1.ASM 65 : Found opcode in column 1. (GOTO)
Warning[203] C:\USERS\TUBA\DESKTOP\MASA\YENIMM\DENEY1GECE\DENEY1.ASM 66 : Found opcode in column 1. (DECFSZ)
Warning[203] C:\USERS\TUBA\DESKTOP\MASA\YENIMM\DENEY1GECE\DENEY1.ASM 67 : Found opcode in column 1. (GOTO)
Warning[203] C:\USERS\TUBA\DESKTOP\MASA\YENIMM\DENEY1GECE\DENEY1.ASM 68 : Found opcode in column 1. (RETURN)
Warning[205] C:\USERS\TUBA\DESKTOP\MASA\YENIMM\DENEY1GECE\DENEY1.ASM 69 : Found directive in column 1. (END)
