MPASM  5.37              TIMER0_VE_TIMER1.ASM   12-28-2010  22:50:25         PAGE  1


LOC  OBJECT CODE     LINE SOURCE TEXT
  VALUE

                      00001         list p=16F877
                      00002         include "p16F877.inc"
                      00001         LIST
                      00002 ; P16F877.INC  Standard Header File, Version 1.00    Microchip Technology, Inc.
                      00373         LIST
                      00003 
Warning[207]: Found label after column 1. (Tmr0Sayaci)
  00000025            00004     Tmr0Sayaci equ 0x25         
Warning[207]: Found label after column 1. (Tmr1Sayaci)
  00000026            00005     Tmr1Sayaci equ 0x26        
0000                  00006         ORG 0
0000   018A           00007         clrf PCLATH                
0001   281F           00008         goto Ana_program            
0004                  00009         ORG 4
                      00010 
0004                  00011 Kesme
0004   190B           00012         btfsc INTCON,T0IF
0005   280B           00013         goto Timer0_islemler    
                      00014 
0006   1283 1303      00015         Banksel PIR1
0008   180C           00016         btfsc PIR1,TMR1IF       
0009   2815           00017         goto Timer1_islemler
000A   0009           00018         retfie
                      00019 
000B                  00020 Timer0_islemler
000B   110B           00021         bcf INTCON,T0IF
000C   0BA5           00022         decfsz Tmr0Sayaci,f
000D   0009           00023         retfie
                      00024 
000E                  00025 Led0
000E   1283 1303      00026         Banksel PORTD
0010   3001           00027         movlw 0x01
0011   0688           00028         xorwf PORTD,F
0012   3030           00029         movlw 30
0013   00A5           00030         movwf Tmr0Sayaci
0014   0009           00031         retfie
                      00032 
0015                  00033 Timer1_islemler
0015   100C           00034         bcf PIR1,TMR1IF
0016   0BA6           00035         decfsz Tmr1Sayaci,f
0017   0009           00036         retfie
                      00037 
0018                  00038 Led1
0018   1283 1303      00039         Banksel PORTD
001A   3002           00040         movlw 0x02
001B   0688           00041         xorwf PORTD,F
                      00042 
001C   3040           00043         movlw 40
001D   00A6           00044         movwf Tmr1Sayaci
001E   0009           00045         retfie
                      00046 
                      00047 
                      00048 
MPASM  5.37              TIMER0_VE_TIMER1.ASM   12-28-2010  22:50:25         PAGE  2


LOC  OBJECT CODE     LINE SOURCE TEXT
  VALUE

001F                  00049 Ana_program
001F   3030           00050         movlw 30                  
0020   00A5           00051         movwf Tmr0Sayaci                
                      00052 
0021   3040           00053         movlw 40                   
0022   00A6           00054         movwf Tmr1Sayaci          
                      00055                           
0023   3017           00056         movlw 0x17                       
0024   1683 1303      00057         banksel OPTION_REG              
Message[302]: Register in operand not in bank 0.  Ensure that bank bits are correct.
0026   0081           00058         movwf OPTION_REG
                      00059          
Message[302]: Register in operand not in bank 0.  Ensure that bank bits are correct.
0027   0188           00060     clrf TRISD  
0028   1283           00061         bcf STATUS,RP0
0029   0188           00062     clrf PORTD
                      00063         
002A   3001           00064         movlw 0x01
002B   0090           00065         movwf T1CON
                      00066 
002C   100C           00067         bcf PIR1,TMR1IF
002D   1683 1303      00068         banksel PIE1
Message[302]: Register in operand not in bank 0.  Ensure that bank bits are correct.
002F   140C           00069         bsf PIE1,TMR1IE
0030   30E0           00070         movlw 0xE0
0031   008B           00071         movwf INTCON
                      00072                    
0032   1283           00073         bcf STATUS,RP0
                      00074 
0033                  00075 ana_j1
0033   2833           00076         goto ana_j1
                      00077         END
MPASM  5.37              TIMER0_VE_TIMER1.ASM   12-28-2010  22:50:25         PAGE  3


SYMBOL TABLE
  LABEL                             VALUE 

ACKDT                             00000005
ACKEN                             00000004
ACKSTAT                           00000006
ADCON0                            0000001F
ADCON1                            0000009F
ADCS0                             00000006
ADCS1                             00000007
ADDEN                             00000003
ADFM                              00000007
ADIE                              00000006
ADIF                              00000006
ADON                              00000000
ADRESH                            0000001E
ADRESL                            0000009E
Ana_program                       0000001F
BCLIE                             00000003
BCLIF                             00000003
BF                                00000000
BRGH                              00000002
C                                 00000000
CCP1CON                           00000017
CCP1IE                            00000002
CCP1IF                            00000002
CCP1M0                            00000000
CCP1M1                            00000001
CCP1M2                            00000002
CCP1M3                            00000003
CCP1X                             00000005
CCP1Y                             00000004
CCP2CON                           0000001D
CCP2IE                            00000000
CCP2IF                            00000000
CCP2M0                            00000000
CCP2M1                            00000001
CCP2M2                            00000002
CCP2M3                            00000003
CCP2X                             00000005
CCP2Y                             00000004
CCPR1H                            00000016
CCPR1L                            00000015
CCPR2H                            0000001C
CCPR2L                            0000001B
CHS0                              00000003
CHS1                              00000004
CHS2                              00000005
CKE                               00000006
CKP                               00000004
CREN                              00000004
CSRC                              00000007
D                                 00000005
DATA_ADDRESS                      00000005
DC                                00000001
D_A                               00000005
MPASM  5.37              TIMER0_VE_TIMER1.ASM   12-28-2010  22:50:25         PAGE  4


SYMBOL TABLE
  LABEL                             VALUE 

EEADR                             0000010D
EEADRH                            0000010F
EECON1                            0000018C
EECON2                            0000018D
EEDATA                            0000010C
EEDATH                            0000010E
EEIE                              00000004
EEIF                              00000004
EEPGD                             00000007
F                                 00000001
FERR                              00000002
FSR                               00000004
GCEN                              00000007
GIE                               00000007
GO                                00000002
GO_DONE                           00000002
I2C_DATA                          00000005
I2C_READ                          00000002
I2C_START                         00000003
I2C_STOP                          00000004
IBF                               00000007
IBOV                              00000005
INDF                              00000000
INTCON                            0000000B
INTE                              00000004
INTEDG                            00000006
INTF                              00000001
IRP                               00000007
Kesme                             00000004
Led0                              0000000E
Led1                              00000018
NOT_A                             00000005
NOT_ADDRESS                       00000005
NOT_BO                            00000000
NOT_BOR                           00000000
NOT_DONE                          00000002
NOT_PD                            00000003
NOT_POR                           00000001
NOT_RBPU                          00000007
NOT_RC8                           00000006
NOT_T1SYNC                        00000002
NOT_TO                            00000004
NOT_TX8                           00000006
NOT_W                             00000002
NOT_WRITE                         00000002
OBF                               00000006
OERR                              00000001
OPTION_REG                        00000081
P                                 00000004
PCFG0                             00000000
PCFG1                             00000001
PCFG2                             00000002
PCFG3                             00000003
MPASM  5.37              TIMER0_VE_TIMER1.ASM   12-28-2010  22:50:25         PAGE  5


SYMBOL TABLE
  LABEL                             VALUE 

PCL                               00000002
PCLATH                            0000000A
PCON                              0000008E
PEIE                              00000006
PEN                               00000002
PIE1                              0000008C
PIE2                              0000008D
PIR1                              0000000C
PIR2                              0000000D
PORTA                             00000005
PORTB                             00000006
PORTC                             00000007
PORTD                             00000008
PORTE                             00000009
PR2                               00000092
PS0                               00000000
PS1                               00000001
PS2                               00000002
PSA                               00000003
PSPIE                             00000007
PSPIF                             00000007
PSPMODE                           00000004
R                                 00000002
RBIE                              00000003
RBIF                              00000000
RC8_9                             00000006
RC9                               00000006
RCD8                              00000000
RCEN                              00000003
RCIE                              00000005
RCIF                              00000005
RCREG                             0000001A
RCSTA                             00000018
RD                                00000000
READ_WRITE                        00000002
RP0                               00000005
RP1                               00000006
RSEN                              00000001
RX9                               00000006
RX9D                              00000000
R_W                               00000002
S                                 00000003
SEN                               00000000
SMP                               00000007
SPBRG                             00000099
SPEN                              00000007
SREN                              00000005
SSPADD                            00000093
SSPBUF                            00000013
SSPCON                            00000014
SSPCON2                           00000091
SSPEN                             00000005
SSPIE                             00000003
MPASM  5.37              TIMER0_VE_TIMER1.ASM   12-28-2010  22:50:25         PAGE  6


SYMBOL TABLE
  LABEL                             VALUE 

SSPIF                             00000003
SSPM0                             00000000
SSPM1                             00000001
SSPM2                             00000002
SSPM3                             00000003
SSPOV                             00000006
SSPSTAT                           00000094
STATUS                            00000003
SYNC                              00000004
T0CS                              00000005
T0IE                              00000005
T0IF                              00000002
T0SE                              00000004
T1CKPS0                           00000004
T1CKPS1                           00000005
T1CON                             00000010
T1INSYNC                          00000002
T1OSCEN                           00000003
T1SYNC                            00000002
T2CKPS0                           00000000
T2CKPS1                           00000001
T2CON                             00000012
TMR0                              00000001
TMR1CS                            00000001
TMR1H                             0000000F
TMR1IE                            00000000
TMR1IF                            00000000
TMR1L                             0000000E
TMR1ON                            00000000
TMR2                              00000011
TMR2IE                            00000001
TMR2IF                            00000001
TMR2ON                            00000002
TOUTPS0                           00000003
TOUTPS1                           00000004
TOUTPS2                           00000005
TOUTPS3                           00000006
TRISA                             00000085
TRISB                             00000086
TRISC                             00000087
TRISD                             00000088
TRISE                             00000089
TRISE0                            00000000
TRISE1                            00000001
TRISE2                            00000002
TRMT                              00000001
TX8_9                             00000006
TX9                               00000006
TX9D                              00000000
TXD8                              00000000
TXEN                              00000005
TXIE                              00000004
TXIF                              00000004
MPASM  5.37              TIMER0_VE_TIMER1.ASM   12-28-2010  22:50:25         PAGE  7


SYMBOL TABLE
  LABEL                             VALUE 

TXREG                             00000019
TXSTA                             00000098
Timer0_islemler                   0000000B
Timer1_islemler                   00000015
Tmr0Sayaci                        00000025
Tmr1Sayaci                        00000026
UA                                00000001
W                                 00000000
WCOL                              00000007
WR                                00000001
WREN                              00000002
WRERR                             00000003
Z                                 00000002
_BODEN_OFF                        00003FBF
_BODEN_ON                         00003FFF
_CPD_OFF                          00003FFF
_CPD_ON                           00003EFF
_CP_ALL                           00000FCF
_CP_HALF                          00001FDF
_CP_OFF                           00003FFF
_CP_UPPER_256                     00002FEF
_DEBUG_OFF                        00003FFF
_DEBUG_ON                         000037FF
_HS_OSC                           00003FFE
_LP_OSC                           00003FFC
_LVP_OFF                          00003F7F
_LVP_ON                           00003FFF
_PWRTE_OFF                        00003FFF
_PWRTE_ON                         00003FF7
_RC_OSC                           00003FFF
_WDT_OFF                          00003FFB
_WDT_ON                           00003FFF
_WRT_ENABLE_OFF                   00003DFF
_WRT_ENABLE_ON                    00003FFF
_XT_OSC                           00003FFD
__16F877                          00000001
__DEBUG                           1
ana_j1                            00000033


MEMORY USAGE MAP ('X' = Used,  '-' = Unused)

0000 : XX--XXXXXXXXXXXX XXXXXXXXXXXXXXXX XXXXXXXXXXXXXXXX XXXX------------

All other memory blocks unused.

Program Memory Words Used:    50
Program Memory Words Free:  8142


MPASM  5.37              TIMER0_VE_TIMER1.ASM   12-28-2010  22:50:25         PAGE  8





Errors   :     0
Warnings :     2 reported,     0 suppressed
Messages :     3 reported,     0 suppressed

