Warning[205] C:\USERS\HP\DESKTOP\BUT\PWM\PWM.ASM 1 : Found directive in column 1. (list)
Warning[207] C:\USERS\HP\DESKTOP\BUT\PWM\PWM.ASM 3 : Found label after column 1. (SAYAC)
Warning[205] C:\USERS\HP\DESKTOP\BUT\PWM\PWM.ASM 4 : Found directive in column 1. (ORG)
Warning[207] C:\USERS\HP\DESKTOP\BUT\PWM\PWM.ASM 7 : Found label after column 1. (KESME)
Warning[203] C:\USERS\HP\DESKTOP\BUT\PWM\PWM.ASM 9 : Found opcode in column 1. (RETFIE)
Warning[203] C:\USERS\HP\DESKTOP\BUT\PWM\PWM.ASM 10 : Found opcode in column 1. (BTFSC)
Warning[203] C:\USERS\HP\DESKTOP\BUT\PWM\PWM.ASM 11 : Found opcode in column 1. (GOTO)
Warning[203] C:\USERS\HP\DESKTOP\BUT\PWM\PWM.ASM 12 : Found opcode in column 1. (MOVF)
Warning[203] C:\USERS\HP\DESKTOP\BUT\PWM\PWM.ASM 13 : Found opcode in column 1. (XORLW)
Warning[203] C:\USERS\HP\DESKTOP\BUT\PWM\PWM.ASM 14 : Found opcode in column 1. (BTFSC)
Warning[203] C:\USERS\HP\DESKTOP\BUT\PWM\PWM.ASM 15 : Found opcode in column 1. (GOTO)
Warning[203] C:\USERS\HP\DESKTOP\BUT\PWM\PWM.ASM 16 : Found opcode in column 1. (MOVF)
Warning[203] C:\USERS\HP\DESKTOP\BUT\PWM\PWM.ASM 17 : Found opcode in column 1. (ADDWF)
Warning[203] C:\USERS\HP\DESKTOP\BUT\PWM\PWM.ASM 18 : Found opcode in column 1. (GOTO)
Warning[203] C:\USERS\HP\DESKTOP\BUT\PWM\PWM.ASM 20 : Found opcode in column 1. (BTFSC)
Warning[203] C:\USERS\HP\DESKTOP\BUT\PWM\PWM.ASM 21 : Found opcode in column 1. (GOTO)
Warning[203] C:\USERS\HP\DESKTOP\BUT\PWM\PWM.ASM 22 : Found opcode in column 1. (MOVF)
Warning[203] C:\USERS\HP\DESKTOP\BUT\PWM\PWM.ASM 23 : Found opcode in column 1. (XORLW)
Warning[203] C:\USERS\HP\DESKTOP\BUT\PWM\PWM.ASM 24 : Found opcode in column 1. (BTFSC)
Warning[203] C:\USERS\HP\DESKTOP\BUT\PWM\PWM.ASM 25 : Found opcode in column 1. (GOTO)
Warning[203] C:\USERS\HP\DESKTOP\BUT\PWM\PWM.ASM 26 : Found opcode in column 1. (MOVF)
Warning[203] C:\USERS\HP\DESKTOP\BUT\PWM\PWM.ASM 27 : Found opcode in column 1. (SUBWF)
Warning[203] C:\USERS\HP\DESKTOP\BUT\PWM\PWM.ASM 28 : Found opcode in column 1. (GOTO)
Warning[203] C:\USERS\HP\DESKTOP\BUT\PWM\PWM.ASM 30 : Found opcode in column 1. (BCF)
Warning[203] C:\USERS\HP\DESKTOP\BUT\PWM\PWM.ASM 31 : Found opcode in column 1. (RETFIE)
Warning[205] C:\USERS\HP\DESKTOP\BUT\PWM\PWM.ASM 41 : Found directive in column 1. (BANKSEL)
Warning[203] C:\USERS\HP\DESKTOP\BUT\PWM\PWM.ASM 42 : Found opcode in column 1. (CLRF)
Message[302] C:\USERS\HP\DESKTOP\BUT\PWM\PWM.ASM 42 : Register in operand not in bank 0.  Ensure that bank bits are correct.
Warning[203] C:\USERS\HP\DESKTOP\BUT\PWM\PWM.ASM 44 : Found opcode in column 1. (CLRF)
Warning[205] C:\USERS\HP\DESKTOP\BUT\PWM\PWM.ASM 45 : Found directive in column 1. (BANKSEL)
Warning[203] C:\USERS\HP\DESKTOP\BUT\PWM\PWM.ASM 46 : Found opcode in column 1. (MOVLW)
Warning[203] C:\USERS\HP\DESKTOP\BUT\PWM\PWM.ASM 47 : Found opcode in column 1. (MOVWF)
Message[302] C:\USERS\HP\DESKTOP\BUT\PWM\PWM.ASM 47 : Register in operand not in bank 0.  Ensure that bank bits are correct.
Warning[205] C:\USERS\HP\DESKTOP\BUT\PWM\PWM.ASM 48 : Found directive in column 1. (BANKSEL)
Warning[203] C:\USERS\HP\DESKTOP\BUT\PWM\PWM.ASM 49 : Found opcode in column 1. (CLRF)
Warning[205] C:\USERS\HP\DESKTOP\BUT\PWM\PWM.ASM 50 : Found directive in column 1. (BANKSEL)
Warning[203] C:\USERS\HP\DESKTOP\BUT\PWM\PWM.ASM 51 : Found opcode in column 1. (MOVLW)
Warning[203] C:\USERS\HP\DESKTOP\BUT\PWM\PWM.ASM 52 : Found opcode in column 1. (MOVWF)
Warning[205] C:\USERS\HP\DESKTOP\BUT\PWM\PWM.ASM 53 : Found directive in column 1. (BANKSEL)
Warning[203] C:\USERS\HP\DESKTOP\BUT\PWM\PWM.ASM 54 : Found opcode in column 1. (BSF)
Message[302] C:\USERS\HP\DESKTOP\BUT\PWM\PWM.ASM 54 : Register in operand not in bank 0.  Ensure that bank bits are correct.
Warning[205] C:\USERS\HP\DESKTOP\BUT\PWM\PWM.ASM 55 : Found directive in column 1. (BANKSEL)
Warning[203] C:\USERS\HP\DESKTOP\BUT\PWM\PWM.ASM 56 : Found opcode in column 1. (MOVLW)
Warning[203] C:\USERS\HP\DESKTOP\BUT\PWM\PWM.ASM 57 : Found opcode in column 1. (MOVWF)
Warning[205] C:\USERS\HP\DESKTOP\BUT\PWM\PWM.ASM 58 : Found directive in column 1. (BANKSEL)
Warning[203] C:\USERS\HP\DESKTOP\BUT\PWM\PWM.ASM 59 : Found opcode in column 1. (MOVLW)
Warning[203] C:\USERS\HP\DESKTOP\BUT\PWM\PWM.ASM 60 : Found opcode in column 1. (MOVWF)
Message[302] C:\USERS\HP\DESKTOP\BUT\PWM\PWM.ASM 60 : Register in operand not in bank 0.  Ensure that bank bits are correct.
Warning[205] C:\USERS\HP\DESKTOP\BUT\PWM\PWM.ASM 61 : Found directive in column 1. (BANKSEL)
Warning[203] C:\USERS\HP\DESKTOP\BUT\PWM\PWM.ASM 62 : Found opcode in column 1. (MOVLW)
Warning[203] C:\USERS\HP\DESKTOP\BUT\PWM\PWM.ASM 63 : Found opcode in column 1. (MOVWF)
Warning[205] C:\USERS\HP\DESKTOP\BUT\PWM\PWM.ASM 64 : Found directive in column 1. (BANKSEL)
Warning[203] C:\USERS\HP\DESKTOP\BUT\PWM\PWM.ASM 65 : Found opcode in column 1. (MOVLW)
Warning[203] C:\USERS\HP\DESKTOP\BUT\PWM\PWM.ASM 66 : Found opcode in column 1. (MOVWF)
Warning[205] C:\USERS\HP\DESKTOP\BUT\PWM\PWM.ASM 67 : Found directive in column 1. (BANKSEL)
Warning[203] C:\USERS\HP\DESKTOP\BUT\PWM\PWM.ASM 68 : Found opcode in column 1. (CLRF)
Warning[203] C:\USERS\HP\DESKTOP\BUT\PWM\PWM.ASM 69 : Found opcode in column 1. (MOVLW)
Warning[203] C:\USERS\HP\DESKTOP\BUT\PWM\PWM.ASM 70 : Found opcode in column 1. (MOVWF)
Warning[203] C:\USERS\HP\DESKTOP\BUT\PWM\PWM.ASM 72 : Found opcode in column 1. (GOTO)
Warning[205] C:\USERS\HP\DESKTOP\BUT\PWM\PWM.ASM 73 : Found directive in column 1. (END)
