MPASM  5.42                           FSR.ASM   12-29-2012  17:14:32         PAGE  1


LOC  OBJECT CODE     LINE SOURCE TEXT
  VALUE

Warning[205]: Found directive in column 1. (list)
                      00001 list p=16f877a
                      00002 #include <p16f877A.inc>
                      00001         LIST
                      00002 
                      00003 ;==========================================================================
                      00004 ;  MPASM PIC16F877A processor include
                      00005 ; 
                      00006 ;  (c) Copyright 1999-2011 Microchip Technology, All rights reserved
                      00007 ;==========================================================================
                      00008 
                      00555         LIST
  00000023            00003 SAYAC EQU 0X23
  00000024            00004 SAYAC1 EQU 0x24
  00000025            00005 SAYAC2 EQU 0x25
  00000026            00006 LCD_VERI EQU 0x26
  00000027            00007 VERI EQU 0x27
                      00008 
Warning[205]: Found directive in column 1. (ORG)
0000                  00009 ORG 0
Warning[203]: Found opcode in column 1. (GOTO)
0000   2806           00010 GOTO ANA
Warning[205]: Found directive in column 1. (ORG)
0004                  00011 ORG 4
Warning[203]: Found opcode in column 1. (GOTO)
0004   2805           00012 GOTO KESME
0005                  00013 KESME:
Warning[203]: Found opcode in column 1. (RETFIE)
0005   0009           00014 RETFIE
0006                  00015 ANA:
Warning[205]: Found directive in column 1. (BANKSEL)
0006   1683 1303      00016 BANKSEL TRISB
Warning[203]: Found opcode in column 1. (CLRF)
Message[302]: Register in operand not in bank 0.  Ensure that bank bits are correct.
0008   0186           00017 CLRF TRISB
Warning[205]: Found directive in column 1. (BANKSEL)
0009   1283 1303      00018 BANKSEL PORTB
Warning[203]: Found opcode in column 1. (CLRF)
000B   0186           00019 CLRF PORTB
Warning[203]: Found opcode in column 1. (CALL)
000C   202C           00020 CALL LCD_HAZIRLA
Warning[205]: Found directive in column 1. (BANKSEL)
000D   1283 1303      00021 BANKSEL SAYAC
Warning[203]: Found opcode in column 1. (CLRF)
000F   01A3           00022 CLRF SAYAC
0010                  00023 DON2:
Warning[203]: Found opcode in column 1. (MOVLW)
0010   3006           00024 MOVLW H'06'
Warning[203]: Found opcode in column 1. (CALL)
0011   2042           00025 CALL KOMUT_YAZ
Warning[203]: Found opcode in column 1. (MOVF)
0012   0823           00026 MOVF SAYAC,0
Warning[203]: Found opcode in column 1. (CALL)
MPASM  5.42                           FSR.ASM   12-29-2012  17:14:32         PAGE  2


LOC  OBJECT CODE     LINE SOURCE TEXT
  VALUE

0013   2035           00027 CALL TABLO 
Warning[203]: Found opcode in column 1. (MOVWF)
0014   00A7           00028 MOVWF VERI
Warning[203]: Found opcode in column 1. (MOVF)
0015   0827           00029 MOVF VERI,0
Warning[203]: Found opcode in column 1. (CALL)
0016   204F           00030 CALL KARAKTER_YAZ
Warning[203]: Found opcode in column 1. (INCF)
0017   0AA3           00031 INCF SAYAC,F
Warning[203]: Found opcode in column 1. (MOVLW)
0018   3004           00032 MOVLW D'4'
Warning[203]: Found opcode in column 1. (SUBWF)
0019   0223           00033 SUBWF SAYAC,0
Warning[203]: Found opcode in column 1. (BTFSC)
001A   1903           00034 BTFSC STATUS,Z
Warning[203]: Found opcode in column 1. (GOTO)
001B   281D           00035 GOTO    DON3
Warning[203]: Found opcode in column 1. (GOTO)
001C   2810           00036 GOTO    DON2
001D                  00037 DON3:
Warning[203]: Found opcode in column 1. (CALL)
001D   203F           00038 CALL    IKINCI_SATIR
001E                  00039 DON4:
Warning[203]: Found opcode in column 1. (MOVLW)
001E   3006           00040 MOVLW H'06'
Warning[203]: Found opcode in column 1. (CALL)
001F   2042           00041 CALL KOMUT_YAZ
Warning[203]: Found opcode in column 1. (MOVF)
0020   0823           00042 MOVF SAYAC,0
Warning[203]: Found opcode in column 1. (CALL)
0021   2035           00043 CALL TABLO 
Warning[203]: Found opcode in column 1. (MOVWF)
0022   00A7           00044 MOVWF VERI
Warning[203]: Found opcode in column 1. (MOVF)
0023   0827           00045 MOVF VERI,0
Warning[203]: Found opcode in column 1. (CALL)
0024   204F           00046 CALL KARAKTER_YAZ
Warning[203]: Found opcode in column 1. (INCF)
0025   0AA3           00047 INCF SAYAC,F
Warning[203]: Found opcode in column 1. (MOVLW)
0026   3009           00048 MOVLW D'9'
Warning[203]: Found opcode in column 1. (SUBWF)
0027   0223           00049 SUBWF SAYAC,0
Warning[203]: Found opcode in column 1. (BTFSC)
0028   1903           00050 BTFSC STATUS,Z
Warning[203]: Found opcode in column 1. (GOTO)
0029   282B           00051 GOTO    DONGU
Warning[203]: Found opcode in column 1. (GOTO)
002A   281E           00052 GOTO DON4
                      00053 
002B                  00054 DONGU
002B   282B           00055         GOTO    DONGU
                      00056 
MPASM  5.42                           FSR.ASM   12-29-2012  17:14:32         PAGE  3


LOC  OBJECT CODE     LINE SOURCE TEXT
  VALUE

                      00057 
                      00058 
                      00059 
                      00060 
                      00061 
002C                  00062 LCD_HAZIRLA:
Warning[203]: Found opcode in column 1. (MOVLW)
002C   3002           00063 MOVLW H'02'
Warning[203]: Found opcode in column 1. (CALL)
002D   2042           00064 CALL KOMUT_YAZ
Warning[203]: Found opcode in column 1. (MOVLW)
002E   300E           00065 MOVLW H'0E'
Warning[203]: Found opcode in column 1. (CALL)
002F   2042           00066 CALL KOMUT_YAZ
Warning[203]: Found opcode in column 1. (MOVLW)
0030   3001           00067 MOVLW H'01'
Warning[203]: Found opcode in column 1. (CALL)
0031   2042           00068 CALL KOMUT_YAZ
Warning[203]: Found opcode in column 1. (MOVLW)
0032   3028           00069 MOVLW H'28'
Warning[203]: Found opcode in column 1. (CALL)
0033   2042           00070 CALL KOMUT_YAZ
                      00071 
Warning[203]: Found opcode in column 1. (RETURN)
0034   0008           00072 RETURN
0035                  00073 TABLO:
Warning[203]: Found opcode in column 1. (ADDWF)
0035   0782           00074 ADDWF PCL,F
Warning[203]: Found opcode in column 1. (RETLW)
0036   3454           00075 RETLW 'T'
Warning[203]: Found opcode in column 1. (RETLW)
0037   3455           00076 RETLW 'U'
Warning[203]: Found opcode in column 1. (RETLW)
0038   3442           00077 RETLW 'B'
Warning[203]: Found opcode in column 1. (RETLW)
0039   3441           00078 RETLW 'A'
Warning[203]: Found opcode in column 1. (RETLW)
003A   3443           00079 RETLW 'C'
Warning[203]: Found opcode in column 1. (RETLW)
003B   3445           00080 RETLW 'E'
Warning[203]: Found opcode in column 1. (RETLW)
003C   344C           00081 RETLW 'L'
Warning[203]: Found opcode in column 1. (RETLW)
003D   3449           00082 RETLW 'I'
Warning[203]: Found opcode in column 1. (RETLW)
003E   344B           00083 RETLW 'K'
                      00084 
                      00085 
003F                  00086 IKINCI_SATIR:
Warning[203]: Found opcode in column 1. (MOVLW)
003F   30C0           00087 MOVLW H'C0'
Warning[203]: Found opcode in column 1. (CALL)
0040   2042           00088 CALL KOMUT_YAZ
MPASM  5.42                           FSR.ASM   12-29-2012  17:14:32         PAGE  4


LOC  OBJECT CODE     LINE SOURCE TEXT
  VALUE

Warning[203]: Found opcode in column 1. (RETURN)
0041   0008           00089 RETURN
0042                  00090 KOMUT_YAZ:
Warning[203]: Found opcode in column 1. (MOVWF)
0042   00A6           00091 MOVWF LCD_VERI
Warning[203]: Found opcode in column 1. (SWAPF)
0043   0E26           00092 SWAPF LCD_VERI,0
Warning[203]: Found opcode in column 1. (CALL)
0044   2048           00093 CALL KOMUT_GONDER
Warning[203]: Found opcode in column 1. (MOVF)
0045   0826           00094 MOVF LCD_VERI,0
Warning[203]: Found opcode in column 1. (CALL)
0046   2048           00095 CALL KOMUT_GONDER
Warning[203]: Found opcode in column 1. (RETURN)
0047   0008           00096 RETURN
0048                  00097 KOMUT_GONDER:
Warning[203]: Found opcode in column 1. (ANDLW)
0048   390F           00098 ANDLW H'0F'
Warning[203]: Found opcode in column 1. (MOVWF)
0049   0086           00099 MOVWF PORTB
Warning[203]: Found opcode in column 1. (BCF)
004A   1206           00100 BCF PORTB,4
Warning[203]: Found opcode in column 1. (BSF)
004B   1686           00101 BSF PORTB,5
                      00102 
Warning[203]: Found opcode in column 1. (BCF)
004C   1286           00103 BCF PORTB,5
Warning[203]: Found opcode in column 1. (CALL)
004D   205C           00104 CALL GECIK
Warning[203]: Found opcode in column 1. (RETURN)
004E   0008           00105 RETURN
004F                  00106 KARAKTER_YAZ:
Warning[203]: Found opcode in column 1. (MOVWF)
004F   00A6           00107 MOVWF LCD_VERI
Warning[203]: Found opcode in column 1. (SWAPF)
0050   0E26           00108 SWAPF LCD_VERI,0
Warning[203]: Found opcode in column 1. (CALL)
0051   2055           00109 CALL KARAKTER_GONDER
Warning[203]: Found opcode in column 1. (MOVF)
0052   0826           00110 MOVF LCD_VERI,0
Warning[203]: Found opcode in column 1. (CALL)
0053   2055           00111 CALL KARAKTER_GONDER
Warning[203]: Found opcode in column 1. (RETURN)
0054   0008           00112 RETURN
                      00113 
0055                  00114 KARAKTER_GONDER:
Warning[203]: Found opcode in column 1. (ANDLW)
0055   390F           00115 ANDLW H'0F'
Warning[203]: Found opcode in column 1. (MOVWF)
0056   0086           00116 MOVWF PORTB
Warning[203]: Found opcode in column 1. (BSF)
0057   1606           00117 BSF PORTB,4
Warning[203]: Found opcode in column 1. (BSF)
MPASM  5.42                           FSR.ASM   12-29-2012  17:14:32         PAGE  5


LOC  OBJECT CODE     LINE SOURCE TEXT
  VALUE

0058   1686           00118 BSF PORTB,5
                      00119 
Warning[203]: Found opcode in column 1. (BCF)
0059   1286           00120 BCF PORTB,5
Warning[203]: Found opcode in column 1. (CALL)
005A   205C           00121 CALL GECIK
Warning[203]: Found opcode in column 1. (RETURN)
005B   0008           00122 RETURN
                      00123 
                      00124 
005C                  00125 GECIK:
Warning[203]: Found opcode in column 1. (MOVLW)
005C   30FF           00126 MOVLW H'FF'
Warning[203]: Found opcode in column 1. (MOVWF)
005D   00A4           00127 MOVWF SAYAC1
005E                  00128 DON:
Warning[203]: Found opcode in column 1. (MOVLW)
005E   30FF           00129 MOVLW H'FF'
Warning[203]: Found opcode in column 1. (MOVWF)
005F   00A5           00130 MOVWF SAYAC2
0060                  00131 DON1:
Warning[203]: Found opcode in column 1. (DECFSZ)
0060   0BA5           00132 DECFSZ SAYAC2,F
Warning[203]: Found opcode in column 1. (GOTO)
0061   2860           00133 GOTO DON1
Warning[203]: Found opcode in column 1. (DECFSZ)
0062   0BA4           00134 DECFSZ SAYAC1,F
Warning[203]: Found opcode in column 1. (GOTO)
0063   285E           00135 GOTO DON
Warning[203]: Found opcode in column 1. (RETURN)
0064   0008           00136 RETURN
Warning[205]: Found directive in column 1. (end)
                      00137 end
MPASM  5.42                           FSR.ASM   12-29-2012  17:14:32         PAGE  6


SYMBOL TABLE
  LABEL                             VALUE 

ACKDT                             00000005
ACKEN                             00000004
ACKSTAT                           00000006
ADCON0                            0000001F
ADCON1                            0000009F
ADCS0                             00000006
ADCS1                             00000007
ADCS2                             00000006
ADDEN                             00000003
ADFM                              00000007
ADIE                              00000006
ADIF                              00000006
ADON                              00000000
ADRESH                            0000001E
ADRESL                            0000009E
ANA                               00000006
BCLIE                             00000003
BCLIF                             00000003
BF                                00000000
BRGH                              00000002
C                                 00000000
C1INV                             00000004
C1OUT                             00000006
C2INV                             00000005
C2OUT                             00000007
CCP1CON                           00000017
CCP1IE                            00000002
CCP1IF                            00000002
CCP1M0                            00000000
CCP1M1                            00000001
CCP1M2                            00000002
CCP1M3                            00000003
CCP1X                             00000005
CCP1Y                             00000004
CCP2CON                           0000001D
CCP2IE                            00000000
CCP2IF                            00000000
CCP2M0                            00000000
CCP2M1                            00000001
CCP2M2                            00000002
CCP2M3                            00000003
CCP2X                             00000005
CCP2Y                             00000004
CCPR1                             00000015
CCPR1H                            00000016
CCPR1L                            00000015
CCPR2                             0000001B
CCPR2H                            0000001C
CCPR2L                            0000001B
CHS0                              00000003
CHS1                              00000004
CHS2                              00000005
CIS                               00000003
MPASM  5.42                           FSR.ASM   12-29-2012  17:14:32         PAGE  7


SYMBOL TABLE
  LABEL                             VALUE 

CKE                               00000006
CKP                               00000004
CM0                               00000000
CM1                               00000001
CM2                               00000002
CMCON                             0000009C
CMIE                              00000006
CMIF                              00000006
CREN                              00000004
CSRC                              00000007
CVR0                              00000000
CVR1                              00000001
CVR2                              00000002
CVR3                              00000003
CVRCON                            0000009D
CVREN                             00000007
CVROE                             00000006
CVRR                              00000005
D                                 00000005
DATA_ADDRESS                      00000005
DC                                00000001
DON                               0000005E
DON1                              00000060
DON2                              00000010
DON3                              0000001D
DON4                              0000001E
DONGU                             0000002B
D_A                               00000005
D_NOT_A                           00000005
EEADR                             0000010D
EEADRH                            0000010F
EECON1                            0000018C
EECON2                            0000018D
EEDATA                            0000010C
EEDATH                            0000010E
EEIE                              00000004
EEIF                              00000004
EEPGD                             00000007
F                                 00000001
FERR                              00000002
FSR                               00000004
GCEN                              00000007
GECIK                             0000005C
GIE                               00000007
GO                                00000002
GO_DONE                           00000002
GO_NOT_DONE                       00000002
I2C_DATA                          00000005
I2C_READ                          00000002
I2C_START                         00000003
I2C_STOP                          00000004
IBF                               00000007
IBOV                              00000005
MPASM  5.42                           FSR.ASM   12-29-2012  17:14:32         PAGE  8


SYMBOL TABLE
  LABEL                             VALUE 

IKINCI_SATIR                      0000003F
INDF                              00000000
INTCON                            0000000B
INTE                              00000004
INTEDG                            00000006
INTF                              00000001
IRP                               00000007
KARAKTER_GONDER                   00000055
KARAKTER_YAZ                      0000004F
KESME                             00000005
KOMUT_GONDER                      00000048
KOMUT_YAZ                         00000042
LCD_HAZIRLA                       0000002C
LCD_VERI                          00000026
NOT_A                             00000005
NOT_ADDRESS                       00000005
NOT_BO                            00000000
NOT_BOR                           00000000
NOT_DONE                          00000002
NOT_PD                            00000003
NOT_POR                           00000001
NOT_RBPU                          00000007
NOT_RC8                           00000006
NOT_T1SYNC                        00000002
NOT_TO                            00000004
NOT_TX8                           00000006
NOT_W                             00000002
NOT_WRITE                         00000002
OBF                               00000006
OERR                              00000001
OPTION_REG                        00000081
P                                 00000004
PCFG0                             00000000
PCFG1                             00000001
PCFG2                             00000002
PCFG3                             00000003
PCL                               00000002
PCLATH                            0000000A
PCON                              0000008E
PEIE                              00000006
PEN                               00000002
PIE1                              0000008C
PIE2                              0000008D
PIR1                              0000000C
PIR2                              0000000D
PORTA                             00000005
PORTB                             00000006
PORTC                             00000007
PORTD                             00000008
PORTE                             00000009
PR2                               00000092
PS0                               00000000
PS1                               00000001
MPASM  5.42                           FSR.ASM   12-29-2012  17:14:32         PAGE  9


SYMBOL TABLE
  LABEL                             VALUE 

PS2                               00000002
PSA                               00000003
PSPIE                             00000007
PSPIF                             00000007
PSPMODE                           00000004
R                                 00000002
RA0                               00000000
RA1                               00000001
RA2                               00000002
RA3                               00000003
RA4                               00000004
RA5                               00000005
RB0                               00000000
RB1                               00000001
RB2                               00000002
RB3                               00000003
RB4                               00000004
RB5                               00000005
RB6                               00000006
RB7                               00000007
RBIE                              00000003
RBIF                              00000000
RC0                               00000000
RC1                               00000001
RC2                               00000002
RC3                               00000003
RC4                               00000004
RC5                               00000005
RC6                               00000006
RC7                               00000007
RC8_9                             00000006
RC9                               00000006
RCD8                              00000000
RCEN                              00000003
RCIE                              00000005
RCIF                              00000005
RCREG                             0000001A
RCSTA                             00000018
RD                                00000000
RD0                               00000000
RD1                               00000001
RD2                               00000002
RD3                               00000003
RD4                               00000004
RD5                               00000005
RD6                               00000006
RD7                               00000007
RE0                               00000000
RE1                               00000001
RE2                               00000002
READ_WRITE                        00000002
RP0                               00000005
RP1                               00000006
MPASM  5.42                           FSR.ASM   12-29-2012  17:14:32         PAGE 10


SYMBOL TABLE
  LABEL                             VALUE 

RSEN                              00000001
RX9                               00000006
RX9D                              00000000
R_NOT_W                           00000002
R_W                               00000002
S                                 00000003
SAYAC                             00000023
SAYAC1                            00000024
SAYAC2                            00000025
SEN                               00000000
SMP                               00000007
SPBRG                             00000099
SPEN                              00000007
SREN                              00000005
SSPADD                            00000093
SSPBUF                            00000013
SSPCON                            00000014
SSPCON2                           00000091
SSPEN                             00000005
SSPIE                             00000003
SSPIF                             00000003
SSPM0                             00000000
SSPM1                             00000001
SSPM2                             00000002
SSPM3                             00000003
SSPOV                             00000006
SSPSTAT                           00000094
STATUS                            00000003
SYNC                              00000004
T0CS                              00000005
T0IE                              00000005
T0IF                              00000002
T0SE                              00000004
T1CKPS0                           00000004
T1CKPS1                           00000005
T1CON                             00000010
T1INSYNC                          00000002
T1OSCEN                           00000003
T1SYNC                            00000002
T2CKPS0                           00000000
T2CKPS1                           00000001
T2CON                             00000012
TABLO                             00000035
TMR0                              00000001
TMR0IE                            00000005
TMR0IF                            00000002
TMR1CS                            00000001
TMR1H                             0000000F
TMR1IE                            00000000
TMR1IF                            00000000
TMR1L                             0000000E
TMR1ON                            00000000
TMR2                              00000011
MPASM  5.42                           FSR.ASM   12-29-2012  17:14:32         PAGE 11


SYMBOL TABLE
  LABEL                             VALUE 

TMR2IE                            00000001
TMR2IF                            00000001
TMR2ON                            00000002
TOUTPS0                           00000003
TOUTPS1                           00000004
TOUTPS2                           00000005
TOUTPS3                           00000006
TRISA                             00000085
TRISA0                            00000000
TRISA1                            00000001
TRISA2                            00000002
TRISA3                            00000003
TRISA4                            00000004
TRISA5                            00000005
TRISB                             00000086
TRISB0                            00000000
TRISB1                            00000001
TRISB2                            00000002
TRISB3                            00000003
TRISB4                            00000004
TRISB5                            00000005
TRISB6                            00000006
TRISB7                            00000007
TRISC                             00000087
TRISC0                            00000000
TRISC1                            00000001
TRISC2                            00000002
TRISC3                            00000003
TRISC4                            00000004
TRISC5                            00000005
TRISC6                            00000006
TRISC7                            00000007
TRISD                             00000088
TRISD0                            00000000
TRISD1                            00000001
TRISD2                            00000002
TRISD3                            00000003
TRISD4                            00000004
TRISD5                            00000005
TRISD6                            00000006
TRISD7                            00000007
TRISE                             00000089
TRISE0                            00000000
TRISE1                            00000001
TRISE2                            00000002
TRMT                              00000001
TX8_9                             00000006
TX9                               00000006
TX9D                              00000000
TXD8                              00000000
TXEN                              00000005
TXIE                              00000004
TXIF                              00000004
MPASM  5.42                           FSR.ASM   12-29-2012  17:14:32         PAGE 12


SYMBOL TABLE
  LABEL                             VALUE 

TXREG                             00000019
TXSTA                             00000098
UA                                00000001
VERI                              00000027
W                                 00000000
WCOL                              00000007
WR                                00000001
WREN                              00000002
WRERR                             00000003
Z                                 00000002
_BODEN_OFF                        00003FBF
_BODEN_ON                         00003FFF
_CONFIG                           00002007
_CPD_OFF                          00003FFF
_CPD_ON                           00003EFF
_CP_ALL                           00001FFF
_CP_OFF                           00003FFF
_DEBUG_OFF                        00003FFF
_DEBUG_ON                         000037FF
_DEVID1                           00002006
_HS_OSC                           00003FFE
_IDLOC0                           00002000
_IDLOC1                           00002001
_IDLOC2                           00002002
_IDLOC3                           00002003
_LP_OSC                           00003FFC
_LVP_OFF                          00003F7F
_LVP_ON                           00003FFF
_PWRTE_OFF                        00003FFF
_PWRTE_ON                         00003FF7
_RC_OSC                           00003FFF
_WDT_OFF                          00003FFB
_WDT_ON                           00003FFF
_WRT_1FOURTH                      00003BFF
_WRT_256                          00003DFF
_WRT_HALF                         000039FF
_WRT_OFF                          00003FFF
_XT_OSC                           00003FFD
__16F877A                         00000001
__DEBUG                           1


MEMORY USAGE MAP ('X' = Used,  '-' = Unused)

0000 : X---XXXXXXXXXXXX XXXXXXXXXXXXXXXX XXXXXXXXXXXXXXXX XXXXXXXXXXXXXXXX
0040 : XXXXXXXXXXXXXXXX XXXXXXXXXXXXXXXX XXXXX----------- ----------------

All other memory blocks unused.

Program Memory Words Used:    98
Program Memory Words Free:  8094

MPASM  5.42                           FSR.ASM   12-29-2012  17:14:32         PAGE 13






Errors   :     0
Warnings :    98 reported,     0 suppressed
Messages :     1 reported,     0 suppressed

