Warning[205] C:\MIKRO\öDEV\FSR\FSR.ASM 1 : Found directive in column 1. (list)
Warning[205] C:\MIKRO\öDEV\FSR\FSR.ASM 9 : Found directive in column 1. (ORG)
Warning[203] C:\MIKRO\öDEV\FSR\FSR.ASM 10 : Found opcode in column 1. (GOTO)
Warning[205] C:\MIKRO\öDEV\FSR\FSR.ASM 11 : Found directive in column 1. (ORG)
Warning[203] C:\MIKRO\öDEV\FSR\FSR.ASM 12 : Found opcode in column 1. (GOTO)
Warning[203] C:\MIKRO\öDEV\FSR\FSR.ASM 14 : Found opcode in column 1. (RETFIE)
Warning[205] C:\MIKRO\öDEV\FSR\FSR.ASM 16 : Found directive in column 1. (BANKSEL)
Warning[203] C:\MIKRO\öDEV\FSR\FSR.ASM 17 : Found opcode in column 1. (CLRF)
Message[302] C:\MIKRO\öDEV\FSR\FSR.ASM 17 : Register in operand not in bank 0.  Ensure that bank bits are correct.
Warning[205] C:\MIKRO\öDEV\FSR\FSR.ASM 18 : Found directive in column 1. (BANKSEL)
Warning[203] C:\MIKRO\öDEV\FSR\FSR.ASM 19 : Found opcode in column 1. (CLRF)
Warning[203] C:\MIKRO\öDEV\FSR\FSR.ASM 20 : Found opcode in column 1. (CALL)
Warning[205] C:\MIKRO\öDEV\FSR\FSR.ASM 21 : Found directive in column 1. (BANKSEL)
Warning[203] C:\MIKRO\öDEV\FSR\FSR.ASM 22 : Found opcode in column 1. (CLRF)
Warning[203] C:\MIKRO\öDEV\FSR\FSR.ASM 24 : Found opcode in column 1. (MOVLW)
Warning[203] C:\MIKRO\öDEV\FSR\FSR.ASM 25 : Found opcode in column 1. (CALL)
Warning[203] C:\MIKRO\öDEV\FSR\FSR.ASM 26 : Found opcode in column 1. (MOVF)
Warning[203] C:\MIKRO\öDEV\FSR\FSR.ASM 27 : Found opcode in column 1. (CALL)
Warning[203] C:\MIKRO\öDEV\FSR\FSR.ASM 28 : Found opcode in column 1. (MOVWF)
Warning[203] C:\MIKRO\öDEV\FSR\FSR.ASM 29 : Found opcode in column 1. (MOVF)
Warning[203] C:\MIKRO\öDEV\FSR\FSR.ASM 30 : Found opcode in column 1. (CALL)
Warning[203] C:\MIKRO\öDEV\FSR\FSR.ASM 31 : Found opcode in column 1. (INCF)
Warning[203] C:\MIKRO\öDEV\FSR\FSR.ASM 32 : Found opcode in column 1. (MOVLW)
Warning[203] C:\MIKRO\öDEV\FSR\FSR.ASM 33 : Found opcode in column 1. (SUBWF)
Warning[203] C:\MIKRO\öDEV\FSR\FSR.ASM 34 : Found opcode in column 1. (BTFSC)
Warning[203] C:\MIKRO\öDEV\FSR\FSR.ASM 35 : Found opcode in column 1. (GOTO)
Warning[203] C:\MIKRO\öDEV\FSR\FSR.ASM 36 : Found opcode in column 1. (GOTO)
Warning[203] C:\MIKRO\öDEV\FSR\FSR.ASM 38 : Found opcode in column 1. (CALL)
Warning[203] C:\MIKRO\öDEV\FSR\FSR.ASM 40 : Found opcode in column 1. (MOVLW)
Warning[203] C:\MIKRO\öDEV\FSR\FSR.ASM 41 : Found opcode in column 1. (CALL)
Warning[203] C:\MIKRO\öDEV\FSR\FSR.ASM 42 : Found opcode in column 1. (MOVF)
Warning[203] C:\MIKRO\öDEV\FSR\FSR.ASM 43 : Found opcode in column 1. (CALL)
Warning[203] C:\MIKRO\öDEV\FSR\FSR.ASM 44 : Found opcode in column 1. (MOVWF)
Warning[203] C:\MIKRO\öDEV\FSR\FSR.ASM 45 : Found opcode in column 1. (MOVF)
Warning[203] C:\MIKRO\öDEV\FSR\FSR.ASM 46 : Found opcode in column 1. (CALL)
Warning[203] C:\MIKRO\öDEV\FSR\FSR.ASM 47 : Found opcode in column 1. (INCF)
Warning[203] C:\MIKRO\öDEV\FSR\FSR.ASM 48 : Found opcode in column 1. (MOVLW)
Warning[203] C:\MIKRO\öDEV\FSR\FSR.ASM 49 : Found opcode in column 1. (SUBWF)
Warning[203] C:\MIKRO\öDEV\FSR\FSR.ASM 50 : Found opcode in column 1. (BTFSC)
Warning[203] C:\MIKRO\öDEV\FSR\FSR.ASM 51 : Found opcode in column 1. (GOTO)
Warning[203] C:\MIKRO\öDEV\FSR\FSR.ASM 52 : Found opcode in column 1. (GOTO)
Warning[203] C:\MIKRO\öDEV\FSR\FSR.ASM 63 : Found opcode in column 1. (MOVLW)
Warning[203] C:\MIKRO\öDEV\FSR\FSR.ASM 64 : Found opcode in column 1. (CALL)
Warning[203] C:\MIKRO\öDEV\FSR\FSR.ASM 65 : Found opcode in column 1. (MOVLW)
Warning[203] C:\MIKRO\öDEV\FSR\FSR.ASM 66 : Found opcode in column 1. (CALL)
Warning[203] C:\MIKRO\öDEV\FSR\FSR.ASM 67 : Found opcode in column 1. (MOVLW)
Warning[203] C:\MIKRO\öDEV\FSR\FSR.ASM 68 : Found opcode in column 1. (CALL)
Warning[203] C:\MIKRO\öDEV\FSR\FSR.ASM 69 : Found opcode in column 1. (MOVLW)
Warning[203] C:\MIKRO\öDEV\FSR\FSR.ASM 70 : Found opcode in column 1. (CALL)
Warning[203] C:\MIKRO\öDEV\FSR\FSR.ASM 72 : Found opcode in column 1. (RETURN)
Warning[203] C:\MIKRO\öDEV\FSR\FSR.ASM 74 : Found opcode in column 1. (ADDWF)
Warning[203] C:\MIKRO\öDEV\FSR\FSR.ASM 75 : Found opcode in column 1. (RETLW)
Warning[203] C:\MIKRO\öDEV\FSR\FSR.ASM 76 : Found opcode in column 1. (RETLW)
Warning[203] C:\MIKRO\öDEV\FSR\FSR.ASM 77 : Found opcode in column 1. (RETLW)
Warning[203] C:\MIKRO\öDEV\FSR\FSR.ASM 78 : Found opcode in column 1. (RETLW)
Warning[203] C:\MIKRO\öDEV\FSR\FSR.ASM 79 : Found opcode in column 1. (RETLW)
Warning[203] C:\MIKRO\öDEV\FSR\FSR.ASM 80 : Found opcode in column 1. (RETLW)
Warning[203] C:\MIKRO\öDEV\FSR\FSR.ASM 81 : Found opcode in column 1. (RETLW)
Warning[203] C:\MIKRO\öDEV\FSR\FSR.ASM 82 : Found opcode in column 1. (RETLW)
Warning[203] C:\MIKRO\öDEV\FSR\FSR.ASM 83 : Found opcode in column 1. (RETLW)
Warning[203] C:\MIKRO\öDEV\FSR\FSR.ASM 87 : Found opcode in column 1. (MOVLW)
Warning[203] C:\MIKRO\öDEV\FSR\FSR.ASM 88 : Found opcode in column 1. (CALL)
Warning[203] C:\MIKRO\öDEV\FSR\FSR.ASM 89 : Found opcode in column 1. (RETURN)
Warning[203] C:\MIKRO\öDEV\FSR\FSR.ASM 91 : Found opcode in column 1. (MOVWF)
Warning[203] C:\MIKRO\öDEV\FSR\FSR.ASM 92 : Found opcode in column 1. (SWAPF)
Warning[203] C:\MIKRO\öDEV\FSR\FSR.ASM 93 : Found opcode in column 1. (CALL)
Warning[203] C:\MIKRO\öDEV\FSR\FSR.ASM 94 : Found opcode in column 1. (MOVF)
Warning[203] C:\MIKRO\öDEV\FSR\FSR.ASM 95 : Found opcode in column 1. (CALL)
Warning[203] C:\MIKRO\öDEV\FSR\FSR.ASM 96 : Found opcode in column 1. (RETURN)
Warning[203] C:\MIKRO\öDEV\FSR\FSR.ASM 98 : Found opcode in column 1. (ANDLW)
Warning[203] C:\MIKRO\öDEV\FSR\FSR.ASM 99 : Found opcode in column 1. (MOVWF)
Warning[203] C:\MIKRO\öDEV\FSR\FSR.ASM 100 : Found opcode in column 1. (BCF)
Warning[203] C:\MIKRO\öDEV\FSR\FSR.ASM 101 : Found opcode in column 1. (BSF)
Warning[203] C:\MIKRO\öDEV\FSR\FSR.ASM 103 : Found opcode in column 1. (BCF)
Warning[203] C:\MIKRO\öDEV\FSR\FSR.ASM 104 : Found opcode in column 1. (CALL)
Warning[203] C:\MIKRO\öDEV\FSR\FSR.ASM 105 : Found opcode in column 1. (RETURN)
Warning[203] C:\MIKRO\öDEV\FSR\FSR.ASM 107 : Found opcode in column 1. (MOVWF)
Warning[203] C:\MIKRO\öDEV\FSR\FSR.ASM 108 : Found opcode in column 1. (SWAPF)
Warning[203] C:\MIKRO\öDEV\FSR\FSR.ASM 109 : Found opcode in column 1. (CALL)
Warning[203] C:\MIKRO\öDEV\FSR\FSR.ASM 110 : Found opcode in column 1. (MOVF)
Warning[203] C:\MIKRO\öDEV\FSR\FSR.ASM 111 : Found opcode in column 1. (CALL)
Warning[203] C:\MIKRO\öDEV\FSR\FSR.ASM 112 : Found opcode in column 1. (RETURN)
Warning[203] C:\MIKRO\öDEV\FSR\FSR.ASM 115 : Found opcode in column 1. (ANDLW)
Warning[203] C:\MIKRO\öDEV\FSR\FSR.ASM 116 : Found opcode in column 1. (MOVWF)
Warning[203] C:\MIKRO\öDEV\FSR\FSR.ASM 117 : Found opcode in column 1. (BSF)
Warning[203] C:\MIKRO\öDEV\FSR\FSR.ASM 118 : Found opcode in column 1. (BSF)
Warning[203] C:\MIKRO\öDEV\FSR\FSR.ASM 120 : Found opcode in column 1. (BCF)
Warning[203] C:\MIKRO\öDEV\FSR\FSR.ASM 121 : Found opcode in column 1. (CALL)
Warning[203] C:\MIKRO\öDEV\FSR\FSR.ASM 122 : Found opcode in column 1. (RETURN)
Warning[203] C:\MIKRO\öDEV\FSR\FSR.ASM 126 : Found opcode in column 1. (MOVLW)
Warning[203] C:\MIKRO\öDEV\FSR\FSR.ASM 127 : Found opcode in column 1. (MOVWF)
Warning[203] C:\MIKRO\öDEV\FSR\FSR.ASM 129 : Found opcode in column 1. (MOVLW)
Warning[203] C:\MIKRO\öDEV\FSR\FSR.ASM 130 : Found opcode in column 1. (MOVWF)
Warning[203] C:\MIKRO\öDEV\FSR\FSR.ASM 132 : Found opcode in column 1. (DECFSZ)
Warning[203] C:\MIKRO\öDEV\FSR\FSR.ASM 133 : Found opcode in column 1. (GOTO)
Warning[203] C:\MIKRO\öDEV\FSR\FSR.ASM 134 : Found opcode in column 1. (DECFSZ)
Warning[203] C:\MIKRO\öDEV\FSR\FSR.ASM 135 : Found opcode in column 1. (GOTO)
Warning[203] C:\MIKRO\öDEV\FSR\FSR.ASM 136 : Found opcode in column 1. (RETURN)
Warning[205] C:\MIKRO\öDEV\FSR\FSR.ASM 137 : Found directive in column 1. (end)
