Warning[205] C:\USERS\HP\DESKTOP\BUT\YENI KLASöR (2)\GECEN.ASM 1 : Found directive in column 1. (list)
Warning[205] C:\USERS\HP\DESKTOP\BUT\YENI KLASöR (2)\GECEN.ASM 2 : Found directive in column 1. (include)
Warning[205] C:\USERS\HP\DESKTOP\BUT\YENI KLASöR (2)\GECEN.ASM 5 : Found directive in column 1. (ORG)
Warning[203] C:\USERS\HP\DESKTOP\BUT\YENI KLASöR (2)\GECEN.ASM 6 : Found opcode in column 1. (GOTO)
Warning[207] C:\USERS\HP\DESKTOP\BUT\YENI KLASöR (2)\GECEN.ASM 8 : Found label after column 1. (KESME)
Warning[203] C:\USERS\HP\DESKTOP\BUT\YENI KLASöR (2)\GECEN.ASM 9 : Found opcode in column 1. (BTFSS)
Warning[203] C:\USERS\HP\DESKTOP\BUT\YENI KLASöR (2)\GECEN.ASM 10 : Found opcode in column 1. (RETFIE)
Warning[203] C:\USERS\HP\DESKTOP\BUT\YENI KLASöR (2)\GECEN.ASM 11 : Found opcode in column 1. (BTFSC)
Warning[203] C:\USERS\HP\DESKTOP\BUT\YENI KLASöR (2)\GECEN.ASM 12 : Found opcode in column 1. (GOTO)
Warning[205] C:\USERS\HP\DESKTOP\BUT\YENI KLASöR (2)\GECEN.ASM 13 : Found directive in column 1. (BANKSEL)
Warning[203] C:\USERS\HP\DESKTOP\BUT\YENI KLASöR (2)\GECEN.ASM 14 : Found opcode in column 1. (MOVLW)
Warning[203] C:\USERS\HP\DESKTOP\BUT\YENI KLASöR (2)\GECEN.ASM 15 : Found opcode in column 1. (MOVWF)
Warning[205] C:\USERS\HP\DESKTOP\BUT\YENI KLASöR (2)\GECEN.ASM 16 : Found directive in column 1. (BANKSEL)
Warning[203] C:\USERS\HP\DESKTOP\BUT\YENI KLASöR (2)\GECEN.ASM 17 : Found opcode in column 1. (MOVLW)
Warning[203] C:\USERS\HP\DESKTOP\BUT\YENI KLASöR (2)\GECEN.ASM 18 : Found opcode in column 1. (MOVWF)
Warning[203] C:\USERS\HP\DESKTOP\BUT\YENI KLASöR (2)\GECEN.ASM 19 : Found opcode in column 1. (MOVWF)
Warning[203] C:\USERS\HP\DESKTOP\BUT\YENI KLASöR (2)\GECEN.ASM 20 : Found opcode in column 1. (CALL)
Warning[203] C:\USERS\HP\DESKTOP\BUT\YENI KLASöR (2)\GECEN.ASM 21 : Found opcode in column 1. (GOTO)
Warning[203] C:\USERS\HP\DESKTOP\BUT\YENI KLASöR (2)\GECEN.ASM 23 : Found opcode in column 1. (BTFSC)
Warning[203] C:\USERS\HP\DESKTOP\BUT\YENI KLASöR (2)\GECEN.ASM 24 : Found opcode in column 1. (GOTO)
Warning[205] C:\USERS\HP\DESKTOP\BUT\YENI KLASöR (2)\GECEN.ASM 25 : Found directive in column 1. (BANKSEL)
Warning[203] C:\USERS\HP\DESKTOP\BUT\YENI KLASöR (2)\GECEN.ASM 26 : Found opcode in column 1. (MOVLW)
Warning[203] C:\USERS\HP\DESKTOP\BUT\YENI KLASöR (2)\GECEN.ASM 27 : Found opcode in column 1. (MOVWF)
Warning[205] C:\USERS\HP\DESKTOP\BUT\YENI KLASöR (2)\GECEN.ASM 28 : Found directive in column 1. (BANKSEL)
Warning[203] C:\USERS\HP\DESKTOP\BUT\YENI KLASöR (2)\GECEN.ASM 29 : Found opcode in column 1. (MOVLW)
Warning[203] C:\USERS\HP\DESKTOP\BUT\YENI KLASöR (2)\GECEN.ASM 30 : Found opcode in column 1. (MOVWF)
Warning[203] C:\USERS\HP\DESKTOP\BUT\YENI KLASöR (2)\GECEN.ASM 31 : Found opcode in column 1. (MOVWF)
Warning[203] C:\USERS\HP\DESKTOP\BUT\YENI KLASöR (2)\GECEN.ASM 32 : Found opcode in column 1. (CALL)
Warning[203] C:\USERS\HP\DESKTOP\BUT\YENI KLASöR (2)\GECEN.ASM 35 : Found opcode in column 1. (BCF)
Warning[203] C:\USERS\HP\DESKTOP\BUT\YENI KLASöR (2)\GECEN.ASM 36 : Found opcode in column 1. (RETFIE)
Warning[203] C:\USERS\HP\DESKTOP\BUT\YENI KLASöR (2)\GECEN.ASM 38 : Found opcode in column 1. (MOVLW)
Warning[203] C:\USERS\HP\DESKTOP\BUT\YENI KLASöR (2)\GECEN.ASM 39 : Found opcode in column 1. (MOVWF)
Warning[203] C:\USERS\HP\DESKTOP\BUT\YENI KLASöR (2)\GECEN.ASM 42 : Found opcode in column 1. (MOVLW)
Warning[203] C:\USERS\HP\DESKTOP\BUT\YENI KLASöR (2)\GECEN.ASM 43 : Found opcode in column 1. (MOVWF)
Warning[203] C:\USERS\HP\DESKTOP\BUT\YENI KLASöR (2)\GECEN.ASM 45 : Found opcode in column 1. (DECFSZ)
Warning[203] C:\USERS\HP\DESKTOP\BUT\YENI KLASöR (2)\GECEN.ASM 46 : Found opcode in column 1. (GOTO)
Warning[203] C:\USERS\HP\DESKTOP\BUT\YENI KLASöR (2)\GECEN.ASM 47 : Found opcode in column 1. (DECFSZ)
Warning[203] C:\USERS\HP\DESKTOP\BUT\YENI KLASöR (2)\GECEN.ASM 48 : Found opcode in column 1. (GOTO)
Warning[203] C:\USERS\HP\DESKTOP\BUT\YENI KLASöR (2)\GECEN.ASM 49 : Found opcode in column 1. (RETURN)
Warning[205] C:\USERS\HP\DESKTOP\BUT\YENI KLASöR (2)\GECEN.ASM 59 : Found directive in column 1. (BANKSEL)
Message[302] C:\USERS\HP\DESKTOP\BUT\YENI KLASöR (2)\GECEN.ASM 60 : Register in operand not in bank 0.  Ensure that bank bits are correct.
Warning[205] C:\USERS\HP\DESKTOP\BUT\YENI KLASöR (2)\GECEN.ASM 61 : Found directive in column 1. (BANKSEL)
Warning[203] C:\USERS\HP\DESKTOP\BUT\YENI KLASöR (2)\GECEN.ASM 62 : Found opcode in column 1. (MOVLW)
Warning[203] C:\USERS\HP\DESKTOP\BUT\YENI KLASöR (2)\GECEN.ASM 63 : Found opcode in column 1. (MOVWF)
Warning[203] C:\USERS\HP\DESKTOP\BUT\YENI KLASöR (2)\GECEN.ASM 65 : Found opcode in column 1. (CLRF)
Message[302] C:\USERS\HP\DESKTOP\BUT\YENI KLASöR (2)\GECEN.ASM 65 : Register in operand not in bank 0.  Ensure that bank bits are correct.
Warning[205] C:\USERS\HP\DESKTOP\BUT\YENI KLASöR (2)\GECEN.ASM 66 : Found directive in column 1. (BANKSEL)
Warning[205] C:\USERS\HP\DESKTOP\BUT\YENI KLASöR (2)\GECEN.ASM 68 : Found directive in column 1. (BANKSEL)
Warning[203] C:\USERS\HP\DESKTOP\BUT\YENI KLASöR (2)\GECEN.ASM 69 : Found opcode in column 1. (MOVLW)
Warning[203] C:\USERS\HP\DESKTOP\BUT\YENI KLASöR (2)\GECEN.ASM 70 : Found opcode in column 1. (MOVWF)
Message[302] C:\USERS\HP\DESKTOP\BUT\YENI KLASöR (2)\GECEN.ASM 70 : Register in operand not in bank 0.  Ensure that bank bits are correct.
Warning[205] C:\USERS\HP\DESKTOP\BUT\YENI KLASöR (2)\GECEN.ASM 71 : Found directive in column 1. (BANKSEL)
Warning[203] C:\USERS\HP\DESKTOP\BUT\YENI KLASöR (2)\GECEN.ASM 72 : Found opcode in column 1. (CLRF)
Warning[205] C:\USERS\HP\DESKTOP\BUT\YENI KLASöR (2)\GECEN.ASM 73 : Found directive in column 1. (BANKSEL)
Warning[203] C:\USERS\HP\DESKTOP\BUT\YENI KLASöR (2)\GECEN.ASM 74 : Found opcode in column 1. (MOVLW)
Warning[203] C:\USERS\HP\DESKTOP\BUT\YENI KLASöR (2)\GECEN.ASM 75 : Found opcode in column 1. (MOVWF)
Warning[205] C:\USERS\HP\DESKTOP\BUT\YENI KLASöR (2)\GECEN.ASM 78 : Found directive in column 1. (END)
