Warning[205] C:\MIKRO\öDEV\RBLIDISP\RB.ASM 1 : Found directive in column 1. (list)
Warning[205] C:\MIKRO\öDEV\RBLIDISP\RB.ASM 8 : Found directive in column 1. (ORG)
Warning[203] C:\MIKRO\öDEV\RBLIDISP\RB.ASM 9 : Found opcode in column 1. (GOTO)
Warning[205] C:\MIKRO\öDEV\RBLIDISP\RB.ASM 10 : Found directive in column 1. (ORG)
Warning[203] C:\MIKRO\öDEV\RBLIDISP\RB.ASM 11 : Found opcode in column 1. (GOTO)
Warning[203] C:\MIKRO\öDEV\RBLIDISP\RB.ASM 13 : Found opcode in column 1. (BTFSS)
Warning[203] C:\MIKRO\öDEV\RBLIDISP\RB.ASM 14 : Found opcode in column 1. (RETFIE)
Warning[203] C:\MIKRO\öDEV\RBLIDISP\RB.ASM 15 : Found opcode in column 1. (BCF)
Warning[203] C:\MIKRO\öDEV\RBLIDISP\RB.ASM 16 : Found opcode in column 1. (BTFSS)
Warning[203] C:\MIKRO\öDEV\RBLIDISP\RB.ASM 17 : Found opcode in column 1. (GOTO)
Warning[203] C:\MIKRO\öDEV\RBLIDISP\RB.ASM 18 : Found opcode in column 1. (BTFSS)
Warning[203] C:\MIKRO\öDEV\RBLIDISP\RB.ASM 19 : Found opcode in column 1. (GOTO)
Warning[203] C:\MIKRO\öDEV\RBLIDISP\RB.ASM 20 : Found opcode in column 1. (RETFIE)
Warning[203] C:\MIKRO\öDEV\RBLIDISP\RB.ASM 23 : Found opcode in column 1. (BCF)
Warning[205] C:\MIKRO\öDEV\RBLIDISP\RB.ASM 24 : Found directive in column 1. (BANKSEL)
Warning[203] C:\MIKRO\öDEV\RBLIDISP\RB.ASM 25 : Found opcode in column 1. (MOVLW)
Warning[203] C:\MIKRO\öDEV\RBLIDISP\RB.ASM 26 : Found opcode in column 1. (MOVWF)
Warning[205] C:\MIKRO\öDEV\RBLIDISP\RB.ASM 27 : Found directive in column 1. (BANKSEL)
Warning[203] C:\MIKRO\öDEV\RBLIDISP\RB.ASM 28 : Found opcode in column 1. (MOVLW)
Warning[203] C:\MIKRO\öDEV\RBLIDISP\RB.ASM 29 : Found opcode in column 1. (MOVWF)
Warning[203] C:\MIKRO\öDEV\RBLIDISP\RB.ASM 30 : Found opcode in column 1. (RETFIE)
Warning[203] C:\MIKRO\öDEV\RBLIDISP\RB.ASM 33 : Found opcode in column 1. (BCF)
Warning[205] C:\MIKRO\öDEV\RBLIDISP\RB.ASM 34 : Found directive in column 1. (BANKSEL)
Warning[203] C:\MIKRO\öDEV\RBLIDISP\RB.ASM 35 : Found opcode in column 1. (MOVLW)
Warning[203] C:\MIKRO\öDEV\RBLIDISP\RB.ASM 36 : Found opcode in column 1. (MOVWF)
Warning[205] C:\MIKRO\öDEV\RBLIDISP\RB.ASM 37 : Found directive in column 1. (BANKSEL)
Warning[203] C:\MIKRO\öDEV\RBLIDISP\RB.ASM 38 : Found opcode in column 1. (MOVLW)
Warning[203] C:\MIKRO\öDEV\RBLIDISP\RB.ASM 39 : Found opcode in column 1. (MOVWF)
Warning[203] C:\MIKRO\öDEV\RBLIDISP\RB.ASM 40 : Found opcode in column 1. (RETFIE)
Warning[203] C:\MIKRO\öDEV\RBLIDISP\RB.ASM 47 : Found opcode in column 1. (ADDWF)
Warning[203] C:\MIKRO\öDEV\RBLIDISP\RB.ASM 48 : Found opcode in column 1. (RETLW)
Warning[203] C:\MIKRO\öDEV\RBLIDISP\RB.ASM 49 : Found opcode in column 1. (RETLW)
Warning[203] C:\MIKRO\öDEV\RBLIDISP\RB.ASM 50 : Found opcode in column 1. (RETLW)
Warning[203] C:\MIKRO\öDEV\RBLIDISP\RB.ASM 51 : Found opcode in column 1. (RETLW)
Warning[203] C:\MIKRO\öDEV\RBLIDISP\RB.ASM 53 : Found opcode in column 1. (MOVLW)
Warning[203] C:\MIKRO\öDEV\RBLIDISP\RB.ASM 54 : Found opcode in column 1. (MOVWF)
Warning[203] C:\MIKRO\öDEV\RBLIDISP\RB.ASM 56 : Found opcode in column 1. (MOVLW)
Warning[203] C:\MIKRO\öDEV\RBLIDISP\RB.ASM 57 : Found opcode in column 1. (MOVWF)
Warning[203] C:\MIKRO\öDEV\RBLIDISP\RB.ASM 59 : Found opcode in column 1. (DECFSZ)
Warning[203] C:\MIKRO\öDEV\RBLIDISP\RB.ASM 60 : Found opcode in column 1. (GOTO)
Warning[203] C:\MIKRO\öDEV\RBLIDISP\RB.ASM 61 : Found opcode in column 1. (DECFSZ)
Warning[203] C:\MIKRO\öDEV\RBLIDISP\RB.ASM 62 : Found opcode in column 1. (GOTO)
Warning[203] C:\MIKRO\öDEV\RBLIDISP\RB.ASM 63 : Found opcode in column 1. (RETURN)
Warning[205] C:\MIKRO\öDEV\RBLIDISP\RB.ASM 70 : Found directive in column 1. (BANKSEL)
Warning[203] C:\MIKRO\öDEV\RBLIDISP\RB.ASM 71 : Found opcode in column 1. (CLRF)
Message[302] C:\MIKRO\öDEV\RBLIDISP\RB.ASM 71 : Register in operand not in bank 0.  Ensure that bank bits are correct.
Warning[205] C:\MIKRO\öDEV\RBLIDISP\RB.ASM 72 : Found directive in column 1. (BANKSEL)
Warning[203] C:\MIKRO\öDEV\RBLIDISP\RB.ASM 73 : Found opcode in column 1. (MOVLW)
Warning[203] C:\MIKRO\öDEV\RBLIDISP\RB.ASM 74 : Found opcode in column 1. (MOVWF)
Warning[205] C:\MIKRO\öDEV\RBLIDISP\RB.ASM 75 : Found directive in column 1. (BANKSEL)
Warning[203] C:\MIKRO\öDEV\RBLIDISP\RB.ASM 76 : Found opcode in column 1. (MOVLW)
Warning[203] C:\MIKRO\öDEV\RBLIDISP\RB.ASM 77 : Found opcode in column 1. (MOVWF)
Message[302] C:\MIKRO\öDEV\RBLIDISP\RB.ASM 77 : Register in operand not in bank 0.  Ensure that bank bits are correct.
Warning[205] C:\MIKRO\öDEV\RBLIDISP\RB.ASM 78 : Found directive in column 1. (BANKSEL)
Warning[203] C:\MIKRO\öDEV\RBLIDISP\RB.ASM 79 : Found opcode in column 1. (CLRF)
Warning[205] C:\MIKRO\öDEV\RBLIDISP\RB.ASM 80 : Found directive in column 1. (BANKSEL)
Warning[203] C:\MIKRO\öDEV\RBLIDISP\RB.ASM 81 : Found opcode in column 1. (CLRF)
Message[302] C:\MIKRO\öDEV\RBLIDISP\RB.ASM 81 : Register in operand not in bank 0.  Ensure that bank bits are correct.
Warning[205] C:\MIKRO\öDEV\RBLIDISP\RB.ASM 82 : Found directive in column 1. (BANKSEL)
Warning[203] C:\MIKRO\öDEV\RBLIDISP\RB.ASM 83 : Found opcode in column 1. (CLRF)
Warning[205] C:\MIKRO\öDEV\RBLIDISP\RB.ASM 85 : Found directive in column 1. (BANKSEL)
Warning[203] C:\MIKRO\öDEV\RBLIDISP\RB.ASM 86 : Found opcode in column 1. (MOVLW)
Warning[203] C:\MIKRO\öDEV\RBLIDISP\RB.ASM 87 : Found opcode in column 1. (MOVWF)
Warning[205] C:\MIKRO\öDEV\RBLIDISP\RB.ASM 88 : Found directive in column 1. (BANKSEL)
Warning[203] C:\MIKRO\öDEV\RBLIDISP\RB.ASM 89 : Found opcode in column 1. (MOVLW)
Warning[203] C:\MIKRO\öDEV\RBLIDISP\RB.ASM 90 : Found opcode in column 1. (MOVWF)
Message[302] C:\MIKRO\öDEV\RBLIDISP\RB.ASM 90 : Register in operand not in bank 0.  Ensure that bank bits are correct.
Warning[205] C:\MIKRO\öDEV\RBLIDISP\RB.ASM 92 : Found directive in column 1. (BANKSEL)
Warning[203] C:\MIKRO\öDEV\RBLIDISP\RB.ASM 93 : Found opcode in column 1. (CLRF)
Warning[203] C:\MIKRO\öDEV\RBLIDISP\RB.ASM 94 : Found opcode in column 1. (CLRF)
Warning[203] C:\MIKRO\öDEV\RBLIDISP\RB.ASM 95 : Found opcode in column 1. (MOVLW)
Warning[203] C:\MIKRO\öDEV\RBLIDISP\RB.ASM 96 : Found opcode in column 1. (MOVWF)
Warning[203] C:\MIKRO\öDEV\RBLIDISP\RB.ASM 97 : Found opcode in column 1. (MOVWF)
Warning[205] C:\MIKRO\öDEV\RBLIDISP\RB.ASM 100 : Found directive in column 1. (BANKSEL)
Warning[203] C:\MIKRO\öDEV\RBLIDISP\RB.ASM 101 : Found opcode in column 1. (MOVLW)
Warning[203] C:\MIKRO\öDEV\RBLIDISP\RB.ASM 102 : Found opcode in column 1. (MOVWF)
Warning[205] C:\MIKRO\öDEV\RBLIDISP\RB.ASM 103 : Found directive in column 1. (BANKSEL)
Warning[203] C:\MIKRO\öDEV\RBLIDISP\RB.ASM 104 : Found opcode in column 1. (MOVF)
Warning[203] C:\MIKRO\öDEV\RBLIDISP\RB.ASM 105 : Found opcode in column 1. (CALL)
Warning[205] C:\MIKRO\öDEV\RBLIDISP\RB.ASM 106 : Found directive in column 1. (BANKSEL)
Warning[203] C:\MIKRO\öDEV\RBLIDISP\RB.ASM 107 : Found opcode in column 1. (MOVWF)
Warning[203] C:\MIKRO\öDEV\RBLIDISP\RB.ASM 108 : Found opcode in column 1. (MOVWF)
Warning[203] C:\MIKRO\öDEV\RBLIDISP\RB.ASM 110 : Found opcode in column 1. (CLRF)
Warning[205] C:\MIKRO\öDEV\RBLIDISP\RB.ASM 112 : Found directive in column 1. (BANKSEL)
Warning[203] C:\MIKRO\öDEV\RBLIDISP\RB.ASM 113 : Found opcode in column 1. (MOVLW)
Warning[203] C:\MIKRO\öDEV\RBLIDISP\RB.ASM 114 : Found opcode in column 1. (MOVWF)
Warning[205] C:\MIKRO\öDEV\RBLIDISP\RB.ASM 115 : Found directive in column 1. (BANKSEL)
Warning[203] C:\MIKRO\öDEV\RBLIDISP\RB.ASM 116 : Found opcode in column 1. (MOVF)
Warning[203] C:\MIKRO\öDEV\RBLIDISP\RB.ASM 117 : Found opcode in column 1. (CALL)
Warning[205] C:\MIKRO\öDEV\RBLIDISP\RB.ASM 118 : Found directive in column 1. (BANKSEL)
Warning[203] C:\MIKRO\öDEV\RBLIDISP\RB.ASM 119 : Found opcode in column 1. (MOVWF)
Warning[203] C:\MIKRO\öDEV\RBLIDISP\RB.ASM 120 : Found opcode in column 1. (MOVWF)
Warning[203] C:\MIKRO\öDEV\RBLIDISP\RB.ASM 122 : Found opcode in column 1. (CLRF)
Warning[203] C:\MIKRO\öDEV\RBLIDISP\RB.ASM 123 : Found opcode in column 1. (GOTO)
Warning[205] C:\MIKRO\öDEV\RBLIDISP\RB.ASM 125 : Found directive in column 1. (END)
