Warning[205] C:\USERS\TUBA\DESKTOP\YENIMM\DENEY3\KESMEOLMADAN\OLSUN\DNY.ASM 1 : Found directive in column 1. (list)
Warning[207] C:\USERS\TUBA\DESKTOP\YENIMM\DENEY3\KESMEOLMADAN\OLSUN\DNY.ASM 3 : Found label after column 1. (SAYAC0)
Warning[205] C:\USERS\TUBA\DESKTOP\YENIMM\DENEY3\KESMEOLMADAN\OLSUN\DNY.ASM 6 : Found directive in column 1. (org)
Warning[203] C:\USERS\TUBA\DESKTOP\YENIMM\DENEY3\KESMEOLMADAN\OLSUN\DNY.ASM 7 : Found opcode in column 1. (goto)
Warning[205] C:\USERS\TUBA\DESKTOP\YENIMM\DENEY3\KESMEOLMADAN\OLSUN\DNY.ASM 8 : Found directive in column 1. (org)
Warning[203] C:\USERS\TUBA\DESKTOP\YENIMM\DENEY3\KESMEOLMADAN\OLSUN\DNY.ASM 9 : Found opcode in column 1. (goto)
Warning[203] C:\USERS\TUBA\DESKTOP\YENIMM\DENEY3\KESMEOLMADAN\OLSUN\DNY.ASM 11 : Found opcode in column 1. (RETFIE)
Warning[205] C:\USERS\TUBA\DESKTOP\YENIMM\DENEY3\KESMEOLMADAN\OLSUN\DNY.ASM 13 : Found directive in column 1. (BANKSEL)
Warning[203] C:\USERS\TUBA\DESKTOP\YENIMM\DENEY3\KESMEOLMADAN\OLSUN\DNY.ASM 14 : Found opcode in column 1. (MOVLW)
Warning[203] C:\USERS\TUBA\DESKTOP\YENIMM\DENEY3\KESMEOLMADAN\OLSUN\DNY.ASM 15 : Found opcode in column 1. (MOVWF)
Message[302] C:\USERS\TUBA\DESKTOP\YENIMM\DENEY3\KESMEOLMADAN\OLSUN\DNY.ASM 15 : Register in operand not in bank 0.  Ensure that bank bits are correct.
Warning[205] C:\USERS\TUBA\DESKTOP\YENIMM\DENEY3\KESMEOLMADAN\OLSUN\DNY.ASM 16 : Found directive in column 1. (BANKSEL)
Warning[203] C:\USERS\TUBA\DESKTOP\YENIMM\DENEY3\KESMEOLMADAN\OLSUN\DNY.ASM 17 : Found opcode in column 1. (CLRF)
Warning[205] C:\USERS\TUBA\DESKTOP\YENIMM\DENEY3\KESMEOLMADAN\OLSUN\DNY.ASM 18 : Found directive in column 1. (BANKSEL)
Warning[203] C:\USERS\TUBA\DESKTOP\YENIMM\DENEY3\KESMEOLMADAN\OLSUN\DNY.ASM 19 : Found opcode in column 1. (CLRF)
Message[302] C:\USERS\TUBA\DESKTOP\YENIMM\DENEY3\KESMEOLMADAN\OLSUN\DNY.ASM 19 : Register in operand not in bank 0.  Ensure that bank bits are correct.
Warning[205] C:\USERS\TUBA\DESKTOP\YENIMM\DENEY3\KESMEOLMADAN\OLSUN\DNY.ASM 20 : Found directive in column 1. (BANKSEL)
Warning[203] C:\USERS\TUBA\DESKTOP\YENIMM\DENEY3\KESMEOLMADAN\OLSUN\DNY.ASM 21 : Found opcode in column 1. (CLRF)
Warning[205] C:\USERS\TUBA\DESKTOP\YENIMM\DENEY3\KESMEOLMADAN\OLSUN\DNY.ASM 22 : Found directive in column 1. (BANKSEL)
Warning[203] C:\USERS\TUBA\DESKTOP\YENIMM\DENEY3\KESMEOLMADAN\OLSUN\DNY.ASM 23 : Found opcode in column 1. (MOVLW)
Warning[203] C:\USERS\TUBA\DESKTOP\YENIMM\DENEY3\KESMEOLMADAN\OLSUN\DNY.ASM 24 : Found opcode in column 1. (MOVWF)
Message[302] C:\USERS\TUBA\DESKTOP\YENIMM\DENEY3\KESMEOLMADAN\OLSUN\DNY.ASM 24 : Register in operand not in bank 0.  Ensure that bank bits are correct.
Warning[205] C:\USERS\TUBA\DESKTOP\YENIMM\DENEY3\KESMEOLMADAN\OLSUN\DNY.ASM 26 : Found directive in column 1. (BANKSEL)
Warning[203] C:\USERS\TUBA\DESKTOP\YENIMM\DENEY3\KESMEOLMADAN\OLSUN\DNY.ASM 27 : Found opcode in column 1. (MOVLW)
Warning[203] C:\USERS\TUBA\DESKTOP\YENIMM\DENEY3\KESMEOLMADAN\OLSUN\DNY.ASM 28 : Found opcode in column 1. (MOVWF)
Warning[205] C:\USERS\TUBA\DESKTOP\YENIMM\DENEY3\KESMEOLMADAN\OLSUN\DNY.ASM 29 : Found directive in column 1. (BANKSEL)
Warning[203] C:\USERS\TUBA\DESKTOP\YENIMM\DENEY3\KESMEOLMADAN\OLSUN\DNY.ASM 31 : Found opcode in column 1. (MOVLW)
Warning[203] C:\USERS\TUBA\DESKTOP\YENIMM\DENEY3\KESMEOLMADAN\OLSUN\DNY.ASM 32 : Found opcode in column 1. (MOVWF)
Warning[205] C:\USERS\TUBA\DESKTOP\YENIMM\DENEY3\KESMEOLMADAN\OLSUN\DNY.ASM 33 : Found directive in column 1. (BANKSEL)
Warning[203] C:\USERS\TUBA\DESKTOP\YENIMM\DENEY3\KESMEOLMADAN\OLSUN\DNY.ASM 34 : Found opcode in column 1. (MOVLW)
Warning[203] C:\USERS\TUBA\DESKTOP\YENIMM\DENEY3\KESMEOLMADAN\OLSUN\DNY.ASM 35 : Found opcode in column 1. (MOVWF)
Warning[205] C:\USERS\TUBA\DESKTOP\YENIMM\DENEY3\KESMEOLMADAN\OLSUN\DNY.ASM 36 : Found directive in column 1. (BANKSEL)
Warning[203] C:\USERS\TUBA\DESKTOP\YENIMM\DENEY3\KESMEOLMADAN\OLSUN\DNY.ASM 37 : Found opcode in column 1. (MOVLW)
Warning[203] C:\USERS\TUBA\DESKTOP\YENIMM\DENEY3\KESMEOLMADAN\OLSUN\DNY.ASM 38 : Found opcode in column 1. (MOVWF)
Warning[203] C:\USERS\TUBA\DESKTOP\YENIMM\DENEY3\KESMEOLMADAN\OLSUN\DNY.ASM 40 : Found opcode in column 1. (CALL)
Warning[203] C:\USERS\TUBA\DESKTOP\YENIMM\DENEY3\KESMEOLMADAN\OLSUN\DNY.ASM 41 : Found opcode in column 1. (BTFSS)
Warning[203] C:\USERS\TUBA\DESKTOP\YENIMM\DENEY3\KESMEOLMADAN\OLSUN\DNY.ASM 42 : Found opcode in column 1. (GOTO)
Warning[203] C:\USERS\TUBA\DESKTOP\YENIMM\DENEY3\KESMEOLMADAN\OLSUN\DNY.ASM 43 : Found opcode in column 1. (BTFSS)
Warning[203] C:\USERS\TUBA\DESKTOP\YENIMM\DENEY3\KESMEOLMADAN\OLSUN\DNY.ASM 44 : Found opcode in column 1. (GOTO)
Warning[203] C:\USERS\TUBA\DESKTOP\YENIMM\DENEY3\KESMEOLMADAN\OLSUN\DNY.ASM 45 : Found opcode in column 1. (CALL)
Warning[203] C:\USERS\TUBA\DESKTOP\YENIMM\DENEY3\KESMEOLMADAN\OLSUN\DNY.ASM 46 : Found opcode in column 1. (GOTO)
Warning[205] C:\USERS\TUBA\DESKTOP\YENIMM\DENEY3\KESMEOLMADAN\OLSUN\DNY.ASM 49 : Found directive in column 1. (BANKSEL)
Warning[203] C:\USERS\TUBA\DESKTOP\YENIMM\DENEY3\KESMEOLMADAN\OLSUN\DNY.ASM 50 : Found opcode in column 1. (MOVF)
Warning[205] C:\USERS\TUBA\DESKTOP\YENIMM\DENEY3\KESMEOLMADAN\OLSUN\DNY.ASM 51 : Found directive in column 1. (BANKSEL)
Warning[203] C:\USERS\TUBA\DESKTOP\YENIMM\DENEY3\KESMEOLMADAN\OLSUN\DNY.ASM 53 : Found opcode in column 1. (GOTO)
Warning[205] C:\USERS\TUBA\DESKTOP\YENIMM\DENEY3\KESMEOLMADAN\OLSUN\DNY.ASM 55 : Found directive in column 1. (BANKSEL)
Warning[203] C:\USERS\TUBA\DESKTOP\YENIMM\DENEY3\KESMEOLMADAN\OLSUN\DNY.ASM 56 : Found opcode in column 1. (MOVF)
Warning[205] C:\USERS\TUBA\DESKTOP\YENIMM\DENEY3\KESMEOLMADAN\OLSUN\DNY.ASM 58 : Found directive in column 1. (BANKSEL)
Warning[203] C:\USERS\TUBA\DESKTOP\YENIMM\DENEY3\KESMEOLMADAN\OLSUN\DNY.ASM 60 : Found opcode in column 1. (GOTO)
Warning[203] C:\USERS\TUBA\DESKTOP\YENIMM\DENEY3\KESMEOLMADAN\OLSUN\DNY.ASM 62 : Found opcode in column 1. (MOVLW)
Warning[203] C:\USERS\TUBA\DESKTOP\YENIMM\DENEY3\KESMEOLMADAN\OLSUN\DNY.ASM 63 : Found opcode in column 1. (MOVWF)
Warning[203] C:\USERS\TUBA\DESKTOP\YENIMM\DENEY3\KESMEOLMADAN\OLSUN\DNY.ASM 65 : Found opcode in column 1. (MOVLW)
Warning[203] C:\USERS\TUBA\DESKTOP\YENIMM\DENEY3\KESMEOLMADAN\OLSUN\DNY.ASM 66 : Found opcode in column 1. (MOVWF)
Warning[203] C:\USERS\TUBA\DESKTOP\YENIMM\DENEY3\KESMEOLMADAN\OLSUN\DNY.ASM 68 : Found opcode in column 1. (DECFSZ)
Warning[203] C:\USERS\TUBA\DESKTOP\YENIMM\DENEY3\KESMEOLMADAN\OLSUN\DNY.ASM 69 : Found opcode in column 1. (GOTO)
Warning[203] C:\USERS\TUBA\DESKTOP\YENIMM\DENEY3\KESMEOLMADAN\OLSUN\DNY.ASM 70 : Found opcode in column 1. (DECFSZ)
Warning[203] C:\USERS\TUBA\DESKTOP\YENIMM\DENEY3\KESMEOLMADAN\OLSUN\DNY.ASM 71 : Found opcode in column 1. (GOTO)
Warning[203] C:\USERS\TUBA\DESKTOP\YENIMM\DENEY3\KESMEOLMADAN\OLSUN\DNY.ASM 72 : Found opcode in column 1. (RETURN)
Warning[205] C:\USERS\TUBA\DESKTOP\YENIMM\DENEY3\KESMEOLMADAN\OLSUN\DNY.ASM 73 : Found directive in column 1. (END)
