Warning[205] C:\USERS\HP\DESKTOP\BUT\SINAV\SINAV.ASM 1 : Found directive in column 1. (list)
Warning[205] C:\USERS\HP\DESKTOP\BUT\SINAV\SINAV.ASM 2 : Found directive in column 1. (include)
Warning[205] C:\USERS\HP\DESKTOP\BUT\SINAV\SINAV.ASM 3 : Found directive in column 1. (ORG)
Warning[203] C:\USERS\HP\DESKTOP\BUT\SINAV\SINAV.ASM 4 : Found opcode in column 1. (GOTO)
Warning[207] C:\USERS\HP\DESKTOP\BUT\SINAV\SINAV.ASM 6 : Found label after column 1. (KESME)
Warning[203] C:\USERS\HP\DESKTOP\BUT\SINAV\SINAV.ASM 8 : Found opcode in column 1. (RETFIE)
Warning[203] C:\USERS\HP\DESKTOP\BUT\SINAV\SINAV.ASM 9 : Found opcode in column 1. (BTFSC)
Warning[203] C:\USERS\HP\DESKTOP\BUT\SINAV\SINAV.ASM 10 : Found opcode in column 1. (GOTO)
Warning[205] C:\USERS\HP\DESKTOP\BUT\SINAV\SINAV.ASM 11 : Found directive in column 1. (BANKSEL)
Warning[203] C:\USERS\HP\DESKTOP\BUT\SINAV\SINAV.ASM 12 : Found opcode in column 1. (MOVLW)
Warning[203] C:\USERS\HP\DESKTOP\BUT\SINAV\SINAV.ASM 13 : Found opcode in column 1. (XORWF)
Message[305] C:\USERS\HP\DESKTOP\BUT\SINAV\SINAV.ASM 13 : Using default destination of 1 (file).
Warning[203] C:\USERS\HP\DESKTOP\BUT\SINAV\SINAV.ASM 14 : Found opcode in column 1. (GOTO)
Warning[203] C:\USERS\HP\DESKTOP\BUT\SINAV\SINAV.ASM 16 : Found opcode in column 1. (BTFSC)
Warning[203] C:\USERS\HP\DESKTOP\BUT\SINAV\SINAV.ASM 17 : Found opcode in column 1. (GOTO)
Warning[205] C:\USERS\HP\DESKTOP\BUT\SINAV\SINAV.ASM 18 : Found directive in column 1. (BANKSEL)
Warning[203] C:\USERS\HP\DESKTOP\BUT\SINAV\SINAV.ASM 19 : Found opcode in column 1. (MOVLW)
Warning[203] C:\USERS\HP\DESKTOP\BUT\SINAV\SINAV.ASM 20 : Found opcode in column 1. (XORWF)
Message[305] C:\USERS\HP\DESKTOP\BUT\SINAV\SINAV.ASM 20 : Using default destination of 1 (file).
Warning[203] C:\USERS\HP\DESKTOP\BUT\SINAV\SINAV.ASM 21 : Found opcode in column 1. (GOTO)
Warning[203] C:\USERS\HP\DESKTOP\BUT\SINAV\SINAV.ASM 23 : Found opcode in column 1. (BTFSC)
Warning[203] C:\USERS\HP\DESKTOP\BUT\SINAV\SINAV.ASM 24 : Found opcode in column 1. (GOTO)
Warning[205] C:\USERS\HP\DESKTOP\BUT\SINAV\SINAV.ASM 25 : Found directive in column 1. (BANKSEL)
Warning[203] C:\USERS\HP\DESKTOP\BUT\SINAV\SINAV.ASM 26 : Found opcode in column 1. (MOVLW)
Warning[203] C:\USERS\HP\DESKTOP\BUT\SINAV\SINAV.ASM 27 : Found opcode in column 1. (XORWF)
Message[305] C:\USERS\HP\DESKTOP\BUT\SINAV\SINAV.ASM 27 : Using default destination of 1 (file).
Warning[203] C:\USERS\HP\DESKTOP\BUT\SINAV\SINAV.ASM 28 : Found opcode in column 1. (GOTO)
Warning[203] C:\USERS\HP\DESKTOP\BUT\SINAV\SINAV.ASM 30 : Found opcode in column 1. (BTFSC)
Warning[203] C:\USERS\HP\DESKTOP\BUT\SINAV\SINAV.ASM 31 : Found opcode in column 1. (GOTO)
Warning[205] C:\USERS\HP\DESKTOP\BUT\SINAV\SINAV.ASM 32 : Found directive in column 1. (BANKSEL)
Warning[203] C:\USERS\HP\DESKTOP\BUT\SINAV\SINAV.ASM 33 : Found opcode in column 1. (MOVLW)
Warning[203] C:\USERS\HP\DESKTOP\BUT\SINAV\SINAV.ASM 34 : Found opcode in column 1. (XORWF)
Message[305] C:\USERS\HP\DESKTOP\BUT\SINAV\SINAV.ASM 34 : Using default destination of 1 (file).
Warning[203] C:\USERS\HP\DESKTOP\BUT\SINAV\SINAV.ASM 35 : Found opcode in column 1. (GOTO)
Warning[203] C:\USERS\HP\DESKTOP\BUT\SINAV\SINAV.ASM 37 : Found opcode in column 1. (BCF)
Warning[203] C:\USERS\HP\DESKTOP\BUT\SINAV\SINAV.ASM 38 : Found opcode in column 1. (RETFIE)
Warning[205] C:\USERS\HP\DESKTOP\BUT\SINAV\SINAV.ASM 54 : Found directive in column 1. (BANKSEL)
Warning[203] C:\USERS\HP\DESKTOP\BUT\SINAV\SINAV.ASM 55 : Found opcode in column 1. (MOVLW)
Warning[203] C:\USERS\HP\DESKTOP\BUT\SINAV\SINAV.ASM 56 : Found opcode in column 1. (MOVWF)
Message[302] C:\USERS\HP\DESKTOP\BUT\SINAV\SINAV.ASM 56 : Register in operand not in bank 0.  Ensure that bank bits are correct.
Warning[205] C:\USERS\HP\DESKTOP\BUT\SINAV\SINAV.ASM 59 : Found directive in column 1. (BANKSEL)
Warning[203] C:\USERS\HP\DESKTOP\BUT\SINAV\SINAV.ASM 60 : Found opcode in column 1. (MOVLW)
Warning[203] C:\USERS\HP\DESKTOP\BUT\SINAV\SINAV.ASM 61 : Found opcode in column 1. (MOVWF)
Warning[203] C:\USERS\HP\DESKTOP\BUT\SINAV\SINAV.ASM 63 : Found opcode in column 1. (GOTO)
Warning[205] C:\USERS\HP\DESKTOP\BUT\SINAV\SINAV.ASM 64 : Found directive in column 1. (END)
