MPASM  5.42                    IKINCIODEV.ASM   10-25-2011  8:30:01         PAGE  1


LOC  OBJECT CODE     LINE SOURCE TEXT
  VALUE

Warning[205]: Found directive in column 1. (list)
                      00001 list p=16F877
Warning[205]: Found directive in column 1. (include)
                      00002 include "p16F877.inc"
                      00001         LIST
                      00002 
                      00003 ;==========================================================================
                      00004 ;  MPASM PIC16F877 processor include
                      00005 ; 
                      00006 ;  (c) Copyright 1999-2011 Microchip Technology, All rights reserved
                      00007 ;==========================================================================
                      00008 
                      00528         LIST
Warning[205]: Found directive in column 1. (__config)
2007   3F39           00003 __config h'3F39'
  00000025            00004 Tmr0sayici EQU 0x25
  00000026            00005 Tmr1sayici EQU 0x26
                      00006 
0000                  00007         ORG 0x000
Warning[203]: Found opcode in column 1. (clrf)
0000   018A           00008 clrf PCLATH
Warning[203]: Found opcode in column 1. (goto)
0001   2846           00009 goto anaprogram
0004                  00010         ORG 0x004
Warning[203]: Found opcode in column 1. (goto)
0004   2805           00011 goto kesme
                      00012 
                      00013 
0005                  00014 kesme
0005   1E8B           00015         btfss INTCON,5 ;TMRO kesmesine izin verilmiþ mi?
Warning[203]: Found opcode in column 1. (goto)
0006   2817           00016 goto kesme2 ;Hayýr ise kesmesonu.
0007   1D0B           00017         btfss INTCON,2 ;TMR0 kesmesi oluþtu mu(TMR0IF=1 mi?)
                      00018 
Warning[203]: Found opcode in column 1. (goto)
0008   2817           00019 goto kesme2 ;kesme sonu.
0009   3006           00020         movlw D'6' 
000A   0081           00021         movwf TMR0     ;TMR0'a ilk deðer atamasý yapýlýyor.
000B   110B           00022         bcf INTCON,2   ;TMR0IF kesme bayraðý siliniyor.
000C   0AA5           00023         incf Tmr0sayici, F ;her 2 ms'de bir kesme oluþur.
000D   30FA           00024         movlw D'250'
000E   0225           00025         subwf Tmr0sayici,w ; Tmrosayici deðerinden working registerinin deðerini çýkarýr.
000F   1C03           00026         btfss STATUS, C ;Tmrocounter >=250 mi? Yanýt evet ise bir komut atla.
Warning[203]: Found opcode in column 1. (goto)
0010   2817           00027 goto kesme2
0011   01A5           00028         clrf Tmr0sayici ;Tmr0sayici 500ms sayýcýmýzý sýfýrlayýp hazýrlýyoruz.
0012   1C08           00029         btfss PORTD,0 ;LED yanýyor ise bir komut atla
Warning[203]: Found opcode in column 1. (goto)
0013   2816           00030 goto ledyak ;led sönükse ledi yakmak için "ledyak" bloðuna atla.
0014   1008           00031         bcf PORTD,0 ;PORTD'nin 0. bitini sýfýrla(söndür)
Warning[203]: Found opcode in column 1. (goto)
0015   2817           00032 goto kesme2
0016                  00033 ledyak
MPASM  5.42                    IKINCIODEV.ASM   10-25-2011  8:30:01         PAGE  2


LOC  OBJECT CODE     LINE SOURCE TEXT
  VALUE

0016   1408           00034         bsf PORTD,0
                      00035 
0017                  00036 kesme2
                      00037         
Message[302]: Register in operand not in bank 0.  Ensure that bank bits are correct.
0017   1C0C           00038         btfss PIE1,0 ;TMRO kesmesine izin verilmiþ mi?
Warning[203]: Found opcode in column 1. (goto)
0018   282B           00039 goto kesmesonu ;Hayýr ise kesmesonu.
0019   1C0C           00040         btfss PIR1,0 ;TMR0 kesmesi oluþtu mu(TMR0IF=1 mi?)
                      00041 
Warning[203]: Found opcode in column 1. (goto)
001A   282B           00042 goto kesmesonu ;kesme sonu.
001B   3031           00043         movlw H'31' 
001C   008F           00044         movwf TMR1H
001D   3034           00045         movlw H'34'
001E   008E           00046         movwf TMR1L     ;TMR0'a ilk deðer atamasý yapýlýyor.
001F   100C           00047         bcf PIR1,0   ;TMR0IF kesme bayraðý siliniyor.
0020   0AA6           00048         incf Tmr1sayici, F ;her 2 ms'de bir kesme oluþur.
0021   3002           00049         movlw D'2'
0022   0226           00050         subwf Tmr1sayici,w ; Tmrosayici deðerinden working registerinin deðerini çýkarýr.
0023   1C03           00051         btfss STATUS, C ;Tmrocounter >=250 mi? Yanýt evet ise bir komut atla.
Warning[203]: Found opcode in column 1. (goto)
0024   282B           00052 goto kesmesonu
0025   01A6           00053         clrf Tmr1sayici ;Tmr0sayici 500ms sayýcýmýzý sýfýrlayýp hazýrlýyoruz.
0026   1C88           00054         btfss PORTD,1 ;LED yanýyor ise bir komut atla
Warning[203]: Found opcode in column 1. (goto)
0027   282A           00055 goto led2yak ;led sönükse ledi yakmak için "ledyak" bloðuna atla.
0028   1088           00056         bcf PORTD,1 ;PORTD'nin 0. bitini sýfýrla(söndür)
Warning[203]: Found opcode in column 1. (goto)
0029   282B           00057 goto kesmesonu
002A                  00058 led2yak
002A   1488           00059         bsf PORTD,1
                      00060 
002B                  00061 kesmesonu
002B   0009           00062         retfie
002C                  00063 ilk_islemler
002C   01A5           00064         clrf Tmr0sayici ;500ms kesme zaman sayýcýnýn ilk deðer atamasý yapýldý
002D   01A6           00065         clrf Tmr1sayici ;
002E   30D2           00066         movlw 0xD2 ; OPTION_REG'e atanacak deðer workinge atýlýyor.
002F   1683 1303      00067         banksel OPTION_REG ; option_rege ulaþmak için bank1 seçildi.
Message[302]: Register in operand not in bank 0.  Ensure that bank bits are correct.
0031   0081           00068         movwf OPTION_REG  ;option_rege working içeriði aktarýldý.
0032   3031           00069         movlw 0x31 ;
0033   1283 1303      00070         banksel T1CON ;
0035   0090           00071         movwf T1CON ;
0036   1683           00072         bsf STATUS, RP0 ;
Message[302]: Register in operand not in bank 0.  Ensure that bank bits are correct.
0037   1008           00073         bcf TRISD,0 ; d portunun 0. biti çýkýþa yönlendirildi.
Message[302]: Register in operand not in bank 0.  Ensure that bank bits are correct.
0038   1088           00074         bcf TRISD,1 ; 
0039   1283           00075         bcf STATUS, RP0
003A   1008           00076         bcf PORTD,0 ;ledin ilk durumu sönük
003B   1088           00077         bcf PORTD,1 ;
MPASM  5.42                    IKINCIODEV.ASM   10-25-2011  8:30:01         PAGE  3


LOC  OBJECT CODE     LINE SOURCE TEXT
  VALUE

                      00078         
003C   3006           00079         movlw D'6' ;TMR0 için ilk deðer w registerine yüklendi.
003D   0081           00080         movwf TMR0
003E   3031           00081         movlw H'31'
003F   008F           00082         movwf TMR1H
0040   3034           00083         movlw H'34'
0041   008E           00084         movwf TMR1L
0042   168B           00085         bsf INTCON, D'5'
0043   178B           00086         bsf INTCON, D'7'
Message[302]: Register in operand not in bank 0.  Ensure that bank bits are correct.
0044   140C           00087         bsf PIE1, D'0'
                      00088 
Warning[203]: Found opcode in column 1. (return)
0045   0008           00089 return
0046                  00090 anaprogram
0046   202C           00091         call ilk_islemler ; ana program için ilk iþlemler çaðýrýlýyor
0047                  00092 sonsuzdongu
0047   2847           00093         goto sonsuzdongu ;sonsuz boþ döngü iþletiliyor.
Warning[205]: Found directive in column 1. (end)
                      00094 end
MPASM  5.42                    IKINCIODEV.ASM   10-25-2011  8:30:01         PAGE  4


SYMBOL TABLE
  LABEL                             VALUE 

ACKDT                             00000005
ACKEN                             00000004
ACKSTAT                           00000006
ADCON0                            0000001F
ADCON1                            0000009F
ADCS0                             00000006
ADCS1                             00000007
ADDEN                             00000003
ADFM                              00000007
ADIE                              00000006
ADIF                              00000006
ADON                              00000000
ADRESH                            0000001E
ADRESL                            0000009E
BCLIE                             00000003
BCLIF                             00000003
BF                                00000000
BRGH                              00000002
C                                 00000000
CCP1CON                           00000017
CCP1IE                            00000002
CCP1IF                            00000002
CCP1M0                            00000000
CCP1M1                            00000001
CCP1M2                            00000002
CCP1M3                            00000003
CCP1X                             00000005
CCP1Y                             00000004
CCP2CON                           0000001D
CCP2IE                            00000000
CCP2IF                            00000000
CCP2M0                            00000000
CCP2M1                            00000001
CCP2M2                            00000002
CCP2M3                            00000003
CCP2X                             00000005
CCP2Y                             00000004
CCPR1                             00000015
CCPR1H                            00000016
CCPR1L                            00000015
CCPR2                             0000001B
CCPR2H                            0000001C
CCPR2L                            0000001B
CHS0                              00000003
CHS1                              00000004
CHS2                              00000005
CKE                               00000006
CKP                               00000004
CREN                              00000004
CSRC                              00000007
D                                 00000005
DATA_ADDRESS                      00000005
DC                                00000001
MPASM  5.42                    IKINCIODEV.ASM   10-25-2011  8:30:01         PAGE  5


SYMBOL TABLE
  LABEL                             VALUE 

D_A                               00000005
D_NOT_A                           00000005
EEADR                             0000010D
EEADRH                            0000010F
EECON1                            0000018C
EECON2                            0000018D
EEDATA                            0000010C
EEDATH                            0000010E
EEIE                              00000004
EEIF                              00000004
EEPGD                             00000007
F                                 00000001
FERR                              00000002
FSR                               00000004
GCEN                              00000007
GIE                               00000007
GO                                00000002
GO_DONE                           00000002
GO_NOT_DONE                       00000002
I2C_DATA                          00000005
I2C_READ                          00000002
I2C_START                         00000003
I2C_STOP                          00000004
IBF                               00000007
IBOV                              00000005
INDF                              00000000
INTCON                            0000000B
INTE                              00000004
INTEDG                            00000006
INTF                              00000001
IRP                               00000007
NOT_A                             00000005
NOT_ADDRESS                       00000005
NOT_BO                            00000000
NOT_BOR                           00000000
NOT_DONE                          00000002
NOT_PD                            00000003
NOT_POR                           00000001
NOT_RBPU                          00000007
NOT_RC8                           00000006
NOT_T1SYNC                        00000002
NOT_TO                            00000004
NOT_TX8                           00000006
NOT_W                             00000002
NOT_WRITE                         00000002
OBF                               00000006
OERR                              00000001
OPTION_REG                        00000081
P                                 00000004
PCFG0                             00000000
PCFG1                             00000001
PCFG2                             00000002
PCFG3                             00000003
MPASM  5.42                    IKINCIODEV.ASM   10-25-2011  8:30:01         PAGE  6


SYMBOL TABLE
  LABEL                             VALUE 

PCL                               00000002
PCLATH                            0000000A
PCON                              0000008E
PEIE                              00000006
PEN                               00000002
PIE1                              0000008C
PIE2                              0000008D
PIR1                              0000000C
PIR2                              0000000D
PORTA                             00000005
PORTB                             00000006
PORTC                             00000007
PORTD                             00000008
PORTE                             00000009
PR2                               00000092
PS0                               00000000
PS1                               00000001
PS2                               00000002
PSA                               00000003
PSPIE                             00000007
PSPIF                             00000007
PSPMODE                           00000004
R                                 00000002
RA0                               00000000
RA1                               00000001
RA2                               00000002
RA3                               00000003
RA4                               00000004
RA5                               00000005
RB0                               00000000
RB1                               00000001
RB2                               00000002
RB3                               00000003
RB4                               00000004
RB5                               00000005
RB6                               00000006
RB7                               00000007
RBIE                              00000003
RBIF                              00000000
RC0                               00000000
RC1                               00000001
RC2                               00000002
RC3                               00000003
RC4                               00000004
RC5                               00000005
RC6                               00000006
RC7                               00000007
RC8_9                             00000006
RC9                               00000006
RCD8                              00000000
RCEN                              00000003
RCIE                              00000005
RCIF                              00000005
MPASM  5.42                    IKINCIODEV.ASM   10-25-2011  8:30:01         PAGE  7


SYMBOL TABLE
  LABEL                             VALUE 

RCREG                             0000001A
RCSTA                             00000018
RD                                00000000
RD0                               00000000
RD1                               00000001
RD2                               00000002
RD3                               00000003
RD4                               00000004
RD5                               00000005
RD6                               00000006
RD7                               00000007
RE0                               00000000
RE1                               00000001
RE2                               00000002
READ_WRITE                        00000002
RP0                               00000005
RP1                               00000006
RSEN                              00000001
RX9                               00000006
RX9D                              00000000
R_NOT_W                           00000002
R_W                               00000002
S                                 00000003
SEN                               00000000
SMP                               00000007
SPBRG                             00000099
SPEN                              00000007
SREN                              00000005
SSPADD                            00000093
SSPBUF                            00000013
SSPCON                            00000014
SSPCON2                           00000091
SSPEN                             00000005
SSPIE                             00000003
SSPIF                             00000003
SSPM0                             00000000
SSPM1                             00000001
SSPM2                             00000002
SSPM3                             00000003
SSPOV                             00000006
SSPSTAT                           00000094
STATUS                            00000003
SYNC                              00000004
T0CS                              00000005
T0IE                              00000005
T0IF                              00000002
T0SE                              00000004
T1CKPS0                           00000004
T1CKPS1                           00000005
T1CON                             00000010
T1INSYNC                          00000002
T1OSCEN                           00000003
T1SYNC                            00000002
MPASM  5.42                    IKINCIODEV.ASM   10-25-2011  8:30:01         PAGE  8


SYMBOL TABLE
  LABEL                             VALUE 

T2CKPS0                           00000000
T2CKPS1                           00000001
T2CON                             00000012
TMR0                              00000001
TMR0IE                            00000005
TMR0IF                            00000002
TMR1CS                            00000001
TMR1H                             0000000F
TMR1IE                            00000000
TMR1IF                            00000000
TMR1L                             0000000E
TMR1ON                            00000000
TMR2                              00000011
TMR2IE                            00000001
TMR2IF                            00000001
TMR2ON                            00000002
TOUTPS0                           00000003
TOUTPS1                           00000004
TOUTPS2                           00000005
TOUTPS3                           00000006
TRISA                             00000085
TRISA0                            00000000
TRISA1                            00000001
TRISA2                            00000002
TRISA3                            00000003
TRISA4                            00000004
TRISA5                            00000005
TRISB                             00000086
TRISB0                            00000000
TRISB1                            00000001
TRISB2                            00000002
TRISB3                            00000003
TRISB4                            00000004
TRISB5                            00000005
TRISB6                            00000006
TRISB7                            00000007
TRISC                             00000087
TRISC0                            00000000
TRISC1                            00000001
TRISC2                            00000002
TRISC3                            00000003
TRISC4                            00000004
TRISC5                            00000005
TRISC6                            00000006
TRISC7                            00000007
TRISD                             00000088
TRISD0                            00000000
TRISD1                            00000001
TRISD2                            00000002
TRISD3                            00000003
TRISD4                            00000004
TRISD5                            00000005
TRISD6                            00000006
MPASM  5.42                    IKINCIODEV.ASM   10-25-2011  8:30:01         PAGE  9


SYMBOL TABLE
  LABEL                             VALUE 

TRISD7                            00000007
TRISE                             00000089
TRISE0                            00000000
TRISE1                            00000001
TRISE2                            00000002
TRMT                              00000001
TX8_9                             00000006
TX9                               00000006
TX9D                              00000000
TXD8                              00000000
TXEN                              00000005
TXIE                              00000004
TXIF                              00000004
TXREG                             00000019
TXSTA                             00000098
Tmr0sayici                        00000025
Tmr1sayici                        00000026
UA                                00000001
W                                 00000000
WCOL                              00000007
WR                                00000001
WREN                              00000002
WRERR                             00000003
Z                                 00000002
_BODEN_OFF                        00003FBF
_BODEN_ON                         00003FFF
_CONFIG                           00002007
_CPD_OFF                          00003FFF
_CPD_ON                           00003EFF
_CP_All                           00000FCF
_CP_HALF                          00001FDF
_CP_OFF                           00003FFF
_CP_UPPER_256                     00002FEF
_DEBUG_OFF                        00003FFF
_DEBUG_ON                         000037FF
_DEVID1                           00002006
_HS_OSC                           00003FFE
_IDLOC0                           00002000
_IDLOC1                           00002001
_IDLOC2                           00002002
_IDLOC3                           00002003
_LP_OSC                           00003FFC
_LVP_OFF                          00003F7F
_LVP_ON                           00003FFF
_PWRTE_OFF                        00003FFF
_PWRTE_ON                         00003FF7
_RC_OSC                           00003FFF
_WDT_OFF                          00003FFB
_WDT_ON                           00003FFF
_WRT_ENABLE_OFF                   00003DFF
_WRT_ENABLE_ON                    00003FFF
_XT_OSC                           00003FFD
__16F877                          00000001
MPASM  5.42                    IKINCIODEV.ASM   10-25-2011  8:30:01         PAGE 10


SYMBOL TABLE
  LABEL                             VALUE 

__DEBUG                           1
anaprogram                        00000046
ilk_islemler                      0000002C
kesme                             00000005
kesme2                            00000017
kesmesonu                         0000002B
led2yak                           0000002A
ledyak                            00000016
sonsuzdongu                       00000047


MEMORY USAGE MAP ('X' = Used,  '-' = Unused)

0000 : XX--XXXXXXXXXXXX XXXXXXXXXXXXXXXX XXXXXXXXXXXXXXXX XXXXXXXXXXXXXXXX
0040 : XXXXXXXX-------- ---------------- ---------------- ----------------
2000 : -------X-------- ---------------- ---------------- ----------------

All other memory blocks unused.

Program Memory Words Used:    70
Program Memory Words Free:  8122


Errors   :     0
Warnings :    18 reported,     0 suppressed
Messages :     5 reported,     0 suppressed

