Warning[205] C:\USERS\HP\DESKTOP\BUT\SEKSENYAZ\SEKSEN.ASM 1 : Found directive in column 1. (list)
Warning[205] C:\USERS\HP\DESKTOP\BUT\SEKSENYAZ\SEKSEN.ASM 2 : Found directive in column 1. (include)
Warning[205] C:\USERS\HP\DESKTOP\BUT\SEKSENYAZ\SEKSEN.ASM 3 : Found directive in column 1. (org)
Warning[203] C:\USERS\HP\DESKTOP\BUT\SEKSENYAZ\SEKSEN.ASM 4 : Found opcode in column 1. (goto)
Warning[205] C:\USERS\HP\DESKTOP\BUT\SEKSENYAZ\SEKSEN.ASM 5 : Found directive in column 1. (org)
Warning[207] C:\USERS\HP\DESKTOP\BUT\SEKSENYAZ\SEKSEN.ASM 6 : Found label after column 1. (KESME)
Warning[203] C:\USERS\HP\DESKTOP\BUT\SEKSENYAZ\SEKSEN.ASM 7 : Found opcode in column 1. (RETFIE)
Warning[203] C:\USERS\HP\DESKTOP\BUT\SEKSENYAZ\SEKSEN.ASM 9 : Found opcode in column 1. (ADDWF)
Warning[203] C:\USERS\HP\DESKTOP\BUT\SEKSENYAZ\SEKSEN.ASM 10 : Found opcode in column 1. (RETLW)
Warning[203] C:\USERS\HP\DESKTOP\BUT\SEKSENYAZ\SEKSEN.ASM 11 : Found opcode in column 1. (RETLW)
Warning[207] C:\USERS\HP\DESKTOP\BUT\SEKSENYAZ\SEKSEN.ASM 12 : Found label after column 1. (ANA)
Warning[203] C:\USERS\HP\DESKTOP\BUT\SEKSENYAZ\SEKSEN.ASM 14 : Found opcode in column 1. (CLRF)
Message[302] C:\USERS\HP\DESKTOP\BUT\SEKSENYAZ\SEKSEN.ASM 14 : Register in operand not in bank 0.  Ensure that bank bits are correct.
Warning[205] C:\USERS\HP\DESKTOP\BUT\SEKSENYAZ\SEKSEN.ASM 15 : Found directive in column 1. (BANKSEL)
Warning[203] C:\USERS\HP\DESKTOP\BUT\SEKSENYAZ\SEKSEN.ASM 16 : Found opcode in column 1. (CLRF)
Warning[203] C:\USERS\HP\DESKTOP\BUT\SEKSENYAZ\SEKSEN.ASM 17 : Found opcode in column 1. (MOVLW)
Warning[203] C:\USERS\HP\DESKTOP\BUT\SEKSENYAZ\SEKSEN.ASM 18 : Found opcode in column 1. (MOVWF)
Warning[205] C:\USERS\HP\DESKTOP\BUT\SEKSENYAZ\SEKSEN.ASM 19 : Found directive in column 1. (BANKSEL)
Warning[203] C:\USERS\HP\DESKTOP\BUT\SEKSENYAZ\SEKSEN.ASM 20 : Found opcode in column 1. (CLRF)
Message[302] C:\USERS\HP\DESKTOP\BUT\SEKSENYAZ\SEKSEN.ASM 20 : Register in operand not in bank 0.  Ensure that bank bits are correct.
Warning[205] C:\USERS\HP\DESKTOP\BUT\SEKSENYAZ\SEKSEN.ASM 21 : Found directive in column 1. (BANKSEL)
Warning[203] C:\USERS\HP\DESKTOP\BUT\SEKSENYAZ\SEKSEN.ASM 22 : Found opcode in column 1. (CLRF)
Warning[205] C:\USERS\HP\DESKTOP\BUT\SEKSENYAZ\SEKSEN.ASM 24 : Found directive in column 1. (BANKSEL)
Warning[203] C:\USERS\HP\DESKTOP\BUT\SEKSENYAZ\SEKSEN.ASM 25 : Found opcode in column 1. (MOVLW)
Warning[203] C:\USERS\HP\DESKTOP\BUT\SEKSENYAZ\SEKSEN.ASM 26 : Found opcode in column 1. (MOVWF)
Warning[203] C:\USERS\HP\DESKTOP\BUT\SEKSENYAZ\SEKSEN.ASM 27 : Found opcode in column 1. (MOVLW)
Warning[203] C:\USERS\HP\DESKTOP\BUT\SEKSENYAZ\SEKSEN.ASM 28 : Found opcode in column 1. (CALL)
Warning[203] C:\USERS\HP\DESKTOP\BUT\SEKSENYAZ\SEKSEN.ASM 29 : Found opcode in column 1. (MOVWF)
Warning[203] C:\USERS\HP\DESKTOP\BUT\SEKSENYAZ\SEKSEN.ASM 30 : Found opcode in column 1. (MOVWF)
Warning[203] C:\USERS\HP\DESKTOP\BUT\SEKSENYAZ\SEKSEN.ASM 31 : Found opcode in column 1. (CLRF)
Warning[205] C:\USERS\HP\DESKTOP\BUT\SEKSENYAZ\SEKSEN.ASM 32 : Found directive in column 1. (BANKSEL)
Warning[203] C:\USERS\HP\DESKTOP\BUT\SEKSENYAZ\SEKSEN.ASM 33 : Found opcode in column 1. (MOVLW)
Warning[203] C:\USERS\HP\DESKTOP\BUT\SEKSENYAZ\SEKSEN.ASM 34 : Found opcode in column 1. (MOVWF)
Warning[203] C:\USERS\HP\DESKTOP\BUT\SEKSENYAZ\SEKSEN.ASM 35 : Found opcode in column 1. (MOVLW)
Warning[203] C:\USERS\HP\DESKTOP\BUT\SEKSENYAZ\SEKSEN.ASM 36 : Found opcode in column 1. (CALL)
Warning[203] C:\USERS\HP\DESKTOP\BUT\SEKSENYAZ\SEKSEN.ASM 37 : Found opcode in column 1. (MOVWF)
Warning[203] C:\USERS\HP\DESKTOP\BUT\SEKSENYAZ\SEKSEN.ASM 38 : Found opcode in column 1. (MOVWF)
Warning[203] C:\USERS\HP\DESKTOP\BUT\SEKSENYAZ\SEKSEN.ASM 39 : Found opcode in column 1. (CLRF)
Warning[203] C:\USERS\HP\DESKTOP\BUT\SEKSENYAZ\SEKSEN.ASM 41 : Found opcode in column 1. (GOTO)
Warning[205] C:\USERS\HP\DESKTOP\BUT\SEKSENYAZ\SEKSEN.ASM 42 : Found directive in column 1. (END)
