Warning[205] C:\USERS\HP\DESKTOP\öDEVLERLE ILGILI\öDEV1\BURHAN\ODEVBIR.ASM 1 : Found directive in column 1. (list)
Warning[215] C:\USERS\HP\DESKTOP\öDEVLERLE ILGILI\öDEV1\BURHAN\ODEVBIR.ASM 1 : Processor superseded by command line.  Verify processor symbol.
Error[105]   C:\USERS\HP\DESKTOP\öDEVLERLE ILGILI\öDEV1\BURHAN\ODEVBIR.ASM 2 : Cannot open file (Include File "16F877A.INC" not found)
Warning[205] C:\USERS\HP\DESKTOP\öDEVLERLE ILGILI\öDEV1\BURHAN\ODEVBIR.ASM 3 : Found directive in column 1. (ORG)
Warning[203] C:\USERS\HP\DESKTOP\öDEVLERLE ILGILI\öDEV1\BURHAN\ODEVBIR.ASM 5 : Found opcode in column 1. (goto)
Error[113]   C:\USERS\HP\DESKTOP\öDEVLERLE ILGILI\öDEV1\BURHAN\ODEVBIR.ASM 5 : Symbol not previously defined (ana)
Error[113]   C:\USERS\HP\DESKTOP\öDEVLERLE ILGILI\öDEV1\BURHAN\ODEVBIR.ASM 5 : Symbol not previously defined (program)
Error[112]   C:\USERS\HP\DESKTOP\öDEVLERLE ILGILI\öDEV1\BURHAN\ODEVBIR.ASM 5 : Missing operator
Warning[205] C:\USERS\HP\DESKTOP\öDEVLERLE ILGILI\öDEV1\BURHAN\ODEVBIR.ASM 6 : Found directive in column 1. (org)
Warning[203] C:\USERS\HP\DESKTOP\öDEVLERLE ILGILI\öDEV1\BURHAN\ODEVBIR.ASM 7 : Found opcode in column 1. (goto)
Error[113]   C:\USERS\HP\DESKTOP\öDEVLERLE ILGILI\öDEV1\BURHAN\ODEVBIR.ASM 9 : Symbol not previously defined (STATUS)
Error[113]   C:\USERS\HP\DESKTOP\öDEVLERLE ILGILI\öDEV1\BURHAN\ODEVBIR.ASM 9 : Symbol not previously defined (RP0)
Error[113]   C:\USERS\HP\DESKTOP\öDEVLERLE ILGILI\öDEV1\BURHAN\ODEVBIR.ASM 10 : Symbol not previously defined (PORTD)
Error[113]   C:\USERS\HP\DESKTOP\öDEVLERLE ILGILI\öDEV1\BURHAN\ODEVBIR.ASM 12 : Symbol not previously defined (INTCON)
Error[113]   C:\USERS\HP\DESKTOP\öDEVLERLE ILGILI\öDEV1\BURHAN\ODEVBIR.ASM 13 : Symbol not previously defined (STATUS)
Error[113]   C:\USERS\HP\DESKTOP\öDEVLERLE ILGILI\öDEV1\BURHAN\ODEVBIR.ASM 13 : Symbol not previously defined (RP0)
Error[113]   C:\USERS\HP\DESKTOP\öDEVLERLE ILGILI\öDEV1\BURHAN\ODEVBIR.ASM 14 : Symbol not previously defined (TRISD)
Error[113]   C:\USERS\HP\DESKTOP\öDEVLERLE ILGILI\öDEV1\BURHAN\ODEVBIR.ASM 15 : Symbol not previously defined (STATUS)
Error[113]   C:\USERS\HP\DESKTOP\öDEVLERLE ILGILI\öDEV1\BURHAN\ODEVBIR.ASM 15 : Symbol not previously defined (C)
Error[113]   C:\USERS\HP\DESKTOP\öDEVLERLE ILGILI\öDEV1\BURHAN\ODEVBIR.ASM 16 : Symbol not previously defined (OPTION_REG)
Error[113]   C:\USERS\HP\DESKTOP\öDEVLERLE ILGILI\öDEV1\BURHAN\ODEVBIR.ASM 16 : Symbol not previously defined (INTEDG)
Error[113]   C:\USERS\HP\DESKTOP\öDEVLERLE ILGILI\öDEV1\BURHAN\ODEVBIR.ASM 18 : Symbol not previously defined (TRISB)
Error[113]   C:\USERS\HP\DESKTOP\öDEVLERLE ILGILI\öDEV1\BURHAN\ODEVBIR.ASM 19 : Symbol not previously defined (STATUS)
Error[113]   C:\USERS\HP\DESKTOP\öDEVLERLE ILGILI\öDEV1\BURHAN\ODEVBIR.ASM 19 : Symbol not previously defined (RP0)
Error[113]   C:\USERS\HP\DESKTOP\öDEVLERLE ILGILI\öDEV1\BURHAN\ODEVBIR.ASM 22 : Symbol not previously defined (PORTD)
Error[113]   C:\USERS\HP\DESKTOP\öDEVLERLE ILGILI\öDEV1\BURHAN\ODEVBIR.ASM 26 : Symbol not previously defined (INTCON)
Error[113]   C:\USERS\HP\DESKTOP\öDEVLERLE ILGILI\öDEV1\BURHAN\ODEVBIR.ASM 26 : Symbol not previously defined (INTF)
Error[113]   C:\USERS\HP\DESKTOP\öDEVLERLE ILGILI\öDEV1\BURHAN\ODEVBIR.ASM 28 : Symbol not previously defined (STATUS)
Error[113]   C:\USERS\HP\DESKTOP\öDEVLERLE ILGILI\öDEV1\BURHAN\ODEVBIR.ASM 31 : Symbol not previously defined (PORTD)
Error[113]   C:\USERS\HP\DESKTOP\öDEVLERLE ILGILI\öDEV1\BURHAN\ODEVBIR.ASM 34 : Symbol not previously defined (STATUS)
Error[113]   C:\USERS\HP\DESKTOP\öDEVLERLE ILGILI\öDEV1\BURHAN\ODEVBIR.ASM 34 : Symbol not previously defined (C)
Error[113]   C:\USERS\HP\DESKTOP\öDEVLERLE ILGILI\öDEV1\BURHAN\ODEVBIR.ASM 37 : Symbol not previously defined (PORTD)
Warning[203] C:\USERS\HP\DESKTOP\öDEVLERLE ILGILI\öDEV1\BURHAN\ODEVBIR.ASM 38 : Found opcode in column 1. (retfie)
