MPASM  5.42                         DENEY.ASM   10-15-2012  14:00:48         PAGE  1


LOC  OBJECT CODE     LINE SOURCE TEXT
  VALUE

Warning[205]: Found directive in column 1. (list)
                      00001 list p=16f877a
                      00002 #include <p16f877a.inc>
                      00001         LIST
                      00002 
                      00003 ;==========================================================================
                      00004 ;  MPASM PIC16F877A processor include
                      00005 ; 
                      00006 ;  (c) Copyright 1999-2011 Microchip Technology, All rights reserved
                      00007 ;==========================================================================
                      00008 
                      00555         LIST
                      00003 
  00000026            00004 SAYAC1 EQU 0x26; GECÝKME ÝÇÝN
  00000027            00005 SAYAC2 EQU 0x27; GECÝKME ÝÇÝN
Warning[205]: Found directive in column 1. (org)
0000                  00006 org 0; BAÞLANGIÇ VEKTÖRÜ RESET
Warning[203]: Found opcode in column 1. (goto)
0000   2806           00007 goto ANA
Warning[205]: Found directive in column 1. (org)
0004                  00008 org 4; KESME VEKTÖRÜ
Warning[203]: Found opcode in column 1. (goto)
0004   2805           00009 goto KESME
0005                  00010 KESME:
Warning[203]: Found opcode in column 1. (RETFIE)
0005   0009           00011 RETFIE
0006                  00012 ANA:
Warning[205]: Found directive in column 1. (BANKSEL)
0006   1683 1303      00013 BANKSEL TRISA; TRISA NIN OLDUÐU BANKA GÝT
Warning[203]: Found opcode in column 1. (MOVLW)
0008   30FF           00014 MOVLW H'FF'; WORKÝNGE FFATTIK
Warning[203]: Found opcode in column 1. (MOVWF)
Message[302]: Register in operand not in bank 0.  Ensure that bank bits are correct.
0009   0085           00015 MOVWF TRISA; GÝRÝÞ YAPTIK HEPSÝNÝ
Warning[205]: Found directive in column 1. (BANKSEL)
000A   1283 1303      00016 BANKSEL PORTA; PORTA NIN OLDUÐU BANKA GÝT
Warning[203]: Found opcode in column 1. (CLRF)
000C   0185           00017 CLRF PORTA; PORTA ÝÇÝNÝ TEMÝZLE
Warning[205]: Found directive in column 1. (BANKSEL)
000D   1683 1303      00018 BANKSEL TRISD; LED DEMÝÞ ÇIKIÞ YAPMAMIZ GEREKÝR ONDAN ÇIKIÞ YAPTIK
Warning[203]: Found opcode in column 1. (MOVLW)
000F   3000           00019 MOVLW H'00'; ÇIKIÞ YAPTIK TRISD YE SIFIR ATARAK
Warning[203]: Found opcode in column 1. (MOVWF)
Message[302]: Register in operand not in bank 0.  Ensure that bank bits are correct.
0010   0088           00020 MOVWF TRISD
Warning[205]: Found directive in column 1. (BANKSEL)
0011   1283 1303      00021 BANKSEL PORTD
Warning[203]: Found opcode in column 1. (CLRF)
0013   0188           00022 CLRF PORTD
Warning[205]: Found directive in column 1. (BANKSEL)
0014   1683 1303      00023 BANKSEL ADCON1
Warning[203]: Found opcode in column 1. (MOVLW)
0016   3006           00024 MOVLW B'00000110';DÝJÝTAL OLDUÐU ÝÇÝN
MPASM  5.42                         DENEY.ASM   10-15-2012  14:00:48         PAGE  2


LOC  OBJECT CODE     LINE SOURCE TEXT
  VALUE

Warning[203]: Found opcode in column 1. (MOVWF)
Message[302]: Register in operand not in bank 0.  Ensure that bank bits are correct.
0017   009F           00025 MOVWF ADCON1
Warning[205]: Found directive in column 1. (BANKSEL)
0018   1283 1303      00026 BANKSEL PORTD
Warning[203]: Found opcode in column 1. (MOVLW)
001A   3004           00027 MOVLW h'04'
Warning[203]: Found opcode in column 1. (MOVWF)
001B   0088           00028 MOVWF PORTD
Warning[203]: Found opcode in column 1. (CLRF)
001C   01A6           00029 CLRF SAYAC1
Warning[203]: Found opcode in column 1. (CLRF)
001D   01A7           00030 CLRF SAYAC2
001E                  00031 DONGU:
Warning[203]: Found opcode in column 1. (BTFSS)
001E   1C05           00032 BTFSS PORTA,0;
Warning[203]: Found opcode in column 1. (GOTO)
001F   2828           00033 GOTO SAG
Warning[203]: Found opcode in column 1. (BTFSS)
0020   1C85           00034 BTFSS PORTA,1
Warning[203]: Found opcode in column 1. (GOTO)
0021   2823           00035 GOTO SOL
Warning[203]: Found opcode in column 1. (GOTO)
0022   281E           00036 GOTO DONGU
0023                  00037 SOL:
Warning[203]: Found opcode in column 1. (RLF)
Message[305]: Using default destination of 1 (file).
0023   0D88           00038 RLF PORTD; PORTD NÝN ÝÇERÐÝNÝ BÝ BÝRÝM SOLA KAYDIRIR
Warning[203]: Found opcode in column 1. (CALL)
0024   202D           00039 CALL GECIK 
Warning[203]: Found opcode in column 1. (CALL)
0025   202D           00040 CALL GECIK
Warning[203]: Found opcode in column 1. (CLRF)
0026   0185           00041 CLRF PORTA
Warning[203]: Found opcode in column 1. (GOTO)
0027   281E           00042 GOTO DONGU
0028                  00043 SAG:
Warning[203]: Found opcode in column 1. (RRF)
Message[305]: Using default destination of 1 (file).
0028   0C88           00044 RRF PORTD
Warning[203]: Found opcode in column 1. (CALL)
0029   202D           00045 CALL GECIK
Warning[203]: Found opcode in column 1. (CALL)
002A   202D           00046 CALL GECIK
Warning[203]: Found opcode in column 1. (CLRF)
002B   0185           00047 CLRF PORTA
Warning[203]: Found opcode in column 1. (GOTO)
002C   281E           00048 GOTO DONGU
                      00049 
002D                  00050 GECIK:
Warning[203]: Found opcode in column 1. (MOVLW)
002D   30FF           00051 MOVLW H'FF'
Warning[203]: Found opcode in column 1. (MOVWF)
MPASM  5.42                         DENEY.ASM   10-15-2012  14:00:48         PAGE  3


LOC  OBJECT CODE     LINE SOURCE TEXT
  VALUE

002E   00A6           00052 MOVWF SAYAC1; SAYAC1 ÝN ÝÇERÐÝNE 255 ATTIM
002F                  00053 DON:
Warning[203]: Found opcode in column 1. (MOVLW)
002F   30FF           00054 MOVLW H'FF'
Warning[203]: Found opcode in column 1. (MOVWF)
0030   00A7           00055 MOVWF SAYAC2;255 ATTIK SAYAC2 YE
0031                  00056 DON2:
Warning[203]: Found opcode in column 1. (DECFSZ)
0031   0BA7           00057 DECFSZ SAYAC2,F
Warning[203]: Found opcode in column 1. (GOTO)
0032   2831           00058 GOTO  DON2
Warning[203]: Found opcode in column 1. (DECFSZ)
0033   0BA6           00059 DECFSZ SAYAC1,F
Warning[203]: Found opcode in column 1. (GOTO)
0034   282F           00060 GOTO DON
Warning[203]: Found opcode in column 1. (RETURN)
0035   0008           00061 RETURN
Warning[205]: Found directive in column 1. (END)
                      00062 END
MPASM  5.42                         DENEY.ASM   10-15-2012  14:00:48         PAGE  4


SYMBOL TABLE
  LABEL                             VALUE 

ACKDT                             00000005
ACKEN                             00000004
ACKSTAT                           00000006
ADCON0                            0000001F
ADCON1                            0000009F
ADCS0                             00000006
ADCS1                             00000007
ADCS2                             00000006
ADDEN                             00000003
ADFM                              00000007
ADIE                              00000006
ADIF                              00000006
ADON                              00000000
ADRESH                            0000001E
ADRESL                            0000009E
ANA                               00000006
BCLIE                             00000003
BCLIF                             00000003
BF                                00000000
BRGH                              00000002
C                                 00000000
C1INV                             00000004
C1OUT                             00000006
C2INV                             00000005
C2OUT                             00000007
CCP1CON                           00000017
CCP1IE                            00000002
CCP1IF                            00000002
CCP1M0                            00000000
CCP1M1                            00000001
CCP1M2                            00000002
CCP1M3                            00000003
CCP1X                             00000005
CCP1Y                             00000004
CCP2CON                           0000001D
CCP2IE                            00000000
CCP2IF                            00000000
CCP2M0                            00000000
CCP2M1                            00000001
CCP2M2                            00000002
CCP2M3                            00000003
CCP2X                             00000005
CCP2Y                             00000004
CCPR1                             00000015
CCPR1H                            00000016
CCPR1L                            00000015
CCPR2                             0000001B
CCPR2H                            0000001C
CCPR2L                            0000001B
CHS0                              00000003
CHS1                              00000004
CHS2                              00000005
CIS                               00000003
MPASM  5.42                         DENEY.ASM   10-15-2012  14:00:48         PAGE  5


SYMBOL TABLE
  LABEL                             VALUE 

CKE                               00000006
CKP                               00000004
CM0                               00000000
CM1                               00000001
CM2                               00000002
CMCON                             0000009C
CMIE                              00000006
CMIF                              00000006
CREN                              00000004
CSRC                              00000007
CVR0                              00000000
CVR1                              00000001
CVR2                              00000002
CVR3                              00000003
CVRCON                            0000009D
CVREN                             00000007
CVROE                             00000006
CVRR                              00000005
D                                 00000005
DATA_ADDRESS                      00000005
DC                                00000001
DON                               0000002F
DON2                              00000031
DONGU                             0000001E
D_A                               00000005
D_NOT_A                           00000005
EEADR                             0000010D
EEADRH                            0000010F
EECON1                            0000018C
EECON2                            0000018D
EEDATA                            0000010C
EEDATH                            0000010E
EEIE                              00000004
EEIF                              00000004
EEPGD                             00000007
F                                 00000001
FERR                              00000002
FSR                               00000004
GCEN                              00000007
GECIK                             0000002D
GIE                               00000007
GO                                00000002
GO_DONE                           00000002
GO_NOT_DONE                       00000002
I2C_DATA                          00000005
I2C_READ                          00000002
I2C_START                         00000003
I2C_STOP                          00000004
IBF                               00000007
IBOV                              00000005
INDF                              00000000
INTCON                            0000000B
INTE                              00000004
MPASM  5.42                         DENEY.ASM   10-15-2012  14:00:48         PAGE  6


SYMBOL TABLE
  LABEL                             VALUE 

INTEDG                            00000006
INTF                              00000001
IRP                               00000007
KESME                             00000005
NOT_A                             00000005
NOT_ADDRESS                       00000005
NOT_BO                            00000000
NOT_BOR                           00000000
NOT_DONE                          00000002
NOT_PD                            00000003
NOT_POR                           00000001
NOT_RBPU                          00000007
NOT_RC8                           00000006
NOT_T1SYNC                        00000002
NOT_TO                            00000004
NOT_TX8                           00000006
NOT_W                             00000002
NOT_WRITE                         00000002
OBF                               00000006
OERR                              00000001
OPTION_REG                        00000081
P                                 00000004
PCFG0                             00000000
PCFG1                             00000001
PCFG2                             00000002
PCFG3                             00000003
PCL                               00000002
PCLATH                            0000000A
PCON                              0000008E
PEIE                              00000006
PEN                               00000002
PIE1                              0000008C
PIE2                              0000008D
PIR1                              0000000C
PIR2                              0000000D
PORTA                             00000005
PORTB                             00000006
PORTC                             00000007
PORTD                             00000008
PORTE                             00000009
PR2                               00000092
PS0                               00000000
PS1                               00000001
PS2                               00000002
PSA                               00000003
PSPIE                             00000007
PSPIF                             00000007
PSPMODE                           00000004
R                                 00000002
RA0                               00000000
RA1                               00000001
RA2                               00000002
RA3                               00000003
MPASM  5.42                         DENEY.ASM   10-15-2012  14:00:48         PAGE  7


SYMBOL TABLE
  LABEL                             VALUE 

RA4                               00000004
RA5                               00000005
RB0                               00000000
RB1                               00000001
RB2                               00000002
RB3                               00000003
RB4                               00000004
RB5                               00000005
RB6                               00000006
RB7                               00000007
RBIE                              00000003
RBIF                              00000000
RC0                               00000000
RC1                               00000001
RC2                               00000002
RC3                               00000003
RC4                               00000004
RC5                               00000005
RC6                               00000006
RC7                               00000007
RC8_9                             00000006
RC9                               00000006
RCD8                              00000000
RCEN                              00000003
RCIE                              00000005
RCIF                              00000005
RCREG                             0000001A
RCSTA                             00000018
RD                                00000000
RD0                               00000000
RD1                               00000001
RD2                               00000002
RD3                               00000003
RD4                               00000004
RD5                               00000005
RD6                               00000006
RD7                               00000007
RE0                               00000000
RE1                               00000001
RE2                               00000002
READ_WRITE                        00000002
RP0                               00000005
RP1                               00000006
RSEN                              00000001
RX9                               00000006
RX9D                              00000000
R_NOT_W                           00000002
R_W                               00000002
S                                 00000003
SAG                               00000028
SAYAC1                            00000026
SAYAC2                            00000027
SEN                               00000000
MPASM  5.42                         DENEY.ASM   10-15-2012  14:00:48         PAGE  8


SYMBOL TABLE
  LABEL                             VALUE 

SMP                               00000007
SOL                               00000023
SPBRG                             00000099
SPEN                              00000007
SREN                              00000005
SSPADD                            00000093
SSPBUF                            00000013
SSPCON                            00000014
SSPCON2                           00000091
SSPEN                             00000005
SSPIE                             00000003
SSPIF                             00000003
SSPM0                             00000000
SSPM1                             00000001
SSPM2                             00000002
SSPM3                             00000003
SSPOV                             00000006
SSPSTAT                           00000094
STATUS                            00000003
SYNC                              00000004
T0CS                              00000005
T0IE                              00000005
T0IF                              00000002
T0SE                              00000004
T1CKPS0                           00000004
T1CKPS1                           00000005
T1CON                             00000010
T1INSYNC                          00000002
T1OSCEN                           00000003
T1SYNC                            00000002
T2CKPS0                           00000000
T2CKPS1                           00000001
T2CON                             00000012
TMR0                              00000001
TMR0IE                            00000005
TMR0IF                            00000002
TMR1CS                            00000001
TMR1H                             0000000F
TMR1IE                            00000000
TMR1IF                            00000000
TMR1L                             0000000E
TMR1ON                            00000000
TMR2                              00000011
TMR2IE                            00000001
TMR2IF                            00000001
TMR2ON                            00000002
TOUTPS0                           00000003
TOUTPS1                           00000004
TOUTPS2                           00000005
TOUTPS3                           00000006
TRISA                             00000085
TRISA0                            00000000
TRISA1                            00000001
MPASM  5.42                         DENEY.ASM   10-15-2012  14:00:48         PAGE  9


SYMBOL TABLE
  LABEL                             VALUE 

TRISA2                            00000002
TRISA3                            00000003
TRISA4                            00000004
TRISA5                            00000005
TRISB                             00000086
TRISB0                            00000000
TRISB1                            00000001
TRISB2                            00000002
TRISB3                            00000003
TRISB4                            00000004
TRISB5                            00000005
TRISB6                            00000006
TRISB7                            00000007
TRISC                             00000087
TRISC0                            00000000
TRISC1                            00000001
TRISC2                            00000002
TRISC3                            00000003
TRISC4                            00000004
TRISC5                            00000005
TRISC6                            00000006
TRISC7                            00000007
TRISD                             00000088
TRISD0                            00000000
TRISD1                            00000001
TRISD2                            00000002
TRISD3                            00000003
TRISD4                            00000004
TRISD5                            00000005
TRISD6                            00000006
TRISD7                            00000007
TRISE                             00000089
TRISE0                            00000000
TRISE1                            00000001
TRISE2                            00000002
TRMT                              00000001
TX8_9                             00000006
TX9                               00000006
TX9D                              00000000
TXD8                              00000000
TXEN                              00000005
TXIE                              00000004
TXIF                              00000004
TXREG                             00000019
TXSTA                             00000098
UA                                00000001
W                                 00000000
WCOL                              00000007
WR                                00000001
WREN                              00000002
WRERR                             00000003
Z                                 00000002
_BODEN_OFF                        00003FBF
MPASM  5.42                         DENEY.ASM   10-15-2012  14:00:48         PAGE 10


SYMBOL TABLE
  LABEL                             VALUE 

_BODEN_ON                         00003FFF
_CONFIG                           00002007
_CPD_OFF                          00003FFF
_CPD_ON                           00003EFF
_CP_ALL                           00001FFF
_CP_OFF                           00003FFF
_DEBUG_OFF                        00003FFF
_DEBUG_ON                         000037FF
_DEVID1                           00002006
_HS_OSC                           00003FFE
_IDLOC0                           00002000
_IDLOC1                           00002001
_IDLOC2                           00002002
_IDLOC3                           00002003
_LP_OSC                           00003FFC
_LVP_OFF                          00003F7F
_LVP_ON                           00003FFF
_PWRTE_OFF                        00003FFF
_PWRTE_ON                         00003FF7
_RC_OSC                           00003FFF
_WDT_OFF                          00003FFB
_WDT_ON                           00003FFF
_WRT_1FOURTH                      00003BFF
_WRT_256                          00003DFF
_WRT_HALF                         000039FF
_WRT_OFF                          00003FFF
_XT_OSC                           00003FFD
__16F877A                         00000001
__DEBUG                           1


MEMORY USAGE MAP ('X' = Used,  '-' = Unused)

0000 : X---XXXXXXXXXXXX XXXXXXXXXXXXXXXX XXXXXXXXXXXXXXXX XXXXXX----------

All other memory blocks unused.

Program Memory Words Used:    51
Program Memory Words Free:  8141


Errors   :     0
Warnings :    49 reported,     0 suppressed
Messages :     5 reported,     0 suppressed

