Warning[205] C:\USERS\TUBA\DESKTOP\YENIMM\DENEY1GüNDüZ\DENEY.ASM 1 : Found directive in column 1. (list)
Warning[205] C:\USERS\TUBA\DESKTOP\YENIMM\DENEY1GüNDüZ\DENEY.ASM 6 : Found directive in column 1. (org)
Warning[203] C:\USERS\TUBA\DESKTOP\YENIMM\DENEY1GüNDüZ\DENEY.ASM 7 : Found opcode in column 1. (goto)
Warning[205] C:\USERS\TUBA\DESKTOP\YENIMM\DENEY1GüNDüZ\DENEY.ASM 8 : Found directive in column 1. (org)
Warning[203] C:\USERS\TUBA\DESKTOP\YENIMM\DENEY1GüNDüZ\DENEY.ASM 9 : Found opcode in column 1. (goto)
Warning[203] C:\USERS\TUBA\DESKTOP\YENIMM\DENEY1GüNDüZ\DENEY.ASM 11 : Found opcode in column 1. (RETFIE)
Warning[205] C:\USERS\TUBA\DESKTOP\YENIMM\DENEY1GüNDüZ\DENEY.ASM 13 : Found directive in column 1. (BANKSEL)
Warning[203] C:\USERS\TUBA\DESKTOP\YENIMM\DENEY1GüNDüZ\DENEY.ASM 14 : Found opcode in column 1. (MOVLW)
Warning[203] C:\USERS\TUBA\DESKTOP\YENIMM\DENEY1GüNDüZ\DENEY.ASM 15 : Found opcode in column 1. (MOVWF)
Message[302] C:\USERS\TUBA\DESKTOP\YENIMM\DENEY1GüNDüZ\DENEY.ASM 15 : Register in operand not in bank 0.  Ensure that bank bits are correct.
Warning[205] C:\USERS\TUBA\DESKTOP\YENIMM\DENEY1GüNDüZ\DENEY.ASM 16 : Found directive in column 1. (BANKSEL)
Warning[203] C:\USERS\TUBA\DESKTOP\YENIMM\DENEY1GüNDüZ\DENEY.ASM 17 : Found opcode in column 1. (CLRF)
Warning[205] C:\USERS\TUBA\DESKTOP\YENIMM\DENEY1GüNDüZ\DENEY.ASM 18 : Found directive in column 1. (BANKSEL)
Warning[203] C:\USERS\TUBA\DESKTOP\YENIMM\DENEY1GüNDüZ\DENEY.ASM 19 : Found opcode in column 1. (MOVLW)
Warning[203] C:\USERS\TUBA\DESKTOP\YENIMM\DENEY1GüNDüZ\DENEY.ASM 20 : Found opcode in column 1. (MOVWF)
Message[302] C:\USERS\TUBA\DESKTOP\YENIMM\DENEY1GüNDüZ\DENEY.ASM 20 : Register in operand not in bank 0.  Ensure that bank bits are correct.
Warning[205] C:\USERS\TUBA\DESKTOP\YENIMM\DENEY1GüNDüZ\DENEY.ASM 21 : Found directive in column 1. (BANKSEL)
Warning[203] C:\USERS\TUBA\DESKTOP\YENIMM\DENEY1GüNDüZ\DENEY.ASM 22 : Found opcode in column 1. (CLRF)
Warning[205] C:\USERS\TUBA\DESKTOP\YENIMM\DENEY1GüNDüZ\DENEY.ASM 23 : Found directive in column 1. (BANKSEL)
Warning[203] C:\USERS\TUBA\DESKTOP\YENIMM\DENEY1GüNDüZ\DENEY.ASM 24 : Found opcode in column 1. (MOVLW)
Warning[203] C:\USERS\TUBA\DESKTOP\YENIMM\DENEY1GüNDüZ\DENEY.ASM 25 : Found opcode in column 1. (MOVWF)
Message[302] C:\USERS\TUBA\DESKTOP\YENIMM\DENEY1GüNDüZ\DENEY.ASM 25 : Register in operand not in bank 0.  Ensure that bank bits are correct.
Warning[205] C:\USERS\TUBA\DESKTOP\YENIMM\DENEY1GüNDüZ\DENEY.ASM 26 : Found directive in column 1. (BANKSEL)
Warning[203] C:\USERS\TUBA\DESKTOP\YENIMM\DENEY1GüNDüZ\DENEY.ASM 27 : Found opcode in column 1. (MOVLW)
Warning[203] C:\USERS\TUBA\DESKTOP\YENIMM\DENEY1GüNDüZ\DENEY.ASM 28 : Found opcode in column 1. (MOVWF)
Warning[203] C:\USERS\TUBA\DESKTOP\YENIMM\DENEY1GüNDüZ\DENEY.ASM 29 : Found opcode in column 1. (CLRF)
Warning[203] C:\USERS\TUBA\DESKTOP\YENIMM\DENEY1GüNDüZ\DENEY.ASM 30 : Found opcode in column 1. (CLRF)
Warning[203] C:\USERS\TUBA\DESKTOP\YENIMM\DENEY1GüNDüZ\DENEY.ASM 32 : Found opcode in column 1. (BTFSS)
Warning[203] C:\USERS\TUBA\DESKTOP\YENIMM\DENEY1GüNDüZ\DENEY.ASM 33 : Found opcode in column 1. (GOTO)
Warning[203] C:\USERS\TUBA\DESKTOP\YENIMM\DENEY1GüNDüZ\DENEY.ASM 34 : Found opcode in column 1. (BTFSS)
Warning[203] C:\USERS\TUBA\DESKTOP\YENIMM\DENEY1GüNDüZ\DENEY.ASM 35 : Found opcode in column 1. (GOTO)
Warning[203] C:\USERS\TUBA\DESKTOP\YENIMM\DENEY1GüNDüZ\DENEY.ASM 36 : Found opcode in column 1. (GOTO)
Warning[203] C:\USERS\TUBA\DESKTOP\YENIMM\DENEY1GüNDüZ\DENEY.ASM 38 : Found opcode in column 1. (RLF)
Message[305] C:\USERS\TUBA\DESKTOP\YENIMM\DENEY1GüNDüZ\DENEY.ASM 38 : Using default destination of 1 (file).
Warning[203] C:\USERS\TUBA\DESKTOP\YENIMM\DENEY1GüNDüZ\DENEY.ASM 39 : Found opcode in column 1. (CALL)
Warning[203] C:\USERS\TUBA\DESKTOP\YENIMM\DENEY1GüNDüZ\DENEY.ASM 40 : Found opcode in column 1. (CALL)
Warning[203] C:\USERS\TUBA\DESKTOP\YENIMM\DENEY1GüNDüZ\DENEY.ASM 41 : Found opcode in column 1. (CLRF)
Warning[203] C:\USERS\TUBA\DESKTOP\YENIMM\DENEY1GüNDüZ\DENEY.ASM 42 : Found opcode in column 1. (GOTO)
Warning[203] C:\USERS\TUBA\DESKTOP\YENIMM\DENEY1GüNDüZ\DENEY.ASM 44 : Found opcode in column 1. (RRF)
Message[305] C:\USERS\TUBA\DESKTOP\YENIMM\DENEY1GüNDüZ\DENEY.ASM 44 : Using default destination of 1 (file).
Warning[203] C:\USERS\TUBA\DESKTOP\YENIMM\DENEY1GüNDüZ\DENEY.ASM 45 : Found opcode in column 1. (CALL)
Warning[203] C:\USERS\TUBA\DESKTOP\YENIMM\DENEY1GüNDüZ\DENEY.ASM 46 : Found opcode in column 1. (CALL)
Warning[203] C:\USERS\TUBA\DESKTOP\YENIMM\DENEY1GüNDüZ\DENEY.ASM 47 : Found opcode in column 1. (CLRF)
Warning[203] C:\USERS\TUBA\DESKTOP\YENIMM\DENEY1GüNDüZ\DENEY.ASM 48 : Found opcode in column 1. (GOTO)
Warning[203] C:\USERS\TUBA\DESKTOP\YENIMM\DENEY1GüNDüZ\DENEY.ASM 51 : Found opcode in column 1. (MOVLW)
Warning[203] C:\USERS\TUBA\DESKTOP\YENIMM\DENEY1GüNDüZ\DENEY.ASM 52 : Found opcode in column 1. (MOVWF)
Warning[203] C:\USERS\TUBA\DESKTOP\YENIMM\DENEY1GüNDüZ\DENEY.ASM 54 : Found opcode in column 1. (MOVLW)
Warning[203] C:\USERS\TUBA\DESKTOP\YENIMM\DENEY1GüNDüZ\DENEY.ASM 55 : Found opcode in column 1. (MOVWF)
Warning[203] C:\USERS\TUBA\DESKTOP\YENIMM\DENEY1GüNDüZ\DENEY.ASM 57 : Found opcode in column 1. (DECFSZ)
Warning[203] C:\USERS\TUBA\DESKTOP\YENIMM\DENEY1GüNDüZ\DENEY.ASM 58 : Found opcode in column 1. (GOTO)
Warning[203] C:\USERS\TUBA\DESKTOP\YENIMM\DENEY1GüNDüZ\DENEY.ASM 59 : Found opcode in column 1. (DECFSZ)
Warning[203] C:\USERS\TUBA\DESKTOP\YENIMM\DENEY1GüNDüZ\DENEY.ASM 60 : Found opcode in column 1. (GOTO)
Warning[203] C:\USERS\TUBA\DESKTOP\YENIMM\DENEY1GüNDüZ\DENEY.ASM 61 : Found opcode in column 1. (RETURN)
Warning[205] C:\USERS\TUBA\DESKTOP\YENIMM\DENEY1GüNDüZ\DENEY.ASM 62 : Found directive in column 1. (END)
