Warning[205] C:\USERS\HP\DESKTOP\BUT\DISP\DISP.ASM 1 : Found directive in column 1. (list)
Warning[205] C:\USERS\HP\DESKTOP\BUT\DISP\DISP.ASM 2 : Found directive in column 1. (include)
Warning[205] C:\USERS\HP\DESKTOP\BUT\DISP\DISP.ASM 3 : Found directive in column 1. (ORG)
Warning[203] C:\USERS\HP\DESKTOP\BUT\DISP\DISP.ASM 4 : Found opcode in column 1. (GOTO)
Warning[205] C:\USERS\HP\DESKTOP\BUT\DISP\DISP.ASM 5 : Found directive in column 1. (ORG)
Warning[207] C:\USERS\HP\DESKTOP\BUT\DISP\DISP.ASM 6 : Found label after column 1. (KESME)
Warning[207] C:\USERS\HP\DESKTOP\BUT\DISP\DISP.ASM 8 : Found label after column 1. (ANA)
Warning[203] C:\USERS\HP\DESKTOP\BUT\DISP\DISP.ASM 10 : Found opcode in column 1. (CLRF)
Message[302] C:\USERS\HP\DESKTOP\BUT\DISP\DISP.ASM 10 : Register in operand not in bank 0.  Ensure that bank bits are correct.
Warning[205] C:\USERS\HP\DESKTOP\BUT\DISP\DISP.ASM 11 : Found directive in column 1. (BANKSEL)
Warning[205] C:\USERS\HP\DESKTOP\BUT\DISP\DISP.ASM 13 : Found directive in column 1. (BANKSEL)
Warning[203] C:\USERS\HP\DESKTOP\BUT\DISP\DISP.ASM 14 : Found opcode in column 1. (CLRF)
Message[302] C:\USERS\HP\DESKTOP\BUT\DISP\DISP.ASM 14 : Register in operand not in bank 0.  Ensure that bank bits are correct.
Warning[205] C:\USERS\HP\DESKTOP\BUT\DISP\DISP.ASM 15 : Found directive in column 1. (BANKSEL)
Warning[203] C:\USERS\HP\DESKTOP\BUT\DISP\DISP.ASM 16 : Found opcode in column 1. (MOVLW)
Warning[203] C:\USERS\HP\DESKTOP\BUT\DISP\DISP.ASM 17 : Found opcode in column 1. (MOVWF)
Warning[205] C:\USERS\HP\DESKTOP\BUT\DISP\DISP.ASM 19 : Found directive in column 1. (BANKSEL)
Warning[203] C:\USERS\HP\DESKTOP\BUT\DISP\DISP.ASM 20 : Found opcode in column 1. (MOVLW)
Warning[203] C:\USERS\HP\DESKTOP\BUT\DISP\DISP.ASM 21 : Found opcode in column 1. (MOVWF)
Warning[203] C:\USERS\HP\DESKTOP\BUT\DISP\DISP.ASM 22 : Found opcode in column 1. (MOVLW)
Warning[203] C:\USERS\HP\DESKTOP\BUT\DISP\DISP.ASM 23 : Found opcode in column 1. (MOVWF)
Warning[203] C:\USERS\HP\DESKTOP\BUT\DISP\DISP.ASM 24 : Found opcode in column 1. (MOVWF)
Warning[203] C:\USERS\HP\DESKTOP\BUT\DISP\DISP.ASM 25 : Found opcode in column 1. (MOVWF)
Warning[203] C:\USERS\HP\DESKTOP\BUT\DISP\DISP.ASM 26 : Found opcode in column 1. (MOVWF)
Warning[203] C:\USERS\HP\DESKTOP\BUT\DISP\DISP.ASM 27 : Found opcode in column 1. (CLRF)
Warning[205] C:\USERS\HP\DESKTOP\BUT\DISP\DISP.ASM 28 : Found directive in column 1. (BANKSEL)
Warning[203] C:\USERS\HP\DESKTOP\BUT\DISP\DISP.ASM 29 : Found opcode in column 1. (MOVLW)
Warning[203] C:\USERS\HP\DESKTOP\BUT\DISP\DISP.ASM 30 : Found opcode in column 1. (MOVWF)
Warning[205] C:\USERS\HP\DESKTOP\BUT\DISP\DISP.ASM 31 : Found directive in column 1. (BANKSEL)
Warning[203] C:\USERS\HP\DESKTOP\BUT\DISP\DISP.ASM 33 : Found opcode in column 1. (MOVLW)
Warning[203] C:\USERS\HP\DESKTOP\BUT\DISP\DISP.ASM 34 : Found opcode in column 1. (MOVWF)
Warning[203] C:\USERS\HP\DESKTOP\BUT\DISP\DISP.ASM 35 : Found opcode in column 1. (MOVWF)
Warning[203] C:\USERS\HP\DESKTOP\BUT\DISP\DISP.ASM 36 : Found opcode in column 1. (MOVWF)
Warning[203] C:\USERS\HP\DESKTOP\BUT\DISP\DISP.ASM 37 : Found opcode in column 1. (MOVWF)
Warning[203] C:\USERS\HP\DESKTOP\BUT\DISP\DISP.ASM 38 : Found opcode in column 1. (CLRF)
Warning[203] C:\USERS\HP\DESKTOP\BUT\DISP\DISP.ASM 39 : Found opcode in column 1. (GOTO)
Warning[205] C:\USERS\HP\DESKTOP\BUT\DISP\DISP.ASM 40 : Found directive in column 1. (END)
