Warning[205] D:\PROJELER\HARICIKESME\KESME.ASM 1 : Found directive in column 1. (list)
Warning[205] D:\PROJELER\HARICIKESME\KESME.ASM 3 : Found directive in column 1. (ORG)
Warning[203] D:\PROJELER\HARICIKESME\KESME.ASM 4 : Found opcode in column 1. (goto)
Warning[205] D:\PROJELER\HARICIKESME\KESME.ASM 5 : Found directive in column 1. (ORG)
Warning[203] D:\PROJELER\HARICIKESME\KESME.ASM 6 : Found opcode in column 1. (BCF)
Warning[203] D:\PROJELER\HARICIKESME\KESME.ASM 7 : Found opcode in column 1. (BCF)
Warning[203] D:\PROJELER\HARICIKESME\KESME.ASM 8 : Found opcode in column 1. (BSF)
Warning[203] D:\PROJELER\HARICIKESME\KESME.ASM 9 : Found opcode in column 1. (RETFIE)
Warning[203] D:\PROJELER\HARICIKESME\KESME.ASM 11 : Found opcode in column 1. (CLRF)
Warning[203] D:\PROJELER\HARICIKESME\KESME.ASM 12 : Found opcode in column 1. (MOVLW)
Warning[203] D:\PROJELER\HARICIKESME\KESME.ASM 13 : Found opcode in column 1. (MOVWF)
Warning[203] D:\PROJELER\HARICIKESME\KESME.ASM 14 : Found opcode in column 1. (BSF)
Warning[203] D:\PROJELER\HARICIKESME\KESME.ASM 16 : Found opcode in column 1. (BCF)
Message[302] D:\PROJELER\HARICIKESME\KESME.ASM 16 : Register in operand not in bank 0.  Ensure that bank bits are correct.
Warning[203] D:\PROJELER\HARICIKESME\KESME.ASM 17 : Found opcode in column 1. (MOVLW)
Warning[203] D:\PROJELER\HARICIKESME\KESME.ASM 18 : Found opcode in column 1. (MOVWF)
Message[302] D:\PROJELER\HARICIKESME\KESME.ASM 18 : Register in operand not in bank 0.  Ensure that bank bits are correct.
Warning[203] D:\PROJELER\HARICIKESME\KESME.ASM 19 : Found opcode in column 1. (BCF)
Warning[203] D:\PROJELER\HARICIKESME\KESME.ASM 21 : Found opcode in column 1. (BTFSC)
Warning[203] D:\PROJELER\HARICIKESME\KESME.ASM 22 : Found opcode in column 1. (goto)
Warning[203] D:\PROJELER\HARICIKESME\KESME.ASM 23 : Found opcode in column 1. (BCF)
Warning[203] D:\PROJELER\HARICIKESME\KESME.ASM 24 : Found opcode in column 1. (GOTO)
Warning[205] D:\PROJELER\HARICIKESME\KESME.ASM 25 : Found directive in column 1. (END)
