Warning[205] C:\USERS\HP\DESKTOP\BUT\RB0BIKEREDESAY\SAY.ASM 1 : Found directive in column 1. (list)
Warning[205] C:\USERS\HP\DESKTOP\BUT\RB0BIKEREDESAY\SAY.ASM 2 : Found directive in column 1. (include)
Warning[205] C:\USERS\HP\DESKTOP\BUT\RB0BIKEREDESAY\SAY.ASM 6 : Found directive in column 1. (ORG)
Warning[203] C:\USERS\HP\DESKTOP\BUT\RB0BIKEREDESAY\SAY.ASM 7 : Found opcode in column 1. (GOTO)
Warning[205] C:\USERS\HP\DESKTOP\BUT\RB0BIKEREDESAY\SAY.ASM 8 : Found directive in column 1. (ORG)
Warning[203] C:\USERS\HP\DESKTOP\BUT\RB0BIKEREDESAY\SAY.ASM 10 : Found opcode in column 1. (BTFSS)
Warning[203] C:\USERS\HP\DESKTOP\BUT\RB0BIKEREDESAY\SAY.ASM 11 : Found opcode in column 1. (RETFIE)
Warning[203] C:\USERS\HP\DESKTOP\BUT\RB0BIKEREDESAY\SAY.ASM 12 : Found opcode in column 1. (BTFSC)
Warning[203] C:\USERS\HP\DESKTOP\BUT\RB0BIKEREDESAY\SAY.ASM 13 : Found opcode in column 1. (RETFIE)
Warning[205] C:\USERS\HP\DESKTOP\BUT\RB0BIKEREDESAY\SAY.ASM 15 : Found directive in column 1. (BANKSEL)
Warning[203] C:\USERS\HP\DESKTOP\BUT\RB0BIKEREDESAY\SAY.ASM 16 : Found opcode in column 1. (INCF)
Warning[205] C:\USERS\HP\DESKTOP\BUT\RB0BIKEREDESAY\SAY.ASM 19 : Found directive in column 1. (BANKSEL)
Warning[203] C:\USERS\HP\DESKTOP\BUT\RB0BIKEREDESAY\SAY.ASM 21 : Found opcode in column 1. (MOVLW)
Warning[203] C:\USERS\HP\DESKTOP\BUT\RB0BIKEREDESAY\SAY.ASM 22 : Found opcode in column 1. (MOVWF)
Warning[203] C:\USERS\HP\DESKTOP\BUT\RB0BIKEREDESAY\SAY.ASM 23 : Found opcode in column 1. (MOVF)
Warning[203] C:\USERS\HP\DESKTOP\BUT\RB0BIKEREDESAY\SAY.ASM 24 : Found opcode in column 1. (CALL)
Warning[203] C:\USERS\HP\DESKTOP\BUT\RB0BIKEREDESAY\SAY.ASM 25 : Found opcode in column 1. (MOVWF)
Warning[203] C:\USERS\HP\DESKTOP\BUT\RB0BIKEREDESAY\SAY.ASM 26 : Found opcode in column 1. (CALL)
Warning[203] C:\USERS\HP\DESKTOP\BUT\RB0BIKEREDESAY\SAY.ASM 27 : Found opcode in column 1. (CALL)
Warning[203] C:\USERS\HP\DESKTOP\BUT\RB0BIKEREDESAY\SAY.ASM 28 : Found opcode in column 1. (MOVF)
Warning[203] C:\USERS\HP\DESKTOP\BUT\RB0BIKEREDESAY\SAY.ASM 29 : Found opcode in column 1. (XORLW)
Warning[203] C:\USERS\HP\DESKTOP\BUT\RB0BIKEREDESAY\SAY.ASM 30 : Found opcode in column 1. (BTFSS)
Warning[203] C:\USERS\HP\DESKTOP\BUT\RB0BIKEREDESAY\SAY.ASM 31 : Found opcode in column 1. (RETFIE)
Warning[205] C:\USERS\HP\DESKTOP\BUT\RB0BIKEREDESAY\SAY.ASM 32 : Found directive in column 1. (BANKSEL)
Warning[203] C:\USERS\HP\DESKTOP\BUT\RB0BIKEREDESAY\SAY.ASM 33 : Found opcode in column 1. (CLRF)
Warning[203] C:\USERS\HP\DESKTOP\BUT\RB0BIKEREDESAY\SAY.ASM 34 : Found opcode in column 1. (RETFIE)
Warning[205] C:\USERS\HP\DESKTOP\BUT\RB0BIKEREDESAY\SAY.ASM 38 : Found directive in column 1. (BANKSEL)
Warning[203] C:\USERS\HP\DESKTOP\BUT\RB0BIKEREDESAY\SAY.ASM 39 : Found opcode in column 1. (CLRF)
Message[302] C:\USERS\HP\DESKTOP\BUT\RB0BIKEREDESAY\SAY.ASM 39 : Register in operand not in bank 0.  Ensure that bank bits are correct.
Warning[205] C:\USERS\HP\DESKTOP\BUT\RB0BIKEREDESAY\SAY.ASM 40 : Found directive in column 1. (BANKSEL)
Warning[203] C:\USERS\HP\DESKTOP\BUT\RB0BIKEREDESAY\SAY.ASM 41 : Found opcode in column 1. (CLRF)
Message[302] C:\USERS\HP\DESKTOP\BUT\RB0BIKEREDESAY\SAY.ASM 41 : Register in operand not in bank 0.  Ensure that bank bits are correct.
Warning[205] C:\USERS\HP\DESKTOP\BUT\RB0BIKEREDESAY\SAY.ASM 42 : Found directive in column 1. (BANKSEL)
Warning[203] C:\USERS\HP\DESKTOP\BUT\RB0BIKEREDESAY\SAY.ASM 43 : Found opcode in column 1. (CLRF)
Warning[205] C:\USERS\HP\DESKTOP\BUT\RB0BIKEREDESAY\SAY.ASM 44 : Found directive in column 1. (BANKSEL)
Warning[203] C:\USERS\HP\DESKTOP\BUT\RB0BIKEREDESAY\SAY.ASM 45 : Found opcode in column 1. (MOVLW)
Warning[203] C:\USERS\HP\DESKTOP\BUT\RB0BIKEREDESAY\SAY.ASM 46 : Found opcode in column 1. (MOVWF)
Warning[205] C:\USERS\HP\DESKTOP\BUT\RB0BIKEREDESAY\SAY.ASM 49 : Found directive in column 1. (BANKSEL)
Warning[203] C:\USERS\HP\DESKTOP\BUT\RB0BIKEREDESAY\SAY.ASM 50 : Found opcode in column 1. (MOVLW)
Warning[203] C:\USERS\HP\DESKTOP\BUT\RB0BIKEREDESAY\SAY.ASM 51 : Found opcode in column 1. (MOVWF)
Message[302] C:\USERS\HP\DESKTOP\BUT\RB0BIKEREDESAY\SAY.ASM 51 : Register in operand not in bank 0.  Ensure that bank bits are correct.
Warning[205] C:\USERS\HP\DESKTOP\BUT\RB0BIKEREDESAY\SAY.ASM 53 : Found directive in column 1. (BANKSEL)
Warning[203] C:\USERS\HP\DESKTOP\BUT\RB0BIKEREDESAY\SAY.ASM 54 : Found opcode in column 1. (MOVLW)
Warning[203] C:\USERS\HP\DESKTOP\BUT\RB0BIKEREDESAY\SAY.ASM 55 : Found opcode in column 1. (MOVWF)
Warning[205] C:\USERS\HP\DESKTOP\BUT\RB0BIKEREDESAY\SAY.ASM 57 : Found directive in column 1. (BANKSEL)
Warning[203] C:\USERS\HP\DESKTOP\BUT\RB0BIKEREDESAY\SAY.ASM 58 : Found opcode in column 1. (MOVLW)
Warning[203] C:\USERS\HP\DESKTOP\BUT\RB0BIKEREDESAY\SAY.ASM 59 : Found opcode in column 1. (MOVWF)
Message[302] C:\USERS\HP\DESKTOP\BUT\RB0BIKEREDESAY\SAY.ASM 59 : Register in operand not in bank 0.  Ensure that bank bits are correct.
Warning[205] C:\USERS\HP\DESKTOP\BUT\RB0BIKEREDESAY\SAY.ASM 60 : Found directive in column 1. (BANKSEL)
Warning[203] C:\USERS\HP\DESKTOP\BUT\RB0BIKEREDESAY\SAY.ASM 61 : Found opcode in column 1. (CLRF)
Warning[203] C:\USERS\HP\DESKTOP\BUT\RB0BIKEREDESAY\SAY.ASM 62 : Found opcode in column 1. (CLRF)
Warning[203] C:\USERS\HP\DESKTOP\BUT\RB0BIKEREDESAY\SAY.ASM 63 : Found opcode in column 1. (CLRF)
Warning[203] C:\USERS\HP\DESKTOP\BUT\RB0BIKEREDESAY\SAY.ASM 65 : Found opcode in column 1. (GOTO)
Warning[203] C:\USERS\HP\DESKTOP\BUT\RB0BIKEREDESAY\SAY.ASM 67 : Found opcode in column 1. (MOVLW)
Warning[203] C:\USERS\HP\DESKTOP\BUT\RB0BIKEREDESAY\SAY.ASM 68 : Found opcode in column 1. (MOVWF)
Warning[203] C:\USERS\HP\DESKTOP\BUT\RB0BIKEREDESAY\SAY.ASM 70 : Found opcode in column 1. (MOVLW)
Warning[203] C:\USERS\HP\DESKTOP\BUT\RB0BIKEREDESAY\SAY.ASM 71 : Found opcode in column 1. (MOVWF)
Warning[203] C:\USERS\HP\DESKTOP\BUT\RB0BIKEREDESAY\SAY.ASM 73 : Found opcode in column 1. (DECFSZ)
Warning[203] C:\USERS\HP\DESKTOP\BUT\RB0BIKEREDESAY\SAY.ASM 74 : Found opcode in column 1. (GOTO)
Warning[203] C:\USERS\HP\DESKTOP\BUT\RB0BIKEREDESAY\SAY.ASM 75 : Found opcode in column 1. (DECFSZ)
Warning[203] C:\USERS\HP\DESKTOP\BUT\RB0BIKEREDESAY\SAY.ASM 76 : Found opcode in column 1. (GOTO)
Warning[203] C:\USERS\HP\DESKTOP\BUT\RB0BIKEREDESAY\SAY.ASM 77 : Found opcode in column 1. (RETURN)
Warning[203] C:\USERS\HP\DESKTOP\BUT\RB0BIKEREDESAY\SAY.ASM 79 : Found opcode in column 1. (ADDWF)
Warning[203] C:\USERS\HP\DESKTOP\BUT\RB0BIKEREDESAY\SAY.ASM 80 : Found opcode in column 1. (RETLW)
Warning[203] C:\USERS\HP\DESKTOP\BUT\RB0BIKEREDESAY\SAY.ASM 81 : Found opcode in column 1. (RETLW)
Warning[203] C:\USERS\HP\DESKTOP\BUT\RB0BIKEREDESAY\SAY.ASM 82 : Found opcode in column 1. (RETLW)
Warning[203] C:\USERS\HP\DESKTOP\BUT\RB0BIKEREDESAY\SAY.ASM 83 : Found opcode in column 1. (RETLW)
Warning[203] C:\USERS\HP\DESKTOP\BUT\RB0BIKEREDESAY\SAY.ASM 84 : Found opcode in column 1. (RETLW)
Warning[203] C:\USERS\HP\DESKTOP\BUT\RB0BIKEREDESAY\SAY.ASM 85 : Found opcode in column 1. (RETLW)
Warning[203] C:\USERS\HP\DESKTOP\BUT\RB0BIKEREDESAY\SAY.ASM 86 : Found opcode in column 1. (RETLW)
Warning[203] C:\USERS\HP\DESKTOP\BUT\RB0BIKEREDESAY\SAY.ASM 87 : Found opcode in column 1. (RETLW)
Warning[203] C:\USERS\HP\DESKTOP\BUT\RB0BIKEREDESAY\SAY.ASM 88 : Found opcode in column 1. (RETLW)
Warning[203] C:\USERS\HP\DESKTOP\BUT\RB0BIKEREDESAY\SAY.ASM 89 : Found opcode in column 1. (RETLW)
Warning[205] C:\USERS\HP\DESKTOP\BUT\RB0BIKEREDESAY\SAY.ASM 90 : Found directive in column 1. (END)
