MPASM  5.42                         SAYIM.ASM   10-18-2011  16:55:06         PAGE  1


LOC  OBJECT CODE     LINE SOURCE TEXT
  VALUE

Warning[205]: Found directive in column 1. (list)
                      00001 list p=16F877A;derleyici için bilgi verildi
                      00002 #include <P16F877A.inc>;;gerekli isim-adress eþleþmesi yapýldý
                      00001         LIST
                      00002 
                      00003 ;==========================================================================
                      00004 ;  MPASM PIC16F877A processor include
                      00005 ; 
                      00006 ;  (c) Copyright 1999-2011 Microchip Technology, All rights reserved
                      00007 ;==========================================================================
                      00008 
                      00555         LIST
Warning[205]: Found directive in column 1. (__config)
2007   3F31           00003 __config H'3F31'
  00000020            00004 sayac EQU 0X20 ;saycac deðiþkeninin adresi gösterildi
  00000025            00005 degisken EQU 0X25; adres belirtildi
Warning[205]: Found directive in column 1. (ORG)
                      00006 ORG 0X00;baþlangýç adresi belirtildi
Warning[203]: Found opcode in column 1. (GOTO)
0000   2???           00007 GOTO ana_program ;ana programa git
Warning[205]: Found directive in column 1. (ORG)
                      00008 ORG 0X004; ;kesme alt programýnýn baþlangýç adresi
0004                  00009 kesme;kesme alt programýnýn etiketi
                      00010 
Warning[203]: Found opcode in column 1. (BSF)
0004   1683           00011 BSF STATUS,RP0 ;01 nolu banka geç
Warning[203]: Found opcode in column 1. (BTFSS)
0005   1C8B           00012 BTFSS INTCON,1 ;INCON register ýnýn 1. biti(RB0 kesme bayraðý) 1 ise bir sonraki kod a geç
Warning[203]: Found opcode in column 1. (GOTO)
0006   2???           00013 GOTO kesme_bitir ; kesme alt programýndan çýk
Warning[203]: Found opcode in column 1. (BCF)
0007   108B           00014 BCF INTCON,1 ;kesme bayraðýný indir
Warning[203]: Found opcode in column 1. (INCF)
0008   0AA0           00015 INCF sayac,F ;sayac ýn deðerini 1 artýr sayaca yaz
Warning[203]: Found opcode in column 1. (MOVLW)
0009   300A           00016 MOVLW D'10' ;working register ýna  10 deðerini yükle
Warning[203]: Found opcode in column 1. (SUBWF)
000A   0220           00017 SUBWF sayac,W ;sayac-10 
Warning[203]: Found opcode in column 1. (BTFSS)
000B   1C03           00018 BTFSS STATUS,C ;c elde biti oluþmuþ ise bir sonraki kod a geç
Warning[203]: Found opcode in column 1. (GOTO)
000C   2???           00019 GOTO say_basla ;say_basla etiketine git
Warning[203]: Found opcode in column 1. (GOTO)
000D   2???           00020 GOTO ana_program ;ana_program etiketine git
000E                  00021 say_basla 
                      00022 
Warning[203]: Found opcode in column 1. (INCF)
000E   0AA5           00023 INCF degisken,F ;deðiþkenin deðerini 1 artýr
Warning[203]: Found opcode in column 1. (SWAPF)
000F   0E25           00024 SWAPF degisken,W ;deðiþkenin deðerini swap yap  working e kaydet
Warning[203]: Found opcode in column 1. (BCF)
0010   1283           00025 BCF STATUS,RP0 ; 00 nolu bank a geç
Warning[203]: Found opcode in column 1. (MOVWF)
MPASM  5.42                         SAYIM.ASM   10-18-2011  16:55:06         PAGE  2


LOC  OBJECT CODE     LINE SOURCE TEXT
  VALUE

0011   0088           00026 MOVWF PORTD ;working registerindaki deðeri portd ye yaz
Warning[203]: Found opcode in column 1. (GOTO)
0012   2???           00027 GOTO kesme_bitir ;kesme bitir
0013                  00028 kesme_bitir
                      00029 
Warning[203]: Found opcode in column 1. (RETFIE)
0013   0009           00030 RETFIE
0014                  00031 ana_program
                      00032 
Warning[203]: Found opcode in column 1. (CLRF)
0014   01A0           00033 CLRF sayac ;sayac içeriðini sýfýrla
Warning[203]: Found opcode in column 1. (CLRF)
0015   01A5           00034 CLRF degisken ;deðiþken içeriðini sýfýrla
Warning[203]: Found opcode in column 1. (BSF)
0016   1683           00035 BSF STATUS,RP0 ;01 nolu banka geç
Warning[203]: Found opcode in column 1. (BCF)
Message[302]: Register in operand not in bank 0.  Ensure that bank bits are correct.
0017   1381           00036 BCF OPTION_REG,7 ;pull-upp direçlerini aktif yap
Warning[203]: Found opcode in column 1. (CLRF)
Message[302]: Register in operand not in bank 0.  Ensure that bank bits are correct.
0018   0188           00037 CLRF TRISD ; portD çýkýþ oldu
Warning[203]: Found opcode in column 1. (BSF)
Message[302]: Register in operand not in bank 0.  Ensure that bank bits are correct.
0019   1406           00038 BSF TRISB,0 ;portB nin 0. biti giriþ oldu
Warning[203]: Found opcode in column 1. (MOVLW)
001A   3090           00039 MOVLW B'10010000' ;deðeri working e yükle
Warning[203]: Found opcode in column 1. (MOVWF)
001B   008B           00040 MOVWF INTCON ;genel ve harici kesme için izin verildi
Warning[203]: Found opcode in column 1. (BCF)
001C   1283           00041 BCF STATUS,RP0 ;00 nolu bayraða geç
Warning[203]: Found opcode in column 1. (CLRF)
001D   0188           00042 CLRF PORTD ;PortD yi sýfýrla
001E                  00043 dongu
Warning[203]: Found opcode in column 1. (GOTO)
001E   2???           00044 GOTO dongu ;döngü......
Warning[205]: Found directive in column 1. (END)
3F31                  00045 END
MPASM  5.42                         SAYIM.ASM   10-18-2011  16:55:06         PAGE  3


SYMBOL TABLE
  LABEL                             VALUE 

ACKDT                             00000005
ACKEN                             00000004
ACKSTAT                           00000006
ADCON0                            0000001F
ADCON1                            0000009F
ADCS0                             00000006
ADCS1                             00000007
ADCS2                             00000006
ADDEN                             00000003
ADFM                              00000007
ADIE                              00000006
ADIF                              00000006
ADON                              00000000
ADRESH                            0000001E
ADRESL                            0000009E
BCLIE                             00000003
BCLIF                             00000003
BF                                00000000
BRGH                              00000002
C                                 00000000
C1INV                             00000004
C1OUT                             00000006
C2INV                             00000005
C2OUT                             00000007
CCP1CON                           00000017
CCP1IE                            00000002
CCP1IF                            00000002
CCP1M0                            00000000
CCP1M1                            00000001
CCP1M2                            00000002
CCP1M3                            00000003
CCP1X                             00000005
CCP1Y                             00000004
CCP2CON                           0000001D
CCP2IE                            00000000
CCP2IF                            00000000
CCP2M0                            00000000
CCP2M1                            00000001
CCP2M2                            00000002
CCP2M3                            00000003
CCP2X                             00000005
CCP2Y                             00000004
CCPR1                             00000015
CCPR1H                            00000016
CCPR1L                            00000015
CCPR2                             0000001B
CCPR2H                            0000001C
CCPR2L                            0000001B
CHS0                              00000003
CHS1                              00000004
CHS2                              00000005
CIS                               00000003
CKE                               00000006
MPASM  5.42                         SAYIM.ASM   10-18-2011  16:55:06         PAGE  4


SYMBOL TABLE
  LABEL                             VALUE 

CKP                               00000004
CM0                               00000000
CM1                               00000001
CM2                               00000002
CMCON                             0000009C
CMIE                              00000006
CMIF                              00000006
CREN                              00000004
CSRC                              00000007
CVR0                              00000000
CVR1                              00000001
CVR2                              00000002
CVR3                              00000003
CVRCON                            0000009D
CVREN                             00000007
CVROE                             00000006
CVRR                              00000005
D                                 00000005
DATA_ADDRESS                      00000005
DC                                00000001
D_A                               00000005
D_NOT_A                           00000005
EEADR                             0000010D
EEADRH                            0000010F
EECON1                            0000018C
EECON2                            0000018D
EEDATA                            0000010C
EEDATH                            0000010E
EEIE                              00000004
EEIF                              00000004
EEPGD                             00000007
F                                 00000001
FERR                              00000002
FSR                               00000004
GCEN                              00000007
GIE                               00000007
GO                                00000002
GO_DONE                           00000002
GO_NOT_DONE                       00000002
I2C_DATA                          00000005
I2C_READ                          00000002
I2C_START                         00000003
I2C_STOP                          00000004
IBF                               00000007
IBOV                              00000005
INDF                              00000000
INTCON                            0000000B
INTE                              00000004
INTEDG                            00000006
INTF                              00000001
IRP                               00000007
NOT_A                             00000005
NOT_ADDRESS                       00000005
MPASM  5.42                         SAYIM.ASM   10-18-2011  16:55:06         PAGE  5


SYMBOL TABLE
  LABEL                             VALUE 

NOT_BO                            00000000
NOT_BOR                           00000000
NOT_DONE                          00000002
NOT_PD                            00000003
NOT_POR                           00000001
NOT_RBPU                          00000007
NOT_RC8                           00000006
NOT_T1SYNC                        00000002
NOT_TO                            00000004
NOT_TX8                           00000006
NOT_W                             00000002
NOT_WRITE                         00000002
OBF                               00000006
OERR                              00000001
OPTION_REG                        00000081
P                                 00000004
PCFG0                             00000000
PCFG1                             00000001
PCFG2                             00000002
PCFG3                             00000003
PCL                               00000002
PCLATH                            0000000A
PCON                              0000008E
PEIE                              00000006
PEN                               00000002
PIE1                              0000008C
PIE2                              0000008D
PIR1                              0000000C
PIR2                              0000000D
PORTA                             00000005
PORTB                             00000006
PORTC                             00000007
PORTD                             00000008
PORTE                             00000009
PR2                               00000092
PS0                               00000000
PS1                               00000001
PS2                               00000002
PSA                               00000003
PSPIE                             00000007
PSPIF                             00000007
PSPMODE                           00000004
R                                 00000002
RA0                               00000000
RA1                               00000001
RA2                               00000002
RA3                               00000003
RA4                               00000004
RA5                               00000005
RB0                               00000000
RB1                               00000001
RB2                               00000002
RB3                               00000003
MPASM  5.42                         SAYIM.ASM   10-18-2011  16:55:06         PAGE  6


SYMBOL TABLE
  LABEL                             VALUE 

RB4                               00000004
RB5                               00000005
RB6                               00000006
RB7                               00000007
RBIE                              00000003
RBIF                              00000000
RC0                               00000000
RC1                               00000001
RC2                               00000002
RC3                               00000003
RC4                               00000004
RC5                               00000005
RC6                               00000006
RC7                               00000007
RC8_9                             00000006
RC9                               00000006
RCD8                              00000000
RCEN                              00000003
RCIE                              00000005
RCIF                              00000005
RCREG                             0000001A
RCSTA                             00000018
RD                                00000000
RD0                               00000000
RD1                               00000001
RD2                               00000002
RD3                               00000003
RD4                               00000004
RD5                               00000005
RD6                               00000006
RD7                               00000007
RE0                               00000000
RE1                               00000001
RE2                               00000002
READ_WRITE                        00000002
RP0                               00000005
RP1                               00000006
RSEN                              00000001
RX9                               00000006
RX9D                              00000000
R_NOT_W                           00000002
R_W                               00000002
S                                 00000003
SEN                               00000000
SMP                               00000007
SPBRG                             00000099
SPEN                              00000007
SREN                              00000005
SSPADD                            00000093
SSPBUF                            00000013
SSPCON                            00000014
SSPCON2                           00000091
SSPEN                             00000005
MPASM  5.42                         SAYIM.ASM   10-18-2011  16:55:06         PAGE  7


SYMBOL TABLE
  LABEL                             VALUE 

SSPIE                             00000003
SSPIF                             00000003
SSPM0                             00000000
SSPM1                             00000001
SSPM2                             00000002
SSPM3                             00000003
SSPOV                             00000006
SSPSTAT                           00000094
STATUS                            00000003
SYNC                              00000004
T0CS                              00000005
T0IE                              00000005
T0IF                              00000002
T0SE                              00000004
T1CKPS0                           00000004
T1CKPS1                           00000005
T1CON                             00000010
T1INSYNC                          00000002
T1OSCEN                           00000003
T1SYNC                            00000002
T2CKPS0                           00000000
T2CKPS1                           00000001
T2CON                             00000012
TMR0                              00000001
TMR0IE                            00000005
TMR0IF                            00000002
TMR1CS                            00000001
TMR1H                             0000000F
TMR1IE                            00000000
TMR1IF                            00000000
TMR1L                             0000000E
TMR1ON                            00000000
TMR2                              00000011
TMR2IE                            00000001
TMR2IF                            00000001
TMR2ON                            00000002
TOUTPS0                           00000003
TOUTPS1                           00000004
TOUTPS2                           00000005
TOUTPS3                           00000006
TRISA                             00000085
TRISA0                            00000000
TRISA1                            00000001
TRISA2                            00000002
TRISA3                            00000003
TRISA4                            00000004
TRISA5                            00000005
TRISB                             00000086
TRISB0                            00000000
TRISB1                            00000001
TRISB2                            00000002
TRISB3                            00000003
TRISB4                            00000004
MPASM  5.42                         SAYIM.ASM   10-18-2011  16:55:06         PAGE  8


SYMBOL TABLE
  LABEL                             VALUE 

TRISB5                            00000005
TRISB6                            00000006
TRISB7                            00000007
TRISC                             00000087
TRISC0                            00000000
TRISC1                            00000001
TRISC2                            00000002
TRISC3                            00000003
TRISC4                            00000004
TRISC5                            00000005
TRISC6                            00000006
TRISC7                            00000007
TRISD                             00000088
TRISD0                            00000000
TRISD1                            00000001
TRISD2                            00000002
TRISD3                            00000003
TRISD4                            00000004
TRISD5                            00000005
TRISD6                            00000006
TRISD7                            00000007
TRISE                             00000089
TRISE0                            00000000
TRISE1                            00000001
TRISE2                            00000002
TRMT                              00000001
TX8_9                             00000006
TX9                               00000006
TX9D                              00000000
TXD8                              00000000
TXEN                              00000005
TXIE                              00000004
TXIF                              00000004
TXREG                             00000019
TXSTA                             00000098
UA                                00000001
W                                 00000000
WCOL                              00000007
WR                                00000001
WREN                              00000002
WRERR                             00000003
Z                                 00000002
_BODEN_OFF                        00003FBF
_BODEN_ON                         00003FFF
_CONFIG                           00002007
_CPD_OFF                          00003FFF
_CPD_ON                           00003EFF
_CP_ALL                           00001FFF
_CP_OFF                           00003FFF
_DEBUG_OFF                        00003FFF
_DEBUG_ON                         000037FF
_DEVID1                           00002006
_HS_OSC                           00003FFE
MPASM  5.42                         SAYIM.ASM   10-18-2011  16:55:06         PAGE  9


SYMBOL TABLE
  LABEL                             VALUE 

_IDLOC0                           00002000
_IDLOC1                           00002001
_IDLOC2                           00002002
_IDLOC3                           00002003
_LP_OSC                           00003FFC
_LVP_OFF                          00003F7F
_LVP_ON                           00003FFF
_PWRTE_OFF                        00003FFF
_PWRTE_ON                         00003FF7
_RC_OSC                           00003FFF
_WDT_OFF                          00003FFB
_WDT_ON                           00003FFF
_WRT_1FOURTH                      00003BFF
_WRT_256                          00003DFF
_WRT_HALF                         000039FF
_WRT_OFF                          00003FFF
_XT_OSC                           00003FFD
__16F877A                         00000001
__DEBUG                           1
ana_program                       00000014
degisken                          00000025
dongu                             0000001E
kesme                             00000004
kesme_bitir                       00000013
say_basla                         0000000E
sayac                             00000020

Errors   :     0
Warnings :    33 reported,     0 suppressed
Messages :     3 reported,     0 suppressed

