Warning[205] D:\PROJELER\SAYICI\SAYIM.ASM 1 : Found directive in column 1. (list)
Warning[205] D:\PROJELER\SAYICI\SAYIM.ASM 3 : Found directive in column 1. (__config)
Warning[205] D:\PROJELER\SAYICI\SAYIM.ASM 6 : Found directive in column 1. (ORG)
Warning[203] D:\PROJELER\SAYICI\SAYIM.ASM 7 : Found opcode in column 1. (GOTO)
Warning[205] D:\PROJELER\SAYICI\SAYIM.ASM 8 : Found directive in column 1. (ORG)
Warning[203] D:\PROJELER\SAYICI\SAYIM.ASM 11 : Found opcode in column 1. (BSF)
Warning[203] D:\PROJELER\SAYICI\SAYIM.ASM 12 : Found opcode in column 1. (BTFSS)
Warning[203] D:\PROJELER\SAYICI\SAYIM.ASM 13 : Found opcode in column 1. (GOTO)
Warning[203] D:\PROJELER\SAYICI\SAYIM.ASM 14 : Found opcode in column 1. (BCF)
Warning[203] D:\PROJELER\SAYICI\SAYIM.ASM 15 : Found opcode in column 1. (INCF)
Warning[203] D:\PROJELER\SAYICI\SAYIM.ASM 16 : Found opcode in column 1. (MOVLW)
Warning[203] D:\PROJELER\SAYICI\SAYIM.ASM 17 : Found opcode in column 1. (SUBWF)
Warning[203] D:\PROJELER\SAYICI\SAYIM.ASM 18 : Found opcode in column 1. (BTFSS)
Warning[203] D:\PROJELER\SAYICI\SAYIM.ASM 19 : Found opcode in column 1. (GOTO)
Warning[203] D:\PROJELER\SAYICI\SAYIM.ASM 20 : Found opcode in column 1. (GOTO)
Warning[203] D:\PROJELER\SAYICI\SAYIM.ASM 23 : Found opcode in column 1. (INCF)
Warning[203] D:\PROJELER\SAYICI\SAYIM.ASM 24 : Found opcode in column 1. (SWAPF)
Warning[203] D:\PROJELER\SAYICI\SAYIM.ASM 25 : Found opcode in column 1. (BCF)
Warning[203] D:\PROJELER\SAYICI\SAYIM.ASM 26 : Found opcode in column 1. (MOVWF)
Warning[203] D:\PROJELER\SAYICI\SAYIM.ASM 27 : Found opcode in column 1. (GOTO)
Warning[203] D:\PROJELER\SAYICI\SAYIM.ASM 30 : Found opcode in column 1. (RETFIE)
Warning[203] D:\PROJELER\SAYICI\SAYIM.ASM 33 : Found opcode in column 1. (CLRF)
Warning[203] D:\PROJELER\SAYICI\SAYIM.ASM 34 : Found opcode in column 1. (CLRF)
Warning[203] D:\PROJELER\SAYICI\SAYIM.ASM 35 : Found opcode in column 1. (BSF)
Warning[203] D:\PROJELER\SAYICI\SAYIM.ASM 36 : Found opcode in column 1. (BCF)
Message[302] D:\PROJELER\SAYICI\SAYIM.ASM 36 : Register in operand not in bank 0.  Ensure that bank bits are correct.
Warning[203] D:\PROJELER\SAYICI\SAYIM.ASM 37 : Found opcode in column 1. (CLRF)
Message[302] D:\PROJELER\SAYICI\SAYIM.ASM 37 : Register in operand not in bank 0.  Ensure that bank bits are correct.
Warning[203] D:\PROJELER\SAYICI\SAYIM.ASM 38 : Found opcode in column 1. (BSF)
Message[302] D:\PROJELER\SAYICI\SAYIM.ASM 38 : Register in operand not in bank 0.  Ensure that bank bits are correct.
Warning[203] D:\PROJELER\SAYICI\SAYIM.ASM 39 : Found opcode in column 1. (MOVLW)
Warning[203] D:\PROJELER\SAYICI\SAYIM.ASM 40 : Found opcode in column 1. (MOVWF)
Warning[203] D:\PROJELER\SAYICI\SAYIM.ASM 41 : Found opcode in column 1. (BCF)
Warning[203] D:\PROJELER\SAYICI\SAYIM.ASM 42 : Found opcode in column 1. (CLRF)
Warning[203] D:\PROJELER\SAYICI\SAYIM.ASM 44 : Found opcode in column 1. (GOTO)
Warning[205] D:\PROJELER\SAYICI\SAYIM.ASM 45 : Found directive in column 1. (END)
