Warning[205] C:\USERS\HP\DESKTOP\BUT\GECEN\GECEN.ASM 1 : Found directive in column 1. (list)
Warning[205] C:\USERS\HP\DESKTOP\BUT\GECEN\GECEN.ASM 2 : Found directive in column 1. (include)
Warning[205] C:\USERS\HP\DESKTOP\BUT\GECEN\GECEN.ASM 5 : Found directive in column 1. (ORG)
Warning[203] C:\USERS\HP\DESKTOP\BUT\GECEN\GECEN.ASM 6 : Found opcode in column 1. (GOTO)
Warning[205] C:\USERS\HP\DESKTOP\BUT\GECEN\GECEN.ASM 7 : Found directive in column 1. (ORG)
Warning[203] C:\USERS\HP\DESKTOP\BUT\GECEN\GECEN.ASM 9 : Found opcode in column 1. (BTFSS)
Warning[203] C:\USERS\HP\DESKTOP\BUT\GECEN\GECEN.ASM 10 : Found opcode in column 1. (GOTO)
Warning[203] C:\USERS\HP\DESKTOP\BUT\GECEN\GECEN.ASM 11 : Found opcode in column 1. (BTFSC)
Warning[203] C:\USERS\HP\DESKTOP\BUT\GECEN\GECEN.ASM 12 : Found opcode in column 1. (GOTO)
Warning[205] C:\USERS\HP\DESKTOP\BUT\GECEN\GECEN.ASM 13 : Found directive in column 1. (BANKSEL)
Warning[203] C:\USERS\HP\DESKTOP\BUT\GECEN\GECEN.ASM 14 : Found opcode in column 1. (MOVLW)
Warning[203] C:\USERS\HP\DESKTOP\BUT\GECEN\GECEN.ASM 15 : Found opcode in column 1. (MOVWF)
Warning[203] C:\USERS\HP\DESKTOP\BUT\GECEN\GECEN.ASM 16 : Found opcode in column 1. (MOVLW)
Warning[203] C:\USERS\HP\DESKTOP\BUT\GECEN\GECEN.ASM 17 : Found opcode in column 1. (MOVWF)
Warning[203] C:\USERS\HP\DESKTOP\BUT\GECEN\GECEN.ASM 18 : Found opcode in column 1. (MOVWF)
Warning[203] C:\USERS\HP\DESKTOP\BUT\GECEN\GECEN.ASM 19 : Found opcode in column 1. (CALL)
Warning[203] C:\USERS\HP\DESKTOP\BUT\GECEN\GECEN.ASM 20 : Found opcode in column 1. (GOTO)
Warning[203] C:\USERS\HP\DESKTOP\BUT\GECEN\GECEN.ASM 22 : Found opcode in column 1. (BTFSC)
Warning[203] C:\USERS\HP\DESKTOP\BUT\GECEN\GECEN.ASM 23 : Found opcode in column 1. (GOTO)
Warning[205] C:\USERS\HP\DESKTOP\BUT\GECEN\GECEN.ASM 24 : Found directive in column 1. (BANKSEL)
Warning[203] C:\USERS\HP\DESKTOP\BUT\GECEN\GECEN.ASM 25 : Found opcode in column 1. (MOVLW)
Warning[203] C:\USERS\HP\DESKTOP\BUT\GECEN\GECEN.ASM 26 : Found opcode in column 1. (MOVWF)
Warning[203] C:\USERS\HP\DESKTOP\BUT\GECEN\GECEN.ASM 27 : Found opcode in column 1. (MOVLW)
Warning[203] C:\USERS\HP\DESKTOP\BUT\GECEN\GECEN.ASM 28 : Found opcode in column 1. (MOVWF)
Warning[203] C:\USERS\HP\DESKTOP\BUT\GECEN\GECEN.ASM 29 : Found opcode in column 1. (MOVWF)
Warning[203] C:\USERS\HP\DESKTOP\BUT\GECEN\GECEN.ASM 30 : Found opcode in column 1. (CALL)
Warning[203] C:\USERS\HP\DESKTOP\BUT\GECEN\GECEN.ASM 32 : Found opcode in column 1. (BCF)
Warning[203] C:\USERS\HP\DESKTOP\BUT\GECEN\GECEN.ASM 33 : Found opcode in column 1. (RETFIE)
Warning[203] C:\USERS\HP\DESKTOP\BUT\GECEN\GECEN.ASM 35 : Found opcode in column 1. (MOVLW)
Warning[203] C:\USERS\HP\DESKTOP\BUT\GECEN\GECEN.ASM 36 : Found opcode in column 1. (MOVWF)
Warning[203] C:\USERS\HP\DESKTOP\BUT\GECEN\GECEN.ASM 39 : Found opcode in column 1. (MOVLW)
Warning[203] C:\USERS\HP\DESKTOP\BUT\GECEN\GECEN.ASM 40 : Found opcode in column 1. (MOVWF)
Warning[203] C:\USERS\HP\DESKTOP\BUT\GECEN\GECEN.ASM 42 : Found opcode in column 1. (DECFSZ)
Warning[203] C:\USERS\HP\DESKTOP\BUT\GECEN\GECEN.ASM 43 : Found opcode in column 1. (GOTO)
Warning[203] C:\USERS\HP\DESKTOP\BUT\GECEN\GECEN.ASM 44 : Found opcode in column 1. (DECFSZ)
Warning[203] C:\USERS\HP\DESKTOP\BUT\GECEN\GECEN.ASM 45 : Found opcode in column 1. (GOTO)
Warning[203] C:\USERS\HP\DESKTOP\BUT\GECEN\GECEN.ASM 47 : Found opcode in column 1. (RETURN)
Warning[205] C:\USERS\HP\DESKTOP\BUT\GECEN\GECEN.ASM 58 : Found directive in column 1. (BANKSEL)
Warning[203] C:\USERS\HP\DESKTOP\BUT\GECEN\GECEN.ASM 59 : Found opcode in column 1. (CLRF)
Message[302] C:\USERS\HP\DESKTOP\BUT\GECEN\GECEN.ASM 59 : Register in operand not in bank 0.  Ensure that bank bits are correct.
Warning[205] C:\USERS\HP\DESKTOP\BUT\GECEN\GECEN.ASM 60 : Found directive in column 1. (BANKSEL)
Message[302] C:\USERS\HP\DESKTOP\BUT\GECEN\GECEN.ASM 62 : Register in operand not in bank 0.  Ensure that bank bits are correct.
Message[302] C:\USERS\HP\DESKTOP\BUT\GECEN\GECEN.ASM 67 : Register in operand not in bank 0.  Ensure that bank bits are correct.
Warning[205] C:\USERS\HP\DESKTOP\BUT\GECEN\GECEN.ASM 70 : Found directive in column 1. (BANKSEL)
Warning[203] C:\USERS\HP\DESKTOP\BUT\GECEN\GECEN.ASM 71 : Found opcode in column 1. (MOVLW)
Warning[203] C:\USERS\HP\DESKTOP\BUT\GECEN\GECEN.ASM 72 : Found opcode in column 1. (MOVWF)
Warning[205] C:\USERS\HP\DESKTOP\BUT\GECEN\GECEN.ASM 73 : Found directive in column 1. (BANKSEL)
Warning[203] C:\USERS\HP\DESKTOP\BUT\GECEN\GECEN.ASM 74 : Found opcode in column 1. (CLRF)
Message[302] C:\USERS\HP\DESKTOP\BUT\GECEN\GECEN.ASM 74 : Register in operand not in bank 0.  Ensure that bank bits are correct.
Warning[205] C:\USERS\HP\DESKTOP\BUT\GECEN\GECEN.ASM 75 : Found directive in column 1. (BANKSEL)
Warning[203] C:\USERS\HP\DESKTOP\BUT\GECEN\GECEN.ASM 76 : Found opcode in column 1. (CLRF)
Warning[203] C:\USERS\HP\DESKTOP\BUT\GECEN\GECEN.ASM 77 : Found opcode in column 1. (CLRF)
Warning[203] C:\USERS\HP\DESKTOP\BUT\GECEN\GECEN.ASM 79 : Found opcode in column 1. (GOTO)
Warning[205] C:\USERS\HP\DESKTOP\BUT\GECEN\GECEN.ASM 80 : Found directive in column 1. (END)
