Warning[205] C:\USERS\ULUZMAN\DESKTOP\MIKROPROJE\0-999\UNTITLED.ASM 1 : Found directive in column 1. (list)
Warning[205] C:\USERS\ULUZMAN\DESKTOP\MIKROPROJE\0-999\UNTITLED.ASM 3 : Found directive in column 1. (__config)
Warning[205] C:\USERS\ULUZMAN\DESKTOP\MIKROPROJE\0-999\UNTITLED.ASM 13 : Found directive in column 1. (ORG)
Warning[203] C:\USERS\ULUZMAN\DESKTOP\MIKROPROJE\0-999\UNTITLED.ASM 14 : Found opcode in column 1. (GOTO)
Warning[205] C:\USERS\ULUZMAN\DESKTOP\MIKROPROJE\0-999\UNTITLED.ASM 15 : Found directive in column 1. (ORG)
Warning[203] C:\USERS\ULUZMAN\DESKTOP\MIKROPROJE\0-999\UNTITLED.ASM 17 : Found opcode in column 1. (BTFSS)
Warning[203] C:\USERS\ULUZMAN\DESKTOP\MIKROPROJE\0-999\UNTITLED.ASM 18 : Found opcode in column 1. (GOTO)
Warning[203] C:\USERS\ULUZMAN\DESKTOP\MIKROPROJE\0-999\UNTITLED.ASM 19 : Found opcode in column 1. (BCF)
Warning[203] C:\USERS\ULUZMAN\DESKTOP\MIKROPROJE\0-999\UNTITLED.ASM 20 : Found opcode in column 1. (INCF)
Warning[203] C:\USERS\ULUZMAN\DESKTOP\MIKROPROJE\0-999\UNTITLED.ASM 21 : Found opcode in column 1. (MOVLW)
Warning[203] C:\USERS\ULUZMAN\DESKTOP\MIKROPROJE\0-999\UNTITLED.ASM 22 : Found opcode in column 1. (SUBWF)
Warning[203] C:\USERS\ULUZMAN\DESKTOP\MIKROPROJE\0-999\UNTITLED.ASM 23 : Found opcode in column 1. (BTFSS)
Warning[203] C:\USERS\ULUZMAN\DESKTOP\MIKROPROJE\0-999\UNTITLED.ASM 24 : Found opcode in column 1. (GOTO)
Warning[203] C:\USERS\ULUZMAN\DESKTOP\MIKROPROJE\0-999\UNTITLED.ASM 25 : Found opcode in column 1. (CLRF)
Warning[203] C:\USERS\ULUZMAN\DESKTOP\MIKROPROJE\0-999\UNTITLED.ASM 27 : Found opcode in column 1. (MOVLW)
Warning[203] C:\USERS\ULUZMAN\DESKTOP\MIKROPROJE\0-999\UNTITLED.ASM 28 : Found opcode in column 1. (INCF)
Warning[203] C:\USERS\ULUZMAN\DESKTOP\MIKROPROJE\0-999\UNTITLED.ASM 29 : Found opcode in column 1. (SUBWF)
Warning[203] C:\USERS\ULUZMAN\DESKTOP\MIKROPROJE\0-999\UNTITLED.ASM 30 : Found opcode in column 1. (BTFSS)
Warning[203] C:\USERS\ULUZMAN\DESKTOP\MIKROPROJE\0-999\UNTITLED.ASM 31 : Found opcode in column 1. (GOTO)
Warning[203] C:\USERS\ULUZMAN\DESKTOP\MIKROPROJE\0-999\UNTITLED.ASM 32 : Found opcode in column 1. (CLRF)
Warning[203] C:\USERS\ULUZMAN\DESKTOP\MIKROPROJE\0-999\UNTITLED.ASM 33 : Found opcode in column 1. (MOVLW)
Warning[203] C:\USERS\ULUZMAN\DESKTOP\MIKROPROJE\0-999\UNTITLED.ASM 34 : Found opcode in column 1. (INCF)
Warning[203] C:\USERS\ULUZMAN\DESKTOP\MIKROPROJE\0-999\UNTITLED.ASM 35 : Found opcode in column 1. (SUBWF)
Warning[203] C:\USERS\ULUZMAN\DESKTOP\MIKROPROJE\0-999\UNTITLED.ASM 36 : Found opcode in column 1. (BTFSS)
Warning[203] C:\USERS\ULUZMAN\DESKTOP\MIKROPROJE\0-999\UNTITLED.ASM 37 : Found opcode in column 1. (GOTO)
Warning[203] C:\USERS\ULUZMAN\DESKTOP\MIKROPROJE\0-999\UNTITLED.ASM 38 : Found opcode in column 1. (CLRF)
Warning[203] C:\USERS\ULUZMAN\DESKTOP\MIKROPROJE\0-999\UNTITLED.ASM 39 : Found opcode in column 1. (MOVLW)
Warning[203] C:\USERS\ULUZMAN\DESKTOP\MIKROPROJE\0-999\UNTITLED.ASM 40 : Found opcode in column 1. (INCF)
Warning[203] C:\USERS\ULUZMAN\DESKTOP\MIKROPROJE\0-999\UNTITLED.ASM 41 : Found opcode in column 1. (SUBWF)
Warning[203] C:\USERS\ULUZMAN\DESKTOP\MIKROPROJE\0-999\UNTITLED.ASM 42 : Found opcode in column 1. (BTFSS)
Warning[203] C:\USERS\ULUZMAN\DESKTOP\MIKROPROJE\0-999\UNTITLED.ASM 43 : Found opcode in column 1. (GOTO)
Warning[203] C:\USERS\ULUZMAN\DESKTOP\MIKROPROJE\0-999\UNTITLED.ASM 44 : Found opcode in column 1. (CLRF)
Warning[203] C:\USERS\ULUZMAN\DESKTOP\MIKROPROJE\0-999\UNTITLED.ASM 45 : Found opcode in column 1. (MOVLW)
Warning[203] C:\USERS\ULUZMAN\DESKTOP\MIKROPROJE\0-999\UNTITLED.ASM 46 : Found opcode in column 1. (INCF)
Warning[203] C:\USERS\ULUZMAN\DESKTOP\MIKROPROJE\0-999\UNTITLED.ASM 47 : Found opcode in column 1. (SUBWF)
Warning[203] C:\USERS\ULUZMAN\DESKTOP\MIKROPROJE\0-999\UNTITLED.ASM 48 : Found opcode in column 1. (BTFSS)
Warning[203] C:\USERS\ULUZMAN\DESKTOP\MIKROPROJE\0-999\UNTITLED.ASM 49 : Found opcode in column 1. (GOTO)
Warning[203] C:\USERS\ULUZMAN\DESKTOP\MIKROPROJE\0-999\UNTITLED.ASM 50 : Found opcode in column 1. (GOTO)
Warning[203] C:\USERS\ULUZMAN\DESKTOP\MIKROPROJE\0-999\UNTITLED.ASM 52 : Found opcode in column 1. (MOVF)
Warning[203] C:\USERS\ULUZMAN\DESKTOP\MIKROPROJE\0-999\UNTITLED.ASM 53 : Found opcode in column 1. (CALL)
Warning[203] C:\USERS\ULUZMAN\DESKTOP\MIKROPROJE\0-999\UNTITLED.ASM 54 : Found opcode in column 1. (MOVWF)
Warning[203] C:\USERS\ULUZMAN\DESKTOP\MIKROPROJE\0-999\UNTITLED.ASM 56 : Found opcode in column 1. (MOVF)
Warning[203] C:\USERS\ULUZMAN\DESKTOP\MIKROPROJE\0-999\UNTITLED.ASM 57 : Found opcode in column 1. (CALL)
Warning[203] C:\USERS\ULUZMAN\DESKTOP\MIKROPROJE\0-999\UNTITLED.ASM 58 : Found opcode in column 1. (MOVWF)
Warning[203] C:\USERS\ULUZMAN\DESKTOP\MIKROPROJE\0-999\UNTITLED.ASM 60 : Found opcode in column 1. (MOVF)
Warning[203] C:\USERS\ULUZMAN\DESKTOP\MIKROPROJE\0-999\UNTITLED.ASM 61 : Found opcode in column 1. (CALL)
Warning[203] C:\USERS\ULUZMAN\DESKTOP\MIKROPROJE\0-999\UNTITLED.ASM 62 : Found opcode in column 1. (MOVWF)
Warning[203] C:\USERS\ULUZMAN\DESKTOP\MIKROPROJE\0-999\UNTITLED.ASM 64 : Found opcode in column 1. (MOVF)
Warning[203] C:\USERS\ULUZMAN\DESKTOP\MIKROPROJE\0-999\UNTITLED.ASM 65 : Found opcode in column 1. (CALL)
Warning[203] C:\USERS\ULUZMAN\DESKTOP\MIKROPROJE\0-999\UNTITLED.ASM 66 : Found opcode in column 1. (MOVWF)
Warning[203] C:\USERS\ULUZMAN\DESKTOP\MIKROPROJE\0-999\UNTITLED.ASM 68 : Found opcode in column 1. (RETFIE)
Warning[203] C:\USERS\ULUZMAN\DESKTOP\MIKROPROJE\0-999\UNTITLED.ASM 72 : Found opcode in column 1. (ADDWF)
Warning[203] C:\USERS\ULUZMAN\DESKTOP\MIKROPROJE\0-999\UNTITLED.ASM 73 : Found opcode in column 1. (RETLW)
Warning[203] C:\USERS\ULUZMAN\DESKTOP\MIKROPROJE\0-999\UNTITLED.ASM 74 : Found opcode in column 1. (RETLW)
Warning[203] C:\USERS\ULUZMAN\DESKTOP\MIKROPROJE\0-999\UNTITLED.ASM 75 : Found opcode in column 1. (RETLW)
Warning[203] C:\USERS\ULUZMAN\DESKTOP\MIKROPROJE\0-999\UNTITLED.ASM 76 : Found opcode in column 1. (RETLW)
Warning[203] C:\USERS\ULUZMAN\DESKTOP\MIKROPROJE\0-999\UNTITLED.ASM 77 : Found opcode in column 1. (RETLW)
Warning[203] C:\USERS\ULUZMAN\DESKTOP\MIKROPROJE\0-999\UNTITLED.ASM 78 : Found opcode in column 1. (RETLW)
Warning[203] C:\USERS\ULUZMAN\DESKTOP\MIKROPROJE\0-999\UNTITLED.ASM 79 : Found opcode in column 1. (RETLW)
Warning[203] C:\USERS\ULUZMAN\DESKTOP\MIKROPROJE\0-999\UNTITLED.ASM 80 : Found opcode in column 1. (RETLW)
Warning[203] C:\USERS\ULUZMAN\DESKTOP\MIKROPROJE\0-999\UNTITLED.ASM 81 : Found opcode in column 1. (RETLW)
Warning[203] C:\USERS\ULUZMAN\DESKTOP\MIKROPROJE\0-999\UNTITLED.ASM 82 : Found opcode in column 1. (RETLW)
Warning[203] C:\USERS\ULUZMAN\DESKTOP\MIKROPROJE\0-999\UNTITLED.ASM 84 : Found opcode in column 1. (RETURN)
Warning[203] C:\USERS\ULUZMAN\DESKTOP\MIKROPROJE\0-999\UNTITLED.ASM 87 : Found opcode in column 1. (RETFIE)
Warning[207] C:\USERS\ULUZMAN\DESKTOP\MIKROPROJE\0-999\UNTITLED.ASM 90 : Found label after column 1. (ANA_PROGRAM)
Warning[203] C:\USERS\ULUZMAN\DESKTOP\MIKROPROJE\0-999\UNTITLED.ASM 91 : Found opcode in column 1. (CLRF)
Warning[203] C:\USERS\ULUZMAN\DESKTOP\MIKROPROJE\0-999\UNTITLED.ASM 92 : Found opcode in column 1. (CLRF)
Warning[203] C:\USERS\ULUZMAN\DESKTOP\MIKROPROJE\0-999\UNTITLED.ASM 93 : Found opcode in column 1. (CLRF)
Warning[203] C:\USERS\ULUZMAN\DESKTOP\MIKROPROJE\0-999\UNTITLED.ASM 94 : Found opcode in column 1. (CLRF)
Warning[203] C:\USERS\ULUZMAN\DESKTOP\MIKROPROJE\0-999\UNTITLED.ASM 95 : Found opcode in column 1. (CLRF)
Warning[203] C:\USERS\ULUZMAN\DESKTOP\MIKROPROJE\0-999\UNTITLED.ASM 96 : Found opcode in column 1. (MOVLW)
Warning[203] C:\USERS\ULUZMAN\DESKTOP\MIKROPROJE\0-999\UNTITLED.ASM 97 : Found opcode in column 1. (MOVWF)
Warning[203] C:\USERS\ULUZMAN\DESKTOP\MIKROPROJE\0-999\UNTITLED.ASM 99 : Found opcode in column 1. (BSF)
Warning[203] C:\USERS\ULUZMAN\DESKTOP\MIKROPROJE\0-999\UNTITLED.ASM 100 : Found opcode in column 1. (CLRF)
Message[302] C:\USERS\ULUZMAN\DESKTOP\MIKROPROJE\0-999\UNTITLED.ASM 100 : Register in operand not in bank 0.  Ensure that bank bits are correct.
Warning[203] C:\USERS\ULUZMAN\DESKTOP\MIKROPROJE\0-999\UNTITLED.ASM 101 : Found opcode in column 1. (CLRF)
Message[302] C:\USERS\ULUZMAN\DESKTOP\MIKROPROJE\0-999\UNTITLED.ASM 101 : Register in operand not in bank 0.  Ensure that bank bits are correct.
Warning[203] C:\USERS\ULUZMAN\DESKTOP\MIKROPROJE\0-999\UNTITLED.ASM 102 : Found opcode in column 1. (BSF)
Message[302] C:\USERS\ULUZMAN\DESKTOP\MIKROPROJE\0-999\UNTITLED.ASM 102 : Register in operand not in bank 0.  Ensure that bank bits are correct.
Warning[203] C:\USERS\ULUZMAN\DESKTOP\MIKROPROJE\0-999\UNTITLED.ASM 103 : Found opcode in column 1. (MOVLW)
Warning[203] C:\USERS\ULUZMAN\DESKTOP\MIKROPROJE\0-999\UNTITLED.ASM 104 : Found opcode in column 1. (MOVWF)
Message[302] C:\USERS\ULUZMAN\DESKTOP\MIKROPROJE\0-999\UNTITLED.ASM 104 : Register in operand not in bank 0.  Ensure that bank bits are correct.
Warning[203] C:\USERS\ULUZMAN\DESKTOP\MIKROPROJE\0-999\UNTITLED.ASM 106 : Found opcode in column 1. (BCF)
Warning[203] C:\USERS\ULUZMAN\DESKTOP\MIKROPROJE\0-999\UNTITLED.ASM 107 : Found opcode in column 1. (MOVLW)
Warning[203] C:\USERS\ULUZMAN\DESKTOP\MIKROPROJE\0-999\UNTITLED.ASM 108 : Found opcode in column 1. (MOVWF)
Warning[203] C:\USERS\ULUZMAN\DESKTOP\MIKROPROJE\0-999\UNTITLED.ASM 109 : Found opcode in column 1. (MOVLW)
Warning[203] C:\USERS\ULUZMAN\DESKTOP\MIKROPROJE\0-999\UNTITLED.ASM 110 : Found opcode in column 1. (MOVWF)
Warning[203] C:\USERS\ULUZMAN\DESKTOP\MIKROPROJE\0-999\UNTITLED.ASM 111 : Found opcode in column 1. (CLRF)
Warning[207] C:\USERS\ULUZMAN\DESKTOP\MIKROPROJE\0-999\UNTITLED.ASM 114 : Found label after column 1. (DONGU)
Warning[203] C:\USERS\ULUZMAN\DESKTOP\MIKROPROJE\0-999\UNTITLED.ASM 116 : Found opcode in column 1. (MOVLW)
Warning[203] C:\USERS\ULUZMAN\DESKTOP\MIKROPROJE\0-999\UNTITLED.ASM 117 : Found opcode in column 1. (MOVWF)
Warning[203] C:\USERS\ULUZMAN\DESKTOP\MIKROPROJE\0-999\UNTITLED.ASM 118 : Found opcode in column 1. (MOVF)
Warning[203] C:\USERS\ULUZMAN\DESKTOP\MIKROPROJE\0-999\UNTITLED.ASM 119 : Found opcode in column 1. (MOVWF)
Warning[203] C:\USERS\ULUZMAN\DESKTOP\MIKROPROJE\0-999\UNTITLED.ASM 121 : Found opcode in column 1. (MOVLW)
Warning[203] C:\USERS\ULUZMAN\DESKTOP\MIKROPROJE\0-999\UNTITLED.ASM 122 : Found opcode in column 1. (MOVWF)
Warning[203] C:\USERS\ULUZMAN\DESKTOP\MIKROPROJE\0-999\UNTITLED.ASM 123 : Found opcode in column 1. (MOVF)
Warning[203] C:\USERS\ULUZMAN\DESKTOP\MIKROPROJE\0-999\UNTITLED.ASM 124 : Found opcode in column 1. (MOVWF)
Warning[203] C:\USERS\ULUZMAN\DESKTOP\MIKROPROJE\0-999\UNTITLED.ASM 127 : Found opcode in column 1. (MOVLW)
Warning[203] C:\USERS\ULUZMAN\DESKTOP\MIKROPROJE\0-999\UNTITLED.ASM 128 : Found opcode in column 1. (MOVWF)
Warning[203] C:\USERS\ULUZMAN\DESKTOP\MIKROPROJE\0-999\UNTITLED.ASM 129 : Found opcode in column 1. (MOVF)
Warning[203] C:\USERS\ULUZMAN\DESKTOP\MIKROPROJE\0-999\UNTITLED.ASM 130 : Found opcode in column 1. (MOVWF)
Warning[203] C:\USERS\ULUZMAN\DESKTOP\MIKROPROJE\0-999\UNTITLED.ASM 132 : Found opcode in column 1. (MOVLW)
Warning[203] C:\USERS\ULUZMAN\DESKTOP\MIKROPROJE\0-999\UNTITLED.ASM 133 : Found opcode in column 1. (MOVWF)
Warning[203] C:\USERS\ULUZMAN\DESKTOP\MIKROPROJE\0-999\UNTITLED.ASM 134 : Found opcode in column 1. (MOVF)
Warning[203] C:\USERS\ULUZMAN\DESKTOP\MIKROPROJE\0-999\UNTITLED.ASM 135 : Found opcode in column 1. (MOVWF)
Warning[203] C:\USERS\ULUZMAN\DESKTOP\MIKROPROJE\0-999\UNTITLED.ASM 137 : Found opcode in column 1. (MOVLW)
Warning[203] C:\USERS\ULUZMAN\DESKTOP\MIKROPROJE\0-999\UNTITLED.ASM 138 : Found opcode in column 1. (MOVWF)
Warning[203] C:\USERS\ULUZMAN\DESKTOP\MIKROPROJE\0-999\UNTITLED.ASM 139 : Found opcode in column 1. (MOVF)
Warning[203] C:\USERS\ULUZMAN\DESKTOP\MIKROPROJE\0-999\UNTITLED.ASM 140 : Found opcode in column 1. (MOVWF)
Warning[203] C:\USERS\ULUZMAN\DESKTOP\MIKROPROJE\0-999\UNTITLED.ASM 142 : Found opcode in column 1. (MOVLW)
Warning[203] C:\USERS\ULUZMAN\DESKTOP\MIKROPROJE\0-999\UNTITLED.ASM 143 : Found opcode in column 1. (MOVWF)
Warning[203] C:\USERS\ULUZMAN\DESKTOP\MIKROPROJE\0-999\UNTITLED.ASM 144 : Found opcode in column 1. (MOVF)
Warning[203] C:\USERS\ULUZMAN\DESKTOP\MIKROPROJE\0-999\UNTITLED.ASM 145 : Found opcode in column 1. (MOVWF)
Warning[203] C:\USERS\ULUZMAN\DESKTOP\MIKROPROJE\0-999\UNTITLED.ASM 147 : Found opcode in column 1. (MOVLW)
Warning[203] C:\USERS\ULUZMAN\DESKTOP\MIKROPROJE\0-999\UNTITLED.ASM 148 : Found opcode in column 1. (MOVWF)
Warning[203] C:\USERS\ULUZMAN\DESKTOP\MIKROPROJE\0-999\UNTITLED.ASM 149 : Found opcode in column 1. (MOVF)
Warning[203] C:\USERS\ULUZMAN\DESKTOP\MIKROPROJE\0-999\UNTITLED.ASM 150 : Found opcode in column 1. (MOVWF)
Warning[203] C:\USERS\ULUZMAN\DESKTOP\MIKROPROJE\0-999\UNTITLED.ASM 152 : Found opcode in column 1. (MOVLW)
Warning[203] C:\USERS\ULUZMAN\DESKTOP\MIKROPROJE\0-999\UNTITLED.ASM 153 : Found opcode in column 1. (MOVWF)
Warning[203] C:\USERS\ULUZMAN\DESKTOP\MIKROPROJE\0-999\UNTITLED.ASM 154 : Found opcode in column 1. (MOVF)
Warning[203] C:\USERS\ULUZMAN\DESKTOP\MIKROPROJE\0-999\UNTITLED.ASM 155 : Found opcode in column 1. (MOVWF)
Warning[205] C:\USERS\ULUZMAN\DESKTOP\MIKROPROJE\0-999\UNTITLED.ASM 161 : Found directive in column 1. (END)
