MPASM  5.42                      UNTITLED.ASM   11-21-2011  11:03:50         PAGE  1


LOC  OBJECT CODE     LINE SOURCE TEXT
  VALUE

Warning[205]: Found directive in column 1. (list)
                      00001 list p=16F877A
                      00002 #include <P16F877A.inc>
                      00001         LIST
                      00002 
                      00003 ;==========================================================================
                      00004 ;  MPASM PIC16F877A processor include
                      00005 ; 
                      00006 ;  (c) Copyright 1999-2011 Microchip Technology, All rights reserved
                      00007 ;==========================================================================
                      00008 
                      00555         LIST
Warning[205]: Found directive in column 1. (__config)
2007   3F31           00003 __config H'3F31'
  00000020            00004 SAYAC1 EQU 0X20
  00000025            00005 SAYAC2 EQU 0X25
  00000030            00006 SAYAC3 EQU 0X30
  00000035            00007 SAYAC4 EQU 0X35
  00000036            00008 DISPLAY1 EQU 0X36
  00000037            00009 DISPLAY2 EQU 0X37
  00000038            00010 DISPLAY3 EQU 0X38
  00000039            00011 DISPLAY4 EQU 0X39
  00000040            00012 KONTROL EQU 0X40
Warning[205]: Found directive in column 1. (ORG)
0000                  00013 ORG 0X00
Warning[203]: Found opcode in column 1. (GOTO)
0000   283F           00014 GOTO ANA_PROGRAM 
Warning[205]: Found directive in column 1. (ORG)
0004                  00015 ORG 0X004; 
0004                  00016 KESME;---------------------------------
Warning[203]: Found opcode in column 1. (BTFSS)
0004   1C8C           00017 BTFSS PIR1,1
Warning[203]: Found opcode in column 1. (GOTO)
0005   283E           00018 GOTO KESME_SONLANDIR
Warning[203]: Found opcode in column 1. (BCF)
0006   108C           00019 BCF PIR1,1
Warning[203]: Found opcode in column 1. (INCF)
0007   0AC0           00020 INCF KONTROL,F
Warning[203]: Found opcode in column 1. (MOVLW)
0008   3064           00021 MOVLW D'100'
Warning[203]: Found opcode in column 1. (SUBWF)
0009   0240           00022 SUBWF KONTROL,W
Warning[203]: Found opcode in column 1. (BTFSS)
000A   1D03           00023 BTFSS STATUS,Z
Warning[203]: Found opcode in column 1. (GOTO)
000B   283E           00024 GOTO KESME_SONLANDIR
Warning[203]: Found opcode in column 1. (CLRF)
000C   01C0           00025 CLRF KONTROL
                      00026 
Warning[203]: Found opcode in column 1. (MOVLW)
000D   300A           00027 MOVLW D'10'
Warning[203]: Found opcode in column 1. (INCF)
000E   0AA0           00028 INCF SAYAC1,F
MPASM  5.42                      UNTITLED.ASM   11-21-2011  11:03:50         PAGE  2


LOC  OBJECT CODE     LINE SOURCE TEXT
  VALUE

Warning[203]: Found opcode in column 1. (SUBWF)
000F   0220           00029 SUBWF SAYAC1,W
Warning[203]: Found opcode in column 1. (BTFSS)
0010   1D03           00030 BTFSS STATUS,Z
Warning[203]: Found opcode in column 1. (GOTO)
0011   2825           00031 GOTO DEGER_AL
Warning[203]: Found opcode in column 1. (CLRF)
0012   01A0           00032 CLRF SAYAC1
Warning[203]: Found opcode in column 1. (MOVLW)
0013   300A           00033 MOVLW D'10'
Warning[203]: Found opcode in column 1. (INCF)
0014   0AA5           00034 INCF SAYAC2,F
Warning[203]: Found opcode in column 1. (SUBWF)
0015   0225           00035 SUBWF SAYAC2,W
Warning[203]: Found opcode in column 1. (BTFSS)
0016   1D03           00036 BTFSS STATUS,Z
Warning[203]: Found opcode in column 1. (GOTO)
0017   2825           00037 GOTO DEGER_AL
Warning[203]: Found opcode in column 1. (CLRF)
0018   01A5           00038 CLRF SAYAC2
Warning[203]: Found opcode in column 1. (MOVLW)
0019   300A           00039 MOVLW D'10'
Warning[203]: Found opcode in column 1. (INCF)
001A   0AB0           00040 INCF SAYAC3,F
Warning[203]: Found opcode in column 1. (SUBWF)
001B   0230           00041 SUBWF SAYAC3,W
Warning[203]: Found opcode in column 1. (BTFSS)
001C   1D03           00042 BTFSS STATUS,Z
Warning[203]: Found opcode in column 1. (GOTO)
001D   2825           00043 GOTO DEGER_AL
Warning[203]: Found opcode in column 1. (CLRF)
001E   01B0           00044 CLRF SAYAC3
Warning[203]: Found opcode in column 1. (MOVLW)
001F   300A           00045 MOVLW D'10'
Warning[203]: Found opcode in column 1. (INCF)
0020   0AB5           00046 INCF SAYAC4,F
Warning[203]: Found opcode in column 1. (SUBWF)
0021   0235           00047 SUBWF SAYAC4,W
Warning[203]: Found opcode in column 1. (BTFSS)
0022   1D03           00048 BTFSS STATUS,Z
Warning[203]: Found opcode in column 1. (GOTO)
0023   2825           00049 GOTO DEGER_AL
Warning[203]: Found opcode in column 1. (GOTO)
0024   283F           00050 GOTO ANA_PROGRAM
0025                  00051 DEGER_AL
Warning[203]: Found opcode in column 1. (MOVF)
0025   0820           00052 MOVF SAYAC1,W
Warning[203]: Found opcode in column 1. (CALL)
0026   2032           00053 CALL TABLO
Warning[203]: Found opcode in column 1. (MOVWF)
0027   00B6           00054 MOVWF DISPLAY1
                      00055 
Warning[203]: Found opcode in column 1. (MOVF)
MPASM  5.42                      UNTITLED.ASM   11-21-2011  11:03:50         PAGE  3


LOC  OBJECT CODE     LINE SOURCE TEXT
  VALUE

0028   0825           00056 MOVF SAYAC2,W
Warning[203]: Found opcode in column 1. (CALL)
0029   2032           00057 CALL TABLO
Warning[203]: Found opcode in column 1. (MOVWF)
002A   00B7           00058 MOVWF DISPLAY2
                      00059 
Warning[203]: Found opcode in column 1. (MOVF)
002B   0830           00060 MOVF SAYAC3,W
Warning[203]: Found opcode in column 1. (CALL)
002C   2032           00061 CALL TABLO
Warning[203]: Found opcode in column 1. (MOVWF)
002D   00B8           00062 MOVWF DISPLAY3
                      00063 
Warning[203]: Found opcode in column 1. (MOVF)
002E   0835           00064 MOVF SAYAC4,W
Warning[203]: Found opcode in column 1. (CALL)
002F   2032           00065 CALL TABLO
Warning[203]: Found opcode in column 1. (MOVWF)
0030   00B9           00066 MOVWF DISPLAY4
                      00067 
Warning[203]: Found opcode in column 1. (RETFIE)
0031   0009           00068 RETFIE
                      00069 
0032                  00070 TABLO
                      00071 
Warning[203]: Found opcode in column 1. (ADDWF)
0032   0782           00072 ADDWF PCL,F
Warning[203]: Found opcode in column 1. (RETLW)
0033   343F           00073 RETLW B'00111111'
Warning[203]: Found opcode in column 1. (RETLW)
0034   3430           00074 RETLW B'00110000'
Warning[203]: Found opcode in column 1. (RETLW)
0035   345B           00075 RETLW B'01011011'
Warning[203]: Found opcode in column 1. (RETLW)
0036   344F           00076 RETLW B'01001111'
Warning[203]: Found opcode in column 1. (RETLW)
0037   3466           00077 RETLW B'01100110'
Warning[203]: Found opcode in column 1. (RETLW)
0038   346D           00078 RETLW B'01101101'
Warning[203]: Found opcode in column 1. (RETLW)
0039   347D           00079 RETLW B'01111101'
Warning[203]: Found opcode in column 1. (RETLW)
003A   3407           00080 RETLW B'00000111'
Warning[203]: Found opcode in column 1. (RETLW)
003B   347F           00081 RETLW B'01111111'
Warning[203]: Found opcode in column 1. (RETLW)
003C   346F           00082 RETLW B'01101111'
                      00083 
Warning[203]: Found opcode in column 1. (RETURN)
003D   0008           00084 RETURN
                      00085 
003E                  00086 KESME_SONLANDIR
Warning[203]: Found opcode in column 1. (RETFIE)
MPASM  5.42                      UNTITLED.ASM   11-21-2011  11:03:50         PAGE  4


LOC  OBJECT CODE     LINE SOURCE TEXT
  VALUE

003E   0009           00087 RETFIE
                      00088 
                      00089 
Warning[207]: Found label after column 1. (ANA_PROGRAM)
003F                  00090  ANA_PROGRAM;-------------
Warning[203]: Found opcode in column 1. (CLRF)
003F   01A0           00091 CLRF SAYAC1
Warning[203]: Found opcode in column 1. (CLRF)
0040   01A5           00092 CLRF SAYAC2
Warning[203]: Found opcode in column 1. (CLRF)
0041   01B0           00093 CLRF SAYAC3
Warning[203]: Found opcode in column 1. (CLRF)
0042   01B5           00094 CLRF SAYAC4
Warning[203]: Found opcode in column 1. (CLRF)
0043   01C0           00095 CLRF KONTROL
Warning[203]: Found opcode in column 1. (MOVLW)
0044   30C0           00096 MOVLW B'11000000'
Warning[203]: Found opcode in column 1. (MOVWF)
0045   008B           00097 MOVWF INTCON
                      00098 
Warning[203]: Found opcode in column 1. (BSF)
0046   1683           00099 BSF STATUS,RP0; Bank-1'e geç
Warning[203]: Found opcode in column 1. (CLRF)
Message[302]: Register in operand not in bank 0.  Ensure that bank bits are correct.
0047   0188           00100 CLRF TRISD
Warning[203]: Found opcode in column 1. (CLRF)
Message[302]: Register in operand not in bank 0.  Ensure that bank bits are correct.
0048   0185           00101 CLRF TRISA
Warning[203]: Found opcode in column 1. (BSF)
Message[302]: Register in operand not in bank 0.  Ensure that bank bits are correct.
0049   148C           00102 BSF PIE1,TMR2IE
Warning[203]: Found opcode in column 1. (MOVLW)
004A   30F9           00103 MOVLW D'249'
Warning[203]: Found opcode in column 1. (MOVWF)
Message[302]: Register in operand not in bank 0.  Ensure that bank bits are correct.
004B   0092           00104 MOVWF PR2
                      00105 
Warning[203]: Found opcode in column 1. (BCF)
004C   1283           00106 BCF STATUS,RP0;Bank-0'a gecis
Warning[203]: Found opcode in column 1. (MOVLW)
004D   3006           00107 MOVLW B'00000110'
Warning[203]: Found opcode in column 1. (MOVWF)
004E   0092           00108 MOVWF T2CON
Warning[203]: Found opcode in column 1. (MOVLW)
004F   303F           00109 MOVLW B'111111'
Warning[203]: Found opcode in column 1. (MOVWF)
0050   0085           00110 MOVWF PORTA
Warning[203]: Found opcode in column 1. (CLRF)
0051   0188           00111 CLRF PORTD
                      00112 
                      00113 
Warning[207]: Found label after column 1. (DONGU)
0052                  00114  DONGU 
MPASM  5.42                      UNTITLED.ASM   11-21-2011  11:03:50         PAGE  5


LOC  OBJECT CODE     LINE SOURCE TEXT
  VALUE

                      00115 
Warning[203]: Found opcode in column 1. (MOVLW)
0052   3000           00116 MOVLW B'000000'
Warning[203]: Found opcode in column 1. (MOVWF)
0053   0085           00117 MOVWF PORTA
Warning[203]: Found opcode in column 1. (MOVF)
0054   0836           00118 MOVF DISPLAY1,W
Warning[203]: Found opcode in column 1. (MOVWF)
0055   0088           00119 MOVWF PORTD
                      00120 
Warning[203]: Found opcode in column 1. (MOVLW)
0056   3001           00121 MOVLW B'000001'
Warning[203]: Found opcode in column 1. (MOVWF)
0057   0085           00122 MOVWF PORTA
Warning[203]: Found opcode in column 1. (MOVF)
0058   0836           00123 MOVF DISPLAY1,W
Warning[203]: Found opcode in column 1. (MOVWF)
0059   0088           00124 MOVWF PORTD
                      00125 
                      00126 
Warning[203]: Found opcode in column 1. (MOVLW)
005A   3000           00127 MOVLW B'000000'
Warning[203]: Found opcode in column 1. (MOVWF)
005B   0085           00128 MOVWF PORTA
Warning[203]: Found opcode in column 1. (MOVF)
005C   0837           00129 MOVF DISPLAY2,W
Warning[203]: Found opcode in column 1. (MOVWF)
005D   0088           00130 MOVWF PORTD
                      00131 
Warning[203]: Found opcode in column 1. (MOVLW)
005E   3002           00132 MOVLW B'000010'
Warning[203]: Found opcode in column 1. (MOVWF)
005F   0085           00133 MOVWF PORTA
Warning[203]: Found opcode in column 1. (MOVF)
0060   0837           00134 MOVF DISPLAY2,W
Warning[203]: Found opcode in column 1. (MOVWF)
0061   0088           00135 MOVWF PORTD
                      00136 
Warning[203]: Found opcode in column 1. (MOVLW)
0062   3000           00137 MOVLW B'000000'
Warning[203]: Found opcode in column 1. (MOVWF)
0063   0085           00138 MOVWF PORTA
Warning[203]: Found opcode in column 1. (MOVF)
0064   0838           00139 MOVF DISPLAY3,W
Warning[203]: Found opcode in column 1. (MOVWF)
0065   0088           00140 MOVWF PORTD
                      00141 
Warning[203]: Found opcode in column 1. (MOVLW)
0066   3004           00142 MOVLW B'000100'
Warning[203]: Found opcode in column 1. (MOVWF)
0067   0085           00143 MOVWF PORTA
Warning[203]: Found opcode in column 1. (MOVF)
0068   0838           00144 MOVF DISPLAY3,W
MPASM  5.42                      UNTITLED.ASM   11-21-2011  11:03:50         PAGE  6


LOC  OBJECT CODE     LINE SOURCE TEXT
  VALUE

Warning[203]: Found opcode in column 1. (MOVWF)
0069   0088           00145 MOVWF PORTD
                      00146 
Warning[203]: Found opcode in column 1. (MOVLW)
006A   3000           00147 MOVLW B'000000'
Warning[203]: Found opcode in column 1. (MOVWF)
006B   0085           00148 MOVWF PORTA
Warning[203]: Found opcode in column 1. (MOVF)
006C   0839           00149 MOVF DISPLAY4,W
Warning[203]: Found opcode in column 1. (MOVWF)
006D   0088           00150 MOVWF PORTD
                      00151 
Warning[203]: Found opcode in column 1. (MOVLW)
006E   3008           00152 MOVLW B'001000'
Warning[203]: Found opcode in column 1. (MOVWF)
006F   0085           00153 MOVWF PORTA
Warning[203]: Found opcode in column 1. (MOVF)
0070   0839           00154 MOVF DISPLAY4,W
Warning[203]: Found opcode in column 1. (MOVWF)
0071   0088           00155 MOVWF PORTD
                      00156 
0072   2852           00157  GOTO DONGU
                      00158 
                      00159 
                      00160 
Warning[205]: Found directive in column 1. (END)
                      00161 END
MPASM  5.42                      UNTITLED.ASM   11-21-2011  11:03:50         PAGE  7


SYMBOL TABLE
  LABEL                             VALUE 

ACKDT                             00000005
ACKEN                             00000004
ACKSTAT                           00000006
ADCON0                            0000001F
ADCON1                            0000009F
ADCS0                             00000006
ADCS1                             00000007
ADCS2                             00000006
ADDEN                             00000003
ADFM                              00000007
ADIE                              00000006
ADIF                              00000006
ADON                              00000000
ADRESH                            0000001E
ADRESL                            0000009E
ANA_PROGRAM                       0000003F
BCLIE                             00000003
BCLIF                             00000003
BF                                00000000
BRGH                              00000002
C                                 00000000
C1INV                             00000004
C1OUT                             00000006
C2INV                             00000005
C2OUT                             00000007
CCP1CON                           00000017
CCP1IE                            00000002
CCP1IF                            00000002
CCP1M0                            00000000
CCP1M1                            00000001
CCP1M2                            00000002
CCP1M3                            00000003
CCP1X                             00000005
CCP1Y                             00000004
CCP2CON                           0000001D
CCP2IE                            00000000
CCP2IF                            00000000
CCP2M0                            00000000
CCP2M1                            00000001
CCP2M2                            00000002
CCP2M3                            00000003
CCP2X                             00000005
CCP2Y                             00000004
CCPR1                             00000015
CCPR1H                            00000016
CCPR1L                            00000015
CCPR2                             0000001B
CCPR2H                            0000001C
CCPR2L                            0000001B
CHS0                              00000003
CHS1                              00000004
CHS2                              00000005
CIS                               00000003
MPASM  5.42                      UNTITLED.ASM   11-21-2011  11:03:50         PAGE  8


SYMBOL TABLE
  LABEL                             VALUE 

CKE                               00000006
CKP                               00000004
CM0                               00000000
CM1                               00000001
CM2                               00000002
CMCON                             0000009C
CMIE                              00000006
CMIF                              00000006
CREN                              00000004
CSRC                              00000007
CVR0                              00000000
CVR1                              00000001
CVR2                              00000002
CVR3                              00000003
CVRCON                            0000009D
CVREN                             00000007
CVROE                             00000006
CVRR                              00000005
D                                 00000005
DATA_ADDRESS                      00000005
DC                                00000001
DEGER_AL                          00000025
DISPLAY1                          00000036
DISPLAY2                          00000037
DISPLAY3                          00000038
DISPLAY4                          00000039
DONGU                             00000052
D_A                               00000005
D_NOT_A                           00000005
EEADR                             0000010D
EEADRH                            0000010F
EECON1                            0000018C
EECON2                            0000018D
EEDATA                            0000010C
EEDATH                            0000010E
EEIE                              00000004
EEIF                              00000004
EEPGD                             00000007
F                                 00000001
FERR                              00000002
FSR                               00000004
GCEN                              00000007
GIE                               00000007
GO                                00000002
GO_DONE                           00000002
GO_NOT_DONE                       00000002
I2C_DATA                          00000005
I2C_READ                          00000002
I2C_START                         00000003
I2C_STOP                          00000004
IBF                               00000007
IBOV                              00000005
INDF                              00000000
MPASM  5.42                      UNTITLED.ASM   11-21-2011  11:03:50         PAGE  9


SYMBOL TABLE
  LABEL                             VALUE 

INTCON                            0000000B
INTE                              00000004
INTEDG                            00000006
INTF                              00000001
IRP                               00000007
KESME                             00000004
KESME_SONLANDIR                   0000003E
KONTROL                           00000040
NOT_A                             00000005
NOT_ADDRESS                       00000005
NOT_BO                            00000000
NOT_BOR                           00000000
NOT_DONE                          00000002
NOT_PD                            00000003
NOT_POR                           00000001
NOT_RBPU                          00000007
NOT_RC8                           00000006
NOT_T1SYNC                        00000002
NOT_TO                            00000004
NOT_TX8                           00000006
NOT_W                             00000002
NOT_WRITE                         00000002
OBF                               00000006
OERR                              00000001
OPTION_REG                        00000081
P                                 00000004
PCFG0                             00000000
PCFG1                             00000001
PCFG2                             00000002
PCFG3                             00000003
PCL                               00000002
PCLATH                            0000000A
PCON                              0000008E
PEIE                              00000006
PEN                               00000002
PIE1                              0000008C
PIE2                              0000008D
PIR1                              0000000C
PIR2                              0000000D
PORTA                             00000005
PORTB                             00000006
PORTC                             00000007
PORTD                             00000008
PORTE                             00000009
PR2                               00000092
PS0                               00000000
PS1                               00000001
PS2                               00000002
PSA                               00000003
PSPIE                             00000007
PSPIF                             00000007
PSPMODE                           00000004
R                                 00000002
MPASM  5.42                      UNTITLED.ASM   11-21-2011  11:03:50         PAGE 10


SYMBOL TABLE
  LABEL                             VALUE 

RA0                               00000000
RA1                               00000001
RA2                               00000002
RA3                               00000003
RA4                               00000004
RA5                               00000005
RB0                               00000000
RB1                               00000001
RB2                               00000002
RB3                               00000003
RB4                               00000004
RB5                               00000005
RB6                               00000006
RB7                               00000007
RBIE                              00000003
RBIF                              00000000
RC0                               00000000
RC1                               00000001
RC2                               00000002
RC3                               00000003
RC4                               00000004
RC5                               00000005
RC6                               00000006
RC7                               00000007
RC8_9                             00000006
RC9                               00000006
RCD8                              00000000
RCEN                              00000003
RCIE                              00000005
RCIF                              00000005
RCREG                             0000001A
RCSTA                             00000018
RD                                00000000
RD0                               00000000
RD1                               00000001
RD2                               00000002
RD3                               00000003
RD4                               00000004
RD5                               00000005
RD6                               00000006
RD7                               00000007
RE0                               00000000
RE1                               00000001
RE2                               00000002
READ_WRITE                        00000002
RP0                               00000005
RP1                               00000006
RSEN                              00000001
RX9                               00000006
RX9D                              00000000
R_NOT_W                           00000002
R_W                               00000002
S                                 00000003
MPASM  5.42                      UNTITLED.ASM   11-21-2011  11:03:50         PAGE 11


SYMBOL TABLE
  LABEL                             VALUE 

SAYAC1                            00000020
SAYAC2                            00000025
SAYAC3                            00000030
SAYAC4                            00000035
SEN                               00000000
SMP                               00000007
SPBRG                             00000099
SPEN                              00000007
SREN                              00000005
SSPADD                            00000093
SSPBUF                            00000013
SSPCON                            00000014
SSPCON2                           00000091
SSPEN                             00000005
SSPIE                             00000003
SSPIF                             00000003
SSPM0                             00000000
SSPM1                             00000001
SSPM2                             00000002
SSPM3                             00000003
SSPOV                             00000006
SSPSTAT                           00000094
STATUS                            00000003
SYNC                              00000004
T0CS                              00000005
T0IE                              00000005
T0IF                              00000002
T0SE                              00000004
T1CKPS0                           00000004
T1CKPS1                           00000005
T1CON                             00000010
T1INSYNC                          00000002
T1OSCEN                           00000003
T1SYNC                            00000002
T2CKPS0                           00000000
T2CKPS1                           00000001
T2CON                             00000012
TABLO                             00000032
TMR0                              00000001
TMR0IE                            00000005
TMR0IF                            00000002
TMR1CS                            00000001
TMR1H                             0000000F
TMR1IE                            00000000
TMR1IF                            00000000
TMR1L                             0000000E
TMR1ON                            00000000
TMR2                              00000011
TMR2IE                            00000001
TMR2IF                            00000001
TMR2ON                            00000002
TOUTPS0                           00000003
TOUTPS1                           00000004
MPASM  5.42                      UNTITLED.ASM   11-21-2011  11:03:50         PAGE 12


SYMBOL TABLE
  LABEL                             VALUE 

TOUTPS2                           00000005
TOUTPS3                           00000006
TRISA                             00000085
TRISA0                            00000000
TRISA1                            00000001
TRISA2                            00000002
TRISA3                            00000003
TRISA4                            00000004
TRISA5                            00000005
TRISB                             00000086
TRISB0                            00000000
TRISB1                            00000001
TRISB2                            00000002
TRISB3                            00000003
TRISB4                            00000004
TRISB5                            00000005
TRISB6                            00000006
TRISB7                            00000007
TRISC                             00000087
TRISC0                            00000000
TRISC1                            00000001
TRISC2                            00000002
TRISC3                            00000003
TRISC4                            00000004
TRISC5                            00000005
TRISC6                            00000006
TRISC7                            00000007
TRISD                             00000088
TRISD0                            00000000
TRISD1                            00000001
TRISD2                            00000002
TRISD3                            00000003
TRISD4                            00000004
TRISD5                            00000005
TRISD6                            00000006
TRISD7                            00000007
TRISE                             00000089
TRISE0                            00000000
TRISE1                            00000001
TRISE2                            00000002
TRMT                              00000001
TX8_9                             00000006
TX9                               00000006
TX9D                              00000000
TXD8                              00000000
TXEN                              00000005
TXIE                              00000004
TXIF                              00000004
TXREG                             00000019
TXSTA                             00000098
UA                                00000001
W                                 00000000
WCOL                              00000007
MPASM  5.42                      UNTITLED.ASM   11-21-2011  11:03:50         PAGE 13


SYMBOL TABLE
  LABEL                             VALUE 

WR                                00000001
WREN                              00000002
WRERR                             00000003
Z                                 00000002
_BODEN_OFF                        00003FBF
_BODEN_ON                         00003FFF
_CONFIG                           00002007
_CPD_OFF                          00003FFF
_CPD_ON                           00003EFF
_CP_ALL                           00001FFF
_CP_OFF                           00003FFF
_DEBUG_OFF                        00003FFF
_DEBUG_ON                         000037FF
_DEVID1                           00002006
_HS_OSC                           00003FFE
_IDLOC0                           00002000
_IDLOC1                           00002001
_IDLOC2                           00002002
_IDLOC3                           00002003
_LP_OSC                           00003FFC
_LVP_OFF                          00003F7F
_LVP_ON                           00003FFF
_PWRTE_OFF                        00003FFF
_PWRTE_ON                         00003FF7
_RC_OSC                           00003FFF
_WDT_OFF                          00003FFB
_WDT_ON                           00003FFF
_WRT_1FOURTH                      00003BFF
_WRT_256                          00003DFF
_WRT_HALF                         000039FF
_WRT_OFF                          00003FFF
_XT_OSC                           00003FFD
__16F877A                         00000001
__DEBUG                           1


MEMORY USAGE MAP ('X' = Used,  '-' = Unused)

0000 : X---XXXXXXXXXXXX XXXXXXXXXXXXXXXX XXXXXXXXXXXXXXXX XXXXXXXXXXXXXXXX
0040 : XXXXXXXXXXXXXXXX XXXXXXXXXXXXXXXX XXXXXXXXXXXXXXXX XXX-------------
2000 : -------X-------- ---------------- ---------------- ----------------

All other memory blocks unused.

Program Memory Words Used:   112
Program Memory Words Free:  8080


MPASM  5.42                      UNTITLED.ASM   11-21-2011  11:03:50         PAGE 14





Errors   :     0
Warnings :   118 reported,     0 suppressed
Messages :     4 reported,     0 suppressed

