Warning[205] C:\USERS\HP\DESKTOP\BUT\ILERI10\ILERI10.ASM 1 : Found directive in column 1. (list)
Warning[205] C:\USERS\HP\DESKTOP\BUT\ILERI10\ILERI10.ASM 2 : Found directive in column 1. (include)
Warning[205] C:\USERS\HP\DESKTOP\BUT\ILERI10\ILERI10.ASM 6 : Found directive in column 1. (ORG)
Warning[203] C:\USERS\HP\DESKTOP\BUT\ILERI10\ILERI10.ASM 7 : Found opcode in column 1. (GOTO)
Warning[205] C:\USERS\HP\DESKTOP\BUT\ILERI10\ILERI10.ASM 8 : Found directive in column 1. (ORG)
Warning[203] C:\USERS\HP\DESKTOP\BUT\ILERI10\ILERI10.ASM 10 : Found opcode in column 1. (RETFIE)
Warning[203] C:\USERS\HP\DESKTOP\BUT\ILERI10\ILERI10.ASM 12 : Found opcode in column 1. (ADDWF)
Warning[203] C:\USERS\HP\DESKTOP\BUT\ILERI10\ILERI10.ASM 13 : Found opcode in column 1. (RETLW)
Warning[203] C:\USERS\HP\DESKTOP\BUT\ILERI10\ILERI10.ASM 14 : Found opcode in column 1. (RETLW)
Warning[203] C:\USERS\HP\DESKTOP\BUT\ILERI10\ILERI10.ASM 15 : Found opcode in column 1. (RETLW)
Warning[203] C:\USERS\HP\DESKTOP\BUT\ILERI10\ILERI10.ASM 16 : Found opcode in column 1. (RETLW)
Warning[203] C:\USERS\HP\DESKTOP\BUT\ILERI10\ILERI10.ASM 17 : Found opcode in column 1. (RETLW)
Warning[203] C:\USERS\HP\DESKTOP\BUT\ILERI10\ILERI10.ASM 18 : Found opcode in column 1. (RETLW)
Warning[203] C:\USERS\HP\DESKTOP\BUT\ILERI10\ILERI10.ASM 19 : Found opcode in column 1. (RETLW)
Warning[203] C:\USERS\HP\DESKTOP\BUT\ILERI10\ILERI10.ASM 20 : Found opcode in column 1. (RETLW)
Warning[203] C:\USERS\HP\DESKTOP\BUT\ILERI10\ILERI10.ASM 21 : Found opcode in column 1. (RETLW)
Warning[203] C:\USERS\HP\DESKTOP\BUT\ILERI10\ILERI10.ASM 22 : Found opcode in column 1. (RETLW)
Warning[205] C:\USERS\HP\DESKTOP\BUT\ILERI10\ILERI10.ASM 26 : Found directive in column 1. (BANKSEL)
Warning[203] C:\USERS\HP\DESKTOP\BUT\ILERI10\ILERI10.ASM 27 : Found opcode in column 1. (CLRF)
Message[302] C:\USERS\HP\DESKTOP\BUT\ILERI10\ILERI10.ASM 27 : Register in operand not in bank 0.  Ensure that bank bits are correct.
Warning[205] C:\USERS\HP\DESKTOP\BUT\ILERI10\ILERI10.ASM 28 : Found directive in column 1. (BANKSEL)
Warning[203] C:\USERS\HP\DESKTOP\BUT\ILERI10\ILERI10.ASM 29 : Found opcode in column 1. (MOVLW)
Warning[203] C:\USERS\HP\DESKTOP\BUT\ILERI10\ILERI10.ASM 30 : Found opcode in column 1. (MOVWF)
Warning[205] C:\USERS\HP\DESKTOP\BUT\ILERI10\ILERI10.ASM 31 : Found directive in column 1. (BANKSEL)
Warning[203] C:\USERS\HP\DESKTOP\BUT\ILERI10\ILERI10.ASM 32 : Found opcode in column 1. (CLRF)
Warning[205] C:\USERS\HP\DESKTOP\BUT\ILERI10\ILERI10.ASM 33 : Found directive in column 1. (BANKSEL)
Warning[203] C:\USERS\HP\DESKTOP\BUT\ILERI10\ILERI10.ASM 34 : Found opcode in column 1. (CLRF)
Message[302] C:\USERS\HP\DESKTOP\BUT\ILERI10\ILERI10.ASM 34 : Register in operand not in bank 0.  Ensure that bank bits are correct.
Warning[205] C:\USERS\HP\DESKTOP\BUT\ILERI10\ILERI10.ASM 35 : Found directive in column 1. (BANKSEL)
Warning[203] C:\USERS\HP\DESKTOP\BUT\ILERI10\ILERI10.ASM 36 : Found opcode in column 1. (CLRF)
Warning[205] C:\USERS\HP\DESKTOP\BUT\ILERI10\ILERI10.ASM 38 : Found directive in column 1. (BANKSEL)
Warning[203] C:\USERS\HP\DESKTOP\BUT\ILERI10\ILERI10.ASM 39 : Found opcode in column 1. (MOVLW)
Warning[203] C:\USERS\HP\DESKTOP\BUT\ILERI10\ILERI10.ASM 40 : Found opcode in column 1. (MOVWF)
Warning[203] C:\USERS\HP\DESKTOP\BUT\ILERI10\ILERI10.ASM 41 : Found opcode in column 1. (MOVF)
Warning[203] C:\USERS\HP\DESKTOP\BUT\ILERI10\ILERI10.ASM 42 : Found opcode in column 1. (CALL)
Warning[203] C:\USERS\HP\DESKTOP\BUT\ILERI10\ILERI10.ASM 43 : Found opcode in column 1. (MOVWF)
Warning[203] C:\USERS\HP\DESKTOP\BUT\ILERI10\ILERI10.ASM 44 : Found opcode in column 1. (MOVWF)
Warning[203] C:\USERS\HP\DESKTOP\BUT\ILERI10\ILERI10.ASM 45 : Found opcode in column 1. (MOVWF)
Warning[203] C:\USERS\HP\DESKTOP\BUT\ILERI10\ILERI10.ASM 46 : Found opcode in column 1. (MOVWF)
Warning[203] C:\USERS\HP\DESKTOP\BUT\ILERI10\ILERI10.ASM 47 : Found opcode in column 1. (CALL)
Warning[203] C:\USERS\HP\DESKTOP\BUT\ILERI10\ILERI10.ASM 48 : Found opcode in column 1. (INCF)
Warning[203] C:\USERS\HP\DESKTOP\BUT\ILERI10\ILERI10.ASM 49 : Found opcode in column 1. (XORLW)
Warning[203] C:\USERS\HP\DESKTOP\BUT\ILERI10\ILERI10.ASM 50 : Found opcode in column 1. (BTFSS)
Warning[203] C:\USERS\HP\DESKTOP\BUT\ILERI10\ILERI10.ASM 51 : Found opcode in column 1. (GOTO)
Warning[203] C:\USERS\HP\DESKTOP\BUT\ILERI10\ILERI10.ASM 52 : Found opcode in column 1. (CLRF)
Warning[203] C:\USERS\HP\DESKTOP\BUT\ILERI10\ILERI10.ASM 53 : Found opcode in column 1. (GOTO)
Warning[203] C:\USERS\HP\DESKTOP\BUT\ILERI10\ILERI10.ASM 55 : Found opcode in column 1. (MOVLW)
Warning[203] C:\USERS\HP\DESKTOP\BUT\ILERI10\ILERI10.ASM 56 : Found opcode in column 1. (MOVWF)
Warning[203] C:\USERS\HP\DESKTOP\BUT\ILERI10\ILERI10.ASM 58 : Found opcode in column 1. (MOVLW)
Warning[203] C:\USERS\HP\DESKTOP\BUT\ILERI10\ILERI10.ASM 59 : Found opcode in column 1. (MOVWF)
Warning[203] C:\USERS\HP\DESKTOP\BUT\ILERI10\ILERI10.ASM 61 : Found opcode in column 1. (DECFSZ)
Warning[203] C:\USERS\HP\DESKTOP\BUT\ILERI10\ILERI10.ASM 62 : Found opcode in column 1. (GOTO)
Warning[203] C:\USERS\HP\DESKTOP\BUT\ILERI10\ILERI10.ASM 63 : Found opcode in column 1. (DECFSZ)
Warning[203] C:\USERS\HP\DESKTOP\BUT\ILERI10\ILERI10.ASM 64 : Found opcode in column 1. (GOTO)
Warning[203] C:\USERS\HP\DESKTOP\BUT\ILERI10\ILERI10.ASM 65 : Found opcode in column 1. (RETURN)
Warning[205] C:\USERS\HP\DESKTOP\BUT\ILERI10\ILERI10.ASM 66 : Found directive in column 1. (END)
