MPASM  5.35                        DENEY7.ASM   12-10-2012  21:27:33         PAGE  1


LOC  OBJECT CODE     LINE SOURCE TEXT
  VALUE

                      00001         list p=16F877A   
                      00002         include "p16F877A.inc"
                      00001         LIST
                      00002 ; P16F877A.INC  Standard Header File, Version 1.00    Microchip Technology, Inc.
                      00400         LIST
                      00003 
Warning[207]: Found label after column 1. (LCDVERI)
  00000024            00004         LCDVERI EQU H'24'
Warning[207]: Found label after column 1. (SAYAC1)
  00000025            00005         SAYAC1 EQU H'25'
Warning[207]: Found label after column 1. (SAYAC2)
  00000026            00006         SAYAC2 EQU H'26'
                      00007 
0000                  00008         ORG 0X00
0000   2832           00009         GOTO ANAPROGRAM
                      00010 
0004                  00011         ORG 0X04
0004   2851           00012         GOTO KESME
                      00013 
0005                  00014 KOMUTYAZ
0005   00A4           00015         MOVWF LCDVERI
0006   0E24           00016         SWAPF LCDVERI,W
0007   200B           00017         CALL KOMUTGONDER
0008   0824           00018         MOVF LCDVERI,W
0009   200B           00019         CALL KOMUTGONDER
000A   0008           00020         RETURN
                      00021 
000B                  00022 KOMUTGONDER
000B   390F           00023         ANDLW H'0F'
000C   0086           00024         MOVWF PORTB
000D   1283 1303      00025         BANKSEL PORTB 
000F   1206           00026         BCF PORTB,4
0010   1686           00027         BSF PORTB,5
0011   205B           00028         CALL GECIKME
0012   1286           00029         BCF PORTB,5
0013   0008           00030         RETURN
                      00031 
0014                  00032 KARAKTERYAZ
                      00033     
0014   00A4           00034         MOVWF LCDVERI
0015   0E24           00035         SWAPF LCDVERI,W
0016   201A           00036         CALL KARAKTERGONDER
0017   0824           00037         MOVF LCDVERI,W
0018   201A           00038         CALL KARAKTERGONDER
0019   0008           00039         RETURN
                      00040 
001A                  00041 KARAKTERGONDER
001A   390F           00042         ANDLW H'0F'
001B   0086           00043         MOVWF PORTB
001C   1283 1303      00044         BANKSEL PORTB 
001E   1606           00045         BSF PORTB,4
001F   1686           00046         BSF PORTB,5
0020   205B           00047         CALL GECIKME
MPASM  5.35                        DENEY7.ASM   12-10-2012  21:27:33         PAGE  2


LOC  OBJECT CODE     LINE SOURCE TEXT
  VALUE

0021   1286           00048         BCF PORTB,5
0022   0008           00049         RETURN
                      00050 
0023                  00051 LCDHAZIRLA
0023   3080           00052         movlw   h'80'
0024   2005           00053         call    KOMUTYAZ
0025   3002           00054         MOVLW   H'02'    ;1.satýr 1.sütun
0026   2005           00055         CALL    KOMUTYAZ
0027   300C           00056         MOVLW   H'0C'    ;1.satýr 1.sütun
0028   2005           00057         CALL    KOMUTYAZ
0029   3006           00058         movlw   h'06'
002A   2005           00059         call    KOMUTYAZ
002B   300E           00060         MOVLW   H'0E'     
002C   2005           00061         CALL    KOMUTYAZ
002D   3001           00062         MOVLW   H'01'     ;temizler
002E   2005           00063         CALL    KOMUTYAZ
002F   3028           00064         MOVLW   H'28'      ;4 bitlik alýnacaðýný belirtir
0030   2005           00065         CALL    KOMUTYAZ
0031   0008           00066         RETURN
                      00067 
                      00068 
0032                  00069 ANAPROGRAM
0032   1683 1303      00070         banksel TRISC
0034   3080           00071         movlw b'10000000'
Message[302]: Register in operand not in bank 0.  Ensure that bank bits are correct.
0035   0087           00072         movwf TRISC
0036   1683 1303      00073         banksel PIE1
Message[302]: Register in operand not in bank 0.  Ensure that bank bits are correct.
0038   168C           00074         bsf PIE1,RCIE
0039   1683 1303      00075         banksel TRISB
Message[302]: Register in operand not in bank 0.  Ensure that bank bits are correct.
003B   0186           00076         clrf TRISB
003C   30C0           00077         movlw b'11000000'
003D   008B           00078         movwf INTCON
003E   1683 1303      00079         banksel TXSTA
0040   3002           00080         movlw b'00000010'
Message[302]: Register in operand not in bank 0.  Ensure that bank bits are correct.
0041   0098           00081         movwf TXSTA
0042   1283 1303      00082         banksel RCSTA
0044   3098           00083         movlw b'10011000'
0045   0098           00084         movwf RCSTA
0046   1283 1303      00085         banksel RCREG
0048   019A           00086         clrf RCREG
0049   300C           00087         movlw d'12'
004A   1683 1303      00088         banksel SPBRG
Message[302]: Register in operand not in bank 0.  Ensure that bank bits are correct.
004C   0099           00089         movwf SPBRG
004D   1283 1303      00090         BANKSEL PORTB
004F   2023           00091         CALL LCDHAZIRLA
                      00092         
0050                  00093 DONGU 
0050   2850           00094         GOTO DONGU              
                      00095         
MPASM  5.35                        DENEY7.ASM   12-10-2012  21:27:33         PAGE  3


LOC  OBJECT CODE     LINE SOURCE TEXT
  VALUE

0051                  00096 KESME
0051   1283 1303      00097         banksel PIR1
0053   1E8C           00098         BTFSS PIR1,RCIF
0054   0009           00099         retfie
0055   128C           00100         bcf PIR1,RCIF
0056   1283 1303      00101         banksel RCREG
0058   081A           00102         movf RCREG,0
0059   2014           00103         call KARAKTERYAZ
005A   0009           00104         retfie
                      00105         
005B                  00106 GECIKME
005B   30FF           00107         movlw H'FF'
005C   00A5           00108         movwf SAYAC1
                      00109 
005D                  00110 DON
005D   30FF           00111         movlw H'FF'
005E   00A6           00112         movwf SAYAC2
                      00113 
005F                  00114 DON2
005F   0BA6           00115         DECFSZ SAYAC2,1
0060   285F           00116         GOTO DON2
0061   0BA5           00117         DECFSZ SAYAC1,1
0062   285D           00118         GOTO DON
0063   0008           00119         return  
                      00120         END
MPASM  5.35                        DENEY7.ASM   12-10-2012  21:27:33         PAGE  4


SYMBOL TABLE
  LABEL                             VALUE 

ACKDT                             00000005
ACKEN                             00000004
ACKSTAT                           00000006
ADCON0                            0000001F
ADCON1                            0000009F
ADCS0                             00000006
ADCS1                             00000007
ADCS2                             00000006
ADDEN                             00000003
ADFM                              00000007
ADIE                              00000006
ADIF                              00000006
ADON                              00000000
ADRESH                            0000001E
ADRESL                            0000009E
ANAPROGRAM                        00000032
BCLIE                             00000003
BCLIF                             00000003
BF                                00000000
BRGH                              00000002
C                                 00000000
C1INV                             00000004
C1OUT                             00000006
C2INV                             00000005
C2OUT                             00000007
CCP1CON                           00000017
CCP1IE                            00000002
CCP1IF                            00000002
CCP1M0                            00000000
CCP1M1                            00000001
CCP1M2                            00000002
CCP1M3                            00000003
CCP1X                             00000005
CCP1Y                             00000004
CCP2CON                           0000001D
CCP2IE                            00000000
CCP2IF                            00000000
CCP2M0                            00000000
CCP2M1                            00000001
CCP2M2                            00000002
CCP2M3                            00000003
CCP2X                             00000005
CCP2Y                             00000004
CCPR1H                            00000016
CCPR1L                            00000015
CCPR2H                            0000001C
CCPR2L                            0000001B
CHS0                              00000003
CHS1                              00000004
CHS2                              00000005
CIS                               00000003
CKE                               00000006
CKP                               00000004
MPASM  5.35                        DENEY7.ASM   12-10-2012  21:27:33         PAGE  5


SYMBOL TABLE
  LABEL                             VALUE 

CM0                               00000000
CM1                               00000001
CM2                               00000002
CMCON                             0000009C
CMIE                              00000006
CMIF                              00000006
CREN                              00000004
CSRC                              00000007
CVR0                              00000000
CVR1                              00000001
CVR2                              00000002
CVR3                              00000003
CVRCON                            0000009D
CVREN                             00000007
CVROE                             00000006
CVRR                              00000005
D                                 00000005
DATA_ADDRESS                      00000005
DC                                00000001
DON                               0000005D
DON2                              0000005F
DONGU                             00000050
D_A                               00000005
EEADR                             0000010D
EEADRH                            0000010F
EECON1                            0000018C
EECON2                            0000018D
EEDATA                            0000010C
EEDATH                            0000010E
EEIE                              00000004
EEIF                              00000004
EEPGD                             00000007
F                                 00000001
FERR                              00000002
FSR                               00000004
GCEN                              00000007
GECIKME                           0000005B
GIE                               00000007
GO                                00000002
GO_DONE                           00000002
I2C_DATA                          00000005
I2C_READ                          00000002
I2C_START                         00000003
I2C_STOP                          00000004
IBF                               00000007
IBOV                              00000005
INDF                              00000000
INTCON                            0000000B
INTE                              00000004
INTEDG                            00000006
INTF                              00000001
IRP                               00000007
KARAKTERGONDER                    0000001A
MPASM  5.35                        DENEY7.ASM   12-10-2012  21:27:33         PAGE  6


SYMBOL TABLE
  LABEL                             VALUE 

KARAKTERYAZ                       00000014
KESME                             00000051
KOMUTGONDER                       0000000B
KOMUTYAZ                          00000005
LCDHAZIRLA                        00000023
LCDVERI                           00000024
NOT_A                             00000005
NOT_ADDRESS                       00000005
NOT_BO                            00000000
NOT_BOR                           00000000
NOT_DONE                          00000002
NOT_PD                            00000003
NOT_POR                           00000001
NOT_RBPU                          00000007
NOT_RC8                           00000006
NOT_T1SYNC                        00000002
NOT_TO                            00000004
NOT_TX8                           00000006
NOT_W                             00000002
NOT_WRITE                         00000002
OBF                               00000006
OERR                              00000001
OPTION_REG                        00000081
P                                 00000004
PCFG0                             00000000
PCFG1                             00000001
PCFG2                             00000002
PCFG3                             00000003
PCL                               00000002
PCLATH                            0000000A
PCON                              0000008E
PEIE                              00000006
PEN                               00000002
PIE1                              0000008C
PIE2                              0000008D
PIR1                              0000000C
PIR2                              0000000D
PORTA                             00000005
PORTB                             00000006
PORTC                             00000007
PORTD                             00000008
PORTE                             00000009
PR2                               00000092
PS0                               00000000
PS1                               00000001
PS2                               00000002
PSA                               00000003
PSPIE                             00000007
PSPIF                             00000007
PSPMODE                           00000004
R                                 00000002
RBIE                              00000003
RBIF                              00000000
MPASM  5.35                        DENEY7.ASM   12-10-2012  21:27:33         PAGE  7


SYMBOL TABLE
  LABEL                             VALUE 

RC8_9                             00000006
RC9                               00000006
RCD8                              00000000
RCEN                              00000003
RCIE                              00000005
RCIF                              00000005
RCREG                             0000001A
RCSTA                             00000018
RD                                00000000
READ_WRITE                        00000002
RP0                               00000005
RP1                               00000006
RSEN                              00000001
RX9                               00000006
RX9D                              00000000
R_W                               00000002
S                                 00000003
SAYAC1                            00000025
SAYAC2                            00000026
SEN                               00000000
SMP                               00000007
SPBRG                             00000099
SPEN                              00000007
SREN                              00000005
SSPADD                            00000093
SSPBUF                            00000013
SSPCON                            00000014
SSPCON2                           00000091
SSPEN                             00000005
SSPIE                             00000003
SSPIF                             00000003
SSPM0                             00000000
SSPM1                             00000001
SSPM2                             00000002
SSPM3                             00000003
SSPOV                             00000006
SSPSTAT                           00000094
STATUS                            00000003
SYNC                              00000004
T0CS                              00000005
T0IE                              00000005
T0IF                              00000002
T0SE                              00000004
T1CKPS0                           00000004
T1CKPS1                           00000005
T1CON                             00000010
T1INSYNC                          00000002
T1OSCEN                           00000003
T1SYNC                            00000002
T2CKPS0                           00000000
T2CKPS1                           00000001
T2CON                             00000012
TMR0                              00000001
MPASM  5.35                        DENEY7.ASM   12-10-2012  21:27:33         PAGE  8


SYMBOL TABLE
  LABEL                             VALUE 

TMR0IE                            00000005
TMR0IF                            00000002
TMR1CS                            00000001
TMR1H                             0000000F
TMR1IE                            00000000
TMR1IF                            00000000
TMR1L                             0000000E
TMR1ON                            00000000
TMR2                              00000011
TMR2IE                            00000001
TMR2IF                            00000001
TMR2ON                            00000002
TOUTPS0                           00000003
TOUTPS1                           00000004
TOUTPS2                           00000005
TOUTPS3                           00000006
TRISA                             00000085
TRISB                             00000086
TRISC                             00000087
TRISD                             00000088
TRISE                             00000089
TRISE0                            00000000
TRISE1                            00000001
TRISE2                            00000002
TRMT                              00000001
TX8_9                             00000006
TX9                               00000006
TX9D                              00000000
TXD8                              00000000
TXEN                              00000005
TXIE                              00000004
TXIF                              00000004
TXREG                             00000019
TXSTA                             00000098
UA                                00000001
W                                 00000000
WCOL                              00000007
WR                                00000001
WREN                              00000002
WRERR                             00000003
Z                                 00000002
_BODEN_OFF                        00003FBF
_BODEN_ON                         00003FFF
_CPD_OFF                          00003FFF
_CPD_ON                           00003EFF
_CP_ALL                           00001FFF
_CP_OFF                           00003FFF
_DEBUG_OFF                        00003FFF
_DEBUG_ON                         000037FF
_HS_OSC                           00003FFE
_LP_OSC                           00003FFC
_LVP_OFF                          00003F7F
_LVP_ON                           00003FFF
MPASM  5.35                        DENEY7.ASM   12-10-2012  21:27:33         PAGE  9


SYMBOL TABLE
  LABEL                             VALUE 

_PWRTE_OFF                        00003FFF
_PWRTE_ON                         00003FF7
_RC_OSC                           00003FFF
_WDT_OFF                          00003FFB
_WDT_ON                           00003FFF
_WRT_1FOURTH                      00003BFF
_WRT_256                          00003DFF
_WRT_HALF                         000039FF
_WRT_OFF                          00003FFF
_XT_OSC                           00003FFD
__16F877A                         00000001
__DEBUG                           1


MEMORY USAGE MAP ('X' = Used,  '-' = Unused)

0000 : X---XXXXXXXXXXXX XXXXXXXXXXXXXXXX XXXXXXXXXXXXXXXX XXXXXXXXXXXXXXXX
0040 : XXXXXXXXXXXXXXXX XXXXXXXXXXXXXXXX XXXX------------ ----------------

All other memory blocks unused.

Program Memory Words Used:    97
Program Memory Words Free:  8095


Errors   :     0
Warnings :     3 reported,     0 suppressed
Messages :     5 reported,     0 suppressed

