Warning[205] C:\USERS\HP\DESKTOP\BUT\TMR1_99\TMR199.ASM 1 : Found directive in column 1. (list)
Warning[205] C:\USERS\HP\DESKTOP\BUT\TMR1_99\TMR199.ASM 2 : Found directive in column 1. (include)
Warning[205] C:\USERS\HP\DESKTOP\BUT\TMR1_99\TMR199.ASM 7 : Found directive in column 1. (ORG)
Warning[203] C:\USERS\HP\DESKTOP\BUT\TMR1_99\TMR199.ASM 8 : Found opcode in column 1. (GOTO)
Warning[203] C:\USERS\HP\DESKTOP\BUT\TMR1_99\TMR199.ASM 11 : Found opcode in column 1. (BTFSS)
Warning[203] C:\USERS\HP\DESKTOP\BUT\TMR1_99\TMR199.ASM 12 : Found opcode in column 1. (RETFIE)
Warning[203] C:\USERS\HP\DESKTOP\BUT\TMR1_99\TMR199.ASM 13 : Found opcode in column 1. (BCF)
Warning[203] C:\USERS\HP\DESKTOP\BUT\TMR1_99\TMR199.ASM 16 : Found opcode in column 1. (INCF)
Warning[203] C:\USERS\HP\DESKTOP\BUT\TMR1_99\TMR199.ASM 17 : Found opcode in column 1. (MOVF)
Warning[203] C:\USERS\HP\DESKTOP\BUT\TMR1_99\TMR199.ASM 18 : Found opcode in column 1. (XORLW)
Warning[203] C:\USERS\HP\DESKTOP\BUT\TMR1_99\TMR199.ASM 19 : Found opcode in column 1. (BTFSS)
Warning[203] C:\USERS\HP\DESKTOP\BUT\TMR1_99\TMR199.ASM 20 : Found opcode in column 1. (RETFIE)
Warning[203] C:\USERS\HP\DESKTOP\BUT\TMR1_99\TMR199.ASM 21 : Found opcode in column 1. (CLRF)
Warning[205] C:\USERS\HP\DESKTOP\BUT\TMR1_99\TMR199.ASM 22 : Found directive in column 1. (BANKSEL)
Warning[203] C:\USERS\HP\DESKTOP\BUT\TMR1_99\TMR199.ASM 23 : Found opcode in column 1. (INCF)
Warning[203] C:\USERS\HP\DESKTOP\BUT\TMR1_99\TMR199.ASM 24 : Found opcode in column 1. (MOVF)
Warning[203] C:\USERS\HP\DESKTOP\BUT\TMR1_99\TMR199.ASM 25 : Found opcode in column 1. (XORLW)
Warning[203] C:\USERS\HP\DESKTOP\BUT\TMR1_99\TMR199.ASM 26 : Found opcode in column 1. (BTFSS)
Warning[203] C:\USERS\HP\DESKTOP\BUT\TMR1_99\TMR199.ASM 27 : Found opcode in column 1. (RETFIE)
Warning[203] C:\USERS\HP\DESKTOP\BUT\TMR1_99\TMR199.ASM 28 : Found opcode in column 1. (CLRF)
Warning[203] C:\USERS\HP\DESKTOP\BUT\TMR1_99\TMR199.ASM 29 : Found opcode in column 1. (RETFIE)
Warning[203] C:\USERS\HP\DESKTOP\BUT\TMR1_99\TMR199.ASM 31 : Found opcode in column 1. (MOVLW)
Warning[203] C:\USERS\HP\DESKTOP\BUT\TMR1_99\TMR199.ASM 32 : Found opcode in column 1. (MOVWF)
Warning[203] C:\USERS\HP\DESKTOP\BUT\TMR1_99\TMR199.ASM 35 : Found opcode in column 1. (MOVLW)
Warning[203] C:\USERS\HP\DESKTOP\BUT\TMR1_99\TMR199.ASM 36 : Found opcode in column 1. (MOVWF)
Warning[203] C:\USERS\HP\DESKTOP\BUT\TMR1_99\TMR199.ASM 38 : Found opcode in column 1. (DECFSZ)
Warning[203] C:\USERS\HP\DESKTOP\BUT\TMR1_99\TMR199.ASM 39 : Found opcode in column 1. (GOTO)
Warning[203] C:\USERS\HP\DESKTOP\BUT\TMR1_99\TMR199.ASM 40 : Found opcode in column 1. (DECFSZ)
Warning[203] C:\USERS\HP\DESKTOP\BUT\TMR1_99\TMR199.ASM 41 : Found opcode in column 1. (GOTO)
Warning[203] C:\USERS\HP\DESKTOP\BUT\TMR1_99\TMR199.ASM 42 : Found opcode in column 1. (RETURN)
Warning[203] C:\USERS\HP\DESKTOP\BUT\TMR1_99\TMR199.ASM 44 : Found opcode in column 1. (ADDWF)
Warning[203] C:\USERS\HP\DESKTOP\BUT\TMR1_99\TMR199.ASM 45 : Found opcode in column 1. (RETLW)
Warning[203] C:\USERS\HP\DESKTOP\BUT\TMR1_99\TMR199.ASM 46 : Found opcode in column 1. (RETLW)
Warning[203] C:\USERS\HP\DESKTOP\BUT\TMR1_99\TMR199.ASM 47 : Found opcode in column 1. (RETLW)
Warning[203] C:\USERS\HP\DESKTOP\BUT\TMR1_99\TMR199.ASM 48 : Found opcode in column 1. (RETLW)
Warning[203] C:\USERS\HP\DESKTOP\BUT\TMR1_99\TMR199.ASM 49 : Found opcode in column 1. (RETLW)
Warning[203] C:\USERS\HP\DESKTOP\BUT\TMR1_99\TMR199.ASM 50 : Found opcode in column 1. (RETLW)
Warning[203] C:\USERS\HP\DESKTOP\BUT\TMR1_99\TMR199.ASM 51 : Found opcode in column 1. (RETLW)
Warning[203] C:\USERS\HP\DESKTOP\BUT\TMR1_99\TMR199.ASM 52 : Found opcode in column 1. (RETLW)
Warning[203] C:\USERS\HP\DESKTOP\BUT\TMR1_99\TMR199.ASM 53 : Found opcode in column 1. (RETLW)
Warning[203] C:\USERS\HP\DESKTOP\BUT\TMR1_99\TMR199.ASM 54 : Found opcode in column 1. (RETLW)
Warning[205] C:\USERS\HP\DESKTOP\BUT\TMR1_99\TMR199.ASM 57 : Found directive in column 1. (BANKSEL)
Warning[203] C:\USERS\HP\DESKTOP\BUT\TMR1_99\TMR199.ASM 58 : Found opcode in column 1. (CLRF)
Warning[203] C:\USERS\HP\DESKTOP\BUT\TMR1_99\TMR199.ASM 59 : Found opcode in column 1. (CLRF)
Warning[203] C:\USERS\HP\DESKTOP\BUT\TMR1_99\TMR199.ASM 60 : Found opcode in column 1. (CLRF)
Warning[203] C:\USERS\HP\DESKTOP\BUT\TMR1_99\TMR199.ASM 61 : Found opcode in column 1. (CLRF)
Warning[205] C:\USERS\HP\DESKTOP\BUT\TMR1_99\TMR199.ASM 62 : Found directive in column 1. (BANKSEL)
Warning[203] C:\USERS\HP\DESKTOP\BUT\TMR1_99\TMR199.ASM 63 : Found opcode in column 1. (CLRF)
Message[302] C:\USERS\HP\DESKTOP\BUT\TMR1_99\TMR199.ASM 63 : Register in operand not in bank 0.  Ensure that bank bits are correct.
Warning[205] C:\USERS\HP\DESKTOP\BUT\TMR1_99\TMR199.ASM 64 : Found directive in column 1. (BANKSEL)
Warning[203] C:\USERS\HP\DESKTOP\BUT\TMR1_99\TMR199.ASM 65 : Found opcode in column 1. (CLRF)
Message[302] C:\USERS\HP\DESKTOP\BUT\TMR1_99\TMR199.ASM 65 : Register in operand not in bank 0.  Ensure that bank bits are correct.
Warning[203] C:\USERS\HP\DESKTOP\BUT\TMR1_99\TMR199.ASM 66 : Found opcode in column 1. (MOVLW)
Warning[203] C:\USERS\HP\DESKTOP\BUT\TMR1_99\TMR199.ASM 67 : Found opcode in column 1. (MOVWF)
Message[302] C:\USERS\HP\DESKTOP\BUT\TMR1_99\TMR199.ASM 67 : Register in operand not in bank 0.  Ensure that bank bits are correct.
Warning[205] C:\USERS\HP\DESKTOP\BUT\TMR1_99\TMR199.ASM 68 : Found directive in column 1. (BANKSEL)
Warning[203] C:\USERS\HP\DESKTOP\BUT\TMR1_99\TMR199.ASM 69 : Found opcode in column 1. (MOVLW)
Warning[203] C:\USERS\HP\DESKTOP\BUT\TMR1_99\TMR199.ASM 70 : Found opcode in column 1. (MOVWF)
Warning[205] C:\USERS\HP\DESKTOP\BUT\TMR1_99\TMR199.ASM 71 : Found directive in column 1. (BANKSEL)
Warning[203] C:\USERS\HP\DESKTOP\BUT\TMR1_99\TMR199.ASM 72 : Found opcode in column 1. (CLRF)
Warning[205] C:\USERS\HP\DESKTOP\BUT\TMR1_99\TMR199.ASM 73 : Found directive in column 1. (BANKSEL)
Warning[203] C:\USERS\HP\DESKTOP\BUT\TMR1_99\TMR199.ASM 74 : Found opcode in column 1. (MOVLW)
Warning[203] C:\USERS\HP\DESKTOP\BUT\TMR1_99\TMR199.ASM 75 : Found opcode in column 1. (MOVWF)
Warning[205] C:\USERS\HP\DESKTOP\BUT\TMR1_99\TMR199.ASM 76 : Found directive in column 1. (BANKSEL)
Warning[203] C:\USERS\HP\DESKTOP\BUT\TMR1_99\TMR199.ASM 77 : Found opcode in column 1. (BSF)
Message[302] C:\USERS\HP\DESKTOP\BUT\TMR1_99\TMR199.ASM 77 : Register in operand not in bank 0.  Ensure that bank bits are correct.
Warning[205] C:\USERS\HP\DESKTOP\BUT\TMR1_99\TMR199.ASM 79 : Found directive in column 1. (BANKSEL)
Warning[203] C:\USERS\HP\DESKTOP\BUT\TMR1_99\TMR199.ASM 80 : Found opcode in column 1. (MOVLW)
Warning[203] C:\USERS\HP\DESKTOP\BUT\TMR1_99\TMR199.ASM 81 : Found opcode in column 1. (MOVWF)
Warning[203] C:\USERS\HP\DESKTOP\BUT\TMR1_99\TMR199.ASM 85 : Found opcode in column 1. (CALL)
Warning[203] C:\USERS\HP\DESKTOP\BUT\TMR1_99\TMR199.ASM 99 : Found opcode in column 1. (GOTO)
Warning[205] C:\USERS\HP\DESKTOP\BUT\TMR1_99\TMR199.ASM 101 : Found directive in column 1. (END)
