Warning[205] C:\USERS\HP\DESKTOP\BUT\TMR0ILEYKSNDR\YAK.ASM 1 : Found directive in column 1. (list)
Warning[205] C:\USERS\HP\DESKTOP\BUT\TMR0ILEYKSNDR\YAK.ASM 2 : Found directive in column 1. (include)
Warning[205] C:\USERS\HP\DESKTOP\BUT\TMR0ILEYKSNDR\YAK.ASM 4 : Found directive in column 1. (org)
Warning[203] C:\USERS\HP\DESKTOP\BUT\TMR0ILEYKSNDR\YAK.ASM 5 : Found opcode in column 1. (goto)
Warning[205] C:\USERS\HP\DESKTOP\BUT\TMR0ILEYKSNDR\YAK.ASM 6 : Found directive in column 1. (org)
Warning[207] C:\USERS\HP\DESKTOP\BUT\TMR0ILEYKSNDR\YAK.ASM 7 : Found label after column 1. (kesme)
Warning[203] C:\USERS\HP\DESKTOP\BUT\TMR0ILEYKSNDR\YAK.ASM 8 : Found opcode in column 1. (BTFSS)
Warning[203] C:\USERS\HP\DESKTOP\BUT\TMR0ILEYKSNDR\YAK.ASM 9 : Found opcode in column 1. (RETFIE)
Warning[203] C:\USERS\HP\DESKTOP\BUT\TMR0ILEYKSNDR\YAK.ASM 10 : Found opcode in column 1. (BCF)
Warning[205] C:\USERS\HP\DESKTOP\BUT\TMR0ILEYKSNDR\YAK.ASM 11 : Found directive in column 1. (BANKSEL)
Warning[203] C:\USERS\HP\DESKTOP\BUT\TMR0ILEYKSNDR\YAK.ASM 12 : Found opcode in column 1. (MOVLW)
Warning[203] C:\USERS\HP\DESKTOP\BUT\TMR0ILEYKSNDR\YAK.ASM 13 : Found opcode in column 1. (MOVWF)
Warning[203] C:\USERS\HP\DESKTOP\BUT\TMR0ILEYKSNDR\YAK.ASM 14 : Found opcode in column 1. (DECFSZ)
Warning[203] C:\USERS\HP\DESKTOP\BUT\TMR0ILEYKSNDR\YAK.ASM 15 : Found opcode in column 1. (RETFIE)
Warning[203] C:\USERS\HP\DESKTOP\BUT\TMR0ILEYKSNDR\YAK.ASM 16 : Found opcode in column 1. (RLF)
Warning[205] C:\USERS\HP\DESKTOP\BUT\TMR0ILEYKSNDR\YAK.ASM 17 : Found directive in column 1. (BANKSEL)
Warning[203] C:\USERS\HP\DESKTOP\BUT\TMR0ILEYKSNDR\YAK.ASM 18 : Found opcode in column 1. (MOVLW)
Warning[203] C:\USERS\HP\DESKTOP\BUT\TMR0ILEYKSNDR\YAK.ASM 19 : Found opcode in column 1. (MOVWF)
Warning[203] C:\USERS\HP\DESKTOP\BUT\TMR0ILEYKSNDR\YAK.ASM 20 : Found opcode in column 1. (RETFIE)
Warning[205] C:\USERS\HP\DESKTOP\BUT\TMR0ILEYKSNDR\YAK.ASM 23 : Found directive in column 1. (BANKSEL)
Warning[203] C:\USERS\HP\DESKTOP\BUT\TMR0ILEYKSNDR\YAK.ASM 24 : Found opcode in column 1. (CLRF)
Message[302] C:\USERS\HP\DESKTOP\BUT\TMR0ILEYKSNDR\YAK.ASM 24 : Register in operand not in bank 0.  Ensure that bank bits are correct.
Warning[205] C:\USERS\HP\DESKTOP\BUT\TMR0ILEYKSNDR\YAK.ASM 25 : Found directive in column 1. (BANKSEL)
Warning[203] C:\USERS\HP\DESKTOP\BUT\TMR0ILEYKSNDR\YAK.ASM 27 : Found opcode in column 1. (MOVLW)
Warning[203] C:\USERS\HP\DESKTOP\BUT\TMR0ILEYKSNDR\YAK.ASM 28 : Found opcode in column 1. (MOVWF)
Warning[205] C:\USERS\HP\DESKTOP\BUT\TMR0ILEYKSNDR\YAK.ASM 29 : Found directive in column 1. (BANKSEL)
Warning[203] C:\USERS\HP\DESKTOP\BUT\TMR0ILEYKSNDR\YAK.ASM 30 : Found opcode in column 1. (MOVLW)
Warning[203] C:\USERS\HP\DESKTOP\BUT\TMR0ILEYKSNDR\YAK.ASM 31 : Found opcode in column 1. (MOVWF)
Warning[205] C:\USERS\HP\DESKTOP\BUT\TMR0ILEYKSNDR\YAK.ASM 32 : Found directive in column 1. (BANKSEL)
Warning[203] C:\USERS\HP\DESKTOP\BUT\TMR0ILEYKSNDR\YAK.ASM 33 : Found opcode in column 1. (MOVLW)
Warning[203] C:\USERS\HP\DESKTOP\BUT\TMR0ILEYKSNDR\YAK.ASM 34 : Found opcode in column 1. (MOVWF)
Message[302] C:\USERS\HP\DESKTOP\BUT\TMR0ILEYKSNDR\YAK.ASM 34 : Register in operand not in bank 0.  Ensure that bank bits are correct.
Warning[205] C:\USERS\HP\DESKTOP\BUT\TMR0ILEYKSNDR\YAK.ASM 35 : Found directive in column 1. (BANKSEL)
Warning[203] C:\USERS\HP\DESKTOP\BUT\TMR0ILEYKSNDR\YAK.ASM 37 : Found opcode in column 1. (MOVWF)
Warning[205] C:\USERS\HP\DESKTOP\BUT\TMR0ILEYKSNDR\YAK.ASM 38 : Found directive in column 1. (BANKSEL)
Warning[203] C:\USERS\HP\DESKTOP\BUT\TMR0ILEYKSNDR\YAK.ASM 39 : Found opcode in column 1. (MOVLW)
Warning[203] C:\USERS\HP\DESKTOP\BUT\TMR0ILEYKSNDR\YAK.ASM 40 : Found opcode in column 1. (MOVWF)
Warning[203] C:\USERS\HP\DESKTOP\BUT\TMR0ILEYKSNDR\YAK.ASM 42 : Found opcode in column 1. (GOTO)
Warning[205] C:\USERS\HP\DESKTOP\BUT\TMR0ILEYKSNDR\YAK.ASM 43 : Found directive in column 1. (END)
