MPASM  5.37                       ODEV_7A.ASM   12-21-2010  4:25:04         PAGE  1


LOC  OBJECT CODE     LINE SOURCE TEXT
  VALUE

                      00001         list p=16F877A
                      00002         include "p16F877A.inc"  
                      00001         LIST
                      00002 ; P16F877A.INC  Standard Header File, Version 1.00    Microchip Technology, Inc.
                      00400         LIST
                      00003 
Warning[207]: Found label after column 1. (Sayac0)
  00000020            00004         Sayac0 equ 0x20                      ;Genel 
Warning[207]: Found label after column 1. (Sayac1)
  00000021            00005         Sayac1 equ 0x21                      ;Deðiþkenler
Warning[207]: Found label after column 1. (Sayac2)
  00000022            00006         Sayac2 equ 0x22                      ;Tanýmlandý.
Warning[207]: Found label after column 1. (Sayac_yazma_adres)
  00000023            00007         Sayac_yazma_adres equ 0x23
0000                  00008         ORG     0                       
0000   018A           00009         clrf    PCLATH                  
0001   2854           00010         goto    ana_program             
0004                  00011         ORG     4       
                      00012 
0004                  00013 Kesme
0004   0009           00014         Retfie
                      00015 
0005                  00016 ADC_Oku
0005   1283 1303      00017         Banksel ADCON0                       ;ADCON0 için BANK0'a geç.
0007   151F           00018         bsf     ADCON0, 2                        ;Dönüþümü baþlat.
0008   3001           00019     movlw d'1'                                       
0009   2067           00020     call Delay                           
                      00021 
000A                  00022 ADC_j1
000A   191F           00023         btfsc   ADCON0, 2                    ;Dönüþtürme tamamlanana kadar bekle.
000B   280A           00024         goto    ADC_j1
000C   1683           00025         bsf STATUS,RP0                   
Message[302]: Register in operand not in bank 0.  Ensure that bank bits are correct.
000D   081E           00026         movf ADRESL,w                        ;En degersiz 8 biti workinge at.
000E   1283           00027         bcf STATUS,RP0                       
000F   0086           00028         movwf PORTB                          ;Onemsiz 8 biti PORTB de Goster. 
0010   081E           00029         movf ADRESH,w                        ;Degerli bitleri workinge at.
0011   0087           00030         movwf PORTC                          ;Onemli 2 biti PORTC de Goster.
                      00031 
0012   300F           00032         movlw d'15'                          ;Gecik.
0013   2067           00033         call Delay
                      00034 
0014   2025           00035         call Yazma_Ayari                     ;Yazma alt programýna dallan.
0015   2045           00036         call Okuma_Ayari                     ;Okuma alt programýna dallan.
0016   0FA3           00037         incfsz Sayac_yazma_adres,f           ;EEPROM dolana kadar bunu tekrarla.
0017   2805           00038         goto ADC_Oku 
                      00039  
0018                  00040 Sadece_Okuma                             ;EEPROM dolunca sadece okuma kýsmý.
0018   1283 1303      00041     Banksel PORTC                        
001A   1787           00042         bsf PORTC,7                          ;PORTC nin 7.bitini yak (Okuma var).
001B   300F           00043         movlw d'15'                          ;Gecik.
001C   2067           00044         call Delay                        
001D   2045           00045         call Okuma_Ayari                     ;Okuma alt programýna dallan.
MPASM  5.37                       ODEV_7A.ASM   12-21-2010  4:25:04         PAGE  2


LOC  OBJECT CODE     LINE SOURCE TEXT
  VALUE

001E   1283 1303      00046         Banksel PORTC
0020   1387           00047         bcf PORTC,7                          ;Okuma bitti Ledi Sondur.
0021   0FA3           00048         incfsz Sayac_yazma_adres,f           ;EEPROM daki tüm degerler okunana kadar tekrarla.
0022   2818           00049         goto Sadece_Okuma
                      00050  
0023                  00051 Sonsuzluk                                ;EEPROM daki tüm degerler donduyse sozsuz donguye gir.
0023   0000           00052         nop
0024   2823           00053         goto Sonsuzluk
                      00054 
0025                  00055 Yazma_Ayari
0025   0823           00056         movf Sayac_yazma_adres,w
0026   1283 1703      00057         banksel EEADR                                                            
Message[302]: Register in operand not in bank 0.  Ensure that bank bits are correct.
0028   008D           00058         movwf   EEADR                        ;Adres bilgisi yüklendi.
0029   1683 1303      00059         banksel ADRESL
Message[302]: Register in operand not in bank 0.  Ensure that bank bits are correct.
002B   081E           00060         movf ADRESL,w                                ;Adresl'yi oku.
002C   1283 1703      00061         banksel EEDATA
Message[302]: Register in operand not in bank 0.  Ensure that bank bits are correct.
002E   008C           00062         movwf   EEDATA                       ;EEDATA ya yani EEPROM a yazýlacak veri 
                      00063                                          ;ADC De dönüþtürülen en deðersiz 8 bit.
002F   1683 1703      00064         banksel EECON1                      
Message[302]: Register in operand not in bank 0.  Ensure that bank bits are correct.
0031   138C           00065         bcf     EECON1,EEPGD                     ;Veri belleðine eriþim izni.
0032   138B           00066         bcf     INTCON, GIE                      ;Genel kesmeler pasif. (Yazmada iþlem akýþý bozulmamalý
                            .)
Message[302]: Register in operand not in bank 0.  Ensure that bank bits are correct.
0033   150C           00067         bsf     EECON1, WREN                     ;Yazma etkinleþtirme bit’i set edildi.
0034   3055           00068         movlw   0x55                         ;Yazma için buradan itibaren 5 satýr aynen korunmalý.      
                                                        
Message[302]: Register in operand not in bank 0.  Ensure that bank bits are correct.
0035   008D           00069         movwf   EECON2
0036   30AA           00070         movlw   0xAA
Message[302]: Register in operand not in bank 0.  Ensure that bank bits are correct.
0037   008D           00071         movwf   EECON2
Message[302]: Register in operand not in bank 0.  Ensure that bank bits are correct.
0038   148C           00072         bsf     EECON1, WR                       ;Yaz komutu verildi.
                      00073         
0039   1283 1303      00074         Banksel PORTC                        
003B   1707           00075         bsf PORTC,6                          ;Yazma esnasýnda PORTC nin 6. Ledini yak.
003C   1683 1703      00076         Banksel EECON1
                      00077         
003E                  00078 dahili_ee_j1
Message[302]: Register in operand not in bank 0.  Ensure that bank bits are correct.
003E   188C           00079         btfsc   EECON1, WR                   ;Yazma iþlemi tamamlanana kadar bekle (WR=0 olana kadar).
003F   283E           00080         goto    dahili_ee_j1
Message[302]: Register in operand not in bank 0.  Ensure that bank bits are correct.
0040   110C           00081         bcf     EECON1, WREN                 ;Yazma izni kaldýrýldý.
                      00082 
0041   1283 1303      00083         Banksel PORTC
0043   1307           00084         bcf PORTC,6                          ;Yazma bittiyse PORTC nin 6. Ledini Sondur
                      00085 
0044   0008           00086         return
MPASM  5.37                       ODEV_7A.ASM   12-21-2010  4:25:04         PAGE  3


LOC  OBJECT CODE     LINE SOURCE TEXT
  VALUE

                      00087 
                      00088 
0045                  00089 Okuma_Ayari
0045   0823           00090         movf Sayac_yazma_adres,w
0046   1283 1703      00091         banksel EEADR                     
Message[302]: Register in operand not in bank 0.  Ensure that bank bits are correct.
0048   008D           00092         movwf   EEADR                        ;Adres bilgisi yüklendi.
0049   1683 1703      00093         banksel EECON1
Message[302]: Register in operand not in bank 0.  Ensure that bank bits are correct.
004B   138C           00094         bcf     EECON1,EEPGD                     ;Veri belleðine eriþim izni.
Message[302]: Register in operand not in bank 0.  Ensure that bank bits are correct.
004C   140C           00095         bsf     EECON1, RD                       ;EEPROM Okuma modunda.
004D   1283 1703      00096         banksel EEDATA
Message[302]: Register in operand not in bank 0.  Ensure that bank bits are correct.
004F   080C           00097         movf    EEDATA, W
0050   1283 1303      00098         banksel PORTD                        
0052   0088           00099         movwf   PORTD                        ;EEDATA daki deðer PORTD ye gönderiliyor.
0053   0008           00100         return
                      00101 
                      00102 
0054                  00103 ana_program
0054   30FF           00104         movlw   D'255'                               ;TRISA için yönlendirme bilgisÝ W'ye yükleniyor.
0055   1683 1303      00105         Banksel TRISA                        
Message[302]: Register in operand not in bank 0.  Ensure that bank bits are correct.
0057   0085           00106         movwf   TRISA                        ;PORTA giriþe yönlendirildi.
Message[302]: Register in operand not in bank 0.  Ensure that bank bits are correct.
0058   0186           00107         clrf    TRISB                        ;PORTB çýkýþa yönlendirildi.
Message[302]: Register in operand not in bank 0.  Ensure that bank bits are correct.
0059   0187           00108         clrf    TRISC                        ;PORTC çýkýþa yönlendirildi.
Message[302]: Register in operand not in bank 0.  Ensure that bank bits are correct.
005A   0188           00109         clrf    TRISD                        ;PORTD çýkýþa yönlendirildi.
005B   3080           00110         movlw   0x80
005C   1683           00111         bsf     STATUS, RP0                 
Message[302]: Register in operand not in bank 0.  Ensure that bank bits are correct.
005D   009F           00112         movwf   ADCON1                       ;ADCON1 Ayarlarý (Giriþler Analog, Dahili RC Osilatör)
005E   1283           00113         bcf     STATUS, RP0                  
005F   0186           00114         clrf    PORTB                        
0060   0188           00115         clrf    PORTD
0061   01A3           00116         clrf Sayac_yazma_adres
0062   30D1           00117         movlw   0xD1
0063   009F           00118         movwf   ADCON0                       ;ADCON0 Ayarlarý (AN2 Seciliyor, ADC Aç, Frekans Sec)
0064   3001           00119     movlw d'1'                                       
0065   2067           00120     call Delay                           
0066   2805           00121         goto    ADC_Oku                      ;ADC Baslat.
                      00122 
0067                  00123 Delay                                                    ;Gecikme Programý
0067   00A0           00124         movwf Sayac0                       
0068                  00125 Dongu1                                               
0068   3008           00126         movlw d'8'                                  
0069   00A1           00127         movwf Sayac1                        
006A                  00128 Dongu2                                         
006A   01A2           00129         clrf Sayac2                             
006B                  00130 Dongu3:                                     
MPASM  5.37                       ODEV_7A.ASM   12-21-2010  4:25:04         PAGE  4


LOC  OBJECT CODE     LINE SOURCE TEXT
  VALUE

006B   0FA2           00131         incfsz Sayac2,f                  
006C   286B           00132         goto Dongu3                               
006D   0BA1           00133         decfsz Sayac1,f                    
006E   286A           00134         goto Dongu2                            
006F   0BA0           00135         decfsz Sayac0,f                     
0070   2868           00136         goto Dongu1                           
0071   0008           00137         return                               
                      00138 
                      00139         END
MPASM  5.37                       ODEV_7A.ASM   12-21-2010  4:25:04         PAGE  5


SYMBOL TABLE
  LABEL                             VALUE 

ACKDT                             00000005
ACKEN                             00000004
ACKSTAT                           00000006
ADCON0                            0000001F
ADCON1                            0000009F
ADCS0                             00000006
ADCS1                             00000007
ADCS2                             00000006
ADC_Oku                           00000005
ADC_j1                            0000000A
ADDEN                             00000003
ADFM                              00000007
ADIE                              00000006
ADIF                              00000006
ADON                              00000000
ADRESH                            0000001E
ADRESL                            0000009E
BCLIE                             00000003
BCLIF                             00000003
BF                                00000000
BRGH                              00000002
C                                 00000000
C1INV                             00000004
C1OUT                             00000006
C2INV                             00000005
C2OUT                             00000007
CCP1CON                           00000017
CCP1IE                            00000002
CCP1IF                            00000002
CCP1M0                            00000000
CCP1M1                            00000001
CCP1M2                            00000002
CCP1M3                            00000003
CCP1X                             00000005
CCP1Y                             00000004
CCP2CON                           0000001D
CCP2IE                            00000000
CCP2IF                            00000000
CCP2M0                            00000000
CCP2M1                            00000001
CCP2M2                            00000002
CCP2M3                            00000003
CCP2X                             00000005
CCP2Y                             00000004
CCPR1H                            00000016
CCPR1L                            00000015
CCPR2H                            0000001C
CCPR2L                            0000001B
CHS0                              00000003
CHS1                              00000004
CHS2                              00000005
CIS                               00000003
CKE                               00000006
MPASM  5.37                       ODEV_7A.ASM   12-21-2010  4:25:04         PAGE  6


SYMBOL TABLE
  LABEL                             VALUE 

CKP                               00000004
CM0                               00000000
CM1                               00000001
CM2                               00000002
CMCON                             0000009C
CMIE                              00000006
CMIF                              00000006
CREN                              00000004
CSRC                              00000007
CVR0                              00000000
CVR1                              00000001
CVR2                              00000002
CVR3                              00000003
CVRCON                            0000009D
CVREN                             00000007
CVROE                             00000006
CVRR                              00000005
D                                 00000005
DATA_ADDRESS                      00000005
DC                                00000001
D_A                               00000005
Delay                             00000067
Dongu1                            00000068
Dongu2                            0000006A
Dongu3                            0000006B
EEADR                             0000010D
EEADRH                            0000010F
EECON1                            0000018C
EECON2                            0000018D
EEDATA                            0000010C
EEDATH                            0000010E
EEIE                              00000004
EEIF                              00000004
EEPGD                             00000007
F                                 00000001
FERR                              00000002
FSR                               00000004
GCEN                              00000007
GIE                               00000007
GO                                00000002
GO_DONE                           00000002
I2C_DATA                          00000005
I2C_READ                          00000002
I2C_START                         00000003
I2C_STOP                          00000004
IBF                               00000007
IBOV                              00000005
INDF                              00000000
INTCON                            0000000B
INTE                              00000004
INTEDG                            00000006
INTF                              00000001
IRP                               00000007
MPASM  5.37                       ODEV_7A.ASM   12-21-2010  4:25:04         PAGE  7


SYMBOL TABLE
  LABEL                             VALUE 

Kesme                             00000004
NOT_A                             00000005
NOT_ADDRESS                       00000005
NOT_BO                            00000000
NOT_BOR                           00000000
NOT_DONE                          00000002
NOT_PD                            00000003
NOT_POR                           00000001
NOT_RBPU                          00000007
NOT_RC8                           00000006
NOT_T1SYNC                        00000002
NOT_TO                            00000004
NOT_TX8                           00000006
NOT_W                             00000002
NOT_WRITE                         00000002
OBF                               00000006
OERR                              00000001
OPTION_REG                        00000081
Okuma_Ayari                       00000045
P                                 00000004
PCFG0                             00000000
PCFG1                             00000001
PCFG2                             00000002
PCFG3                             00000003
PCL                               00000002
PCLATH                            0000000A
PCON                              0000008E
PEIE                              00000006
PEN                               00000002
PIE1                              0000008C
PIE2                              0000008D
PIR1                              0000000C
PIR2                              0000000D
PORTA                             00000005
PORTB                             00000006
PORTC                             00000007
PORTD                             00000008
PORTE                             00000009
PR2                               00000092
PS0                               00000000
PS1                               00000001
PS2                               00000002
PSA                               00000003
PSPIE                             00000007
PSPIF                             00000007
PSPMODE                           00000004
R                                 00000002
RBIE                              00000003
RBIF                              00000000
RC8_9                             00000006
RC9                               00000006
RCD8                              00000000
RCEN                              00000003
MPASM  5.37                       ODEV_7A.ASM   12-21-2010  4:25:04         PAGE  8


SYMBOL TABLE
  LABEL                             VALUE 

RCIE                              00000005
RCIF                              00000005
RCREG                             0000001A
RCSTA                             00000018
RD                                00000000
READ_WRITE                        00000002
RP0                               00000005
RP1                               00000006
RSEN                              00000001
RX9                               00000006
RX9D                              00000000
R_W                               00000002
S                                 00000003
SEN                               00000000
SMP                               00000007
SPBRG                             00000099
SPEN                              00000007
SREN                              00000005
SSPADD                            00000093
SSPBUF                            00000013
SSPCON                            00000014
SSPCON2                           00000091
SSPEN                             00000005
SSPIE                             00000003
SSPIF                             00000003
SSPM0                             00000000
SSPM1                             00000001
SSPM2                             00000002
SSPM3                             00000003
SSPOV                             00000006
SSPSTAT                           00000094
STATUS                            00000003
SYNC                              00000004
Sadece_Okuma                      00000018
Sayac0                            00000020
Sayac1                            00000021
Sayac2                            00000022
Sayac_yazma_adres                 00000023
Sonsuzluk                         00000023
T0CS                              00000005
T0IE                              00000005
T0IF                              00000002
T0SE                              00000004
T1CKPS0                           00000004
T1CKPS1                           00000005
T1CON                             00000010
T1INSYNC                          00000002
T1OSCEN                           00000003
T1SYNC                            00000002
T2CKPS0                           00000000
T2CKPS1                           00000001
T2CON                             00000012
TMR0                              00000001
MPASM  5.37                       ODEV_7A.ASM   12-21-2010  4:25:04         PAGE  9


SYMBOL TABLE
  LABEL                             VALUE 

TMR0IE                            00000005
TMR0IF                            00000002
TMR1CS                            00000001
TMR1H                             0000000F
TMR1IE                            00000000
TMR1IF                            00000000
TMR1L                             0000000E
TMR1ON                            00000000
TMR2                              00000011
TMR2IE                            00000001
TMR2IF                            00000001
TMR2ON                            00000002
TOUTPS0                           00000003
TOUTPS1                           00000004
TOUTPS2                           00000005
TOUTPS3                           00000006
TRISA                             00000085
TRISB                             00000086
TRISC                             00000087
TRISD                             00000088
TRISE                             00000089
TRISE0                            00000000
TRISE1                            00000001
TRISE2                            00000002
TRMT                              00000001
TX8_9                             00000006
TX9                               00000006
TX9D                              00000000
TXD8                              00000000
TXEN                              00000005
TXIE                              00000004
TXIF                              00000004
TXREG                             00000019
TXSTA                             00000098
UA                                00000001
W                                 00000000
WCOL                              00000007
WR                                00000001
WREN                              00000002
WRERR                             00000003
Yazma_Ayari                       00000025
Z                                 00000002
_BODEN_OFF                        00003FBF
_BODEN_ON                         00003FFF
_CPD_OFF                          00003FFF
_CPD_ON                           00003EFF
_CP_ALL                           00001FFF
_CP_OFF                           00003FFF
_DEBUG_OFF                        00003FFF
_DEBUG_ON                         000037FF
_HS_OSC                           00003FFE
_LP_OSC                           00003FFC
_LVP_OFF                          00003F7F
MPASM  5.37                       ODEV_7A.ASM   12-21-2010  4:25:04         PAGE 10


SYMBOL TABLE
  LABEL                             VALUE 

_LVP_ON                           00003FFF
_PWRTE_OFF                        00003FFF
_PWRTE_ON                         00003FF7
_RC_OSC                           00003FFF
_WDT_OFF                          00003FFB
_WDT_ON                           00003FFF
_WRT_1FOURTH                      00003BFF
_WRT_256                          00003DFF
_WRT_HALF                         000039FF
_WRT_OFF                          00003FFF
_XT_OSC                           00003FFD
__16F877A                         00000001
__DEBUG                           1
ana_program                       00000054
dahili_ee_j1                      0000003E


MEMORY USAGE MAP ('X' = Used,  '-' = Unused)

0000 : XX--XXXXXXXXXXXX XXXXXXXXXXXXXXXX XXXXXXXXXXXXXXXX XXXXXXXXXXXXXXXX
0040 : XXXXXXXXXXXXXXXX XXXXXXXXXXXXXXXX XXXXXXXXXXXXXXXX XX--------------

All other memory blocks unused.

Program Memory Words Used:   112
Program Memory Words Free:  8080


Errors   :     0
Warnings :     4 reported,     0 suppressed
Messages :    20 reported,     0 suppressed

