Warning[205] C:\USERS\HP\DESKTOP\DENEME\MFA.ASM 1 : Found directive in column 1. (LIST)
Warning[205] C:\USERS\HP\DESKTOP\DENEME\MFA.ASM 3 : Found directive in column 1. (__CONFIG)
Warning[205] C:\USERS\HP\DESKTOP\DENEME\MFA.ASM 4 : Found directive in column 1. (ORG)
Warning[203] C:\USERS\HP\DESKTOP\DENEME\MFA.ASM 5 : Found opcode in column 1. (GOTO)
Warning[205] C:\USERS\HP\DESKTOP\DENEME\MFA.ASM 6 : Found directive in column 1. (ORG)
Warning[203] C:\USERS\HP\DESKTOP\DENEME\MFA.ASM 8 : Found opcode in column 1. (BTFSS)
Warning[203] C:\USERS\HP\DESKTOP\DENEME\MFA.ASM 9 : Found opcode in column 1. (GOTO)
Warning[203] C:\USERS\HP\DESKTOP\DENEME\MFA.ASM 10 : Found opcode in column 1. (BCF)
Warning[203] C:\USERS\HP\DESKTOP\DENEME\MFA.ASM 11 : Found opcode in column 1. (BTFSC)
Warning[203] C:\USERS\HP\DESKTOP\DENEME\MFA.ASM 12 : Found opcode in column 1. (GOTO)
Warning[203] C:\USERS\HP\DESKTOP\DENEME\MFA.ASM 13 : Found opcode in column 1. (BTFSC)
Warning[203] C:\USERS\HP\DESKTOP\DENEME\MFA.ASM 14 : Found opcode in column 1. (GOTO)
Warning[203] C:\USERS\HP\DESKTOP\DENEME\MFA.ASM 15 : Found opcode in column 1. (BTFSC)
Warning[203] C:\USERS\HP\DESKTOP\DENEME\MFA.ASM 16 : Found opcode in column 1. (GOTO)
Warning[203] C:\USERS\HP\DESKTOP\DENEME\MFA.ASM 17 : Found opcode in column 1. (BTFSC)
Warning[203] C:\USERS\HP\DESKTOP\DENEME\MFA.ASM 18 : Found opcode in column 1. (GOTO)
Warning[203] C:\USERS\HP\DESKTOP\DENEME\MFA.ASM 20 : Found opcode in column 1. (BCF)
Warning[203] C:\USERS\HP\DESKTOP\DENEME\MFA.ASM 21 : Found opcode in column 1. (RETFIE)
Warning[203] C:\USERS\HP\DESKTOP\DENEME\MFA.ASM 23 : Found opcode in column 1. (BSF)
Warning[203] C:\USERS\HP\DESKTOP\DENEME\MFA.ASM 24 : Found opcode in column 1. (BSF)
Warning[203] C:\USERS\HP\DESKTOP\DENEME\MFA.ASM 25 : Found opcode in column 1. (GOTO)
Warning[203] C:\USERS\HP\DESKTOP\DENEME\MFA.ASM 27 : Found opcode in column 1. (BSF)
Warning[203] C:\USERS\HP\DESKTOP\DENEME\MFA.ASM 28 : Found opcode in column 1. (BSF)
Warning[203] C:\USERS\HP\DESKTOP\DENEME\MFA.ASM 29 : Found opcode in column 1. (GOTO)
Warning[203] C:\USERS\HP\DESKTOP\DENEME\MFA.ASM 31 : Found opcode in column 1. (BSF)
Warning[203] C:\USERS\HP\DESKTOP\DENEME\MFA.ASM 32 : Found opcode in column 1. (BSF)
Warning[203] C:\USERS\HP\DESKTOP\DENEME\MFA.ASM 33 : Found opcode in column 1. (GOTO)
Warning[203] C:\USERS\HP\DESKTOP\DENEME\MFA.ASM 35 : Found opcode in column 1. (CLRF)
Warning[203] C:\USERS\HP\DESKTOP\DENEME\MFA.ASM 36 : Found opcode in column 1. (BCF)
Warning[203] C:\USERS\HP\DESKTOP\DENEME\MFA.ASM 37 : Found opcode in column 1. (BCF)
Warning[203] C:\USERS\HP\DESKTOP\DENEME\MFA.ASM 38 : Found opcode in column 1. (BCF)
Warning[203] C:\USERS\HP\DESKTOP\DENEME\MFA.ASM 39 : Found opcode in column 1. (GOTO)
Warning[203] C:\USERS\HP\DESKTOP\DENEME\MFA.ASM 41 : Found opcode in column 1. (BSF)
Warning[203] C:\USERS\HP\DESKTOP\DENEME\MFA.ASM 42 : Found opcode in column 1. (MOVLW)
Warning[203] C:\USERS\HP\DESKTOP\DENEME\MFA.ASM 43 : Found opcode in column 1. (MOVWF)
Message[302] C:\USERS\HP\DESKTOP\DENEME\MFA.ASM 43 : Register in operand not in bank 0.  Ensure that bank bits are correct.
Warning[203] C:\USERS\HP\DESKTOP\DENEME\MFA.ASM 44 : Found opcode in column 1. (BSF)
Message[302] C:\USERS\HP\DESKTOP\DENEME\MFA.ASM 44 : Register in operand not in bank 0.  Ensure that bank bits are correct.
Warning[203] C:\USERS\HP\DESKTOP\DENEME\MFA.ASM 45 : Found opcode in column 1. (MOVLW)
Warning[203] C:\USERS\HP\DESKTOP\DENEME\MFA.ASM 46 : Found opcode in column 1. (MOVWF)
Warning[203] C:\USERS\HP\DESKTOP\DENEME\MFA.ASM 47 : Found opcode in column 1. (CLRF)
Message[302] C:\USERS\HP\DESKTOP\DENEME\MFA.ASM 47 : Register in operand not in bank 0.  Ensure that bank bits are correct.
Warning[203] C:\USERS\HP\DESKTOP\DENEME\MFA.ASM 48 : Found opcode in column 1. (BCF)
Warning[203] C:\USERS\HP\DESKTOP\DENEME\MFA.ASM 49 : Found opcode in column 1. (CLRF)
Warning[205] C:\USERS\HP\DESKTOP\DENEME\MFA.ASM 52 : Found directive in column 1. (END)
