Warning[205] C:\USERS\ULUZMAN\DESKTOP\MIKROPROJE\RB7654\BUTON.ASM 1 : Found directive in column 1. (list)
Warning[205] C:\USERS\ULUZMAN\DESKTOP\MIKROPROJE\RB7654\BUTON.ASM 11 : Found directive in column 1. (ORG)
Warning[203] C:\USERS\ULUZMAN\DESKTOP\MIKROPROJE\RB7654\BUTON.ASM 12 : Found opcode in column 1. (GOTO)
Warning[205] C:\USERS\ULUZMAN\DESKTOP\MIKROPROJE\RB7654\BUTON.ASM 13 : Found directive in column 1. (ORG)
Warning[203] C:\USERS\ULUZMAN\DESKTOP\MIKROPROJE\RB7654\BUTON.ASM 16 : Found opcode in column 1. (BTFSS)
Warning[203] C:\USERS\ULUZMAN\DESKTOP\MIKROPROJE\RB7654\BUTON.ASM 17 : Found opcode in column 1. (GOTO)
Warning[203] C:\USERS\ULUZMAN\DESKTOP\MIKROPROJE\RB7654\BUTON.ASM 18 : Found opcode in column 1. (BCF)
Warning[203] C:\USERS\ULUZMAN\DESKTOP\MIKROPROJE\RB7654\BUTON.ASM 19 : Found opcode in column 1. (BTFSC)
Warning[203] C:\USERS\ULUZMAN\DESKTOP\MIKROPROJE\RB7654\BUTON.ASM 20 : Found opcode in column 1. (GOTO)
Warning[203] C:\USERS\ULUZMAN\DESKTOP\MIKROPROJE\RB7654\BUTON.ASM 21 : Found opcode in column 1. (BTFSC)
Warning[203] C:\USERS\ULUZMAN\DESKTOP\MIKROPROJE\RB7654\BUTON.ASM 22 : Found opcode in column 1. (GOTO)
Warning[203] C:\USERS\ULUZMAN\DESKTOP\MIKROPROJE\RB7654\BUTON.ASM 23 : Found opcode in column 1. (BTFSC)
Warning[203] C:\USERS\ULUZMAN\DESKTOP\MIKROPROJE\RB7654\BUTON.ASM 24 : Found opcode in column 1. (GOTO)
Warning[203] C:\USERS\ULUZMAN\DESKTOP\MIKROPROJE\RB7654\BUTON.ASM 25 : Found opcode in column 1. (BTFSC)
Warning[203] C:\USERS\ULUZMAN\DESKTOP\MIKROPROJE\RB7654\BUTON.ASM 26 : Found opcode in column 1. (GOTO)
Warning[203] C:\USERS\ULUZMAN\DESKTOP\MIKROPROJE\RB7654\BUTON.ASM 27 : Found opcode in column 1. (GOTO)
Warning[203] C:\USERS\ULUZMAN\DESKTOP\MIKROPROJE\RB7654\BUTON.ASM 30 : Found opcode in column 1. (BCF)
Warning[203] C:\USERS\ULUZMAN\DESKTOP\MIKROPROJE\RB7654\BUTON.ASM 31 : Found opcode in column 1. (INCF)
Warning[203] C:\USERS\ULUZMAN\DESKTOP\MIKROPROJE\RB7654\BUTON.ASM 32 : Found opcode in column 1. (CALL)
Warning[203] C:\USERS\ULUZMAN\DESKTOP\MIKROPROJE\RB7654\BUTON.ASM 33 : Found opcode in column 1. (MOVWF)
Warning[203] C:\USERS\ULUZMAN\DESKTOP\MIKROPROJE\RB7654\BUTON.ASM 34 : Found opcode in column 1. (INCF)
Warning[203] C:\USERS\ULUZMAN\DESKTOP\MIKROPROJE\RB7654\BUTON.ASM 35 : Found opcode in column 1. (MOVLW)
Warning[203] C:\USERS\ULUZMAN\DESKTOP\MIKROPROJE\RB7654\BUTON.ASM 36 : Found opcode in column 1. (SUBWF)
Warning[203] C:\USERS\ULUZMAN\DESKTOP\MIKROPROJE\RB7654\BUTON.ASM 37 : Found opcode in column 1. (BTFSS)
Warning[203] C:\USERS\ULUZMAN\DESKTOP\MIKROPROJE\RB7654\BUTON.ASM 38 : Found opcode in column 1. (GOTO)
Warning[203] C:\USERS\ULUZMAN\DESKTOP\MIKROPROJE\RB7654\BUTON.ASM 39 : Found opcode in column 1. (CLRF)
Warning[203] C:\USERS\ULUZMAN\DESKTOP\MIKROPROJE\RB7654\BUTON.ASM 40 : Found opcode in column 1. (GOTO)
Warning[203] C:\USERS\ULUZMAN\DESKTOP\MIKROPROJE\RB7654\BUTON.ASM 44 : Found opcode in column 1. (BCF)
Warning[203] C:\USERS\ULUZMAN\DESKTOP\MIKROPROJE\RB7654\BUTON.ASM 46 : Found opcode in column 1. (INCF)
Warning[203] C:\USERS\ULUZMAN\DESKTOP\MIKROPROJE\RB7654\BUTON.ASM 47 : Found opcode in column 1. (CALL)
Warning[203] C:\USERS\ULUZMAN\DESKTOP\MIKROPROJE\RB7654\BUTON.ASM 48 : Found opcode in column 1. (MOVWF)
Warning[203] C:\USERS\ULUZMAN\DESKTOP\MIKROPROJE\RB7654\BUTON.ASM 49 : Found opcode in column 1. (INCF)
Warning[203] C:\USERS\ULUZMAN\DESKTOP\MIKROPROJE\RB7654\BUTON.ASM 50 : Found opcode in column 1. (MOVLW)
Warning[203] C:\USERS\ULUZMAN\DESKTOP\MIKROPROJE\RB7654\BUTON.ASM 51 : Found opcode in column 1. (SUBWF)
Warning[203] C:\USERS\ULUZMAN\DESKTOP\MIKROPROJE\RB7654\BUTON.ASM 52 : Found opcode in column 1. (BTFSS)
Warning[203] C:\USERS\ULUZMAN\DESKTOP\MIKROPROJE\RB7654\BUTON.ASM 53 : Found opcode in column 1. (GOTO)
Warning[203] C:\USERS\ULUZMAN\DESKTOP\MIKROPROJE\RB7654\BUTON.ASM 54 : Found opcode in column 1. (CLRF)
Warning[203] C:\USERS\ULUZMAN\DESKTOP\MIKROPROJE\RB7654\BUTON.ASM 55 : Found opcode in column 1. (GOTO)
Warning[203] C:\USERS\ULUZMAN\DESKTOP\MIKROPROJE\RB7654\BUTON.ASM 58 : Found opcode in column 1. (BCF)
Warning[203] C:\USERS\ULUZMAN\DESKTOP\MIKROPROJE\RB7654\BUTON.ASM 60 : Found opcode in column 1. (INCF)
Warning[203] C:\USERS\ULUZMAN\DESKTOP\MIKROPROJE\RB7654\BUTON.ASM 61 : Found opcode in column 1. (CALL)
Warning[203] C:\USERS\ULUZMAN\DESKTOP\MIKROPROJE\RB7654\BUTON.ASM 62 : Found opcode in column 1. (MOVWF)
Warning[203] C:\USERS\ULUZMAN\DESKTOP\MIKROPROJE\RB7654\BUTON.ASM 63 : Found opcode in column 1. (INCF)
Warning[203] C:\USERS\ULUZMAN\DESKTOP\MIKROPROJE\RB7654\BUTON.ASM 64 : Found opcode in column 1. (MOVLW)
Warning[203] C:\USERS\ULUZMAN\DESKTOP\MIKROPROJE\RB7654\BUTON.ASM 65 : Found opcode in column 1. (SUBWF)
Warning[203] C:\USERS\ULUZMAN\DESKTOP\MIKROPROJE\RB7654\BUTON.ASM 66 : Found opcode in column 1. (BTFSS)
Warning[203] C:\USERS\ULUZMAN\DESKTOP\MIKROPROJE\RB7654\BUTON.ASM 67 : Found opcode in column 1. (GOTO)
Warning[203] C:\USERS\ULUZMAN\DESKTOP\MIKROPROJE\RB7654\BUTON.ASM 68 : Found opcode in column 1. (CLRF)
Warning[203] C:\USERS\ULUZMAN\DESKTOP\MIKROPROJE\RB7654\BUTON.ASM 69 : Found opcode in column 1. (GOTO)
Warning[203] C:\USERS\ULUZMAN\DESKTOP\MIKROPROJE\RB7654\BUTON.ASM 72 : Found opcode in column 1. (BCF)
Warning[203] C:\USERS\ULUZMAN\DESKTOP\MIKROPROJE\RB7654\BUTON.ASM 74 : Found opcode in column 1. (INCF)
Warning[203] C:\USERS\ULUZMAN\DESKTOP\MIKROPROJE\RB7654\BUTON.ASM 75 : Found opcode in column 1. (CALL)
Warning[203] C:\USERS\ULUZMAN\DESKTOP\MIKROPROJE\RB7654\BUTON.ASM 76 : Found opcode in column 1. (MOVWF)
Warning[203] C:\USERS\ULUZMAN\DESKTOP\MIKROPROJE\RB7654\BUTON.ASM 77 : Found opcode in column 1. (INCF)
Warning[203] C:\USERS\ULUZMAN\DESKTOP\MIKROPROJE\RB7654\BUTON.ASM 78 : Found opcode in column 1. (MOVLW)
Warning[203] C:\USERS\ULUZMAN\DESKTOP\MIKROPROJE\RB7654\BUTON.ASM 79 : Found opcode in column 1. (SUBWF)
Warning[203] C:\USERS\ULUZMAN\DESKTOP\MIKROPROJE\RB7654\BUTON.ASM 80 : Found opcode in column 1. (BTFSS)
Warning[203] C:\USERS\ULUZMAN\DESKTOP\MIKROPROJE\RB7654\BUTON.ASM 81 : Found opcode in column 1. (GOTO)
Warning[203] C:\USERS\ULUZMAN\DESKTOP\MIKROPROJE\RB7654\BUTON.ASM 82 : Found opcode in column 1. (CLRF)
Warning[203] C:\USERS\ULUZMAN\DESKTOP\MIKROPROJE\RB7654\BUTON.ASM 83 : Found opcode in column 1. (GOTO)
Warning[203] C:\USERS\ULUZMAN\DESKTOP\MIKROPROJE\RB7654\BUTON.ASM 86 : Found opcode in column 1. (ADDWF)
Warning[203] C:\USERS\ULUZMAN\DESKTOP\MIKROPROJE\RB7654\BUTON.ASM 87 : Found opcode in column 1. (RETLW)
Warning[203] C:\USERS\ULUZMAN\DESKTOP\MIKROPROJE\RB7654\BUTON.ASM 88 : Found opcode in column 1. (RETLW)
Warning[203] C:\USERS\ULUZMAN\DESKTOP\MIKROPROJE\RB7654\BUTON.ASM 89 : Found opcode in column 1. (RETLW)
Warning[203] C:\USERS\ULUZMAN\DESKTOP\MIKROPROJE\RB7654\BUTON.ASM 90 : Found opcode in column 1. (RETLW)
Warning[203] C:\USERS\ULUZMAN\DESKTOP\MIKROPROJE\RB7654\BUTON.ASM 91 : Found opcode in column 1. (RETLW)
Warning[203] C:\USERS\ULUZMAN\DESKTOP\MIKROPROJE\RB7654\BUTON.ASM 92 : Found opcode in column 1. (RETLW)
Warning[203] C:\USERS\ULUZMAN\DESKTOP\MIKROPROJE\RB7654\BUTON.ASM 93 : Found opcode in column 1. (RETLW)
Warning[203] C:\USERS\ULUZMAN\DESKTOP\MIKROPROJE\RB7654\BUTON.ASM 94 : Found opcode in column 1. (RETLW)
Warning[203] C:\USERS\ULUZMAN\DESKTOP\MIKROPROJE\RB7654\BUTON.ASM 95 : Found opcode in column 1. (RETLW)
Warning[203] C:\USERS\ULUZMAN\DESKTOP\MIKROPROJE\RB7654\BUTON.ASM 96 : Found opcode in column 1. (RETLW)
Warning[203] C:\USERS\ULUZMAN\DESKTOP\MIKROPROJE\RB7654\BUTON.ASM 97 : Found opcode in column 1. (RETLW)
Warning[203] C:\USERS\ULUZMAN\DESKTOP\MIKROPROJE\RB7654\BUTON.ASM 98 : Found opcode in column 1. (RETLW)
Warning[203] C:\USERS\ULUZMAN\DESKTOP\MIKROPROJE\RB7654\BUTON.ASM 101 : Found opcode in column 1. (BCF)
Warning[203] C:\USERS\ULUZMAN\DESKTOP\MIKROPROJE\RB7654\BUTON.ASM 102 : Found opcode in column 1. (RETFIE)
Warning[203] C:\USERS\ULUZMAN\DESKTOP\MIKROPROJE\RB7654\BUTON.ASM 105 : Found opcode in column 1. (BSF)
Warning[203] C:\USERS\ULUZMAN\DESKTOP\MIKROPROJE\RB7654\BUTON.ASM 106 : Found opcode in column 1. (MOVLW)
Warning[203] C:\USERS\ULUZMAN\DESKTOP\MIKROPROJE\RB7654\BUTON.ASM 107 : Found opcode in column 1. (MOVWF)
Warning[203] C:\USERS\ULUZMAN\DESKTOP\MIKROPROJE\RB7654\BUTON.ASM 108 : Found opcode in column 1. (BSF)
Message[302] C:\USERS\ULUZMAN\DESKTOP\MIKROPROJE\RB7654\BUTON.ASM 108 : Register in operand not in bank 0.  Ensure that bank bits are correct.
Warning[203] C:\USERS\ULUZMAN\DESKTOP\MIKROPROJE\RB7654\BUTON.ASM 109 : Found opcode in column 1. (CLRF)
Message[302] C:\USERS\ULUZMAN\DESKTOP\MIKROPROJE\RB7654\BUTON.ASM 109 : Register in operand not in bank 0.  Ensure that bank bits are correct.
Warning[203] C:\USERS\ULUZMAN\DESKTOP\MIKROPROJE\RB7654\BUTON.ASM 110 : Found opcode in column 1. (CLRF)
Message[302] C:\USERS\ULUZMAN\DESKTOP\MIKROPROJE\RB7654\BUTON.ASM 110 : Register in operand not in bank 0.  Ensure that bank bits are correct.
Warning[203] C:\USERS\ULUZMAN\DESKTOP\MIKROPROJE\RB7654\BUTON.ASM 111 : Found opcode in column 1. (MOVLW)
Warning[203] C:\USERS\ULUZMAN\DESKTOP\MIKROPROJE\RB7654\BUTON.ASM 112 : Found opcode in column 1. (MOVWF)
Message[302] C:\USERS\ULUZMAN\DESKTOP\MIKROPROJE\RB7654\BUTON.ASM 112 : Register in operand not in bank 0.  Ensure that bank bits are correct.
Warning[203] C:\USERS\ULUZMAN\DESKTOP\MIKROPROJE\RB7654\BUTON.ASM 114 : Found opcode in column 1. (BCF)
Warning[203] C:\USERS\ULUZMAN\DESKTOP\MIKROPROJE\RB7654\BUTON.ASM 116 : Found opcode in column 1. (MOVLW)
Warning[203] C:\USERS\ULUZMAN\DESKTOP\MIKROPROJE\RB7654\BUTON.ASM 117 : Found opcode in column 1. (MOVWF)
Warning[203] C:\USERS\ULUZMAN\DESKTOP\MIKROPROJE\RB7654\BUTON.ASM 118 : Found opcode in column 1. (MOVLW)
Warning[203] C:\USERS\ULUZMAN\DESKTOP\MIKROPROJE\RB7654\BUTON.ASM 119 : Found opcode in column 1. (MOVWF)
Warning[203] C:\USERS\ULUZMAN\DESKTOP\MIKROPROJE\RB7654\BUTON.ASM 120 : Found opcode in column 1. (CLRF)
Warning[203] C:\USERS\ULUZMAN\DESKTOP\MIKROPROJE\RB7654\BUTON.ASM 121 : Found opcode in column 1. (CLRF)
Warning[203] C:\USERS\ULUZMAN\DESKTOP\MIKROPROJE\RB7654\BUTON.ASM 122 : Found opcode in column 1. (CLRF)
Warning[203] C:\USERS\ULUZMAN\DESKTOP\MIKROPROJE\RB7654\BUTON.ASM 123 : Found opcode in column 1. (CLRF)
Warning[203] C:\USERS\ULUZMAN\DESKTOP\MIKROPROJE\RB7654\BUTON.ASM 124 : Found opcode in column 1. (CLRF)
Warning[203] C:\USERS\ULUZMAN\DESKTOP\MIKROPROJE\RB7654\BUTON.ASM 125 : Found opcode in column 1. (CLRF)
Warning[203] C:\USERS\ULUZMAN\DESKTOP\MIKROPROJE\RB7654\BUTON.ASM 126 : Found opcode in column 1. (CLRF)
Warning[203] C:\USERS\ULUZMAN\DESKTOP\MIKROPROJE\RB7654\BUTON.ASM 127 : Found opcode in column 1. (CLRF)
Warning[203] C:\USERS\ULUZMAN\DESKTOP\MIKROPROJE\RB7654\BUTON.ASM 128 : Found opcode in column 1. (CLRF)
Warning[203] C:\USERS\ULUZMAN\DESKTOP\MIKROPROJE\RB7654\BUTON.ASM 131 : Found opcode in column 1. (NOP)
Warning[203] C:\USERS\ULUZMAN\DESKTOP\MIKROPROJE\RB7654\BUTON.ASM 132 : Found opcode in column 1. (NOP)
Warning[203] C:\USERS\ULUZMAN\DESKTOP\MIKROPROJE\RB7654\BUTON.ASM 133 : Found opcode in column 1. (NOP)
Warning[203] C:\USERS\ULUZMAN\DESKTOP\MIKROPROJE\RB7654\BUTON.ASM 134 : Found opcode in column 1. (NOP)
Warning[203] C:\USERS\ULUZMAN\DESKTOP\MIKROPROJE\RB7654\BUTON.ASM 135 : Found opcode in column 1. (MOVLW)
Warning[203] C:\USERS\ULUZMAN\DESKTOP\MIKROPROJE\RB7654\BUTON.ASM 136 : Found opcode in column 1. (MOVWF)
Warning[203] C:\USERS\ULUZMAN\DESKTOP\MIKROPROJE\RB7654\BUTON.ASM 137 : Found opcode in column 1. (MOVF)
Warning[203] C:\USERS\ULUZMAN\DESKTOP\MIKROPROJE\RB7654\BUTON.ASM 138 : Found opcode in column 1. (MOVWF)
Warning[203] C:\USERS\ULUZMAN\DESKTOP\MIKROPROJE\RB7654\BUTON.ASM 141 : Found opcode in column 1. (NOP)
Warning[203] C:\USERS\ULUZMAN\DESKTOP\MIKROPROJE\RB7654\BUTON.ASM 142 : Found opcode in column 1. (NOP)
Warning[203] C:\USERS\ULUZMAN\DESKTOP\MIKROPROJE\RB7654\BUTON.ASM 143 : Found opcode in column 1. (NOP)
Warning[203] C:\USERS\ULUZMAN\DESKTOP\MIKROPROJE\RB7654\BUTON.ASM 144 : Found opcode in column 1. (NOP)
Warning[203] C:\USERS\ULUZMAN\DESKTOP\MIKROPROJE\RB7654\BUTON.ASM 150 : Found opcode in column 1. (MOVLW)
Warning[203] C:\USERS\ULUZMAN\DESKTOP\MIKROPROJE\RB7654\BUTON.ASM 151 : Found opcode in column 1. (MOVWF)
Warning[203] C:\USERS\ULUZMAN\DESKTOP\MIKROPROJE\RB7654\BUTON.ASM 152 : Found opcode in column 1. (MOVF)
Warning[203] C:\USERS\ULUZMAN\DESKTOP\MIKROPROJE\RB7654\BUTON.ASM 153 : Found opcode in column 1. (MOVWF)
Warning[203] C:\USERS\ULUZMAN\DESKTOP\MIKROPROJE\RB7654\BUTON.ASM 159 : Found opcode in column 1. (NOP)
Warning[203] C:\USERS\ULUZMAN\DESKTOP\MIKROPROJE\RB7654\BUTON.ASM 160 : Found opcode in column 1. (NOP)
Warning[203] C:\USERS\ULUZMAN\DESKTOP\MIKROPROJE\RB7654\BUTON.ASM 161 : Found opcode in column 1. (NOP)
Warning[203] C:\USERS\ULUZMAN\DESKTOP\MIKROPROJE\RB7654\BUTON.ASM 162 : Found opcode in column 1. (NOP)
Warning[203] C:\USERS\ULUZMAN\DESKTOP\MIKROPROJE\RB7654\BUTON.ASM 164 : Found opcode in column 1. (MOVLW)
Warning[203] C:\USERS\ULUZMAN\DESKTOP\MIKROPROJE\RB7654\BUTON.ASM 165 : Found opcode in column 1. (MOVWF)
Warning[203] C:\USERS\ULUZMAN\DESKTOP\MIKROPROJE\RB7654\BUTON.ASM 166 : Found opcode in column 1. (MOVF)
Warning[203] C:\USERS\ULUZMAN\DESKTOP\MIKROPROJE\RB7654\BUTON.ASM 167 : Found opcode in column 1. (MOVWF)
Warning[203] C:\USERS\ULUZMAN\DESKTOP\MIKROPROJE\RB7654\BUTON.ASM 173 : Found opcode in column 1. (NOP)
Warning[203] C:\USERS\ULUZMAN\DESKTOP\MIKROPROJE\RB7654\BUTON.ASM 174 : Found opcode in column 1. (NOP)
Warning[203] C:\USERS\ULUZMAN\DESKTOP\MIKROPROJE\RB7654\BUTON.ASM 175 : Found opcode in column 1. (NOP)
Warning[203] C:\USERS\ULUZMAN\DESKTOP\MIKROPROJE\RB7654\BUTON.ASM 176 : Found opcode in column 1. (NOP)
Warning[203] C:\USERS\ULUZMAN\DESKTOP\MIKROPROJE\RB7654\BUTON.ASM 178 : Found opcode in column 1. (MOVLW)
Warning[203] C:\USERS\ULUZMAN\DESKTOP\MIKROPROJE\RB7654\BUTON.ASM 179 : Found opcode in column 1. (MOVWF)
Warning[203] C:\USERS\ULUZMAN\DESKTOP\MIKROPROJE\RB7654\BUTON.ASM 180 : Found opcode in column 1. (MOVF)
Warning[203] C:\USERS\ULUZMAN\DESKTOP\MIKROPROJE\RB7654\BUTON.ASM 181 : Found opcode in column 1. (MOVWF)
Warning[203] C:\USERS\ULUZMAN\DESKTOP\MIKROPROJE\RB7654\BUTON.ASM 183 : Found opcode in column 1. (NOP)
Warning[203] C:\USERS\ULUZMAN\DESKTOP\MIKROPROJE\RB7654\BUTON.ASM 184 : Found opcode in column 1. (NOP)
Warning[203] C:\USERS\ULUZMAN\DESKTOP\MIKROPROJE\RB7654\BUTON.ASM 185 : Found opcode in column 1. (NOP)
Warning[203] C:\USERS\ULUZMAN\DESKTOP\MIKROPROJE\RB7654\BUTON.ASM 186 : Found opcode in column 1. (NOP)
Warning[203] C:\USERS\ULUZMAN\DESKTOP\MIKROPROJE\RB7654\BUTON.ASM 190 : Found opcode in column 1. (GOTO)
Warning[205] C:\USERS\ULUZMAN\DESKTOP\MIKROPROJE\RB7654\BUTON.ASM 193 : Found directive in column 1. (END)
