MPASM  5.20                           MFA.ASM   12-27-2011  16:19:46         PAGE  1


LOC  OBJECT CODE     LINE SOURCE TEXT
  VALUE

Warning[205]: Found directive in column 1. (LIST)
                      00001 LIST P=16F877A
                      00002 #INCLUDE <P16F877A.INC>
                      00001         LIST
                      00002 ; P16F877A.INC  Standard Header File, Version 1.00    Microchip Technology, Inc.
                      00400         LIST
Warning[205]: Found directive in column 1. (__CONFIG)
2007   3F31           00003 __CONFIG H'3F31'
  00000020            00004 SAY EQU 0X020
  00000021            00005 SAY2 EQU 0X021
  00000022            00006 SAY3 EQU 0X022
Warning[205]: Found directive in column 1. (ORG)
0000                  00007 ORG 0X000
Warning[203]: Found opcode in column 1. (GOTO)
0000   2821           00008 GOTO ANA_PROG
Warning[205]: Found directive in column 1. (ORG)
0004                  00009 ORG 0X004
0004                  00010 KESME
Warning[203]: Found opcode in column 1. (BTFSS)
0004   1D0B           00011 BTFSS INTCON,2
Warning[203]: Found opcode in column 1. (GOTO)
0005   281D           00012 GOTO BÝTÝR
Warning[203]: Found opcode in column 1. (BCF)
0006   110B           00013 BCF INTCON,2
Warning[203]: Found opcode in column 1. (DECFSZ)
Message[305]: Using default destination of 1 (file).
0007   0BA1           00014 DECFSZ SAY2
Warning[203]: Found opcode in column 1. (GOTO)
0008   281D           00015 GOTO BÝTÝR
Warning[203]: Found opcode in column 1. (BTFSC)
0009   1820           00016 BTFSC SAY,0
Warning[203]: Found opcode in column 1. (GOTO)
000A   280E           00017 GOTO SOLA
Warning[203]: Found opcode in column 1. (BTFSS)
000B   1C20           00018 BTFSS SAY,0
Warning[203]: Found opcode in column 1. (GOTO)
000C   2818           00019 GOTO SAGA
Warning[203]: Found opcode in column 1. (GOTO)
000D   281D           00020 GOTO BÝTÝR
000E                  00021 SOLA
Warning[203]: Found opcode in column 1. (BTFSS)
000E   1C22           00022 BTFSS SAY3,0
Warning[203]: Found opcode in column 1. (GOTO)
000F   2815           00023 GOTO BÝR
Warning[203]: Found opcode in column 1. (RLF)
Message[305]: Using default destination of 1 (file).
0010   0D86           00024 RLF PORTB
Warning[203]: Found opcode in column 1. (BTFSS)
0011   1F86           00025 BTFSS PORTB,7
Warning[203]: Found opcode in column 1. (GOTO)
0012   281D           00026 GOTO BÝTÝR
Warning[203]: Found opcode in column 1. (CLRF)
0013   01A0           00027 CLRF SAY
MPASM  5.20                           MFA.ASM   12-27-2011  16:19:46         PAGE  2


LOC  OBJECT CODE     LINE SOURCE TEXT
  VALUE

Warning[203]: Found opcode in column 1. (GOTO)
0014   281D           00028 GOTO BÝTÝR
0015                  00029 BÝR
Warning[203]: Found opcode in column 1. (INCF)
0015   0A86           00030 INCF PORTB,F
Warning[203]: Found opcode in column 1. (BSF)
0016   1422           00031 BSF SAY3,0
Warning[203]: Found opcode in column 1. (GOTO)
0017   281D           00032 GOTO BÝTÝR
0018                  00033 SAGA
Warning[203]: Found opcode in column 1. (RRF)
Message[305]: Using default destination of 1 (file).
0018   0C86           00034 RRF PORTB
Warning[203]: Found opcode in column 1. (BTFSS)
0019   1C06           00035 BTFSS PORTB,0
Warning[203]: Found opcode in column 1. (GOTO)
001A   281D           00036 GOTO BÝTÝR
Warning[203]: Found opcode in column 1. (MOVLW)
001B   3001           00037 MOVLW D'1'
Warning[203]: Found opcode in column 1. (MOVWF)
001C   00A0           00038 MOVWF SAY
001D                  00039 BÝTÝR
Warning[203]: Found opcode in column 1. (MOVLW)
001D   3006           00040 MOVLW D'6'
Warning[203]: Found opcode in column 1. (MOVWF)
001E   0081           00041 MOVWF TMR0
Warning[203]: Found opcode in column 1. (BCF)
001F   110B           00042 BCF INTCON,2
0020   0009           00043   RETFIE
0021                  00044 ANA_PROG
Warning[203]: Found opcode in column 1. (BSF)
0021   1683           00045 BSF STATUS,RP0
Warning[203]: Found opcode in column 1. (CLRF)
Message[302]: Register in operand not in bank 0.  Ensure that bank bits are correct.
0022   0186           00046 CLRF TRISB
Warning[203]: Found opcode in column 1. (MOVLW)
0023   3002           00047 MOVLW B'00000010'
Warning[203]: Found opcode in column 1. (MOVWF)
Message[302]: Register in operand not in bank 0.  Ensure that bank bits are correct.
0024   0081           00048 MOVWF OPTION_REG
Warning[203]: Found opcode in column 1. (MOVLW)
0025   30A0           00049 MOVLW B'10100000'
Warning[203]: Found opcode in column 1. (MOVWF)
0026   008B           00050 MOVWF INTCON
Warning[203]: Found opcode in column 1. (BCF)
0027   1283           00051 BCF STATUS,RP0
Warning[203]: Found opcode in column 1. (MOVLW)
0028   3000           00052 MOVLW D'0'
Warning[203]: Found opcode in column 1. (MOVWF)
0029   0086           00053 MOVWF PORTB
Warning[203]: Found opcode in column 1. (MOVLW)
002A   3006           00054 MOVLW D'6'
Warning[203]: Found opcode in column 1. (MOVWF)
MPASM  5.20                           MFA.ASM   12-27-2011  16:19:46         PAGE  3


LOC  OBJECT CODE     LINE SOURCE TEXT
  VALUE

002B   0081           00055 MOVWF TMR0
Warning[203]: Found opcode in column 1. (MOVLW)
002C   3001           00056 MOVLW D'1'
Warning[203]: Found opcode in column 1. (MOVWF)
002D   00A0           00057 MOVWF SAY
Warning[203]: Found opcode in column 1. (MOVLW)
002E   30FA           00058 MOVLW D'250'
Warning[203]: Found opcode in column 1. (MOVWF)
002F   00A1           00059 MOVWF SAY2
Warning[203]: Found opcode in column 1. (CLRF)
0030   01A2           00060 CLRF SAY3
0031                  00061 DONGU
0031   2831           00062         GOTO DONGU
Warning[205]: Found directive in column 1. (END)
                      00063 END
MPASM  5.20                           MFA.ASM   12-27-2011  16:19:46         PAGE  4


SYMBOL TABLE
  LABEL                             VALUE 

ACKDT                             00000005
ACKEN                             00000004
ACKSTAT                           00000006
ADCON0                            0000001F
ADCON1                            0000009F
ADCS0                             00000006
ADCS1                             00000007
ADCS2                             00000006
ADDEN                             00000003
ADFM                              00000007
ADIE                              00000006
ADIF                              00000006
ADON                              00000000
ADRESH                            0000001E
ADRESL                            0000009E
ANA_PROG                          00000021
BCLIE                             00000003
BCLIF                             00000003
BF                                00000000
BRGH                              00000002
BÝR                               00000015
BÝTÝR                             0000001D
C                                 00000000
C1INV                             00000004
C1OUT                             00000006
C2INV                             00000005
C2OUT                             00000007
CCP1CON                           00000017
CCP1IE                            00000002
CCP1IF                            00000002
CCP1M0                            00000000
CCP1M1                            00000001
CCP1M2                            00000002
CCP1M3                            00000003
CCP1X                             00000005
CCP1Y                             00000004
CCP2CON                           0000001D
CCP2IE                            00000000
CCP2IF                            00000000
CCP2M0                            00000000
CCP2M1                            00000001
CCP2M2                            00000002
CCP2M3                            00000003
CCP2X                             00000005
CCP2Y                             00000004
CCPR1H                            00000016
CCPR1L                            00000015
CCPR2H                            0000001C
CCPR2L                            0000001B
CHS0                              00000003
CHS1                              00000004
CHS2                              00000005
CIS                               00000003
MPASM  5.20                           MFA.ASM   12-27-2011  16:19:46         PAGE  5


SYMBOL TABLE
  LABEL                             VALUE 

CKE                               00000006
CKP                               00000004
CM0                               00000000
CM1                               00000001
CM2                               00000002
CMCON                             0000009C
CMIE                              00000006
CMIF                              00000006
CREN                              00000004
CSRC                              00000007
CVR0                              00000000
CVR1                              00000001
CVR2                              00000002
CVR3                              00000003
CVRCON                            0000009D
CVREN                             00000007
CVROE                             00000006
CVRR                              00000005
D                                 00000005
DATA_ADDRESS                      00000005
DC                                00000001
DONGU                             00000031
D_A                               00000005
EEADR                             0000010D
EEADRH                            0000010F
EECON1                            0000018C
EECON2                            0000018D
EEDATA                            0000010C
EEDATH                            0000010E
EEIE                              00000004
EEIF                              00000004
EEPGD                             00000007
F                                 00000001
FERR                              00000002
FSR                               00000004
GCEN                              00000007
GIE                               00000007
GO                                00000002
GO_DONE                           00000002
I2C_DATA                          00000005
I2C_READ                          00000002
I2C_START                         00000003
I2C_STOP                          00000004
IBF                               00000007
IBOV                              00000005
INDF                              00000000
INTCON                            0000000B
INTE                              00000004
INTEDG                            00000006
INTF                              00000001
IRP                               00000007
KESME                             00000004
NOT_A                             00000005
MPASM  5.20                           MFA.ASM   12-27-2011  16:19:46         PAGE  6


SYMBOL TABLE
  LABEL                             VALUE 

NOT_ADDRESS                       00000005
NOT_BO                            00000000
NOT_BOR                           00000000
NOT_DONE                          00000002
NOT_PD                            00000003
NOT_POR                           00000001
NOT_RBPU                          00000007
NOT_RC8                           00000006
NOT_T1SYNC                        00000002
NOT_TO                            00000004
NOT_TX8                           00000006
NOT_W                             00000002
NOT_WRITE                         00000002
OBF                               00000006
OERR                              00000001
OPTION_REG                        00000081
P                                 00000004
PCFG0                             00000000
PCFG1                             00000001
PCFG2                             00000002
PCFG3                             00000003
PCL                               00000002
PCLATH                            0000000A
PCON                              0000008E
PEIE                              00000006
PEN                               00000002
PIE1                              0000008C
PIE2                              0000008D
PIR1                              0000000C
PIR2                              0000000D
PORTA                             00000005
PORTB                             00000006
PORTC                             00000007
PORTD                             00000008
PORTE                             00000009
PR2                               00000092
PS0                               00000000
PS1                               00000001
PS2                               00000002
PSA                               00000003
PSPIE                             00000007
PSPIF                             00000007
PSPMODE                           00000004
R                                 00000002
RBIE                              00000003
RBIF                              00000000
RC8_9                             00000006
RC9                               00000006
RCD8                              00000000
RCEN                              00000003
RCIE                              00000005
RCIF                              00000005
RCREG                             0000001A
MPASM  5.20                           MFA.ASM   12-27-2011  16:19:46         PAGE  7


SYMBOL TABLE
  LABEL                             VALUE 

RCSTA                             00000018
RD                                00000000
READ_WRITE                        00000002
RP0                               00000005
RP1                               00000006
RSEN                              00000001
RX9                               00000006
RX9D                              00000000
R_W                               00000002
S                                 00000003
SAGA                              00000018
SAY                               00000020
SAY2                              00000021
SAY3                              00000022
SEN                               00000000
SMP                               00000007
SOLA                              0000000E
SPBRG                             00000099
SPEN                              00000007
SREN                              00000005
SSPADD                            00000093
SSPBUF                            00000013
SSPCON                            00000014
SSPCON2                           00000091
SSPEN                             00000005
SSPIE                             00000003
SSPIF                             00000003
SSPM0                             00000000
SSPM1                             00000001
SSPM2                             00000002
SSPM3                             00000003
SSPOV                             00000006
SSPSTAT                           00000094
STATUS                            00000003
SYNC                              00000004
T0CS                              00000005
T0IE                              00000005
T0IF                              00000002
T0SE                              00000004
T1CKPS0                           00000004
T1CKPS1                           00000005
T1CON                             00000010
T1INSYNC                          00000002
T1OSCEN                           00000003
T1SYNC                            00000002
T2CKPS0                           00000000
T2CKPS1                           00000001
T2CON                             00000012
TMR0                              00000001
TMR0IE                            00000005
TMR0IF                            00000002
TMR1CS                            00000001
TMR1H                             0000000F
MPASM  5.20                           MFA.ASM   12-27-2011  16:19:46         PAGE  8


SYMBOL TABLE
  LABEL                             VALUE 

TMR1IE                            00000000
TMR1IF                            00000000
TMR1L                             0000000E
TMR1ON                            00000000
TMR2                              00000011
TMR2IE                            00000001
TMR2IF                            00000001
TMR2ON                            00000002
TOUTPS0                           00000003
TOUTPS1                           00000004
TOUTPS2                           00000005
TOUTPS3                           00000006
TRISA                             00000085
TRISB                             00000086
TRISC                             00000087
TRISD                             00000088
TRISE                             00000089
TRISE0                            00000000
TRISE1                            00000001
TRISE2                            00000002
TRMT                              00000001
TX8_9                             00000006
TX9                               00000006
TX9D                              00000000
TXD8                              00000000
TXEN                              00000005
TXIE                              00000004
TXIF                              00000004
TXREG                             00000019
TXSTA                             00000098
UA                                00000001
W                                 00000000
WCOL                              00000007
WR                                00000001
WREN                              00000002
WRERR                             00000003
Z                                 00000002
_BODEN_OFF                        00003FBF
_BODEN_ON                         00003FFF
_CPD_OFF                          00003FFF
_CPD_ON                           00003EFF
_CP_ALL                           00001FFF
_CP_OFF                           00003FFF
_DEBUG_OFF                        00003FFF
_DEBUG_ON                         000037FF
_HS_OSC                           00003FFE
_LP_OSC                           00003FFC
_LVP_OFF                          00003F7F
_LVP_ON                           00003FFF
_PWRTE_OFF                        00003FFF
_PWRTE_ON                         00003FF7
_RC_OSC                           00003FFF
_WDT_OFF                          00003FFB
MPASM  5.20                           MFA.ASM   12-27-2011  16:19:46         PAGE  9


SYMBOL TABLE
  LABEL                             VALUE 

_WDT_ON                           00003FFF
_WRT_1FOURTH                      00003BFF
_WRT_256                          00003DFF
_WRT_HALF                         000039FF
_WRT_OFF                          00003FFF
_XT_OSC                           00003FFD
__16F877A                         00000001
__DEBUG                           1


MEMORY USAGE MAP ('X' = Used,  '-' = Unused)

0000 : X---XXXXXXXXXXXX XXXXXXXXXXXXXXXX XXXXXXXXXXXXXXXX XX--------------
2000 : -------X-------- ---------------- ---------------- ----------------

All other memory blocks unused.

Program Memory Words Used:    47
Program Memory Words Free:  8145


Errors   :     0
Warnings :    50 reported,     0 suppressed
Messages :     5 reported,     0 suppressed

