Warning[205] C:\USERS\HP\DESKTOP\MFAAA\MFA.ASM 1 : Found directive in column 1. (LIST)
Warning[205] C:\USERS\HP\DESKTOP\MFAAA\MFA.ASM 3 : Found directive in column 1. (__CONFIG)
Warning[205] C:\USERS\HP\DESKTOP\MFAAA\MFA.ASM 7 : Found directive in column 1. (ORG)
Warning[203] C:\USERS\HP\DESKTOP\MFAAA\MFA.ASM 8 : Found opcode in column 1. (GOTO)
Warning[205] C:\USERS\HP\DESKTOP\MFAAA\MFA.ASM 9 : Found directive in column 1. (ORG)
Warning[203] C:\USERS\HP\DESKTOP\MFAAA\MFA.ASM 11 : Found opcode in column 1. (BTFSS)
Warning[203] C:\USERS\HP\DESKTOP\MFAAA\MFA.ASM 12 : Found opcode in column 1. (GOTO)
Warning[203] C:\USERS\HP\DESKTOP\MFAAA\MFA.ASM 13 : Found opcode in column 1. (BCF)
Warning[203] C:\USERS\HP\DESKTOP\MFAAA\MFA.ASM 14 : Found opcode in column 1. (DECFSZ)
Message[305] C:\USERS\HP\DESKTOP\MFAAA\MFA.ASM 14 : Using default destination of 1 (file).
Warning[203] C:\USERS\HP\DESKTOP\MFAAA\MFA.ASM 15 : Found opcode in column 1. (GOTO)
Warning[203] C:\USERS\HP\DESKTOP\MFAAA\MFA.ASM 16 : Found opcode in column 1. (BTFSC)
Warning[203] C:\USERS\HP\DESKTOP\MFAAA\MFA.ASM 17 : Found opcode in column 1. (GOTO)
Warning[203] C:\USERS\HP\DESKTOP\MFAAA\MFA.ASM 18 : Found opcode in column 1. (BTFSS)
Warning[203] C:\USERS\HP\DESKTOP\MFAAA\MFA.ASM 19 : Found opcode in column 1. (GOTO)
Warning[203] C:\USERS\HP\DESKTOP\MFAAA\MFA.ASM 20 : Found opcode in column 1. (GOTO)
Warning[203] C:\USERS\HP\DESKTOP\MFAAA\MFA.ASM 22 : Found opcode in column 1. (BTFSS)
Warning[203] C:\USERS\HP\DESKTOP\MFAAA\MFA.ASM 23 : Found opcode in column 1. (GOTO)
Warning[203] C:\USERS\HP\DESKTOP\MFAAA\MFA.ASM 24 : Found opcode in column 1. (RLF)
Message[305] C:\USERS\HP\DESKTOP\MFAAA\MFA.ASM 24 : Using default destination of 1 (file).
Warning[203] C:\USERS\HP\DESKTOP\MFAAA\MFA.ASM 25 : Found opcode in column 1. (BTFSS)
Warning[203] C:\USERS\HP\DESKTOP\MFAAA\MFA.ASM 26 : Found opcode in column 1. (GOTO)
Warning[203] C:\USERS\HP\DESKTOP\MFAAA\MFA.ASM 27 : Found opcode in column 1. (CLRF)
Warning[203] C:\USERS\HP\DESKTOP\MFAAA\MFA.ASM 28 : Found opcode in column 1. (GOTO)
Warning[203] C:\USERS\HP\DESKTOP\MFAAA\MFA.ASM 30 : Found opcode in column 1. (INCF)
Warning[203] C:\USERS\HP\DESKTOP\MFAAA\MFA.ASM 31 : Found opcode in column 1. (BSF)
Warning[203] C:\USERS\HP\DESKTOP\MFAAA\MFA.ASM 32 : Found opcode in column 1. (GOTO)
Warning[203] C:\USERS\HP\DESKTOP\MFAAA\MFA.ASM 34 : Found opcode in column 1. (RRF)
Message[305] C:\USERS\HP\DESKTOP\MFAAA\MFA.ASM 34 : Using default destination of 1 (file).
Warning[203] C:\USERS\HP\DESKTOP\MFAAA\MFA.ASM 35 : Found opcode in column 1. (BTFSS)
Warning[203] C:\USERS\HP\DESKTOP\MFAAA\MFA.ASM 36 : Found opcode in column 1. (GOTO)
Warning[203] C:\USERS\HP\DESKTOP\MFAAA\MFA.ASM 37 : Found opcode in column 1. (MOVLW)
Warning[203] C:\USERS\HP\DESKTOP\MFAAA\MFA.ASM 38 : Found opcode in column 1. (MOVWF)
Warning[203] C:\USERS\HP\DESKTOP\MFAAA\MFA.ASM 40 : Found opcode in column 1. (MOVLW)
Warning[203] C:\USERS\HP\DESKTOP\MFAAA\MFA.ASM 41 : Found opcode in column 1. (MOVWF)
Warning[203] C:\USERS\HP\DESKTOP\MFAAA\MFA.ASM 42 : Found opcode in column 1. (BCF)
Warning[203] C:\USERS\HP\DESKTOP\MFAAA\MFA.ASM 45 : Found opcode in column 1. (BSF)
Warning[203] C:\USERS\HP\DESKTOP\MFAAA\MFA.ASM 46 : Found opcode in column 1. (CLRF)
Message[302] C:\USERS\HP\DESKTOP\MFAAA\MFA.ASM 46 : Register in operand not in bank 0.  Ensure that bank bits are correct.
Warning[203] C:\USERS\HP\DESKTOP\MFAAA\MFA.ASM 47 : Found opcode in column 1. (MOVLW)
Warning[203] C:\USERS\HP\DESKTOP\MFAAA\MFA.ASM 48 : Found opcode in column 1. (MOVWF)
Message[302] C:\USERS\HP\DESKTOP\MFAAA\MFA.ASM 48 : Register in operand not in bank 0.  Ensure that bank bits are correct.
Warning[203] C:\USERS\HP\DESKTOP\MFAAA\MFA.ASM 49 : Found opcode in column 1. (MOVLW)
Warning[203] C:\USERS\HP\DESKTOP\MFAAA\MFA.ASM 50 : Found opcode in column 1. (MOVWF)
Warning[203] C:\USERS\HP\DESKTOP\MFAAA\MFA.ASM 51 : Found opcode in column 1. (BCF)
Warning[203] C:\USERS\HP\DESKTOP\MFAAA\MFA.ASM 52 : Found opcode in column 1. (MOVLW)
Warning[203] C:\USERS\HP\DESKTOP\MFAAA\MFA.ASM 53 : Found opcode in column 1. (MOVWF)
Warning[203] C:\USERS\HP\DESKTOP\MFAAA\MFA.ASM 54 : Found opcode in column 1. (MOVLW)
Warning[203] C:\USERS\HP\DESKTOP\MFAAA\MFA.ASM 55 : Found opcode in column 1. (MOVWF)
Warning[203] C:\USERS\HP\DESKTOP\MFAAA\MFA.ASM 56 : Found opcode in column 1. (MOVLW)
Warning[203] C:\USERS\HP\DESKTOP\MFAAA\MFA.ASM 57 : Found opcode in column 1. (MOVWF)
Warning[203] C:\USERS\HP\DESKTOP\MFAAA\MFA.ASM 58 : Found opcode in column 1. (MOVLW)
Warning[203] C:\USERS\HP\DESKTOP\MFAAA\MFA.ASM 59 : Found opcode in column 1. (MOVWF)
Warning[203] C:\USERS\HP\DESKTOP\MFAAA\MFA.ASM 60 : Found opcode in column 1. (CLRF)
Warning[205] C:\USERS\HP\DESKTOP\MFAAA\MFA.ASM 63 : Found directive in column 1. (END)
