Warning[205] C:\USERS\TUBA\DESKTOP\YENIMM\DENEY2GECE\DENEY2.ASM 1 : Found directive in column 1. (list)
Warning[205] C:\USERS\TUBA\DESKTOP\YENIMM\DENEY2GECE\DENEY2.ASM 2 : Found directive in column 1. (include)
Warning[205] C:\USERS\TUBA\DESKTOP\YENIMM\DENEY2GECE\DENEY2.ASM 5 : Found directive in column 1. (ORG)
Warning[203] C:\USERS\TUBA\DESKTOP\YENIMM\DENEY2GECE\DENEY2.ASM 6 : Found opcode in column 1. (GOTO)
Warning[205] C:\USERS\TUBA\DESKTOP\YENIMM\DENEY2GECE\DENEY2.ASM 7 : Found directive in column 1. (ORG)
Warning[203] C:\USERS\TUBA\DESKTOP\YENIMM\DENEY2GECE\DENEY2.ASM 8 : Found opcode in column 1. (GOTO)
Warning[205] C:\USERS\TUBA\DESKTOP\YENIMM\DENEY2GECE\DENEY2.ASM 11 : Found directive in column 1. (BANKSEL)
Warning[203] C:\USERS\TUBA\DESKTOP\YENIMM\DENEY2GECE\DENEY2.ASM 12 : Found opcode in column 1. (BTFSS)
Warning[203] C:\USERS\TUBA\DESKTOP\YENIMM\DENEY2GECE\DENEY2.ASM 13 : Found opcode in column 1. (goto)
Warning[203] C:\USERS\TUBA\DESKTOP\YENIMM\DENEY2GECE\DENEY2.ASM 14 : Found opcode in column 1. (goto)
Warning[205] C:\USERS\TUBA\DESKTOP\YENIMM\DENEY2GECE\DENEY2.ASM 16 : Found directive in column 1. (BANKSEL)
Warning[203] C:\USERS\TUBA\DESKTOP\YENIMM\DENEY2GECE\DENEY2.ASM 17 : Found opcode in column 1. (BTFSS)
Warning[203] C:\USERS\TUBA\DESKTOP\YENIMM\DENEY2GECE\DENEY2.ASM 18 : Found opcode in column 1. (RETFIE)
Warning[203] C:\USERS\TUBA\DESKTOP\YENIMM\DENEY2GECE\DENEY2.ASM 19 : Found opcode in column 1. (goto)
Warning[205] C:\USERS\TUBA\DESKTOP\YENIMM\DENEY2GECE\DENEY2.ASM 24 : Found directive in column 1. (BANKSEL)
Warning[203] C:\USERS\TUBA\DESKTOP\YENIMM\DENEY2GECE\DENEY2.ASM 25 : Found opcode in column 1. (BCF)
Warning[205] C:\USERS\TUBA\DESKTOP\YENIMM\DENEY2GECE\DENEY2.ASM 26 : Found directive in column 1. (BANKSEL)
Warning[203] C:\USERS\TUBA\DESKTOP\YENIMM\DENEY2GECE\DENEY2.ASM 27 : Found opcode in column 1. (MOVLW)
Warning[203] C:\USERS\TUBA\DESKTOP\YENIMM\DENEY2GECE\DENEY2.ASM 28 : Found opcode in column 1. (MOVWF)
Warning[203] C:\USERS\TUBA\DESKTOP\YENIMM\DENEY2GECE\DENEY2.ASM 29 : Found opcode in column 1. (DECFSZ)
Warning[203] C:\USERS\TUBA\DESKTOP\YENIMM\DENEY2GECE\DENEY2.ASM 30 : Found opcode in column 1. (goto)
Warning[203] C:\USERS\TUBA\DESKTOP\YENIMM\DENEY2GECE\DENEY2.ASM 31 : Found opcode in column 1. (GOTO)
Warning[205] C:\USERS\TUBA\DESKTOP\YENIMM\DENEY2GECE\DENEY2.ASM 34 : Found directive in column 1. (BANKSEL)
Warning[203] C:\USERS\TUBA\DESKTOP\YENIMM\DENEY2GECE\DENEY2.ASM 35 : Found opcode in column 1. (MOVLW)
Warning[203] C:\USERS\TUBA\DESKTOP\YENIMM\DENEY2GECE\DENEY2.ASM 36 : Found opcode in column 1. (MOVWF)
Warning[203] C:\USERS\TUBA\DESKTOP\YENIMM\DENEY2GECE\DENEY2.ASM 37 : Found opcode in column 1. (BTFSS)
Warning[203] C:\USERS\TUBA\DESKTOP\YENIMM\DENEY2GECE\DENEY2.ASM 38 : Found opcode in column 1. (GOTO)
Warning[203] C:\USERS\TUBA\DESKTOP\YENIMM\DENEY2GECE\DENEY2.ASM 39 : Found opcode in column 1. (BTFSS)
Warning[203] C:\USERS\TUBA\DESKTOP\YENIMM\DENEY2GECE\DENEY2.ASM 40 : Found opcode in column 1. (GOTO)
Warning[203] C:\USERS\TUBA\DESKTOP\YENIMM\DENEY2GECE\DENEY2.ASM 43 : Found opcode in column 1. (BSF)
Warning[203] C:\USERS\TUBA\DESKTOP\YENIMM\DENEY2GECE\DENEY2.ASM 44 : Found opcode in column 1. (goto)
Warning[203] C:\USERS\TUBA\DESKTOP\YENIMM\DENEY2GECE\DENEY2.ASM 47 : Found opcode in column 1. (BCF)
Warning[203] C:\USERS\TUBA\DESKTOP\YENIMM\DENEY2GECE\DENEY2.ASM 48 : Found opcode in column 1. (goto)
Warning[205] C:\USERS\TUBA\DESKTOP\YENIMM\DENEY2GECE\DENEY2.ASM 52 : Found directive in column 1. (BANKSEL)
Warning[203] C:\USERS\TUBA\DESKTOP\YENIMM\DENEY2GECE\DENEY2.ASM 53 : Found opcode in column 1. (BTFSS)
Warning[203] C:\USERS\TUBA\DESKTOP\YENIMM\DENEY2GECE\DENEY2.ASM 54 : Found opcode in column 1. (MOVLW)
Warning[203] C:\USERS\TUBA\DESKTOP\YENIMM\DENEY2GECE\DENEY2.ASM 55 : Found opcode in column 1. (MOVWF)
Warning[205] C:\USERS\TUBA\DESKTOP\YENIMM\DENEY2GECE\DENEY2.ASM 56 : Found directive in column 1. (BANKSEL)
Warning[203] C:\USERS\TUBA\DESKTOP\YENIMM\DENEY2GECE\DENEY2.ASM 57 : Found opcode in column 1. (MOVLW)
Warning[203] C:\USERS\TUBA\DESKTOP\YENIMM\DENEY2GECE\DENEY2.ASM 58 : Found opcode in column 1. (MOVWF)
Warning[203] C:\USERS\TUBA\DESKTOP\YENIMM\DENEY2GECE\DENEY2.ASM 59 : Found opcode in column 1. (DECFSZ)
Warning[203] C:\USERS\TUBA\DESKTOP\YENIMM\DENEY2GECE\DENEY2.ASM 60 : Found opcode in column 1. (RETFIE)
Warning[203] C:\USERS\TUBA\DESKTOP\YENIMM\DENEY2GECE\DENEY2.ASM 61 : Found opcode in column 1. (GOTO)
Warning[203] C:\USERS\TUBA\DESKTOP\YENIMM\DENEY2GECE\DENEY2.ASM 64 : Found opcode in column 1. (BTFSS)
Warning[203] C:\USERS\TUBA\DESKTOP\YENIMM\DENEY2GECE\DENEY2.ASM 65 : Found opcode in column 1. (GOTO)
Warning[203] C:\USERS\TUBA\DESKTOP\YENIMM\DENEY2GECE\DENEY2.ASM 66 : Found opcode in column 1. (BCF)
Warning[205] C:\USERS\TUBA\DESKTOP\YENIMM\DENEY2GECE\DENEY2.ASM 67 : Found directive in column 1. (BANKSEL)
Warning[203] C:\USERS\TUBA\DESKTOP\YENIMM\DENEY2GECE\DENEY2.ASM 68 : Found opcode in column 1. (MOVLW)
Warning[203] C:\USERS\TUBA\DESKTOP\YENIMM\DENEY2GECE\DENEY2.ASM 69 : Found opcode in column 1. (MOVWF)
Warning[203] C:\USERS\TUBA\DESKTOP\YENIMM\DENEY2GECE\DENEY2.ASM 70 : Found opcode in column 1. (RETFIE)
Warning[203] C:\USERS\TUBA\DESKTOP\YENIMM\DENEY2GECE\DENEY2.ASM 72 : Found opcode in column 1. (BSF)
Warning[205] C:\USERS\TUBA\DESKTOP\YENIMM\DENEY2GECE\DENEY2.ASM 73 : Found directive in column 1. (BANKSEL)
Warning[203] C:\USERS\TUBA\DESKTOP\YENIMM\DENEY2GECE\DENEY2.ASM 74 : Found opcode in column 1. (MOVLW)
Warning[203] C:\USERS\TUBA\DESKTOP\YENIMM\DENEY2GECE\DENEY2.ASM 75 : Found opcode in column 1. (MOVWF)
Warning[203] C:\USERS\TUBA\DESKTOP\YENIMM\DENEY2GECE\DENEY2.ASM 76 : Found opcode in column 1. (RETFIE)
Warning[203] C:\USERS\TUBA\DESKTOP\YENIMM\DENEY2GECE\DENEY2.ASM 77 : Found opcode in column 1. (goto)
Warning[205] C:\USERS\TUBA\DESKTOP\YENIMM\DENEY2GECE\DENEY2.ASM 80 : Found directive in column 1. (BANKSEL)
Warning[203] C:\USERS\TUBA\DESKTOP\YENIMM\DENEY2GECE\DENEY2.ASM 81 : Found opcode in column 1. (CLRF)
Warning[205] C:\USERS\TUBA\DESKTOP\YENIMM\DENEY2GECE\DENEY2.ASM 82 : Found directive in column 1. (BANKSEL)
Warning[203] C:\USERS\TUBA\DESKTOP\YENIMM\DENEY2GECE\DENEY2.ASM 83 : Found opcode in column 1. (MOVLW)
Warning[203] C:\USERS\TUBA\DESKTOP\YENIMM\DENEY2GECE\DENEY2.ASM 84 : Found opcode in column 1. (MOVWF)
Message[302] C:\USERS\TUBA\DESKTOP\YENIMM\DENEY2GECE\DENEY2.ASM 84 : Register in operand not in bank 0.  Ensure that bank bits are correct.
Warning[205] C:\USERS\TUBA\DESKTOP\YENIMM\DENEY2GECE\DENEY2.ASM 85 : Found directive in column 1. (BANKSEL)
Warning[203] C:\USERS\TUBA\DESKTOP\YENIMM\DENEY2GECE\DENEY2.ASM 86 : Found opcode in column 1. (MOVLW)
Warning[203] C:\USERS\TUBA\DESKTOP\YENIMM\DENEY2GECE\DENEY2.ASM 87 : Found opcode in column 1. (MOVWF)
Message[302] C:\USERS\TUBA\DESKTOP\YENIMM\DENEY2GECE\DENEY2.ASM 87 : Register in operand not in bank 0.  Ensure that bank bits are correct.
Warning[205] C:\USERS\TUBA\DESKTOP\YENIMM\DENEY2GECE\DENEY2.ASM 88 : Found directive in column 1. (BANKSEL)
Warning[203] C:\USERS\TUBA\DESKTOP\YENIMM\DENEY2GECE\DENEY2.ASM 89 : Found opcode in column 1. (MOVLW)
Warning[203] C:\USERS\TUBA\DESKTOP\YENIMM\DENEY2GECE\DENEY2.ASM 90 : Found opcode in column 1. (MOVWF)
Warning[205] C:\USERS\TUBA\DESKTOP\YENIMM\DENEY2GECE\DENEY2.ASM 91 : Found directive in column 1. (BANKSEL)
Warning[203] C:\USERS\TUBA\DESKTOP\YENIMM\DENEY2GECE\DENEY2.ASM 92 : Found opcode in column 1. (BSF)
Message[302] C:\USERS\TUBA\DESKTOP\YENIMM\DENEY2GECE\DENEY2.ASM 92 : Register in operand not in bank 0.  Ensure that bank bits are correct.
Warning[205] C:\USERS\TUBA\DESKTOP\YENIMM\DENEY2GECE\DENEY2.ASM 93 : Found directive in column 1. (BANKSEL)
Warning[203] C:\USERS\TUBA\DESKTOP\YENIMM\DENEY2GECE\DENEY2.ASM 94 : Found opcode in column 1. (MOVLW)
Warning[203] C:\USERS\TUBA\DESKTOP\YENIMM\DENEY2GECE\DENEY2.ASM 95 : Found opcode in column 1. (MOVWF)
Warning[205] C:\USERS\TUBA\DESKTOP\YENIMM\DENEY2GECE\DENEY2.ASM 96 : Found directive in column 1. (BANKSEL)
Warning[203] C:\USERS\TUBA\DESKTOP\YENIMM\DENEY2GECE\DENEY2.ASM 97 : Found opcode in column 1. (MOVLW)
Warning[203] C:\USERS\TUBA\DESKTOP\YENIMM\DENEY2GECE\DENEY2.ASM 98 : Found opcode in column 1. (MOVWF)
Warning[205] C:\USERS\TUBA\DESKTOP\YENIMM\DENEY2GECE\DENEY2.ASM 99 : Found directive in column 1. (BANKSEL)
Warning[203] C:\USERS\TUBA\DESKTOP\YENIMM\DENEY2GECE\DENEY2.ASM 100 : Found opcode in column 1. (MOVLW)
Warning[203] C:\USERS\TUBA\DESKTOP\YENIMM\DENEY2GECE\DENEY2.ASM 101 : Found opcode in column 1. (MOVWF)
Warning[205] C:\USERS\TUBA\DESKTOP\YENIMM\DENEY2GECE\DENEY2.ASM 102 : Found directive in column 1. (BANKSEL)
Warning[203] C:\USERS\TUBA\DESKTOP\YENIMM\DENEY2GECE\DENEY2.ASM 103 : Found opcode in column 1. (MOVLW)
Warning[203] C:\USERS\TUBA\DESKTOP\YENIMM\DENEY2GECE\DENEY2.ASM 104 : Found opcode in column 1. (MOVWF)
Warning[205] C:\USERS\TUBA\DESKTOP\YENIMM\DENEY2GECE\DENEY2.ASM 105 : Found directive in column 1. (BANKSEL)
Warning[203] C:\USERS\TUBA\DESKTOP\YENIMM\DENEY2GECE\DENEY2.ASM 106 : Found opcode in column 1. (MOVLW)
Warning[203] C:\USERS\TUBA\DESKTOP\YENIMM\DENEY2GECE\DENEY2.ASM 107 : Found opcode in column 1. (MOVWF)
Warning[205] C:\USERS\TUBA\DESKTOP\YENIMM\DENEY2GECE\DENEY2.ASM 108 : Found directive in column 1. (BANKSEL)
Warning[203] C:\USERS\TUBA\DESKTOP\YENIMM\DENEY2GECE\DENEY2.ASM 109 : Found opcode in column 1. (MOVLW)
Warning[203] C:\USERS\TUBA\DESKTOP\YENIMM\DENEY2GECE\DENEY2.ASM 110 : Found opcode in column 1. (MOVWF)
Warning[203] C:\USERS\TUBA\DESKTOP\YENIMM\DENEY2GECE\DENEY2.ASM 112 : Found opcode in column 1. (GOTO)
Warning[205] C:\USERS\TUBA\DESKTOP\YENIMM\DENEY2GECE\DENEY2.ASM 113 : Found directive in column 1. (END)
