MPASM  5.42                        DENEY2.ASM   10-22-2012  16:56:59         PAGE  1


LOC  OBJECT CODE     LINE SOURCE TEXT
  VALUE

Warning[205]: Found directive in column 1. (list)
                      00001 list p=16F877A
Warning[205]: Found directive in column 1. (include)
                      00002 include <p16f877A.inc>
                      00001         LIST
                      00002 
                      00003 ;==========================================================================
                      00004 ;  MPASM PIC16F877A processor include
                      00005 ; 
                      00006 ;  (c) Copyright 1999-2011 Microchip Technology, All rights reserved
                      00007 ;==========================================================================
                      00008 
                      00555         LIST
  00000021            00003 TMR0SAYAC EQU 21H ;sayacýn kaç kere azaltýlýcaðý
  00000022            00004 TMR1SAYAC EQU 22H ;sayacýn kaç kere azaltýlýcaðý
Warning[205]: Found directive in column 1. (ORG)
0000                  00005 ORG 00H 
Warning[203]: Found opcode in column 1. (GOTO)
0000   2840           00006 GOTO START
Warning[205]: Found directive in column 1. (ORG)
0004                  00007 ORG 04H
Warning[203]: Found opcode in column 1. (GOTO)
0004   2805           00008 GOTO KESME
                      00009 
0005                  00010 KESME
Warning[205]: Found directive in column 1. (BANKSEL)
0005   1283 1303      00011 BANKSEL INTCON
Warning[203]: Found opcode in column 1. (BTFSS)
0007   1D0B           00012 BTFSS INTCON,TMR0IF ;kesme timer0'den mi gelmiþ?
Warning[203]: Found opcode in column 1. (goto)
0008   280A           00013 goto Blabel
Warning[203]: Found opcode in column 1. (goto)
0009   280F           00014 goto TIMER0ISLEM ;kesme timer0'den gelmiþse buraya git
000A                  00015 Blabel
Warning[205]: Found directive in column 1. (BANKSEL)
000A   1283 1303      00016 BANKSEL PIR1 
Warning[203]: Found opcode in column 1. (BTFSS)
000C   1C8C           00017 BTFSS PIR1,TMR2IF ;kesme timer1'den mi gelmiþ?
Warning[203]: Found opcode in column 1. (RETFIE)
000D   0009           00018 RETFIE
Warning[203]: Found opcode in column 1. (goto)
000E   2825           00019 goto TIMER1ISLEM;kesme timer1'den gelmiþse buraya git
                      00020 
                      00021 
                      00022 
000F                  00023 TIMER0ISLEM
Warning[205]: Found directive in column 1. (BANKSEL)
000F   1283 1303      00024 BANKSEL INTCON
Warning[203]: Found opcode in column 1. (BCF)
0011   110B           00025 BCF INTCON,TMR0IF
Warning[205]: Found directive in column 1. (BANKSEL)
0012   1283 1303      00026 BANKSEL TMR0
Warning[203]: Found opcode in column 1. (MOVLW)
MPASM  5.42                        DENEY2.ASM   10-22-2012  16:56:59         PAGE  2


LOC  OBJECT CODE     LINE SOURCE TEXT
  VALUE

0014   3006           00027 MOVLW D'06'
Warning[203]: Found opcode in column 1. (MOVWF)
0015   0081           00028 MOVWF TMR0
Warning[203]: Found opcode in column 1. (DECFSZ)
0016   0BA1           00029 DECFSZ TMR0SAYAC,F
Warning[203]: Found opcode in column 1. (goto)
0017   286A           00030 goto DONGU
Warning[203]: Found opcode in column 1. (GOTO)
0018   2819           00031 GOTO LED1
                      00032 
0019                  00033 LED1
Warning[205]: Found directive in column 1. (BANKSEL)
0019   1283 1303      00034 BANKSEL TMR0SAYAC
Warning[203]: Found opcode in column 1. (MOVLW)
001B   300A           00035 MOVLW D'10'
Warning[203]: Found opcode in column 1. (MOVWF)
001C   00A1           00036 MOVWF TMR0SAYAC
Warning[203]: Found opcode in column 1. (BTFSS)
001D   1C08           00037 BTFSS PORTD,0
Warning[203]: Found opcode in column 1. (GOTO)
001E   2821           00038 GOTO LED1YAK
Warning[203]: Found opcode in column 1. (BTFSS)
001F   1C08           00039 BTFSS PORTD,0
Warning[203]: Found opcode in column 1. (GOTO)
0020   2823           00040 GOTO LED1SON
                      00041 
0021                  00042 LED1YAK:
Warning[203]: Found opcode in column 1. (BSF)
0021   1408           00043 BSF PORTD,0
Warning[203]: Found opcode in column 1. (goto)
0022   286A           00044 goto DONGU
                      00045 
0023                  00046 LED1SON:
Warning[203]: Found opcode in column 1. (BCF)
0023   1008           00047 BCF PORTD,0
Warning[203]: Found opcode in column 1. (goto)
0024   286A           00048 goto DONGU
                      00049 
                      00050 
0025                  00051 TIMER1ISLEM
Warning[205]: Found directive in column 1. (BANKSEL)
0025   1283 1303      00052 BANKSEL PIR1
Warning[203]: Found opcode in column 1. (BTFSS)
0027   1C8C           00053 BTFSS PIR1,TMR2IF
Warning[203]: Found opcode in column 1. (MOVLW)
0028   3006           00054 MOVLW d'06'
Warning[203]: Found opcode in column 1. (MOVWF)
0029   008E           00055 MOVWF TMR1L
Warning[205]: Found directive in column 1. (BANKSEL)
002A   1283 1303      00056 BANKSEL TMR1H
Warning[203]: Found opcode in column 1. (MOVLW)
002C   3006           00057 MOVLW d'06'
Warning[203]: Found opcode in column 1. (MOVWF)
MPASM  5.42                        DENEY2.ASM   10-22-2012  16:56:59         PAGE  3


LOC  OBJECT CODE     LINE SOURCE TEXT
  VALUE

002D   008F           00058 MOVWF TMR1H
Warning[203]: Found opcode in column 1. (DECFSZ)
002E   0BA2           00059 DECFSZ TMR1SAYAC,F
Warning[203]: Found opcode in column 1. (RETFIE)
002F   0009           00060 RETFIE
Warning[203]: Found opcode in column 1. (GOTO)
0030   286A           00061 GOTO DONGU
                      00062 
0031                  00063 LED2
Warning[203]: Found opcode in column 1. (BTFSS)
0031   1C88           00064 BTFSS PORTD,1
Warning[203]: Found opcode in column 1. (GOTO)
0032   2839           00065 GOTO YAK1
Warning[203]: Found opcode in column 1. (BCF)
0033   1088           00066 BCF PORTD,1
Warning[205]: Found directive in column 1. (BANKSEL)
0034   1283 1303      00067 BANKSEL TMR1SAYAC
Warning[203]: Found opcode in column 1. (MOVLW)
0036   3004           00068 MOVLW D'4'
Warning[203]: Found opcode in column 1. (MOVWF)
0037   00A2           00069 MOVWF TMR1SAYAC
Warning[203]: Found opcode in column 1. (RETFIE)
0038   0009           00070 RETFIE
0039                  00071 YAK1:
Warning[203]: Found opcode in column 1. (BSF)
0039   1488           00072 BSF PORTD,1
Warning[205]: Found directive in column 1. (BANKSEL)
003A   1283 1303      00073 BANKSEL TMR1SAYAC
Warning[203]: Found opcode in column 1. (MOVLW)
003C   3004           00074 MOVLW D'4'
Warning[203]: Found opcode in column 1. (MOVWF)
003D   00A2           00075 MOVWF TMR1SAYAC
Warning[203]: Found opcode in column 1. (RETFIE)
003E   0009           00076 RETFIE
Warning[203]: Found opcode in column 1. (goto)
003F   286A           00077 goto DONGU
                      00078 
0040                  00079 START
Warning[205]: Found directive in column 1. (BANKSEL)
0040   1283 1303      00080 BANKSEL PORTD 
Warning[203]: Found opcode in column 1. (CLRF)
0042   0188           00081 CLRF PORTD ;PortD temizlenir
Warning[205]: Found directive in column 1. (BANKSEL)
0043   1683 1303      00082 BANKSEL TRISD
Warning[203]: Found opcode in column 1. (MOVLW)
0045   3000           00083 MOVLW B'00000000'
Warning[203]: Found opcode in column 1. (MOVWF)
Message[302]: Register in operand not in bank 0.  Ensure that bank bits are correct.
0046   0088           00084 MOVWF TRISD ;portd çýkýþ yapýlýr
Warning[205]: Found directive in column 1. (BANKSEL)
0047   1683 1303      00085 BANKSEL OPTION_REG
Warning[203]: Found opcode in column 1. (MOVLW)
0049   3003           00086 MOVLW B'00000011'
MPASM  5.42                        DENEY2.ASM   10-22-2012  16:56:59         PAGE  4


LOC  OBJECT CODE     LINE SOURCE TEXT
  VALUE

Warning[203]: Found opcode in column 1. (MOVWF)
Message[302]: Register in operand not in bank 0.  Ensure that bank bits are correct.
004A   0081           00087 MOVWF OPTION_REG ;tmr oran 1*16
Warning[205]: Found directive in column 1. (BANKSEL)
004B   1283 1303      00088 BANKSEL INTCON
Warning[203]: Found opcode in column 1. (MOVLW)
004D   30E0           00089 MOVLW B'11100000' 
Warning[203]: Found opcode in column 1. (MOVWF)
004E   008B           00090 MOVWF INTCON;kesme iþlemlerini aktif hale getir, çevre arabirimlerini aktif et, tmr0IE ile kesme bitine 
                            izin ver
Warning[205]: Found directive in column 1. (BANKSEL)
004F   1683 1303      00091 BANKSEL PIE1
Warning[203]: Found opcode in column 1. (BSF)
Message[302]: Register in operand not in bank 0.  Ensure that bank bits are correct.
0051   140C           00092 BSF PIE1,0 ;timer1'i kesmesini aktif hale getir
Warning[205]: Found directive in column 1. (BANKSEL)
0052   1283 1303      00093 BANKSEL T1CON
Warning[203]: Found opcode in column 1. (MOVLW)
0054   3011           00094 MOVLW B'00010001'
Warning[203]: Found opcode in column 1. (MOVWF)
0055   0090           00095 MOVWF T1CON
Warning[205]: Found directive in column 1. (BANKSEL)
0056   1283 1303      00096 BANKSEL TMR0
Warning[203]: Found opcode in column 1. (MOVLW)
0058   3006           00097 MOVLW D'06'
Warning[203]: Found opcode in column 1. (MOVWF)
0059   0081           00098 MOVWF TMR0
Warning[205]: Found directive in column 1. (BANKSEL)
005A   1283 1303      00099 BANKSEL TMR1L
Warning[203]: Found opcode in column 1. (MOVLW)
005C   3006           00100 MOVLW d'06'
Warning[203]: Found opcode in column 1. (MOVWF)
005D   008E           00101 MOVWF TMR1L
Warning[205]: Found directive in column 1. (BANKSEL)
005E   1283 1303      00102 BANKSEL TMR1H
Warning[203]: Found opcode in column 1. (MOVLW)
0060   3006           00103 MOVLW d'06'
Warning[203]: Found opcode in column 1. (MOVWF)
0061   008F           00104 MOVWF TMR1H
Warning[205]: Found directive in column 1. (BANKSEL)
0062   1283 1303      00105 BANKSEL TMR0SAYAC
Warning[203]: Found opcode in column 1. (MOVLW)
0064   300A           00106 MOVLW D'10'
Warning[203]: Found opcode in column 1. (MOVWF)
0065   00A1           00107 MOVWF TMR0SAYAC
Warning[205]: Found directive in column 1. (BANKSEL)
0066   1283 1303      00108 BANKSEL TMR1SAYAC
Warning[203]: Found opcode in column 1. (MOVLW)
0068   3004           00109 MOVLW D'4'
Warning[203]: Found opcode in column 1. (MOVWF)
0069   00A2           00110 MOVWF TMR1SAYAC
006A                  00111 DONGU 
Warning[203]: Found opcode in column 1. (GOTO)
MPASM  5.42                        DENEY2.ASM   10-22-2012  16:56:59         PAGE  5


LOC  OBJECT CODE     LINE SOURCE TEXT
  VALUE

006A   286A           00112 GOTO DONGU
Warning[205]: Found directive in column 1. (END)
                      00113 END
MPASM  5.42                        DENEY2.ASM   10-22-2012  16:56:59         PAGE  6


SYMBOL TABLE
  LABEL                             VALUE 

ACKDT                             00000005
ACKEN                             00000004
ACKSTAT                           00000006
ADCON0                            0000001F
ADCON1                            0000009F
ADCS0                             00000006
ADCS1                             00000007
ADCS2                             00000006
ADDEN                             00000003
ADFM                              00000007
ADIE                              00000006
ADIF                              00000006
ADON                              00000000
ADRESH                            0000001E
ADRESL                            0000009E
BCLIE                             00000003
BCLIF                             00000003
BF                                00000000
BRGH                              00000002
Blabel                            0000000A
C                                 00000000
C1INV                             00000004
C1OUT                             00000006
C2INV                             00000005
C2OUT                             00000007
CCP1CON                           00000017
CCP1IE                            00000002
CCP1IF                            00000002
CCP1M0                            00000000
CCP1M1                            00000001
CCP1M2                            00000002
CCP1M3                            00000003
CCP1X                             00000005
CCP1Y                             00000004
CCP2CON                           0000001D
CCP2IE                            00000000
CCP2IF                            00000000
CCP2M0                            00000000
CCP2M1                            00000001
CCP2M2                            00000002
CCP2M3                            00000003
CCP2X                             00000005
CCP2Y                             00000004
CCPR1                             00000015
CCPR1H                            00000016
CCPR1L                            00000015
CCPR2                             0000001B
CCPR2H                            0000001C
CCPR2L                            0000001B
CHS0                              00000003
CHS1                              00000004
CHS2                              00000005
CIS                               00000003
MPASM  5.42                        DENEY2.ASM   10-22-2012  16:56:59         PAGE  7


SYMBOL TABLE
  LABEL                             VALUE 

CKE                               00000006
CKP                               00000004
CM0                               00000000
CM1                               00000001
CM2                               00000002
CMCON                             0000009C
CMIE                              00000006
CMIF                              00000006
CREN                              00000004
CSRC                              00000007
CVR0                              00000000
CVR1                              00000001
CVR2                              00000002
CVR3                              00000003
CVRCON                            0000009D
CVREN                             00000007
CVROE                             00000006
CVRR                              00000005
D                                 00000005
DATA_ADDRESS                      00000005
DC                                00000001
DONGU                             0000006A
D_A                               00000005
D_NOT_A                           00000005
EEADR                             0000010D
EEADRH                            0000010F
EECON1                            0000018C
EECON2                            0000018D
EEDATA                            0000010C
EEDATH                            0000010E
EEIE                              00000004
EEIF                              00000004
EEPGD                             00000007
F                                 00000001
FERR                              00000002
FSR                               00000004
GCEN                              00000007
GIE                               00000007
GO                                00000002
GO_DONE                           00000002
GO_NOT_DONE                       00000002
I2C_DATA                          00000005
I2C_READ                          00000002
I2C_START                         00000003
I2C_STOP                          00000004
IBF                               00000007
IBOV                              00000005
INDF                              00000000
INTCON                            0000000B
INTE                              00000004
INTEDG                            00000006
INTF                              00000001
IRP                               00000007
MPASM  5.42                        DENEY2.ASM   10-22-2012  16:56:59         PAGE  8


SYMBOL TABLE
  LABEL                             VALUE 

KESME                             00000005
LED1                              00000019
LED1SON                           00000023
LED1YAK                           00000021
LED2                              00000031
NOT_A                             00000005
NOT_ADDRESS                       00000005
NOT_BO                            00000000
NOT_BOR                           00000000
NOT_DONE                          00000002
NOT_PD                            00000003
NOT_POR                           00000001
NOT_RBPU                          00000007
NOT_RC8                           00000006
NOT_T1SYNC                        00000002
NOT_TO                            00000004
NOT_TX8                           00000006
NOT_W                             00000002
NOT_WRITE                         00000002
OBF                               00000006
OERR                              00000001
OPTION_REG                        00000081
P                                 00000004
PCFG0                             00000000
PCFG1                             00000001
PCFG2                             00000002
PCFG3                             00000003
PCL                               00000002
PCLATH                            0000000A
PCON                              0000008E
PEIE                              00000006
PEN                               00000002
PIE1                              0000008C
PIE2                              0000008D
PIR1                              0000000C
PIR2                              0000000D
PORTA                             00000005
PORTB                             00000006
PORTC                             00000007
PORTD                             00000008
PORTE                             00000009
PR2                               00000092
PS0                               00000000
PS1                               00000001
PS2                               00000002
PSA                               00000003
PSPIE                             00000007
PSPIF                             00000007
PSPMODE                           00000004
R                                 00000002
RA0                               00000000
RA1                               00000001
RA2                               00000002
MPASM  5.42                        DENEY2.ASM   10-22-2012  16:56:59         PAGE  9


SYMBOL TABLE
  LABEL                             VALUE 

RA3                               00000003
RA4                               00000004
RA5                               00000005
RB0                               00000000
RB1                               00000001
RB2                               00000002
RB3                               00000003
RB4                               00000004
RB5                               00000005
RB6                               00000006
RB7                               00000007
RBIE                              00000003
RBIF                              00000000
RC0                               00000000
RC1                               00000001
RC2                               00000002
RC3                               00000003
RC4                               00000004
RC5                               00000005
RC6                               00000006
RC7                               00000007
RC8_9                             00000006
RC9                               00000006
RCD8                              00000000
RCEN                              00000003
RCIE                              00000005
RCIF                              00000005
RCREG                             0000001A
RCSTA                             00000018
RD                                00000000
RD0                               00000000
RD1                               00000001
RD2                               00000002
RD3                               00000003
RD4                               00000004
RD5                               00000005
RD6                               00000006
RD7                               00000007
RE0                               00000000
RE1                               00000001
RE2                               00000002
READ_WRITE                        00000002
RP0                               00000005
RP1                               00000006
RSEN                              00000001
RX9                               00000006
RX9D                              00000000
R_NOT_W                           00000002
R_W                               00000002
S                                 00000003
SEN                               00000000
SMP                               00000007
SPBRG                             00000099
MPASM  5.42                        DENEY2.ASM   10-22-2012  16:56:59         PAGE 10


SYMBOL TABLE
  LABEL                             VALUE 

SPEN                              00000007
SREN                              00000005
SSPADD                            00000093
SSPBUF                            00000013
SSPCON                            00000014
SSPCON2                           00000091
SSPEN                             00000005
SSPIE                             00000003
SSPIF                             00000003
SSPM0                             00000000
SSPM1                             00000001
SSPM2                             00000002
SSPM3                             00000003
SSPOV                             00000006
SSPSTAT                           00000094
START                             00000040
STATUS                            00000003
SYNC                              00000004
T0CS                              00000005
T0IE                              00000005
T0IF                              00000002
T0SE                              00000004
T1CKPS0                           00000004
T1CKPS1                           00000005
T1CON                             00000010
T1INSYNC                          00000002
T1OSCEN                           00000003
T1SYNC                            00000002
T2CKPS0                           00000000
T2CKPS1                           00000001
T2CON                             00000012
TIMER0ISLEM                       0000000F
TIMER1ISLEM                       00000025
TMR0                              00000001
TMR0IE                            00000005
TMR0IF                            00000002
TMR0SAYAC                         00000021
TMR1CS                            00000001
TMR1H                             0000000F
TMR1IE                            00000000
TMR1IF                            00000000
TMR1L                             0000000E
TMR1ON                            00000000
TMR1SAYAC                         00000022
TMR2                              00000011
TMR2IE                            00000001
TMR2IF                            00000001
TMR2ON                            00000002
TOUTPS0                           00000003
TOUTPS1                           00000004
TOUTPS2                           00000005
TOUTPS3                           00000006
TRISA                             00000085
MPASM  5.42                        DENEY2.ASM   10-22-2012  16:56:59         PAGE 11


SYMBOL TABLE
  LABEL                             VALUE 

TRISA0                            00000000
TRISA1                            00000001
TRISA2                            00000002
TRISA3                            00000003
TRISA4                            00000004
TRISA5                            00000005
TRISB                             00000086
TRISB0                            00000000
TRISB1                            00000001
TRISB2                            00000002
TRISB3                            00000003
TRISB4                            00000004
TRISB5                            00000005
TRISB6                            00000006
TRISB7                            00000007
TRISC                             00000087
TRISC0                            00000000
TRISC1                            00000001
TRISC2                            00000002
TRISC3                            00000003
TRISC4                            00000004
TRISC5                            00000005
TRISC6                            00000006
TRISC7                            00000007
TRISD                             00000088
TRISD0                            00000000
TRISD1                            00000001
TRISD2                            00000002
TRISD3                            00000003
TRISD4                            00000004
TRISD5                            00000005
TRISD6                            00000006
TRISD7                            00000007
TRISE                             00000089
TRISE0                            00000000
TRISE1                            00000001
TRISE2                            00000002
TRMT                              00000001
TX8_9                             00000006
TX9                               00000006
TX9D                              00000000
TXD8                              00000000
TXEN                              00000005
TXIE                              00000004
TXIF                              00000004
TXREG                             00000019
TXSTA                             00000098
UA                                00000001
W                                 00000000
WCOL                              00000007
WR                                00000001
WREN                              00000002
WRERR                             00000003
MPASM  5.42                        DENEY2.ASM   10-22-2012  16:56:59         PAGE 12


SYMBOL TABLE
  LABEL                             VALUE 

YAK1                              00000039
Z                                 00000002
_BODEN_OFF                        00003FBF
_BODEN_ON                         00003FFF
_CONFIG                           00002007
_CPD_OFF                          00003FFF
_CPD_ON                           00003EFF
_CP_ALL                           00001FFF
_CP_OFF                           00003FFF
_DEBUG_OFF                        00003FFF
_DEBUG_ON                         000037FF
_DEVID1                           00002006
_HS_OSC                           00003FFE
_IDLOC0                           00002000
_IDLOC1                           00002001
_IDLOC2                           00002002
_IDLOC3                           00002003
_LP_OSC                           00003FFC
_LVP_OFF                          00003F7F
_LVP_ON                           00003FFF
_PWRTE_OFF                        00003FFF
_PWRTE_ON                         00003FF7
_RC_OSC                           00003FFF
_WDT_OFF                          00003FFB
_WDT_ON                           00003FFF
_WRT_1FOURTH                      00003BFF
_WRT_256                          00003DFF
_WRT_HALF                         000039FF
_WRT_OFF                          00003FFF
_XT_OSC                           00003FFD
__16F877A                         00000001
__DEBUG                           1


MEMORY USAGE MAP ('X' = Used,  '-' = Unused)

0000 : X---XXXXXXXXXXXX XXXXXXXXXXXXXXXX XXXXXXXXXXXXXXXX XXXXXXXXXXXXXXXX
0040 : XXXXXXXXXXXXXXXX XXXXXXXXXXXXXXXX XXXXXXXXXXX----- ----------------

All other memory blocks unused.

Program Memory Words Used:   104
Program Memory Words Free:  8088


Errors   :     0
Warnings :    89 reported,     0 suppressed
Messages :     3 reported,     0 suppressed

