Warning[205] C:\USERS\ULUZMAN\DESKTOP\MIKROPROJE\EEPROM\YAZMA.ASM 1 : Found directive in column 1. (list)
Warning[205] C:\USERS\ULUZMAN\DESKTOP\MIKROPROJE\EEPROM\YAZMA.ASM 3 : Found directive in column 1. (ORG)
Warning[203] C:\USERS\ULUZMAN\DESKTOP\MIKROPROJE\EEPROM\YAZMA.ASM 5 : Found opcode in column 1. (GOTO)
Warning[205] C:\USERS\ULUZMAN\DESKTOP\MIKROPROJE\EEPROM\YAZMA.ASM 6 : Found directive in column 1. (ORG)
Warning[205] C:\USERS\ULUZMAN\DESKTOP\MIKROPROJE\EEPROM\YAZMA.ASM 8 : Found directive in column 1. (BANKSEL)
Warning[203] C:\USERS\ULUZMAN\DESKTOP\MIKROPROJE\EEPROM\YAZMA.ASM 9 : Found opcode in column 1. (BTFSS)
Warning[203] C:\USERS\ULUZMAN\DESKTOP\MIKROPROJE\EEPROM\YAZMA.ASM 10 : Found opcode in column 1. (GOTO)
Warning[203] C:\USERS\ULUZMAN\DESKTOP\MIKROPROJE\EEPROM\YAZMA.ASM 11 : Found opcode in column 1. (BCF)
Warning[203] C:\USERS\ULUZMAN\DESKTOP\MIKROPROJE\EEPROM\YAZMA.ASM 12 : Found opcode in column 1. (GOTO)
Warning[203] C:\USERS\ULUZMAN\DESKTOP\MIKROPROJE\EEPROM\YAZMA.ASM 14 : Found opcode in column 1. (BTFSS)
Warning[203] C:\USERS\ULUZMAN\DESKTOP\MIKROPROJE\EEPROM\YAZMA.ASM 15 : Found opcode in column 1. (GOTO)
Warning[203] C:\USERS\ULUZMAN\DESKTOP\MIKROPROJE\EEPROM\YAZMA.ASM 16 : Found opcode in column 1. (BCF)
Warning[203] C:\USERS\ULUZMAN\DESKTOP\MIKROPROJE\EEPROM\YAZMA.ASM 17 : Found opcode in column 1. (BTFSC)
Warning[203] C:\USERS\ULUZMAN\DESKTOP\MIKROPROJE\EEPROM\YAZMA.ASM 18 : Found opcode in column 1. (GOTO)
Warning[203] C:\USERS\ULUZMAN\DESKTOP\MIKROPROJE\EEPROM\YAZMA.ASM 19 : Found opcode in column 1. (BTFSC)
Warning[203] C:\USERS\ULUZMAN\DESKTOP\MIKROPROJE\EEPROM\YAZMA.ASM 20 : Found opcode in column 1. (GOTO)
Warning[203] C:\USERS\ULUZMAN\DESKTOP\MIKROPROJE\EEPROM\YAZMA.ASM 21 : Found opcode in column 1. (BTFSC)
Warning[203] C:\USERS\ULUZMAN\DESKTOP\MIKROPROJE\EEPROM\YAZMA.ASM 22 : Found opcode in column 1. (GOTO)
Warning[203] C:\USERS\ULUZMAN\DESKTOP\MIKROPROJE\EEPROM\YAZMA.ASM 23 : Found opcode in column 1. (BTFSC)
Warning[203] C:\USERS\ULUZMAN\DESKTOP\MIKROPROJE\EEPROM\YAZMA.ASM 24 : Found opcode in column 1. (GOTO)
Warning[203] C:\USERS\ULUZMAN\DESKTOP\MIKROPROJE\EEPROM\YAZMA.ASM 25 : Found opcode in column 1. (RETFIE)
Warning[203] C:\USERS\ULUZMAN\DESKTOP\MIKROPROJE\EEPROM\YAZMA.ASM 28 : Found opcode in column 1. (CALL)
Warning[203] C:\USERS\ULUZMAN\DESKTOP\MIKROPROJE\EEPROM\YAZMA.ASM 30 : Found opcode in column 1. (BTFSC)
Warning[203] C:\USERS\ULUZMAN\DESKTOP\MIKROPROJE\EEPROM\YAZMA.ASM 31 : Found opcode in column 1. (CLRF)
Warning[203] C:\USERS\ULUZMAN\DESKTOP\MIKROPROJE\EEPROM\YAZMA.ASM 32 : Found opcode in column 1. (GOTO)
Warning[203] C:\USERS\ULUZMAN\DESKTOP\MIKROPROJE\EEPROM\YAZMA.ASM 35 : Found opcode in column 1. (BCF)
Warning[203] C:\USERS\ULUZMAN\DESKTOP\MIKROPROJE\EEPROM\YAZMA.ASM 36 : Found opcode in column 1. (INCF)
Warning[203] C:\USERS\ULUZMAN\DESKTOP\MIKROPROJE\EEPROM\YAZMA.ASM 37 : Found opcode in column 1. (MOVF)
Warning[203] C:\USERS\ULUZMAN\DESKTOP\MIKROPROJE\EEPROM\YAZMA.ASM 38 : Found opcode in column 1. (BCF)
Warning[205] C:\USERS\ULUZMAN\DESKTOP\MIKROPROJE\EEPROM\YAZMA.ASM 39 : Found directive in column 1. (BANKSEL)
Warning[203] C:\USERS\ULUZMAN\DESKTOP\MIKROPROJE\EEPROM\YAZMA.ASM 40 : Found opcode in column 1. (MOVWF)
Message[302] C:\USERS\ULUZMAN\DESKTOP\MIKROPROJE\EEPROM\YAZMA.ASM 40 : Register in operand not in bank 0.  Ensure that bank bits are correct.
Warning[205] C:\USERS\ULUZMAN\DESKTOP\MIKROPROJE\EEPROM\YAZMA.ASM 42 : Found directive in column 1. (BANKSEL)
Warning[203] C:\USERS\ULUZMAN\DESKTOP\MIKROPROJE\EEPROM\YAZMA.ASM 44 : Found opcode in column 1. (MOVLW)
Warning[203] C:\USERS\ULUZMAN\DESKTOP\MIKROPROJE\EEPROM\YAZMA.ASM 45 : Found opcode in column 1. (MOVWF)
Message[302] C:\USERS\ULUZMAN\DESKTOP\MIKROPROJE\EEPROM\YAZMA.ASM 45 : Register in operand not in bank 0.  Ensure that bank bits are correct.
Warning[203] C:\USERS\ULUZMAN\DESKTOP\MIKROPROJE\EEPROM\YAZMA.ASM 46 : Found opcode in column 1. (CALL)
Warning[203] C:\USERS\ULUZMAN\DESKTOP\MIKROPROJE\EEPROM\YAZMA.ASM 47 : Found opcode in column 1. (BCF)
Warning[203] C:\USERS\ULUZMAN\DESKTOP\MIKROPROJE\EEPROM\YAZMA.ASM 48 : Found opcode in column 1. (RETFIE)
Warning[203] C:\USERS\ULUZMAN\DESKTOP\MIKROPROJE\EEPROM\YAZMA.ASM 51 : Found opcode in column 1. (BCF)
Warning[203] C:\USERS\ULUZMAN\DESKTOP\MIKROPROJE\EEPROM\YAZMA.ASM 52 : Found opcode in column 1. (INCF)
Warning[203] C:\USERS\ULUZMAN\DESKTOP\MIKROPROJE\EEPROM\YAZMA.ASM 53 : Found opcode in column 1. (MOVF)
Warning[203] C:\USERS\ULUZMAN\DESKTOP\MIKROPROJE\EEPROM\YAZMA.ASM 54 : Found opcode in column 1. (BCF)
Warning[205] C:\USERS\ULUZMAN\DESKTOP\MIKROPROJE\EEPROM\YAZMA.ASM 55 : Found directive in column 1. (BANKSEL)
Warning[203] C:\USERS\ULUZMAN\DESKTOP\MIKROPROJE\EEPROM\YAZMA.ASM 56 : Found opcode in column 1. (MOVWF)
Message[302] C:\USERS\ULUZMAN\DESKTOP\MIKROPROJE\EEPROM\YAZMA.ASM 56 : Register in operand not in bank 0.  Ensure that bank bits are correct.
Warning[205] C:\USERS\ULUZMAN\DESKTOP\MIKROPROJE\EEPROM\YAZMA.ASM 58 : Found directive in column 1. (BANKSEL)
Warning[203] C:\USERS\ULUZMAN\DESKTOP\MIKROPROJE\EEPROM\YAZMA.ASM 60 : Found opcode in column 1. (MOVLW)
Warning[203] C:\USERS\ULUZMAN\DESKTOP\MIKROPROJE\EEPROM\YAZMA.ASM 61 : Found opcode in column 1. (MOVWF)
Message[302] C:\USERS\ULUZMAN\DESKTOP\MIKROPROJE\EEPROM\YAZMA.ASM 61 : Register in operand not in bank 0.  Ensure that bank bits are correct.
Warning[203] C:\USERS\ULUZMAN\DESKTOP\MIKROPROJE\EEPROM\YAZMA.ASM 62 : Found opcode in column 1. (CALL)
Warning[203] C:\USERS\ULUZMAN\DESKTOP\MIKROPROJE\EEPROM\YAZMA.ASM 63 : Found opcode in column 1. (BCF)
Warning[203] C:\USERS\ULUZMAN\DESKTOP\MIKROPROJE\EEPROM\YAZMA.ASM 64 : Found opcode in column 1. (RETFIE)
Warning[203] C:\USERS\ULUZMAN\DESKTOP\MIKROPROJE\EEPROM\YAZMA.ASM 67 : Found opcode in column 1. (BCF)
Warning[203] C:\USERS\ULUZMAN\DESKTOP\MIKROPROJE\EEPROM\YAZMA.ASM 68 : Found opcode in column 1. (INCF)
Warning[203] C:\USERS\ULUZMAN\DESKTOP\MIKROPROJE\EEPROM\YAZMA.ASM 69 : Found opcode in column 1. (MOVF)
Warning[203] C:\USERS\ULUZMAN\DESKTOP\MIKROPROJE\EEPROM\YAZMA.ASM 70 : Found opcode in column 1. (BCF)
Warning[205] C:\USERS\ULUZMAN\DESKTOP\MIKROPROJE\EEPROM\YAZMA.ASM 71 : Found directive in column 1. (BANKSEL)
Warning[203] C:\USERS\ULUZMAN\DESKTOP\MIKROPROJE\EEPROM\YAZMA.ASM 72 : Found opcode in column 1. (MOVWF)
Message[302] C:\USERS\ULUZMAN\DESKTOP\MIKROPROJE\EEPROM\YAZMA.ASM 72 : Register in operand not in bank 0.  Ensure that bank bits are correct.
Warning[205] C:\USERS\ULUZMAN\DESKTOP\MIKROPROJE\EEPROM\YAZMA.ASM 74 : Found directive in column 1. (BANKSEL)
Warning[203] C:\USERS\ULUZMAN\DESKTOP\MIKROPROJE\EEPROM\YAZMA.ASM 76 : Found opcode in column 1. (MOVLW)
Warning[203] C:\USERS\ULUZMAN\DESKTOP\MIKROPROJE\EEPROM\YAZMA.ASM 77 : Found opcode in column 1. (MOVWF)
Message[302] C:\USERS\ULUZMAN\DESKTOP\MIKROPROJE\EEPROM\YAZMA.ASM 77 : Register in operand not in bank 0.  Ensure that bank bits are correct.
Warning[203] C:\USERS\ULUZMAN\DESKTOP\MIKROPROJE\EEPROM\YAZMA.ASM 78 : Found opcode in column 1. (BCF)
Warning[203] C:\USERS\ULUZMAN\DESKTOP\MIKROPROJE\EEPROM\YAZMA.ASM 79 : Found opcode in column 1. (CALL)
Warning[203] C:\USERS\ULUZMAN\DESKTOP\MIKROPROJE\EEPROM\YAZMA.ASM 80 : Found opcode in column 1. (RETFIE)
Warning[203] C:\USERS\ULUZMAN\DESKTOP\MIKROPROJE\EEPROM\YAZMA.ASM 83 : Found opcode in column 1. (BCF)
Warning[203] C:\USERS\ULUZMAN\DESKTOP\MIKROPROJE\EEPROM\YAZMA.ASM 84 : Found opcode in column 1. (INCF)
Warning[203] C:\USERS\ULUZMAN\DESKTOP\MIKROPROJE\EEPROM\YAZMA.ASM 85 : Found opcode in column 1. (MOVF)
Warning[203] C:\USERS\ULUZMAN\DESKTOP\MIKROPROJE\EEPROM\YAZMA.ASM 86 : Found opcode in column 1. (BCF)
Warning[205] C:\USERS\ULUZMAN\DESKTOP\MIKROPROJE\EEPROM\YAZMA.ASM 87 : Found directive in column 1. (BANKSEL)
Warning[203] C:\USERS\ULUZMAN\DESKTOP\MIKROPROJE\EEPROM\YAZMA.ASM 88 : Found opcode in column 1. (MOVWF)
Message[302] C:\USERS\ULUZMAN\DESKTOP\MIKROPROJE\EEPROM\YAZMA.ASM 88 : Register in operand not in bank 0.  Ensure that bank bits are correct.
Warning[205] C:\USERS\ULUZMAN\DESKTOP\MIKROPROJE\EEPROM\YAZMA.ASM 90 : Found directive in column 1. (BANKSEL)
Warning[203] C:\USERS\ULUZMAN\DESKTOP\MIKROPROJE\EEPROM\YAZMA.ASM 91 : Found opcode in column 1. (MOVLW)
Warning[203] C:\USERS\ULUZMAN\DESKTOP\MIKROPROJE\EEPROM\YAZMA.ASM 92 : Found opcode in column 1. (MOVWF)
Message[302] C:\USERS\ULUZMAN\DESKTOP\MIKROPROJE\EEPROM\YAZMA.ASM 92 : Register in operand not in bank 0.  Ensure that bank bits are correct.
Warning[203] C:\USERS\ULUZMAN\DESKTOP\MIKROPROJE\EEPROM\YAZMA.ASM 93 : Found opcode in column 1. (CALL)
Warning[203] C:\USERS\ULUZMAN\DESKTOP\MIKROPROJE\EEPROM\YAZMA.ASM 94 : Found opcode in column 1. (BCF)
Warning[203] C:\USERS\ULUZMAN\DESKTOP\MIKROPROJE\EEPROM\YAZMA.ASM 95 : Found opcode in column 1. (RETFIE)
Warning[203] C:\USERS\ULUZMAN\DESKTOP\MIKROPROJE\EEPROM\YAZMA.ASM 98 : Found opcode in column 1. (BSF)
Warning[203] C:\USERS\ULUZMAN\DESKTOP\MIKROPROJE\EEPROM\YAZMA.ASM 99 : Found opcode in column 1. (MOVLW)
Warning[203] C:\USERS\ULUZMAN\DESKTOP\MIKROPROJE\EEPROM\YAZMA.ASM 100 : Found opcode in column 1. (MOVWF)
Message[302] C:\USERS\ULUZMAN\DESKTOP\MIKROPROJE\EEPROM\YAZMA.ASM 100 : Register in operand not in bank 0.  Ensure that bank bits are correct.
Warning[203] C:\USERS\ULUZMAN\DESKTOP\MIKROPROJE\EEPROM\YAZMA.ASM 101 : Found opcode in column 1. (CLRF)
Message[302] C:\USERS\ULUZMAN\DESKTOP\MIKROPROJE\EEPROM\YAZMA.ASM 101 : Register in operand not in bank 0.  Ensure that bank bits are correct.
Warning[203] C:\USERS\ULUZMAN\DESKTOP\MIKROPROJE\EEPROM\YAZMA.ASM 102 : Found opcode in column 1. (BSF)
Message[302] C:\USERS\ULUZMAN\DESKTOP\MIKROPROJE\EEPROM\YAZMA.ASM 102 : Register in operand not in bank 0.  Ensure that bank bits are correct.
Warning[203] C:\USERS\ULUZMAN\DESKTOP\MIKROPROJE\EEPROM\YAZMA.ASM 103 : Found opcode in column 1. (BCF)
Warning[203] C:\USERS\ULUZMAN\DESKTOP\MIKROPROJE\EEPROM\YAZMA.ASM 104 : Found opcode in column 1. (CLRF)
Warning[203] C:\USERS\ULUZMAN\DESKTOP\MIKROPROJE\EEPROM\YAZMA.ASM 105 : Found opcode in column 1. (CLRF)
Warning[203] C:\USERS\ULUZMAN\DESKTOP\MIKROPROJE\EEPROM\YAZMA.ASM 106 : Found opcode in column 1. (MOVLW)
Warning[203] C:\USERS\ULUZMAN\DESKTOP\MIKROPROJE\EEPROM\YAZMA.ASM 107 : Found opcode in column 1. (MOVWF)
Warning[203] C:\USERS\ULUZMAN\DESKTOP\MIKROPROJE\EEPROM\YAZMA.ASM 108 : Found opcode in column 1. (MOVLW)
Warning[203] C:\USERS\ULUZMAN\DESKTOP\MIKROPROJE\EEPROM\YAZMA.ASM 109 : Found opcode in column 1. (MOVWF)
Warning[205] C:\USERS\ULUZMAN\DESKTOP\MIKROPROJE\EEPROM\YAZMA.ASM 110 : Found directive in column 1. (BANKSEL)
Warning[203] C:\USERS\ULUZMAN\DESKTOP\MIKROPROJE\EEPROM\YAZMA.ASM 111 : Found opcode in column 1. (BCF)
Message[302] C:\USERS\ULUZMAN\DESKTOP\MIKROPROJE\EEPROM\YAZMA.ASM 111 : Register in operand not in bank 0.  Ensure that bank bits are correct.
Warning[203] C:\USERS\ULUZMAN\DESKTOP\MIKROPROJE\EEPROM\YAZMA.ASM 112 : Found opcode in column 1. (RETURN)
Warning[205] C:\USERS\ULUZMAN\DESKTOP\MIKROPROJE\EEPROM\YAZMA.ASM 115 : Found directive in column 1. (BANKSEL)
Warning[203] C:\USERS\ULUZMAN\DESKTOP\MIKROPROJE\EEPROM\YAZMA.ASM 116 : Found opcode in column 1. (BCF)
Message[302] C:\USERS\ULUZMAN\DESKTOP\MIKROPROJE\EEPROM\YAZMA.ASM 116 : Register in operand not in bank 0.  Ensure that bank bits are correct.
Warning[203] C:\USERS\ULUZMAN\DESKTOP\MIKROPROJE\EEPROM\YAZMA.ASM 117 : Found opcode in column 1. (BSF)
Message[302] C:\USERS\ULUZMAN\DESKTOP\MIKROPROJE\EEPROM\YAZMA.ASM 117 : Register in operand not in bank 0.  Ensure that bank bits are correct.
Warning[203] C:\USERS\ULUZMAN\DESKTOP\MIKROPROJE\EEPROM\YAZMA.ASM 118 : Found opcode in column 1. (BCF)
Warning[203] C:\USERS\ULUZMAN\DESKTOP\MIKROPROJE\EEPROM\YAZMA.ASM 120 : Found opcode in column 1. (MOVLW)
Warning[203] C:\USERS\ULUZMAN\DESKTOP\MIKROPROJE\EEPROM\YAZMA.ASM 121 : Found opcode in column 1. (MOVWF)
Message[302] C:\USERS\ULUZMAN\DESKTOP\MIKROPROJE\EEPROM\YAZMA.ASM 121 : Register in operand not in bank 0.  Ensure that bank bits are correct.
Warning[203] C:\USERS\ULUZMAN\DESKTOP\MIKROPROJE\EEPROM\YAZMA.ASM 122 : Found opcode in column 1. (MOVLW)
Warning[203] C:\USERS\ULUZMAN\DESKTOP\MIKROPROJE\EEPROM\YAZMA.ASM 123 : Found opcode in column 1. (MOVWF)
Message[302] C:\USERS\ULUZMAN\DESKTOP\MIKROPROJE\EEPROM\YAZMA.ASM 123 : Register in operand not in bank 0.  Ensure that bank bits are correct.
Warning[203] C:\USERS\ULUZMAN\DESKTOP\MIKROPROJE\EEPROM\YAZMA.ASM 124 : Found opcode in column 1. (BSF)
Message[302] C:\USERS\ULUZMAN\DESKTOP\MIKROPROJE\EEPROM\YAZMA.ASM 124 : Register in operand not in bank 0.  Ensure that bank bits are correct.
Warning[203] C:\USERS\ULUZMAN\DESKTOP\MIKROPROJE\EEPROM\YAZMA.ASM 127 : Found opcode in column 1. (BTFSC)
Message[302] C:\USERS\ULUZMAN\DESKTOP\MIKROPROJE\EEPROM\YAZMA.ASM 127 : Register in operand not in bank 0.  Ensure that bank bits are correct.
Warning[203] C:\USERS\ULUZMAN\DESKTOP\MIKROPROJE\EEPROM\YAZMA.ASM 128 : Found opcode in column 1. (GOTO)
Warning[203] C:\USERS\ULUZMAN\DESKTOP\MIKROPROJE\EEPROM\YAZMA.ASM 129 : Found opcode in column 1. (BSF)
Warning[203] C:\USERS\ULUZMAN\DESKTOP\MIKROPROJE\EEPROM\YAZMA.ASM 130 : Found opcode in column 1. (RETURN)
Warning[203] C:\USERS\ULUZMAN\DESKTOP\MIKROPROJE\EEPROM\YAZMA.ASM 133 : Found opcode in column 1. (BCF)
Warning[203] C:\USERS\ULUZMAN\DESKTOP\MIKROPROJE\EEPROM\YAZMA.ASM 134 : Found opcode in column 1. (BCF)
Warning[203] C:\USERS\ULUZMAN\DESKTOP\MIKROPROJE\EEPROM\YAZMA.ASM 135 : Found opcode in column 1. (RETFIE)
Warning[205] C:\USERS\ULUZMAN\DESKTOP\MIKROPROJE\EEPROM\YAZMA.ASM 136 : Found directive in column 1. (END)
