MPASM  5.42                         YAZMA.ASM   12-12-2011  14:03:04         PAGE  1


LOC  OBJECT CODE     LINE SOURCE TEXT
  VALUE

Warning[205]: Found directive in column 1. (list)
                      00001 list p=16f877a
                      00002 #include <p16f877a.inc>
                      00001         LIST
                      00002 
                      00003 ;==========================================================================
                      00004 ;  MPASM PIC16F877A processor include
                      00005 ; 
                      00006 ;  (c) Copyright 1999-2011 Microchip Technology, All rights reserved
                      00007 ;==========================================================================
                      00008 
                      00555         LIST
Warning[205]: Found directive in column 1. (ORG)
                      00003 ORG 0X00
  00000020            00004 SAYAC EQU 0X20
Warning[203]: Found opcode in column 1. (GOTO)
0000   2???           00005 GOTO ANA_PROGRAM
Warning[205]: Found directive in column 1. (ORG)
                      00006 ORG 0X04
0004                  00007 KESME
Warning[205]: Found directive in column 1. (BANKSEL)
0004   1283 1303      00008 BANKSEL PIR2
Warning[203]: Found opcode in column 1. (BTFSS)
0006   1E0D           00009 BTFSS PIR2,EEIF
Warning[203]: Found opcode in column 1. (GOTO)
0007   2???           00010 GOTO ATLA
Warning[203]: Found opcode in column 1. (BCF)
0008   120D           00011 BCF PIR2,EEIF
Warning[203]: Found opcode in column 1. (GOTO)
0009   2???           00012 GOTO KESME_SON
000A                  00013 ATLA
Warning[203]: Found opcode in column 1. (BTFSS)
000A   1C0B           00014 BTFSS INTCON,RBIF
Warning[203]: Found opcode in column 1. (GOTO)
000B   2???           00015 GOTO KESME_SON
Warning[203]: Found opcode in column 1. (BCF)
000C   100B           00016 BCF INTCON,0
Warning[203]: Found opcode in column 1. (BTFSC)
000D   1A06           00017 BTFSC PORTB,4
Warning[203]: Found opcode in column 1. (GOTO)
000E   2???           00018 GOTO YAZBIR
Warning[203]: Found opcode in column 1. (BTFSC)
000F   1A86           00019 BTFSC PORTB,5
Warning[203]: Found opcode in column 1. (GOTO)
0010   2???           00020 GOTO YAZIKI
Warning[203]: Found opcode in column 1. (BTFSC)
0011   1B06           00021 BTFSC PORTB,6
Warning[203]: Found opcode in column 1. (GOTO)
0012   2???           00022 GOTO YAZUC
Warning[203]: Found opcode in column 1. (BTFSC)
0013   1B86           00023 BTFSC PORTB,7
Warning[203]: Found opcode in column 1. (GOTO)
0014   2???           00024 GOTO YAZDORT
MPASM  5.42                         YAZMA.ASM   12-12-2011  14:03:04         PAGE  2


LOC  OBJECT CODE     LINE SOURCE TEXT
  VALUE

Warning[203]: Found opcode in column 1. (RETFIE)
0015   0009           00025 RETFIE
                      00026 
0016                  00027 ANA_PROGRAM
Warning[203]: Found opcode in column 1. (CALL)
0016   2???           00028 CALL ÝLK_ÝSLEMLER
0017                  00029 DONGU
Warning[203]: Found opcode in column 1. (BTFSC)
0017   1920           00030 BTFSC SAYAC,2
Warning[203]: Found opcode in column 1. (CLRF)
0018   01A0           00031 CLRF SAYAC
Warning[203]: Found opcode in column 1. (GOTO)
0019   2???           00032 GOTO DONGU
                      00033 
001A                  00034 YAZDORT
Warning[203]: Found opcode in column 1. (BCF)
001A   1283           00035 BCF STATUS,RP0
Warning[203]: Found opcode in column 1. (INCF)
001B   0AA0           00036 INCF SAYAC,F
Warning[203]: Found opcode in column 1. (MOVF)
001C   0820           00037 MOVF SAYAC,W
Warning[203]: Found opcode in column 1. (BCF)
001D   1007           00038 BCF PORTC,0
Warning[205]: Found directive in column 1. (BANKSEL)
001E   1283 1703      00039 BANKSEL EEADR
Warning[203]: Found opcode in column 1. (MOVWF)
Message[302]: Register in operand not in bank 0.  Ensure that bank bits are correct.
0020   008D           00040 MOVWF EEADR
                      00041 
Warning[205]: Found directive in column 1. (BANKSEL)
0021   1283 1703      00042 BANKSEL EEDATA
                      00043 ;MOVLW B'10011001'
Warning[203]: Found opcode in column 1. (MOVLW)
0023   3066           00044 MOVLW B'01100110'
Warning[203]: Found opcode in column 1. (MOVWF)
Message[302]: Register in operand not in bank 0.  Ensure that bank bits are correct.
0024   008C           00045 MOVWF EEDATA
Warning[203]: Found opcode in column 1. (CALL)
0025   2???           00046 CALL YAZ
Warning[203]: Found opcode in column 1. (BCF)
0026   100B           00047 BCF INTCON,0
Warning[203]: Found opcode in column 1. (RETFIE)
0027   0009           00048 RETFIE
                      00049 
0028                  00050 YAZUC
Warning[203]: Found opcode in column 1. (BCF)
0028   1283           00051 BCF STATUS,RP0
Warning[203]: Found opcode in column 1. (INCF)
0029   0AA0           00052 INCF SAYAC,F
Warning[203]: Found opcode in column 1. (MOVF)
002A   0820           00053 MOVF SAYAC,W
Warning[203]: Found opcode in column 1. (BCF)
002B   1087           00054 BCF PORTC,1
MPASM  5.42                         YAZMA.ASM   12-12-2011  14:03:04         PAGE  3


LOC  OBJECT CODE     LINE SOURCE TEXT
  VALUE

Warning[205]: Found directive in column 1. (BANKSEL)
002C   1283 1703      00055 BANKSEL EEADR
Warning[203]: Found opcode in column 1. (MOVWF)
Message[302]: Register in operand not in bank 0.  Ensure that bank bits are correct.
002E   008D           00056 MOVWF EEADR
                      00057 
Warning[205]: Found directive in column 1. (BANKSEL)
002F   1283 1703      00058 BANKSEL EEDATA
                      00059 ;MOVLW B'10110000'
Warning[203]: Found opcode in column 1. (MOVLW)
0031   304F           00060 MOVLW B'01001111'
Warning[203]: Found opcode in column 1. (MOVWF)
Message[302]: Register in operand not in bank 0.  Ensure that bank bits are correct.
0032   008C           00061 MOVWF EEDATA
Warning[203]: Found opcode in column 1. (CALL)
0033   2???           00062 CALL YAZ
Warning[203]: Found opcode in column 1. (BCF)
0034   100B           00063 BCF INTCON,0
Warning[203]: Found opcode in column 1. (RETFIE)
0035   0009           00064 RETFIE
                      00065 
0036                  00066 YAZIKI
Warning[203]: Found opcode in column 1. (BCF)
0036   1283           00067 BCF STATUS,RP0
Warning[203]: Found opcode in column 1. (INCF)
0037   0AA0           00068 INCF SAYAC,F
Warning[203]: Found opcode in column 1. (MOVF)
0038   0820           00069 MOVF SAYAC,W
Warning[203]: Found opcode in column 1. (BCF)
0039   1107           00070 BCF PORTC,2
Warning[205]: Found directive in column 1. (BANKSEL)
003A   1283 1703      00071 BANKSEL EEADR
Warning[203]: Found opcode in column 1. (MOVWF)
Message[302]: Register in operand not in bank 0.  Ensure that bank bits are correct.
003C   008D           00072 MOVWF EEADR
                      00073 
Warning[205]: Found directive in column 1. (BANKSEL)
003D   1283 1703      00074 BANKSEL EEDATA
                      00075 ;MOVLW B'00100100'
Warning[203]: Found opcode in column 1. (MOVLW)
003F   30DB           00076 MOVLW B'11011011'
Warning[203]: Found opcode in column 1. (MOVWF)
Message[302]: Register in operand not in bank 0.  Ensure that bank bits are correct.
0040   008C           00077 MOVWF EEDATA
Warning[203]: Found opcode in column 1. (BCF)
0041   100B           00078 BCF INTCON,0
Warning[203]: Found opcode in column 1. (CALL)
0042   2???           00079 CALL YAZ
Warning[203]: Found opcode in column 1. (RETFIE)
0043   0009           00080 RETFIE
                      00081 
0044                  00082 YAZBIR
Warning[203]: Found opcode in column 1. (BCF)
MPASM  5.42                         YAZMA.ASM   12-12-2011  14:03:04         PAGE  4


LOC  OBJECT CODE     LINE SOURCE TEXT
  VALUE

0044   1283           00083 BCF STATUS,RP0
Warning[203]: Found opcode in column 1. (INCF)
0045   0AA0           00084 INCF SAYAC,F
Warning[203]: Found opcode in column 1. (MOVF)
0046   0820           00085 MOVF SAYAC,W
Warning[203]: Found opcode in column 1. (BCF)
0047   1187           00086 BCF PORTC,3
Warning[205]: Found directive in column 1. (BANKSEL)
0048   1283 1703      00087 BANKSEL EEADR
Warning[203]: Found opcode in column 1. (MOVWF)
Message[302]: Register in operand not in bank 0.  Ensure that bank bits are correct.
004A   008D           00088 MOVWF EEADR
                      00089 
Warning[205]: Found directive in column 1. (BANKSEL)
004B   1283 1703      00090 BANKSEL EEDATA
Warning[203]: Found opcode in column 1. (MOVLW)
004D   3086           00091 MOVLW B'10000110'
Warning[203]: Found opcode in column 1. (MOVWF)
Message[302]: Register in operand not in bank 0.  Ensure that bank bits are correct.
004E   008C           00092 MOVWF EEDATA
Warning[203]: Found opcode in column 1. (CALL)
004F   2???           00093 CALL YAZ
Warning[203]: Found opcode in column 1. (BCF)
0050   100B           00094 BCF INTCON,0
Warning[203]: Found opcode in column 1. (RETFIE)
0051   0009           00095 RETFIE
                      00096 
0052                  00097 ÝLK_ÝSLEMLER
Warning[203]: Found opcode in column 1. (BSF)
0052   1683           00098 BSF STATUS,RP0
Warning[203]: Found opcode in column 1. (MOVLW)
0053   30F0           00099 MOVLW H'F0'
Warning[203]: Found opcode in column 1. (MOVWF)
Message[302]: Register in operand not in bank 0.  Ensure that bank bits are correct.
0054   0086           00100 MOVWF TRISB
Warning[203]: Found opcode in column 1. (CLRF)
Message[302]: Register in operand not in bank 0.  Ensure that bank bits are correct.
0055   0187           00101 CLRF TRISC
Warning[203]: Found opcode in column 1. (BSF)
Message[302]: Register in operand not in bank 0.  Ensure that bank bits are correct.
0056   1781           00102 BSF OPTION_REG,7;PULL UP DÝRENCLERÝ AKTÝF
Warning[203]: Found opcode in column 1. (BCF)
0057   1283           00103 BCF STATUS,RP0
Warning[203]: Found opcode in column 1. (CLRF)
0058   01A0           00104 CLRF SAYAC
Warning[203]: Found opcode in column 1. (CLRF)
0059   0186           00105 CLRF PORTB
Warning[203]: Found opcode in column 1. (MOVLW)
005A   300F           00106 MOVLW H'0F'
Warning[203]: Found opcode in column 1. (MOVWF)
005B   0087           00107 MOVWF PORTC
Warning[203]: Found opcode in column 1. (MOVLW)
005C   30C8           00108 MOVLW B'11001000'
MPASM  5.42                         YAZMA.ASM   12-12-2011  14:03:04         PAGE  5


LOC  OBJECT CODE     LINE SOURCE TEXT
  VALUE

Warning[203]: Found opcode in column 1. (MOVWF)
005D   008B           00109 MOVWF INTCON
Warning[205]: Found directive in column 1. (BANKSEL)
005E   1683 1303      00110 BANKSEL PIE2
Warning[203]: Found opcode in column 1. (BCF)
Message[302]: Register in operand not in bank 0.  Ensure that bank bits are correct.
0060   120D           00111 BCF PIE2,EEIE
Warning[203]: Found opcode in column 1. (RETURN)
0061   0008           00112 RETURN
                      00113 
0062                  00114 YAZ
Warning[205]: Found directive in column 1. (BANKSEL)
0062   1683 1703      00115 BANKSEL EECON1
Warning[203]: Found opcode in column 1. (BCF)
Message[302]: Register in operand not in bank 0.  Ensure that bank bits are correct.
0064   138C           00116 BCF EECON1,EEPGD
Warning[203]: Found opcode in column 1. (BSF)
Message[302]: Register in operand not in bank 0.  Ensure that bank bits are correct.
0065   150C           00117 BSF EECON1,WREN
Warning[203]: Found opcode in column 1. (BCF)
0066   138B           00118 BCF INTCON,GIE
                      00119 
Warning[203]: Found opcode in column 1. (MOVLW)
0067   3055           00120 MOVLW 55h
Warning[203]: Found opcode in column 1. (MOVWF)
Message[302]: Register in operand not in bank 0.  Ensure that bank bits are correct.
0068   008D           00121 MOVWF EECON2
Warning[203]: Found opcode in column 1. (MOVLW)
0069   30AA           00122 MOVLW H'AA'
Warning[203]: Found opcode in column 1. (MOVWF)
Message[302]: Register in operand not in bank 0.  Ensure that bank bits are correct.
006A   008D           00123 MOVWF EECON2
Warning[203]: Found opcode in column 1. (BSF)
Message[302]: Register in operand not in bank 0.  Ensure that bank bits are correct.
006B   148C           00124 BSF EECON1,WR
                      00125 
006C                  00126 BEKLE
Warning[203]: Found opcode in column 1. (BTFSC)
Message[302]: Register in operand not in bank 0.  Ensure that bank bits are correct.
006C   188C           00127 BTFSC EECON1,WR
Warning[203]: Found opcode in column 1. (GOTO)
006D   2???           00128 GOTO BEKLE
Warning[203]: Found opcode in column 1. (BSF)
006E   178B           00129 BSF INTCON,GIE
Warning[203]: Found opcode in column 1. (RETURN)
006F   0008           00130 RETURN
                      00131 
0070                  00132 KESME_SON
Warning[203]: Found opcode in column 1. (BCF)
0070   120D           00133 BCF PIR2,EEIF
Warning[203]: Found opcode in column 1. (BCF)
0071   100B           00134 BCF INTCON,RBIF
Warning[203]: Found opcode in column 1. (RETFIE)
MPASM  5.42                         YAZMA.ASM   12-12-2011  14:03:04         PAGE  6


LOC  OBJECT CODE     LINE SOURCE TEXT
  VALUE

0072   0009           00135 RETFIE
Warning[205]: Found directive in column 1. (END)
                      00136 END
MPASM  5.42                         YAZMA.ASM   12-12-2011  14:03:04         PAGE  7


SYMBOL TABLE
  LABEL                             VALUE 

ACKDT                             00000005
ACKEN                             00000004
ACKSTAT                           00000006
ADCON0                            0000001F
ADCON1                            0000009F
ADCS0                             00000006
ADCS1                             00000007
ADCS2                             00000006
ADDEN                             00000003
ADFM                              00000007
ADIE                              00000006
ADIF                              00000006
ADON                              00000000
ADRESH                            0000001E
ADRESL                            0000009E
ANA_PROGRAM                       00000016
ATLA                              0000000A
BCLIE                             00000003
BCLIF                             00000003
BEKLE                             0000006C
BF                                00000000
BRGH                              00000002
C                                 00000000
C1INV                             00000004
C1OUT                             00000006
C2INV                             00000005
C2OUT                             00000007
CCP1CON                           00000017
CCP1IE                            00000002
CCP1IF                            00000002
CCP1M0                            00000000
CCP1M1                            00000001
CCP1M2                            00000002
CCP1M3                            00000003
CCP1X                             00000005
CCP1Y                             00000004
CCP2CON                           0000001D
CCP2IE                            00000000
CCP2IF                            00000000
CCP2M0                            00000000
CCP2M1                            00000001
CCP2M2                            00000002
CCP2M3                            00000003
CCP2X                             00000005
CCP2Y                             00000004
CCPR1                             00000015
CCPR1H                            00000016
CCPR1L                            00000015
CCPR2                             0000001B
CCPR2H                            0000001C
CCPR2L                            0000001B
CHS0                              00000003
CHS1                              00000004
MPASM  5.42                         YAZMA.ASM   12-12-2011  14:03:04         PAGE  8


SYMBOL TABLE
  LABEL                             VALUE 

CHS2                              00000005
CIS                               00000003
CKE                               00000006
CKP                               00000004
CM0                               00000000
CM1                               00000001
CM2                               00000002
CMCON                             0000009C
CMIE                              00000006
CMIF                              00000006
CREN                              00000004
CSRC                              00000007
CVR0                              00000000
CVR1                              00000001
CVR2                              00000002
CVR3                              00000003
CVRCON                            0000009D
CVREN                             00000007
CVROE                             00000006
CVRR                              00000005
D                                 00000005
DATA_ADDRESS                      00000005
DC                                00000001
DONGU                             00000017
D_A                               00000005
D_NOT_A                           00000005
EEADR                             0000010D
EEADRH                            0000010F
EECON1                            0000018C
EECON2                            0000018D
EEDATA                            0000010C
EEDATH                            0000010E
EEIE                              00000004
EEIF                              00000004
EEPGD                             00000007
F                                 00000001
FERR                              00000002
FSR                               00000004
GCEN                              00000007
GIE                               00000007
GO                                00000002
GO_DONE                           00000002
GO_NOT_DONE                       00000002
I2C_DATA                          00000005
I2C_READ                          00000002
I2C_START                         00000003
I2C_STOP                          00000004
IBF                               00000007
IBOV                              00000005
INDF                              00000000
INTCON                            0000000B
INTE                              00000004
INTEDG                            00000006
MPASM  5.42                         YAZMA.ASM   12-12-2011  14:03:04         PAGE  9


SYMBOL TABLE
  LABEL                             VALUE 

INTF                              00000001
IRP                               00000007
KESME                             00000004
KESME_SON                         00000070
NOT_A                             00000005
NOT_ADDRESS                       00000005
NOT_BO                            00000000
NOT_BOR                           00000000
NOT_DONE                          00000002
NOT_PD                            00000003
NOT_POR                           00000001
NOT_RBPU                          00000007
NOT_RC8                           00000006
NOT_T1SYNC                        00000002
NOT_TO                            00000004
NOT_TX8                           00000006
NOT_W                             00000002
NOT_WRITE                         00000002
OBF                               00000006
OERR                              00000001
OPTION_REG                        00000081
P                                 00000004
PCFG0                             00000000
PCFG1                             00000001
PCFG2                             00000002
PCFG3                             00000003
PCL                               00000002
PCLATH                            0000000A
PCON                              0000008E
PEIE                              00000006
PEN                               00000002
PIE1                              0000008C
PIE2                              0000008D
PIR1                              0000000C
PIR2                              0000000D
PORTA                             00000005
PORTB                             00000006
PORTC                             00000007
PORTD                             00000008
PORTE                             00000009
PR2                               00000092
PS0                               00000000
PS1                               00000001
PS2                               00000002
PSA                               00000003
PSPIE                             00000007
PSPIF                             00000007
PSPMODE                           00000004
R                                 00000002
RA0                               00000000
RA1                               00000001
RA2                               00000002
RA3                               00000003
MPASM  5.42                         YAZMA.ASM   12-12-2011  14:03:04         PAGE 10


SYMBOL TABLE
  LABEL                             VALUE 

RA4                               00000004
RA5                               00000005
RB0                               00000000
RB1                               00000001
RB2                               00000002
RB3                               00000003
RB4                               00000004
RB5                               00000005
RB6                               00000006
RB7                               00000007
RBIE                              00000003
RBIF                              00000000
RC0                               00000000
RC1                               00000001
RC2                               00000002
RC3                               00000003
RC4                               00000004
RC5                               00000005
RC6                               00000006
RC7                               00000007
RC8_9                             00000006
RC9                               00000006
RCD8                              00000000
RCEN                              00000003
RCIE                              00000005
RCIF                              00000005
RCREG                             0000001A
RCSTA                             00000018
RD                                00000000
RD0                               00000000
RD1                               00000001
RD2                               00000002
RD3                               00000003
RD4                               00000004
RD5                               00000005
RD6                               00000006
RD7                               00000007
RE0                               00000000
RE1                               00000001
RE2                               00000002
READ_WRITE                        00000002
RP0                               00000005
RP1                               00000006
RSEN                              00000001
RX9                               00000006
RX9D                              00000000
R_NOT_W                           00000002
R_W                               00000002
S                                 00000003
SAYAC                             00000020
SEN                               00000000
SMP                               00000007
SPBRG                             00000099
MPASM  5.42                         YAZMA.ASM   12-12-2011  14:03:04         PAGE 11


SYMBOL TABLE
  LABEL                             VALUE 

SPEN                              00000007
SREN                              00000005
SSPADD                            00000093
SSPBUF                            00000013
SSPCON                            00000014
SSPCON2                           00000091
SSPEN                             00000005
SSPIE                             00000003
SSPIF                             00000003
SSPM0                             00000000
SSPM1                             00000001
SSPM2                             00000002
SSPM3                             00000003
SSPOV                             00000006
SSPSTAT                           00000094
STATUS                            00000003
SYNC                              00000004
T0CS                              00000005
T0IE                              00000005
T0IF                              00000002
T0SE                              00000004
T1CKPS0                           00000004
T1CKPS1                           00000005
T1CON                             00000010
T1INSYNC                          00000002
T1OSCEN                           00000003
T1SYNC                            00000002
T2CKPS0                           00000000
T2CKPS1                           00000001
T2CON                             00000012
TMR0                              00000001
TMR0IE                            00000005
TMR0IF                            00000002
TMR1CS                            00000001
TMR1H                             0000000F
TMR1IE                            00000000
TMR1IF                            00000000
TMR1L                             0000000E
TMR1ON                            00000000
TMR2                              00000011
TMR2IE                            00000001
TMR2IF                            00000001
TMR2ON                            00000002
TOUTPS0                           00000003
TOUTPS1                           00000004
TOUTPS2                           00000005
TOUTPS3                           00000006
TRISA                             00000085
TRISA0                            00000000
TRISA1                            00000001
TRISA2                            00000002
TRISA3                            00000003
TRISA4                            00000004
MPASM  5.42                         YAZMA.ASM   12-12-2011  14:03:04         PAGE 12


SYMBOL TABLE
  LABEL                             VALUE 

TRISA5                            00000005
TRISB                             00000086
TRISB0                            00000000
TRISB1                            00000001
TRISB2                            00000002
TRISB3                            00000003
TRISB4                            00000004
TRISB5                            00000005
TRISB6                            00000006
TRISB7                            00000007
TRISC                             00000087
TRISC0                            00000000
TRISC1                            00000001
TRISC2                            00000002
TRISC3                            00000003
TRISC4                            00000004
TRISC5                            00000005
TRISC6                            00000006
TRISC7                            00000007
TRISD                             00000088
TRISD0                            00000000
TRISD1                            00000001
TRISD2                            00000002
TRISD3                            00000003
TRISD4                            00000004
TRISD5                            00000005
TRISD6                            00000006
TRISD7                            00000007
TRISE                             00000089
TRISE0                            00000000
TRISE1                            00000001
TRISE2                            00000002
TRMT                              00000001
TX8_9                             00000006
TX9                               00000006
TX9D                              00000000
TXD8                              00000000
TXEN                              00000005
TXIE                              00000004
TXIF                              00000004
TXREG                             00000019
TXSTA                             00000098
UA                                00000001
W                                 00000000
WCOL                              00000007
WR                                00000001
WREN                              00000002
WRERR                             00000003
YAZ                               00000062
YAZBIR                            00000044
YAZDORT                           0000001A
YAZIKI                            00000036
YAZUC                             00000028
MPASM  5.42                         YAZMA.ASM   12-12-2011  14:03:04         PAGE 13


SYMBOL TABLE
  LABEL                             VALUE 

Z                                 00000002
_BODEN_OFF                        00003FBF
_BODEN_ON                         00003FFF
_CONFIG                           00002007
_CPD_OFF                          00003FFF
_CPD_ON                           00003EFF
_CP_ALL                           00001FFF
_CP_OFF                           00003FFF
_DEBUG_OFF                        00003FFF
_DEBUG_ON                         000037FF
_DEVID1                           00002006
_HS_OSC                           00003FFE
_IDLOC0                           00002000
_IDLOC1                           00002001
_IDLOC2                           00002002
_IDLOC3                           00002003
_LP_OSC                           00003FFC
_LVP_OFF                          00003F7F
_LVP_ON                           00003FFF
_PWRTE_OFF                        00003FFF
_PWRTE_ON                         00003FF7
_RC_OSC                           00003FFF
_WDT_OFF                          00003FFB
_WDT_ON                           00003FFF
_WRT_1FOURTH                      00003BFF
_WRT_256                          00003DFF
_WRT_HALF                         000039FF
_WRT_OFF                          00003FFF
_XT_OSC                           00003FFD
__16F877A                         00000001
__DEBUG                           1
ÝLK_ÝSLEMLER                      00000052

Errors   :     0
Warnings :   105 reported,     0 suppressed
Messages :    18 reported,     0 suppressed

