Warning[205] C:\USERS\ULUZMAN\DESKTOP\MIKROPROJE\A-D\ADC.ASM 1 : Found directive in column 1. (LIST)
Warning[205] C:\USERS\ULUZMAN\DESKTOP\MIKROPROJE\A-D\ADC.ASM 14 : Found directive in column 1. (ORG)
Warning[203] C:\USERS\ULUZMAN\DESKTOP\MIKROPROJE\A-D\ADC.ASM 15 : Found opcode in column 1. (GOTO)
Warning[205] C:\USERS\ULUZMAN\DESKTOP\MIKROPROJE\A-D\ADC.ASM 16 : Found directive in column 1. (ORG)
Warning[203] C:\USERS\ULUZMAN\DESKTOP\MIKROPROJE\A-D\ADC.ASM 17 : Found opcode in column 1. (GOTO)
Warning[203] C:\USERS\ULUZMAN\DESKTOP\MIKROPROJE\A-D\ADC.ASM 20 : Found opcode in column 1. (BSF)
Warning[203] C:\USERS\ULUZMAN\DESKTOP\MIKROPROJE\A-D\ADC.ASM 21 : Found opcode in column 1. (MOVLW)
Warning[203] C:\USERS\ULUZMAN\DESKTOP\MIKROPROJE\A-D\ADC.ASM 22 : Found opcode in column 1. (MOVWF)
Message[302] C:\USERS\ULUZMAN\DESKTOP\MIKROPROJE\A-D\ADC.ASM 22 : Register in operand not in bank 0.  Ensure that bank bits are correct.
Warning[203] C:\USERS\ULUZMAN\DESKTOP\MIKROPROJE\A-D\ADC.ASM 23 : Found opcode in column 1. (CLRF)
Message[302] C:\USERS\ULUZMAN\DESKTOP\MIKROPROJE\A-D\ADC.ASM 23 : Register in operand not in bank 0.  Ensure that bank bits are correct.
Warning[203] C:\USERS\ULUZMAN\DESKTOP\MIKROPROJE\A-D\ADC.ASM 24 : Found opcode in column 1. (CLRF)
Message[302] C:\USERS\ULUZMAN\DESKTOP\MIKROPROJE\A-D\ADC.ASM 24 : Register in operand not in bank 0.  Ensure that bank bits are correct.
Warning[203] C:\USERS\ULUZMAN\DESKTOP\MIKROPROJE\A-D\ADC.ASM 25 : Found opcode in column 1. (BCF)
Warning[203] C:\USERS\ULUZMAN\DESKTOP\MIKROPROJE\A-D\ADC.ASM 26 : Found opcode in column 1. (MOVLW)
Warning[203] C:\USERS\ULUZMAN\DESKTOP\MIKROPROJE\A-D\ADC.ASM 27 : Found opcode in column 1. (MOVWF)
Warning[203] C:\USERS\ULUZMAN\DESKTOP\MIKROPROJE\A-D\ADC.ASM 28 : Found opcode in column 1. (CLRF)
Warning[203] C:\USERS\ULUZMAN\DESKTOP\MIKROPROJE\A-D\ADC.ASM 29 : Found opcode in column 1. (CLRF)
Warning[203] C:\USERS\ULUZMAN\DESKTOP\MIKROPROJE\A-D\ADC.ASM 30 : Found opcode in column 1. (CLRF)
Warning[203] C:\USERS\ULUZMAN\DESKTOP\MIKROPROJE\A-D\ADC.ASM 31 : Found opcode in column 1. (CLRF)
Warning[203] C:\USERS\ULUZMAN\DESKTOP\MIKROPROJE\A-D\ADC.ASM 32 : Found opcode in column 1. (CLRF)
Warning[203] C:\USERS\ULUZMAN\DESKTOP\MIKROPROJE\A-D\ADC.ASM 33 : Found opcode in column 1. (CLRF)
Warning[203] C:\USERS\ULUZMAN\DESKTOP\MIKROPROJE\A-D\ADC.ASM 34 : Found opcode in column 1. (BSF)
Warning[203] C:\USERS\ULUZMAN\DESKTOP\MIKROPROJE\A-D\ADC.ASM 35 : Found opcode in column 1. (BSF)
Message[302] C:\USERS\ULUZMAN\DESKTOP\MIKROPROJE\A-D\ADC.ASM 35 : Register in operand not in bank 0.  Ensure that bank bits are correct.
Warning[203] C:\USERS\ULUZMAN\DESKTOP\MIKROPROJE\A-D\ADC.ASM 36 : Found opcode in column 1. (BSF)
Warning[203] C:\USERS\ULUZMAN\DESKTOP\MIKROPROJE\A-D\ADC.ASM 37 : Found opcode in column 1. (BSF)
Warning[203] C:\USERS\ULUZMAN\DESKTOP\MIKROPROJE\A-D\ADC.ASM 38 : Found opcode in column 1. (MOVLW)
Warning[203] C:\USERS\ULUZMAN\DESKTOP\MIKROPROJE\A-D\ADC.ASM 39 : Found opcode in column 1. (MOVWF)
Message[302] C:\USERS\ULUZMAN\DESKTOP\MIKROPROJE\A-D\ADC.ASM 39 : Register in operand not in bank 0.  Ensure that bank bits are correct.
Warning[203] C:\USERS\ULUZMAN\DESKTOP\MIKROPROJE\A-D\ADC.ASM 40 : Found opcode in column 1. (BCF)
Warning[203] C:\USERS\ULUZMAN\DESKTOP\MIKROPROJE\A-D\ADC.ASM 41 : Found opcode in column 1. (BCF)
Warning[203] C:\USERS\ULUZMAN\DESKTOP\MIKROPROJE\A-D\ADC.ASM 42 : Found opcode in column 1. (MOVLW)
Warning[203] C:\USERS\ULUZMAN\DESKTOP\MIKROPROJE\A-D\ADC.ASM 43 : Found opcode in column 1. (MOVWF)
Warning[203] C:\USERS\ULUZMAN\DESKTOP\MIKROPROJE\A-D\ADC.ASM 44 : Found opcode in column 1. (CALL)
Warning[203] C:\USERS\ULUZMAN\DESKTOP\MIKROPROJE\A-D\ADC.ASM 45 : Found opcode in column 1. (BSF)
Warning[203] C:\USERS\ULUZMAN\DESKTOP\MIKROPROJE\A-D\ADC.ASM 46 : Found opcode in column 1. (GOTO)
Warning[203] C:\USERS\ULUZMAN\DESKTOP\MIKROPROJE\A-D\ADC.ASM 49 : Found opcode in column 1. (BTFSS)
Warning[203] C:\USERS\ULUZMAN\DESKTOP\MIKROPROJE\A-D\ADC.ASM 50 : Found opcode in column 1. (GOTO)
Warning[203] C:\USERS\ULUZMAN\DESKTOP\MIKROPROJE\A-D\ADC.ASM 51 : Found opcode in column 1. (BCF)
Warning[203] C:\USERS\ULUZMAN\DESKTOP\MIKROPROJE\A-D\ADC.ASM 52 : Found opcode in column 1. (BSF)
Warning[203] C:\USERS\ULUZMAN\DESKTOP\MIKROPROJE\A-D\ADC.ASM 53 : Found opcode in column 1. (MOVF)
Message[302] C:\USERS\ULUZMAN\DESKTOP\MIKROPROJE\A-D\ADC.ASM 53 : Register in operand not in bank 0.  Ensure that bank bits are correct.
Warning[203] C:\USERS\ULUZMAN\DESKTOP\MIKROPROJE\A-D\ADC.ASM 54 : Found opcode in column 1. (BCF)
Warning[203] C:\USERS\ULUZMAN\DESKTOP\MIKROPROJE\A-D\ADC.ASM 55 : Found opcode in column 1. (MOVWF)
Warning[203] C:\USERS\ULUZMAN\DESKTOP\MIKROPROJE\A-D\ADC.ASM 56 : Found opcode in column 1. (MOVF)
Warning[203] C:\USERS\ULUZMAN\DESKTOP\MIKROPROJE\A-D\ADC.ASM 57 : Found opcode in column 1. (MOVWF)
Warning[203] C:\USERS\ULUZMAN\DESKTOP\MIKROPROJE\A-D\ADC.ASM 58 : Found opcode in column 1. (MOVLW)
Warning[203] C:\USERS\ULUZMAN\DESKTOP\MIKROPROJE\A-D\ADC.ASM 59 : Found opcode in column 1. (MOVWF)
Warning[203] C:\USERS\ULUZMAN\DESKTOP\MIKROPROJE\A-D\ADC.ASM 60 : Found opcode in column 1. (CALL)
Warning[203] C:\USERS\ULUZMAN\DESKTOP\MIKROPROJE\A-D\ADC.ASM 61 : Found opcode in column 1. (BSF)
Warning[203] C:\USERS\ULUZMAN\DESKTOP\MIKROPROJE\A-D\ADC.ASM 63 : Found opcode in column 1. (GOTO)
Warning[203] C:\USERS\ULUZMAN\DESKTOP\MIKROPROJE\A-D\ADC.ASM 66 : Found opcode in column 1. (MOVLW)
Warning[203] C:\USERS\ULUZMAN\DESKTOP\MIKROPROJE\A-D\ADC.ASM 67 : Found opcode in column 1. (MOVWF)
Warning[203] C:\USERS\ULUZMAN\DESKTOP\MIKROPROJE\A-D\ADC.ASM 69 : Found opcode in column 1. (NOP)
Warning[203] C:\USERS\ULUZMAN\DESKTOP\MIKROPROJE\A-D\ADC.ASM 70 : Found opcode in column 1. (NOP)
Warning[203] C:\USERS\ULUZMAN\DESKTOP\MIKROPROJE\A-D\ADC.ASM 71 : Found opcode in column 1. (DECFSZ)
Warning[203] C:\USERS\ULUZMAN\DESKTOP\MIKROPROJE\A-D\ADC.ASM 72 : Found opcode in column 1. (GOTO)
Warning[203] C:\USERS\ULUZMAN\DESKTOP\MIKROPROJE\A-D\ADC.ASM 73 : Found opcode in column 1. (INCF)
Warning[203] C:\USERS\ULUZMAN\DESKTOP\MIKROPROJE\A-D\ADC.ASM 74 : Found opcode in column 1. (MOVLW)
Warning[203] C:\USERS\ULUZMAN\DESKTOP\MIKROPROJE\A-D\ADC.ASM 75 : Found opcode in column 1. (MOVWF)
Warning[203] C:\USERS\ULUZMAN\DESKTOP\MIKROPROJE\A-D\ADC.ASM 76 : Found opcode in column 1. (BTFSS)
Warning[203] C:\USERS\ULUZMAN\DESKTOP\MIKROPROJE\A-D\ADC.ASM 77 : Found opcode in column 1. (GOTO)
Warning[203] C:\USERS\ULUZMAN\DESKTOP\MIKROPROJE\A-D\ADC.ASM 78 : Found opcode in column 1. (CLRF)
Warning[203] C:\USERS\ULUZMAN\DESKTOP\MIKROPROJE\A-D\ADC.ASM 79 : Found opcode in column 1. (RETURN)
Warning[203] C:\USERS\ULUZMAN\DESKTOP\MIKROPROJE\A-D\ADC.ASM 82 : Found opcode in column 1. (RETFIE)
Warning[203] C:\USERS\ULUZMAN\DESKTOP\MIKROPROJE\A-D\ADC.ASM 85 : Found opcode in column 1. (MOVF)
Warning[203] C:\USERS\ULUZMAN\DESKTOP\MIKROPROJE\A-D\ADC.ASM 86 : Found opcode in column 1. (MOVWF)
Warning[203] C:\USERS\ULUZMAN\DESKTOP\MIKROPROJE\A-D\ADC.ASM 87 : Found opcode in column 1. (CALL)
Warning[203] C:\USERS\ULUZMAN\DESKTOP\MIKROPROJE\A-D\ADC.ASM 88 : Found opcode in column 1. (CALL)
Warning[203] C:\USERS\ULUZMAN\DESKTOP\MIKROPROJE\A-D\ADC.ASM 89 : Found opcode in column 1. (CALL)
Warning[203] C:\USERS\ULUZMAN\DESKTOP\MIKROPROJE\A-D\ADC.ASM 90 : Found opcode in column 1. (GOTO)
Warning[203] C:\USERS\ULUZMAN\DESKTOP\MIKROPROJE\A-D\ADC.ASM 92 : Found opcode in column 1. (MOVLW)
Warning[203] C:\USERS\ULUZMAN\DESKTOP\MIKROPROJE\A-D\ADC.ASM 93 : Found opcode in column 1. (MOVWF)
Warning[203] C:\USERS\ULUZMAN\DESKTOP\MIKROPROJE\A-D\ADC.ASM 94 : Found opcode in column 1. (CALL)
Warning[203] C:\USERS\ULUZMAN\DESKTOP\MIKROPROJE\A-D\ADC.ASM 96 : Found opcode in column 1. (MOVF)
Warning[203] C:\USERS\ULUZMAN\DESKTOP\MIKROPROJE\A-D\ADC.ASM 97 : Found opcode in column 1. (CALL)
Warning[203] C:\USERS\ULUZMAN\DESKTOP\MIKROPROJE\A-D\ADC.ASM 98 : Found opcode in column 1. (BCF)
Warning[203] C:\USERS\ULUZMAN\DESKTOP\MIKROPROJE\A-D\ADC.ASM 99 : Found opcode in column 1. (MOVWF)
Warning[203] C:\USERS\ULUZMAN\DESKTOP\MIKROPROJE\A-D\ADC.ASM 100 : Found opcode in column 1. (BSF)
Warning[203] C:\USERS\ULUZMAN\DESKTOP\MIKROPROJE\A-D\ADC.ASM 102 : Found opcode in column 1. (MOVLW)
Warning[203] C:\USERS\ULUZMAN\DESKTOP\MIKROPROJE\A-D\ADC.ASM 103 : Found opcode in column 1. (MOVWF)
Warning[203] C:\USERS\ULUZMAN\DESKTOP\MIKROPROJE\A-D\ADC.ASM 104 : Found opcode in column 1. (CALL)
Warning[203] C:\USERS\ULUZMAN\DESKTOP\MIKROPROJE\A-D\ADC.ASM 106 : Found opcode in column 1. (MOVF)
Warning[203] C:\USERS\ULUZMAN\DESKTOP\MIKROPROJE\A-D\ADC.ASM 107 : Found opcode in column 1. (CALL)
Warning[203] C:\USERS\ULUZMAN\DESKTOP\MIKROPROJE\A-D\ADC.ASM 108 : Found opcode in column 1. (BCF)
Warning[203] C:\USERS\ULUZMAN\DESKTOP\MIKROPROJE\A-D\ADC.ASM 109 : Found opcode in column 1. (MOVWF)
Warning[203] C:\USERS\ULUZMAN\DESKTOP\MIKROPROJE\A-D\ADC.ASM 110 : Found opcode in column 1. (BSF)
Warning[203] C:\USERS\ULUZMAN\DESKTOP\MIKROPROJE\A-D\ADC.ASM 112 : Found opcode in column 1. (MOVLW)
Warning[203] C:\USERS\ULUZMAN\DESKTOP\MIKROPROJE\A-D\ADC.ASM 113 : Found opcode in column 1. (MOVWF)
Warning[203] C:\USERS\ULUZMAN\DESKTOP\MIKROPROJE\A-D\ADC.ASM 114 : Found opcode in column 1. (CALL)
Warning[203] C:\USERS\ULUZMAN\DESKTOP\MIKROPROJE\A-D\ADC.ASM 116 : Found opcode in column 1. (MOVF)
Warning[203] C:\USERS\ULUZMAN\DESKTOP\MIKROPROJE\A-D\ADC.ASM 117 : Found opcode in column 1. (CALL)
Warning[203] C:\USERS\ULUZMAN\DESKTOP\MIKROPROJE\A-D\ADC.ASM 118 : Found opcode in column 1. (BCF)
Warning[203] C:\USERS\ULUZMAN\DESKTOP\MIKROPROJE\A-D\ADC.ASM 119 : Found opcode in column 1. (MOVWF)
Warning[203] C:\USERS\ULUZMAN\DESKTOP\MIKROPROJE\A-D\ADC.ASM 120 : Found opcode in column 1. (BSF)
Warning[203] C:\USERS\ULUZMAN\DESKTOP\MIKROPROJE\A-D\ADC.ASM 122 : Found opcode in column 1. (RETURN)
Warning[203] C:\USERS\ULUZMAN\DESKTOP\MIKROPROJE\A-D\ADC.ASM 227 : Found opcode in column 1. (NOP)
Warning[203] C:\USERS\ULUZMAN\DESKTOP\MIKROPROJE\A-D\ADC.ASM 228 : Found opcode in column 1. (NOP)
Warning[203] C:\USERS\ULUZMAN\DESKTOP\MIKROPROJE\A-D\ADC.ASM 229 : Found opcode in column 1. (DECFSZ)
Warning[203] C:\USERS\ULUZMAN\DESKTOP\MIKROPROJE\A-D\ADC.ASM 230 : Found opcode in column 1. (GOTO)
Warning[203] C:\USERS\ULUZMAN\DESKTOP\MIKROPROJE\A-D\ADC.ASM 232 : Found opcode in column 1. (MOVLW)
Warning[203] C:\USERS\ULUZMAN\DESKTOP\MIKROPROJE\A-D\ADC.ASM 233 : Found opcode in column 1. (MOVWF)
Warning[203] C:\USERS\ULUZMAN\DESKTOP\MIKROPROJE\A-D\ADC.ASM 235 : Found opcode in column 1. (NOP)
Warning[203] C:\USERS\ULUZMAN\DESKTOP\MIKROPROJE\A-D\ADC.ASM 236 : Found opcode in column 1. (NOP)
Warning[203] C:\USERS\ULUZMAN\DESKTOP\MIKROPROJE\A-D\ADC.ASM 237 : Found opcode in column 1. (DECFSZ)
Warning[203] C:\USERS\ULUZMAN\DESKTOP\MIKROPROJE\A-D\ADC.ASM 238 : Found opcode in column 1. (GOTO)
Warning[203] C:\USERS\ULUZMAN\DESKTOP\MIKROPROJE\A-D\ADC.ASM 239 : Found opcode in column 1. (CLRF)
Warning[203] C:\USERS\ULUZMAN\DESKTOP\MIKROPROJE\A-D\ADC.ASM 240 : Found opcode in column 1. (CLRF)
Warning[203] C:\USERS\ULUZMAN\DESKTOP\MIKROPROJE\A-D\ADC.ASM 241 : Found opcode in column 1. (RETURN)
Warning[205] C:\USERS\ULUZMAN\DESKTOP\MIKROPROJE\A-D\ADC.ASM 242 : Found directive in column 1. (END)
