Warning[205] C:\USERS\HP\DESKTOP\BUT\YENI KLASöR\BENIM.ASM 1 : Found directive in column 1. (list)
Warning[205] C:\USERS\HP\DESKTOP\BUT\YENI KLASöR\BENIM.ASM 2 : Found directive in column 1. (include)
Warning[205] C:\USERS\HP\DESKTOP\BUT\YENI KLASöR\BENIM.ASM 7 : Found directive in column 1. (ORG)
Warning[203] C:\USERS\HP\DESKTOP\BUT\YENI KLASöR\BENIM.ASM 8 : Found opcode in column 1. (GOTO)
Warning[207] C:\USERS\HP\DESKTOP\BUT\YENI KLASöR\BENIM.ASM 10 : Found label after column 1. (KESME)
Warning[203] C:\USERS\HP\DESKTOP\BUT\YENI KLASöR\BENIM.ASM 11 : Found opcode in column 1. (BTFSS)
Warning[203] C:\USERS\HP\DESKTOP\BUT\YENI KLASöR\BENIM.ASM 12 : Found opcode in column 1. (RETFIE)
Warning[203] C:\USERS\HP\DESKTOP\BUT\YENI KLASöR\BENIM.ASM 13 : Found opcode in column 1. (BCF)
Warning[203] C:\USERS\HP\DESKTOP\BUT\YENI KLASöR\BENIM.ASM 14 : Found opcode in column 1. (DECFSZ)
Warning[203] C:\USERS\HP\DESKTOP\BUT\YENI KLASöR\BENIM.ASM 15 : Found opcode in column 1. (RETFIE)
Warning[205] C:\USERS\HP\DESKTOP\BUT\YENI KLASöR\BENIM.ASM 16 : Found directive in column 1. (BANKSEL)
Warning[203] C:\USERS\HP\DESKTOP\BUT\YENI KLASöR\BENIM.ASM 17 : Found opcode in column 1. (MOVLW)
Warning[203] C:\USERS\HP\DESKTOP\BUT\YENI KLASöR\BENIM.ASM 18 : Found opcode in column 1. (MOVWF)
Warning[203] C:\USERS\HP\DESKTOP\BUT\YENI KLASöR\BENIM.ASM 19 : Found opcode in column 1. (MOVLW)
Warning[203] C:\USERS\HP\DESKTOP\BUT\YENI KLASöR\BENIM.ASM 20 : Found opcode in column 1. (MOVWF)
Warning[203] C:\USERS\HP\DESKTOP\BUT\YENI KLASöR\BENIM.ASM 21 : Found opcode in column 1. (INCF)
Warning[203] C:\USERS\HP\DESKTOP\BUT\YENI KLASöR\BENIM.ASM 22 : Found opcode in column 1. (MOVF)
Warning[203] C:\USERS\HP\DESKTOP\BUT\YENI KLASöR\BENIM.ASM 23 : Found opcode in column 1. (MOVWF)
Warning[203] C:\USERS\HP\DESKTOP\BUT\YENI KLASöR\BENIM.ASM 24 : Found opcode in column 1. (XORLW)
Warning[203] C:\USERS\HP\DESKTOP\BUT\YENI KLASöR\BENIM.ASM 25 : Found opcode in column 1. (BTFSS)
Warning[203] C:\USERS\HP\DESKTOP\BUT\YENI KLASöR\BENIM.ASM 26 : Found opcode in column 1. (RETFIE)
Warning[203] C:\USERS\HP\DESKTOP\BUT\YENI KLASöR\BENIM.ASM 27 : Found opcode in column 1. (CLRF)
Warning[203] C:\USERS\HP\DESKTOP\BUT\YENI KLASöR\BENIM.ASM 28 : Found opcode in column 1. (RETFIE)
Warning[205] C:\USERS\HP\DESKTOP\BUT\YENI KLASöR\BENIM.ASM 45 : Found directive in column 1. (BANKSEL)
Warning[203] C:\USERS\HP\DESKTOP\BUT\YENI KLASöR\BENIM.ASM 46 : Found opcode in column 1. (CLRF)
Message[302] C:\USERS\HP\DESKTOP\BUT\YENI KLASöR\BENIM.ASM 46 : Register in operand not in bank 0.  Ensure that bank bits are correct.
Warning[203] C:\USERS\HP\DESKTOP\BUT\YENI KLASöR\BENIM.ASM 48 : Found opcode in column 1. (CLRF)
Warning[205] C:\USERS\HP\DESKTOP\BUT\YENI KLASöR\BENIM.ASM 49 : Found directive in column 1. (BANKSEL)
Warning[203] C:\USERS\HP\DESKTOP\BUT\YENI KLASöR\BENIM.ASM 50 : Found opcode in column 1. (CLRF)
Warning[205] C:\USERS\HP\DESKTOP\BUT\YENI KLASöR\BENIM.ASM 51 : Found directive in column 1. (BANKSEL)
Warning[203] C:\USERS\HP\DESKTOP\BUT\YENI KLASöR\BENIM.ASM 53 : Found opcode in column 1. (MOVWF)
Warning[205] C:\USERS\HP\DESKTOP\BUT\YENI KLASöR\BENIM.ASM 54 : Found directive in column 1. (BANKSEL)
Warning[203] C:\USERS\HP\DESKTOP\BUT\YENI KLASöR\BENIM.ASM 55 : Found opcode in column 1. (MOVLW)
Warning[203] C:\USERS\HP\DESKTOP\BUT\YENI KLASöR\BENIM.ASM 56 : Found opcode in column 1. (MOVWF)
Message[302] C:\USERS\HP\DESKTOP\BUT\YENI KLASöR\BENIM.ASM 56 : Register in operand not in bank 0.  Ensure that bank bits are correct.
Warning[205] C:\USERS\HP\DESKTOP\BUT\YENI KLASöR\BENIM.ASM 57 : Found directive in column 1. (BANKSEL)
Warning[203] C:\USERS\HP\DESKTOP\BUT\YENI KLASöR\BENIM.ASM 58 : Found opcode in column 1. (MOVLW)
Warning[203] C:\USERS\HP\DESKTOP\BUT\YENI KLASöR\BENIM.ASM 59 : Found opcode in column 1. (MOVWF)
Warning[205] C:\USERS\HP\DESKTOP\BUT\YENI KLASöR\BENIM.ASM 60 : Found directive in column 1. (BANKSEL)
Warning[203] C:\USERS\HP\DESKTOP\BUT\YENI KLASöR\BENIM.ASM 61 : Found opcode in column 1. (MOVLW)
Warning[203] C:\USERS\HP\DESKTOP\BUT\YENI KLASöR\BENIM.ASM 62 : Found opcode in column 1. (MOVWF)
Warning[203] C:\USERS\HP\DESKTOP\BUT\YENI KLASöR\BENIM.ASM 64 : Found opcode in column 1. (GOTO)
Warning[205] C:\USERS\HP\DESKTOP\BUT\YENI KLASöR\BENIM.ASM 65 : Found directive in column 1. (END)
