MPASM  5.42                         MPLAB.ASM   12-26-2011  23:59:38         PAGE  1


LOC  OBJECT CODE     LINE SOURCE TEXT
  VALUE

Warning[205]: Found directive in column 1. (list)
                      00001 list p = 16F877A
Warning[205]: Found directive in column 1. (include)
                      00002 include "P16F877A.inc"
                      00001         LIST
                      00002 
                      00003 ;==========================================================================
                      00004 ;  MPASM PIC16F877A processor include
                      00005 ; 
                      00006 ;  (c) Copyright 1999-2011 Microchip Technology, All rights reserved
                      00007 ;==========================================================================
                      00008 
                      00555         LIST
  00000021            00003 Sayac_Display equ 0x21
  00000022            00004 Sayac_Kesme equ 0x22
                      00005 
Warning[205]: Found directive in column 1. (ORG)
0000                  00006 ORG 0
Warning[203]: Found opcode in column 1. (goto)
0000   2811           00007 goto Ana_Program
                      00008 
Warning[205]: Found directive in column 1. (ORG)
0004                  00009 ORG 4 
                      00010 
0004                  00011 Kesme
0004   1D0B           00012         BTFSS INTCON,TMR0IF
0005   0009           00013         retfie
0006   110B           00014         BCF INTCON,TMR0IF
                      00015 
0007   303C           00016         movlw D'60'
0008   0081           00017         movwf TMR0      
                      00018 
Message[305]: Using default destination of 1 (file).
0009   0BA2           00019         decfsz Sayac_Kesme
000A   0009           00020         retfie
                      00021         
000B   3014           00022         movlw D'20'
000C   00A2           00023         movwf Sayac_Kesme
                      00024 
Message[305]: Using default destination of 1 (file).
000D   0AA1           00025         incf Sayac_Display
000E   2021           00026         CALL Lookup
000F   0088           00027         movwf PORTD
0010   0009           00028         retfie
                      00029 
0011                  00030 Ana_Program
                      00031         
0011   303C           00032         MOVLW D'60'
0012   0081           00033         MOVWF TMR0
                      00034         
0013   3014           00035         movlw D'20'
0014   00A2           00036         movwf Sayac_Kesme
                      00037 
MPASM  5.42                         MPLAB.ASM   12-26-2011  23:59:38         PAGE  2


LOC  OBJECT CODE     LINE SOURCE TEXT
  VALUE

0015   0188           00038         CLRF PORTD
0016   3009           00039         MOVLW B'00001001'
0017   0085           00040         MOVWF PORTA
                      00041 
0018   1683           00042         BSF STATUS,RP0
Message[302]: Register in operand not in bank 0.  Ensure that bank bits are correct.
0019   0185           00043         CLRF TRISA
Message[302]: Register in operand not in bank 0.  Ensure that bank bits are correct.
001A   0188           00044         CLRF TRISD
                      00045         
001B   3007           00046         MOVLW B'00000111'
Message[302]: Register in operand not in bank 0.  Ensure that bank bits are correct.
001C   0081           00047         MOVWF OPTION_REG
                      00048 
001D   30E0           00049         MOVLW B'11100000'
001E   008B           00050         MOVWF INTCON
                      00051 
001F   1283           00052         BCF STATUS,RP0
                      00053 
0020                  00054 Dongu
0020   2820           00055         goto Dongu
                      00056         
0021                  00057 Lookup
0021   0821           00058         movf Sayac_Display,w
0022   0782           00059         addwf PCL,1
                      00060         
0023   0000           00061         nop 
0024   343F           00062         retlw b'00111111';0        
0025   3406           00063         retlw b'00000110';1
0026   345B           00064         retlw b'01011011';2
0027   344F           00065         retlw b'01001111';3
0028   3466           00066         retlw b'01100110';4
0029   346D           00067         retlw b'01101101';5
002A   347D           00068         retlw b'01111101';6
002B   3407           00069         retlw b'00000111';7
002C   347F           00070         retlw b'01111111';8
002D   01A1           00071         clrf Sayac_Display
002E   3467           00072         retlw b'01100111';9
                      00073         
                      00074 
Warning[205]: Found directive in column 1. (end)
                      00075 end
MPASM  5.42                         MPLAB.ASM   12-26-2011  23:59:38         PAGE  3


SYMBOL TABLE
  LABEL                             VALUE 

ACKDT                             00000005
ACKEN                             00000004
ACKSTAT                           00000006
ADCON0                            0000001F
ADCON1                            0000009F
ADCS0                             00000006
ADCS1                             00000007
ADCS2                             00000006
ADDEN                             00000003
ADFM                              00000007
ADIE                              00000006
ADIF                              00000006
ADON                              00000000
ADRESH                            0000001E
ADRESL                            0000009E
Ana_Program                       00000011
BCLIE                             00000003
BCLIF                             00000003
BF                                00000000
BRGH                              00000002
C                                 00000000
C1INV                             00000004
C1OUT                             00000006
C2INV                             00000005
C2OUT                             00000007
CCP1CON                           00000017
CCP1IE                            00000002
CCP1IF                            00000002
CCP1M0                            00000000
CCP1M1                            00000001
CCP1M2                            00000002
CCP1M3                            00000003
CCP1X                             00000005
CCP1Y                             00000004
CCP2CON                           0000001D
CCP2IE                            00000000
CCP2IF                            00000000
CCP2M0                            00000000
CCP2M1                            00000001
CCP2M2                            00000002
CCP2M3                            00000003
CCP2X                             00000005
CCP2Y                             00000004
CCPR1                             00000015
CCPR1H                            00000016
CCPR1L                            00000015
CCPR2                             0000001B
CCPR2H                            0000001C
CCPR2L                            0000001B
CHS0                              00000003
CHS1                              00000004
CHS2                              00000005
CIS                               00000003
MPASM  5.42                         MPLAB.ASM   12-26-2011  23:59:38         PAGE  4


SYMBOL TABLE
  LABEL                             VALUE 

CKE                               00000006
CKP                               00000004
CM0                               00000000
CM1                               00000001
CM2                               00000002
CMCON                             0000009C
CMIE                              00000006
CMIF                              00000006
CREN                              00000004
CSRC                              00000007
CVR0                              00000000
CVR1                              00000001
CVR2                              00000002
CVR3                              00000003
CVRCON                            0000009D
CVREN                             00000007
CVROE                             00000006
CVRR                              00000005
D                                 00000005
DATA_ADDRESS                      00000005
DC                                00000001
D_A                               00000005
D_NOT_A                           00000005
Dongu                             00000020
EEADR                             0000010D
EEADRH                            0000010F
EECON1                            0000018C
EECON2                            0000018D
EEDATA                            0000010C
EEDATH                            0000010E
EEIE                              00000004
EEIF                              00000004
EEPGD                             00000007
F                                 00000001
FERR                              00000002
FSR                               00000004
GCEN                              00000007
GIE                               00000007
GO                                00000002
GO_DONE                           00000002
GO_NOT_DONE                       00000002
I2C_DATA                          00000005
I2C_READ                          00000002
I2C_START                         00000003
I2C_STOP                          00000004
IBF                               00000007
IBOV                              00000005
INDF                              00000000
INTCON                            0000000B
INTE                              00000004
INTEDG                            00000006
INTF                              00000001
IRP                               00000007
MPASM  5.42                         MPLAB.ASM   12-26-2011  23:59:38         PAGE  5


SYMBOL TABLE
  LABEL                             VALUE 

Kesme                             00000004
Lookup                            00000021
NOT_A                             00000005
NOT_ADDRESS                       00000005
NOT_BO                            00000000
NOT_BOR                           00000000
NOT_DONE                          00000002
NOT_PD                            00000003
NOT_POR                           00000001
NOT_RBPU                          00000007
NOT_RC8                           00000006
NOT_T1SYNC                        00000002
NOT_TO                            00000004
NOT_TX8                           00000006
NOT_W                             00000002
NOT_WRITE                         00000002
OBF                               00000006
OERR                              00000001
OPTION_REG                        00000081
P                                 00000004
PCFG0                             00000000
PCFG1                             00000001
PCFG2                             00000002
PCFG3                             00000003
PCL                               00000002
PCLATH                            0000000A
PCON                              0000008E
PEIE                              00000006
PEN                               00000002
PIE1                              0000008C
PIE2                              0000008D
PIR1                              0000000C
PIR2                              0000000D
PORTA                             00000005
PORTB                             00000006
PORTC                             00000007
PORTD                             00000008
PORTE                             00000009
PR2                               00000092
PS0                               00000000
PS1                               00000001
PS2                               00000002
PSA                               00000003
PSPIE                             00000007
PSPIF                             00000007
PSPMODE                           00000004
R                                 00000002
RA0                               00000000
RA1                               00000001
RA2                               00000002
RA3                               00000003
RA4                               00000004
RA5                               00000005
MPASM  5.42                         MPLAB.ASM   12-26-2011  23:59:38         PAGE  6


SYMBOL TABLE
  LABEL                             VALUE 

RB0                               00000000
RB1                               00000001
RB2                               00000002
RB3                               00000003
RB4                               00000004
RB5                               00000005
RB6                               00000006
RB7                               00000007
RBIE                              00000003
RBIF                              00000000
RC0                               00000000
RC1                               00000001
RC2                               00000002
RC3                               00000003
RC4                               00000004
RC5                               00000005
RC6                               00000006
RC7                               00000007
RC8_9                             00000006
RC9                               00000006
RCD8                              00000000
RCEN                              00000003
RCIE                              00000005
RCIF                              00000005
RCREG                             0000001A
RCSTA                             00000018
RD                                00000000
RD0                               00000000
RD1                               00000001
RD2                               00000002
RD3                               00000003
RD4                               00000004
RD5                               00000005
RD6                               00000006
RD7                               00000007
RE0                               00000000
RE1                               00000001
RE2                               00000002
READ_WRITE                        00000002
RP0                               00000005
RP1                               00000006
RSEN                              00000001
RX9                               00000006
RX9D                              00000000
R_NOT_W                           00000002
R_W                               00000002
S                                 00000003
SEN                               00000000
SMP                               00000007
SPBRG                             00000099
SPEN                              00000007
SREN                              00000005
SSPADD                            00000093
MPASM  5.42                         MPLAB.ASM   12-26-2011  23:59:38         PAGE  7


SYMBOL TABLE
  LABEL                             VALUE 

SSPBUF                            00000013
SSPCON                            00000014
SSPCON2                           00000091
SSPEN                             00000005
SSPIE                             00000003
SSPIF                             00000003
SSPM0                             00000000
SSPM1                             00000001
SSPM2                             00000002
SSPM3                             00000003
SSPOV                             00000006
SSPSTAT                           00000094
STATUS                            00000003
SYNC                              00000004
Sayac_Display                     00000021
Sayac_Kesme                       00000022
T0CS                              00000005
T0IE                              00000005
T0IF                              00000002
T0SE                              00000004
T1CKPS0                           00000004
T1CKPS1                           00000005
T1CON                             00000010
T1INSYNC                          00000002
T1OSCEN                           00000003
T1SYNC                            00000002
T2CKPS0                           00000000
T2CKPS1                           00000001
T2CON                             00000012
TMR0                              00000001
TMR0IE                            00000005
TMR0IF                            00000002
TMR1CS                            00000001
TMR1H                             0000000F
TMR1IE                            00000000
TMR1IF                            00000000
TMR1L                             0000000E
TMR1ON                            00000000
TMR2                              00000011
TMR2IE                            00000001
TMR2IF                            00000001
TMR2ON                            00000002
TOUTPS0                           00000003
TOUTPS1                           00000004
TOUTPS2                           00000005
TOUTPS3                           00000006
TRISA                             00000085
TRISA0                            00000000
TRISA1                            00000001
TRISA2                            00000002
TRISA3                            00000003
TRISA4                            00000004
TRISA5                            00000005
MPASM  5.42                         MPLAB.ASM   12-26-2011  23:59:38         PAGE  8


SYMBOL TABLE
  LABEL                             VALUE 

TRISB                             00000086
TRISB0                            00000000
TRISB1                            00000001
TRISB2                            00000002
TRISB3                            00000003
TRISB4                            00000004
TRISB5                            00000005
TRISB6                            00000006
TRISB7                            00000007
TRISC                             00000087
TRISC0                            00000000
TRISC1                            00000001
TRISC2                            00000002
TRISC3                            00000003
TRISC4                            00000004
TRISC5                            00000005
TRISC6                            00000006
TRISC7                            00000007
TRISD                             00000088
TRISD0                            00000000
TRISD1                            00000001
TRISD2                            00000002
TRISD3                            00000003
TRISD4                            00000004
TRISD5                            00000005
TRISD6                            00000006
TRISD7                            00000007
TRISE                             00000089
TRISE0                            00000000
TRISE1                            00000001
TRISE2                            00000002
TRMT                              00000001
TX8_9                             00000006
TX9                               00000006
TX9D                              00000000
TXD8                              00000000
TXEN                              00000005
TXIE                              00000004
TXIF                              00000004
TXREG                             00000019
TXSTA                             00000098
UA                                00000001
W                                 00000000
WCOL                              00000007
WR                                00000001
WREN                              00000002
WRERR                             00000003
Z                                 00000002
_BODEN_OFF                        00003FBF
_BODEN_ON                         00003FFF
_CONFIG                           00002007
_CPD_OFF                          00003FFF
_CPD_ON                           00003EFF
MPASM  5.42                         MPLAB.ASM   12-26-2011  23:59:38         PAGE  9


SYMBOL TABLE
  LABEL                             VALUE 

_CP_ALL                           00001FFF
_CP_OFF                           00003FFF
_DEBUG_OFF                        00003FFF
_DEBUG_ON                         000037FF
_DEVID1                           00002006
_HS_OSC                           00003FFE
_IDLOC0                           00002000
_IDLOC1                           00002001
_IDLOC2                           00002002
_IDLOC3                           00002003
_LP_OSC                           00003FFC
_LVP_OFF                          00003F7F
_LVP_ON                           00003FFF
_PWRTE_OFF                        00003FFF
_PWRTE_ON                         00003FF7
_RC_OSC                           00003FFF
_WDT_OFF                          00003FFB
_WDT_ON                           00003FFF
_WRT_1FOURTH                      00003BFF
_WRT_256                          00003DFF
_WRT_HALF                         000039FF
_WRT_OFF                          00003FFF
_XT_OSC                           00003FFD
__16F877A                         00000001
__DEBUG                           1


MEMORY USAGE MAP ('X' = Used,  '-' = Unused)

0000 : X---XXXXXXXXXXXX XXXXXXXXXXXXXXXX XXXXXXXXXXXXXXX- ----------------

All other memory blocks unused.

Program Memory Words Used:    44
Program Memory Words Free:  8148


Errors   :     0
Warnings :     6 reported,     0 suppressed
Messages :     5 reported,     0 suppressed

