MPASM  5.42                         ODEV7.ASM   12-12-2011  13:48:36         PAGE  1


LOC  OBJECT CODE     LINE SOURCE TEXT
  VALUE

Warning[205]: Found directive in column 1. (LIST)
                      00001 LIST P=16F877A
                      00002 #INCLUDE <P16F877A.INC>
                      00001         LIST
                      00002 
                      00003 ;==========================================================================
                      00004 ;  MPASM PIC16F877A processor include
                      00005 ; 
                      00006 ;  (c) Copyright 1999-2011 Microchip Technology, All rights reserved
                      00007 ;==========================================================================
                      00008 
                      00555         LIST
Warning[205]: Found directive in column 1. (__CONFIG)
2007   3F31           00003 __CONFIG H'3F31'
  00000021            00004 YAZDEGER EQU 0X21
  00000022            00005 EPROMADRES EQU 0X22
  00000023            00006 BINLER EQU 0X23
  00000024            00007 YUZLER EQU 0X24
  00000025            00008 ONLAR EQU 0X25
  00000026            00009 BIRLER EQU 0X26
  00000027            00010 RB0SAYAC EQU 0X27
  00000028            00011 RB0SAYAC2 EQU 0X28
Warning[205]: Found directive in column 1. (org)
                      00012 org 0x000
Warning[203]: Found opcode in column 1. (goto)
0000   2???           00013 goto ANAPROGRAM
Warning[205]: Found directive in column 1. (ORG)
                      00014 ORG 0X004
Warning[203]: Found opcode in column 1. (BTFSS)
0004   1C0B           00015 BTFSS INTCON,0 ;RBCHANGE KESMESI GELDIMI
Warning[203]: Found opcode in column 1. (GOTO)
0005   2???           00016 GOTO KESMESONU
Warning[203]: Found opcode in column 1. (BCF)
0006   138B           00017 BCF INTCON,7
Warning[203]: Found opcode in column 1. (BCF)
0007   100B           00018 BCF INTCON,0 ;KESMEYÝ KAPAT
Warning[203]: Found opcode in column 1. (BTFSC)
0008   1A06           00019 BTFSC PORTB,4
Warning[203]: Found opcode in column 1. (GOTO)
0009   2???           00020 GOTO BUTON1
Warning[203]: Found opcode in column 1. (BTFSC)
000A   1A86           00021 BTFSC PORTB,5
Warning[203]: Found opcode in column 1. (GOTO)
000B   2???           00022 GOTO BUTON2
Warning[203]: Found opcode in column 1. (BTFSC)
000C   1B06           00023 BTFSC PORTB,6
Warning[203]: Found opcode in column 1. (GOTO)
000D   2???           00024 GOTO BUTON3
Warning[203]: Found opcode in column 1. (BTFSC)
000E   1B86           00025 BTFSC PORTB,7
Warning[203]: Found opcode in column 1. (GOTO)
000F   2???           00026 GOTO BUTON4
Warning[203]: Found opcode in column 1. (GOTO)
MPASM  5.42                         ODEV7.ASM   12-12-2011  13:48:36         PAGE  2


LOC  OBJECT CODE     LINE SOURCE TEXT
  VALUE

0010   2???           00027 GOTO DEVAM
0011                  00028 BUTON1
Warning[203]: Found opcode in column 1. (MOVLW)
0011   3006           00029 MOVLW H'06';1
Warning[203]: Found opcode in column 1. (MOVWF)
0012   00A1           00030 MOVWF YAZDEGER
Warning[203]: Found opcode in column 1. (CALL)
0013   2???           00031 CALL EPROMYAZ
Warning[203]: Found opcode in column 1. (GOTO)
0014   2???           00032 GOTO DEVAM
0015                  00033 BUTON2
Warning[203]: Found opcode in column 1. (MOVLW)
0015   305B           00034 MOVLW H'5B';2
Warning[203]: Found opcode in column 1. (MOVWF)
0016   00A1           00035 MOVWF YAZDEGER
Warning[203]: Found opcode in column 1. (CALL)
0017   2???           00036 CALL EPROMYAZ
Warning[203]: Found opcode in column 1. (GOTO)
0018   2???           00037 GOTO DEVAM
0019                  00038 BUTON3
Warning[203]: Found opcode in column 1. (MOVLW)
0019   304F           00039 MOVLW H'4F' ;3
Warning[203]: Found opcode in column 1. (MOVWF)
001A   00A1           00040 MOVWF YAZDEGER
Warning[203]: Found opcode in column 1. (CALL)
001B   2???           00041 CALL EPROMYAZ
Warning[203]: Found opcode in column 1. (GOTO)
001C   2???           00042 GOTO DEVAM
001D                  00043 BUTON4
Warning[203]: Found opcode in column 1. (MOVLW)
001D   3066           00044 MOVLW H'66' ;4
Warning[203]: Found opcode in column 1. (MOVWF)
001E   00A1           00045 MOVWF YAZDEGER
Warning[203]: Found opcode in column 1. (CALL)
001F   2???           00046 CALL EPROMYAZ
Warning[203]: Found opcode in column 1. (GOTO)
0020   2???           00047 GOTO DEVAM
0021                  00048 DEVAM
Warning[203]: Found opcode in column 1. (CALL)
0021   2???           00049 CALL GECIKME
Warning[203]: Found opcode in column 1. (CLRF)
0022   0186           00050 CLRF PORTB
Warning[203]: Found opcode in column 1. (BSF)
0023   178B           00051 BSF INTCON,7
0024                  00052 KESMESONU
Warning[203]: Found opcode in column 1. (CALL)
0024   2???           00053 CALL EPROMOKU
Warning[203]: Found opcode in column 1. (RETFIE)
0025   0009           00054 RETFIE
0026                  00055 EPROMOKU
Warning[203]: Found opcode in column 1. (BSF)
0026   1703           00056 BSF STATUS,RP1
Warning[203]: Found opcode in column 1. (BCF)
MPASM  5.42                         ODEV7.ASM   12-12-2011  13:48:36         PAGE  3


LOC  OBJECT CODE     LINE SOURCE TEXT
  VALUE

0027   1283           00057 BCF STATUS,RP0
Warning[203]: Found opcode in column 1. (MOVLW)
0028   3005           00058 MOVLW H'05'
Warning[203]: Found opcode in column 1. (MOVWF)
Message[302]: Register in operand not in bank 0.  Ensure that bank bits are correct.
0029   008D           00059 MOVWF EEADR
Warning[203]: Found opcode in column 1. (BSF)
002A   1683           00060 BSF STATUS,RP0
Warning[203]: Found opcode in column 1. (BCF)
Message[302]: Register in operand not in bank 0.  Ensure that bank bits are correct.
002B   138C           00061 BCF EECON1,7
Warning[203]: Found opcode in column 1. (BSF)
Message[302]: Register in operand not in bank 0.  Ensure that bank bits are correct.
002C   140C           00062 BSF EECON1,RD
Warning[203]: Found opcode in column 1. (BCF)
002D   1283           00063 BCF STATUS,RP0 ;BANK3
Warning[203]: Found opcode in column 1. (MOVF)
Message[302]: Register in operand not in bank 0.  Ensure that bank bits are correct.
002E   080C           00064 MOVF EEDATA,W
Warning[203]: Found opcode in column 1. (BCF)
002F   1303           00065 BCF STATUS,RP1 ;BANK0
Warning[203]: Found opcode in column 1. (MOVWF)
0030   00A3           00066 MOVWF BINLER
                      00067 
Warning[203]: Found opcode in column 1. (BSF)
0031   1703           00068 BSF STATUS,RP1
Warning[203]: Found opcode in column 1. (MOVLW)
0032   3004           00069 MOVLW H'04'
Warning[203]: Found opcode in column 1. (MOVWF)
Message[302]: Register in operand not in bank 0.  Ensure that bank bits are correct.
0033   008D           00070 MOVWF EEADR
Warning[203]: Found opcode in column 1. (BSF)
0034   1683           00071 BSF STATUS,RP0
Warning[203]: Found opcode in column 1. (BCF)
Message[302]: Register in operand not in bank 0.  Ensure that bank bits are correct.
0035   138C           00072 BCF EECON1,7
Warning[203]: Found opcode in column 1. (BSF)
Message[302]: Register in operand not in bank 0.  Ensure that bank bits are correct.
0036   140C           00073 BSF EECON1,RD
Warning[203]: Found opcode in column 1. (BCF)
0037   1283           00074 BCF STATUS,RP0 ;BANK3
Warning[203]: Found opcode in column 1. (MOVF)
Message[302]: Register in operand not in bank 0.  Ensure that bank bits are correct.
0038   080C           00075 MOVF EEDATA,W
Warning[203]: Found opcode in column 1. (BCF)
0039   1303           00076 BCF STATUS,RP1 ;BANK0
Warning[203]: Found opcode in column 1. (MOVWF)
003A   00A4           00077 MOVWF YUZLER
                      00078 
Warning[203]: Found opcode in column 1. (BSF)
003B   1703           00079 BSF STATUS,RP1
Warning[203]: Found opcode in column 1. (MOVLW)
003C   3003           00080 MOVLW H'03'
MPASM  5.42                         ODEV7.ASM   12-12-2011  13:48:36         PAGE  4


LOC  OBJECT CODE     LINE SOURCE TEXT
  VALUE

Warning[203]: Found opcode in column 1. (MOVWF)
Message[302]: Register in operand not in bank 0.  Ensure that bank bits are correct.
003D   008D           00081 MOVWF EEADR
Warning[203]: Found opcode in column 1. (BSF)
003E   1683           00082 BSF STATUS,RP0
Warning[203]: Found opcode in column 1. (BCF)
Message[302]: Register in operand not in bank 0.  Ensure that bank bits are correct.
003F   138C           00083 BCF EECON1,7
Warning[203]: Found opcode in column 1. (BSF)
Message[302]: Register in operand not in bank 0.  Ensure that bank bits are correct.
0040   140C           00084 BSF EECON1,RD
Warning[203]: Found opcode in column 1. (BCF)
0041   1283           00085 BCF STATUS,RP0 ;BANK3
Warning[203]: Found opcode in column 1. (MOVF)
Message[302]: Register in operand not in bank 0.  Ensure that bank bits are correct.
0042   080C           00086 MOVF EEDATA,W
Warning[203]: Found opcode in column 1. (BCF)
0043   1303           00087 BCF STATUS,RP1 ;BANK0
Warning[203]: Found opcode in column 1. (MOVWF)
0044   00A5           00088 MOVWF ONLAR
                      00089 
Warning[203]: Found opcode in column 1. (BSF)
0045   1703           00090 BSF STATUS,RP1
Warning[203]: Found opcode in column 1. (MOVLW)
0046   3002           00091 MOVLW H'02'
Warning[203]: Found opcode in column 1. (MOVWF)
Message[302]: Register in operand not in bank 0.  Ensure that bank bits are correct.
0047   008D           00092 MOVWF EEADR
Warning[203]: Found opcode in column 1. (BSF)
0048   1683           00093 BSF STATUS,RP0
Warning[203]: Found opcode in column 1. (BCF)
Message[302]: Register in operand not in bank 0.  Ensure that bank bits are correct.
0049   138C           00094 BCF EECON1,7
Warning[203]: Found opcode in column 1. (BSF)
Message[302]: Register in operand not in bank 0.  Ensure that bank bits are correct.
004A   140C           00095 BSF EECON1,RD
Warning[203]: Found opcode in column 1. (BCF)
004B   1283           00096 BCF STATUS,RP0 ;BANK3
Warning[203]: Found opcode in column 1. (MOVF)
Message[302]: Register in operand not in bank 0.  Ensure that bank bits are correct.
004C   080C           00097 MOVF EEDATA,W
Warning[203]: Found opcode in column 1. (BCF)
004D   1303           00098 BCF STATUS,RP1 ;BANK0
Warning[203]: Found opcode in column 1. (MOVWF)
004E   00A6           00099 MOVWF BIRLER
                      00100 
Warning[203]: Found opcode in column 1. (RETURN)
004F   0008           00101 RETURN
0050                  00102 EPROMYAZ ; YAZ.........................
Warning[203]: Found opcode in column 1. (DECFSZ)
Message[305]: Using default destination of 1 (file).
0050   0BA2           00103 DECFSZ EPROMADRES
Warning[203]: Found opcode in column 1. (GOTO)
MPASM  5.42                         ODEV7.ASM   12-12-2011  13:48:36         PAGE  5


LOC  OBJECT CODE     LINE SOURCE TEXT
  VALUE

0051   2???           00104 GOTO DEVAM2
Warning[203]: Found opcode in column 1. (GOTO)
0052   2???           00105 GOTO YAZMA
0053                  00106 DEVAM2
Warning[203]: Found opcode in column 1. (MOVF)
0053   0822           00107 MOVF EPROMADRES,W
Warning[203]: Found opcode in column 1. (BSF)
0054   1703           00108 BSF STATUS,RP1
Warning[203]: Found opcode in column 1. (MOVWF)
Message[302]: Register in operand not in bank 0.  Ensure that bank bits are correct.
0055   008D           00109 MOVWF EEADR
Warning[203]: Found opcode in column 1. (BCF)
0056   1303           00110 BCF STATUS,RP1
Warning[203]: Found opcode in column 1. (MOVF)
0057   0821           00111 MOVF YAZDEGER,W
Warning[203]: Found opcode in column 1. (BSF)
0058   1703           00112 BSF STATUS,RP1 ;BANK3
Warning[203]: Found opcode in column 1. (MOVWF)
Message[302]: Register in operand not in bank 0.  Ensure that bank bits are correct.
0059   008C           00113 MOVWF EEDATA
Warning[203]: Found opcode in column 1. (BSF)
005A   1683           00114 BSF STATUS,RP0 ;BANK4
Warning[203]: Found opcode in column 1. (BCF)
Message[302]: Register in operand not in bank 0.  Ensure that bank bits are correct.
005B   138C           00115 BCF EECON1,7
Warning[203]: Found opcode in column 1. (BSF)
Message[302]: Register in operand not in bank 0.  Ensure that bank bits are correct.
005C   150C           00116 BSF EECON1,2
Warning[203]: Found opcode in column 1. (BCF)
005D   138B           00117 BCF INTCON,7 ;TÜM KESMELER ÝPTAL
Warning[203]: Found opcode in column 1. (MOVLW)
005E   3055           00118 MOVLW H'55'
Warning[203]: Found opcode in column 1. (MOVWF)
Message[302]: Register in operand not in bank 0.  Ensure that bank bits are correct.
005F   008D           00119 MOVWF EECON2
Warning[203]: Found opcode in column 1. (MOVLW)
0060   30AA           00120 MOVLW  H'AA'
Warning[203]: Found opcode in column 1. (MOVWF)
Message[302]: Register in operand not in bank 0.  Ensure that bank bits are correct.
0061   008D           00121 MOVWF EECON2
Warning[203]: Found opcode in column 1. (BSF)
Message[302]: Register in operand not in bank 0.  Ensure that bank bits are correct.
0062   148C           00122 BSF EECON1,1
0063                  00123 YAZMABEKLE
Warning[203]: Found opcode in column 1. (BTFSC)
Message[302]: Register in operand not in bank 0.  Ensure that bank bits are correct.
0063   188C           00124 BTFSC EECON1,1
Warning[203]: Found opcode in column 1. (GOTO)
0064   2???           00125 GOTO YAZMABEKLE
Warning[203]: Found opcode in column 1. (BCF)
Message[302]: Register in operand not in bank 0.  Ensure that bank bits are correct.
0065   110C           00126 BCF EECON1,2
0066                  00127 YAZMA
MPASM  5.42                         ODEV7.ASM   12-12-2011  13:48:36         PAGE  6


LOC  OBJECT CODE     LINE SOURCE TEXT
  VALUE

Warning[203]: Found opcode in column 1. (CLRF)
0066   0183           00128 CLRF STATUS ;BANK0 ADRESÝ VE CARRY=0
                      00129 
Warning[203]: Found opcode in column 1. (RETURN)
0067   0008           00130 RETURN
                      00131 
0068                  00132 GECIKME
0068                  00133 DON1
Warning[203]: Found opcode in column 1. (MOVLW)
0068   30FF           00134 MOVLW h'FF'
Warning[203]: Found opcode in column 1. (MOVWF)
0069   00A8           00135 MOVWF RB0SAYAC2
006A                  00136 DON2
Warning[203]: Found opcode in column 1. (DECFSZ)
Message[305]: Using default destination of 1 (file).
006A   0BA8           00137 DECFSZ RB0SAYAC2
Warning[203]: Found opcode in column 1. (GOTO)
006B   2???           00138 GOTO DON2
Warning[203]: Found opcode in column 1. (DECFSZ)
Message[305]: Using default destination of 1 (file).
006C   0BA7           00139 DECFSZ RB0SAYAC
Warning[203]: Found opcode in column 1. (GOTO)
006D   2???           00140 GOTO DON1
Warning[203]: Found opcode in column 1. (RETURN)
006E   0008           00141 RETURN
                      00142 
Warning[203]: Found opcode in column 1. (MOVLW)
006F   30FF           00143 MOVLW H'FF'
Warning[203]: Found opcode in column 1. (MOVWF)
0070   00A7           00144 MOVWF RB0SAYAC
Warning[203]: Found opcode in column 1. (MOVWF)
0071   00A8           00145 MOVWF RB0SAYAC2
Warning[203]: Found opcode in column 1. (RETURN)
0072   0008           00146 RETURN
0073                  00147 BASLANGIC
Warning[203]: Found opcode in column 1. (MOVLW)
0073   30C8           00148 MOVLW B'11001000' ; GLOBAL VE ÇEVRESEL VE RBCHANGE KESMESINE IZIN VERME
Warning[203]: Found opcode in column 1. (MOVWF)
0074   008B           00149 MOVWF INTCON
Warning[203]: Found opcode in column 1. (MOVLW)
0075   3006           00150 MOVLW H'06'
Warning[203]: Found opcode in column 1. (MOVWF)
0076   00A2           00151 MOVWF EPROMADRES
Warning[203]: Found opcode in column 1. (MOVWF)
0077   00A1           00152 MOVWF YAZDEGER
Warning[203]: Found opcode in column 1. (BSF)
0078   1683           00153 BSF STATUS,RP0 ;BANK1
Warning[203]: Found opcode in column 1. (MOVLW)
0079   3080           00154 MOVLW B'10000000'
Warning[203]: Found opcode in column 1. (MOVWF)
Message[302]: Register in operand not in bank 0.  Ensure that bank bits are correct.
007A   0081           00155 MOVWF OPTION_REG
Warning[203]: Found opcode in column 1. (CLRF)
MPASM  5.42                         ODEV7.ASM   12-12-2011  13:48:36         PAGE  7


LOC  OBJECT CODE     LINE SOURCE TEXT
  VALUE

Message[302]: Register in operand not in bank 0.  Ensure that bank bits are correct.
007B   0185           00156 CLRF TRISA ;A PORTU ÇIKIÞA AYARLANDI
Warning[203]: Found opcode in column 1. (CLRF)
Message[302]: Register in operand not in bank 0.  Ensure that bank bits are correct.
007C   0188           00157 CLRF TRISD ;D PORTU ÇIKIÞA AYARLANDI
Warning[203]: Found opcode in column 1. (MOVLW)
007D   30FF           00158 MOVLW H'FF'
Warning[203]: Found opcode in column 1. (MOVWF)
Message[302]: Register in operand not in bank 0.  Ensure that bank bits are correct.
007E   0086           00159 MOVWF TRISB ;B INPUTA AYARLANDI
Warning[203]: Found opcode in column 1. (CALL)
007F   2???           00160 CALL EPROMOKU
Warning[203]: Found opcode in column 1. (BCF)
0080   1283           00161 BCF STATUS,RP0 ;BANK0
Warning[203]: Found opcode in column 1. (MOVLW)
0081   30FF           00162 MOVLW H'FF'
Warning[203]: Found opcode in column 1. (MOVWF)
0082   0086           00163 MOVWF PORTB
Warning[203]: Found opcode in column 1. (MOVWF)
0083   00A7           00164 MOVWF RB0SAYAC
Warning[203]: Found opcode in column 1. (MOVWF)
0084   00A8           00165 MOVWF RB0SAYAC2
Warning[203]: Found opcode in column 1. (RETURN)
0085   0008           00166 RETURN
                      00167 
                      00168 
0086                  00169 ANAPROGRAM
Warning[203]: Found opcode in column 1. (CALL)
0086   2???           00170 CALL BASLANGIC
                      00171 
0087                  00172 DONGU
                      00173 
                      00174 
Warning[203]: Found opcode in column 1. (MOVLW)
0087   3008           00175 MOVLW H'08'
Warning[203]: Found opcode in column 1. (MOVWF)
0088   0085           00176 MOVWF PORTA
Warning[203]: Found opcode in column 1. (MOVF)
0089   0823           00177 MOVF BINLER,W
Warning[203]: Found opcode in column 1. (MOVWF)
008A   0088           00178 MOVWF PORTD
Warning[203]: Found opcode in column 1. (CLRF)
008B   0188           00179 CLRF PORTD
                      00180 
                      00181 
Warning[203]: Found opcode in column 1. (MOVLW)
008C   3004           00182 MOVLW H'04'
Warning[203]: Found opcode in column 1. (MOVWF)
008D   0085           00183 MOVWF PORTA
Warning[203]: Found opcode in column 1. (MOVF)
008E   0824           00184 MOVF YUZLER,W
Warning[203]: Found opcode in column 1. (MOVWF)
008F   0088           00185 MOVWF PORTD
MPASM  5.42                         ODEV7.ASM   12-12-2011  13:48:36         PAGE  8


LOC  OBJECT CODE     LINE SOURCE TEXT
  VALUE

Warning[203]: Found opcode in column 1. (CLRF)
0090   0188           00186 CLRF PORTD
                      00187 
Warning[203]: Found opcode in column 1. (MOVLW)
0091   3002           00188 MOVLW H'02'
Warning[203]: Found opcode in column 1. (MOVWF)
0092   0085           00189 MOVWF PORTA
Warning[203]: Found opcode in column 1. (MOVF)
0093   0825           00190 MOVF ONLAR,W
Warning[203]: Found opcode in column 1. (MOVWF)
0094   0088           00191 MOVWF PORTD
Warning[203]: Found opcode in column 1. (CLRF)
0095   0188           00192 CLRF PORTD
                      00193 
Warning[203]: Found opcode in column 1. (MOVLW)
0096   3001           00194 MOVLW H'01'
Warning[203]: Found opcode in column 1. (MOVWF)
0097   0085           00195 MOVWF PORTA
Warning[203]: Found opcode in column 1. (MOVF)
0098   0826           00196 MOVF BIRLER,W
Warning[203]: Found opcode in column 1. (MOVWF)
0099   0088           00197 MOVWF PORTD
Warning[203]: Found opcode in column 1. (CLRF)
009A   0188           00198 CLRF PORTD
                      00199 
Warning[203]: Found opcode in column 1. (GOTO)
009B   2???           00200 GOTO DONGU
Warning[205]: Found directive in column 1. (END)
3F31                  00201 END
MPASM  5.42                         ODEV7.ASM   12-12-2011  13:48:36         PAGE  9


SYMBOL TABLE
  LABEL                             VALUE 

ACKDT                             00000005
ACKEN                             00000004
ACKSTAT                           00000006
ADCON0                            0000001F
ADCON1                            0000009F
ADCS0                             00000006
ADCS1                             00000007
ADCS2                             00000006
ADDEN                             00000003
ADFM                              00000007
ADIE                              00000006
ADIF                              00000006
ADON                              00000000
ADRESH                            0000001E
ADRESL                            0000009E
ANAPROGRAM                        00000086
BASLANGIC                         00000073
BCLIE                             00000003
BCLIF                             00000003
BF                                00000000
BINLER                            00000023
BIRLER                            00000026
BRGH                              00000002
BUTON1                            00000011
BUTON2                            00000015
BUTON3                            00000019
BUTON4                            0000001D
C                                 00000000
C1INV                             00000004
C1OUT                             00000006
C2INV                             00000005
C2OUT                             00000007
CCP1CON                           00000017
CCP1IE                            00000002
CCP1IF                            00000002
CCP1M0                            00000000
CCP1M1                            00000001
CCP1M2                            00000002
CCP1M3                            00000003
CCP1X                             00000005
CCP1Y                             00000004
CCP2CON                           0000001D
CCP2IE                            00000000
CCP2IF                            00000000
CCP2M0                            00000000
CCP2M1                            00000001
CCP2M2                            00000002
CCP2M3                            00000003
CCP2X                             00000005
CCP2Y                             00000004
CCPR1                             00000015
CCPR1H                            00000016
CCPR1L                            00000015
MPASM  5.42                         ODEV7.ASM   12-12-2011  13:48:36         PAGE 10


SYMBOL TABLE
  LABEL                             VALUE 

CCPR2                             0000001B
CCPR2H                            0000001C
CCPR2L                            0000001B
CHS0                              00000003
CHS1                              00000004
CHS2                              00000005
CIS                               00000003
CKE                               00000006
CKP                               00000004
CM0                               00000000
CM1                               00000001
CM2                               00000002
CMCON                             0000009C
CMIE                              00000006
CMIF                              00000006
CREN                              00000004
CSRC                              00000007
CVR0                              00000000
CVR1                              00000001
CVR2                              00000002
CVR3                              00000003
CVRCON                            0000009D
CVREN                             00000007
CVROE                             00000006
CVRR                              00000005
D                                 00000005
DATA_ADDRESS                      00000005
DC                                00000001
DEVAM                             00000021
DEVAM2                            00000053
DON1                              00000068
DON2                              0000006A
DONGU                             00000087
D_A                               00000005
D_NOT_A                           00000005
EEADR                             0000010D
EEADRH                            0000010F
EECON1                            0000018C
EECON2                            0000018D
EEDATA                            0000010C
EEDATH                            0000010E
EEIE                              00000004
EEIF                              00000004
EEPGD                             00000007
EPROMADRES                        00000022
EPROMOKU                          00000026
EPROMYAZ                          00000050
F                                 00000001
FERR                              00000002
FSR                               00000004
GCEN                              00000007
GECIKME                           00000068
GIE                               00000007
MPASM  5.42                         ODEV7.ASM   12-12-2011  13:48:36         PAGE 11


SYMBOL TABLE
  LABEL                             VALUE 

GO                                00000002
GO_DONE                           00000002
GO_NOT_DONE                       00000002
I2C_DATA                          00000005
I2C_READ                          00000002
I2C_START                         00000003
I2C_STOP                          00000004
IBF                               00000007
IBOV                              00000005
INDF                              00000000
INTCON                            0000000B
INTE                              00000004
INTEDG                            00000006
INTF                              00000001
IRP                               00000007
KESMESONU                         00000024
NOT_A                             00000005
NOT_ADDRESS                       00000005
NOT_BO                            00000000
NOT_BOR                           00000000
NOT_DONE                          00000002
NOT_PD                            00000003
NOT_POR                           00000001
NOT_RBPU                          00000007
NOT_RC8                           00000006
NOT_T1SYNC                        00000002
NOT_TO                            00000004
NOT_TX8                           00000006
NOT_W                             00000002
NOT_WRITE                         00000002
OBF                               00000006
OERR                              00000001
ONLAR                             00000025
OPTION_REG                        00000081
P                                 00000004
PCFG0                             00000000
PCFG1                             00000001
PCFG2                             00000002
PCFG3                             00000003
PCL                               00000002
PCLATH                            0000000A
PCON                              0000008E
PEIE                              00000006
PEN                               00000002
PIE1                              0000008C
PIE2                              0000008D
PIR1                              0000000C
PIR2                              0000000D
PORTA                             00000005
PORTB                             00000006
PORTC                             00000007
PORTD                             00000008
PORTE                             00000009
MPASM  5.42                         ODEV7.ASM   12-12-2011  13:48:36         PAGE 12


SYMBOL TABLE
  LABEL                             VALUE 

PR2                               00000092
PS0                               00000000
PS1                               00000001
PS2                               00000002
PSA                               00000003
PSPIE                             00000007
PSPIF                             00000007
PSPMODE                           00000004
R                                 00000002
RA0                               00000000
RA1                               00000001
RA2                               00000002
RA3                               00000003
RA4                               00000004
RA5                               00000005
RB0                               00000000
RB0SAYAC                          00000027
RB0SAYAC2                         00000028
RB1                               00000001
RB2                               00000002
RB3                               00000003
RB4                               00000004
RB5                               00000005
RB6                               00000006
RB7                               00000007
RBIE                              00000003
RBIF                              00000000
RC0                               00000000
RC1                               00000001
RC2                               00000002
RC3                               00000003
RC4                               00000004
RC5                               00000005
RC6                               00000006
RC7                               00000007
RC8_9                             00000006
RC9                               00000006
RCD8                              00000000
RCEN                              00000003
RCIE                              00000005
RCIF                              00000005
RCREG                             0000001A
RCSTA                             00000018
RD                                00000000
RD0                               00000000
RD1                               00000001
RD2                               00000002
RD3                               00000003
RD4                               00000004
RD5                               00000005
RD6                               00000006
RD7                               00000007
RE0                               00000000
MPASM  5.42                         ODEV7.ASM   12-12-2011  13:48:36         PAGE 13


SYMBOL TABLE
  LABEL                             VALUE 

RE1                               00000001
RE2                               00000002
READ_WRITE                        00000002
RP0                               00000005
RP1                               00000006
RSEN                              00000001
RX9                               00000006
RX9D                              00000000
R_NOT_W                           00000002
R_W                               00000002
S                                 00000003
SEN                               00000000
SMP                               00000007
SPBRG                             00000099
SPEN                              00000007
SREN                              00000005
SSPADD                            00000093
SSPBUF                            00000013
SSPCON                            00000014
SSPCON2                           00000091
SSPEN                             00000005
SSPIE                             00000003
SSPIF                             00000003
SSPM0                             00000000
SSPM1                             00000001
SSPM2                             00000002
SSPM3                             00000003
SSPOV                             00000006
SSPSTAT                           00000094
STATUS                            00000003
SYNC                              00000004
T0CS                              00000005
T0IE                              00000005
T0IF                              00000002
T0SE                              00000004
T1CKPS0                           00000004
T1CKPS1                           00000005
T1CON                             00000010
T1INSYNC                          00000002
T1OSCEN                           00000003
T1SYNC                            00000002
T2CKPS0                           00000000
T2CKPS1                           00000001
T2CON                             00000012
TMR0                              00000001
TMR0IE                            00000005
TMR0IF                            00000002
TMR1CS                            00000001
TMR1H                             0000000F
TMR1IE                            00000000
TMR1IF                            00000000
TMR1L                             0000000E
TMR1ON                            00000000
MPASM  5.42                         ODEV7.ASM   12-12-2011  13:48:36         PAGE 14


SYMBOL TABLE
  LABEL                             VALUE 

TMR2                              00000011
TMR2IE                            00000001
TMR2IF                            00000001
TMR2ON                            00000002
TOUTPS0                           00000003
TOUTPS1                           00000004
TOUTPS2                           00000005
TOUTPS3                           00000006
TRISA                             00000085
TRISA0                            00000000
TRISA1                            00000001
TRISA2                            00000002
TRISA3                            00000003
TRISA4                            00000004
TRISA5                            00000005
TRISB                             00000086
TRISB0                            00000000
TRISB1                            00000001
TRISB2                            00000002
TRISB3                            00000003
TRISB4                            00000004
TRISB5                            00000005
TRISB6                            00000006
TRISB7                            00000007
TRISC                             00000087
TRISC0                            00000000
TRISC1                            00000001
TRISC2                            00000002
TRISC3                            00000003
TRISC4                            00000004
TRISC5                            00000005
TRISC6                            00000006
TRISC7                            00000007
TRISD                             00000088
TRISD0                            00000000
TRISD1                            00000001
TRISD2                            00000002
TRISD3                            00000003
TRISD4                            00000004
TRISD5                            00000005
TRISD6                            00000006
TRISD7                            00000007
TRISE                             00000089
TRISE0                            00000000
TRISE1                            00000001
TRISE2                            00000002
TRMT                              00000001
TX8_9                             00000006
TX9                               00000006
TX9D                              00000000
TXD8                              00000000
TXEN                              00000005
TXIE                              00000004
MPASM  5.42                         ODEV7.ASM   12-12-2011  13:48:36         PAGE 15


SYMBOL TABLE
  LABEL                             VALUE 

TXIF                              00000004
TXREG                             00000019
TXSTA                             00000098
UA                                00000001
W                                 00000000
WCOL                              00000007
WR                                00000001
WREN                              00000002
WRERR                             00000003
YAZDEGER                          00000021
YAZMA                             00000066
YAZMABEKLE                        00000063
YUZLER                            00000024
Z                                 00000002
_BODEN_OFF                        00003FBF
_BODEN_ON                         00003FFF
_CONFIG                           00002007
_CPD_OFF                          00003FFF
_CPD_ON                           00003EFF
_CP_ALL                           00001FFF
_CP_OFF                           00003FFF
_DEBUG_OFF                        00003FFF
_DEBUG_ON                         000037FF
_DEVID1                           00002006
_HS_OSC                           00003FFE
_IDLOC0                           00002000
_IDLOC1                           00002001
_IDLOC2                           00002002
_IDLOC3                           00002003
_LP_OSC                           00003FFC
_LVP_OFF                          00003F7F
_LVP_ON                           00003FFF
_PWRTE_OFF                        00003FFF
_PWRTE_ON                         00003FF7
_RC_OSC                           00003FFF
_WDT_OFF                          00003FFB
_WDT_ON                           00003FFF
_WRT_1FOURTH                      00003BFF
_WRT_256                          00003DFF
_WRT_HALF                         000039FF
_WRT_OFF                          00003FFF
_XT_OSC                           00003FFD
__16F877A                         00000001

Errors   :     0
Warnings :   158 reported,     0 suppressed
Messages :    32 reported,     0 suppressed

