Warning[205] D:\PICPROJELER\16F877A\ODEV7\ODEV7.ASM 1 : Found directive in column 1. (LIST)
Warning[205] D:\PICPROJELER\16F877A\ODEV7\ODEV7.ASM 3 : Found directive in column 1. (__CONFIG)
Warning[205] D:\PICPROJELER\16F877A\ODEV7\ODEV7.ASM 12 : Found directive in column 1. (org)
Warning[203] D:\PICPROJELER\16F877A\ODEV7\ODEV7.ASM 13 : Found opcode in column 1. (goto)
Warning[205] D:\PICPROJELER\16F877A\ODEV7\ODEV7.ASM 14 : Found directive in column 1. (ORG)
Warning[203] D:\PICPROJELER\16F877A\ODEV7\ODEV7.ASM 15 : Found opcode in column 1. (BTFSS)
Warning[203] D:\PICPROJELER\16F877A\ODEV7\ODEV7.ASM 16 : Found opcode in column 1. (GOTO)
Warning[203] D:\PICPROJELER\16F877A\ODEV7\ODEV7.ASM 17 : Found opcode in column 1. (BCF)
Warning[203] D:\PICPROJELER\16F877A\ODEV7\ODEV7.ASM 18 : Found opcode in column 1. (BCF)
Warning[203] D:\PICPROJELER\16F877A\ODEV7\ODEV7.ASM 19 : Found opcode in column 1. (BTFSC)
Warning[203] D:\PICPROJELER\16F877A\ODEV7\ODEV7.ASM 20 : Found opcode in column 1. (GOTO)
Warning[203] D:\PICPROJELER\16F877A\ODEV7\ODEV7.ASM 21 : Found opcode in column 1. (BTFSC)
Warning[203] D:\PICPROJELER\16F877A\ODEV7\ODEV7.ASM 22 : Found opcode in column 1. (GOTO)
Warning[203] D:\PICPROJELER\16F877A\ODEV7\ODEV7.ASM 23 : Found opcode in column 1. (BTFSC)
Warning[203] D:\PICPROJELER\16F877A\ODEV7\ODEV7.ASM 24 : Found opcode in column 1. (GOTO)
Warning[203] D:\PICPROJELER\16F877A\ODEV7\ODEV7.ASM 25 : Found opcode in column 1. (BTFSC)
Warning[203] D:\PICPROJELER\16F877A\ODEV7\ODEV7.ASM 26 : Found opcode in column 1. (GOTO)
Warning[203] D:\PICPROJELER\16F877A\ODEV7\ODEV7.ASM 27 : Found opcode in column 1. (GOTO)
Warning[203] D:\PICPROJELER\16F877A\ODEV7\ODEV7.ASM 29 : Found opcode in column 1. (MOVLW)
Warning[203] D:\PICPROJELER\16F877A\ODEV7\ODEV7.ASM 30 : Found opcode in column 1. (MOVWF)
Warning[203] D:\PICPROJELER\16F877A\ODEV7\ODEV7.ASM 31 : Found opcode in column 1. (CALL)
Warning[203] D:\PICPROJELER\16F877A\ODEV7\ODEV7.ASM 32 : Found opcode in column 1. (GOTO)
Warning[203] D:\PICPROJELER\16F877A\ODEV7\ODEV7.ASM 34 : Found opcode in column 1. (MOVLW)
Warning[203] D:\PICPROJELER\16F877A\ODEV7\ODEV7.ASM 35 : Found opcode in column 1. (MOVWF)
Warning[203] D:\PICPROJELER\16F877A\ODEV7\ODEV7.ASM 36 : Found opcode in column 1. (CALL)
Warning[203] D:\PICPROJELER\16F877A\ODEV7\ODEV7.ASM 37 : Found opcode in column 1. (GOTO)
Warning[203] D:\PICPROJELER\16F877A\ODEV7\ODEV7.ASM 39 : Found opcode in column 1. (MOVLW)
Warning[203] D:\PICPROJELER\16F877A\ODEV7\ODEV7.ASM 40 : Found opcode in column 1. (MOVWF)
Warning[203] D:\PICPROJELER\16F877A\ODEV7\ODEV7.ASM 41 : Found opcode in column 1. (CALL)
Warning[203] D:\PICPROJELER\16F877A\ODEV7\ODEV7.ASM 42 : Found opcode in column 1. (GOTO)
Warning[203] D:\PICPROJELER\16F877A\ODEV7\ODEV7.ASM 44 : Found opcode in column 1. (MOVLW)
Warning[203] D:\PICPROJELER\16F877A\ODEV7\ODEV7.ASM 45 : Found opcode in column 1. (MOVWF)
Warning[203] D:\PICPROJELER\16F877A\ODEV7\ODEV7.ASM 46 : Found opcode in column 1. (CALL)
Warning[203] D:\PICPROJELER\16F877A\ODEV7\ODEV7.ASM 47 : Found opcode in column 1. (GOTO)
Warning[203] D:\PICPROJELER\16F877A\ODEV7\ODEV7.ASM 49 : Found opcode in column 1. (CALL)
Warning[203] D:\PICPROJELER\16F877A\ODEV7\ODEV7.ASM 50 : Found opcode in column 1. (CLRF)
Warning[203] D:\PICPROJELER\16F877A\ODEV7\ODEV7.ASM 51 : Found opcode in column 1. (BSF)
Warning[203] D:\PICPROJELER\16F877A\ODEV7\ODEV7.ASM 53 : Found opcode in column 1. (CALL)
Warning[203] D:\PICPROJELER\16F877A\ODEV7\ODEV7.ASM 54 : Found opcode in column 1. (RETFIE)
Warning[203] D:\PICPROJELER\16F877A\ODEV7\ODEV7.ASM 56 : Found opcode in column 1. (BSF)
Warning[203] D:\PICPROJELER\16F877A\ODEV7\ODEV7.ASM 57 : Found opcode in column 1. (BCF)
Warning[203] D:\PICPROJELER\16F877A\ODEV7\ODEV7.ASM 58 : Found opcode in column 1. (MOVLW)
Warning[203] D:\PICPROJELER\16F877A\ODEV7\ODEV7.ASM 59 : Found opcode in column 1. (MOVWF)
Message[302] D:\PICPROJELER\16F877A\ODEV7\ODEV7.ASM 59 : Register in operand not in bank 0.  Ensure that bank bits are correct.
Warning[203] D:\PICPROJELER\16F877A\ODEV7\ODEV7.ASM 60 : Found opcode in column 1. (BSF)
Warning[203] D:\PICPROJELER\16F877A\ODEV7\ODEV7.ASM 61 : Found opcode in column 1. (BCF)
Message[302] D:\PICPROJELER\16F877A\ODEV7\ODEV7.ASM 61 : Register in operand not in bank 0.  Ensure that bank bits are correct.
Warning[203] D:\PICPROJELER\16F877A\ODEV7\ODEV7.ASM 62 : Found opcode in column 1. (BSF)
Message[302] D:\PICPROJELER\16F877A\ODEV7\ODEV7.ASM 62 : Register in operand not in bank 0.  Ensure that bank bits are correct.
Warning[203] D:\PICPROJELER\16F877A\ODEV7\ODEV7.ASM 63 : Found opcode in column 1. (BCF)
Warning[203] D:\PICPROJELER\16F877A\ODEV7\ODEV7.ASM 64 : Found opcode in column 1. (MOVF)
Message[302] D:\PICPROJELER\16F877A\ODEV7\ODEV7.ASM 64 : Register in operand not in bank 0.  Ensure that bank bits are correct.
Warning[203] D:\PICPROJELER\16F877A\ODEV7\ODEV7.ASM 65 : Found opcode in column 1. (BCF)
Warning[203] D:\PICPROJELER\16F877A\ODEV7\ODEV7.ASM 66 : Found opcode in column 1. (MOVWF)
Warning[203] D:\PICPROJELER\16F877A\ODEV7\ODEV7.ASM 68 : Found opcode in column 1. (BSF)
Warning[203] D:\PICPROJELER\16F877A\ODEV7\ODEV7.ASM 69 : Found opcode in column 1. (MOVLW)
Warning[203] D:\PICPROJELER\16F877A\ODEV7\ODEV7.ASM 70 : Found opcode in column 1. (MOVWF)
Message[302] D:\PICPROJELER\16F877A\ODEV7\ODEV7.ASM 70 : Register in operand not in bank 0.  Ensure that bank bits are correct.
Warning[203] D:\PICPROJELER\16F877A\ODEV7\ODEV7.ASM 71 : Found opcode in column 1. (BSF)
Warning[203] D:\PICPROJELER\16F877A\ODEV7\ODEV7.ASM 72 : Found opcode in column 1. (BCF)
Message[302] D:\PICPROJELER\16F877A\ODEV7\ODEV7.ASM 72 : Register in operand not in bank 0.  Ensure that bank bits are correct.
Warning[203] D:\PICPROJELER\16F877A\ODEV7\ODEV7.ASM 73 : Found opcode in column 1. (BSF)
Message[302] D:\PICPROJELER\16F877A\ODEV7\ODEV7.ASM 73 : Register in operand not in bank 0.  Ensure that bank bits are correct.
Warning[203] D:\PICPROJELER\16F877A\ODEV7\ODEV7.ASM 74 : Found opcode in column 1. (BCF)
Warning[203] D:\PICPROJELER\16F877A\ODEV7\ODEV7.ASM 75 : Found opcode in column 1. (MOVF)
Message[302] D:\PICPROJELER\16F877A\ODEV7\ODEV7.ASM 75 : Register in operand not in bank 0.  Ensure that bank bits are correct.
Warning[203] D:\PICPROJELER\16F877A\ODEV7\ODEV7.ASM 76 : Found opcode in column 1. (BCF)
Warning[203] D:\PICPROJELER\16F877A\ODEV7\ODEV7.ASM 77 : Found opcode in column 1. (MOVWF)
Warning[203] D:\PICPROJELER\16F877A\ODEV7\ODEV7.ASM 79 : Found opcode in column 1. (BSF)
Warning[203] D:\PICPROJELER\16F877A\ODEV7\ODEV7.ASM 80 : Found opcode in column 1. (MOVLW)
Warning[203] D:\PICPROJELER\16F877A\ODEV7\ODEV7.ASM 81 : Found opcode in column 1. (MOVWF)
Message[302] D:\PICPROJELER\16F877A\ODEV7\ODEV7.ASM 81 : Register in operand not in bank 0.  Ensure that bank bits are correct.
Warning[203] D:\PICPROJELER\16F877A\ODEV7\ODEV7.ASM 82 : Found opcode in column 1. (BSF)
Warning[203] D:\PICPROJELER\16F877A\ODEV7\ODEV7.ASM 83 : Found opcode in column 1. (BCF)
Message[302] D:\PICPROJELER\16F877A\ODEV7\ODEV7.ASM 83 : Register in operand not in bank 0.  Ensure that bank bits are correct.
Warning[203] D:\PICPROJELER\16F877A\ODEV7\ODEV7.ASM 84 : Found opcode in column 1. (BSF)
Message[302] D:\PICPROJELER\16F877A\ODEV7\ODEV7.ASM 84 : Register in operand not in bank 0.  Ensure that bank bits are correct.
Warning[203] D:\PICPROJELER\16F877A\ODEV7\ODEV7.ASM 85 : Found opcode in column 1. (BCF)
Warning[203] D:\PICPROJELER\16F877A\ODEV7\ODEV7.ASM 86 : Found opcode in column 1. (MOVF)
Message[302] D:\PICPROJELER\16F877A\ODEV7\ODEV7.ASM 86 : Register in operand not in bank 0.  Ensure that bank bits are correct.
Warning[203] D:\PICPROJELER\16F877A\ODEV7\ODEV7.ASM 87 : Found opcode in column 1. (BCF)
Warning[203] D:\PICPROJELER\16F877A\ODEV7\ODEV7.ASM 88 : Found opcode in column 1. (MOVWF)
Warning[203] D:\PICPROJELER\16F877A\ODEV7\ODEV7.ASM 90 : Found opcode in column 1. (BSF)
Warning[203] D:\PICPROJELER\16F877A\ODEV7\ODEV7.ASM 91 : Found opcode in column 1. (MOVLW)
Warning[203] D:\PICPROJELER\16F877A\ODEV7\ODEV7.ASM 92 : Found opcode in column 1. (MOVWF)
Message[302] D:\PICPROJELER\16F877A\ODEV7\ODEV7.ASM 92 : Register in operand not in bank 0.  Ensure that bank bits are correct.
Warning[203] D:\PICPROJELER\16F877A\ODEV7\ODEV7.ASM 93 : Found opcode in column 1. (BSF)
Warning[203] D:\PICPROJELER\16F877A\ODEV7\ODEV7.ASM 94 : Found opcode in column 1. (BCF)
Message[302] D:\PICPROJELER\16F877A\ODEV7\ODEV7.ASM 94 : Register in operand not in bank 0.  Ensure that bank bits are correct.
Warning[203] D:\PICPROJELER\16F877A\ODEV7\ODEV7.ASM 95 : Found opcode in column 1. (BSF)
Message[302] D:\PICPROJELER\16F877A\ODEV7\ODEV7.ASM 95 : Register in operand not in bank 0.  Ensure that bank bits are correct.
Warning[203] D:\PICPROJELER\16F877A\ODEV7\ODEV7.ASM 96 : Found opcode in column 1. (BCF)
Warning[203] D:\PICPROJELER\16F877A\ODEV7\ODEV7.ASM 97 : Found opcode in column 1. (MOVF)
Message[302] D:\PICPROJELER\16F877A\ODEV7\ODEV7.ASM 97 : Register in operand not in bank 0.  Ensure that bank bits are correct.
Warning[203] D:\PICPROJELER\16F877A\ODEV7\ODEV7.ASM 98 : Found opcode in column 1. (BCF)
Warning[203] D:\PICPROJELER\16F877A\ODEV7\ODEV7.ASM 99 : Found opcode in column 1. (MOVWF)
Warning[203] D:\PICPROJELER\16F877A\ODEV7\ODEV7.ASM 101 : Found opcode in column 1. (RETURN)
Warning[203] D:\PICPROJELER\16F877A\ODEV7\ODEV7.ASM 103 : Found opcode in column 1. (DECFSZ)
Message[305] D:\PICPROJELER\16F877A\ODEV7\ODEV7.ASM 103 : Using default destination of 1 (file).
Warning[203] D:\PICPROJELER\16F877A\ODEV7\ODEV7.ASM 104 : Found opcode in column 1. (GOTO)
Warning[203] D:\PICPROJELER\16F877A\ODEV7\ODEV7.ASM 105 : Found opcode in column 1. (GOTO)
Warning[203] D:\PICPROJELER\16F877A\ODEV7\ODEV7.ASM 107 : Found opcode in column 1. (MOVF)
Warning[203] D:\PICPROJELER\16F877A\ODEV7\ODEV7.ASM 108 : Found opcode in column 1. (BSF)
Warning[203] D:\PICPROJELER\16F877A\ODEV7\ODEV7.ASM 109 : Found opcode in column 1. (MOVWF)
Message[302] D:\PICPROJELER\16F877A\ODEV7\ODEV7.ASM 109 : Register in operand not in bank 0.  Ensure that bank bits are correct.
Warning[203] D:\PICPROJELER\16F877A\ODEV7\ODEV7.ASM 110 : Found opcode in column 1. (BCF)
Warning[203] D:\PICPROJELER\16F877A\ODEV7\ODEV7.ASM 111 : Found opcode in column 1. (MOVF)
Warning[203] D:\PICPROJELER\16F877A\ODEV7\ODEV7.ASM 112 : Found opcode in column 1. (BSF)
Warning[203] D:\PICPROJELER\16F877A\ODEV7\ODEV7.ASM 113 : Found opcode in column 1. (MOVWF)
Message[302] D:\PICPROJELER\16F877A\ODEV7\ODEV7.ASM 113 : Register in operand not in bank 0.  Ensure that bank bits are correct.
Warning[203] D:\PICPROJELER\16F877A\ODEV7\ODEV7.ASM 114 : Found opcode in column 1. (BSF)
Warning[203] D:\PICPROJELER\16F877A\ODEV7\ODEV7.ASM 115 : Found opcode in column 1. (BCF)
Message[302] D:\PICPROJELER\16F877A\ODEV7\ODEV7.ASM 115 : Register in operand not in bank 0.  Ensure that bank bits are correct.
Warning[203] D:\PICPROJELER\16F877A\ODEV7\ODEV7.ASM 116 : Found opcode in column 1. (BSF)
Message[302] D:\PICPROJELER\16F877A\ODEV7\ODEV7.ASM 116 : Register in operand not in bank 0.  Ensure that bank bits are correct.
Warning[203] D:\PICPROJELER\16F877A\ODEV7\ODEV7.ASM 117 : Found opcode in column 1. (BCF)
Warning[203] D:\PICPROJELER\16F877A\ODEV7\ODEV7.ASM 118 : Found opcode in column 1. (MOVLW)
Warning[203] D:\PICPROJELER\16F877A\ODEV7\ODEV7.ASM 119 : Found opcode in column 1. (MOVWF)
Message[302] D:\PICPROJELER\16F877A\ODEV7\ODEV7.ASM 119 : Register in operand not in bank 0.  Ensure that bank bits are correct.
Warning[203] D:\PICPROJELER\16F877A\ODEV7\ODEV7.ASM 120 : Found opcode in column 1. (MOVLW)
Warning[203] D:\PICPROJELER\16F877A\ODEV7\ODEV7.ASM 121 : Found opcode in column 1. (MOVWF)
Message[302] D:\PICPROJELER\16F877A\ODEV7\ODEV7.ASM 121 : Register in operand not in bank 0.  Ensure that bank bits are correct.
Warning[203] D:\PICPROJELER\16F877A\ODEV7\ODEV7.ASM 122 : Found opcode in column 1. (BSF)
Message[302] D:\PICPROJELER\16F877A\ODEV7\ODEV7.ASM 122 : Register in operand not in bank 0.  Ensure that bank bits are correct.
Warning[203] D:\PICPROJELER\16F877A\ODEV7\ODEV7.ASM 124 : Found opcode in column 1. (BTFSC)
Message[302] D:\PICPROJELER\16F877A\ODEV7\ODEV7.ASM 124 : Register in operand not in bank 0.  Ensure that bank bits are correct.
Warning[203] D:\PICPROJELER\16F877A\ODEV7\ODEV7.ASM 125 : Found opcode in column 1. (GOTO)
Warning[203] D:\PICPROJELER\16F877A\ODEV7\ODEV7.ASM 126 : Found opcode in column 1. (BCF)
Message[302] D:\PICPROJELER\16F877A\ODEV7\ODEV7.ASM 126 : Register in operand not in bank 0.  Ensure that bank bits are correct.
Warning[203] D:\PICPROJELER\16F877A\ODEV7\ODEV7.ASM 128 : Found opcode in column 1. (CLRF)
Warning[203] D:\PICPROJELER\16F877A\ODEV7\ODEV7.ASM 130 : Found opcode in column 1. (RETURN)
Warning[203] D:\PICPROJELER\16F877A\ODEV7\ODEV7.ASM 134 : Found opcode in column 1. (MOVLW)
Warning[203] D:\PICPROJELER\16F877A\ODEV7\ODEV7.ASM 135 : Found opcode in column 1. (MOVWF)
Warning[203] D:\PICPROJELER\16F877A\ODEV7\ODEV7.ASM 137 : Found opcode in column 1. (DECFSZ)
Message[305] D:\PICPROJELER\16F877A\ODEV7\ODEV7.ASM 137 : Using default destination of 1 (file).
Warning[203] D:\PICPROJELER\16F877A\ODEV7\ODEV7.ASM 138 : Found opcode in column 1. (GOTO)
Warning[203] D:\PICPROJELER\16F877A\ODEV7\ODEV7.ASM 139 : Found opcode in column 1. (DECFSZ)
Message[305] D:\PICPROJELER\16F877A\ODEV7\ODEV7.ASM 139 : Using default destination of 1 (file).
Warning[203] D:\PICPROJELER\16F877A\ODEV7\ODEV7.ASM 140 : Found opcode in column 1. (GOTO)
Warning[203] D:\PICPROJELER\16F877A\ODEV7\ODEV7.ASM 141 : Found opcode in column 1. (RETURN)
Warning[203] D:\PICPROJELER\16F877A\ODEV7\ODEV7.ASM 143 : Found opcode in column 1. (MOVLW)
Warning[203] D:\PICPROJELER\16F877A\ODEV7\ODEV7.ASM 144 : Found opcode in column 1. (MOVWF)
Warning[203] D:\PICPROJELER\16F877A\ODEV7\ODEV7.ASM 145 : Found opcode in column 1. (MOVWF)
Warning[203] D:\PICPROJELER\16F877A\ODEV7\ODEV7.ASM 146 : Found opcode in column 1. (RETURN)
Warning[203] D:\PICPROJELER\16F877A\ODEV7\ODEV7.ASM 148 : Found opcode in column 1. (MOVLW)
Warning[203] D:\PICPROJELER\16F877A\ODEV7\ODEV7.ASM 149 : Found opcode in column 1. (MOVWF)
Warning[203] D:\PICPROJELER\16F877A\ODEV7\ODEV7.ASM 150 : Found opcode in column 1. (MOVLW)
Warning[203] D:\PICPROJELER\16F877A\ODEV7\ODEV7.ASM 151 : Found opcode in column 1. (MOVWF)
Warning[203] D:\PICPROJELER\16F877A\ODEV7\ODEV7.ASM 152 : Found opcode in column 1. (MOVWF)
Warning[203] D:\PICPROJELER\16F877A\ODEV7\ODEV7.ASM 153 : Found opcode in column 1. (BSF)
Warning[203] D:\PICPROJELER\16F877A\ODEV7\ODEV7.ASM 154 : Found opcode in column 1. (MOVLW)
Warning[203] D:\PICPROJELER\16F877A\ODEV7\ODEV7.ASM 155 : Found opcode in column 1. (MOVWF)
Message[302] D:\PICPROJELER\16F877A\ODEV7\ODEV7.ASM 155 : Register in operand not in bank 0.  Ensure that bank bits are correct.
Warning[203] D:\PICPROJELER\16F877A\ODEV7\ODEV7.ASM 156 : Found opcode in column 1. (CLRF)
Message[302] D:\PICPROJELER\16F877A\ODEV7\ODEV7.ASM 156 : Register in operand not in bank 0.  Ensure that bank bits are correct.
Warning[203] D:\PICPROJELER\16F877A\ODEV7\ODEV7.ASM 157 : Found opcode in column 1. (CLRF)
Message[302] D:\PICPROJELER\16F877A\ODEV7\ODEV7.ASM 157 : Register in operand not in bank 0.  Ensure that bank bits are correct.
Warning[203] D:\PICPROJELER\16F877A\ODEV7\ODEV7.ASM 158 : Found opcode in column 1. (MOVLW)
Warning[203] D:\PICPROJELER\16F877A\ODEV7\ODEV7.ASM 159 : Found opcode in column 1. (MOVWF)
Message[302] D:\PICPROJELER\16F877A\ODEV7\ODEV7.ASM 159 : Register in operand not in bank 0.  Ensure that bank bits are correct.
Warning[203] D:\PICPROJELER\16F877A\ODEV7\ODEV7.ASM 160 : Found opcode in column 1. (CALL)
Warning[203] D:\PICPROJELER\16F877A\ODEV7\ODEV7.ASM 161 : Found opcode in column 1. (BCF)
Warning[203] D:\PICPROJELER\16F877A\ODEV7\ODEV7.ASM 162 : Found opcode in column 1. (MOVLW)
Warning[203] D:\PICPROJELER\16F877A\ODEV7\ODEV7.ASM 163 : Found opcode in column 1. (MOVWF)
Warning[203] D:\PICPROJELER\16F877A\ODEV7\ODEV7.ASM 164 : Found opcode in column 1. (MOVWF)
Warning[203] D:\PICPROJELER\16F877A\ODEV7\ODEV7.ASM 165 : Found opcode in column 1. (MOVWF)
Warning[203] D:\PICPROJELER\16F877A\ODEV7\ODEV7.ASM 166 : Found opcode in column 1. (RETURN)
Warning[203] D:\PICPROJELER\16F877A\ODEV7\ODEV7.ASM 170 : Found opcode in column 1. (CALL)
Warning[203] D:\PICPROJELER\16F877A\ODEV7\ODEV7.ASM 175 : Found opcode in column 1. (MOVLW)
Warning[203] D:\PICPROJELER\16F877A\ODEV7\ODEV7.ASM 176 : Found opcode in column 1. (MOVWF)
Warning[203] D:\PICPROJELER\16F877A\ODEV7\ODEV7.ASM 177 : Found opcode in column 1. (MOVF)
Warning[203] D:\PICPROJELER\16F877A\ODEV7\ODEV7.ASM 178 : Found opcode in column 1. (MOVWF)
Warning[203] D:\PICPROJELER\16F877A\ODEV7\ODEV7.ASM 179 : Found opcode in column 1. (CLRF)
Warning[203] D:\PICPROJELER\16F877A\ODEV7\ODEV7.ASM 182 : Found opcode in column 1. (MOVLW)
Warning[203] D:\PICPROJELER\16F877A\ODEV7\ODEV7.ASM 183 : Found opcode in column 1. (MOVWF)
Warning[203] D:\PICPROJELER\16F877A\ODEV7\ODEV7.ASM 184 : Found opcode in column 1. (MOVF)
Warning[203] D:\PICPROJELER\16F877A\ODEV7\ODEV7.ASM 185 : Found opcode in column 1. (MOVWF)
Warning[203] D:\PICPROJELER\16F877A\ODEV7\ODEV7.ASM 186 : Found opcode in column 1. (CLRF)
Warning[203] D:\PICPROJELER\16F877A\ODEV7\ODEV7.ASM 188 : Found opcode in column 1. (MOVLW)
Warning[203] D:\PICPROJELER\16F877A\ODEV7\ODEV7.ASM 189 : Found opcode in column 1. (MOVWF)
Warning[203] D:\PICPROJELER\16F877A\ODEV7\ODEV7.ASM 190 : Found opcode in column 1. (MOVF)
Warning[203] D:\PICPROJELER\16F877A\ODEV7\ODEV7.ASM 191 : Found opcode in column 1. (MOVWF)
Warning[203] D:\PICPROJELER\16F877A\ODEV7\ODEV7.ASM 192 : Found opcode in column 1. (CLRF)
Warning[203] D:\PICPROJELER\16F877A\ODEV7\ODEV7.ASM 194 : Found opcode in column 1. (MOVLW)
Warning[203] D:\PICPROJELER\16F877A\ODEV7\ODEV7.ASM 195 : Found opcode in column 1. (MOVWF)
Warning[203] D:\PICPROJELER\16F877A\ODEV7\ODEV7.ASM 196 : Found opcode in column 1. (MOVF)
Warning[203] D:\PICPROJELER\16F877A\ODEV7\ODEV7.ASM 197 : Found opcode in column 1. (MOVWF)
Warning[203] D:\PICPROJELER\16F877A\ODEV7\ODEV7.ASM 198 : Found opcode in column 1. (CLRF)
Warning[203] D:\PICPROJELER\16F877A\ODEV7\ODEV7.ASM 200 : Found opcode in column 1. (GOTO)
Warning[205] D:\PICPROJELER\16F877A\ODEV7\ODEV7.ASM 201 : Found directive in column 1. (END)
