MPASM  5.42                          LAB3.ASM   11-2-2011  15:42:02         PAGE  1


LOC  OBJECT CODE     LINE SOURCE TEXT
  VALUE

Warning[205]: Found directive in column 1. (list)
                      00001 list p=16F877A
                      00002 #include <P16F877A.inc>
                      00001         LIST
                      00002 
                      00003 ;==========================================================================
                      00004 ;  MPASM PIC16F877A processor include
                      00005 ; 
                      00006 ;  (c) Copyright 1999-2011 Microchip Technology, All rights reserved
                      00007 ;==========================================================================
                      00008 
                      00555         LIST
Warning[205]: Found directive in column 1. (__config)
2007   3F31           00003 __config H'3F31'
  00000020            00004 TEMP1 EQU 0X20;CCPR1L içeriðini yedeklemek için
  00000021            00005 TEMP2 EQU 0X21;kontrol için
                      00006 
Warning[205]: Found directive in column 1. (ORG)
0000                  00007 ORG 0X00
Warning[203]: Found opcode in column 1. (GOTO)
0000   281A           00008 GOTO ANA_PROGRAM 
Warning[205]: Found directive in column 1. (ORG)
0004                  00009 ORG 0X004; 
0004                  00010 KESME;---------------------------------
Warning[203]: Found opcode in column 1. (BCF)
0004   1283           00011 BCF STATUS,RP0 ; 00 nolu banka geçiþ yapýldý
Warning[203]: Found opcode in column 1. (BTFSS)
0005   1C8C           00012 BTFSS PIR1,1 ;TMR2 bayaraðý kalkmýþ mý
Warning[203]: Found opcode in column 1. (GOTO)
0006   2809           00013 GOTO ATLA ;TMR2 kesmesi deðilse git RB0 kesmesini kontrol et
Warning[203]: Found opcode in column 1. (BCF)
0007   108C           00014 BCF PIR1,1 ;TMR2 kesmesi ise bayraðý indir
                      00015 
Warning[203]: Found opcode in column 1. (GOTO)
0008   2819           00016 GOTO KESME_BÝTÝR ;kesmeyi bitir
0009                  00017 ATLA;--------------------------
Warning[203]: Found opcode in column 1. (BTFSS)
0009   1C8B           00018 BTFSS INTCON,1 ;RB0 kesme bayraðý kalkmýþ mý?
Warning[203]: Found opcode in column 1. (GOTO)
000A   2819           00019 GOTO KESME_BÝTÝR ;kalkmamýþ ise kesmeyi bitir
Warning[203]: Found opcode in column 1. (INCF)
000B   0AA1           00020 INCF TEMP2,F ;TEMP2 içeriðini 1 artýr
Warning[203]: Found opcode in column 1. (MOVLW)
000C   3009           00021 MOVLW D'9'
Warning[203]: Found opcode in column 1. (SUBWF)
000D   0221           00022 SUBWF TEMP2,W ;TEMP2-WORKÝNG(9) U WORKÝNG e at
Warning[203]: Found opcode in column 1. (BTFSS)
000E   1D03           00023 BTFSS STATUS,2 ;Zero flaðýný kontrol et
Warning[203]: Found opcode in column 1. (GOTO)
000F   2811           00024 GOTO ÝSLEM
Warning[203]: Found opcode in column 1. (GOTO)
0010   2817           00025 GOTO BÝTÝR
0011                  00026 ÝSLEM;----------------
MPASM  5.42                          LAB3.ASM   11-2-2011  15:42:02         PAGE  2


LOC  OBJECT CODE     LINE SOURCE TEXT
  VALUE

Warning[203]: Found opcode in column 1. (BCF)
0011   108B           00027 BCF INTCON,1 ;RB0 kesme bayraðýný indir
Warning[203]: Found opcode in column 1. (MOVLW)
0012   3019           00028 MOVLW D'25' ; her RB0 kesmesinde CCPR1L registeriný 25 azalt
Warning[203]: Found opcode in column 1. (SUBWF)
0013   02A0           00029 SUBWF TEMP1,F ;TEMP1- WORKÝNG(25) TEMP1 E YÜKLE
Warning[203]: Found opcode in column 1. (MOVF)
0014   0820           00030 MOVF TEMP1,W ;TEMP1'i WORKÝNG e at
Warning[203]: Found opcode in column 1. (MOVWF)
0015   0095           00031 MOVWF CCPR1L ;Working i CCPR1L ye yükle
Warning[203]: Found opcode in column 1. (GOTO)
0016   2819           00032 GOTO KESME_BÝTÝR ;kesmeyi bitir
0017                  00033 BÝTÝR;-----------------
Warning[203]: Found opcode in column 1. (BCF)
0017   120B           00034 BCF INTCON,4 ;RB0 ;RB0 kesmesine izin verme
Warning[203]: Found opcode in column 1. (GOTO)
0018   2819           00035 GOTO KESME_BÝTÝR ;kesmeyi bitir
Warning[207]: Found label after column 1. (KESME_BÝTÝR)
0019                  00036  KESME_BÝTÝR;--------------------------
0019   0009           00037  RETFIE
Warning[207]: Found label after column 1. (ANA_PROGRAM)
001A                  00038  ANA_PROGRAM;------------------------------ 
001A   1683           00039  BSF STATUS,RP0;01 nolu banka geç
Message[302]: Register in operand not in bank 0.  Ensure that bank bits are correct.
001B   1107           00040  BCF TRISC,2 ;RC2 pinini çýkýþ yap
Message[302]: Register in operand not in bank 0.  Ensure that bank bits are correct.
001C   1406           00041  BSF TRISB,0 ;RB0 pinini giriþ yap
Message[302]: Register in operand not in bank 0.  Ensure that bank bits are correct.
001D   1381           00042  BCF OPTION_REG,7 ;pull-up aktif yap
Message[302]: Register in operand not in bank 0.  Ensure that bank bits are correct.
001E   1701           00043  BSF OPTION_REG,6 ;RB0 giriþi yükselen kenar seçildi
001F   30D0           00044  MOVLW B'11010000' ;tüm kesmeler,çevresel kesmeler,RB0 kesmesine izin ver
0020   008B           00045  MOVWF INTCON ;izinler ayarlandý
Message[302]: Register in operand not in bank 0.  Ensure that bank bits are correct.
0021   148C           00046  BSF PIE1,1 ; TMR2 kesmesine izin ver
0022   30F9           00047  MOVLW D'249' ; PR2 deðeri hesaplanarak  
Message[302]: Register in operand not in bank 0.  Ensure that bank bits are correct.
0023   0092           00048  MOVWF PR2  ; yüklendi
0024   1283           00049  BCF STATUS,RP0  ;00 nolu banka geç
Warning[203]: Found opcode in column 1. (CLRF)
0025   0187           00050 CLRF PORTC ; portc yi temizle
0026   3005           00051  MOVLW B'00000101';TMR2 yi aktif et ve prescaler'ý 1/4 ayarla
0027   0092           00052  MOVWF T2CON ;yükle
0028   300C           00053  MOVLW B'00001100' ;pwm modu seçildi
0029   0097           00054  MOVWF CCP1CON ; yüklendi
002A   30E1           00055  MOVLW B'11100001' ; CCPR1L + CCP1CON(5,4)=900 YANÝ(11100001 00) "10 BÝT olmasý saðlandý
002B   0095           00056  MOVWF CCPR1L ;yüzde 90 görev peryodu ayarlanmýþ olsu
002C   00A0           00057  MOVWF TEMP1 ;kesmede kullanmak CCPR1L yi TEMP1 e yükle
                      00058  
Warning[207]: Found label after column 1. (DONGU)
002D                  00059  DONGU 
002D   282D           00060  GOTO DONGU
Warning[205]: Found directive in column 1. (END)
MPASM  5.42                          LAB3.ASM   11-2-2011  15:42:02         PAGE  3


LOC  OBJECT CODE     LINE SOURCE TEXT
  VALUE

                      00061 END
MPASM  5.42                          LAB3.ASM   11-2-2011  15:42:02         PAGE  4


SYMBOL TABLE
  LABEL                             VALUE 

ACKDT                             00000005
ACKEN                             00000004
ACKSTAT                           00000006
ADCON0                            0000001F
ADCON1                            0000009F
ADCS0                             00000006
ADCS1                             00000007
ADCS2                             00000006
ADDEN                             00000003
ADFM                              00000007
ADIE                              00000006
ADIF                              00000006
ADON                              00000000
ADRESH                            0000001E
ADRESL                            0000009E
ANA_PROGRAM                       0000001A
ATLA                              00000009
BCLIE                             00000003
BCLIF                             00000003
BF                                00000000
BRGH                              00000002
BÝTÝR                             00000017
C                                 00000000
C1INV                             00000004
C1OUT                             00000006
C2INV                             00000005
C2OUT                             00000007
CCP1CON                           00000017
CCP1IE                            00000002
CCP1IF                            00000002
CCP1M0                            00000000
CCP1M1                            00000001
CCP1M2                            00000002
CCP1M3                            00000003
CCP1X                             00000005
CCP1Y                             00000004
CCP2CON                           0000001D
CCP2IE                            00000000
CCP2IF                            00000000
CCP2M0                            00000000
CCP2M1                            00000001
CCP2M2                            00000002
CCP2M3                            00000003
CCP2X                             00000005
CCP2Y                             00000004
CCPR1                             00000015
CCPR1H                            00000016
CCPR1L                            00000015
CCPR2                             0000001B
CCPR2H                            0000001C
CCPR2L                            0000001B
CHS0                              00000003
CHS1                              00000004
MPASM  5.42                          LAB3.ASM   11-2-2011  15:42:02         PAGE  5


SYMBOL TABLE
  LABEL                             VALUE 

CHS2                              00000005
CIS                               00000003
CKE                               00000006
CKP                               00000004
CM0                               00000000
CM1                               00000001
CM2                               00000002
CMCON                             0000009C
CMIE                              00000006
CMIF                              00000006
CREN                              00000004
CSRC                              00000007
CVR0                              00000000
CVR1                              00000001
CVR2                              00000002
CVR3                              00000003
CVRCON                            0000009D
CVREN                             00000007
CVROE                             00000006
CVRR                              00000005
D                                 00000005
DATA_ADDRESS                      00000005
DC                                00000001
DONGU                             0000002D
D_A                               00000005
D_NOT_A                           00000005
EEADR                             0000010D
EEADRH                            0000010F
EECON1                            0000018C
EECON2                            0000018D
EEDATA                            0000010C
EEDATH                            0000010E
EEIE                              00000004
EEIF                              00000004
EEPGD                             00000007
F                                 00000001
FERR                              00000002
FSR                               00000004
GCEN                              00000007
GIE                               00000007
GO                                00000002
GO_DONE                           00000002
GO_NOT_DONE                       00000002
I2C_DATA                          00000005
I2C_READ                          00000002
I2C_START                         00000003
I2C_STOP                          00000004
IBF                               00000007
IBOV                              00000005
INDF                              00000000
INTCON                            0000000B
INTE                              00000004
INTEDG                            00000006
MPASM  5.42                          LAB3.ASM   11-2-2011  15:42:02         PAGE  6


SYMBOL TABLE
  LABEL                             VALUE 

INTF                              00000001
IRP                               00000007
KESME                             00000004
KESME_BÝTÝR                       00000019
NOT_A                             00000005
NOT_ADDRESS                       00000005
NOT_BO                            00000000
NOT_BOR                           00000000
NOT_DONE                          00000002
NOT_PD                            00000003
NOT_POR                           00000001
NOT_RBPU                          00000007
NOT_RC8                           00000006
NOT_T1SYNC                        00000002
NOT_TO                            00000004
NOT_TX8                           00000006
NOT_W                             00000002
NOT_WRITE                         00000002
OBF                               00000006
OERR                              00000001
OPTION_REG                        00000081
P                                 00000004
PCFG0                             00000000
PCFG1                             00000001
PCFG2                             00000002
PCFG3                             00000003
PCL                               00000002
PCLATH                            0000000A
PCON                              0000008E
PEIE                              00000006
PEN                               00000002
PIE1                              0000008C
PIE2                              0000008D
PIR1                              0000000C
PIR2                              0000000D
PORTA                             00000005
PORTB                             00000006
PORTC                             00000007
PORTD                             00000008
PORTE                             00000009
PR2                               00000092
PS0                               00000000
PS1                               00000001
PS2                               00000002
PSA                               00000003
PSPIE                             00000007
PSPIF                             00000007
PSPMODE                           00000004
R                                 00000002
RA0                               00000000
RA1                               00000001
RA2                               00000002
RA3                               00000003
MPASM  5.42                          LAB3.ASM   11-2-2011  15:42:02         PAGE  7


SYMBOL TABLE
  LABEL                             VALUE 

RA4                               00000004
RA5                               00000005
RB0                               00000000
RB1                               00000001
RB2                               00000002
RB3                               00000003
RB4                               00000004
RB5                               00000005
RB6                               00000006
RB7                               00000007
RBIE                              00000003
RBIF                              00000000
RC0                               00000000
RC1                               00000001
RC2                               00000002
RC3                               00000003
RC4                               00000004
RC5                               00000005
RC6                               00000006
RC7                               00000007
RC8_9                             00000006
RC9                               00000006
RCD8                              00000000
RCEN                              00000003
RCIE                              00000005
RCIF                              00000005
RCREG                             0000001A
RCSTA                             00000018
RD                                00000000
RD0                               00000000
RD1                               00000001
RD2                               00000002
RD3                               00000003
RD4                               00000004
RD5                               00000005
RD6                               00000006
RD7                               00000007
RE0                               00000000
RE1                               00000001
RE2                               00000002
READ_WRITE                        00000002
RP0                               00000005
RP1                               00000006
RSEN                              00000001
RX9                               00000006
RX9D                              00000000
R_NOT_W                           00000002
R_W                               00000002
S                                 00000003
SEN                               00000000
SMP                               00000007
SPBRG                             00000099
SPEN                              00000007
MPASM  5.42                          LAB3.ASM   11-2-2011  15:42:02         PAGE  8


SYMBOL TABLE
  LABEL                             VALUE 

SREN                              00000005
SSPADD                            00000093
SSPBUF                            00000013
SSPCON                            00000014
SSPCON2                           00000091
SSPEN                             00000005
SSPIE                             00000003
SSPIF                             00000003
SSPM0                             00000000
SSPM1                             00000001
SSPM2                             00000002
SSPM3                             00000003
SSPOV                             00000006
SSPSTAT                           00000094
STATUS                            00000003
SYNC                              00000004
T0CS                              00000005
T0IE                              00000005
T0IF                              00000002
T0SE                              00000004
T1CKPS0                           00000004
T1CKPS1                           00000005
T1CON                             00000010
T1INSYNC                          00000002
T1OSCEN                           00000003
T1SYNC                            00000002
T2CKPS0                           00000000
T2CKPS1                           00000001
T2CON                             00000012
TEMP1                             00000020
TEMP2                             00000021
TMR0                              00000001
TMR0IE                            00000005
TMR0IF                            00000002
TMR1CS                            00000001
TMR1H                             0000000F
TMR1IE                            00000000
TMR1IF                            00000000
TMR1L                             0000000E
TMR1ON                            00000000
TMR2                              00000011
TMR2IE                            00000001
TMR2IF                            00000001
TMR2ON                            00000002
TOUTPS0                           00000003
TOUTPS1                           00000004
TOUTPS2                           00000005
TOUTPS3                           00000006
TRISA                             00000085
TRISA0                            00000000
TRISA1                            00000001
TRISA2                            00000002
TRISA3                            00000003
MPASM  5.42                          LAB3.ASM   11-2-2011  15:42:02         PAGE  9


SYMBOL TABLE
  LABEL                             VALUE 

TRISA4                            00000004
TRISA5                            00000005
TRISB                             00000086
TRISB0                            00000000
TRISB1                            00000001
TRISB2                            00000002
TRISB3                            00000003
TRISB4                            00000004
TRISB5                            00000005
TRISB6                            00000006
TRISB7                            00000007
TRISC                             00000087
TRISC0                            00000000
TRISC1                            00000001
TRISC2                            00000002
TRISC3                            00000003
TRISC4                            00000004
TRISC5                            00000005
TRISC6                            00000006
TRISC7                            00000007
TRISD                             00000088
TRISD0                            00000000
TRISD1                            00000001
TRISD2                            00000002
TRISD3                            00000003
TRISD4                            00000004
TRISD5                            00000005
TRISD6                            00000006
TRISD7                            00000007
TRISE                             00000089
TRISE0                            00000000
TRISE1                            00000001
TRISE2                            00000002
TRMT                              00000001
TX8_9                             00000006
TX9                               00000006
TX9D                              00000000
TXD8                              00000000
TXEN                              00000005
TXIE                              00000004
TXIF                              00000004
TXREG                             00000019
TXSTA                             00000098
UA                                00000001
W                                 00000000
WCOL                              00000007
WR                                00000001
WREN                              00000002
WRERR                             00000003
Z                                 00000002
_BODEN_OFF                        00003FBF
_BODEN_ON                         00003FFF
_CONFIG                           00002007
MPASM  5.42                          LAB3.ASM   11-2-2011  15:42:02         PAGE 10


SYMBOL TABLE
  LABEL                             VALUE 

_CPD_OFF                          00003FFF
_CPD_ON                           00003EFF
_CP_ALL                           00001FFF
_CP_OFF                           00003FFF
_DEBUG_OFF                        00003FFF
_DEBUG_ON                         000037FF
_DEVID1                           00002006
_HS_OSC                           00003FFE
_IDLOC0                           00002000
_IDLOC1                           00002001
_IDLOC2                           00002002
_IDLOC3                           00002003
_LP_OSC                           00003FFC
_LVP_OFF                          00003F7F
_LVP_ON                           00003FFF
_PWRTE_OFF                        00003FFF
_PWRTE_ON                         00003FF7
_RC_OSC                           00003FFF
_WDT_OFF                          00003FFB
_WDT_ON                           00003FFF
_WRT_1FOURTH                      00003BFF
_WRT_256                          00003DFF
_WRT_HALF                         000039FF
_WRT_OFF                          00003FFF
_XT_OSC                           00003FFD
__16F877A                         00000001
__DEBUG                           1
ÝSLEM                             00000011


MEMORY USAGE MAP ('X' = Used,  '-' = Unused)

0000 : X---XXXXXXXXXXXX XXXXXXXXXXXXXXXX XXXXXXXXXXXXXX-- ----------------
2000 : -------X-------- ---------------- ---------------- ----------------

All other memory blocks unused.

Program Memory Words Used:    43
Program Memory Words Free:  8149


Errors   :     0
Warnings :    31 reported,     0 suppressed
Messages :     6 reported,     0 suppressed

