Warning[205] C:\USERS\HP\DESKTOP\BUT\SAY99\SAY99.ASM 1 : Found directive in column 1. (list)
Warning[205] C:\USERS\HP\DESKTOP\BUT\SAY99\SAY99.ASM 2 : Found directive in column 1. (include)
Warning[205] C:\USERS\HP\DESKTOP\BUT\SAY99\SAY99.ASM 7 : Found directive in column 1. (org)
Warning[203] C:\USERS\HP\DESKTOP\BUT\SAY99\SAY99.ASM 8 : Found opcode in column 1. (GOTO)
Warning[205] C:\USERS\HP\DESKTOP\BUT\SAY99\SAY99.ASM 9 : Found directive in column 1. (ORG)
Warning[203] C:\USERS\HP\DESKTOP\BUT\SAY99\SAY99.ASM 11 : Found opcode in column 1. (BTFSS)
Warning[203] C:\USERS\HP\DESKTOP\BUT\SAY99\SAY99.ASM 12 : Found opcode in column 1. (RETFIE)
Warning[203] C:\USERS\HP\DESKTOP\BUT\SAY99\SAY99.ASM 13 : Found opcode in column 1. (BCF)
Warning[203] C:\USERS\HP\DESKTOP\BUT\SAY99\SAY99.ASM 15 : Found opcode in column 1. (INCF)
Warning[203] C:\USERS\HP\DESKTOP\BUT\SAY99\SAY99.ASM 16 : Found opcode in column 1. (XORLW)
Warning[203] C:\USERS\HP\DESKTOP\BUT\SAY99\SAY99.ASM 17 : Found opcode in column 1. (BTFSS)
Warning[205] C:\USERS\HP\DESKTOP\BUT\SAY99\SAY99.ASM 18 : Found directive in column 1. (BANKSEL)
Warning[203] C:\USERS\HP\DESKTOP\BUT\SAY99\SAY99.ASM 19 : Found opcode in column 1. (MOVLW)
Warning[203] C:\USERS\HP\DESKTOP\BUT\SAY99\SAY99.ASM 20 : Found opcode in column 1. (MOVWF)
Warning[203] C:\USERS\HP\DESKTOP\BUT\SAY99\SAY99.ASM 21 : Found opcode in column 1. (MOVF)
Warning[203] C:\USERS\HP\DESKTOP\BUT\SAY99\SAY99.ASM 23 : Found opcode in column 1. (MOVWF)
Warning[203] C:\USERS\HP\DESKTOP\BUT\SAY99\SAY99.ASM 24 : Found opcode in column 1. (CALL)
Warning[203] C:\USERS\HP\DESKTOP\BUT\SAY99\SAY99.ASM 25 : Found opcode in column 1. (GOTO)
Warning[203] C:\USERS\HP\DESKTOP\BUT\SAY99\SAY99.ASM 26 : Found opcode in column 1. (CLRF)
Warning[205] C:\USERS\HP\DESKTOP\BUT\SAY99\SAY99.ASM 27 : Found directive in column 1. (BANKSEL)
Warning[203] C:\USERS\HP\DESKTOP\BUT\SAY99\SAY99.ASM 28 : Found opcode in column 1. (MOVLW)
Warning[203] C:\USERS\HP\DESKTOP\BUT\SAY99\SAY99.ASM 29 : Found opcode in column 1. (MOVWF)
Warning[203] C:\USERS\HP\DESKTOP\BUT\SAY99\SAY99.ASM 30 : Found opcode in column 1. (MOVF)
Warning[203] C:\USERS\HP\DESKTOP\BUT\SAY99\SAY99.ASM 32 : Found opcode in column 1. (MOVWF)
Warning[203] C:\USERS\HP\DESKTOP\BUT\SAY99\SAY99.ASM 33 : Found opcode in column 1. (CALL)
Warning[203] C:\USERS\HP\DESKTOP\BUT\SAY99\SAY99.ASM 35 : Found opcode in column 1. (INCF)
Warning[203] C:\USERS\HP\DESKTOP\BUT\SAY99\SAY99.ASM 36 : Found opcode in column 1. (XORLW)
Warning[203] C:\USERS\HP\DESKTOP\BUT\SAY99\SAY99.ASM 37 : Found opcode in column 1. (BTFSS)
Warning[205] C:\USERS\HP\DESKTOP\BUT\SAY99\SAY99.ASM 38 : Found directive in column 1. (BANKSEL)
Warning[203] C:\USERS\HP\DESKTOP\BUT\SAY99\SAY99.ASM 39 : Found opcode in column 1. (MOVLW)
Warning[203] C:\USERS\HP\DESKTOP\BUT\SAY99\SAY99.ASM 40 : Found opcode in column 1. (MOVWF)
Warning[203] C:\USERS\HP\DESKTOP\BUT\SAY99\SAY99.ASM 41 : Found opcode in column 1. (MOVF)
Warning[203] C:\USERS\HP\DESKTOP\BUT\SAY99\SAY99.ASM 43 : Found opcode in column 1. (MOVWF)
Warning[203] C:\USERS\HP\DESKTOP\BUT\SAY99\SAY99.ASM 44 : Found opcode in column 1. (CALL)
Warning[203] C:\USERS\HP\DESKTOP\BUT\SAY99\SAY99.ASM 45 : Found opcode in column 1. (GOTO)
Warning[203] C:\USERS\HP\DESKTOP\BUT\SAY99\SAY99.ASM 46 : Found opcode in column 1. (CLRF)
Warning[203] C:\USERS\HP\DESKTOP\BUT\SAY99\SAY99.ASM 47 : Found opcode in column 1. (CLRF)
Warning[203] C:\USERS\HP\DESKTOP\BUT\SAY99\SAY99.ASM 48 : Found opcode in column 1. (RETFIE)
Warning[203] C:\USERS\HP\DESKTOP\BUT\SAY99\SAY99.ASM 52 : Found opcode in column 1. (ADDWF)
Warning[203] C:\USERS\HP\DESKTOP\BUT\SAY99\SAY99.ASM 53 : Found opcode in column 1. (RETLW)
Warning[203] C:\USERS\HP\DESKTOP\BUT\SAY99\SAY99.ASM 54 : Found opcode in column 1. (RETLW)
Warning[203] C:\USERS\HP\DESKTOP\BUT\SAY99\SAY99.ASM 55 : Found opcode in column 1. (RETLW)
Warning[203] C:\USERS\HP\DESKTOP\BUT\SAY99\SAY99.ASM 56 : Found opcode in column 1. (RETLW)
Warning[203] C:\USERS\HP\DESKTOP\BUT\SAY99\SAY99.ASM 57 : Found opcode in column 1. (RETLW)
Warning[203] C:\USERS\HP\DESKTOP\BUT\SAY99\SAY99.ASM 58 : Found opcode in column 1. (RETLW)
Warning[203] C:\USERS\HP\DESKTOP\BUT\SAY99\SAY99.ASM 59 : Found opcode in column 1. (RETLW)
Warning[203] C:\USERS\HP\DESKTOP\BUT\SAY99\SAY99.ASM 60 : Found opcode in column 1. (RETLW)
Warning[203] C:\USERS\HP\DESKTOP\BUT\SAY99\SAY99.ASM 61 : Found opcode in column 1. (RETLW)
Warning[203] C:\USERS\HP\DESKTOP\BUT\SAY99\SAY99.ASM 62 : Found opcode in column 1. (RETLW)
Warning[205] C:\USERS\HP\DESKTOP\BUT\SAY99\SAY99.ASM 66 : Found directive in column 1. (BANKSEL)
Warning[203] C:\USERS\HP\DESKTOP\BUT\SAY99\SAY99.ASM 67 : Found opcode in column 1. (CLRF)
Message[302] C:\USERS\HP\DESKTOP\BUT\SAY99\SAY99.ASM 67 : Register in operand not in bank 0.  Ensure that bank bits are correct.
Warning[205] C:\USERS\HP\DESKTOP\BUT\SAY99\SAY99.ASM 68 : Found directive in column 1. (BANKSEL)
Warning[203] C:\USERS\HP\DESKTOP\BUT\SAY99\SAY99.ASM 69 : Found opcode in column 1. (MOVLW)
Warning[203] C:\USERS\HP\DESKTOP\BUT\SAY99\SAY99.ASM 70 : Found opcode in column 1. (MOVWF)
Warning[205] C:\USERS\HP\DESKTOP\BUT\SAY99\SAY99.ASM 71 : Found directive in column 1. (BANKSEL)
Warning[203] C:\USERS\HP\DESKTOP\BUT\SAY99\SAY99.ASM 72 : Found opcode in column 1. (CLRF)
Message[302] C:\USERS\HP\DESKTOP\BUT\SAY99\SAY99.ASM 72 : Register in operand not in bank 0.  Ensure that bank bits are correct.
Warning[205] C:\USERS\HP\DESKTOP\BUT\SAY99\SAY99.ASM 73 : Found directive in column 1. (BANKSEL)
Warning[203] C:\USERS\HP\DESKTOP\BUT\SAY99\SAY99.ASM 74 : Found opcode in column 1. (CLRF)
Warning[205] C:\USERS\HP\DESKTOP\BUT\SAY99\SAY99.ASM 75 : Found directive in column 1. (BANKSEL)
Warning[203] C:\USERS\HP\DESKTOP\BUT\SAY99\SAY99.ASM 76 : Found opcode in column 1. (MOVLW)
Warning[203] C:\USERS\HP\DESKTOP\BUT\SAY99\SAY99.ASM 77 : Found opcode in column 1. (MOVWF)
Message[302] C:\USERS\HP\DESKTOP\BUT\SAY99\SAY99.ASM 77 : Register in operand not in bank 0.  Ensure that bank bits are correct.
Warning[205] C:\USERS\HP\DESKTOP\BUT\SAY99\SAY99.ASM 78 : Found directive in column 1. (BANKSEL)
Warning[203] C:\USERS\HP\DESKTOP\BUT\SAY99\SAY99.ASM 79 : Found opcode in column 1. (CLRF)
Warning[205] C:\USERS\HP\DESKTOP\BUT\SAY99\SAY99.ASM 80 : Found directive in column 1. (BANKSEL)
Warning[203] C:\USERS\HP\DESKTOP\BUT\SAY99\SAY99.ASM 81 : Found opcode in column 1. (MOVLW)
Warning[203] C:\USERS\HP\DESKTOP\BUT\SAY99\SAY99.ASM 82 : Found opcode in column 1. (MOVWF)
Warning[205] C:\USERS\HP\DESKTOP\BUT\SAY99\SAY99.ASM 83 : Found directive in column 1. (BANKSEL)
Warning[203] C:\USERS\HP\DESKTOP\BUT\SAY99\SAY99.ASM 84 : Found opcode in column 1. (CLRF)
Message[302] C:\USERS\HP\DESKTOP\BUT\SAY99\SAY99.ASM 84 : Register in operand not in bank 0.  Ensure that bank bits are correct.
Warning[205] C:\USERS\HP\DESKTOP\BUT\SAY99\SAY99.ASM 85 : Found directive in column 1. (BANKSEL)
Warning[203] C:\USERS\HP\DESKTOP\BUT\SAY99\SAY99.ASM 86 : Found opcode in column 1. (CLRF)
Warning[203] C:\USERS\HP\DESKTOP\BUT\SAY99\SAY99.ASM 87 : Found opcode in column 1. (CLRF)
Warning[203] C:\USERS\HP\DESKTOP\BUT\SAY99\SAY99.ASM 88 : Found opcode in column 1. (CLRF)
Warning[203] C:\USERS\HP\DESKTOP\BUT\SAY99\SAY99.ASM 89 : Found opcode in column 1. (CLRF)
Warning[203] C:\USERS\HP\DESKTOP\BUT\SAY99\SAY99.ASM 92 : Found opcode in column 1. (GOTO)
Warning[203] C:\USERS\HP\DESKTOP\BUT\SAY99\SAY99.ASM 94 : Found opcode in column 1. (MOVLW)
Warning[203] C:\USERS\HP\DESKTOP\BUT\SAY99\SAY99.ASM 95 : Found opcode in column 1. (MOVWF)
Warning[203] C:\USERS\HP\DESKTOP\BUT\SAY99\SAY99.ASM 98 : Found opcode in column 1. (MOVLW)
Warning[203] C:\USERS\HP\DESKTOP\BUT\SAY99\SAY99.ASM 99 : Found opcode in column 1. (MOVWF)
Warning[203] C:\USERS\HP\DESKTOP\BUT\SAY99\SAY99.ASM 101 : Found opcode in column 1. (DECFSZ)
Warning[203] C:\USERS\HP\DESKTOP\BUT\SAY99\SAY99.ASM 102 : Found opcode in column 1. (GOTO)
Warning[203] C:\USERS\HP\DESKTOP\BUT\SAY99\SAY99.ASM 103 : Found opcode in column 1. (DECFSZ)
Warning[203] C:\USERS\HP\DESKTOP\BUT\SAY99\SAY99.ASM 104 : Found opcode in column 1. (GOTO)
Warning[203] C:\USERS\HP\DESKTOP\BUT\SAY99\SAY99.ASM 105 : Found opcode in column 1. (RETURN)
Warning[205] C:\USERS\HP\DESKTOP\BUT\SAY99\SAY99.ASM 106 : Found directive in column 1. (END)
