MPASM  5.42                         SAY99.ASM   1-24-2012  11:00:28         PAGE  1


LOC  OBJECT CODE     LINE SOURCE TEXT
  VALUE

Warning[205]: Found directive in column 1. (list)
                      00001 list p=16f877a
Warning[205]: Found directive in column 1. (include)
                      00002 include "p16f877a.inc"
                      00001         LIST
                      00002 
                      00003 ;==========================================================================
                      00004 ;  MPASM PIC16F877A processor include
                      00005 ; 
                      00006 ;  (c) Copyright 1999-2011 Microchip Technology, All rights reserved
                      00007 ;==========================================================================
                      00008 
                      00555         LIST
  00000022            00003 SAYAC EQU 0x22
  00000023            00004 SAYAC1 EQU 0x23
  00000024            00005 SAYAC2 EQU 0X24
  00000025            00006 SAYAC3 EQU 0x25
Warning[205]: Found directive in column 1. (org)
0000                  00007 org 0
Warning[203]: Found opcode in column 1. (GOTO)
0000   2836           00008 GOTO ANA 
Warning[205]: Found directive in column 1. (ORG)
0004                  00009 ORG 4
0004                  00010 KESME
Warning[203]: Found opcode in column 1. (BTFSS)
0004   1C8B           00011 BTFSS INTCON,1
Warning[203]: Found opcode in column 1. (RETFIE)
0005   0009           00012 RETFIE
Warning[203]: Found opcode in column 1. (BCF)
0006   108B           00013 BCF INTCON,1
0007                  00014 A
Warning[203]: Found opcode in column 1. (INCF)
0007   0AA2           00015 INCF SAYAC,F
Warning[203]: Found opcode in column 1. (XORLW)
0008   3A0A           00016 XORLW D'10'
Warning[203]: Found opcode in column 1. (BTFSS)
0009   1D03           00017 BTFSS STATUS,2
Warning[205]: Found directive in column 1. (BANKSEL)
000A   1283 1303      00018 BANKSEL PORTA
Warning[203]: Found opcode in column 1. (MOVLW)
000C   3001           00019 MOVLW H'01'
Warning[203]: Found opcode in column 1. (MOVWF)
000D   0085           00020 MOVWF PORTA
Warning[203]: Found opcode in column 1. (MOVF)
000E   0822           00021 MOVF SAYAC,W
000F   202B           00022  CALL TABLO 
Warning[203]: Found opcode in column 1. (MOVWF)
0010   0088           00023 MOVWF PORTD
Warning[203]: Found opcode in column 1. (CALL)
0011   2058           00024 CALL GECIK
Warning[203]: Found opcode in column 1. (GOTO)
0012   2807           00025 GOTO A
Warning[203]: Found opcode in column 1. (CLRF)
MPASM  5.42                         SAY99.ASM   1-24-2012  11:00:28         PAGE  2


LOC  OBJECT CODE     LINE SOURCE TEXT
  VALUE

0013   01A2           00026 CLRF SAYAC
Warning[205]: Found directive in column 1. (BANKSEL)
0014   1283 1303      00027 BANKSEL PORTA
Warning[203]: Found opcode in column 1. (MOVLW)
0016   3001           00028 MOVLW H'01'
Warning[203]: Found opcode in column 1. (MOVWF)
0017   0085           00029 MOVWF PORTA
Warning[203]: Found opcode in column 1. (MOVF)
0018   0822           00030 MOVF SAYAC,W
0019   202B           00031  CALL TABLO 
Warning[203]: Found opcode in column 1. (MOVWF)
001A   0088           00032 MOVWF PORTD
Warning[203]: Found opcode in column 1. (CALL)
001B   2058           00033 CALL GECIK
001C                  00034 DISP
Warning[203]: Found opcode in column 1. (INCF)
001C   0AA5           00035 INCF SAYAC3,F
Warning[203]: Found opcode in column 1. (XORLW)
001D   3A0A           00036 XORLW D'10'
Warning[203]: Found opcode in column 1. (BTFSS)
001E   1D03           00037 BTFSS STATUS,2
Warning[205]: Found directive in column 1. (BANKSEL)
001F   1283 1303      00038 BANKSEL PORTA
Warning[203]: Found opcode in column 1. (MOVLW)
0021   3002           00039 MOVLW H'02'
Warning[203]: Found opcode in column 1. (MOVWF)
0022   0085           00040 MOVWF PORTA
Warning[203]: Found opcode in column 1. (MOVF)
0023   0825           00041 MOVF SAYAC3,W
0024   202B           00042  CALL TABLO 
Warning[203]: Found opcode in column 1. (MOVWF)
0025   0088           00043 MOVWF PORTD
Warning[203]: Found opcode in column 1. (CALL)
0026   2058           00044 CALL GECIK
Warning[203]: Found opcode in column 1. (GOTO)
0027   2807           00045 GOTO A
Warning[203]: Found opcode in column 1. (CLRF)
0028   01A5           00046 CLRF SAYAC3
Warning[203]: Found opcode in column 1. (CLRF)
0029   01A2           00047 CLRF SAYAC
Warning[203]: Found opcode in column 1. (RETFIE)
002A   0009           00048 RETFIE
                      00049 
                      00050 
002B                  00051 TABLO
Warning[203]: Found opcode in column 1. (ADDWF)
002B   0782           00052 ADDWF PCL,F
Warning[203]: Found opcode in column 1. (RETLW)
002C   343F           00053 RETLW H'3F'
Warning[203]: Found opcode in column 1. (RETLW)
002D   3406           00054 RETLW H'06'
Warning[203]: Found opcode in column 1. (RETLW)
002E   345B           00055 RETLW H'5B'
MPASM  5.42                         SAY99.ASM   1-24-2012  11:00:28         PAGE  3


LOC  OBJECT CODE     LINE SOURCE TEXT
  VALUE

Warning[203]: Found opcode in column 1. (RETLW)
002F   344F           00056 RETLW H'4F'
Warning[203]: Found opcode in column 1. (RETLW)
0030   3466           00057 RETLW H'66'
Warning[203]: Found opcode in column 1. (RETLW)
0031   346D           00058 RETLW H'6D'
Warning[203]: Found opcode in column 1. (RETLW)
0032   347D           00059 RETLW H'7D'
Warning[203]: Found opcode in column 1. (RETLW)
0033   3407           00060 RETLW H'07'
Warning[203]: Found opcode in column 1. (RETLW)
0034   347F           00061 RETLW H'7F'
Warning[203]: Found opcode in column 1. (RETLW)
0035   346F           00062 RETLW H'6F'
                      00063 
                      00064 
0036                  00065 ANA
Warning[205]: Found directive in column 1. (BANKSEL)
0036   1683 1303      00066 BANKSEL TRISA 
Warning[203]: Found opcode in column 1. (CLRF)
Message[302]: Register in operand not in bank 0.  Ensure that bank bits are correct.
0038   0185           00067 CLRF TRISA
Warning[205]: Found directive in column 1. (BANKSEL)
0039   1283 1303      00068 BANKSEL PORTA
Warning[203]: Found opcode in column 1. (MOVLW)
003B   3003           00069 MOVLW H'03'
Warning[203]: Found opcode in column 1. (MOVWF)
003C   0085           00070 MOVWF PORTA
Warning[205]: Found directive in column 1. (BANKSEL)
003D   1683 1303      00071 BANKSEL TRISD
Warning[203]: Found opcode in column 1. (CLRF)
Message[302]: Register in operand not in bank 0.  Ensure that bank bits are correct.
003F   0188           00072 CLRF TRISD
Warning[205]: Found directive in column 1. (BANKSEL)
0040   1283 1303      00073 BANKSEL PORTD
Warning[203]: Found opcode in column 1. (CLRF)
0042   0188           00074 CLRF PORTD
Warning[205]: Found directive in column 1. (BANKSEL)
0043   1683 1303      00075 BANKSEL TRISB
Warning[203]: Found opcode in column 1. (MOVLW)
0045   30FF           00076 MOVLW H'FF'
Warning[203]: Found opcode in column 1. (MOVWF)
Message[302]: Register in operand not in bank 0.  Ensure that bank bits are correct.
0046   0086           00077 MOVWF TRISB
Warning[205]: Found directive in column 1. (BANKSEL)
0047   1283 1303      00078 BANKSEL PORTB 
Warning[203]: Found opcode in column 1. (CLRF)
0049   0186           00079 CLRF PORTB
Warning[205]: Found directive in column 1. (BANKSEL)
004A   1283 1303      00080 BANKSEL INTCON
Warning[203]: Found opcode in column 1. (MOVLW)
004C   3090           00081 MOVLW B'10010000'
Warning[203]: Found opcode in column 1. (MOVWF)
MPASM  5.42                         SAY99.ASM   1-24-2012  11:00:28         PAGE  4


LOC  OBJECT CODE     LINE SOURCE TEXT
  VALUE

004D   008B           00082 MOVWF INTCON
Warning[205]: Found directive in column 1. (BANKSEL)
004E   1683 1303      00083 BANKSEL OPTION_REG
Warning[203]: Found opcode in column 1. (CLRF)
Message[302]: Register in operand not in bank 0.  Ensure that bank bits are correct.
0050   0181           00084 CLRF OPTION_REG
Warning[205]: Found directive in column 1. (BANKSEL)
0051   1283 1303      00085 BANKSEL SAYAC
Warning[203]: Found opcode in column 1. (CLRF)
0053   01A2           00086 CLRF SAYAC
Warning[203]: Found opcode in column 1. (CLRF)
0054   01A3           00087 CLRF SAYAC1
Warning[203]: Found opcode in column 1. (CLRF)
0055   01A4           00088 CLRF SAYAC2
Warning[203]: Found opcode in column 1. (CLRF)
0056   01A5           00089 CLRF SAYAC3
0057                  00090 DONGU 
                      00091 
Warning[203]: Found opcode in column 1. (GOTO)
0057   2857           00092 GOTO DONGU
0058                  00093 GECIK
Warning[203]: Found opcode in column 1. (MOVLW)
0058   30FF           00094 MOVLW H'FF'
Warning[203]: Found opcode in column 1. (MOVWF)
0059   00A3           00095 MOVWF SAYAC1
005A                  00096 DON
                      00097 
Warning[203]: Found opcode in column 1. (MOVLW)
005A   30FF           00098 MOVLW H'FF'
Warning[203]: Found opcode in column 1. (MOVWF)
005B   00A4           00099 MOVWF SAYAC2
005C                  00100 DON1
Warning[203]: Found opcode in column 1. (DECFSZ)
005C   0BA4           00101 DECFSZ SAYAC2,F
Warning[203]: Found opcode in column 1. (GOTO)
005D   285C           00102 GOTO DON1
Warning[203]: Found opcode in column 1. (DECFSZ)
005E   0BA3           00103 DECFSZ SAYAC1,F
Warning[203]: Found opcode in column 1. (GOTO)
005F   285A           00104 GOTO DON
Warning[203]: Found opcode in column 1. (RETURN)
0060   0008           00105 RETURN
Warning[205]: Found directive in column 1. (END)
                      00106 END
MPASM  5.42                         SAY99.ASM   1-24-2012  11:00:28         PAGE  5


SYMBOL TABLE
  LABEL                             VALUE 

A                                 00000007
ACKDT                             00000005
ACKEN                             00000004
ACKSTAT                           00000006
ADCON0                            0000001F
ADCON1                            0000009F
ADCS0                             00000006
ADCS1                             00000007
ADCS2                             00000006
ADDEN                             00000003
ADFM                              00000007
ADIE                              00000006
ADIF                              00000006
ADON                              00000000
ADRESH                            0000001E
ADRESL                            0000009E
ANA                               00000036
BCLIE                             00000003
BCLIF                             00000003
BF                                00000000
BRGH                              00000002
C                                 00000000
C1INV                             00000004
C1OUT                             00000006
C2INV                             00000005
C2OUT                             00000007
CCP1CON                           00000017
CCP1IE                            00000002
CCP1IF                            00000002
CCP1M0                            00000000
CCP1M1                            00000001
CCP1M2                            00000002
CCP1M3                            00000003
CCP1X                             00000005
CCP1Y                             00000004
CCP2CON                           0000001D
CCP2IE                            00000000
CCP2IF                            00000000
CCP2M0                            00000000
CCP2M1                            00000001
CCP2M2                            00000002
CCP2M3                            00000003
CCP2X                             00000005
CCP2Y                             00000004
CCPR1                             00000015
CCPR1H                            00000016
CCPR1L                            00000015
CCPR2                             0000001B
CCPR2H                            0000001C
CCPR2L                            0000001B
CHS0                              00000003
CHS1                              00000004
CHS2                              00000005
MPASM  5.42                         SAY99.ASM   1-24-2012  11:00:28         PAGE  6


SYMBOL TABLE
  LABEL                             VALUE 

CIS                               00000003
CKE                               00000006
CKP                               00000004
CM0                               00000000
CM1                               00000001
CM2                               00000002
CMCON                             0000009C
CMIE                              00000006
CMIF                              00000006
CREN                              00000004
CSRC                              00000007
CVR0                              00000000
CVR1                              00000001
CVR2                              00000002
CVR3                              00000003
CVRCON                            0000009D
CVREN                             00000007
CVROE                             00000006
CVRR                              00000005
D                                 00000005
DATA_ADDRESS                      00000005
DC                                00000001
DISP                              0000001C
DON                               0000005A
DON1                              0000005C
DONGU                             00000057
D_A                               00000005
D_NOT_A                           00000005
EEADR                             0000010D
EEADRH                            0000010F
EECON1                            0000018C
EECON2                            0000018D
EEDATA                            0000010C
EEDATH                            0000010E
EEIE                              00000004
EEIF                              00000004
EEPGD                             00000007
F                                 00000001
FERR                              00000002
FSR                               00000004
GCEN                              00000007
GECIK                             00000058
GIE                               00000007
GO                                00000002
GO_DONE                           00000002
GO_NOT_DONE                       00000002
I2C_DATA                          00000005
I2C_READ                          00000002
I2C_START                         00000003
I2C_STOP                          00000004
IBF                               00000007
IBOV                              00000005
INDF                              00000000
MPASM  5.42                         SAY99.ASM   1-24-2012  11:00:28         PAGE  7


SYMBOL TABLE
  LABEL                             VALUE 

INTCON                            0000000B
INTE                              00000004
INTEDG                            00000006
INTF                              00000001
IRP                               00000007
KESME                             00000004
NOT_A                             00000005
NOT_ADDRESS                       00000005
NOT_BO                            00000000
NOT_BOR                           00000000
NOT_DONE                          00000002
NOT_PD                            00000003
NOT_POR                           00000001
NOT_RBPU                          00000007
NOT_RC8                           00000006
NOT_T1SYNC                        00000002
NOT_TO                            00000004
NOT_TX8                           00000006
NOT_W                             00000002
NOT_WRITE                         00000002
OBF                               00000006
OERR                              00000001
OPTION_REG                        00000081
P                                 00000004
PCFG0                             00000000
PCFG1                             00000001
PCFG2                             00000002
PCFG3                             00000003
PCL                               00000002
PCLATH                            0000000A
PCON                              0000008E
PEIE                              00000006
PEN                               00000002
PIE1                              0000008C
PIE2                              0000008D
PIR1                              0000000C
PIR2                              0000000D
PORTA                             00000005
PORTB                             00000006
PORTC                             00000007
PORTD                             00000008
PORTE                             00000009
PR2                               00000092
PS0                               00000000
PS1                               00000001
PS2                               00000002
PSA                               00000003
PSPIE                             00000007
PSPIF                             00000007
PSPMODE                           00000004
R                                 00000002
RA0                               00000000
RA1                               00000001
MPASM  5.42                         SAY99.ASM   1-24-2012  11:00:28         PAGE  8


SYMBOL TABLE
  LABEL                             VALUE 

RA2                               00000002
RA3                               00000003
RA4                               00000004
RA5                               00000005
RB0                               00000000
RB1                               00000001
RB2                               00000002
RB3                               00000003
RB4                               00000004
RB5                               00000005
RB6                               00000006
RB7                               00000007
RBIE                              00000003
RBIF                              00000000
RC0                               00000000
RC1                               00000001
RC2                               00000002
RC3                               00000003
RC4                               00000004
RC5                               00000005
RC6                               00000006
RC7                               00000007
RC8_9                             00000006
RC9                               00000006
RCD8                              00000000
RCEN                              00000003
RCIE                              00000005
RCIF                              00000005
RCREG                             0000001A
RCSTA                             00000018
RD                                00000000
RD0                               00000000
RD1                               00000001
RD2                               00000002
RD3                               00000003
RD4                               00000004
RD5                               00000005
RD6                               00000006
RD7                               00000007
RE0                               00000000
RE1                               00000001
RE2                               00000002
READ_WRITE                        00000002
RP0                               00000005
RP1                               00000006
RSEN                              00000001
RX9                               00000006
RX9D                              00000000
R_NOT_W                           00000002
R_W                               00000002
S                                 00000003
SAYAC                             00000022
SAYAC1                            00000023
MPASM  5.42                         SAY99.ASM   1-24-2012  11:00:28         PAGE  9


SYMBOL TABLE
  LABEL                             VALUE 

SAYAC2                            00000024
SAYAC3                            00000025
SEN                               00000000
SMP                               00000007
SPBRG                             00000099
SPEN                              00000007
SREN                              00000005
SSPADD                            00000093
SSPBUF                            00000013
SSPCON                            00000014
SSPCON2                           00000091
SSPEN                             00000005
SSPIE                             00000003
SSPIF                             00000003
SSPM0                             00000000
SSPM1                             00000001
SSPM2                             00000002
SSPM3                             00000003
SSPOV                             00000006
SSPSTAT                           00000094
STATUS                            00000003
SYNC                              00000004
T0CS                              00000005
T0IE                              00000005
T0IF                              00000002
T0SE                              00000004
T1CKPS0                           00000004
T1CKPS1                           00000005
T1CON                             00000010
T1INSYNC                          00000002
T1OSCEN                           00000003
T1SYNC                            00000002
T2CKPS0                           00000000
T2CKPS1                           00000001
T2CON                             00000012
TABLO                             0000002B
TMR0                              00000001
TMR0IE                            00000005
TMR0IF                            00000002
TMR1CS                            00000001
TMR1H                             0000000F
TMR1IE                            00000000
TMR1IF                            00000000
TMR1L                             0000000E
TMR1ON                            00000000
TMR2                              00000011
TMR2IE                            00000001
TMR2IF                            00000001
TMR2ON                            00000002
TOUTPS0                           00000003
TOUTPS1                           00000004
TOUTPS2                           00000005
TOUTPS3                           00000006
MPASM  5.42                         SAY99.ASM   1-24-2012  11:00:28         PAGE 10


SYMBOL TABLE
  LABEL                             VALUE 

TRISA                             00000085
TRISA0                            00000000
TRISA1                            00000001
TRISA2                            00000002
TRISA3                            00000003
TRISA4                            00000004
TRISA5                            00000005
TRISB                             00000086
TRISB0                            00000000
TRISB1                            00000001
TRISB2                            00000002
TRISB3                            00000003
TRISB4                            00000004
TRISB5                            00000005
TRISB6                            00000006
TRISB7                            00000007
TRISC                             00000087
TRISC0                            00000000
TRISC1                            00000001
TRISC2                            00000002
TRISC3                            00000003
TRISC4                            00000004
TRISC5                            00000005
TRISC6                            00000006
TRISC7                            00000007
TRISD                             00000088
TRISD0                            00000000
TRISD1                            00000001
TRISD2                            00000002
TRISD3                            00000003
TRISD4                            00000004
TRISD5                            00000005
TRISD6                            00000006
TRISD7                            00000007
TRISE                             00000089
TRISE0                            00000000
TRISE1                            00000001
TRISE2                            00000002
TRMT                              00000001
TX8_9                             00000006
TX9                               00000006
TX9D                              00000000
TXD8                              00000000
TXEN                              00000005
TXIE                              00000004
TXIF                              00000004
TXREG                             00000019
TXSTA                             00000098
UA                                00000001
W                                 00000000
WCOL                              00000007
WR                                00000001
WREN                              00000002
MPASM  5.42                         SAY99.ASM   1-24-2012  11:00:28         PAGE 11


SYMBOL TABLE
  LABEL                             VALUE 

WRERR                             00000003
Z                                 00000002
_BODEN_OFF                        00003FBF
_BODEN_ON                         00003FFF
_CONFIG                           00002007
_CPD_OFF                          00003FFF
_CPD_ON                           00003EFF
_CP_ALL                           00001FFF
_CP_OFF                           00003FFF
_DEBUG_OFF                        00003FFF
_DEBUG_ON                         000037FF
_DEVID1                           00002006
_HS_OSC                           00003FFE
_IDLOC0                           00002000
_IDLOC1                           00002001
_IDLOC2                           00002002
_IDLOC3                           00002003
_LP_OSC                           00003FFC
_LVP_OFF                          00003F7F
_LVP_ON                           00003FFF
_PWRTE_OFF                        00003FFF
_PWRTE_ON                         00003FF7
_RC_OSC                           00003FFF
_WDT_OFF                          00003FFB
_WDT_ON                           00003FFF
_WRT_1FOURTH                      00003BFF
_WRT_256                          00003DFF
_WRT_HALF                         000039FF
_WRT_OFF                          00003FFF
_XT_OSC                           00003FFD
__16F877A                         00000001
__DEBUG                           1


MEMORY USAGE MAP ('X' = Used,  '-' = Unused)

0000 : X---XXXXXXXXXXXX XXXXXXXXXXXXXXXX XXXXXXXXXXXXXXXX XXXXXXXXXXXXXXXX
0040 : XXXXXXXXXXXXXXXX XXXXXXXXXXXXXXXX X--------------- ----------------

All other memory blocks unused.

Program Memory Words Used:    94
Program Memory Words Free:  8098


Errors   :     0
Warnings :    84 reported,     0 suppressed
Messages :     4 reported,     0 suppressed

