Warning[205] C:\USERS\HP\DESKTOP\BUT\RB0SAYICIPORTDLED\SAYICI.ASM 1 : Found directive in column 1. (list)
Warning[205] C:\USERS\HP\DESKTOP\BUT\RB0SAYICIPORTDLED\SAYICI.ASM 2 : Found directive in column 1. (include)
Warning[205] C:\USERS\HP\DESKTOP\BUT\RB0SAYICIPORTDLED\SAYICI.ASM 4 : Found directive in column 1. (ORG)
Warning[203] C:\USERS\HP\DESKTOP\BUT\RB0SAYICIPORTDLED\SAYICI.ASM 5 : Found opcode in column 1. (goto)
Warning[205] C:\USERS\HP\DESKTOP\BUT\RB0SAYICIPORTDLED\SAYICI.ASM 6 : Found directive in column 1. (ORG)
Warning[203] C:\USERS\HP\DESKTOP\BUT\RB0SAYICIPORTDLED\SAYICI.ASM 8 : Found opcode in column 1. (BTFSS)
Warning[203] C:\USERS\HP\DESKTOP\BUT\RB0SAYICIPORTDLED\SAYICI.ASM 9 : Found opcode in column 1. (RETFIE)
Warning[203] C:\USERS\HP\DESKTOP\BUT\RB0SAYICIPORTDLED\SAYICI.ASM 11 : Found opcode in column 1. (INCF)
Warning[203] C:\USERS\HP\DESKTOP\BUT\RB0SAYICIPORTDLED\SAYICI.ASM 13 : Found opcode in column 1. (MOVF)
Warning[203] C:\USERS\HP\DESKTOP\BUT\RB0SAYICIPORTDLED\SAYICI.ASM 14 : Found opcode in column 1. (XORLW)
Warning[203] C:\USERS\HP\DESKTOP\BUT\RB0SAYICIPORTDLED\SAYICI.ASM 15 : Found opcode in column 1. (BTFSC)
Warning[203] C:\USERS\HP\DESKTOP\BUT\RB0SAYICIPORTDLED\SAYICI.ASM 16 : Found opcode in column 1. (CLRF)
Warning[203] C:\USERS\HP\DESKTOP\BUT\RB0SAYICIPORTDLED\SAYICI.ASM 17 : Found opcode in column 1. (MOVF)
Warning[203] C:\USERS\HP\DESKTOP\BUT\RB0SAYICIPORTDLED\SAYICI.ASM 18 : Found opcode in column 1. (MOVWF)
Warning[203] C:\USERS\HP\DESKTOP\BUT\RB0SAYICIPORTDLED\SAYICI.ASM 19 : Found opcode in column 1. (BCF)
Warning[203] C:\USERS\HP\DESKTOP\BUT\RB0SAYICIPORTDLED\SAYICI.ASM 20 : Found opcode in column 1. (RETFIE)
Warning[205] C:\USERS\HP\DESKTOP\BUT\RB0SAYICIPORTDLED\SAYICI.ASM 36 : Found directive in column 1. (BANKSEL)
Warning[203] C:\USERS\HP\DESKTOP\BUT\RB0SAYICIPORTDLED\SAYICI.ASM 37 : Found opcode in column 1. (CLRF)
Message[302] C:\USERS\HP\DESKTOP\BUT\RB0SAYICIPORTDLED\SAYICI.ASM 37 : Register in operand not in bank 0.  Ensure that bank bits are correct.
Warning[205] C:\USERS\HP\DESKTOP\BUT\RB0SAYICIPORTDLED\SAYICI.ASM 38 : Found directive in column 1. (BANKSEL)
Warning[205] C:\USERS\HP\DESKTOP\BUT\RB0SAYICIPORTDLED\SAYICI.ASM 40 : Found directive in column 1. (BANKSEL)
Warning[203] C:\USERS\HP\DESKTOP\BUT\RB0SAYICIPORTDLED\SAYICI.ASM 41 : Found opcode in column 1. (MOVLW)
Warning[203] C:\USERS\HP\DESKTOP\BUT\RB0SAYICIPORTDLED\SAYICI.ASM 42 : Found opcode in column 1. (MOVWF)
Warning[205] C:\USERS\HP\DESKTOP\BUT\RB0SAYICIPORTDLED\SAYICI.ASM 43 : Found directive in column 1. (BANKSEL)
Warning[203] C:\USERS\HP\DESKTOP\BUT\RB0SAYICIPORTDLED\SAYICI.ASM 44 : Found opcode in column 1. (CLRF)
Warning[205] C:\USERS\HP\DESKTOP\BUT\RB0SAYICIPORTDLED\SAYICI.ASM 45 : Found directive in column 1. (BANKSEL)
Warning[203] C:\USERS\HP\DESKTOP\BUT\RB0SAYICIPORTDLED\SAYICI.ASM 46 : Found opcode in column 1. (MOVLW)
Warning[203] C:\USERS\HP\DESKTOP\BUT\RB0SAYICIPORTDLED\SAYICI.ASM 47 : Found opcode in column 1. (MOVWF)
Message[302] C:\USERS\HP\DESKTOP\BUT\RB0SAYICIPORTDLED\SAYICI.ASM 47 : Register in operand not in bank 0.  Ensure that bank bits are correct.
Warning[205] C:\USERS\HP\DESKTOP\BUT\RB0SAYICIPORTDLED\SAYICI.ASM 48 : Found directive in column 1. (BANKSEL)
Warning[203] C:\USERS\HP\DESKTOP\BUT\RB0SAYICIPORTDLED\SAYICI.ASM 49 : Found opcode in column 1. (MOVLW)
Warning[203] C:\USERS\HP\DESKTOP\BUT\RB0SAYICIPORTDLED\SAYICI.ASM 50 : Found opcode in column 1. (MOVWF)
Message[302] C:\USERS\HP\DESKTOP\BUT\RB0SAYICIPORTDLED\SAYICI.ASM 50 : Register in operand not in bank 0.  Ensure that bank bits are correct.
Warning[205] C:\USERS\HP\DESKTOP\BUT\RB0SAYICIPORTDLED\SAYICI.ASM 51 : Found directive in column 1. (BANKSEL)
Warning[203] C:\USERS\HP\DESKTOP\BUT\RB0SAYICIPORTDLED\SAYICI.ASM 52 : Found opcode in column 1. (CLRF)
Warning[203] C:\USERS\HP\DESKTOP\BUT\RB0SAYICIPORTDLED\SAYICI.ASM 55 : Found opcode in column 1. (GOTO)
Warning[205] C:\USERS\HP\DESKTOP\BUT\RB0SAYICIPORTDLED\SAYICI.ASM 56 : Found directive in column 1. (END)
