Warning[205] C:\USERS\TUBA\DESKTOP\YENIMM\DENEY3\DENEY3.ASM 1 : Found directive in column 1. (list)
Warning[205] C:\USERS\TUBA\DESKTOP\YENIMM\DENEY3\DENEY3.ASM 6 : Found directive in column 1. (ORG)
Warning[203] C:\USERS\TUBA\DESKTOP\YENIMM\DENEY3\DENEY3.ASM 7 : Found opcode in column 1. (GOTO)
Warning[205] C:\USERS\TUBA\DESKTOP\YENIMM\DENEY3\DENEY3.ASM 8 : Found directive in column 1. (ORG)
Warning[203] C:\USERS\TUBA\DESKTOP\YENIMM\DENEY3\DENEY3.ASM 9 : Found opcode in column 1. (GOTO)
Warning[203] C:\USERS\TUBA\DESKTOP\YENIMM\DENEY3\DENEY3.ASM 11 : Found opcode in column 1. (BCF)
Warning[203] C:\USERS\TUBA\DESKTOP\YENIMM\DENEY3\DENEY3.ASM 12 : Found opcode in column 1. (BTFSS)
Warning[203] C:\USERS\TUBA\DESKTOP\YENIMM\DENEY3\DENEY3.ASM 13 : Found opcode in column 1. (GOTO)
Warning[203] C:\USERS\TUBA\DESKTOP\YENIMM\DENEY3\DENEY3.ASM 14 : Found opcode in column 1. (BTFSS)
Warning[203] C:\USERS\TUBA\DESKTOP\YENIMM\DENEY3\DENEY3.ASM 15 : Found opcode in column 1. (GOTO)
Warning[203] C:\USERS\TUBA\DESKTOP\YENIMM\DENEY3\DENEY3.ASM 16 : Found opcode in column 1. (RETFIE)
Warning[205] C:\USERS\TUBA\DESKTOP\YENIMM\DENEY3\DENEY3.ASM 19 : Found directive in column 1. (BANKSEL)
Warning[203] C:\USERS\TUBA\DESKTOP\YENIMM\DENEY3\DENEY3.ASM 20 : Found opcode in column 1. (MOVLW)
Warning[203] C:\USERS\TUBA\DESKTOP\YENIMM\DENEY3\DENEY3.ASM 21 : Found opcode in column 1. (MOVWF)
Warning[205] C:\USERS\TUBA\DESKTOP\YENIMM\DENEY3\DENEY3.ASM 22 : Found directive in column 1. (BANKSEL)
Warning[203] C:\USERS\TUBA\DESKTOP\YENIMM\DENEY3\DENEY3.ASM 23 : Found opcode in column 1. (MOVF)
Warning[203] C:\USERS\TUBA\DESKTOP\YENIMM\DENEY3\DENEY3.ASM 24 : Found opcode in column 1. (SUBWF)
Warning[203] C:\USERS\TUBA\DESKTOP\YENIMM\DENEY3\DENEY3.ASM 25 : Found opcode in column 1. (BTFSS)
Warning[203] C:\USERS\TUBA\DESKTOP\YENIMM\DENEY3\DENEY3.ASM 26 : Found opcode in column 1. (GOTO)
Warning[205] C:\USERS\TUBA\DESKTOP\YENIMM\DENEY3\DENEY3.ASM 27 : Found directive in column 1. (BANKSEL)
Warning[203] C:\USERS\TUBA\DESKTOP\YENIMM\DENEY3\DENEY3.ASM 28 : Found opcode in column 1. (CLRF)
Warning[203] C:\USERS\TUBA\DESKTOP\YENIMM\DENEY3\DENEY3.ASM 29 : Found opcode in column 1. (RETFIE)
Warning[205] C:\USERS\TUBA\DESKTOP\YENIMM\DENEY3\DENEY3.ASM 31 : Found directive in column 1. (BANKSEL)
Warning[203] C:\USERS\TUBA\DESKTOP\YENIMM\DENEY3\DENEY3.ASM 32 : Found opcode in column 1. (MOVF)
Warning[205] C:\USERS\TUBA\DESKTOP\YENIMM\DENEY3\DENEY3.ASM 33 : Found directive in column 1. (BANKSEL)
Warning[203] C:\USERS\TUBA\DESKTOP\YENIMM\DENEY3\DENEY3.ASM 34 : Found opcode in column 1. (ADDWF)
Warning[203] C:\USERS\TUBA\DESKTOP\YENIMM\DENEY3\DENEY3.ASM 35 : Found opcode in column 1. (RETFIE)
Warning[205] C:\USERS\TUBA\DESKTOP\YENIMM\DENEY3\DENEY3.ASM 39 : Found directive in column 1. (BANKSEL)
Warning[203] C:\USERS\TUBA\DESKTOP\YENIMM\DENEY3\DENEY3.ASM 40 : Found opcode in column 1. (BTFSC)
Warning[203] C:\USERS\TUBA\DESKTOP\YENIMM\DENEY3\DENEY3.ASM 41 : Found opcode in column 1. (GOTO)
Warning[203] C:\USERS\TUBA\DESKTOP\YENIMM\DENEY3\DENEY3.ASM 42 : Found opcode in column 1. (BTFSC)
Warning[203] C:\USERS\TUBA\DESKTOP\YENIMM\DENEY3\DENEY3.ASM 43 : Found opcode in column 1. (GOTO)
Warning[205] C:\USERS\TUBA\DESKTOP\YENIMM\DENEY3\DENEY3.ASM 44 : Found directive in column 1. (BANKSEL)
Warning[203] C:\USERS\TUBA\DESKTOP\YENIMM\DENEY3\DENEY3.ASM 45 : Found opcode in column 1. (MOVF)
Warning[205] C:\USERS\TUBA\DESKTOP\YENIMM\DENEY3\DENEY3.ASM 46 : Found directive in column 1. (BANKSEL)
Warning[203] C:\USERS\TUBA\DESKTOP\YENIMM\DENEY3\DENEY3.ASM 47 : Found opcode in column 1. (ADDWF)
Warning[203] C:\USERS\TUBA\DESKTOP\YENIMM\DENEY3\DENEY3.ASM 48 : Found opcode in column 1. (RETFIE)
Warning[205] C:\USERS\TUBA\DESKTOP\YENIMM\DENEY3\DENEY3.ASM 50 : Found directive in column 1. (BANKSEL)
Warning[203] C:\USERS\TUBA\DESKTOP\YENIMM\DENEY3\DENEY3.ASM 51 : Found opcode in column 1. (MOVF)
Warning[205] C:\USERS\TUBA\DESKTOP\YENIMM\DENEY3\DENEY3.ASM 52 : Found directive in column 1. (BANKSEL)
Warning[203] C:\USERS\TUBA\DESKTOP\YENIMM\DENEY3\DENEY3.ASM 53 : Found opcode in column 1. (SUBWF)
Warning[203] C:\USERS\TUBA\DESKTOP\YENIMM\DENEY3\DENEY3.ASM 55 : Found opcode in column 1. (RETFIE)
Warning[205] C:\USERS\TUBA\DESKTOP\YENIMM\DENEY3\DENEY3.ASM 58 : Found directive in column 1. (BANKSEL)
Warning[203] C:\USERS\TUBA\DESKTOP\YENIMM\DENEY3\DENEY3.ASM 59 : Found opcode in column 1. (MOVLW)
Warning[203] C:\USERS\TUBA\DESKTOP\YENIMM\DENEY3\DENEY3.ASM 60 : Found opcode in column 1. (MOVWF)
Message[302] C:\USERS\TUBA\DESKTOP\YENIMM\DENEY3\DENEY3.ASM 60 : Register in operand not in bank 0.  Ensure that bank bits are correct.
Warning[205] C:\USERS\TUBA\DESKTOP\YENIMM\DENEY3\DENEY3.ASM 61 : Found directive in column 1. (BANKSEL)
Warning[203] C:\USERS\TUBA\DESKTOP\YENIMM\DENEY3\DENEY3.ASM 62 : Found opcode in column 1. (CLRF)
Warning[205] C:\USERS\TUBA\DESKTOP\YENIMM\DENEY3\DENEY3.ASM 63 : Found directive in column 1. (BANKSEL)
Warning[203] C:\USERS\TUBA\DESKTOP\YENIMM\DENEY3\DENEY3.ASM 64 : Found opcode in column 1. (CLRF)
Message[302] C:\USERS\TUBA\DESKTOP\YENIMM\DENEY3\DENEY3.ASM 64 : Register in operand not in bank 0.  Ensure that bank bits are correct.
Warning[205] C:\USERS\TUBA\DESKTOP\YENIMM\DENEY3\DENEY3.ASM 65 : Found directive in column 1. (BANKSEL)
Warning[203] C:\USERS\TUBA\DESKTOP\YENIMM\DENEY3\DENEY3.ASM 66 : Found opcode in column 1. (CLRF)
Warning[205] C:\USERS\TUBA\DESKTOP\YENIMM\DENEY3\DENEY3.ASM 68 : Found directive in column 1. (BANKSEL)
Warning[203] C:\USERS\TUBA\DESKTOP\YENIMM\DENEY3\DENEY3.ASM 69 : Found opcode in column 1. (MOVLW)
Warning[203] C:\USERS\TUBA\DESKTOP\YENIMM\DENEY3\DENEY3.ASM 70 : Found opcode in column 1. (MOVWF)
Warning[203] C:\USERS\TUBA\DESKTOP\YENIMM\DENEY3\DENEY3.ASM 71 : Found opcode in column 1. (BSF)
Message[302] C:\USERS\TUBA\DESKTOP\YENIMM\DENEY3\DENEY3.ASM 71 : Register in operand not in bank 0.  Ensure that bank bits are correct.
Warning[205] C:\USERS\TUBA\DESKTOP\YENIMM\DENEY3\DENEY3.ASM 73 : Found directive in column 1. (BANKSEL)
Warning[203] C:\USERS\TUBA\DESKTOP\YENIMM\DENEY3\DENEY3.ASM 74 : Found opcode in column 1. (MOVLW)
Warning[203] C:\USERS\TUBA\DESKTOP\YENIMM\DENEY3\DENEY3.ASM 75 : Found opcode in column 1. (MOVWF)
Warning[205] C:\USERS\TUBA\DESKTOP\YENIMM\DENEY3\DENEY3.ASM 76 : Found directive in column 1. (BANKSEL)
Warning[203] C:\USERS\TUBA\DESKTOP\YENIMM\DENEY3\DENEY3.ASM 77 : Found opcode in column 1. (MOVLW)
Warning[203] C:\USERS\TUBA\DESKTOP\YENIMM\DENEY3\DENEY3.ASM 78 : Found opcode in column 1. (MOVWF)
Message[302] C:\USERS\TUBA\DESKTOP\YENIMM\DENEY3\DENEY3.ASM 78 : Register in operand not in bank 0.  Ensure that bank bits are correct.
Warning[205] C:\USERS\TUBA\DESKTOP\YENIMM\DENEY3\DENEY3.ASM 79 : Found directive in column 1. (BANKSEL)
Warning[203] C:\USERS\TUBA\DESKTOP\YENIMM\DENEY3\DENEY3.ASM 80 : Found opcode in column 1. (MOVLW)
Warning[203] C:\USERS\TUBA\DESKTOP\YENIMM\DENEY3\DENEY3.ASM 81 : Found opcode in column 1. (MOVWF)
Warning[205] C:\USERS\TUBA\DESKTOP\YENIMM\DENEY3\DENEY3.ASM 82 : Found directive in column 1. (BANKSEL)
Warning[203] C:\USERS\TUBA\DESKTOP\YENIMM\DENEY3\DENEY3.ASM 83 : Found opcode in column 1. (MOVLW)
Warning[203] C:\USERS\TUBA\DESKTOP\YENIMM\DENEY3\DENEY3.ASM 84 : Found opcode in column 1. (MOVWF)
Warning[205] C:\USERS\TUBA\DESKTOP\YENIMM\DENEY3\DENEY3.ASM 85 : Found directive in column 1. (BANKSEL)
Warning[203] C:\USERS\TUBA\DESKTOP\YENIMM\DENEY3\DENEY3.ASM 86 : Found opcode in column 1. (MOVLW)
Warning[203] C:\USERS\TUBA\DESKTOP\YENIMM\DENEY3\DENEY3.ASM 87 : Found opcode in column 1. (MOVWF)
Warning[203] C:\USERS\TUBA\DESKTOP\YENIMM\DENEY3\DENEY3.ASM 92 : Found opcode in column 1. (GOTO)
Warning[205] C:\USERS\TUBA\DESKTOP\YENIMM\DENEY3\DENEY3.ASM 93 : Found directive in column 1. (END)
