Warning[205] C:\USERS\TUBA\DESKTOP\YENIMM\DENEY3\UNTITLED.ASM 1 : Found directive in column 1. (list)
Warning[205] C:\USERS\TUBA\DESKTOP\YENIMM\DENEY3\UNTITLED.ASM 11 : Found directive in column 1. (ORG)
Warning[203] C:\USERS\TUBA\DESKTOP\YENIMM\DENEY3\UNTITLED.ASM 12 : Found opcode in column 1. (GOTO)
Warning[205] C:\USERS\TUBA\DESKTOP\YENIMM\DENEY3\UNTITLED.ASM 13 : Found directive in column 1. (ORG)
Warning[203] C:\USERS\TUBA\DESKTOP\YENIMM\DENEY3\UNTITLED.ASM 15 : Found opcode in column 1. (BTFSS)
Warning[203] C:\USERS\TUBA\DESKTOP\YENIMM\DENEY3\UNTITLED.ASM 16 : Found opcode in column 1. (RETFIE)
Warning[203] C:\USERS\TUBA\DESKTOP\YENIMM\DENEY3\UNTITLED.ASM 17 : Found opcode in column 1. (BCF)
Warning[203] C:\USERS\TUBA\DESKTOP\YENIMM\DENEY3\UNTITLED.ASM 18 : Found opcode in column 1. (BTFSS)
Warning[203] C:\USERS\TUBA\DESKTOP\YENIMM\DENEY3\UNTITLED.ASM 19 : Found opcode in column 1. (GOTO)
Warning[203] C:\USERS\TUBA\DESKTOP\YENIMM\DENEY3\UNTITLED.ASM 20 : Found opcode in column 1. (BTFSS)
Warning[203] C:\USERS\TUBA\DESKTOP\YENIMM\DENEY3\UNTITLED.ASM 21 : Found opcode in column 1. (GOTO)
Warning[203] C:\USERS\TUBA\DESKTOP\YENIMM\DENEY3\UNTITLED.ASM 22 : Found opcode in column 1. (RETFIE)
Warning[205] C:\USERS\TUBA\DESKTOP\YENIMM\DENEY3\UNTITLED.ASM 26 : Found directive in column 1. (BANKSEL)
Warning[203] C:\USERS\TUBA\DESKTOP\YENIMM\DENEY3\UNTITLED.ASM 27 : Found opcode in column 1. (MOVLW)
Warning[203] C:\USERS\TUBA\DESKTOP\YENIMM\DENEY3\UNTITLED.ASM 28 : Found opcode in column 1. (SUBWF)
Warning[203] C:\USERS\TUBA\DESKTOP\YENIMM\DENEY3\UNTITLED.ASM 29 : Found opcode in column 1. (BTFSS)
Warning[203] C:\USERS\TUBA\DESKTOP\YENIMM\DENEY3\UNTITLED.ASM 30 : Found opcode in column 1. (INCF)
Warning[203] C:\USERS\TUBA\DESKTOP\YENIMM\DENEY3\UNTITLED.ASM 31 : Found opcode in column 1. (MOVLW)
Warning[203] C:\USERS\TUBA\DESKTOP\YENIMM\DENEY3\UNTITLED.ASM 32 : Found opcode in column 1. (MOVWF)
Warning[203] C:\USERS\TUBA\DESKTOP\YENIMM\DENEY3\UNTITLED.ASM 33 : Found opcode in column 1. (CALL)
Warning[203] C:\USERS\TUBA\DESKTOP\YENIMM\DENEY3\UNTITLED.ASM 34 : Found opcode in column 1. (CALL)
Warning[203] C:\USERS\TUBA\DESKTOP\YENIMM\DENEY3\UNTITLED.ASM 35 : Found opcode in column 1. (RETFIE)
Warning[205] C:\USERS\TUBA\DESKTOP\YENIMM\DENEY3\UNTITLED.ASM 37 : Found directive in column 1. (BANKSEL)
Warning[203] C:\USERS\TUBA\DESKTOP\YENIMM\DENEY3\UNTITLED.ASM 38 : Found opcode in column 1. (MOVF)
Warning[203] C:\USERS\TUBA\DESKTOP\YENIMM\DENEY3\UNTITLED.ASM 39 : Found opcode in column 1. (SUBLW)
Warning[203] C:\USERS\TUBA\DESKTOP\YENIMM\DENEY3\UNTITLED.ASM 40 : Found opcode in column 1. (BTFSS)
Warning[203] C:\USERS\TUBA\DESKTOP\YENIMM\DENEY3\UNTITLED.ASM 41 : Found opcode in column 1. (DECF)
Warning[203] C:\USERS\TUBA\DESKTOP\YENIMM\DENEY3\UNTITLED.ASM 42 : Found opcode in column 1. (MOVLW)
Warning[203] C:\USERS\TUBA\DESKTOP\YENIMM\DENEY3\UNTITLED.ASM 43 : Found opcode in column 1. (MOVWF)
Warning[203] C:\USERS\TUBA\DESKTOP\YENIMM\DENEY3\UNTITLED.ASM 44 : Found opcode in column 1. (CALL)
Warning[203] C:\USERS\TUBA\DESKTOP\YENIMM\DENEY3\UNTITLED.ASM 45 : Found opcode in column 1. (CALL)
Warning[203] C:\USERS\TUBA\DESKTOP\YENIMM\DENEY3\UNTITLED.ASM 46 : Found opcode in column 1. (RETFIE)
Warning[203] C:\USERS\TUBA\DESKTOP\YENIMM\DENEY3\UNTITLED.ASM 50 : Found opcode in column 1. (movlw)
Warning[205] C:\USERS\TUBA\DESKTOP\YENIMM\DENEY3\UNTITLED.ASM 73 : Found directive in column 1. (BANKSEL)
Warning[203] C:\USERS\TUBA\DESKTOP\YENIMM\DENEY3\UNTITLED.ASM 74 : Found opcode in column 1. (CLRF)
Warning[205] C:\USERS\TUBA\DESKTOP\YENIMM\DENEY3\UNTITLED.ASM 75 : Found directive in column 1. (BANKSEL)
Warning[203] C:\USERS\TUBA\DESKTOP\YENIMM\DENEY3\UNTITLED.ASM 76 : Found opcode in column 1. (MOVLW)
Warning[203] C:\USERS\TUBA\DESKTOP\YENIMM\DENEY3\UNTITLED.ASM 77 : Found opcode in column 1. (MOVWF)
Message[302] C:\USERS\TUBA\DESKTOP\YENIMM\DENEY3\UNTITLED.ASM 77 : Register in operand not in bank 0.  Ensure that bank bits are correct.
Warning[205] C:\USERS\TUBA\DESKTOP\YENIMM\DENEY3\UNTITLED.ASM 78 : Found directive in column 1. (BANKSEL)
Warning[203] C:\USERS\TUBA\DESKTOP\YENIMM\DENEY3\UNTITLED.ASM 79 : Found opcode in column 1. (BCF)
Message[302] C:\USERS\TUBA\DESKTOP\YENIMM\DENEY3\UNTITLED.ASM 79 : Register in operand not in bank 0.  Ensure that bank bits are correct.
Warning[205] C:\USERS\TUBA\DESKTOP\YENIMM\DENEY3\UNTITLED.ASM 80 : Found directive in column 1. (BANKSEL)
Warning[203] C:\USERS\TUBA\DESKTOP\YENIMM\DENEY3\UNTITLED.ASM 81 : Found opcode in column 1. (MOVLW)
Warning[203] C:\USERS\TUBA\DESKTOP\YENIMM\DENEY3\UNTITLED.ASM 82 : Found opcode in column 1. (MOVWF)
Warning[205] C:\USERS\TUBA\DESKTOP\YENIMM\DENEY3\UNTITLED.ASM 83 : Found directive in column 1. (BANKSEL)
Warning[203] C:\USERS\TUBA\DESKTOP\YENIMM\DENEY3\UNTITLED.ASM 84 : Found opcode in column 1. (MOVLW)
Warning[203] C:\USERS\TUBA\DESKTOP\YENIMM\DENEY3\UNTITLED.ASM 85 : Found opcode in column 1. (MOVWF)
Warning[205] C:\USERS\TUBA\DESKTOP\YENIMM\DENEY3\UNTITLED.ASM 86 : Found directive in column 1. (BANKSEL)
Warning[203] C:\USERS\TUBA\DESKTOP\YENIMM\DENEY3\UNTITLED.ASM 87 : Found opcode in column 1. (MOVLW)
Warning[203] C:\USERS\TUBA\DESKTOP\YENIMM\DENEY3\UNTITLED.ASM 88 : Found opcode in column 1. (MOVWF)
Warning[205] C:\USERS\TUBA\DESKTOP\YENIMM\DENEY3\UNTITLED.ASM 89 : Found directive in column 1. (BANKSEL)
Warning[203] C:\USERS\TUBA\DESKTOP\YENIMM\DENEY3\UNTITLED.ASM 90 : Found opcode in column 1. (CLRF)
Warning[205] C:\USERS\TUBA\DESKTOP\YENIMM\DENEY3\UNTITLED.ASM 91 : Found directive in column 1. (BANKSEL)
Warning[203] C:\USERS\TUBA\DESKTOP\YENIMM\DENEY3\UNTITLED.ASM 92 : Found opcode in column 1. (MOVLW)
Warning[203] C:\USERS\TUBA\DESKTOP\YENIMM\DENEY3\UNTITLED.ASM 93 : Found opcode in column 1. (MOVWF)
Message[302] C:\USERS\TUBA\DESKTOP\YENIMM\DENEY3\UNTITLED.ASM 93 : Register in operand not in bank 0.  Ensure that bank bits are correct.
Warning[205] C:\USERS\TUBA\DESKTOP\YENIMM\DENEY3\UNTITLED.ASM 94 : Found directive in column 1. (BANKSEL)
Warning[203] C:\USERS\TUBA\DESKTOP\YENIMM\DENEY3\UNTITLED.ASM 95 : Found opcode in column 1. (MOVLW)
Warning[203] C:\USERS\TUBA\DESKTOP\YENIMM\DENEY3\UNTITLED.ASM 96 : Found opcode in column 1. (MOVWF)
Warning[205] C:\USERS\TUBA\DESKTOP\YENIMM\DENEY3\UNTITLED.ASM 97 : Found directive in column 1. (BANKSEL)
Warning[203] C:\USERS\TUBA\DESKTOP\YENIMM\DENEY3\UNTITLED.ASM 98 : Found opcode in column 1. (CLRF)
Warning[203] C:\USERS\TUBA\DESKTOP\YENIMM\DENEY3\UNTITLED.ASM 99 : Found opcode in column 1. (CLRF)
Warning[203] C:\USERS\TUBA\DESKTOP\YENIMM\DENEY3\UNTITLED.ASM 100 : Found opcode in column 1. (CALL)
Warning[203] C:\USERS\TUBA\DESKTOP\YENIMM\DENEY3\UNTITLED.ASM 103 : Found opcode in column 1. (GOTO)
Warning[205] C:\USERS\TUBA\DESKTOP\YENIMM\DENEY3\UNTITLED.ASM 106 : Found directive in column 1. (BANKSEL)
Warning[203] C:\USERS\TUBA\DESKTOP\YENIMM\DENEY3\UNTITLED.ASM 107 : Found opcode in column 1. (MOVF)
Warning[203] C:\USERS\TUBA\DESKTOP\YENIMM\DENEY3\UNTITLED.ASM 108 : Found opcode in column 1. (ANDLW)
Warning[203] C:\USERS\TUBA\DESKTOP\YENIMM\DENEY3\UNTITLED.ASM 109 : Found opcode in column 1. (MOVWF)
Warning[203] C:\USERS\TUBA\DESKTOP\YENIMM\DENEY3\UNTITLED.ASM 110 : Found opcode in column 1. (SWAPF)
Warning[203] C:\USERS\TUBA\DESKTOP\YENIMM\DENEY3\UNTITLED.ASM 111 : Found opcode in column 1. (ANDLW)
Warning[203] C:\USERS\TUBA\DESKTOP\YENIMM\DENEY3\UNTITLED.ASM 112 : Found opcode in column 1. (IORLW)
Warning[205] C:\USERS\TUBA\DESKTOP\YENIMM\DENEY3\UNTITLED.ASM 113 : Found directive in column 1. (BANKSEL)
Warning[203] C:\USERS\TUBA\DESKTOP\YENIMM\DENEY3\UNTITLED.ASM 114 : Found opcode in column 1. (MOVWF)
Warning[205] C:\USERS\TUBA\DESKTOP\YENIMM\DENEY3\UNTITLED.ASM 116 : Found directive in column 1. (BANKSEL)
Warning[203] C:\USERS\TUBA\DESKTOP\YENIMM\DENEY3\UNTITLED.ASM 117 : Found opcode in column 1. (MOVF)
Warning[203] C:\USERS\TUBA\DESKTOP\YENIMM\DENEY3\UNTITLED.ASM 118 : Found opcode in column 1. (MOVWF)
Warning[203] C:\USERS\TUBA\DESKTOP\YENIMM\DENEY3\UNTITLED.ASM 119 : Found opcode in column 1. (RRF)
Warning[203] C:\USERS\TUBA\DESKTOP\YENIMM\DENEY3\UNTITLED.ASM 120 : Found opcode in column 1. (RRF)
Warning[203] C:\USERS\TUBA\DESKTOP\YENIMM\DENEY3\UNTITLED.ASM 121 : Found opcode in column 1. (ANDLW)
Warning[205] C:\USERS\TUBA\DESKTOP\YENIMM\DENEY3\UNTITLED.ASM 122 : Found directive in column 1. (BANKSEL)
Warning[203] C:\USERS\TUBA\DESKTOP\YENIMM\DENEY3\UNTITLED.ASM 123 : Found opcode in column 1. (MOVWF)
Warning[203] C:\USERS\TUBA\DESKTOP\YENIMM\DENEY3\UNTITLED.ASM 124 : Found opcode in column 1. (RETURN)
Warning[205] C:\USERS\TUBA\DESKTOP\YENIMM\DENEY3\UNTITLED.ASM 131 : Found directive in column 1. (END)
