MPASM  5.42                      UNTITLED.ASM   11-2-2012  16:24:41         PAGE  1


LOC  OBJECT CODE     LINE SOURCE TEXT
  VALUE

Warning[205]: Found directive in column 1. (list)
                      00001 list p=16F877A
                      00002 #include<p16F877A.inc>
                      00001         LIST
                      00002 
                      00003 ;==========================================================================
                      00004 ;  MPASM PIC16F877A processor include
                      00005 ; 
                      00006 ;  (c) Copyright 1999-2011 Microchip Technology, All rights reserved
                      00007 ;==========================================================================
                      00008 
                      00555         LIST
  00000023            00003 SAYAC1 EQU 0x23
  00000021            00004 TEMP EQU 0x21
  00000022            00005 PWMSET EQU 0x22
  00000024            00006 SAYAC2 equ 0X24
                      00007 
                      00008 
                      00009 
                      00010 
Warning[205]: Found directive in column 1. (ORG)
0000                  00011 ORG 0
Warning[203]: Found opcode in column 1. (GOTO)
0000   2831           00012 GOTO ANA
Warning[205]: Found directive in column 1. (ORG)
0004                  00013 ORG 4
0004                  00014 KESME
Warning[203]: Found opcode in column 1. (BTFSS)
0004   1C0B           00015 BTFSS INTCON,0
Warning[203]: Found opcode in column 1. (RETFIE)
0005   0009           00016 RETFIE
Warning[203]: Found opcode in column 1. (BCF)
0006   100B           00017 BCF INTCON,0
Warning[203]: Found opcode in column 1. (BTFSS)
0007   1F06           00018 BTFSS PORTB,6
Warning[203]: Found opcode in column 1. (GOTO)
0008   280C           00019 GOTO ARTIR
Warning[203]: Found opcode in column 1. (BTFSS)
0009   1F86           00020 BTFSS PORTB,7
Warning[203]: Found opcode in column 1. (GOTO)
000A   2817           00021 GOTO AZALT
Warning[203]: Found opcode in column 1. (RETFIE)
000B   0009           00022 RETFIE
                      00023 
                      00024 
000C                  00025 ARTIR
Warning[205]: Found directive in column 1. (BANKSEL)
000C   1283 1303      00026 BANKSEL PWMSET
Warning[203]: Found opcode in column 1. (MOVLW)
000E   3064           00027 MOVLW .100
Warning[203]: Found opcode in column 1. (SUBWF)
000F   0222           00028 SUBWF PWMSET,W
Warning[203]: Found opcode in column 1. (BTFSS)
MPASM  5.42                      UNTITLED.ASM   11-2-2012  16:24:41         PAGE  2


LOC  OBJECT CODE     LINE SOURCE TEXT
  VALUE

0010   1C03           00029 BTFSS STATUS,C
Warning[203]: Found opcode in column 1. (INCF)
0011   0AA2           00030 INCF PWMSET,1
Warning[203]: Found opcode in column 1. (MOVLW)
0012   30FF           00031 MOVLW .255
Warning[203]: Found opcode in column 1. (MOVWF)
0013   00A3           00032 MOVWF SAYAC1
Warning[203]: Found opcode in column 1. (CALL)
0014   2022           00033 CALL GECIK
Warning[203]: Found opcode in column 1. (CALL)
0015   2058           00034 CALL PWMYAP
Warning[203]: Found opcode in column 1. (RETFIE)
0016   0009           00035 RETFIE
0017                  00036 AZALT
Warning[205]: Found directive in column 1. (BANKSEL)
0017   1283 1303      00037 BANKSEL PWMSET
Warning[203]: Found opcode in column 1. (MOVF)
0019   0822           00038 MOVF PWMSET,0
Warning[203]: Found opcode in column 1. (SUBLW)
001A   3C00           00039 SUBLW .0
Warning[203]: Found opcode in column 1. (BTFSS)
001B   1C03           00040 BTFSS STATUS,C
Warning[203]: Found opcode in column 1. (DECF)
001C   03A2           00041 DECF PWMSET,1
Warning[203]: Found opcode in column 1. (MOVLW)
001D   30FF           00042 MOVLW .255
Warning[203]: Found opcode in column 1. (MOVWF)
001E   00A3           00043 MOVWF SAYAC1
Warning[203]: Found opcode in column 1. (CALL)
001F   2022           00044 CALL GECIK
Warning[203]: Found opcode in column 1. (CALL)
0020   2058           00045 CALL PWMYAP
Warning[203]: Found opcode in column 1. (RETFIE)
0021   0009           00046 RETFIE
                      00047 
0022                  00048 GECIK
                      00049 
Warning[203]: Found opcode in column 1. (movlw)
0022   30FF           00050 movlw 0xFF                        ; workinge 255 deðeri veriliyor
0023   00A4           00051         movwf SAYAC2                      ; Sayac2 = 255 yapýlýyor 
0024   0BA3           00052         decfsz SAYAC1,1                   ; Sayac1 den 1 çýkarýlýyor ve sonuc Sayac1 re yazýlýyor. Sayac
                            1 0 olursa 1 Komut atlar
0025   2827           00053         goto Gecikme_Dongusu              ; Sayac1 0 olmamýþsa Gecikme_Dongusu alt programýna dallanýyor
0026   0008           00054         return                            ; Sayac1 0 olduysa çaðrýldýðý yere geri dönüyor.
                      00055 
0027                  00056 Gecikme_Dongusu                       ; Bu döngüde 8 normal komut 1 dallanma komutu toplamda 10 komut ve
                             255 döngü ile toplamda =2550 komut icra eder
0027   0000           00057         nop
0028   0000           00058         nop
0029   0000           00059         nop
002A   0000           00060         nop
002B   0000           00061         nop
002C   0000           00062         nop
MPASM  5.42                      UNTITLED.ASM   11-2-2012  16:24:41         PAGE  3


LOC  OBJECT CODE     LINE SOURCE TEXT
  VALUE

002D   0000           00063         nop
002E   0BA4           00064         decfsz SAYAC2,1                   ; Sayac2 den 1 çýkarýlýyor ve sonuc Sayac2 ye yazýlýyor Sayac2
                             0 olursa 1 komut atlar
002F   2827           00065         goto Gecikme_Dongusu              ; Sayac2 0 olmadýysa Gecikme_Dongusune dallanýyor.
0030   2822           00066         goto GECIK  
                      00067 
                      00068 
                      00069 
                      00070 
                      00071 
0031                  00072 ANA
Warning[205]: Found directive in column 1. (BANKSEL)
0031   1283 1303      00073 BANKSEL PORTB
Warning[203]: Found opcode in column 1. (CLRF)
0033   0186           00074 CLRF PORTB
Warning[205]: Found directive in column 1. (BANKSEL)
0034   1683 1303      00075 BANKSEL TRISB
Warning[203]: Found opcode in column 1. (MOVLW)
0036   30F0           00076 MOVLW h'F0'
Warning[203]: Found opcode in column 1. (MOVWF)
Message[302]: Register in operand not in bank 0.  Ensure that bank bits are correct.
0037   0086           00077 MOVWF TRISB
Warning[205]: Found directive in column 1. (BANKSEL)
0038   1683 1303      00078 BANKSEL TRISC
Warning[203]: Found opcode in column 1. (BCF)
Message[302]: Register in operand not in bank 0.  Ensure that bank bits are correct.
003A   1107           00079 BCF TRISC,2
Warning[205]: Found directive in column 1. (BANKSEL)
003B   1283 1303      00080 BANKSEL INTCON
Warning[203]: Found opcode in column 1. (MOVLW)
003D   3088           00081 MOVLW b'10001000'
Warning[203]: Found opcode in column 1. (MOVWF)
003E   008B           00082 MOVWF INTCON
Warning[205]: Found directive in column 1. (BANKSEL)
003F   1283 1303      00083 BANKSEL T2CON
Warning[203]: Found opcode in column 1. (MOVLW)
0041   3006           00084 MOVLW b'00000110'
Warning[203]: Found opcode in column 1. (MOVWF)
0042   0092           00085 MOVWF T2CON
Warning[205]: Found directive in column 1. (BANKSEL)
0043   1283 1303      00086 BANKSEL CCP1CON
Warning[203]: Found opcode in column 1. (MOVLW)
0045   300C           00087 MOVLW b'00001100'
Warning[203]: Found opcode in column 1. (MOVWF)
0046   0097           00088 MOVWF CCP1CON
Warning[205]: Found directive in column 1. (BANKSEL)
0047   1283 1303      00089 BANKSEL CCPR1L
Warning[203]: Found opcode in column 1. (CLRF)
0049   0195           00090 CLRF CCPR1L
Warning[205]: Found directive in column 1. (BANKSEL)
004A   1683 1303      00091 BANKSEL PR2
Warning[203]: Found opcode in column 1. (MOVLW)
004C   3018           00092 MOVLW .24
MPASM  5.42                      UNTITLED.ASM   11-2-2012  16:24:41         PAGE  4


LOC  OBJECT CODE     LINE SOURCE TEXT
  VALUE

Warning[203]: Found opcode in column 1. (MOVWF)
Message[302]: Register in operand not in bank 0.  Ensure that bank bits are correct.
004D   0092           00093 MOVWF PR2
Warning[205]: Found directive in column 1. (BANKSEL)
004E   1283 1303      00094 BANKSEL PWMSET
Warning[203]: Found opcode in column 1. (MOVLW)
0050   3032           00095 MOVLW .50
Warning[203]: Found opcode in column 1. (MOVWF)
0051   00A2           00096 MOVWF PWMSET
Warning[205]: Found directive in column 1. (BANKSEL)
0052   1283 1303      00097 BANKSEL SAYAC1
Warning[203]: Found opcode in column 1. (CLRF)
0054   01A3           00098 CLRF SAYAC1
Warning[203]: Found opcode in column 1. (CLRF)
0055   01A4           00099 CLRF SAYAC2
Warning[203]: Found opcode in column 1. (CALL)
0056   2058           00100 CALL PWMYAP
                      00101 
0057                  00102 DONGU
Warning[203]: Found opcode in column 1. (GOTO)
0057   2857           00103 GOTO DONGU
                      00104 
0058                  00105 PWMYAP
Warning[205]: Found directive in column 1. (BANKSEL)
0058   1283 1303      00106 BANKSEL PWMSET
Warning[203]: Found opcode in column 1. (MOVF)
005A   0822           00107 MOVF PWMSET,0
Warning[203]: Found opcode in column 1. (ANDLW)
005B   3903           00108 ANDLW .3
Warning[203]: Found opcode in column 1. (MOVWF)
005C   00A1           00109 MOVWF TEMP
Warning[203]: Found opcode in column 1. (SWAPF)
005D   0E21           00110 SWAPF TEMP,0
Warning[203]: Found opcode in column 1. (ANDLW)
005E   39F0           00111 ANDLW 0xF0
Warning[203]: Found opcode in column 1. (IORLW)
005F   380C           00112 IORLW 0x0C
Warning[205]: Found directive in column 1. (BANKSEL)
0060   1283 1303      00113 BANKSEL CCP1CON
Warning[203]: Found opcode in column 1. (MOVWF)
0062   0097           00114 MOVWF CCP1CON
                      00115 
Warning[205]: Found directive in column 1. (BANKSEL)
0063   1283 1303      00116 BANKSEL PWMSET
Warning[203]: Found opcode in column 1. (MOVF)
0065   0822           00117 MOVF PWMSET,0
Warning[203]: Found opcode in column 1. (MOVWF)
0066   00A1           00118 MOVWF TEMP
Warning[203]: Found opcode in column 1. (RRF)
0067   0CA1           00119 RRF TEMP,1
Warning[203]: Found opcode in column 1. (RRF)
0068   0C21           00120 RRF TEMP,0
Warning[203]: Found opcode in column 1. (ANDLW)
MPASM  5.42                      UNTITLED.ASM   11-2-2012  16:24:41         PAGE  5


LOC  OBJECT CODE     LINE SOURCE TEXT
  VALUE

0069   393F           00121 ANDLW 0x3F
Warning[205]: Found directive in column 1. (BANKSEL)
006A   1283 1303      00122 BANKSEL CCPR1L
Warning[203]: Found opcode in column 1. (MOVWF)
006C   0095           00123 MOVWF CCPR1L
Warning[203]: Found opcode in column 1. (RETURN)
006D   0008           00124 RETURN
                      00125 
                      00126      
                      00127 
                      00128  
                      00129 
                      00130 
Warning[205]: Found directive in column 1. (END)
                      00131 END
MPASM  5.42                      UNTITLED.ASM   11-2-2012  16:24:41         PAGE  6


SYMBOL TABLE
  LABEL                             VALUE 

ACKDT                             00000005
ACKEN                             00000004
ACKSTAT                           00000006
ADCON0                            0000001F
ADCON1                            0000009F
ADCS0                             00000006
ADCS1                             00000007
ADCS2                             00000006
ADDEN                             00000003
ADFM                              00000007
ADIE                              00000006
ADIF                              00000006
ADON                              00000000
ADRESH                            0000001E
ADRESL                            0000009E
ANA                               00000031
ARTIR                             0000000C
AZALT                             00000017
BCLIE                             00000003
BCLIF                             00000003
BF                                00000000
BRGH                              00000002
C                                 00000000
C1INV                             00000004
C1OUT                             00000006
C2INV                             00000005
C2OUT                             00000007
CCP1CON                           00000017
CCP1IE                            00000002
CCP1IF                            00000002
CCP1M0                            00000000
CCP1M1                            00000001
CCP1M2                            00000002
CCP1M3                            00000003
CCP1X                             00000005
CCP1Y                             00000004
CCP2CON                           0000001D
CCP2IE                            00000000
CCP2IF                            00000000
CCP2M0                            00000000
CCP2M1                            00000001
CCP2M2                            00000002
CCP2M3                            00000003
CCP2X                             00000005
CCP2Y                             00000004
CCPR1                             00000015
CCPR1H                            00000016
CCPR1L                            00000015
CCPR2                             0000001B
CCPR2H                            0000001C
CCPR2L                            0000001B
CHS0                              00000003
CHS1                              00000004
MPASM  5.42                      UNTITLED.ASM   11-2-2012  16:24:41         PAGE  7


SYMBOL TABLE
  LABEL                             VALUE 

CHS2                              00000005
CIS                               00000003
CKE                               00000006
CKP                               00000004
CM0                               00000000
CM1                               00000001
CM2                               00000002
CMCON                             0000009C
CMIE                              00000006
CMIF                              00000006
CREN                              00000004
CSRC                              00000007
CVR0                              00000000
CVR1                              00000001
CVR2                              00000002
CVR3                              00000003
CVRCON                            0000009D
CVREN                             00000007
CVROE                             00000006
CVRR                              00000005
D                                 00000005
DATA_ADDRESS                      00000005
DC                                00000001
DONGU                             00000057
D_A                               00000005
D_NOT_A                           00000005
EEADR                             0000010D
EEADRH                            0000010F
EECON1                            0000018C
EECON2                            0000018D
EEDATA                            0000010C
EEDATH                            0000010E
EEIE                              00000004
EEIF                              00000004
EEPGD                             00000007
F                                 00000001
FERR                              00000002
FSR                               00000004
GCEN                              00000007
GECIK                             00000022
GIE                               00000007
GO                                00000002
GO_DONE                           00000002
GO_NOT_DONE                       00000002
Gecikme_Dongusu                   00000027
I2C_DATA                          00000005
I2C_READ                          00000002
I2C_START                         00000003
I2C_STOP                          00000004
IBF                               00000007
IBOV                              00000005
INDF                              00000000
INTCON                            0000000B
MPASM  5.42                      UNTITLED.ASM   11-2-2012  16:24:41         PAGE  8


SYMBOL TABLE
  LABEL                             VALUE 

INTE                              00000004
INTEDG                            00000006
INTF                              00000001
IRP                               00000007
KESME                             00000004
NOT_A                             00000005
NOT_ADDRESS                       00000005
NOT_BO                            00000000
NOT_BOR                           00000000
NOT_DONE                          00000002
NOT_PD                            00000003
NOT_POR                           00000001
NOT_RBPU                          00000007
NOT_RC8                           00000006
NOT_T1SYNC                        00000002
NOT_TO                            00000004
NOT_TX8                           00000006
NOT_W                             00000002
NOT_WRITE                         00000002
OBF                               00000006
OERR                              00000001
OPTION_REG                        00000081
P                                 00000004
PCFG0                             00000000
PCFG1                             00000001
PCFG2                             00000002
PCFG3                             00000003
PCL                               00000002
PCLATH                            0000000A
PCON                              0000008E
PEIE                              00000006
PEN                               00000002
PIE1                              0000008C
PIE2                              0000008D
PIR1                              0000000C
PIR2                              0000000D
PORTA                             00000005
PORTB                             00000006
PORTC                             00000007
PORTD                             00000008
PORTE                             00000009
PR2                               00000092
PS0                               00000000
PS1                               00000001
PS2                               00000002
PSA                               00000003
PSPIE                             00000007
PSPIF                             00000007
PSPMODE                           00000004
PWMSET                            00000022
PWMYAP                            00000058
R                                 00000002
RA0                               00000000
MPASM  5.42                      UNTITLED.ASM   11-2-2012  16:24:41         PAGE  9


SYMBOL TABLE
  LABEL                             VALUE 

RA1                               00000001
RA2                               00000002
RA3                               00000003
RA4                               00000004
RA5                               00000005
RB0                               00000000
RB1                               00000001
RB2                               00000002
RB3                               00000003
RB4                               00000004
RB5                               00000005
RB6                               00000006
RB7                               00000007
RBIE                              00000003
RBIF                              00000000
RC0                               00000000
RC1                               00000001
RC2                               00000002
RC3                               00000003
RC4                               00000004
RC5                               00000005
RC6                               00000006
RC7                               00000007
RC8_9                             00000006
RC9                               00000006
RCD8                              00000000
RCEN                              00000003
RCIE                              00000005
RCIF                              00000005
RCREG                             0000001A
RCSTA                             00000018
RD                                00000000
RD0                               00000000
RD1                               00000001
RD2                               00000002
RD3                               00000003
RD4                               00000004
RD5                               00000005
RD6                               00000006
RD7                               00000007
RE0                               00000000
RE1                               00000001
RE2                               00000002
READ_WRITE                        00000002
RP0                               00000005
RP1                               00000006
RSEN                              00000001
RX9                               00000006
RX9D                              00000000
R_NOT_W                           00000002
R_W                               00000002
S                                 00000003
SAYAC1                            00000023
MPASM  5.42                      UNTITLED.ASM   11-2-2012  16:24:41         PAGE 10


SYMBOL TABLE
  LABEL                             VALUE 

SAYAC2                            00000024
SEN                               00000000
SMP                               00000007
SPBRG                             00000099
SPEN                              00000007
SREN                              00000005
SSPADD                            00000093
SSPBUF                            00000013
SSPCON                            00000014
SSPCON2                           00000091
SSPEN                             00000005
SSPIE                             00000003
SSPIF                             00000003
SSPM0                             00000000
SSPM1                             00000001
SSPM2                             00000002
SSPM3                             00000003
SSPOV                             00000006
SSPSTAT                           00000094
STATUS                            00000003
SYNC                              00000004
T0CS                              00000005
T0IE                              00000005
T0IF                              00000002
T0SE                              00000004
T1CKPS0                           00000004
T1CKPS1                           00000005
T1CON                             00000010
T1INSYNC                          00000002
T1OSCEN                           00000003
T1SYNC                            00000002
T2CKPS0                           00000000
T2CKPS1                           00000001
T2CON                             00000012
TEMP                              00000021
TMR0                              00000001
TMR0IE                            00000005
TMR0IF                            00000002
TMR1CS                            00000001
TMR1H                             0000000F
TMR1IE                            00000000
TMR1IF                            00000000
TMR1L                             0000000E
TMR1ON                            00000000
TMR2                              00000011
TMR2IE                            00000001
TMR2IF                            00000001
TMR2ON                            00000002
TOUTPS0                           00000003
TOUTPS1                           00000004
TOUTPS2                           00000005
TOUTPS3                           00000006
TRISA                             00000085
MPASM  5.42                      UNTITLED.ASM   11-2-2012  16:24:41         PAGE 11


SYMBOL TABLE
  LABEL                             VALUE 

TRISA0                            00000000
TRISA1                            00000001
TRISA2                            00000002
TRISA3                            00000003
TRISA4                            00000004
TRISA5                            00000005
TRISB                             00000086
TRISB0                            00000000
TRISB1                            00000001
TRISB2                            00000002
TRISB3                            00000003
TRISB4                            00000004
TRISB5                            00000005
TRISB6                            00000006
TRISB7                            00000007
TRISC                             00000087
TRISC0                            00000000
TRISC1                            00000001
TRISC2                            00000002
TRISC3                            00000003
TRISC4                            00000004
TRISC5                            00000005
TRISC6                            00000006
TRISC7                            00000007
TRISD                             00000088
TRISD0                            00000000
TRISD1                            00000001
TRISD2                            00000002
TRISD3                            00000003
TRISD4                            00000004
TRISD5                            00000005
TRISD6                            00000006
TRISD7                            00000007
TRISE                             00000089
TRISE0                            00000000
TRISE1                            00000001
TRISE2                            00000002
TRMT                              00000001
TX8_9                             00000006
TX9                               00000006
TX9D                              00000000
TXD8                              00000000
TXEN                              00000005
TXIE                              00000004
TXIF                              00000004
TXREG                             00000019
TXSTA                             00000098
UA                                00000001
W                                 00000000
WCOL                              00000007
WR                                00000001
WREN                              00000002
WRERR                             00000003
MPASM  5.42                      UNTITLED.ASM   11-2-2012  16:24:41         PAGE 12


SYMBOL TABLE
  LABEL                             VALUE 

Z                                 00000002
_BODEN_OFF                        00003FBF
_BODEN_ON                         00003FFF
_CONFIG                           00002007
_CPD_OFF                          00003FFF
_CPD_ON                           00003EFF
_CP_ALL                           00001FFF
_CP_OFF                           00003FFF
_DEBUG_OFF                        00003FFF
_DEBUG_ON                         000037FF
_DEVID1                           00002006
_HS_OSC                           00003FFE
_IDLOC0                           00002000
_IDLOC1                           00002001
_IDLOC2                           00002002
_IDLOC3                           00002003
_LP_OSC                           00003FFC
_LVP_OFF                          00003F7F
_LVP_ON                           00003FFF
_PWRTE_OFF                        00003FFF
_PWRTE_ON                         00003FF7
_RC_OSC                           00003FFF
_WDT_OFF                          00003FFB
_WDT_ON                           00003FFF
_WRT_1FOURTH                      00003BFF
_WRT_256                          00003DFF
_WRT_HALF                         000039FF
_WRT_OFF                          00003FFF
_XT_OSC                           00003FFD
__16F877A                         00000001
__DEBUG                           1


MEMORY USAGE MAP ('X' = Used,  '-' = Unused)

0000 : X---XXXXXXXXXXXX XXXXXXXXXXXXXXXX XXXXXXXXXXXXXXXX XXXXXXXXXXXXXXXX
0040 : XXXXXXXXXXXXXXXX XXXXXXXXXXXXXXXX XXXXXXXXXXXXXX-- ----------------

All other memory blocks unused.

Program Memory Words Used:   107
Program Memory Words Free:  8085


Errors   :     0
Warnings :    81 reported,     0 suppressed
Messages :     3 reported,     0 suppressed

