Warning[205] C:\USERS\HP\DESKTOP\EEPROM-YAZ-OKU\YAZ_OKU.ASM 1 : Found directive in column 1. (list)
Warning[205] C:\USERS\HP\DESKTOP\EEPROM-YAZ-OKU\YAZ_OKU.ASM 3 : Found directive in column 1. (ORG)
Warning[203] C:\USERS\HP\DESKTOP\EEPROM-YAZ-OKU\YAZ_OKU.ASM 6 : Found opcode in column 1. (GOTO)
Warning[205] C:\USERS\HP\DESKTOP\EEPROM-YAZ-OKU\YAZ_OKU.ASM 7 : Found directive in column 1. (ORG)
Warning[205] C:\USERS\HP\DESKTOP\EEPROM-YAZ-OKU\YAZ_OKU.ASM 9 : Found directive in column 1. (BANKSEL)
Warning[203] C:\USERS\HP\DESKTOP\EEPROM-YAZ-OKU\YAZ_OKU.ASM 10 : Found opcode in column 1. (BTFSS)
Warning[203] C:\USERS\HP\DESKTOP\EEPROM-YAZ-OKU\YAZ_OKU.ASM 11 : Found opcode in column 1. (GOTO)
Warning[203] C:\USERS\HP\DESKTOP\EEPROM-YAZ-OKU\YAZ_OKU.ASM 12 : Found opcode in column 1. (BCF)
Warning[203] C:\USERS\HP\DESKTOP\EEPROM-YAZ-OKU\YAZ_OKU.ASM 13 : Found opcode in column 1. (GOTO)
Warning[203] C:\USERS\HP\DESKTOP\EEPROM-YAZ-OKU\YAZ_OKU.ASM 15 : Found opcode in column 1. (BTFSS)
Warning[203] C:\USERS\HP\DESKTOP\EEPROM-YAZ-OKU\YAZ_OKU.ASM 16 : Found opcode in column 1. (GOTO)
Warning[203] C:\USERS\HP\DESKTOP\EEPROM-YAZ-OKU\YAZ_OKU.ASM 17 : Found opcode in column 1. (BCF)
Warning[203] C:\USERS\HP\DESKTOP\EEPROM-YAZ-OKU\YAZ_OKU.ASM 18 : Found opcode in column 1. (BTFSS)
Warning[203] C:\USERS\HP\DESKTOP\EEPROM-YAZ-OKU\YAZ_OKU.ASM 19 : Found opcode in column 1. (GOTO)
Warning[203] C:\USERS\HP\DESKTOP\EEPROM-YAZ-OKU\YAZ_OKU.ASM 20 : Found opcode in column 1. (BTFSS)
Warning[203] C:\USERS\HP\DESKTOP\EEPROM-YAZ-OKU\YAZ_OKU.ASM 21 : Found opcode in column 1. (GOTO)
Warning[203] C:\USERS\HP\DESKTOP\EEPROM-YAZ-OKU\YAZ_OKU.ASM 22 : Found opcode in column 1. (BTFSS)
Warning[203] C:\USERS\HP\DESKTOP\EEPROM-YAZ-OKU\YAZ_OKU.ASM 23 : Found opcode in column 1. (GOTO)
Warning[203] C:\USERS\HP\DESKTOP\EEPROM-YAZ-OKU\YAZ_OKU.ASM 24 : Found opcode in column 1. (BTFSS)
Warning[203] C:\USERS\HP\DESKTOP\EEPROM-YAZ-OKU\YAZ_OKU.ASM 25 : Found opcode in column 1. (GOTO)
Warning[203] C:\USERS\HP\DESKTOP\EEPROM-YAZ-OKU\YAZ_OKU.ASM 26 : Found opcode in column 1. (RETFIE)
Warning[203] C:\USERS\HP\DESKTOP\EEPROM-YAZ-OKU\YAZ_OKU.ASM 29 : Found opcode in column 1. (CALL)
Warning[203] C:\USERS\HP\DESKTOP\EEPROM-YAZ-OKU\YAZ_OKU.ASM 31 : Found opcode in column 1. (BTFSC)
Warning[203] C:\USERS\HP\DESKTOP\EEPROM-YAZ-OKU\YAZ_OKU.ASM 32 : Found opcode in column 1. (CLRF)
Warning[203] C:\USERS\HP\DESKTOP\EEPROM-YAZ-OKU\YAZ_OKU.ASM 33 : Found opcode in column 1. (GOTO)
Warning[203] C:\USERS\HP\DESKTOP\EEPROM-YAZ-OKU\YAZ_OKU.ASM 36 : Found opcode in column 1. (BCF)
Warning[203] C:\USERS\HP\DESKTOP\EEPROM-YAZ-OKU\YAZ_OKU.ASM 37 : Found opcode in column 1. (INCF)
Warning[203] C:\USERS\HP\DESKTOP\EEPROM-YAZ-OKU\YAZ_OKU.ASM 38 : Found opcode in column 1. (MOVF)
Warning[203] C:\USERS\HP\DESKTOP\EEPROM-YAZ-OKU\YAZ_OKU.ASM 39 : Found opcode in column 1. (BCF)
Warning[205] C:\USERS\HP\DESKTOP\EEPROM-YAZ-OKU\YAZ_OKU.ASM 40 : Found directive in column 1. (BANKSEL)
Warning[203] C:\USERS\HP\DESKTOP\EEPROM-YAZ-OKU\YAZ_OKU.ASM 41 : Found opcode in column 1. (MOVWF)
Message[302] C:\USERS\HP\DESKTOP\EEPROM-YAZ-OKU\YAZ_OKU.ASM 41 : Register in operand not in bank 0.  Ensure that bank bits are correct.
Warning[205] C:\USERS\HP\DESKTOP\EEPROM-YAZ-OKU\YAZ_OKU.ASM 43 : Found directive in column 1. (BANKSEL)
Warning[203] C:\USERS\HP\DESKTOP\EEPROM-YAZ-OKU\YAZ_OKU.ASM 45 : Found opcode in column 1. (MOVLW)
Warning[203] C:\USERS\HP\DESKTOP\EEPROM-YAZ-OKU\YAZ_OKU.ASM 46 : Found opcode in column 1. (MOVWF)
Message[302] C:\USERS\HP\DESKTOP\EEPROM-YAZ-OKU\YAZ_OKU.ASM 46 : Register in operand not in bank 0.  Ensure that bank bits are correct.
Warning[203] C:\USERS\HP\DESKTOP\EEPROM-YAZ-OKU\YAZ_OKU.ASM 47 : Found opcode in column 1. (CALL)
Warning[203] C:\USERS\HP\DESKTOP\EEPROM-YAZ-OKU\YAZ_OKU.ASM 48 : Found opcode in column 1. (CALL)
Warning[203] C:\USERS\HP\DESKTOP\EEPROM-YAZ-OKU\YAZ_OKU.ASM 49 : Found opcode in column 1. (BCF)
Warning[203] C:\USERS\HP\DESKTOP\EEPROM-YAZ-OKU\YAZ_OKU.ASM 50 : Found opcode in column 1. (RETFIE)
Warning[203] C:\USERS\HP\DESKTOP\EEPROM-YAZ-OKU\YAZ_OKU.ASM 53 : Found opcode in column 1. (BCF)
Warning[203] C:\USERS\HP\DESKTOP\EEPROM-YAZ-OKU\YAZ_OKU.ASM 54 : Found opcode in column 1. (INCF)
Warning[203] C:\USERS\HP\DESKTOP\EEPROM-YAZ-OKU\YAZ_OKU.ASM 55 : Found opcode in column 1. (MOVF)
Warning[203] C:\USERS\HP\DESKTOP\EEPROM-YAZ-OKU\YAZ_OKU.ASM 56 : Found opcode in column 1. (BCF)
Warning[205] C:\USERS\HP\DESKTOP\EEPROM-YAZ-OKU\YAZ_OKU.ASM 57 : Found directive in column 1. (BANKSEL)
Warning[203] C:\USERS\HP\DESKTOP\EEPROM-YAZ-OKU\YAZ_OKU.ASM 58 : Found opcode in column 1. (MOVWF)
Message[302] C:\USERS\HP\DESKTOP\EEPROM-YAZ-OKU\YAZ_OKU.ASM 58 : Register in operand not in bank 0.  Ensure that bank bits are correct.
Warning[205] C:\USERS\HP\DESKTOP\EEPROM-YAZ-OKU\YAZ_OKU.ASM 60 : Found directive in column 1. (BANKSEL)
Warning[203] C:\USERS\HP\DESKTOP\EEPROM-YAZ-OKU\YAZ_OKU.ASM 61 : Found opcode in column 1. (MOVLW)
Warning[203] C:\USERS\HP\DESKTOP\EEPROM-YAZ-OKU\YAZ_OKU.ASM 62 : Found opcode in column 1. (MOVWF)
Message[302] C:\USERS\HP\DESKTOP\EEPROM-YAZ-OKU\YAZ_OKU.ASM 62 : Register in operand not in bank 0.  Ensure that bank bits are correct.
Warning[203] C:\USERS\HP\DESKTOP\EEPROM-YAZ-OKU\YAZ_OKU.ASM 63 : Found opcode in column 1. (CALL)
Warning[203] C:\USERS\HP\DESKTOP\EEPROM-YAZ-OKU\YAZ_OKU.ASM 64 : Found opcode in column 1. (CALL)
Warning[203] C:\USERS\HP\DESKTOP\EEPROM-YAZ-OKU\YAZ_OKU.ASM 65 : Found opcode in column 1. (BCF)
Warning[203] C:\USERS\HP\DESKTOP\EEPROM-YAZ-OKU\YAZ_OKU.ASM 66 : Found opcode in column 1. (RETFIE)
Warning[203] C:\USERS\HP\DESKTOP\EEPROM-YAZ-OKU\YAZ_OKU.ASM 69 : Found opcode in column 1. (BCF)
Warning[203] C:\USERS\HP\DESKTOP\EEPROM-YAZ-OKU\YAZ_OKU.ASM 70 : Found opcode in column 1. (INCF)
Warning[203] C:\USERS\HP\DESKTOP\EEPROM-YAZ-OKU\YAZ_OKU.ASM 71 : Found opcode in column 1. (MOVF)
Warning[203] C:\USERS\HP\DESKTOP\EEPROM-YAZ-OKU\YAZ_OKU.ASM 72 : Found opcode in column 1. (BCF)
Warning[205] C:\USERS\HP\DESKTOP\EEPROM-YAZ-OKU\YAZ_OKU.ASM 73 : Found directive in column 1. (BANKSEL)
Warning[203] C:\USERS\HP\DESKTOP\EEPROM-YAZ-OKU\YAZ_OKU.ASM 74 : Found opcode in column 1. (MOVWF)
Message[302] C:\USERS\HP\DESKTOP\EEPROM-YAZ-OKU\YAZ_OKU.ASM 74 : Register in operand not in bank 0.  Ensure that bank bits are correct.
Warning[205] C:\USERS\HP\DESKTOP\EEPROM-YAZ-OKU\YAZ_OKU.ASM 76 : Found directive in column 1. (BANKSEL)
Warning[203] C:\USERS\HP\DESKTOP\EEPROM-YAZ-OKU\YAZ_OKU.ASM 77 : Found opcode in column 1. (MOVLW)
Warning[203] C:\USERS\HP\DESKTOP\EEPROM-YAZ-OKU\YAZ_OKU.ASM 78 : Found opcode in column 1. (MOVWF)
Message[302] C:\USERS\HP\DESKTOP\EEPROM-YAZ-OKU\YAZ_OKU.ASM 78 : Register in operand not in bank 0.  Ensure that bank bits are correct.
Warning[203] C:\USERS\HP\DESKTOP\EEPROM-YAZ-OKU\YAZ_OKU.ASM 79 : Found opcode in column 1. (BCF)
Warning[203] C:\USERS\HP\DESKTOP\EEPROM-YAZ-OKU\YAZ_OKU.ASM 80 : Found opcode in column 1. (CALL)
Warning[203] C:\USERS\HP\DESKTOP\EEPROM-YAZ-OKU\YAZ_OKU.ASM 81 : Found opcode in column 1. (CALL)
Warning[203] C:\USERS\HP\DESKTOP\EEPROM-YAZ-OKU\YAZ_OKU.ASM 82 : Found opcode in column 1. (RETFIE)
Warning[203] C:\USERS\HP\DESKTOP\EEPROM-YAZ-OKU\YAZ_OKU.ASM 85 : Found opcode in column 1. (BCF)
Warning[203] C:\USERS\HP\DESKTOP\EEPROM-YAZ-OKU\YAZ_OKU.ASM 86 : Found opcode in column 1. (INCF)
Warning[203] C:\USERS\HP\DESKTOP\EEPROM-YAZ-OKU\YAZ_OKU.ASM 87 : Found opcode in column 1. (MOVF)
Warning[203] C:\USERS\HP\DESKTOP\EEPROM-YAZ-OKU\YAZ_OKU.ASM 88 : Found opcode in column 1. (BCF)
Warning[205] C:\USERS\HP\DESKTOP\EEPROM-YAZ-OKU\YAZ_OKU.ASM 89 : Found directive in column 1. (BANKSEL)
Warning[203] C:\USERS\HP\DESKTOP\EEPROM-YAZ-OKU\YAZ_OKU.ASM 90 : Found opcode in column 1. (MOVWF)
Message[302] C:\USERS\HP\DESKTOP\EEPROM-YAZ-OKU\YAZ_OKU.ASM 90 : Register in operand not in bank 0.  Ensure that bank bits are correct.
Warning[205] C:\USERS\HP\DESKTOP\EEPROM-YAZ-OKU\YAZ_OKU.ASM 92 : Found directive in column 1. (BANKSEL)
Warning[203] C:\USERS\HP\DESKTOP\EEPROM-YAZ-OKU\YAZ_OKU.ASM 93 : Found opcode in column 1. (MOVLW)
Warning[203] C:\USERS\HP\DESKTOP\EEPROM-YAZ-OKU\YAZ_OKU.ASM 94 : Found opcode in column 1. (MOVWF)
Message[302] C:\USERS\HP\DESKTOP\EEPROM-YAZ-OKU\YAZ_OKU.ASM 94 : Register in operand not in bank 0.  Ensure that bank bits are correct.
Warning[203] C:\USERS\HP\DESKTOP\EEPROM-YAZ-OKU\YAZ_OKU.ASM 95 : Found opcode in column 1. (CALL)
Warning[203] C:\USERS\HP\DESKTOP\EEPROM-YAZ-OKU\YAZ_OKU.ASM 96 : Found opcode in column 1. (CALL)
Warning[203] C:\USERS\HP\DESKTOP\EEPROM-YAZ-OKU\YAZ_OKU.ASM 97 : Found opcode in column 1. (BCF)
Warning[203] C:\USERS\HP\DESKTOP\EEPROM-YAZ-OKU\YAZ_OKU.ASM 98 : Found opcode in column 1. (RETFIE)
Warning[203] C:\USERS\HP\DESKTOP\EEPROM-YAZ-OKU\YAZ_OKU.ASM 101 : Found opcode in column 1. (BSF)
Warning[203] C:\USERS\HP\DESKTOP\EEPROM-YAZ-OKU\YAZ_OKU.ASM 102 : Found opcode in column 1. (MOVLW)
Warning[203] C:\USERS\HP\DESKTOP\EEPROM-YAZ-OKU\YAZ_OKU.ASM 103 : Found opcode in column 1. (MOVWF)
Message[302] C:\USERS\HP\DESKTOP\EEPROM-YAZ-OKU\YAZ_OKU.ASM 103 : Register in operand not in bank 0.  Ensure that bank bits are correct.
Warning[203] C:\USERS\HP\DESKTOP\EEPROM-YAZ-OKU\YAZ_OKU.ASM 104 : Found opcode in column 1. (CLRF)
Message[302] C:\USERS\HP\DESKTOP\EEPROM-YAZ-OKU\YAZ_OKU.ASM 104 : Register in operand not in bank 0.  Ensure that bank bits are correct.
Warning[203] C:\USERS\HP\DESKTOP\EEPROM-YAZ-OKU\YAZ_OKU.ASM 105 : Found opcode in column 1. (MOVLW)
Warning[203] C:\USERS\HP\DESKTOP\EEPROM-YAZ-OKU\YAZ_OKU.ASM 106 : Found opcode in column 1. (MOVWF)
Message[302] C:\USERS\HP\DESKTOP\EEPROM-YAZ-OKU\YAZ_OKU.ASM 106 : Register in operand not in bank 0.  Ensure that bank bits are correct.
Warning[203] C:\USERS\HP\DESKTOP\EEPROM-YAZ-OKU\YAZ_OKU.ASM 107 : Found opcode in column 1. (BCF)
Warning[203] C:\USERS\HP\DESKTOP\EEPROM-YAZ-OKU\YAZ_OKU.ASM 108 : Found opcode in column 1. (CLRF)
Warning[203] C:\USERS\HP\DESKTOP\EEPROM-YAZ-OKU\YAZ_OKU.ASM 109 : Found opcode in column 1. (CLRF)
Warning[203] C:\USERS\HP\DESKTOP\EEPROM-YAZ-OKU\YAZ_OKU.ASM 110 : Found opcode in column 1. (CLRF)
Warning[203] C:\USERS\HP\DESKTOP\EEPROM-YAZ-OKU\YAZ_OKU.ASM 111 : Found opcode in column 1. (MOVLW)
Warning[203] C:\USERS\HP\DESKTOP\EEPROM-YAZ-OKU\YAZ_OKU.ASM 112 : Found opcode in column 1. (MOVWF)
Warning[203] C:\USERS\HP\DESKTOP\EEPROM-YAZ-OKU\YAZ_OKU.ASM 113 : Found opcode in column 1. (MOVLW)
Warning[203] C:\USERS\HP\DESKTOP\EEPROM-YAZ-OKU\YAZ_OKU.ASM 114 : Found opcode in column 1. (MOVWF)
Warning[205] C:\USERS\HP\DESKTOP\EEPROM-YAZ-OKU\YAZ_OKU.ASM 115 : Found directive in column 1. (BANKSEL)
Warning[203] C:\USERS\HP\DESKTOP\EEPROM-YAZ-OKU\YAZ_OKU.ASM 116 : Found opcode in column 1. (BCF)
Message[302] C:\USERS\HP\DESKTOP\EEPROM-YAZ-OKU\YAZ_OKU.ASM 116 : Register in operand not in bank 0.  Ensure that bank bits are correct.
Warning[203] C:\USERS\HP\DESKTOP\EEPROM-YAZ-OKU\YAZ_OKU.ASM 117 : Found opcode in column 1. (RETURN)
Warning[205] C:\USERS\HP\DESKTOP\EEPROM-YAZ-OKU\YAZ_OKU.ASM 120 : Found directive in column 1. (BANKSEL)
Warning[203] C:\USERS\HP\DESKTOP\EEPROM-YAZ-OKU\YAZ_OKU.ASM 121 : Found opcode in column 1. (BCF)
Message[302] C:\USERS\HP\DESKTOP\EEPROM-YAZ-OKU\YAZ_OKU.ASM 121 : Register in operand not in bank 0.  Ensure that bank bits are correct.
Warning[203] C:\USERS\HP\DESKTOP\EEPROM-YAZ-OKU\YAZ_OKU.ASM 122 : Found opcode in column 1. (BSF)
Message[302] C:\USERS\HP\DESKTOP\EEPROM-YAZ-OKU\YAZ_OKU.ASM 122 : Register in operand not in bank 0.  Ensure that bank bits are correct.
Warning[203] C:\USERS\HP\DESKTOP\EEPROM-YAZ-OKU\YAZ_OKU.ASM 123 : Found opcode in column 1. (BCF)
Warning[203] C:\USERS\HP\DESKTOP\EEPROM-YAZ-OKU\YAZ_OKU.ASM 125 : Found opcode in column 1. (MOVLW)
Warning[203] C:\USERS\HP\DESKTOP\EEPROM-YAZ-OKU\YAZ_OKU.ASM 126 : Found opcode in column 1. (MOVWF)
Message[302] C:\USERS\HP\DESKTOP\EEPROM-YAZ-OKU\YAZ_OKU.ASM 126 : Register in operand not in bank 0.  Ensure that bank bits are correct.
Warning[203] C:\USERS\HP\DESKTOP\EEPROM-YAZ-OKU\YAZ_OKU.ASM 127 : Found opcode in column 1. (MOVLW)
Warning[203] C:\USERS\HP\DESKTOP\EEPROM-YAZ-OKU\YAZ_OKU.ASM 128 : Found opcode in column 1. (MOVWF)
Message[302] C:\USERS\HP\DESKTOP\EEPROM-YAZ-OKU\YAZ_OKU.ASM 128 : Register in operand not in bank 0.  Ensure that bank bits are correct.
Warning[203] C:\USERS\HP\DESKTOP\EEPROM-YAZ-OKU\YAZ_OKU.ASM 129 : Found opcode in column 1. (BSF)
Message[302] C:\USERS\HP\DESKTOP\EEPROM-YAZ-OKU\YAZ_OKU.ASM 129 : Register in operand not in bank 0.  Ensure that bank bits are correct.
Warning[203] C:\USERS\HP\DESKTOP\EEPROM-YAZ-OKU\YAZ_OKU.ASM 132 : Found opcode in column 1. (BTFSC)
Message[302] C:\USERS\HP\DESKTOP\EEPROM-YAZ-OKU\YAZ_OKU.ASM 132 : Register in operand not in bank 0.  Ensure that bank bits are correct.
Warning[203] C:\USERS\HP\DESKTOP\EEPROM-YAZ-OKU\YAZ_OKU.ASM 133 : Found opcode in column 1. (GOTO)
Warning[203] C:\USERS\HP\DESKTOP\EEPROM-YAZ-OKU\YAZ_OKU.ASM 134 : Found opcode in column 1. (BSF)
Warning[203] C:\USERS\HP\DESKTOP\EEPROM-YAZ-OKU\YAZ_OKU.ASM 135 : Found opcode in column 1. (RETURN)
Warning[203] C:\USERS\HP\DESKTOP\EEPROM-YAZ-OKU\YAZ_OKU.ASM 138 : Found opcode in column 1. (BCF)
Warning[203] C:\USERS\HP\DESKTOP\EEPROM-YAZ-OKU\YAZ_OKU.ASM 139 : Found opcode in column 1. (BCF)
Warning[203] C:\USERS\HP\DESKTOP\EEPROM-YAZ-OKU\YAZ_OKU.ASM 140 : Found opcode in column 1. (RETFIE)
Warning[203] C:\USERS\HP\DESKTOP\EEPROM-YAZ-OKU\YAZ_OKU.ASM 143 : Found opcode in column 1. (MOVLW)
Warning[203] C:\USERS\HP\DESKTOP\EEPROM-YAZ-OKU\YAZ_OKU.ASM 144 : Found opcode in column 1. (MOVWF)
Warning[203] C:\USERS\HP\DESKTOP\EEPROM-YAZ-OKU\YAZ_OKU.ASM 146 : Found opcode in column 1. (NOP)
Warning[203] C:\USERS\HP\DESKTOP\EEPROM-YAZ-OKU\YAZ_OKU.ASM 147 : Found opcode in column 1. (NOP)
Warning[203] C:\USERS\HP\DESKTOP\EEPROM-YAZ-OKU\YAZ_OKU.ASM 148 : Found opcode in column 1. (DECFSZ)
Warning[203] C:\USERS\HP\DESKTOP\EEPROM-YAZ-OKU\YAZ_OKU.ASM 149 : Found opcode in column 1. (GOTO)
Warning[203] C:\USERS\HP\DESKTOP\EEPROM-YAZ-OKU\YAZ_OKU.ASM 150 : Found opcode in column 1. (RETURN)
Warning[205] C:\USERS\HP\DESKTOP\EEPROM-YAZ-OKU\YAZ_OKU.ASM 153 : Found directive in column 1. (END)
