MPASM  5.37                           LCD.ASM   12-29-2010  2:31:01         PAGE  1


LOC  OBJECT CODE     LINE SOURCE TEXT
  VALUE

                      00001         LIST P=16F877
                      00002         INCLUDE "P16F877.INC"
                      00001         LIST
                      00002 ; P16F877.INC  Standard Header File, Version 1.00    Microchip Technology, Inc.
                      00373         LIST
                      00003 
Warning[207]: Found label after column 1. (SAYAC_GECIK)
  00000031            00004                 SAYAC_GECIK             EQU     H'0031'
Warning[207]: Found label after column 1. (SAYAC_GECIK2)
  00000033            00005                 SAYAC_GECIK2    EQU     H'0033'
Warning[207]: Found label after column 1. (LCD_DATA)
  00000037            00006                 LCD_DATA                EQU H'0037'
                      00007                 
0000                  00008                 ORG 0X00
Warning[207]: Found label after column 1. (ANA_PROGRAM)
0000                  00009         ANA_PROGRAM:
0000   1683 1303      00010                 BANKSEL TRISB   
Message[302]: Register in operand not in bank 0.  Ensure that bank bits are correct.
0002   0186           00011                 CLRF TRISB              
0003   1283 1303      00012                 BANKSEL PORTB
0005   0186           00013                 CLRF PORTB                      
0006   3002           00014                 MOVLW   H'02'
0007   2024           00015                 CALL KOMUT_YAZ
0008   300C           00016                 MOVLW   H'0C'
0009   2024           00017                 CALL    KOMUT_YAZ
                      00018         
000A   304D           00019                 MOVLW   A'M'
000B   2015           00020                 CALL    VERI_YAZ        
000C   3045           00021                 MOVLW   A'E'
000D   2015           00022                 CALL    VERI_YAZ
000E   3053           00023                 MOVLW   A'S'
000F   2015           00024                 CALL    VERI_YAZ
0010   3055           00025                 MOVLW   A'U'
0011   2015           00026                 CALL    VERI_YAZ
0012   3054           00027                 MOVLW   A'T'
0013   2015           00028                 CALL    VERI_YAZ
0014   2814           00029                 goto $
                      00030 
                      00031 
Warning[207]: Found label after column 1. (VERI_YAZ)
0015                  00032         VERI_YAZ:                                       ;LCD'ye karakter göndermek için 
0015   00B7           00033                 MOVWF LCD_DATA                  ;Komutu geçici deðiþkene al.
0016   0E37           00034                 SWAPF LCD_DATA, W               ;En deðerli 4 bit’i gönder.
0017   201B           00035                 CALL LCD_VERI_GONDER
0018   0837           00036                 MOVF LCD_DATA, W                ;En deðersiz 4 bit’i gönder.
0019   201B           00037                 CALL LCD_VERI_GONDER
001A   0008           00038                 RETURN
                      00039 
Warning[207]: Found label after column 1. (LCD_VERI_GONDER)
001B                  00040         LCD_VERI_GONDER:                     
001B   390F           00041                 ANDLW 0x0F                              ;En deðersiz 4 bit W'de
001C   0086           00042                 MOVWF PORTB                     ;PortB'e transfer ediliyor.
001D   1283 1303      00043                 BANKSEL PORTB                   
MPASM  5.37                           LCD.ASM   12-29-2010  2:31:01         PAGE  2


LOC  OBJECT CODE     LINE SOURCE TEXT
  VALUE

001F   1606           00044                 BSF PORTB,4                             ;Karakter Yazýlacaðý belirtiliyor
0020   1686           00045                 BSF     PORTB,5                         ;LCD'için 1 yapýlýr
0021   2032           00046                 CALL GECIKME
0022   1286           00047                 BCF     PORTB,5                         ;LCD için düþen kenar üretiyorz
0023   0008           00048                 RETURN
                      00049 
Warning[207]: Found label after column 1. (KOMUT_YAZ)
0024                  00050         KOMUT_YAZ:                      
0024   00B7           00051                 MOVWF LCD_DATA                  ;Komutu geçici deðiþkene al.
0025   0E37           00052                 SWAPF LCD_DATA, W       ;En deðerli 4 bit’i gönder.
0026   202A           00053                 CALL LCD_KOMUT_GONDER
0027   0837           00054                 MOVF LCD_DATA, W                ;En deðersiz 4 bit’i gönder.
0028   202A           00055                 CALL LCD_KOMUT_GONDER           
0029   0008           00056                 RETURN
                      00057 
Warning[207]: Found label after column 1. (LCD_KOMUT_GONDER)
002A                  00058         LCD_KOMUT_GONDER:                     
002A   390F           00059                 ANDLW   0x0F                    ;En deðersiz 4 bit W'de,
002B   0086           00060                 MOVWF PORTB                     ;PortB'ye transfer ediliyor.
002C   1283 1303      00061                 BANKSEL PORTB                   
002E   1686           00062                 BSF     PORTB,5                         ;Lcd ye düþen kenar üretmek için 
002F   2032           00063                 CALL GECIKME
0030   1286           00064                 BCF     PORTB,5                         ;LCD için düþen kenar üretiyorz
0031   0008           00065                 RETURN
                      00066 
0032                  00067 GECIKME
0032   30FF           00068                 MOVLW   H'FF'
0033   00B1           00069                 MOVWF   SAYAC_GECIK
0034                  00070 DON1
0034   30FF           00071                 MOVLW   H'FF'
0035   00B3           00072                 MOVWF   SAYAC_GECIK2
0036                  00073 DON2
0036   0BB3           00074                 DECFSZ  SAYAC_GECIK2,F
0037   2836           00075                 GOTO    DON2
0038   0BB1           00076                 DECFSZ  SAYAC_GECIK,F
0039   2834           00077                 GOTO    DON1
003A   0008           00078                 RETURN
                      00079         
                      00080         END
MPASM  5.37                           LCD.ASM   12-29-2010  2:31:01         PAGE  3


SYMBOL TABLE
  LABEL                             VALUE 

ACKDT                             00000005
ACKEN                             00000004
ACKSTAT                           00000006
ADCON0                            0000001F
ADCON1                            0000009F
ADCS0                             00000006
ADCS1                             00000007
ADDEN                             00000003
ADFM                              00000007
ADIE                              00000006
ADIF                              00000006
ADON                              00000000
ADRESH                            0000001E
ADRESL                            0000009E
ANA_PROGRAM                       00000000
BCLIE                             00000003
BCLIF                             00000003
BF                                00000000
BRGH                              00000002
C                                 00000000
CCP1CON                           00000017
CCP1IE                            00000002
CCP1IF                            00000002
CCP1M0                            00000000
CCP1M1                            00000001
CCP1M2                            00000002
CCP1M3                            00000003
CCP1X                             00000005
CCP1Y                             00000004
CCP2CON                           0000001D
CCP2IE                            00000000
CCP2IF                            00000000
CCP2M0                            00000000
CCP2M1                            00000001
CCP2M2                            00000002
CCP2M3                            00000003
CCP2X                             00000005
CCP2Y                             00000004
CCPR1H                            00000016
CCPR1L                            00000015
CCPR2H                            0000001C
CCPR2L                            0000001B
CHS0                              00000003
CHS1                              00000004
CHS2                              00000005
CKE                               00000006
CKP                               00000004
CREN                              00000004
CSRC                              00000007
D                                 00000005
DATA_ADDRESS                      00000005
DC                                00000001
DON1                              00000034
MPASM  5.37                           LCD.ASM   12-29-2010  2:31:01         PAGE  4


SYMBOL TABLE
  LABEL                             VALUE 

DON2                              00000036
D_A                               00000005
EEADR                             0000010D
EEADRH                            0000010F
EECON1                            0000018C
EECON2                            0000018D
EEDATA                            0000010C
EEDATH                            0000010E
EEIE                              00000004
EEIF                              00000004
EEPGD                             00000007
F                                 00000001
FERR                              00000002
FSR                               00000004
GCEN                              00000007
GECIKME                           00000032
GIE                               00000007
GO                                00000002
GO_DONE                           00000002
I2C_DATA                          00000005
I2C_READ                          00000002
I2C_START                         00000003
I2C_STOP                          00000004
IBF                               00000007
IBOV                              00000005
INDF                              00000000
INTCON                            0000000B
INTE                              00000004
INTEDG                            00000006
INTF                              00000001
IRP                               00000007
KOMUT_YAZ                         00000024
LCD_DATA                          00000037
LCD_KOMUT_GONDER                  0000002A
LCD_VERI_GONDER                   0000001B
NOT_A                             00000005
NOT_ADDRESS                       00000005
NOT_BO                            00000000
NOT_BOR                           00000000
NOT_DONE                          00000002
NOT_PD                            00000003
NOT_POR                           00000001
NOT_RBPU                          00000007
NOT_RC8                           00000006
NOT_T1SYNC                        00000002
NOT_TO                            00000004
NOT_TX8                           00000006
NOT_W                             00000002
NOT_WRITE                         00000002
OBF                               00000006
OERR                              00000001
OPTION_REG                        00000081
P                                 00000004
MPASM  5.37                           LCD.ASM   12-29-2010  2:31:01         PAGE  5


SYMBOL TABLE
  LABEL                             VALUE 

PCFG0                             00000000
PCFG1                             00000001
PCFG2                             00000002
PCFG3                             00000003
PCL                               00000002
PCLATH                            0000000A
PCON                              0000008E
PEIE                              00000006
PEN                               00000002
PIE1                              0000008C
PIE2                              0000008D
PIR1                              0000000C
PIR2                              0000000D
PORTA                             00000005
PORTB                             00000006
PORTC                             00000007
PORTD                             00000008
PORTE                             00000009
PR2                               00000092
PS0                               00000000
PS1                               00000001
PS2                               00000002
PSA                               00000003
PSPIE                             00000007
PSPIF                             00000007
PSPMODE                           00000004
R                                 00000002
RBIE                              00000003
RBIF                              00000000
RC8_9                             00000006
RC9                               00000006
RCD8                              00000000
RCEN                              00000003
RCIE                              00000005
RCIF                              00000005
RCREG                             0000001A
RCSTA                             00000018
RD                                00000000
READ_WRITE                        00000002
RP0                               00000005
RP1                               00000006
RSEN                              00000001
RX9                               00000006
RX9D                              00000000
R_W                               00000002
S                                 00000003
SAYAC_GECIK                       00000031
SAYAC_GECIK2                      00000033
SEN                               00000000
SMP                               00000007
SPBRG                             00000099
SPEN                              00000007
SREN                              00000005
MPASM  5.37                           LCD.ASM   12-29-2010  2:31:01         PAGE  6


SYMBOL TABLE
  LABEL                             VALUE 

SSPADD                            00000093
SSPBUF                            00000013
SSPCON                            00000014
SSPCON2                           00000091
SSPEN                             00000005
SSPIE                             00000003
SSPIF                             00000003
SSPM0                             00000000
SSPM1                             00000001
SSPM2                             00000002
SSPM3                             00000003
SSPOV                             00000006
SSPSTAT                           00000094
STATUS                            00000003
SYNC                              00000004
T0CS                              00000005
T0IE                              00000005
T0IF                              00000002
T0SE                              00000004
T1CKPS0                           00000004
T1CKPS1                           00000005
T1CON                             00000010
T1INSYNC                          00000002
T1OSCEN                           00000003
T1SYNC                            00000002
T2CKPS0                           00000000
T2CKPS1                           00000001
T2CON                             00000012
TMR0                              00000001
TMR1CS                            00000001
TMR1H                             0000000F
TMR1IE                            00000000
TMR1IF                            00000000
TMR1L                             0000000E
TMR1ON                            00000000
TMR2                              00000011
TMR2IE                            00000001
TMR2IF                            00000001
TMR2ON                            00000002
TOUTPS0                           00000003
TOUTPS1                           00000004
TOUTPS2                           00000005
TOUTPS3                           00000006
TRISA                             00000085
TRISB                             00000086
TRISC                             00000087
TRISD                             00000088
TRISE                             00000089
TRISE0                            00000000
TRISE1                            00000001
TRISE2                            00000002
TRMT                              00000001
TX8_9                             00000006
MPASM  5.37                           LCD.ASM   12-29-2010  2:31:01         PAGE  7


SYMBOL TABLE
  LABEL                             VALUE 

TX9                               00000006
TX9D                              00000000
TXD8                              00000000
TXEN                              00000005
TXIE                              00000004
TXIF                              00000004
TXREG                             00000019
TXSTA                             00000098
UA                                00000001
VERI_YAZ                          00000015
W                                 00000000
WCOL                              00000007
WR                                00000001
WREN                              00000002
WRERR                             00000003
Z                                 00000002
_BODEN_OFF                        00003FBF
_BODEN_ON                         00003FFF
_CPD_OFF                          00003FFF
_CPD_ON                           00003EFF
_CP_ALL                           00000FCF
_CP_HALF                          00001FDF
_CP_OFF                           00003FFF
_CP_UPPER_256                     00002FEF
_DEBUG_OFF                        00003FFF
_DEBUG_ON                         000037FF
_HS_OSC                           00003FFE
_LP_OSC                           00003FFC
_LVP_OFF                          00003F7F
_LVP_ON                           00003FFF
_PWRTE_OFF                        00003FFF
_PWRTE_ON                         00003FF7
_RC_OSC                           00003FFF
_WDT_OFF                          00003FFB
_WDT_ON                           00003FFF
_WRT_ENABLE_OFF                   00003DFF
_WRT_ENABLE_ON                    00003FFF
_XT_OSC                           00003FFD
__16F877                          00000001
__DEBUG                           1


MEMORY USAGE MAP ('X' = Used,  '-' = Unused)

0000 : XXXXXXXXXXXXXXXX XXXXXXXXXXXXXXXX XXXXXXXXXXXXXXXX XXXXXXXXXXX-----

All other memory blocks unused.

Program Memory Words Used:    59
Program Memory Words Free:  8133

MPASM  5.37                           LCD.ASM   12-29-2010  2:31:01         PAGE  8






Errors   :     0
Warnings :     8 reported,     0 suppressed
Messages :     1 reported,     0 suppressed

