MPASM  5.37                         ODEV6.ASM   12-6-2011  8:29:46         PAGE  1


LOC  OBJECT CODE     LINE SOURCE TEXT
  VALUE

Warning[205]: Found directive in column 1. (list)
                      00001 list p=16F877A
                      00002 #include <P16F877A.INC>
                      00001         LIST
                      00002 ; P16F877A.INC  Standard Header File, Version 1.00    Microchip Technology, Inc.
                      00400         LIST
                      00003 
Warning[205]: Found directive in column 1. (ORG)
0000                  00004 ORG 0X00 
Warning[203]: Found opcode in column 1. (GOTO)
0000   2884           00005 GOTO ANA_PROGRAM
Warning[205]: Found directive in column 1. (ORG)
0004                  00006 ORG 0X04 
                      00007 
  00000020            00008 REG EQU 0X20
  00000021            00009 TEMP1 EQU 0X21
  00000022            00010 TEMP2 EQU 0X22  
  00000023            00011 TEMP3 EQU 0X23
  00000024            00012 SAYAC1 EQU 0X24
  00000025            00013 SAYAC2 EQU 0X25
  00000026            00014 SAYAC3 EQU 0X26
  00000027            00015 ELDE EQU 0X27
                      00016 
0004                  00017 KESME
Warning[203]: Found opcode in column 1. (BTFSS)
0004   1F0C           00018 BTFSS PIR1,6
Warning[203]: Found opcode in column 1. (RETFIE)
0005   0009           00019 RETFIE
Warning[203]: Found opcode in column 1. (BCF)
0006   130C           00020 BCF PIR1,6
                      00021 
Warning[203]: Found opcode in column 1. (call)
0007   2040           00022 call tempeat
Warning[203]: Found opcode in column 1. (CLRF)
0008   01A1           00023 CLRF TEMP1
Warning[203]: Found opcode in column 1. (CLRF)
0009   01A2           00024 CLRF TEMP2
Warning[203]: Found opcode in column 1. (CLRF)
000A   01A3           00025 CLRF TEMP3
Warning[203]: Found opcode in column 1. (CALL)
000B   200F           00026 CALL HESAP
Warning[203]: Found opcode in column 1. (CALL)
000C   2024           00027 CALL CARP3
                      00028 
000D                  00029 KESME_BITIR
Warning[203]: Found opcode in column 1. (BCF)
000D   130C           00030 BCF PIR1,6
Warning[203]: Found opcode in column 1. (RETFIE)
000E   0009           00031 RETFIE
                      00032 
000F                  00033 HESAP
000F   1003           00034         BCF STATUS,0
0010   3064           00035         movlw d'100'
MPASM  5.37                         ODEV6.ASM   12-6-2011  8:29:46         PAGE  2


LOC  OBJECT CODE     LINE SOURCE TEXT
  VALUE

0011   02A0           00036         subwf REG,1
Message[305]: Using default destination of 1 (file).
0012   0AA1           00037         INCF TEMP1
0013   1803           00038         BTFSC STATUS,0
0014   280F           00039         GOTO HESAP
0015   3064           00040         MOVLW D'100'
0016   07A0           00041         ADDWF REG,1
Message[305]: Using default destination of 1 (file).
0017   03A1           00042         DECF TEMP1
                      00043 
0018                  00044 HESAP2
0018   1003           00045         BCF STATUS,0
0019   300A           00046         MOVLW D'10'
001A   02A0           00047         SUBWF REG,1
Message[305]: Using default destination of 1 (file).
001B   0AA2           00048         INCF TEMP2
001C   1803           00049         BTFSC STATUS,0
001D   2818           00050         GOTO HESAP2
001E   300A           00051         MOVLW D'10'
001F   07A0           00052         ADDWF REG,1
Message[305]: Using default destination of 1 (file).
0020   03A2           00053         DECF TEMP2
                      00054         
0021   0820           00055         MOVF REG,0
0022   00A3           00056         MOVWF TEMP3
0023   0008           00057         RETURN
                      00058 
0024                  00059 CARP3
0024   1003           00060         BCF STATUS,0
0025   01A7           00061         CLRF ELDE
0026   0DA3           00062         RLF TEMP3,1
0027   300A           00063         MOVLW D'10'
0028   0223           00064         SUBWF TEMP3,0
0029   1C03           00065         BTFSS STATUS,0
002A   282E           00066         GOTO CARP2
002B   300A           00067         MOVLW D'10'
002C   02A3           00068         SUBWF TEMP3,1
Message[305]: Using default destination of 1 (file).
002D   0AA7           00069         INCF ELDE
                      00070 
002E                  00071 CARP2
002E   1003           00072         BCF STATUS,0
002F   0DA2           00073         RLF TEMP2,1
0030   1827           00074         BTFSC ELDE,0
Message[305]: Using default destination of 1 (file).
0031   0AA2           00075         INCF TEMP2
0032   01A7           00076         CLRF ELDE
0033   1003           00077         BCF STATUS,0
0034   300A           00078         MOVLW D'10'
0035   0222           00079         SUBWF TEMP2,0
0036   1C03           00080         BTFSS STATUS,0
0037   283B           00081         GOTO CARP1
0038   300A           00082         MOVLW D'10'
MPASM  5.37                         ODEV6.ASM   12-6-2011  8:29:46         PAGE  3


LOC  OBJECT CODE     LINE SOURCE TEXT
  VALUE

0039   02A2           00083         SUBWF TEMP2,1
Message[305]: Using default destination of 1 (file).
003A   0AA7           00084         INCF ELDE
                      00085 
003B                  00086 CARP1
003B   1003           00087         BCF STATUS,0
003C   0DA1           00088         RLF TEMP1,1
003D   1827           00089         BTFSC ELDE,0
Message[305]: Using default destination of 1 (file).
003E   0AA1           00090         INCF TEMP1
003F   0008           00091         RETURN
                      00092 
0040                  00093 tempeat
0040   1C1E           00094         btfss ADRESH,0
0041   2846           00095         goto kisim2
0042   2843           00096         goto kisim1
                      00097 
0043                  00098 kisim1
0043   1C9E           00099         btfss ADRESH,1
0044   284F           00100         goto ikinci
0045   285F           00101         goto dorduncu
                      00102 
0046                  00103 kisim2
0046   1C9E           00104         btfss ADRESH,1
0047   2849           00105         goto birinci
0048   2857           00106         goto ucuncu
                      00107 
0049                  00108 birinci
                      00109         
0049   1683           00110         BSF STATUS,5
Message[302]: Register in operand not in bank 0.  Ensure that bank bits are correct.
004A   081E           00111         movf ADRESL,W
004B   1283           00112         BCF STATUS,5
004C   00A0           00113         movwf REG
004D   2067           00114         call dordebol
004E   0008           00115         return
                      00116         
004F                  00117 ikinci  
004F   1683           00118         BSF STATUS,5
Message[302]: Register in operand not in bank 0.  Ensure that bank bits are correct.
0050   081E           00119         movf ADRESL,0
0051   1283           00120         BCF STATUS,5
0052   00A0           00121         movwf REG
0053   2067           00122         call dordebol
0054   303E           00123         movlw d'62'
0055   07A0           00124         addwf REG,F
0056   0008           00125         return
                      00126 
0057                  00127 ucuncu
0057   1683           00128         BSF STATUS,5
Message[302]: Register in operand not in bank 0.  Ensure that bank bits are correct.
0058   081E           00129         movf ADRESL,0
0059   1283           00130         BCF STATUS,5
MPASM  5.37                         ODEV6.ASM   12-6-2011  8:29:46         PAGE  4


LOC  OBJECT CODE     LINE SOURCE TEXT
  VALUE

005A   00A0           00131         movwf REG
005B   2067           00132         call dordebol
005C   307D           00133         movlw d'125'
005D   07A0           00134         addwf REG,F
005E   0008           00135         return
                      00136         
005F                  00137 dorduncu
005F   1683           00138         BSF STATUS,5
Message[302]: Register in operand not in bank 0.  Ensure that bank bits are correct.
0060   081E           00139         movf ADRESL,0
0061   1283           00140         BCF STATUS,5
0062   00A0           00141         movwf REG
0063   2067           00142         call dordebol
0064   30BB           00143         movlw d'187'
0065   07A0           00144         addwf REG,F
0066   0008           00145         return
                      00146         
0067                  00147 dordebol
0067   0CA0           00148         rrf REG,f
0068   0CA0           00149         rrf REG,f
0069   303F           00150         movlw b'00111111'
006A   05A0           00151         andwf REG,1
006B   0008           00152         return
                      00153 
                      00154 
006C                  00155 TABLE 
Warning[203]: Found opcode in column 1. (ADDWF)
006C   0782           00156 ADDWF PCL,F
Warning[203]: Found opcode in column 1. (RETLW)
006D   343F           00157 RETLW B'00111111'       ;0
Warning[203]: Found opcode in column 1. (RETLW)
006E   3406           00158 RETLW B'00000110'       ;1
Warning[203]: Found opcode in column 1. (RETLW)
006F   345B           00159 RETLW B'01011011'       ;2
Warning[203]: Found opcode in column 1. (RETLW)
0070   344F           00160 RETLW B'01001111'       ;3
Warning[203]: Found opcode in column 1. (RETLW)
0071   3466           00161 RETLW B'01100110'       ;4
Warning[203]: Found opcode in column 1. (RETLW)
0072   346D           00162 RETLW B'01101101'       ;5
Warning[203]: Found opcode in column 1. (RETLW)
0073   347D           00163 RETLW B'01111101'       ;6
Warning[203]: Found opcode in column 1. (RETLW)
0074   3407           00164 RETLW B'00000111'       ;7
Warning[203]: Found opcode in column 1. (RETLW)
0075   347F           00165 RETLW B'01111111'       ;8
Warning[203]: Found opcode in column 1. (RETLW)
0076   346F           00166 RETLW B'01101111'       ;9
                      00167 
0077                  00168 GECIKME
Warning[203]: Found opcode in column 1. (MOVLW)
0077   3032           00169 MOVLW D'50' 
Warning[203]: Found opcode in column 1. (MOVWF)
MPASM  5.37                         ODEV6.ASM   12-6-2011  8:29:46         PAGE  5


LOC  OBJECT CODE     LINE SOURCE TEXT
  VALUE

0078   00A4           00170 MOVWF SAYAC1
0079                  00171 DONGU1
Warning[203]: Found opcode in column 1. (MOVLW)
0079   3032           00172 MOVLW D'50'
Warning[203]: Found opcode in column 1. (MOVWF)
007A   00A5           00173 MOVWF SAYAC2
007B                  00174 DONGU2
Warning[203]: Found opcode in column 1. (DECFSZ)
007B   0BA5           00175 DECFSZ SAYAC2,F
Warning[203]: Found opcode in column 1. (GOTO)
007C   287B           00176 GOTO DONGU2
Warning[203]: Found opcode in column 1. (DECFSZ)
007D   0BA4           00177 DECFSZ SAYAC1,F
Warning[203]: Found opcode in column 1. (GOTO)
007E   2879           00178 GOTO DONGU1
Warning[203]: Found opcode in column 1. (RETURN)
007F   0008           00179 RETURN
                      00180 
0080                  00181 ALT
                      00182 
0080   151F           00183         BSF ADCON0,2
                      00184 
0081                  00185 CHECK1
0081   191F           00186         BTFSC ADCON0,2
0082   2881           00187         GOTO CHECK1
                      00188 
Warning[203]: Found opcode in column 1. (RETURN)
0083   0008           00189 RETURN
                      00190 
0084                  00191 ANA_PROGRAM
                      00192 
0084   01A1           00193         CLRF TEMP1
0085   01A2           00194         CLRF TEMP2
0086   01A3           00195         CLRF TEMP3
                      00196 
Warning[203]: Found opcode in column 1. (MOVLW)
0087   30FF           00197 MOVLW D'255'
Warning[203]: Found opcode in column 1. (MOVWF)
0088   00A0           00198 MOVWF REG
Warning[203]: Found opcode in column 1. (MOVLW)
0089   30FF           00199 MOVLW D'255'
Warning[203]: Found opcode in column 1. (MOVWF)
008A   00A6           00200 MOVWF SAYAC3
008B   1683           00201     bsf STATUS,5
008C   308E           00202     MOVLW H'8E'
Message[302]: Register in operand not in bank 0.  Ensure that bank bits are correct.
008D   009F           00203         MOVWF ADCON1
008E   1283           00204         bcf STATUS,5
008F   3081           00205         MOVLW H'81'
0090   009F           00206         MOVWF ADCON0
                      00207 
0091   30C0           00208         MOVLW B'11000000'               ;GIE, PEIE VE RBIE AKTÝF
0092   008B           00209         MOVWF INTCON
MPASM  5.37                         ODEV6.ASM   12-6-2011  8:29:46         PAGE  6


LOC  OBJECT CODE     LINE SOURCE TEXT
  VALUE

0093   300E           00210         MOVLW H'0E'                             ;DÝSPLAYLERÝ AKTÝF ET
0094   0085           00211         MOVWF PORTA
0095   0188           00212         CLRF PORTD                              ;ÝLK DEÐER 0000 YAPILDI
                      00213 
0096   1683           00214         BSF STATUS,5
0097   3001           00215         MOVLW H'01'
Message[302]: Register in operand not in bank 0.  Ensure that bank bits are correct.
0098   0085           00216         MOVWF TRISA                             ;DÝSPLAY ÝÇÝN PORTA YI ÇIKIÞ YAP
Message[302]: Register in operand not in bank 0.  Ensure that bank bits are correct.
0099   0188           00217         CLRF TRISD                              ;DÝSPLAY ÝÇÝN ÇIKIÞ YAP
Warning[203]: Found opcode in column 1. (CLRF)
Message[302]: Register in operand not in bank 0.  Ensure that bank bits are correct.
009A   0186           00218 CLRF TRISB
Message[302]: Register in operand not in bank 0.  Ensure that bank bits are correct.
009B   170C           00219         BSF PIE1,6
009C   1283           00220         BCF STATUS,5
009D   130C           00221         BCF PIR1,6
                      00222 
009E                  00223 DONGU
                      00224 
Warning[203]: Found opcode in column 1. (CALL)
009E   2080           00225 CALL ALT
                      00226 
Warning[203]: Found opcode in column 1. (CALL)
009F   2077           00227 CALL GECIKME
                      00228 
Warning[203]: Found opcode in column 1. (MOVLW)
00A0   3002           00229 MOVLW B'00000010'               
Warning[203]: Found opcode in column 1. (MOVWF)
00A1   0085           00230 MOVWF  PORTA
Warning[203]: Found opcode in column 1. (MOVF)
00A2   0823           00231 MOVF TEMP3,0
Warning[203]: Found opcode in column 1. (CALL)
00A3   206C           00232 CALL TABLE
                      00233 
Warning[203]: Found opcode in column 1. (MOVWF)
00A4   0088           00234 MOVWF PORTD
                      00235 
Warning[203]: Found opcode in column 1. (CALL)
00A5   2077           00236 CALL GECIKME
                      00237 
Warning[203]: Found opcode in column 1. (MOVLW)
00A6   3004           00238 MOVLW B'00000100'       
Warning[203]: Found opcode in column 1. (MOVWF)
00A7   0085           00239 MOVWF PORTA
Warning[203]: Found opcode in column 1. (MOVF)
00A8   0822           00240 MOVF TEMP2,0
Warning[203]: Found opcode in column 1. (CALL)
00A9   206C           00241 CALL TABLE
                      00242 
Warning[203]: Found opcode in column 1. (MOVWF)
00AA   0088           00243 MOVWF PORTD
                      00244 
MPASM  5.37                         ODEV6.ASM   12-6-2011  8:29:46         PAGE  7


LOC  OBJECT CODE     LINE SOURCE TEXT
  VALUE

Warning[203]: Found opcode in column 1. (CALL)
00AB   2077           00245 CALL GECIKME
                      00246 
Warning[203]: Found opcode in column 1. (MOVLW)
00AC   3008           00247 MOVLW B'00001000'               
Warning[203]: Found opcode in column 1. (MOVWF)
00AD   0085           00248 MOVWF PORTA
Warning[203]: Found opcode in column 1. (MOVF)
00AE   0821           00249 MOVF TEMP1,0
Warning[203]: Found opcode in column 1. (CALL)
00AF   206C           00250 CALL TABLE
                      00251 
Warning[203]: Found opcode in column 1. (MOVWF)
00B0   0088           00252 MOVWF PORTD
                      00253 
                      00254 
Warning[203]: Found opcode in column 1. (GOTO)
00B1   289E           00255 GOTO DONGU
                      00256 
Warning[205]: Found directive in column 1. (END)
                      00257 END
MPASM  5.37                         ODEV6.ASM   12-6-2011  8:29:46         PAGE  8


SYMBOL TABLE
  LABEL                             VALUE 

ACKDT                             00000005
ACKEN                             00000004
ACKSTAT                           00000006
ADCON0                            0000001F
ADCON1                            0000009F
ADCS0                             00000006
ADCS1                             00000007
ADCS2                             00000006
ADDEN                             00000003
ADFM                              00000007
ADIE                              00000006
ADIF                              00000006
ADON                              00000000
ADRESH                            0000001E
ADRESL                            0000009E
ALT                               00000080
ANA_PROGRAM                       00000084
BCLIE                             00000003
BCLIF                             00000003
BF                                00000000
BRGH                              00000002
C                                 00000000
C1INV                             00000004
C1OUT                             00000006
C2INV                             00000005
C2OUT                             00000007
CARP1                             0000003B
CARP2                             0000002E
CARP3                             00000024
CCP1CON                           00000017
CCP1IE                            00000002
CCP1IF                            00000002
CCP1M0                            00000000
CCP1M1                            00000001
CCP1M2                            00000002
CCP1M3                            00000003
CCP1X                             00000005
CCP1Y                             00000004
CCP2CON                           0000001D
CCP2IE                            00000000
CCP2IF                            00000000
CCP2M0                            00000000
CCP2M1                            00000001
CCP2M2                            00000002
CCP2M3                            00000003
CCP2X                             00000005
CCP2Y                             00000004
CCPR1H                            00000016
CCPR1L                            00000015
CCPR2H                            0000001C
CCPR2L                            0000001B
CHECK1                            00000081
CHS0                              00000003
MPASM  5.37                         ODEV6.ASM   12-6-2011  8:29:46         PAGE  9


SYMBOL TABLE
  LABEL                             VALUE 

CHS1                              00000004
CHS2                              00000005
CIS                               00000003
CKE                               00000006
CKP                               00000004
CM0                               00000000
CM1                               00000001
CM2                               00000002
CMCON                             0000009C
CMIE                              00000006
CMIF                              00000006
CREN                              00000004
CSRC                              00000007
CVR0                              00000000
CVR1                              00000001
CVR2                              00000002
CVR3                              00000003
CVRCON                            0000009D
CVREN                             00000007
CVROE                             00000006
CVRR                              00000005
D                                 00000005
DATA_ADDRESS                      00000005
DC                                00000001
DONGU                             0000009E
DONGU1                            00000079
DONGU2                            0000007B
D_A                               00000005
EEADR                             0000010D
EEADRH                            0000010F
EECON1                            0000018C
EECON2                            0000018D
EEDATA                            0000010C
EEDATH                            0000010E
EEIE                              00000004
EEIF                              00000004
EEPGD                             00000007
ELDE                              00000027
F                                 00000001
FERR                              00000002
FSR                               00000004
GCEN                              00000007
GECIKME                           00000077
GIE                               00000007
GO                                00000002
GO_DONE                           00000002
HESAP                             0000000F
HESAP2                            00000018
I2C_DATA                          00000005
I2C_READ                          00000002
I2C_START                         00000003
I2C_STOP                          00000004
IBF                               00000007
MPASM  5.37                         ODEV6.ASM   12-6-2011  8:29:46         PAGE 10


SYMBOL TABLE
  LABEL                             VALUE 

IBOV                              00000005
INDF                              00000000
INTCON                            0000000B
INTE                              00000004
INTEDG                            00000006
INTF                              00000001
IRP                               00000007
KESME                             00000004
KESME_BITIR                       0000000D
NOT_A                             00000005
NOT_ADDRESS                       00000005
NOT_BO                            00000000
NOT_BOR                           00000000
NOT_DONE                          00000002
NOT_PD                            00000003
NOT_POR                           00000001
NOT_RBPU                          00000007
NOT_RC8                           00000006
NOT_T1SYNC                        00000002
NOT_TO                            00000004
NOT_TX8                           00000006
NOT_W                             00000002
NOT_WRITE                         00000002
OBF                               00000006
OERR                              00000001
OPTION_REG                        00000081
P                                 00000004
PCFG0                             00000000
PCFG1                             00000001
PCFG2                             00000002
PCFG3                             00000003
PCL                               00000002
PCLATH                            0000000A
PCON                              0000008E
PEIE                              00000006
PEN                               00000002
PIE1                              0000008C
PIE2                              0000008D
PIR1                              0000000C
PIR2                              0000000D
PORTA                             00000005
PORTB                             00000006
PORTC                             00000007
PORTD                             00000008
PORTE                             00000009
PR2                               00000092
PS0                               00000000
PS1                               00000001
PS2                               00000002
PSA                               00000003
PSPIE                             00000007
PSPIF                             00000007
PSPMODE                           00000004
MPASM  5.37                         ODEV6.ASM   12-6-2011  8:29:46         PAGE 11


SYMBOL TABLE
  LABEL                             VALUE 

R                                 00000002
RBIE                              00000003
RBIF                              00000000
RC8_9                             00000006
RC9                               00000006
RCD8                              00000000
RCEN                              00000003
RCIE                              00000005
RCIF                              00000005
RCREG                             0000001A
RCSTA                             00000018
RD                                00000000
READ_WRITE                        00000002
REG                               00000020
RP0                               00000005
RP1                               00000006
RSEN                              00000001
RX9                               00000006
RX9D                              00000000
R_W                               00000002
S                                 00000003
SAYAC1                            00000024
SAYAC2                            00000025
SAYAC3                            00000026
SEN                               00000000
SMP                               00000007
SPBRG                             00000099
SPEN                              00000007
SREN                              00000005
SSPADD                            00000093
SSPBUF                            00000013
SSPCON                            00000014
SSPCON2                           00000091
SSPEN                             00000005
SSPIE                             00000003
SSPIF                             00000003
SSPM0                             00000000
SSPM1                             00000001
SSPM2                             00000002
SSPM3                             00000003
SSPOV                             00000006
SSPSTAT                           00000094
STATUS                            00000003
SYNC                              00000004
T0CS                              00000005
T0IE                              00000005
T0IF                              00000002
T0SE                              00000004
T1CKPS0                           00000004
T1CKPS1                           00000005
T1CON                             00000010
T1INSYNC                          00000002
T1OSCEN                           00000003
MPASM  5.37                         ODEV6.ASM   12-6-2011  8:29:46         PAGE 12


SYMBOL TABLE
  LABEL                             VALUE 

T1SYNC                            00000002
T2CKPS0                           00000000
T2CKPS1                           00000001
T2CON                             00000012
TABLE                             0000006C
TEMP1                             00000021
TEMP2                             00000022
TEMP3                             00000023
TMR0                              00000001
TMR0IE                            00000005
TMR0IF                            00000002
TMR1CS                            00000001
TMR1H                             0000000F
TMR1IE                            00000000
TMR1IF                            00000000
TMR1L                             0000000E
TMR1ON                            00000000
TMR2                              00000011
TMR2IE                            00000001
TMR2IF                            00000001
TMR2ON                            00000002
TOUTPS0                           00000003
TOUTPS1                           00000004
TOUTPS2                           00000005
TOUTPS3                           00000006
TRISA                             00000085
TRISB                             00000086
TRISC                             00000087
TRISD                             00000088
TRISE                             00000089
TRISE0                            00000000
TRISE1                            00000001
TRISE2                            00000002
TRMT                              00000001
TX8_9                             00000006
TX9                               00000006
TX9D                              00000000
TXD8                              00000000
TXEN                              00000005
TXIE                              00000004
TXIF                              00000004
TXREG                             00000019
TXSTA                             00000098
UA                                00000001
W                                 00000000
WCOL                              00000007
WR                                00000001
WREN                              00000002
WRERR                             00000003
Z                                 00000002
_BODEN_OFF                        00003FBF
_BODEN_ON                         00003FFF
_CPD_OFF                          00003FFF
MPASM  5.37                         ODEV6.ASM   12-6-2011  8:29:46         PAGE 13


SYMBOL TABLE
  LABEL                             VALUE 

_CPD_ON                           00003EFF
_CP_ALL                           00001FFF
_CP_OFF                           00003FFF
_DEBUG_OFF                        00003FFF
_DEBUG_ON                         000037FF
_HS_OSC                           00003FFE
_LP_OSC                           00003FFC
_LVP_OFF                          00003F7F
_LVP_ON                           00003FFF
_PWRTE_OFF                        00003FFF
_PWRTE_ON                         00003FF7
_RC_OSC                           00003FFF
_WDT_OFF                          00003FFB
_WDT_ON                           00003FFF
_WRT_1FOURTH                      00003BFF
_WRT_256                          00003DFF
_WRT_HALF                         000039FF
_WRT_OFF                          00003FFF
_XT_OSC                           00003FFD
__16F877A                         00000001
__DEBUG                           1
birinci                           00000049
dordebol                          00000067
dorduncu                          0000005F
ikinci                            0000004F
kisim1                            00000043
kisim2                            00000046
tempeat                           00000040
ucuncu                            00000057


MEMORY USAGE MAP ('X' = Used,  '-' = Unused)

0000 : X---XXXXXXXXXXXX XXXXXXXXXXXXXXXX XXXXXXXXXXXXXXXX XXXXXXXXXXXXXXXX
0040 : XXXXXXXXXXXXXXXX XXXXXXXXXXXXXXXX XXXXXXXXXXXXXXXX XXXXXXXXXXXXXXXX
0080 : XXXXXXXXXXXXXXXX XXXXXXXXXXXXXXXX XXXXXXXXXXXXXXXX XX--------------

All other memory blocks unused.

Program Memory Words Used:   175
Program Memory Words Free:  8017


Errors   :     0
Warnings :    62 reported,     0 suppressed
Messages :    17 reported,     0 suppressed

